2024-04-29 13:53:15 ERROR Elements not present after 0.5 seconds on page: https://capital.com/ro/instrumente-financiare-derivate
2024-04-29 13:53:15 ERROR 
Traceback (most recent call last):
  File "/home/runner/work/TestCapitalComPySe/TestCapitalComPySe/pages/base_page.py", line 86, in inner_function
    return func(*args, **kwargs)
           ^^^^^^^^^^^^^^^^^^^^^
  File "/home/runner/work/TestCapitalComPySe/TestCapitalComPySe/pages/base_page.py", line 305, in element_is_visible
    return Wait(self.driver, timeout).until(
           ^^^^^^^^^^^^^^^^^^^^^^^^^^^^^^^^^
  File "/home/runner/.cache/pypoetry/virtualenvs/testcapitalcompyse-CcJ6hTD8-py3.12/lib/python3.12/site-packages/selenium/webdriver/support/wait.py", line 105, in until
    raise TimeoutException(message, screen, stacktrace)
selenium.common.exceptions.TimeoutException: Message: 
Stacktrace:
#0 0x56441864ecb3 <unknown>
#1 0x56441833d4a7 <unknown>
#2 0x56441838831d <unknown>
#3 0x5644183883d1 <unknown>
#4 0x5644183cb734 <unknown>
#5 0x5644183aa43d <unknown>
#6 0x5644183c8be9 <unknown>
#7 0x5644183aa1b3 <unknown>
#8 0x56441837b24a <unknown>
#9 0x56441837bc1e <unknown>
#10 0x564418612fdb <unknown>
#11 0x564418616f2b <unknown>
#12 0x5644185ff0f1 <unknown>
#13 0x564418617a92 <unknown>
#14 0x5644185e3faf <unknown>
#15 0x56441863de08 <unknown>
#16 0x56441863dfe0 <unknown>
#17 0x56441864de04 <unknown>
#18 0x7f7abfa94ac3 <unknown>

2024-04-29 13:53:18 ERROR Elements not present after 0.5 seconds on page: https://capital.com/ro/instrumente-financiare-derivate
2024-04-29 13:53:18 ERROR 
Traceback (most recent call last):
  File "/home/runner/work/TestCapitalComPySe/TestCapitalComPySe/pages/base_page.py", line 86, in inner_function
    return func(*args, **kwargs)
           ^^^^^^^^^^^^^^^^^^^^^
  File "/home/runner/work/TestCapitalComPySe/TestCapitalComPySe/pages/base_page.py", line 305, in element_is_visible
    return Wait(self.driver, timeout).until(
           ^^^^^^^^^^^^^^^^^^^^^^^^^^^^^^^^^
  File "/home/runner/.cache/pypoetry/virtualenvs/testcapitalcompyse-CcJ6hTD8-py3.12/lib/python3.12/site-packages/selenium/webdriver/support/wait.py", line 105, in until
    raise TimeoutException(message, screen, stacktrace)
selenium.common.exceptions.TimeoutException: Message: 
Stacktrace:
#0 0x56441864ecb3 <unknown>
#1 0x56441833d4a7 <unknown>
#2 0x56441838831d <unknown>
#3 0x5644183883d1 <unknown>
#4 0x5644183cb734 <unknown>
#5 0x5644183aa43d <unknown>
#6 0x5644183c8be9 <unknown>
#7 0x5644183aa1b3 <unknown>
#8 0x56441837b24a <unknown>
#9 0x56441837bc1e <unknown>
#10 0x564418612fdb <unknown>
#11 0x564418616f2b <unknown>
#12 0x5644185ff0f1 <unknown>
#13 0x564418617a92 <unknown>
#14 0x5644185e3faf <unknown>
#15 0x56441863de08 <unknown>
#16 0x56441863dfe0 <unknown>
#17 0x56441864de04 <unknown>
#18 0x7f7abfa94ac3 <unknown>

2024-04-29 13:53:21 ERROR Elements not present after 0.5 seconds on page: https://capital.com/ro/instrumente-financiare-derivate
2024-04-29 13:53:21 ERROR 
Traceback (most recent call last):
  File "/home/runner/work/TestCapitalComPySe/TestCapitalComPySe/pages/base_page.py", line 86, in inner_function
    return func(*args, **kwargs)
           ^^^^^^^^^^^^^^^^^^^^^
  File "/home/runner/work/TestCapitalComPySe/TestCapitalComPySe/pages/base_page.py", line 305, in element_is_visible
    return Wait(self.driver, timeout).until(
           ^^^^^^^^^^^^^^^^^^^^^^^^^^^^^^^^^
  File "/home/runner/.cache/pypoetry/virtualenvs/testcapitalcompyse-CcJ6hTD8-py3.12/lib/python3.12/site-packages/selenium/webdriver/support/wait.py", line 105, in until
    raise TimeoutException(message, screen, stacktrace)
selenium.common.exceptions.TimeoutException: Message: 
Stacktrace:
#0 0x56441864ecb3 <unknown>
#1 0x56441833d4a7 <unknown>
#2 0x56441838831d <unknown>
#3 0x5644183883d1 <unknown>
#4 0x5644183cb734 <unknown>
#5 0x5644183aa43d <unknown>
#6 0x5644183c8be9 <unknown>
#7 0x5644183aa1b3 <unknown>
#8 0x56441837b24a <unknown>
#9 0x56441837bc1e <unknown>
#10 0x564418612fdb <unknown>
#11 0x564418616f2b <unknown>
#12 0x5644185ff0f1 <unknown>
#13 0x564418617a92 <unknown>
#14 0x5644185e3faf <unknown>
#15 0x56441863de08 <unknown>
#16 0x56441863dfe0 <unknown>
#17 0x56441864de04 <unknown>
#18 0x7f7abfa94ac3 <unknown>