2024-03-19 21:14:34 ERROR Elements not present after 0.5 seconds on page: https://capital.com/de/trade-etfs
2024-03-19 21:14:34 ERROR 
Traceback (most recent call last):
  File "/home/runner/work/TestCapitalComPySe/TestCapitalComPySe/pages/base_page.py", line 85, in inner_function
    return func(*args, **kwargs)
           ^^^^^^^^^^^^^^^^^^^^^
  File "/home/runner/work/TestCapitalComPySe/TestCapitalComPySe/pages/base_page.py", line 303, in element_is_visible
    return Wait(self.driver, timeout).until(
           ^^^^^^^^^^^^^^^^^^^^^^^^^^^^^^^^^
  File "/home/runner/.cache/pypoetry/virtualenvs/testcapitalcompyse-CcJ6hTD8-py3.12/lib/python3.12/site-packages/selenium/webdriver/support/wait.py", line 105, in until
    raise TimeoutException(message, screen, stacktrace)
selenium.common.exceptions.TimeoutException: Message: 
Stacktrace:
#0 0x556eb07a2f33 <unknown>
#1 0x556eb049ace6 <unknown>
#2 0x556eb04e5e48 <unknown>
#3 0x556eb04e5f01 <unknown>
#4 0x556eb05293f4 <unknown>
#5 0x556eb0507edd <unknown>
#6 0x556eb0526899 <unknown>
#7 0x556eb0507c53 <unknown>
#8 0x556eb04d8db3 <unknown>
#9 0x556eb04d977e <unknown>
#10 0x556eb076886b <unknown>
#11 0x556eb076c885 <unknown>
#12 0x556eb0756181 <unknown>
#13 0x556eb076d412 <unknown>
#14 0x556eb073a25f <unknown>
#15 0x556eb0791528 <unknown>
#16 0x556eb0791723 <unknown>
#17 0x556eb07a20e4 <unknown>
#18 0x755100294ac3 <unknown>