2024-08-07 02:56:11 ERROR Elements not present after 0.5 seconds on page: https://capital.com/corporate-account-au#
2024-08-07 02:56:11 ERROR 
Traceback (most recent call last):
  File "/home/runner/work/TestCapitalComPySe/TestCapitalComPySe/pages/base_page.py", line 86, in inner_function
    return func(*args, **kwargs)
           ^^^^^^^^^^^^^^^^^^^^^
  File "/home/runner/work/TestCapitalComPySe/TestCapitalComPySe/pages/base_page.py", line 305, in element_is_visible
    return Wait(self.driver, timeout).until(
           ^^^^^^^^^^^^^^^^^^^^^^^^^^^^^^^^^
  File "/home/runner/.cache/pypoetry/virtualenvs/testcapitalcompyse-CcJ6hTD8-py3.12/lib/python3.12/site-packages/selenium/webdriver/support/wait.py", line 105, in until
    raise TimeoutException(message, screen, stacktrace)
selenium.common.exceptions.TimeoutException: Message: 
Stacktrace:
#0 0x56535026e6aa <unknown>
#1 0x56534ff3f600 <unknown>
#2 0x56534ff8ebcb <unknown>
#3 0x56534ff8eeb1 <unknown>
#4 0x56534ffd2b24 <unknown>
#5 0x56534ffb18cd <unknown>
#6 0x56534ffd004a <unknown>
#7 0x56534ffb1643 <unknown>
#8 0x56534ff81d31 <unknown>
#9 0x56534ff8279e <unknown>
#10 0x56535023623b <unknown>
#11 0x56535023a1d2 <unknown>
#12 0x5653502235f5 <unknown>
#13 0x56535023ad62 <unknown>
#14 0x56535020823f <unknown>
#15 0x56535025de48 <unknown>
#16 0x56535025e020 <unknown>
#17 0x56535026d47c <unknown>
#18 0x7feb22494ac3 <unknown>