2024-02-01 15:38:24 ERROR Elements not present after 0.5 seconds on page: https://capital.com/es/trade-stocks
2024-02-01 15:38:24 ERROR 
Traceback (most recent call last):
  File "/home/runner/work/TestCapitalComPySe/TestCapitalComPySe/pages/base_page.py", line 82, in inner_function
    return func(*args, **kwargs)
           ^^^^^^^^^^^^^^^^^^^^^
  File "/home/runner/work/TestCapitalComPySe/TestCapitalComPySe/pages/base_page.py", line 299, in element_is_visible
    return Wait(self.driver, timeout).until(
           ^^^^^^^^^^^^^^^^^^^^^^^^^^^^^^^^^
  File "/home/runner/.cache/pypoetry/virtualenvs/testcapitalcompyse-CcJ6hTD8-py3.11/lib/python3.11/site-packages/selenium/webdriver/support/wait.py", line 105, in until
    raise TimeoutException(message, screen, stacktrace)
selenium.common.exceptions.TimeoutException: Message: 
Stacktrace:
#0 0x5620e9e9ad93 <unknown>
#1 0x5620e9b7e337 <unknown>
#2 0x5620e9bc9d60 <unknown>
#3 0x5620e9bc9e51 <unknown>
#4 0x5620e9c0dbc4 <unknown>
#5 0x5620e9bec46d <unknown>
#6 0x5620e9c0b12d <unknown>
#7 0x5620e9bec1e3 <unknown>
#8 0x5620e9bbc135 <unknown>
#9 0x5620e9bbd13e <unknown>
#10 0x5620e9e5ee4b <unknown>
#11 0x5620e9e62dfa <unknown>
#12 0x5620e9e4b6d5 <unknown>
#13 0x5620e9e63a6f <unknown>
#14 0x5620e9e2f69f <unknown>
#15 0x5620e9e88098 <unknown>
#16 0x5620e9e88262 <unknown>
#17 0x5620e9e99f34 <unknown>
#18 0x7f2897c94ac3 <unknown>