2024-02-14 02:34:13 ERROR Elements not present after 0.5 seconds on page: https://capital.com/ru/cfd-treiding-na-primerax
2024-02-14 02:34:13 ERROR 
Traceback (most recent call last):
  File "/home/runner/work/TestCapitalComPySe/TestCapitalComPySe/pages/base_page.py", line 84, in inner_function
    return func(*args, **kwargs)
           ^^^^^^^^^^^^^^^^^^^^^
  File "/home/runner/work/TestCapitalComPySe/TestCapitalComPySe/pages/base_page.py", line 301, in element_is_visible
    return Wait(self.driver, timeout).until(
           ^^^^^^^^^^^^^^^^^^^^^^^^^^^^^^^^^
  File "/home/runner/.cache/pypoetry/virtualenvs/testcapitalcompyse-CcJ6hTD8-py3.12/lib/python3.12/site-packages/selenium/webdriver/support/wait.py", line 105, in until
    raise TimeoutException(message, screen, stacktrace)
selenium.common.exceptions.TimeoutException: Message: 
Stacktrace:
#0 0x561fcd518d93 <unknown>
#1 0x561fcd1fc337 <unknown>
#2 0x561fcd247d60 <unknown>
#3 0x561fcd247e51 <unknown>
#4 0x561fcd28bbc4 <unknown>
#5 0x561fcd26a46d <unknown>
#6 0x561fcd28912d <unknown>
#7 0x561fcd26a1e3 <unknown>
#8 0x561fcd23a135 <unknown>
#9 0x561fcd23b13e <unknown>
#10 0x561fcd4dce4b <unknown>
#11 0x561fcd4e0dfa <unknown>
#12 0x561fcd4c96d5 <unknown>
#13 0x561fcd4e1a6f <unknown>
#14 0x561fcd4ad69f <unknown>
#15 0x561fcd506098 <unknown>
#16 0x561fcd506262 <unknown>
#17 0x561fcd517f34 <unknown>
#18 0x7f5b74c94ac3 <unknown>