{"uid":"db6fa6dcfdc99b4b","name":"TC_55!678 (Lang: ar) | Bid:55!678-ar.ae.NoAuth","fullName":"tests.US_55_ReTestsManual.artemdashkov.US_55-artemdashkov_ReTestsManual_test.TestManualDetected#test_678_link_goldman_sachs_in_the_bitcoin_price_predictions_page","historyId":"bc9a56f75c4fe14584a0a3d373148622","time":{"start":1742338763838,"stop":1742338769731,"duration":5893},"description":"\n        Check:  Navigate to the Menu section [Markets] >\n                Click the Menu item [Market analysis] >\n                Find article [Bitcoin price predictions 2025–2050: third-party price target] >\n                Scroll to the link [Goldman Sachs] >\n                Click link [Goldman Sachs] >\n        Language: AR\n        License/Country: SCA\n        Role: NoReg, NoAuth, Auth\n        Author: Artem Dashkov\n        ","descriptionHtml":"<pre><code>    Check:  Navigate to the Menu section [Markets] &gt;\n            Click the Menu item [Market analysis] &gt;\n            Find article [Bitcoin price predictions 2025–2050: third-party price target] &gt;\n            Scroll to the link [Goldman Sachs] &gt;\n            Click link [Goldman Sachs] &gt;\n    Language: AR\n    License/Country: SCA\n    Role: NoReg, NoAuth, Auth\n    Author: Artem Dashkov\n</code></pre>\n","status":"failed","statusMessage":"Failed: Bug! 'Login' button is not clicked","statusTrace":"self = <pages.conditions_v2.NewConditions object at 0x7f2d258791f0>\nd = <selenium.webdriver.chrome.webdriver.WebDriver (session=\"9bc52ad6d73efb2b2b35fe2b63a29c17\")>\nlink = 'https://capital.com/en-gb', login = 'test001.miketar+1@gmail.com'\npassword = 'Qwer1234-!@#$', cur_role = 'NoAuth'\n\n    @allure.step(f\"{datetime.now()}   Start Authorization\")\n    # @profile(precision=3)\n    def to_do_authorisation_new(self, d, link, login, password, cur_role):\n        \"\"\"Authorization\"\"\"\n        print(f\"\\n\" f\"{datetime.now()}   Start Authorization\")\n    \n        # Setup wait for later\n        menu = MainMenu(d, link)\n        assert login != \"\", \"Авторизация невозможна. Не указан e-mail\"\n        assert password != \"\", \"Авторизация невозможна. Не указан пароль\"\n    \n        # нажать в хедере на кнопку \"Log in\"\n        try:\n>           menu.element_is_clickable(menu.MENU_LOGIN).click()\n\npages/conditions_v2.py:237: \n_ _ _ _ _ _ _ _ _ _ _ _ _ _ _ _ _ _ _ _ _ _ _ _ _ _ _ _ _ _ _ _ _ _ _ _ _ _ _ _ \n../../../.cache/pypoetry/virtualenvs/testcapitalcompyse-CcJ6hTD8-py3.12/lib/python3.12/site-packages/selenium/webdriver/remote/webelement.py:94: in click\n    self._execute(Command.CLICK_ELEMENT)\n../../../.cache/pypoetry/virtualenvs/testcapitalcompyse-CcJ6hTD8-py3.12/lib/python3.12/site-packages/selenium/webdriver/remote/webelement.py:395: in _execute\n    return self._parent.execute(command, params)\n../../../.cache/pypoetry/virtualenvs/testcapitalcompyse-CcJ6hTD8-py3.12/lib/python3.12/site-packages/selenium/webdriver/remote/webdriver.py:380: in execute\n    self.error_handler.check_response(response)\n_ _ _ _ _ _ _ _ _ _ _ _ _ _ _ _ _ _ _ _ _ _ _ _ _ _ _ _ _ _ _ _ _ _ _ _ _ _ _ _ \n\nself = <selenium.webdriver.remote.errorhandler.ErrorHandler object at 0x7f2d25c59b50>\nresponse = {'status': 400, 'value': '{\"value\":{\"error\":\"element click intercepted\",\"message\":\"element click intercepted: Element ...\\\\n#21 0x55f8f1d4b896 \\\\u003Cunknown>\\\\n#22 0x7fc7dd49caa4 \\\\u003Cunknown>\\\\n#23 0x7fc7dd529c3c \\\\u003Cunknown>\\\\n\"}}'}\n\n    def check_response(self, response: Dict[str, Any]) -> None:\n        \"\"\"Checks that a JSON response from the WebDriver does not have an\n        error.\n    \n        :Args:\n         - response - The JSON response from the WebDriver server as a dictionary\n           object.\n    \n        :Raises: If the response contains an error message.\n        \"\"\"\n        status = response.get(\"status\", None)\n        if not status or status == ErrorCode.SUCCESS:\n            return\n        value = None\n        message = response.get(\"message\", \"\")\n        screen: str = response.get(\"screen\", \"\")\n        stacktrace = None\n        if isinstance(status, int):\n            value_json = response.get(\"value\", None)\n            if value_json and isinstance(value_json, str):\n                import json\n    \n                try:\n                    value = json.loads(value_json)\n                    if len(value) == 1:\n                        value = value[\"value\"]\n                    status = value.get(\"error\", None)\n                    if not status:\n                        status = value.get(\"status\", ErrorCode.UNKNOWN_ERROR)\n                        message = value.get(\"value\") or value.get(\"message\")\n                        if not isinstance(message, str):\n                            value = message\n                            message = message.get(\"message\")\n                    else:\n                        message = value.get(\"message\", None)\n                except ValueError:\n                    pass\n    \n        exception_class: Type[WebDriverException]\n        e = ErrorCode()\n        error_codes = [item for item in dir(e) if not item.startswith(\"__\")]\n        for error_code in error_codes:\n            error_info = getattr(ErrorCode, error_code)\n            if isinstance(error_info, list) and status in error_info:\n                exception_class = getattr(ExceptionMapping, error_code, WebDriverException)\n                break\n        else:\n            exception_class = WebDriverException\n    \n        if not value:\n            value = response[\"value\"]\n        if isinstance(value, str):\n            raise exception_class(value)\n        if message == \"\" and \"message\" in value:\n            message = value[\"message\"]\n    \n        screen = None  # type: ignore[assignment]\n        if \"screen\" in value:\n            screen = value[\"screen\"]\n    \n        stacktrace = None\n        st_value = value.get(\"stackTrace\") or value.get(\"stacktrace\")\n        if st_value:\n            if isinstance(st_value, str):\n                stacktrace = st_value.split(\"\\n\")\n            else:\n                stacktrace = []\n                try:\n                    for frame in st_value:\n                        line = frame.get(\"lineNumber\", \"\")\n                        file = frame.get(\"fileName\", \"<anonymous>\")\n                        if line:\n                            file = f\"{file}:{line}\"\n                        meth = frame.get(\"methodName\", \"<anonymous>\")\n                        if \"className\" in frame:\n                            meth = f\"{frame['className']}.{meth}\"\n                        msg = \"    at %s (%s)\"\n                        msg = msg % (meth, file)\n                        stacktrace.append(msg)\n                except TypeError:\n                    pass\n        if exception_class == UnexpectedAlertPresentException:\n            alert_text = None\n            if \"data\" in value:\n                alert_text = value[\"data\"].get(\"text\")\n            elif \"alert\" in value:\n                alert_text = value[\"alert\"].get(\"text\")\n            raise exception_class(message, screen, stacktrace, alert_text)  # type: ignore[call-arg]  # mypy is not smart enough here\n>       raise exception_class(message, screen, stacktrace)\nE       selenium.common.exceptions.ElementClickInterceptedException: Message: element click intercepted: Element <button class=\"accountBtns_btn__vOcCs accountBtns_btnEmpty__TCWRE helpers_showLg__UPEqH js-analyticsClick js-analyticsVisible\" data-type=\"btn_header_login\" data-testid=\"login_btn\">...</button> is not clickable at point (1385, 121). Other element would receive the click: <div class=\"modal_overlay__f_YlZ modal_mobileBottomAttached__cTOIu\">...</div>\nE         (Session info: chrome=134.0.6998.35)\nE       Stacktrace:\nE       #0 0x55f8f1d4ca1a <unknown>\nE       #1 0x55f8f1804390 <unknown>\nE       #2 0x55f8f185cafc <unknown>\nE       #3 0x55f8f185a95c <unknown>\nE       #4 0x55f8f1857ff2 <unknown>\nE       #5 0x55f8f18576f0 <unknown>\nE       #6 0x55f8f1849e0d <unknown>\nE       #7 0x55f8f187bbd2 <unknown>\nE       #8 0x55f8f184978a <unknown>\nE       #9 0x55f8f187bd9e <unknown>\nE       #10 0x55f8f18a207b <unknown>\nE       #11 0x55f8f187b9a3 <unknown>\nE       #12 0x55f8f184760e <unknown>\nE       #13 0x55f8f1848dd1 <unknown>\nE       #14 0x55f8f1d12ddb <unknown>\nE       #15 0x55f8f1d16cbc <unknown>\nE       #16 0x55f8f1cfa392 <unknown>\nE       #17 0x55f8f1d17834 <unknown>\nE       #18 0x55f8f1cde1ef <unknown>\nE       #19 0x55f8f1d3b038 <unknown>\nE       #20 0x55f8f1d3b216 <unknown>\nE       #21 0x55f8f1d4b896 <unknown>\nE       #22 0x7fc7dd49caa4 <unknown>\nE       #23 0x7fc7dd529c3c <unknown>\n\n../../../.cache/pypoetry/virtualenvs/testcapitalcompyse-CcJ6hTD8-py3.12/lib/python3.12/site-packages/selenium/webdriver/remote/errorhandler.py:229: ElementClickInterceptedException\n\nDuring handling of the above exception, another exception occurred:\n\nself = <US_55-artemdashkov_ReTestsManual_test.TestManualDetected object at 0x7f2d25989520>\nworker_id = 'master'\nd = <selenium.webdriver.chrome.webdriver.WebDriver (session=\"9bc52ad6d73efb2b2b35fe2b63a29c17\")>\ncur_language = 'ar', cur_country = 'ae', cur_role = 'NoAuth'\ncur_login = 'test001.miketar+1@gmail.com', cur_password = 'Qwer1234-!@#$'\n\n    @allure.step(\"Start test of the link [Goldman Sachs] in the 'Bitcoin price predictions' article\")\n    @pytest.mark.parametrize('cur_language', [\"ar\"])\n    @pytest.mark.parametrize('cur_country', [\"ae\"])\n    @pytest.mark.parametrize('cur_role', [\"NoReg\", \"Auth\", \"NoAuth\"])\n    @pytest.mark.bug_678\n    def test_678_link_goldman_sachs_in_the_bitcoin_price_predictions_page(\n            self, worker_id, d, cur_language, cur_country, cur_role, cur_login, cur_password):\n        \"\"\"\n        Check:  Navigate to the Menu section [Markets] >\n                Click the Menu item [Market analysis] >\n                Find article [Bitcoin price predictions 2025–2050: third-party price target] >\n                Scroll to the link [Goldman Sachs] >\n                Click link [Goldman Sachs] >\n        Language: AR\n        License/Country: SCA\n        Role: NoReg, NoAuth, Auth\n        Author: Artem Dashkov\n        \"\"\"\n    \n        bid = build_dynamic_arg_for_us_55(\n            d, worker_id, cur_language, cur_country, cur_role,\n            \"55\", \"ReTests of Manual Detected Bugs\",\n            \"678\",\n            \"Navigate to the Menu section [Markets] \"\n            \"Click the Menu item [Market analysis] \"\n            \"Find article [Bitcoin price predictions 2025–2050: third-party price target] \"\n            \"Scroll to the link [Goldman Sachs] \"\n            \"Click link [Goldman Sachs]\",\n            False, True\n        )\n        # pytest.skip(\"Intermediate version\")\n        # Arrange\n>       cur_item_link = apply_preconditions_to_link(d, cur_language, cur_country, cur_role, cur_login, cur_password)\n\ntests/US_55_ReTestsManual/artemdashkov/US_55-artemdashkov_ReTestsManual_test.py:2128: \n_ _ _ _ _ _ _ _ _ _ _ _ _ _ _ _ _ _ _ _ _ _ _ _ _ _ _ _ _ _ _ _ _ _ _ _ _ _ _ _ \npages/conditions_v2.py:78: in apply_preconditions_to_link\n    return cond.preconditions(d, CapitalComPageSrc.URL_NEW, '', cur_language, cur_country, cur_role,\npages/conditions_v2.py:154: in preconditions\n    self.to_do_authorisation_new(d, host, cur_login, cur_password, cur_role)\n_ _ _ _ _ _ _ _ _ _ _ _ _ _ _ _ _ _ _ _ _ _ _ _ _ _ _ _ _ _ _ _ _ _ _ _ _ _ _ _ \n\nself = <pages.conditions_v2.NewConditions object at 0x7f2d258791f0>\nd = <selenium.webdriver.chrome.webdriver.WebDriver (session=\"9bc52ad6d73efb2b2b35fe2b63a29c17\")>\nlink = 'https://capital.com/en-gb', login = 'test001.miketar+1@gmail.com'\npassword = 'Qwer1234-!@#$', cur_role = 'NoAuth'\n\n    @allure.step(f\"{datetime.now()}   Start Authorization\")\n    # @profile(precision=3)\n    def to_do_authorisation_new(self, d, link, login, password, cur_role):\n        \"\"\"Authorization\"\"\"\n        print(f\"\\n\" f\"{datetime.now()}   Start Authorization\")\n    \n        # Setup wait for later\n        menu = MainMenu(d, link)\n        assert login != \"\", \"Авторизация невозможна. Не указан e-mail\"\n        assert password != \"\", \"Авторизация невозможна. Не указан пароль\"\n    \n        # нажать в хедере на кнопку \"Log in\"\n        try:\n            menu.element_is_clickable(menu.MENU_LOGIN).click()\n        except:\n>           pytest.fail(\"Bug! 'Login' button is not clicked\")\nE           Failed: Bug! 'Login' button is not clicked\n\npages/conditions_v2.py:239: Failed","flaky":false,"newFailed":false,"newBroken":false,"newPassed":false,"retriesCount":0,"retriesStatusChange":false,"beforeStages":[{"name":"d","time":{"start":1742337205095,"stop":1742337205843,"duration":748},"status":"passed","steps":[],"attachments":[],"parameters":[],"shouldDisplayMessage":false,"stepsCount":0,"attachmentsCount":0,"hasContent":false,"attachmentStep":false},{"name":"worker_id","time":{"start":1742337205843,"stop":1742337205843,"duration":0},"status":"passed","steps":[],"attachments":[],"parameters":[],"shouldDisplayMessage":false,"stepsCount":0,"attachmentsCount":0,"hasContent":false,"attachmentStep":false},{"name":"cur_login","time":{"start":1742337205843,"stop":1742337205843,"duration":0},"status":"passed","steps":[],"attachments":[],"parameters":[],"shouldDisplayMessage":false,"stepsCount":0,"attachmentsCount":0,"hasContent":false,"attachmentStep":false},{"name":"cur_password","time":{"start":1742337205844,"stop":1742337205844,"duration":0},"status":"passed","steps":[],"attachments":[],"parameters":[],"shouldDisplayMessage":false,"stepsCount":0,"attachmentsCount":0,"hasContent":false,"attachmentStep":false}],"testStage":{"description":"\n        Check:  Navigate to the Menu section [Markets] >\n                Click the Menu item [Market analysis] >\n                Find article [Bitcoin price predictions 2025–2050: third-party price target] >\n                Scroll to the link [Goldman Sachs] >\n                Click link [Goldman Sachs] >\n        Language: AR\n        License/Country: SCA\n        Role: NoReg, NoAuth, Auth\n        Author: Artem Dashkov\n        ","status":"failed","statusMessage":"Failed: Bug! 'Login' button is not clicked","statusTrace":"self = <pages.conditions_v2.NewConditions object at 0x7f2d258791f0>\nd = <selenium.webdriver.chrome.webdriver.WebDriver (session=\"9bc52ad6d73efb2b2b35fe2b63a29c17\")>\nlink = 'https://capital.com/en-gb', login = 'test001.miketar+1@gmail.com'\npassword = 'Qwer1234-!@#$', cur_role = 'NoAuth'\n\n    @allure.step(f\"{datetime.now()}   Start Authorization\")\n    # @profile(precision=3)\n    def to_do_authorisation_new(self, d, link, login, password, cur_role):\n        \"\"\"Authorization\"\"\"\n        print(f\"\\n\" f\"{datetime.now()}   Start Authorization\")\n    \n        # Setup wait for later\n        menu = MainMenu(d, link)\n        assert login != \"\", \"Авторизация невозможна. Не указан e-mail\"\n        assert password != \"\", \"Авторизация невозможна. Не указан пароль\"\n    \n        # нажать в хедере на кнопку \"Log in\"\n        try:\n>           menu.element_is_clickable(menu.MENU_LOGIN).click()\n\npages/conditions_v2.py:237: \n_ _ _ _ _ _ _ _ _ _ _ _ _ _ _ _ _ _ _ _ _ _ _ _ _ _ _ _ _ _ _ _ _ _ _ _ _ _ _ _ \n../../../.cache/pypoetry/virtualenvs/testcapitalcompyse-CcJ6hTD8-py3.12/lib/python3.12/site-packages/selenium/webdriver/remote/webelement.py:94: in click\n    self._execute(Command.CLICK_ELEMENT)\n../../../.cache/pypoetry/virtualenvs/testcapitalcompyse-CcJ6hTD8-py3.12/lib/python3.12/site-packages/selenium/webdriver/remote/webelement.py:395: in _execute\n    return self._parent.execute(command, params)\n../../../.cache/pypoetry/virtualenvs/testcapitalcompyse-CcJ6hTD8-py3.12/lib/python3.12/site-packages/selenium/webdriver/remote/webdriver.py:380: in execute\n    self.error_handler.check_response(response)\n_ _ _ _ _ _ _ _ _ _ _ _ _ _ _ _ _ _ _ _ _ _ _ _ _ _ _ _ _ _ _ _ _ _ _ _ _ _ _ _ \n\nself = <selenium.webdriver.remote.errorhandler.ErrorHandler object at 0x7f2d25c59b50>\nresponse = {'status': 400, 'value': '{\"value\":{\"error\":\"element click intercepted\",\"message\":\"element click intercepted: Element ...\\\\n#21 0x55f8f1d4b896 \\\\u003Cunknown>\\\\n#22 0x7fc7dd49caa4 \\\\u003Cunknown>\\\\n#23 0x7fc7dd529c3c \\\\u003Cunknown>\\\\n\"}}'}\n\n    def check_response(self, response: Dict[str, Any]) -> None:\n        \"\"\"Checks that a JSON response from the WebDriver does not have an\n        error.\n    \n        :Args:\n         - response - The JSON response from the WebDriver server as a dictionary\n           object.\n    \n        :Raises: If the response contains an error message.\n        \"\"\"\n        status = response.get(\"status\", None)\n        if not status or status == ErrorCode.SUCCESS:\n            return\n        value = None\n        message = response.get(\"message\", \"\")\n        screen: str = response.get(\"screen\", \"\")\n        stacktrace = None\n        if isinstance(status, int):\n            value_json = response.get(\"value\", None)\n            if value_json and isinstance(value_json, str):\n                import json\n    \n                try:\n                    value = json.loads(value_json)\n                    if len(value) == 1:\n                        value = value[\"value\"]\n                    status = value.get(\"error\", None)\n                    if not status:\n                        status = value.get(\"status\", ErrorCode.UNKNOWN_ERROR)\n                        message = value.get(\"value\") or value.get(\"message\")\n                        if not isinstance(message, str):\n                            value = message\n                            message = message.get(\"message\")\n                    else:\n                        message = value.get(\"message\", None)\n                except ValueError:\n                    pass\n    \n        exception_class: Type[WebDriverException]\n        e = ErrorCode()\n        error_codes = [item for item in dir(e) if not item.startswith(\"__\")]\n        for error_code in error_codes:\n            error_info = getattr(ErrorCode, error_code)\n            if isinstance(error_info, list) and status in error_info:\n                exception_class = getattr(ExceptionMapping, error_code, WebDriverException)\n                break\n        else:\n            exception_class = WebDriverException\n    \n        if not value:\n            value = response[\"value\"]\n        if isinstance(value, str):\n            raise exception_class(value)\n        if message == \"\" and \"message\" in value:\n            message = value[\"message\"]\n    \n        screen = None  # type: ignore[assignment]\n        if \"screen\" in value:\n            screen = value[\"screen\"]\n    \n        stacktrace = None\n        st_value = value.get(\"stackTrace\") or value.get(\"stacktrace\")\n        if st_value:\n            if isinstance(st_value, str):\n                stacktrace = st_value.split(\"\\n\")\n            else:\n                stacktrace = []\n                try:\n                    for frame in st_value:\n                        line = frame.get(\"lineNumber\", \"\")\n                        file = frame.get(\"fileName\", \"<anonymous>\")\n                        if line:\n                            file = f\"{file}:{line}\"\n                        meth = frame.get(\"methodName\", \"<anonymous>\")\n                        if \"className\" in frame:\n                            meth = f\"{frame['className']}.{meth}\"\n                        msg = \"    at %s (%s)\"\n                        msg = msg % (meth, file)\n                        stacktrace.append(msg)\n                except TypeError:\n                    pass\n        if exception_class == UnexpectedAlertPresentException:\n            alert_text = None\n            if \"data\" in value:\n                alert_text = value[\"data\"].get(\"text\")\n            elif \"alert\" in value:\n                alert_text = value[\"alert\"].get(\"text\")\n            raise exception_class(message, screen, stacktrace, alert_text)  # type: ignore[call-arg]  # mypy is not smart enough here\n>       raise exception_class(message, screen, stacktrace)\nE       selenium.common.exceptions.ElementClickInterceptedException: Message: element click intercepted: Element <button class=\"accountBtns_btn__vOcCs accountBtns_btnEmpty__TCWRE helpers_showLg__UPEqH js-analyticsClick js-analyticsVisible\" data-type=\"btn_header_login\" data-testid=\"login_btn\">...</button> is not clickable at point (1385, 121). Other element would receive the click: <div class=\"modal_overlay__f_YlZ modal_mobileBottomAttached__cTOIu\">...</div>\nE         (Session info: chrome=134.0.6998.35)\nE       Stacktrace:\nE       #0 0x55f8f1d4ca1a <unknown>\nE       #1 0x55f8f1804390 <unknown>\nE       #2 0x55f8f185cafc <unknown>\nE       #3 0x55f8f185a95c <unknown>\nE       #4 0x55f8f1857ff2 <unknown>\nE       #5 0x55f8f18576f0 <unknown>\nE       #6 0x55f8f1849e0d <unknown>\nE       #7 0x55f8f187bbd2 <unknown>\nE       #8 0x55f8f184978a <unknown>\nE       #9 0x55f8f187bd9e <unknown>\nE       #10 0x55f8f18a207b <unknown>\nE       #11 0x55f8f187b9a3 <unknown>\nE       #12 0x55f8f184760e <unknown>\nE       #13 0x55f8f1848dd1 <unknown>\nE       #14 0x55f8f1d12ddb <unknown>\nE       #15 0x55f8f1d16cbc <unknown>\nE       #16 0x55f8f1cfa392 <unknown>\nE       #17 0x55f8f1d17834 <unknown>\nE       #18 0x55f8f1cde1ef <unknown>\nE       #19 0x55f8f1d3b038 <unknown>\nE       #20 0x55f8f1d3b216 <unknown>\nE       #21 0x55f8f1d4b896 <unknown>\nE       #22 0x7fc7dd49caa4 <unknown>\nE       #23 0x7fc7dd529c3c <unknown>\n\n../../../.cache/pypoetry/virtualenvs/testcapitalcompyse-CcJ6hTD8-py3.12/lib/python3.12/site-packages/selenium/webdriver/remote/errorhandler.py:229: ElementClickInterceptedException\n\nDuring handling of the above exception, another exception occurred:\n\nself = <US_55-artemdashkov_ReTestsManual_test.TestManualDetected object at 0x7f2d25989520>\nworker_id = 'master'\nd = <selenium.webdriver.chrome.webdriver.WebDriver (session=\"9bc52ad6d73efb2b2b35fe2b63a29c17\")>\ncur_language = 'ar', cur_country = 'ae', cur_role = 'NoAuth'\ncur_login = 'test001.miketar+1@gmail.com', cur_password = 'Qwer1234-!@#$'\n\n    @allure.step(\"Start test of the link [Goldman Sachs] in the 'Bitcoin price predictions' article\")\n    @pytest.mark.parametrize('cur_language', [\"ar\"])\n    @pytest.mark.parametrize('cur_country', [\"ae\"])\n    @pytest.mark.parametrize('cur_role', [\"NoReg\", \"Auth\", \"NoAuth\"])\n    @pytest.mark.bug_678\n    def test_678_link_goldman_sachs_in_the_bitcoin_price_predictions_page(\n            self, worker_id, d, cur_language, cur_country, cur_role, cur_login, cur_password):\n        \"\"\"\n        Check:  Navigate to the Menu section [Markets] >\n                Click the Menu item [Market analysis] >\n                Find article [Bitcoin price predictions 2025–2050: third-party price target] >\n                Scroll to the link [Goldman Sachs] >\n                Click link [Goldman Sachs] >\n        Language: AR\n        License/Country: SCA\n        Role: NoReg, NoAuth, Auth\n        Author: Artem Dashkov\n        \"\"\"\n    \n        bid = build_dynamic_arg_for_us_55(\n            d, worker_id, cur_language, cur_country, cur_role,\n            \"55\", \"ReTests of Manual Detected Bugs\",\n            \"678\",\n            \"Navigate to the Menu section [Markets] \"\n            \"Click the Menu item [Market analysis] \"\n            \"Find article [Bitcoin price predictions 2025–2050: third-party price target] \"\n            \"Scroll to the link [Goldman Sachs] \"\n            \"Click link [Goldman Sachs]\",\n            False, True\n        )\n        # pytest.skip(\"Intermediate version\")\n        # Arrange\n>       cur_item_link = apply_preconditions_to_link(d, cur_language, cur_country, cur_role, cur_login, cur_password)\n\ntests/US_55_ReTestsManual/artemdashkov/US_55-artemdashkov_ReTestsManual_test.py:2128: \n_ _ _ _ _ _ _ _ _ _ _ _ _ _ _ _ _ _ _ _ _ _ _ _ _ _ _ _ _ _ _ _ _ _ _ _ _ _ _ _ \npages/conditions_v2.py:78: in apply_preconditions_to_link\n    return cond.preconditions(d, CapitalComPageSrc.URL_NEW, '', cur_language, cur_country, cur_role,\npages/conditions_v2.py:154: in preconditions\n    self.to_do_authorisation_new(d, host, cur_login, cur_password, cur_role)\n_ _ _ _ _ _ _ _ _ _ _ _ _ _ _ _ _ _ _ _ _ _ _ _ _ _ _ _ _ _ _ _ _ _ _ _ _ _ _ _ \n\nself = <pages.conditions_v2.NewConditions object at 0x7f2d258791f0>\nd = <selenium.webdriver.chrome.webdriver.WebDriver (session=\"9bc52ad6d73efb2b2b35fe2b63a29c17\")>\nlink = 'https://capital.com/en-gb', login = 'test001.miketar+1@gmail.com'\npassword = 'Qwer1234-!@#$', cur_role = 'NoAuth'\n\n    @allure.step(f\"{datetime.now()}   Start Authorization\")\n    # @profile(precision=3)\n    def to_do_authorisation_new(self, d, link, login, password, cur_role):\n        \"\"\"Authorization\"\"\"\n        print(f\"\\n\" f\"{datetime.now()}   Start Authorization\")\n    \n        # Setup wait for later\n        menu = MainMenu(d, link)\n        assert login != \"\", \"Авторизация невозможна. Не указан e-mail\"\n        assert password != \"\", \"Авторизация невозможна. Не указан пароль\"\n    \n        # нажать в хедере на кнопку \"Log in\"\n        try:\n            menu.element_is_clickable(menu.MENU_LOGIN).click()\n        except:\n>           pytest.fail(\"Bug! 'Login' button is not clicked\")\nE           Failed: Bug! 'Login' button is not clicked\n\npages/conditions_v2.py:239: Failed","steps":[{"name":"Start test of the link [Goldman Sachs] in the 'Bitcoin price predictions' article","time":{"start":1742338763838,"stop":1742338769730,"duration":5892},"status":"failed","statusMessage":"Failed: Bug! 'Login' button is not clicked\n","statusTrace":"  File \"/home/runner/.cache/pypoetry/virtualenvs/testcapitalcompyse-CcJ6hTD8-py3.12/lib/python3.12/site-packages/allure_commons/_allure.py\", line 192, in impl\n    return func(*a, **kw)\n           ^^^^^^^^^^^^^^\n  File \"/home/runner/work/TestCapitalComPySe/TestCapitalComPySe/tests/US_55_ReTestsManual/artemdashkov/US_55-artemdashkov_ReTestsManual_test.py\", line 2128, in test_678_link_goldman_sachs_in_the_bitcoin_price_predictions_page\n    cur_item_link = apply_preconditions_to_link(d, cur_language, cur_country, cur_role, cur_login, cur_password)\n                    ^^^^^^^^^^^^^^^^^^^^^^^^^^^^^^^^^^^^^^^^^^^^^^^^^^^^^^^^^^^^^^^^^^^^^^^^^^^^^^^^^^^^^^^^^^^^\n  File \"/home/runner/work/TestCapitalComPySe/TestCapitalComPySe/pages/conditions_v2.py\", line 78, in apply_preconditions_to_link\n    return cond.preconditions(d, CapitalComPageSrc.URL_NEW, '', cur_language, cur_country, cur_role,\n           ^^^^^^^^^^^^^^^^^^^^^^^^^^^^^^^^^^^^^^^^^^^^^^^^^^^^^^^^^^^^^^^^^^^^^^^^^^^^^^^^^^^^^^^^^\n  File \"/home/runner/.cache/pypoetry/virtualenvs/testcapitalcompyse-CcJ6hTD8-py3.12/lib/python3.12/site-packages/allure_commons/_allure.py\", line 192, in impl\n    return func(*a, **kw)\n           ^^^^^^^^^^^^^^\n  File \"/home/runner/work/TestCapitalComPySe/TestCapitalComPySe/pages/conditions_v2.py\", line 154, in preconditions\n    self.to_do_authorisation_new(d, host, cur_login, cur_password, cur_role)\n  File \"/home/runner/.cache/pypoetry/virtualenvs/testcapitalcompyse-CcJ6hTD8-py3.12/lib/python3.12/site-packages/allure_commons/_allure.py\", line 192, in impl\n    return func(*a, **kw)\n           ^^^^^^^^^^^^^^\n  File \"/home/runner/work/TestCapitalComPySe/TestCapitalComPySe/pages/conditions_v2.py\", line 239, in to_do_authorisation_new\n    pytest.fail(\"Bug! 'Login' button is not clicked\")\n  File \"/home/runner/.cache/pypoetry/virtualenvs/testcapitalcompyse-CcJ6hTD8-py3.12/lib/python3.12/site-packages/_pytest/outcomes.py\", line 178, in fail\n    raise Failed(msg=reason, pytrace=pytrace)\n","steps":[{"name":"Build dynamic argument for TCs of US_55","time":{"start":1742338763838,"stop":1742338763840,"duration":2},"status":"passed","steps":[],"attachments":[],"parameters":[{"name":"d","value":"<selenium.webdriver.chrome.webdriver.WebDriver (session=\"9bc52ad6d73efb2b2b35fe2b63a29c17\")>"},{"name":"worker_id","value":"'master'"},{"name":"cur_language","value":"'ar'"},{"name":"cur_country","value":"'ae'"},{"name":"cur_role","value":"'NoAuth'"},{"name":"us","value":"'55'"},{"name":"desc_us","value":"'ReTests of Manual Detected Bugs'"},{"name":"num_tc","value":"'678'"},{"name":"desc_tc","value":"'Navigate to the Menu section [Markets] Click the Menu item [Market analysis] Find article [Bitcoin price predictions 2025–2050: third-party price target] Scroll to the link [Goldman Sachs] Click link [Goldman Sachs]'"},{"name":"manual","value":"False"},{"name":"new_layout","value":"True"}],"shouldDisplayMessage":false,"stepsCount":0,"attachmentsCount":0,"hasContent":true,"attachmentStep":false},{"name":"   Set New preconditions","time":{"start":1742338763840,"stop":1742338769729,"duration":5889},"status":"failed","statusMessage":"Failed: Bug! 'Login' button is not clicked\n","statusTrace":"  File \"/home/runner/.cache/pypoetry/virtualenvs/testcapitalcompyse-CcJ6hTD8-py3.12/lib/python3.12/site-packages/allure_commons/_allure.py\", line 192, in impl\n    return func(*a, **kw)\n           ^^^^^^^^^^^^^^\n  File \"/home/runner/work/TestCapitalComPySe/TestCapitalComPySe/pages/conditions_v2.py\", line 154, in preconditions\n    self.to_do_authorisation_new(d, host, cur_login, cur_password, cur_role)\n  File \"/home/runner/.cache/pypoetry/virtualenvs/testcapitalcompyse-CcJ6hTD8-py3.12/lib/python3.12/site-packages/allure_commons/_allure.py\", line 192, in impl\n    return func(*a, **kw)\n           ^^^^^^^^^^^^^^\n  File \"/home/runner/work/TestCapitalComPySe/TestCapitalComPySe/pages/conditions_v2.py\", line 239, in to_do_authorisation_new\n    pytest.fail(\"Bug! 'Login' button is not clicked\")\n  File \"/home/runner/.cache/pypoetry/virtualenvs/testcapitalcompyse-CcJ6hTD8-py3.12/lib/python3.12/site-packages/_pytest/outcomes.py\", line 178, in fail\n    raise Failed(msg=reason, pytrace=pytrace)\n","steps":[{"name":"2025-03-18 22:33:25.039406   Start Authorization","time":{"start":1742338768631,"stop":1742338769729,"duration":1098},"status":"failed","statusMessage":"Failed: Bug! 'Login' button is not clicked\n","statusTrace":"  File \"/home/runner/.cache/pypoetry/virtualenvs/testcapitalcompyse-CcJ6hTD8-py3.12/lib/python3.12/site-packages/allure_commons/_allure.py\", line 192, in impl\n    return func(*a, **kw)\n           ^^^^^^^^^^^^^^\n  File \"/home/runner/work/TestCapitalComPySe/TestCapitalComPySe/pages/conditions_v2.py\", line 239, in to_do_authorisation_new\n    pytest.fail(\"Bug! 'Login' button is not clicked\")\n  File \"/home/runner/.cache/pypoetry/virtualenvs/testcapitalcompyse-CcJ6hTD8-py3.12/lib/python3.12/site-packages/_pytest/outcomes.py\", line 178, in fail\n    raise Failed(msg=reason, pytrace=pytrace)\n","steps":[],"attachments":[],"parameters":[{"name":"d","value":"<selenium.webdriver.chrome.webdriver.WebDriver (session=\"9bc52ad6d73efb2b2b35fe2b63a29c17\")>"},{"name":"link","value":"'https://capital.com/en-gb'"},{"name":"login","value":"'test001.miketar+1@gmail.com'"},{"name":"password","value":"'Qwer1234-!@#$'"},{"name":"cur_role","value":"'NoAuth'"}],"shouldDisplayMessage":true,"stepsCount":0,"attachmentsCount":0,"hasContent":true,"attachmentStep":false}],"attachments":[],"parameters":[{"name":"d","value":"<selenium.webdriver.chrome.webdriver.WebDriver (session=\"9bc52ad6d73efb2b2b35fe2b63a29c17\")>"},{"name":"host","value":"'https://capital.com/en-gb'"},{"name":"end_point","value":"''"},{"name":"cur_language","value":"'ar'"},{"name":"cur_country","value":"'ae'"},{"name":"cur_role","value":"'NoAuth'"},{"name":"cur_login","value":"'test001.miketar+1@gmail.com'"},{"name":"cur_password","value":"'Qwer1234-!@#$'"}],"shouldDisplayMessage":false,"stepsCount":1,"attachmentsCount":0,"hasContent":true,"attachmentStep":false}],"attachments":[],"parameters":[{"name":"worker_id","value":"'master'"},{"name":"d","value":"<selenium.webdriver.chrome.webdriver.WebDriver (session=\"9bc52ad6d73efb2b2b35fe2b63a29c17\")>"},{"name":"cur_language","value":"'ar'"},{"name":"cur_country","value":"'ae'"},{"name":"cur_role","value":"'NoAuth'"},{"name":"cur_login","value":"'test001.miketar+1@gmail.com'"},{"name":"cur_password","value":"'Qwer1234-!@#$'"}],"shouldDisplayMessage":false,"stepsCount":3,"attachmentsCount":0,"hasContent":true,"attachmentStep":false}],"attachments":[{"uid":"37bc12b55761a14c","name":"Screenshot","source":"37bc12b55761a14c.png","type":"image/png","size":611094},{"uid":"f72d0f622bc131c2","name":"stdout","source":"f72d0f622bc131c2.txt","type":"text/plain","size":1962}],"parameters":[],"shouldDisplayMessage":true,"stepsCount":4,"attachmentsCount":2,"hasContent":true,"attachmentStep":false},"afterStages":[{"name":"d::0","time":{"start":1742338797220,"stop":1742338797415,"duration":195},"status":"passed","steps":[],"attachments":[],"parameters":[],"shouldDisplayMessage":false,"stepsCount":0,"attachmentsCount":0,"hasContent":false,"attachmentStep":false}],"labels":[{"name":"epic","value":"TC_55!678 | Navigate to the Menu section [Markets] Click the Menu item [Market analysis] Find article [Bitcoin price predictions 2025–2050: third-party price target] Scroll to the link [Goldman Sachs] Click link [Goldman Sachs]"},{"name":"feature","value":"Role: NoAuth"},{"name":"story","value":"Country: ae"},{"name":"tag","value":"bug_678"},{"name":"tag","value":"us_55"},{"name":"parentSuite","value":"tests.US_55_ReTestsManual.artemdashkov"},{"name":"suite","value":"US_55-artemdashkov_ReTestsManual_test"},{"name":"subSuite","value":"TestManualDetected"},{"name":"host","value":"fv-az1915-900"},{"name":"thread","value":"5496-MainThread"},{"name":"framework","value":"pytest"},{"name":"language","value":"cpython3"},{"name":"package","value":"tests.US_55_ReTestsManual.artemdashkov.US_55-artemdashkov_ReTestsManual_test"},{"name":"resultFormat","value":"allure2"}],"parameters":[{"name":"cur_country","value":"'ae'"},{"name":"cur_language","value":"'ar'"},{"name":"cur_login","value":"'test001.miketar+1@gmail.com'"},{"name":"cur_password","value":"'Qwer1234-!@#$'"},{"name":"cur_role","value":"'NoAuth'"},{"name":"d","value":"'Chrome'"}],"links":[],"hidden":false,"retry":false,"extra":{"severity":"normal","retries":[],"categories":[{"name":"Product defects","matchedStatuses":[],"flaky":false}],"history":{"statistic":{"failed":11,"broken":0,"skipped":0,"passed":0,"unknown":0,"total":11},"items":[{"uid":"f198bb73b27fc7bb","reportUrl":"https://AlexTomAQA.github.io/TestCapitalComPySe/351//#testresult/f198bb73b27fc7bb","status":"failed","statusDetails":"Failed: Bug! 'Login' button is not clicked","time":{"start":1742254087951,"stop":1742254093968,"duration":6017}},{"uid":"db26ded959fac7da","reportUrl":"https://AlexTomAQA.github.io/TestCapitalComPySe/350//#testresult/db26ded959fac7da","status":"failed","statusDetails":"Failed: Bug! 'Login' button is not clicked","time":{"start":1742167464493,"stop":1742167470298,"duration":5805}},{"uid":"716d0a3d3f81fb92","reportUrl":"https://AlexTomAQA.github.io/TestCapitalComPySe/349//#testresult/716d0a3d3f81fb92","status":"failed","statusDetails":"Failed: Bug! 'Login' button is not clicked","time":{"start":1742081354723,"stop":1742081360529,"duration":5806}},{"uid":"306e330c8774538","reportUrl":"https://AlexTomAQA.github.io/TestCapitalComPySe/348//#testresult/306e330c8774538","status":"failed","statusDetails":"Failed: Bug! 'Login' button is not clicked","time":{"start":1741993850198,"stop":1741993856039,"duration":5841}},{"uid":"58b81f8eb1522604","reportUrl":"https://AlexTomAQA.github.io/TestCapitalComPySe/347//#testresult/58b81f8eb1522604","status":"failed","statusDetails":"Failed: Opened page has text 'Page Not Found'","time":{"start":1741909995592,"stop":1741910042315,"duration":46723}},{"uid":"9977b2300f5c1543","reportUrl":"https://AlexTomAQA.github.io/TestCapitalComPySe/346//#testresult/9977b2300f5c1543","status":"failed","statusDetails":"Failed: Opened page has text 'Page Not Found'","time":{"start":1741823005819,"stop":1741823052480,"duration":46661}},{"uid":"fe19b1f9245a961a","reportUrl":"https://AlexTomAQA.github.io/TestCapitalComPySe/345//#testresult/fe19b1f9245a961a","status":"failed","statusDetails":"Failed: Opened page has text 'Page Not Found'","time":{"start":1741736318909,"stop":1741736367184,"duration":48275}},{"uid":"46890109f34cd4e9","reportUrl":"https://AlexTomAQA.github.io/TestCapitalComPySe/344//#testresult/46890109f34cd4e9","status":"failed","statusDetails":"Failed: Opened page has text 'Page Not Found'","time":{"start":1741650532002,"stop":1741650580857,"duration":48855}},{"uid":"8bcf1282d141af48","reportUrl":"https://AlexTomAQA.github.io/TestCapitalComPySe/343//#testresult/8bcf1282d141af48","status":"failed","statusDetails":"Failed: Opened page has text 'Page Not Found'","time":{"start":1741564299931,"stop":1741564347084,"duration":47153}},{"uid":"9136fe70f9c645","reportUrl":"https://AlexTomAQA.github.io/TestCapitalComPySe/342//#testresult/9136fe70f9c645","status":"failed","statusDetails":"Failed: Opened page has text 'Page Not Found'","time":{"start":1741476800594,"stop":1741476847780,"duration":47186}}]},"tags":["us_55","bug_678"]},"source":"db6fa6dcfdc99b4b.json","parameterValues":["'ae'","'ar'","'test001.miketar+1@gmail.com'","'Qwer1234-!@#$'","'NoAuth'","'Chrome'"]}