2024-05-11 06:21:34 ERROR Elements not present after 0.5 seconds on page: https://capital.com/pl/trade-stocks
2024-05-11 06:21:34 ERROR 
Traceback (most recent call last):
  File "/home/runner/work/TestCapitalComPySe/TestCapitalComPySe/pages/base_page.py", line 86, in inner_function
    return func(*args, **kwargs)
           ^^^^^^^^^^^^^^^^^^^^^
  File "/home/runner/work/TestCapitalComPySe/TestCapitalComPySe/pages/base_page.py", line 305, in element_is_visible
    return Wait(self.driver, timeout).until(
           ^^^^^^^^^^^^^^^^^^^^^^^^^^^^^^^^^
  File "/home/runner/.cache/pypoetry/virtualenvs/testcapitalcompyse-CcJ6hTD8-py3.12/lib/python3.12/site-packages/selenium/webdriver/support/wait.py", line 105, in until
    raise TimeoutException(message, screen, stacktrace)
selenium.common.exceptions.TimeoutException: Message: 
Stacktrace:
#0 0x5654bf876e43 <unknown>
#1 0x5654bf5654e7 <unknown>
#2 0x5654bf5b035d <unknown>
#3 0x5654bf5b0411 <unknown>
#4 0x5654bf5f3774 <unknown>
#5 0x5654bf5d247d <unknown>
#6 0x5654bf5f0c29 <unknown>
#7 0x5654bf5d21f3 <unknown>
#8 0x5654bf5a328a <unknown>
#9 0x5654bf5a3c5e <unknown>
#10 0x5654bf83b16b <unknown>
#11 0x5654bf83f0bb <unknown>
#12 0x5654bf827281 <unknown>
#13 0x5654bf83fc22 <unknown>
#14 0x5654bf80c13f <unknown>
#15 0x5654bf865f98 <unknown>
#16 0x5654bf866170 <unknown>
#17 0x5654bf875f94 <unknown>
#18 0x7f5926694ac3 <unknown>

2024-05-11 06:21:42 ERROR Elements not present after 0.5 seconds on page: https://capital.com/trading/signup
2024-05-11 06:21:42 ERROR 
Traceback (most recent call last):
  File "/home/runner/work/TestCapitalComPySe/TestCapitalComPySe/pages/base_page.py", line 86, in inner_function
    return func(*args, **kwargs)
           ^^^^^^^^^^^^^^^^^^^^^
  File "/home/runner/work/TestCapitalComPySe/TestCapitalComPySe/pages/base_page.py", line 305, in element_is_visible
    return Wait(self.driver, timeout).until(
           ^^^^^^^^^^^^^^^^^^^^^^^^^^^^^^^^^
  File "/home/runner/.cache/pypoetry/virtualenvs/testcapitalcompyse-CcJ6hTD8-py3.12/lib/python3.12/site-packages/selenium/webdriver/support/wait.py", line 105, in until
    raise TimeoutException(message, screen, stacktrace)
selenium.common.exceptions.TimeoutException: Message: 
Stacktrace:
#0 0x5654bf876e43 <unknown>
#1 0x5654bf5654e7 <unknown>
#2 0x5654bf5b035d <unknown>
#3 0x5654bf5b0411 <unknown>
#4 0x5654bf5f3774 <unknown>
#5 0x5654bf5d247d <unknown>
#6 0x5654bf5f0c29 <unknown>
#7 0x5654bf5d21f3 <unknown>
#8 0x5654bf5a328a <unknown>
#9 0x5654bf5a3c5e <unknown>
#10 0x5654bf83b16b <unknown>
#11 0x5654bf83f0bb <unknown>
#12 0x5654bf827281 <unknown>
#13 0x5654bf83fc22 <unknown>
#14 0x5654bf80c13f <unknown>
#15 0x5654bf865f98 <unknown>
#16 0x5654bf866170 <unknown>
#17 0x5654bf875f94 <unknown>
#18 0x7f5926694ac3 <unknown>

2024-05-11 06:21:45 ERROR Elements not present after 0.5 seconds on page: https://capital.com/trading/signup
2024-05-11 06:21:45 ERROR 
Traceback (most recent call last):
  File "/home/runner/work/TestCapitalComPySe/TestCapitalComPySe/pages/base_page.py", line 86, in inner_function
    return func(*args, **kwargs)
           ^^^^^^^^^^^^^^^^^^^^^
  File "/home/runner/work/TestCapitalComPySe/TestCapitalComPySe/pages/base_page.py", line 305, in element_is_visible
    return Wait(self.driver, timeout).until(
           ^^^^^^^^^^^^^^^^^^^^^^^^^^^^^^^^^
  File "/home/runner/.cache/pypoetry/virtualenvs/testcapitalcompyse-CcJ6hTD8-py3.12/lib/python3.12/site-packages/selenium/webdriver/support/wait.py", line 105, in until
    raise TimeoutException(message, screen, stacktrace)
selenium.common.exceptions.TimeoutException: Message: 
Stacktrace:
#0 0x5654bf876e43 <unknown>
#1 0x5654bf5654e7 <unknown>
#2 0x5654bf5b035d <unknown>
#3 0x5654bf5b0411 <unknown>
#4 0x5654bf5f3774 <unknown>
#5 0x5654bf5d247d <unknown>
#6 0x5654bf5f0c29 <unknown>
#7 0x5654bf5d21f3 <unknown>
#8 0x5654bf5a328a <unknown>
#9 0x5654bf5a3c5e <unknown>
#10 0x5654bf83b16b <unknown>
#11 0x5654bf83f0bb <unknown>
#12 0x5654bf827281 <unknown>
#13 0x5654bf83fc22 <unknown>
#14 0x5654bf80c13f <unknown>
#15 0x5654bf865f98 <unknown>
#16 0x5654bf866170 <unknown>
#17 0x5654bf875f94 <unknown>
#18 0x7f5926694ac3 <unknown>

2024-05-11 06:21:47 ERROR Elements not present after 0.5 seconds on page: https://capital.com/trading/signup
2024-05-11 06:21:47 ERROR 
Traceback (most recent call last):
  File "/home/runner/work/TestCapitalComPySe/TestCapitalComPySe/pages/base_page.py", line 86, in inner_function
    return func(*args, **kwargs)
           ^^^^^^^^^^^^^^^^^^^^^
  File "/home/runner/work/TestCapitalComPySe/TestCapitalComPySe/pages/base_page.py", line 305, in element_is_visible
    return Wait(self.driver, timeout).until(
           ^^^^^^^^^^^^^^^^^^^^^^^^^^^^^^^^^
  File "/home/runner/.cache/pypoetry/virtualenvs/testcapitalcompyse-CcJ6hTD8-py3.12/lib/python3.12/site-packages/selenium/webdriver/support/wait.py", line 105, in until
    raise TimeoutException(message, screen, stacktrace)
selenium.common.exceptions.TimeoutException: Message: 
Stacktrace:
#0 0x5654bf876e43 <unknown>
#1 0x5654bf5654e7 <unknown>
#2 0x5654bf5b035d <unknown>
#3 0x5654bf5b0411 <unknown>
#4 0x5654bf5f3774 <unknown>
#5 0x5654bf5d247d <unknown>
#6 0x5654bf5f0c29 <unknown>
#7 0x5654bf5d21f3 <unknown>
#8 0x5654bf5a328a <unknown>
#9 0x5654bf5a3c5e <unknown>
#10 0x5654bf83b16b <unknown>
#11 0x5654bf83f0bb <unknown>
#12 0x5654bf827281 <unknown>
#13 0x5654bf83fc22 <unknown>
#14 0x5654bf80c13f <unknown>
#15 0x5654bf865f98 <unknown>
#16 0x5654bf866170 <unknown>
#17 0x5654bf875f94 <unknown>
#18 0x7f5926694ac3 <unknown>