{"uid":"4b77b40e730741ce","name":"TC_00.00_013 | Start test of button [Try now] in 'Explore our platform' block. Bid:00.00_013-ar.ae.NoAuth","fullName":"tests.US_00_Main_page.US_00-00_Main_page.us_00-00_main_page_test.TestMainPage#test_013_explore_our_platform_block_try_now_button","historyId":"382b7588e594cf06c88e41ef9f6bbeb6","time":{"start":1715738364048,"stop":1715738382807,"duration":18759},"description":"\n        Check: Button [Try now] in 'Explore our platform' block\n        Language: Not EN, NL. License: Not FCA.\n        ","descriptionHtml":"<pre><code>    Check: Button [Try now] in 'Explore our platform' block\n    Language: Not EN, NL. License: Not FCA.\n</code></pre>\n","status":"failed","statusMessage":"AssertionError: Bug # 05. Opened a 'Sign up' form instead of a 'Login'","statusTrace":"self = <us_00-00_main_page_test.TestMainPage object at 0x7f4f1041b7d0>\nworker_id = 'master'\nd = <selenium.webdriver.chrome.webdriver.WebDriver (session=\"cf57cc36d1a68ea0d9069c1621908a82\")>\ncur_language = 'ar', cur_country = 'ae', cur_role = 'NoAuth'\ncur_login = 'test001.miketar+1@gmail.com', cur_password = 'Qwer1234-!@#$'\n\n    @allure.step(\"Start test of button [Try now] in 'Explore our platform' block\")\n    @pytest.mark.test_013\n    def test_013_explore_our_platform_block_try_now_button(\n            self, worker_id, d, cur_language, cur_country, cur_role, cur_login, cur_password):\n        \"\"\"\n        Check: Button [Try now] in 'Explore our platform' block\n        Language: Not EN, NL. License: Not FCA.\n        \"\"\"\n    \n        bid = build_dynamic_arg_v4(\n            d, worker_id, cur_language, cur_country, cur_role,\n            \"00\", \"Main Page\",\n            \".00_013\", \"Start test of button [Try now] in 'Explore our platform' block\",\n            False, False\n        )\n    \n        Common().check_language_in_list_and_skip_if_present(cur_language, ['', 'nl'])\n        Common().check_country_in_list_and_skip_if_not_present(cur_country, ['de', 'au', 'ae'])\n    \n        page_conditions = Conditions(d, \"\")\n        main_page_link = page_conditions.preconditions(\n            d, CapitalComPageSrc.URL, \"\", cur_language, cur_country, cur_role, cur_login, cur_password)\n    \n        test_element = ExploreOurPlatformBlockTryNowButton(d, main_page_link, bid)\n>       test_element.full_test_with_tpi(d, cur_language, cur_country, cur_role, main_page_link)\n\ntests/US_00_Main_page/US_00-00_Main_page/us_00-00_main_page_test.py:609: \n_ _ _ _ _ _ _ _ _ _ _ _ _ _ _ _ _ _ _ _ _ _ _ _ _ _ _ _ _ _ _ _ _ _ _ _ _ _ _ _ \npages/Elements/ExploreOurPlatformBlockTryNowButton.py:42: in full_test_with_tpi\n    test_element.assert_login(d, cur_language, cur_item_link)\npages/Elements/AssertClass.py:94: in assert_login\n    Common().assert_true_false(False,\n_ _ _ _ _ _ _ _ _ _ _ _ _ _ _ _ _ _ _ _ _ _ _ _ _ _ _ _ _ _ _ _ _ _ _ _ _ _ _ _ \n\ncondition = False\nmsg = \"Bug # 05. Opened a 'Sign up' form instead of a 'Login'\"\n\n    @staticmethod\n    def assert_true_false(condition=False, msg=\"\"):\n    \tif condition:\n    \t\tCommon.flag_of_bug = False\n    \t\tassert True, msg\n    \telse:\n    \t\tCommon.flag_of_bug = True\n>   \t\tassert False, msg\nE     AssertionError: Bug # 05. Opened a 'Sign up' form instead of a 'Login'\n\npages/common.py:210: AssertionError","flaky":false,"newFailed":false,"newBroken":false,"newPassed":false,"retriesCount":0,"retriesStatusChange":false,"beforeStages":[{"name":"d","time":{"start":1715738127866,"stop":1715738138379,"duration":10513},"status":"passed","steps":[],"attachments":[],"parameters":[],"shouldDisplayMessage":false,"stepsCount":0,"attachmentsCount":0,"hasContent":false,"attachmentStep":false},{"name":"worker_id","time":{"start":1715738138379,"stop":1715738138379,"duration":0},"status":"passed","steps":[],"attachments":[],"parameters":[],"shouldDisplayMessage":false,"stepsCount":0,"attachmentsCount":0,"hasContent":false,"attachmentStep":false},{"name":"cur_language","time":{"start":1715738138380,"stop":1715738138380,"duration":0},"status":"passed","steps":[],"attachments":[],"parameters":[],"shouldDisplayMessage":false,"stepsCount":0,"attachmentsCount":0,"hasContent":false,"attachmentStep":false},{"name":"cur_country","time":{"start":1715738138380,"stop":1715738138380,"duration":0},"status":"passed","steps":[],"attachments":[],"parameters":[],"shouldDisplayMessage":false,"stepsCount":0,"attachmentsCount":0,"hasContent":false,"attachmentStep":false},{"name":"cur_login","time":{"start":1715738138380,"stop":1715738138380,"duration":0},"status":"passed","steps":[],"attachments":[],"parameters":[],"shouldDisplayMessage":false,"stepsCount":0,"attachmentsCount":0,"hasContent":false,"attachmentStep":false},{"name":"cur_password","time":{"start":1715738138380,"stop":1715738138380,"duration":0},"status":"passed","steps":[],"attachments":[],"parameters":[],"shouldDisplayMessage":false,"stepsCount":0,"attachmentsCount":0,"hasContent":false,"attachmentStep":false},{"name":"cur_role","time":{"start":1715738256155,"stop":1715738256155,"duration":0},"status":"passed","steps":[],"attachments":[],"parameters":[],"shouldDisplayMessage":false,"stepsCount":0,"attachmentsCount":0,"hasContent":false,"attachmentStep":false}],"testStage":{"description":"\n        Check: Button [Try now] in 'Explore our platform' block\n        Language: Not EN, NL. License: Not FCA.\n        ","status":"failed","statusMessage":"AssertionError: Bug # 05. Opened a 'Sign up' form instead of a 'Login'","statusTrace":"self = <us_00-00_main_page_test.TestMainPage object at 0x7f4f1041b7d0>\nworker_id = 'master'\nd = <selenium.webdriver.chrome.webdriver.WebDriver (session=\"cf57cc36d1a68ea0d9069c1621908a82\")>\ncur_language = 'ar', cur_country = 'ae', cur_role = 'NoAuth'\ncur_login = 'test001.miketar+1@gmail.com', cur_password = 'Qwer1234-!@#$'\n\n    @allure.step(\"Start test of button [Try now] in 'Explore our platform' block\")\n    @pytest.mark.test_013\n    def test_013_explore_our_platform_block_try_now_button(\n            self, worker_id, d, cur_language, cur_country, cur_role, cur_login, cur_password):\n        \"\"\"\n        Check: Button [Try now] in 'Explore our platform' block\n        Language: Not EN, NL. License: Not FCA.\n        \"\"\"\n    \n        bid = build_dynamic_arg_v4(\n            d, worker_id, cur_language, cur_country, cur_role,\n            \"00\", \"Main Page\",\n            \".00_013\", \"Start test of button [Try now] in 'Explore our platform' block\",\n            False, False\n        )\n    \n        Common().check_language_in_list_and_skip_if_present(cur_language, ['', 'nl'])\n        Common().check_country_in_list_and_skip_if_not_present(cur_country, ['de', 'au', 'ae'])\n    \n        page_conditions = Conditions(d, \"\")\n        main_page_link = page_conditions.preconditions(\n            d, CapitalComPageSrc.URL, \"\", cur_language, cur_country, cur_role, cur_login, cur_password)\n    \n        test_element = ExploreOurPlatformBlockTryNowButton(d, main_page_link, bid)\n>       test_element.full_test_with_tpi(d, cur_language, cur_country, cur_role, main_page_link)\n\ntests/US_00_Main_page/US_00-00_Main_page/us_00-00_main_page_test.py:609: \n_ _ _ _ _ _ _ _ _ _ _ _ _ _ _ _ _ _ _ _ _ _ _ _ _ _ _ _ _ _ _ _ _ _ _ _ _ _ _ _ \npages/Elements/ExploreOurPlatformBlockTryNowButton.py:42: in full_test_with_tpi\n    test_element.assert_login(d, cur_language, cur_item_link)\npages/Elements/AssertClass.py:94: in assert_login\n    Common().assert_true_false(False,\n_ _ _ _ _ _ _ _ _ _ _ _ _ _ _ _ _ _ _ _ _ _ _ _ _ _ _ _ _ _ _ _ _ _ _ _ _ _ _ _ \n\ncondition = False\nmsg = \"Bug # 05. Opened a 'Sign up' form instead of a 'Login'\"\n\n    @staticmethod\n    def assert_true_false(condition=False, msg=\"\"):\n    \tif condition:\n    \t\tCommon.flag_of_bug = False\n    \t\tassert True, msg\n    \telse:\n    \t\tCommon.flag_of_bug = True\n>   \t\tassert False, msg\nE     AssertionError: Bug # 05. Opened a 'Sign up' form instead of a 'Login'\n\npages/common.py:210: AssertionError","steps":[{"name":"Start test of button [Try now] in 'Explore our platform' block","time":{"start":1715738364048,"stop":1715738382806,"duration":18758},"status":"failed","statusMessage":"AssertionError: Bug # 05. Opened a 'Sign up' form instead of a 'Login'\n","statusTrace":"  File \"/home/runner/.cache/pypoetry/virtualenvs/testcapitalcompyse-CcJ6hTD8-py3.12/lib/python3.12/site-packages/allure_commons/_allure.py\", line 192, in impl\n    return func(*a, **kw)\n           ^^^^^^^^^^^^^^\n  File \"/home/runner/work/TestCapitalComPySe/TestCapitalComPySe/tests/US_00_Main_page/US_00-00_Main_page/us_00-00_main_page_test.py\", line 609, in test_013_explore_our_platform_block_try_now_button\n    test_element.full_test_with_tpi(d, cur_language, cur_country, cur_role, main_page_link)\n  File \"/home/runner/.cache/pypoetry/virtualenvs/testcapitalcompyse-CcJ6hTD8-py3.12/lib/python3.12/site-packages/allure_commons/_allure.py\", line 192, in impl\n    return func(*a, **kw)\n           ^^^^^^^^^^^^^^\n  File \"/home/runner/work/TestCapitalComPySe/TestCapitalComPySe/pages/Elements/ExploreOurPlatformBlockTryNowButton.py\", line 42, in full_test_with_tpi\n    test_element.assert_login(d, cur_language, cur_item_link)\n  File \"/home/runner/.cache/pypoetry/virtualenvs/testcapitalcompyse-CcJ6hTD8-py3.12/lib/python3.12/site-packages/allure_commons/_allure.py\", line 192, in impl\n    return func(*a, **kw)\n           ^^^^^^^^^^^^^^\n  File \"/home/runner/work/TestCapitalComPySe/TestCapitalComPySe/pages/Elements/AssertClass.py\", line 94, in assert_login\n    Common().assert_true_false(False,\n  File \"/home/runner/work/TestCapitalComPySe/TestCapitalComPySe/pages/common.py\", line 210, in assert_true_false\n    assert False, msg\n","steps":[{"name":"Preconditions","time":{"start":1715738364050,"stop":1715738365106,"duration":1056},"status":"passed","steps":[{"name":"2024-05-15 01:55:27.730373   Start Checking Captcha","time":{"start":1715738364063,"stop":1715738365101,"duration":1038},"status":"passed","steps":[],"attachments":[],"parameters":[],"shouldDisplayMessage":false,"stepsCount":0,"attachmentsCount":0,"hasContent":false,"attachmentStep":false}],"attachments":[],"parameters":[{"name":"d","value":"<selenium.webdriver.chrome.webdriver.WebDriver (session=\"cf57cc36d1a68ea0d9069c1621908a82\")>"},{"name":"host","value":"'https://capital.com/'"},{"name":"end_point","value":"''"},{"name":"cur_language","value":"'ar'"},{"name":"cur_country","value":"'ae'"},{"name":"cur_role","value":"'NoAuth'"},{"name":"cur_login","value":"'test001.miketar+1@gmail.com'"},{"name":"cur_password","value":"'Qwer1234-!@#$'"}],"shouldDisplayMessage":false,"stepsCount":1,"attachmentsCount":0,"hasContent":true,"attachmentStep":false},{"name":"2024-05-15 01:55:27.662679   Start Full test for [Try now] button in \"Explore our platform\" block","time":{"start":1715738365106,"stop":1715738382806,"duration":17700},"status":"failed","statusMessage":"AssertionError: Bug # 05. Opened a 'Sign up' form instead of a 'Login'\n","statusTrace":"  File \"/home/runner/.cache/pypoetry/virtualenvs/testcapitalcompyse-CcJ6hTD8-py3.12/lib/python3.12/site-packages/allure_commons/_allure.py\", line 192, in impl\n    return func(*a, **kw)\n           ^^^^^^^^^^^^^^\n  File \"/home/runner/work/TestCapitalComPySe/TestCapitalComPySe/pages/Elements/ExploreOurPlatformBlockTryNowButton.py\", line 42, in full_test_with_tpi\n    test_element.assert_login(d, cur_language, cur_item_link)\n  File \"/home/runner/.cache/pypoetry/virtualenvs/testcapitalcompyse-CcJ6hTD8-py3.12/lib/python3.12/site-packages/allure_commons/_allure.py\", line 192, in impl\n    return func(*a, **kw)\n           ^^^^^^^^^^^^^^\n  File \"/home/runner/work/TestCapitalComPySe/TestCapitalComPySe/pages/Elements/AssertClass.py\", line 94, in assert_login\n    Common().assert_true_false(False,\n  File \"/home/runner/work/TestCapitalComPySe/TestCapitalComPySe/pages/common.py\", line 210, in assert_true_false\n    assert False, msg\n","steps":[{"name":"Click button [Try now] on \"Explore our platform\" block","time":{"start":1715738365182,"stop":1715738366294,"duration":1112},"status":"passed","steps":[],"attachments":[],"parameters":[{"name":"d","value":"<selenium.webdriver.chrome.webdriver.WebDriver (session=\"cf57cc36d1a68ea0d9069c1621908a82\")>"}],"shouldDisplayMessage":false,"stepsCount":0,"attachmentsCount":0,"hasContent":true,"attachmentStep":false},{"name":"Checking that \"Login\" form or page opened","time":{"start":1715738366294,"stop":1715738382806,"duration":16512},"status":"failed","statusMessage":"AssertionError: Bug # 05. Opened a 'Sign up' form instead of a 'Login'\n","statusTrace":"  File \"/home/runner/.cache/pypoetry/virtualenvs/testcapitalcompyse-CcJ6hTD8-py3.12/lib/python3.12/site-packages/allure_commons/_allure.py\", line 192, in impl\n    return func(*a, **kw)\n           ^^^^^^^^^^^^^^\n  File \"/home/runner/work/TestCapitalComPySe/TestCapitalComPySe/pages/Elements/AssertClass.py\", line 94, in assert_login\n    Common().assert_true_false(False,\n  File \"/home/runner/work/TestCapitalComPySe/TestCapitalComPySe/pages/common.py\", line 210, in assert_true_false\n    assert False, msg\n","steps":[{"name":"Check that form [Login] is opened","time":{"start":1715738366294,"stop":1715738372462,"duration":6168},"status":"passed","steps":[],"attachments":[],"parameters":[],"shouldDisplayMessage":false,"stepsCount":0,"attachmentsCount":0,"hasContent":false,"attachmentStep":false},{"name":"Check that new form [Login] is opened","time":{"start":1715738372462,"stop":1715738375557,"duration":3095},"status":"passed","steps":[],"attachments":[],"parameters":[],"shouldDisplayMessage":false,"stepsCount":0,"attachmentsCount":0,"hasContent":false,"attachmentStep":false},{"name":"Check that page [Login] is opened","time":{"start":1715738375558,"stop":1715738375560,"duration":2},"status":"passed","steps":[],"attachments":[],"parameters":[],"shouldDisplayMessage":false,"stepsCount":0,"attachmentsCount":0,"hasContent":false,"attachmentStep":false},{"name":"Check that [Login] form on trading platform page opened","time":{"start":1715738375560,"stop":1715738378648,"duration":3088},"status":"passed","steps":[],"attachments":[],"parameters":[{"name":"cur_language","value":"'ar'"}],"shouldDisplayMessage":false,"stepsCount":0,"attachmentsCount":0,"hasContent":true,"attachmentStep":false},{"name":"Check that \"Sign up\" form opened","time":{"start":1715738378648,"stop":1715738378693,"duration":45},"status":"passed","steps":[],"attachments":[],"parameters":[{"name":"cur_language","value":"'ar'"}],"shouldDisplayMessage":false,"stepsCount":0,"attachmentsCount":0,"hasContent":true,"attachmentStep":false},{"name":"Fixing one row check results into Google Sheet Bugs Report","time":{"start":1715738379222,"stop":1715738379610,"duration":388},"status":"passed","steps":[],"attachments":[],"parameters":[{"name":"cell","value":"'B1'"},{"name":"values","value":"[['Busy']]"}],"shouldDisplayMessage":false,"stepsCount":0,"attachmentsCount":0,"hasContent":true,"attachmentStep":false},{"name":"Fixing one row check results into Google Sheet Bugs Report","time":{"start":1715738381648,"stop":1715738382042,"duration":394},"status":"passed","steps":[],"attachments":[],"parameters":[{"name":"cell","value":"'P687'"},{"name":"values","value":"[[\"'05\"]]"}],"shouldDisplayMessage":false,"stepsCount":0,"attachmentsCount":0,"hasContent":true,"attachmentStep":false},{"name":"Fixing one row check results into Google Sheet Bugs Report","time":{"start":1715738382042,"stop":1715738382430,"duration":388},"status":"passed","steps":[],"attachments":[],"parameters":[{"name":"cell","value":"'U687'"},{"name":"values","value":"[['15/05/2024 01:59:41']]"}],"shouldDisplayMessage":false,"stepsCount":0,"attachmentsCount":0,"hasContent":true,"attachmentStep":false},{"name":"Fixing one row check results into Google Sheet Bugs Report","time":{"start":1715738382430,"stop":1715738382804,"duration":374},"status":"passed","steps":[],"attachments":[],"parameters":[{"name":"cell","value":"'B1'"},{"name":"values","value":"[['Bugs Report']]"}],"shouldDisplayMessage":false,"stepsCount":0,"attachmentsCount":0,"hasContent":true,"attachmentStep":false}],"attachments":[],"parameters":[{"name":"d","value":"<selenium.webdriver.chrome.webdriver.WebDriver (session=\"cf57cc36d1a68ea0d9069c1621908a82\")>"},{"name":"cur_language","value":"'ar'"},{"name":"cur_link","value":"'https://capital.com/ar'"}],"shouldDisplayMessage":true,"stepsCount":9,"attachmentsCount":0,"hasContent":true,"attachmentStep":false}],"attachments":[],"parameters":[{"name":"d","value":"<selenium.webdriver.chrome.webdriver.WebDriver (session=\"cf57cc36d1a68ea0d9069c1621908a82\")>"},{"name":"cur_language","value":"'ar'"},{"name":"cur_country","value":"'ae'"},{"name":"cur_role","value":"'NoAuth'"},{"name":"cur_item_link","value":"'https://capital.com/ar'"}],"shouldDisplayMessage":false,"stepsCount":11,"attachmentsCount":0,"hasContent":true,"attachmentStep":false}],"attachments":[],"parameters":[{"name":"worker_id","value":"'master'"},{"name":"d","value":"<selenium.webdriver.chrome.webdriver.WebDriver (session=\"cf57cc36d1a68ea0d9069c1621908a82\")>"},{"name":"cur_language","value":"'ar'"},{"name":"cur_country","value":"'ae'"},{"name":"cur_role","value":"'NoAuth'"},{"name":"cur_login","value":"'test001.miketar+1@gmail.com'"},{"name":"cur_password","value":"'Qwer1234-!@#$'"}],"shouldDisplayMessage":false,"stepsCount":14,"attachmentsCount":0,"hasContent":true,"attachmentStep":false}],"attachments":[{"uid":"72b4867565546732","name":"Screenshot","source":"72b4867565546732.png","type":"image/png","size":134275},{"uid":"4f882cf2fdbf9f7e","name":"log","source":"4f882cf2fdbf9f7e.txt","type":"text/plain","size":4132},{"uid":"b87afa6275117a6b","name":"stdout","source":"b87afa6275117a6b.txt","type":"text/plain","size":4641}],"parameters":[],"shouldDisplayMessage":true,"stepsCount":15,"attachmentsCount":3,"hasContent":true,"attachmentStep":false},"afterStages":[{"name":"d::0","time":{"start":1715738481539,"stop":1715738481700,"duration":161},"status":"passed","steps":[],"attachments":[],"parameters":[],"shouldDisplayMessage":false,"stepsCount":0,"attachmentsCount":0,"hasContent":false,"attachmentStep":false}],"labels":[{"name":"epic","value":"US_00 | Main Page"},{"name":"feature","value":"Language: ar"},{"name":"story","value":"Country: ae / Role: NoAuth"},{"name":"tag","value":"test_013"},{"name":"tag","value":"us_00_00"},{"name":"parentSuite","value":"tests.US_00_Main_page.US_00-00_Main_page"},{"name":"suite","value":"us_00-00_main_page_test"},{"name":"subSuite","value":"TestMainPage"},{"name":"host","value":"fv-az1437-512"},{"name":"thread","value":"3438-MainThread"},{"name":"framework","value":"pytest"},{"name":"language","value":"cpython3"},{"name":"package","value":"tests.US_00_Main_page.US_00-00_Main_page.us_00-00_main_page_test"},{"name":"resultFormat","value":"allure2"}],"parameters":[{"name":"cur_country","value":"'ae'"},{"name":"cur_language","value":"'ar'"},{"name":"cur_login","value":"'test001.miketar+1@gmail.com'"},{"name":"cur_password","value":"'Qwer1234-!@#$'"},{"name":"cur_role","value":"'NoAuth'"},{"name":"d","value":"'Chrome'"}],"links":[],"hidden":false,"retry":false,"extra":{"severity":"normal","retries":[],"categories":[{"name":"Product defects","matchedStatuses":[],"flaky":false}],"history":{"statistic":{"failed":2,"broken":0,"skipped":0,"passed":0,"unknown":0,"total":2},"items":[{"uid":"88c0269199984a39","reportUrl":"https://AlexTomAQA.github.io/TestCapitalComPySe/235//#testresult/88c0269199984a39","status":"failed","statusDetails":"AssertionError: Bug # 05. Opened a 'Sign up' form instead of a 'Login'","time":{"start":1714204994775,"stop":1714205049940,"duration":55165}}]},"tags":["us_00_00","test_013"]},"source":"4b77b40e730741ce.json","parameterValues":["'ae'","'ar'","'test001.miketar+1@gmail.com'","'Qwer1234-!@#$'","'NoAuth'","'Chrome'"]}