2024-04-16 07:16:36 ERROR Elements not present after 0.5 seconds on page: https://capital.com/es/eur-chf-tipo
2024-04-16 07:16:36 ERROR 
Traceback (most recent call last):
  File "/home/runner/work/TestCapitalComPySe/TestCapitalComPySe/pages/base_page.py", line 85, in inner_function
    return func(*args, **kwargs)
           ^^^^^^^^^^^^^^^^^^^^^
  File "/home/runner/work/TestCapitalComPySe/TestCapitalComPySe/pages/base_page.py", line 304, in element_is_visible
    return Wait(self.driver, timeout).until(
           ^^^^^^^^^^^^^^^^^^^^^^^^^^^^^^^^^
  File "/home/runner/.cache/pypoetry/virtualenvs/testcapitalcompyse-CcJ6hTD8-py3.12/lib/python3.12/site-packages/selenium/webdriver/support/wait.py", line 105, in until
    raise TimeoutException(message, screen, stacktrace)
selenium.common.exceptions.TimeoutException: Message: 
Stacktrace:
#0 0x55b965805863 <unknown>
#1 0x55b9654fb8c6 <unknown>
#2 0x55b965546618 <unknown>
#3 0x55b9655466d1 <unknown>
#4 0x55b965589744 <unknown>
#5 0x55b9655685cd <unknown>
#6 0x55b965586c19 <unknown>
#7 0x55b965568343 <unknown>
#8 0x55b965539593 <unknown>
#9 0x55b965539f5e <unknown>
#10 0x55b9657c984b <unknown>
#11 0x55b9657cd7a5 <unknown>
#12 0x55b9657b7571 <unknown>
#13 0x55b9657ce332 <unknown>
#14 0x55b96579c87f <unknown>
#15 0x55b9657f4728 <unknown>
#16 0x55b9657f48fb <unknown>
#17 0x55b9658049b4 <unknown>
#18 0x7f1cfa094ac3 <unknown>