2024-04-16 09:40:45 ERROR Elements not present after 0.5 seconds on page: https://capital.com/es/guia-de-estrategias
2024-04-16 09:40:45 ERROR 
Traceback (most recent call last):
  File "/home/runner/work/TestCapitalComPySe/TestCapitalComPySe/pages/base_page.py", line 85, in inner_function
    return func(*args, **kwargs)
           ^^^^^^^^^^^^^^^^^^^^^
  File "/home/runner/work/TestCapitalComPySe/TestCapitalComPySe/pages/base_page.py", line 304, in element_is_visible
    return Wait(self.driver, timeout).until(
           ^^^^^^^^^^^^^^^^^^^^^^^^^^^^^^^^^
  File "/home/runner/.cache/pypoetry/virtualenvs/testcapitalcompyse-CcJ6hTD8-py3.12/lib/python3.12/site-packages/selenium/webdriver/support/wait.py", line 105, in until
    raise TimeoutException(message, screen, stacktrace)
selenium.common.exceptions.TimeoutException: Message: 
Stacktrace:
#0 0x55ac674d0863 <unknown>
#1 0x55ac671c68c6 <unknown>
#2 0x55ac67211618 <unknown>
#3 0x55ac672116d1 <unknown>
#4 0x55ac67254744 <unknown>
#5 0x55ac672335cd <unknown>
#6 0x55ac67251c19 <unknown>
#7 0x55ac67233343 <unknown>
#8 0x55ac67204593 <unknown>
#9 0x55ac67204f5e <unknown>
#10 0x55ac6749484b <unknown>
#11 0x55ac674987a5 <unknown>
#12 0x55ac67482571 <unknown>
#13 0x55ac67499332 <unknown>
#14 0x55ac6746787f <unknown>
#15 0x55ac674bf728 <unknown>
#16 0x55ac674bf8fb <unknown>
#17 0x55ac674cf9b4 <unknown>
#18 0x7f4199c94ac3 <unknown>