{"uid":"44f4c1d7e60b57db","name":"TC_55!360 (Lang: en) | Bid:55!360-en.ae.Auth","fullName":"tests.US_55_ReTestsManual.tassobaccato.US_55-tassobaccato_ReTestsManual_test.TestManualDetectedBugs#test_360","historyId":"a0240dd6985fcd87b9064efca6387199","time":{"start":1731286537019,"stop":1731286577395,"duration":40376},"description":"\n        Check: Web pages with URLs of the FCA license are opened after clicking any of 5 links in the block “Italy 40”\n            on the page “Italy 40” when SCA license and EN language is selected.\n        Language: EN\n        License: SCA\n        Author: Kasila\n        ","descriptionHtml":"<pre><code>    Check: Web pages with URLs of the FCA license are opened after clicking any of 5 links in the block “Italy 40”\n        on the page “Italy 40” when SCA license and EN language is selected.\n    Language: EN\n    License: SCA\n    Author: Kasila\n</code></pre>\n","status":"broken","statusMessage":"selenium.common.exceptions.NoSuchElementException: Message: no such element: Unable to locate element: {\"method\":\"css selector\",\"selector\":\"div:nth-child(1) > span.localization_btn__9zIyt\"}\n  (Session info: chrome=130.0.6723.91); For documentation on this error, please visit: https://www.selenium.dev/documentation/webdriver/troubleshooting/errors#no-such-element-exception\nStacktrace:\n#0 0x5576833946da <unknown>\n#1 0x557682ea8f80 <unknown>\n#2 0x557682ef5b46 <unknown>\n#3 0x557682ef5de1 <unknown>\n#4 0x557682f3b174 <unknown>\n#5 0x557682f19bdd <unknown>\n#6 0x557682f3869d <unknown>\n#7 0x557682f19953 <unknown>\n#8 0x557682ee872e <unknown>\n#9 0x557682ee979e <unknown>\n#10 0x55768335ff1b <unknown>\n#11 0x557683363eb8 <unknown>\n#12 0x55768334d42c <unknown>\n#13 0x557683364a37 <unknown>\n#14 0x557683331fef <unknown>\n#15 0x557683382ad8 <unknown>\n#16 0x557683382ca0 <unknown>\n#17 0x557683393556 <unknown>\n#18 0x7fa5b8094ac3 <unknown>","statusTrace":"self = <US_55-tassobaccato_ReTestsManual_test.TestManualDetectedBugs object at 0x7f9011f53710>\nworker_id = 'master'\nd = <selenium.webdriver.chrome.webdriver.WebDriver (session=\"032f0dae1f6302d5cdd344d0d87ea47f\")>\ncur_language = 'en', cur_country = 'ae', cur_role = 'Auth'\ncur_login = 'test001.miketar+1@gmail.com', cur_password = 'Qwer1234-!@#$'\n\n    @allure.step('Start retest manual AT_55!360 that the same license remains after clicking any of 5 links in the block'\n        ' “Italy 40” on the page “Italy 40” when SCA license and EN language is selected')\n    @pytest.mark.parametrize('cur_language', ['en'])\n    @pytest.mark.parametrize('cur_country', ['ae'])\n    @pytest.mark.parametrize('cur_role', [\"NoReg\", \"Auth\", \"NoAuth\"])\n    @pytest.mark.bug_360\n    def test_360(self, worker_id, d, cur_language, cur_country, cur_role, cur_login, cur_password):\n        \"\"\"\n        Check: Web pages with URLs of the FCA license are opened after clicking any of 5 links in the block “Italy 40”\n            on the page “Italy 40” when SCA license and EN language is selected.\n        Language: EN\n        License: SCA\n        Author: Kasila\n        \"\"\"\n    \n        bid = build_dynamic_arg_for_us_55(\n            d, worker_id, cur_language, cur_country, cur_role,\n            \"55\", \"ReTests of Manual Detected Bugs\",\n            \"360\", 'The same license, SCA (AE country), remains after clicking any of 5 links in the block'\n                   ' “Italy 40”'\n        )\n    \n        link = conditions_switch(d, cur_language, cur_country, cur_role, cur_login, cur_password)\n    \n        menu = MenuNewIndices(d, link)\n        cur_item_link = menu.from_markets_menu_open_indices(d, cur_language, cur_country, link)\n    \n        test_element = IndicesItaly40(d, cur_item_link, bid)\n        test_element.arrange_v2(d, cur_item_link, link)\n        test_element.element_click(d, link)\n>       test_element.assert_()\n\ntests/US_55_ReTestsManual/tassobaccato/US_55-tassobaccato_ReTestsManual_test.py:360: \n_ _ _ _ _ _ _ _ _ _ _ _ _ _ _ _ _ _ _ _ _ _ _ _ _ _ _ _ _ _ _ _ _ _ _ _ _ _ _ _ \npages/BugsManual/bug_360.py:105: in assert_\n    actual = self.driver.find_element(By.CSS_SELECTOR,\n../../../.cache/pypoetry/virtualenvs/testcapitalcompyse-CcJ6hTD8-py3.12/lib/python3.12/site-packages/selenium/webdriver/remote/webdriver.py:766: in find_element\n    return self.execute(Command.FIND_ELEMENT, {\"using\": by, \"value\": value})[\"value\"]\n../../../.cache/pypoetry/virtualenvs/testcapitalcompyse-CcJ6hTD8-py3.12/lib/python3.12/site-packages/selenium/webdriver/remote/webdriver.py:380: in execute\n    self.error_handler.check_response(response)\n_ _ _ _ _ _ _ _ _ _ _ _ _ _ _ _ _ _ _ _ _ _ _ _ _ _ _ _ _ _ _ _ _ _ _ _ _ _ _ _ \n\nself = <selenium.webdriver.remote.errorhandler.ErrorHandler object at 0x7f901140f860>\nresponse = {'status': 404, 'value': '{\"value\":{\"error\":\"no such element\",\"message\":\"no such element: Unable to locate element: {\\...\\\\n#16 0x557683382ca0 \\\\u003Cunknown>\\\\n#17 0x557683393556 \\\\u003Cunknown>\\\\n#18 0x7fa5b8094ac3 \\\\u003Cunknown>\\\\n\"}}'}\n\n    def check_response(self, response: Dict[str, Any]) -> None:\n        \"\"\"Checks that a JSON response from the WebDriver does not have an\n        error.\n    \n        :Args:\n         - response - The JSON response from the WebDriver server as a dictionary\n           object.\n    \n        :Raises: If the response contains an error message.\n        \"\"\"\n        status = response.get(\"status\", None)\n        if not status or status == ErrorCode.SUCCESS:\n            return\n        value = None\n        message = response.get(\"message\", \"\")\n        screen: str = response.get(\"screen\", \"\")\n        stacktrace = None\n        if isinstance(status, int):\n            value_json = response.get(\"value\", None)\n            if value_json and isinstance(value_json, str):\n                import json\n    \n                try:\n                    value = json.loads(value_json)\n                    if len(value) == 1:\n                        value = value[\"value\"]\n                    status = value.get(\"error\", None)\n                    if not status:\n                        status = value.get(\"status\", ErrorCode.UNKNOWN_ERROR)\n                        message = value.get(\"value\") or value.get(\"message\")\n                        if not isinstance(message, str):\n                            value = message\n                            message = message.get(\"message\")\n                    else:\n                        message = value.get(\"message\", None)\n                except ValueError:\n                    pass\n    \n        exception_class: Type[WebDriverException]\n        e = ErrorCode()\n        error_codes = [item for item in dir(e) if not item.startswith(\"__\")]\n        for error_code in error_codes:\n            error_info = getattr(ErrorCode, error_code)\n            if isinstance(error_info, list) and status in error_info:\n                exception_class = getattr(ExceptionMapping, error_code, WebDriverException)\n                break\n        else:\n            exception_class = WebDriverException\n    \n        if not value:\n            value = response[\"value\"]\n        if isinstance(value, str):\n            raise exception_class(value)\n        if message == \"\" and \"message\" in value:\n            message = value[\"message\"]\n    \n        screen = None  # type: ignore[assignment]\n        if \"screen\" in value:\n            screen = value[\"screen\"]\n    \n        stacktrace = None\n        st_value = value.get(\"stackTrace\") or value.get(\"stacktrace\")\n        if st_value:\n            if isinstance(st_value, str):\n                stacktrace = st_value.split(\"\\n\")\n            else:\n                stacktrace = []\n                try:\n                    for frame in st_value:\n                        line = frame.get(\"lineNumber\", \"\")\n                        file = frame.get(\"fileName\", \"<anonymous>\")\n                        if line:\n                            file = f\"{file}:{line}\"\n                        meth = frame.get(\"methodName\", \"<anonymous>\")\n                        if \"className\" in frame:\n                            meth = f\"{frame['className']}.{meth}\"\n                        msg = \"    at %s (%s)\"\n                        msg = msg % (meth, file)\n                        stacktrace.append(msg)\n                except TypeError:\n                    pass\n        if exception_class == UnexpectedAlertPresentException:\n            alert_text = None\n            if \"data\" in value:\n                alert_text = value[\"data\"].get(\"text\")\n            elif \"alert\" in value:\n                alert_text = value[\"alert\"].get(\"text\")\n            raise exception_class(message, screen, stacktrace, alert_text)  # type: ignore[call-arg]  # mypy is not smart enough here\n>       raise exception_class(message, screen, stacktrace)\nE       selenium.common.exceptions.NoSuchElementException: Message: no such element: Unable to locate element: {\"method\":\"css selector\",\"selector\":\"div:nth-child(1) > span.localization_btn__9zIyt\"}\nE         (Session info: chrome=130.0.6723.91); For documentation on this error, please visit: https://www.selenium.dev/documentation/webdriver/troubleshooting/errors#no-such-element-exception\nE       Stacktrace:\nE       #0 0x5576833946da <unknown>\nE       #1 0x557682ea8f80 <unknown>\nE       #2 0x557682ef5b46 <unknown>\nE       #3 0x557682ef5de1 <unknown>\nE       #4 0x557682f3b174 <unknown>\nE       #5 0x557682f19bdd <unknown>\nE       #6 0x557682f3869d <unknown>\nE       #7 0x557682f19953 <unknown>\nE       #8 0x557682ee872e <unknown>\nE       #9 0x557682ee979e <unknown>\nE       #10 0x55768335ff1b <unknown>\nE       #11 0x557683363eb8 <unknown>\nE       #12 0x55768334d42c <unknown>\nE       #13 0x557683364a37 <unknown>\nE       #14 0x557683331fef <unknown>\nE       #15 0x557683382ad8 <unknown>\nE       #16 0x557683382ca0 <unknown>\nE       #17 0x557683393556 <unknown>\nE       #18 0x7fa5b8094ac3 <unknown>\n\n../../../.cache/pypoetry/virtualenvs/testcapitalcompyse-CcJ6hTD8-py3.12/lib/python3.12/site-packages/selenium/webdriver/remote/errorhandler.py:229: NoSuchElementException","flaky":false,"newFailed":false,"newBroken":false,"newPassed":false,"retriesCount":0,"retriesStatusChange":false,"beforeStages":[{"name":"d","time":{"start":1731285361133,"stop":1731285361882,"duration":749},"status":"passed","steps":[],"attachments":[],"parameters":[],"shouldDisplayMessage":false,"stepsCount":0,"attachmentsCount":0,"hasContent":false,"attachmentStep":false},{"name":"cur_login","time":{"start":1731285361882,"stop":1731285361882,"duration":0},"status":"passed","steps":[],"attachments":[],"parameters":[],"shouldDisplayMessage":false,"stepsCount":0,"attachmentsCount":0,"hasContent":false,"attachmentStep":false},{"name":"cur_password","time":{"start":1731285361882,"stop":1731285361882,"duration":0},"status":"passed","steps":[],"attachments":[],"parameters":[],"shouldDisplayMessage":false,"stepsCount":0,"attachmentsCount":0,"hasContent":false,"attachmentStep":false},{"name":"worker_id","time":{"start":1731285361882,"stop":1731285361882,"duration":0},"status":"passed","steps":[],"attachments":[],"parameters":[],"shouldDisplayMessage":false,"stepsCount":0,"attachmentsCount":0,"hasContent":false,"attachmentStep":false}],"testStage":{"description":"\n        Check: Web pages with URLs of the FCA license are opened after clicking any of 5 links in the block “Italy 40”\n            on the page “Italy 40” when SCA license and EN language is selected.\n        Language: EN\n        License: SCA\n        Author: Kasila\n        ","status":"broken","statusMessage":"selenium.common.exceptions.NoSuchElementException: Message: no such element: Unable to locate element: {\"method\":\"css selector\",\"selector\":\"div:nth-child(1) > span.localization_btn__9zIyt\"}\n  (Session info: chrome=130.0.6723.91); For documentation on this error, please visit: https://www.selenium.dev/documentation/webdriver/troubleshooting/errors#no-such-element-exception\nStacktrace:\n#0 0x5576833946da <unknown>\n#1 0x557682ea8f80 <unknown>\n#2 0x557682ef5b46 <unknown>\n#3 0x557682ef5de1 <unknown>\n#4 0x557682f3b174 <unknown>\n#5 0x557682f19bdd <unknown>\n#6 0x557682f3869d <unknown>\n#7 0x557682f19953 <unknown>\n#8 0x557682ee872e <unknown>\n#9 0x557682ee979e <unknown>\n#10 0x55768335ff1b <unknown>\n#11 0x557683363eb8 <unknown>\n#12 0x55768334d42c <unknown>\n#13 0x557683364a37 <unknown>\n#14 0x557683331fef <unknown>\n#15 0x557683382ad8 <unknown>\n#16 0x557683382ca0 <unknown>\n#17 0x557683393556 <unknown>\n#18 0x7fa5b8094ac3 <unknown>","statusTrace":"self = <US_55-tassobaccato_ReTestsManual_test.TestManualDetectedBugs object at 0x7f9011f53710>\nworker_id = 'master'\nd = <selenium.webdriver.chrome.webdriver.WebDriver (session=\"032f0dae1f6302d5cdd344d0d87ea47f\")>\ncur_language = 'en', cur_country = 'ae', cur_role = 'Auth'\ncur_login = 'test001.miketar+1@gmail.com', cur_password = 'Qwer1234-!@#$'\n\n    @allure.step('Start retest manual AT_55!360 that the same license remains after clicking any of 5 links in the block'\n        ' “Italy 40” on the page “Italy 40” when SCA license and EN language is selected')\n    @pytest.mark.parametrize('cur_language', ['en'])\n    @pytest.mark.parametrize('cur_country', ['ae'])\n    @pytest.mark.parametrize('cur_role', [\"NoReg\", \"Auth\", \"NoAuth\"])\n    @pytest.mark.bug_360\n    def test_360(self, worker_id, d, cur_language, cur_country, cur_role, cur_login, cur_password):\n        \"\"\"\n        Check: Web pages with URLs of the FCA license are opened after clicking any of 5 links in the block “Italy 40”\n            on the page “Italy 40” when SCA license and EN language is selected.\n        Language: EN\n        License: SCA\n        Author: Kasila\n        \"\"\"\n    \n        bid = build_dynamic_arg_for_us_55(\n            d, worker_id, cur_language, cur_country, cur_role,\n            \"55\", \"ReTests of Manual Detected Bugs\",\n            \"360\", 'The same license, SCA (AE country), remains after clicking any of 5 links in the block'\n                   ' “Italy 40”'\n        )\n    \n        link = conditions_switch(d, cur_language, cur_country, cur_role, cur_login, cur_password)\n    \n        menu = MenuNewIndices(d, link)\n        cur_item_link = menu.from_markets_menu_open_indices(d, cur_language, cur_country, link)\n    \n        test_element = IndicesItaly40(d, cur_item_link, bid)\n        test_element.arrange_v2(d, cur_item_link, link)\n        test_element.element_click(d, link)\n>       test_element.assert_()\n\ntests/US_55_ReTestsManual/tassobaccato/US_55-tassobaccato_ReTestsManual_test.py:360: \n_ _ _ _ _ _ _ _ _ _ _ _ _ _ _ _ _ _ _ _ _ _ _ _ _ _ _ _ _ _ _ _ _ _ _ _ _ _ _ _ \npages/BugsManual/bug_360.py:105: in assert_\n    actual = self.driver.find_element(By.CSS_SELECTOR,\n../../../.cache/pypoetry/virtualenvs/testcapitalcompyse-CcJ6hTD8-py3.12/lib/python3.12/site-packages/selenium/webdriver/remote/webdriver.py:766: in find_element\n    return self.execute(Command.FIND_ELEMENT, {\"using\": by, \"value\": value})[\"value\"]\n../../../.cache/pypoetry/virtualenvs/testcapitalcompyse-CcJ6hTD8-py3.12/lib/python3.12/site-packages/selenium/webdriver/remote/webdriver.py:380: in execute\n    self.error_handler.check_response(response)\n_ _ _ _ _ _ _ _ _ _ _ _ _ _ _ _ _ _ _ _ _ _ _ _ _ _ _ _ _ _ _ _ _ _ _ _ _ _ _ _ \n\nself = <selenium.webdriver.remote.errorhandler.ErrorHandler object at 0x7f901140f860>\nresponse = {'status': 404, 'value': '{\"value\":{\"error\":\"no such element\",\"message\":\"no such element: Unable to locate element: {\\...\\\\n#16 0x557683382ca0 \\\\u003Cunknown>\\\\n#17 0x557683393556 \\\\u003Cunknown>\\\\n#18 0x7fa5b8094ac3 \\\\u003Cunknown>\\\\n\"}}'}\n\n    def check_response(self, response: Dict[str, Any]) -> None:\n        \"\"\"Checks that a JSON response from the WebDriver does not have an\n        error.\n    \n        :Args:\n         - response - The JSON response from the WebDriver server as a dictionary\n           object.\n    \n        :Raises: If the response contains an error message.\n        \"\"\"\n        status = response.get(\"status\", None)\n        if not status or status == ErrorCode.SUCCESS:\n            return\n        value = None\n        message = response.get(\"message\", \"\")\n        screen: str = response.get(\"screen\", \"\")\n        stacktrace = None\n        if isinstance(status, int):\n            value_json = response.get(\"value\", None)\n            if value_json and isinstance(value_json, str):\n                import json\n    \n                try:\n                    value = json.loads(value_json)\n                    if len(value) == 1:\n                        value = value[\"value\"]\n                    status = value.get(\"error\", None)\n                    if not status:\n                        status = value.get(\"status\", ErrorCode.UNKNOWN_ERROR)\n                        message = value.get(\"value\") or value.get(\"message\")\n                        if not isinstance(message, str):\n                            value = message\n                            message = message.get(\"message\")\n                    else:\n                        message = value.get(\"message\", None)\n                except ValueError:\n                    pass\n    \n        exception_class: Type[WebDriverException]\n        e = ErrorCode()\n        error_codes = [item for item in dir(e) if not item.startswith(\"__\")]\n        for error_code in error_codes:\n            error_info = getattr(ErrorCode, error_code)\n            if isinstance(error_info, list) and status in error_info:\n                exception_class = getattr(ExceptionMapping, error_code, WebDriverException)\n                break\n        else:\n            exception_class = WebDriverException\n    \n        if not value:\n            value = response[\"value\"]\n        if isinstance(value, str):\n            raise exception_class(value)\n        if message == \"\" and \"message\" in value:\n            message = value[\"message\"]\n    \n        screen = None  # type: ignore[assignment]\n        if \"screen\" in value:\n            screen = value[\"screen\"]\n    \n        stacktrace = None\n        st_value = value.get(\"stackTrace\") or value.get(\"stacktrace\")\n        if st_value:\n            if isinstance(st_value, str):\n                stacktrace = st_value.split(\"\\n\")\n            else:\n                stacktrace = []\n                try:\n                    for frame in st_value:\n                        line = frame.get(\"lineNumber\", \"\")\n                        file = frame.get(\"fileName\", \"<anonymous>\")\n                        if line:\n                            file = f\"{file}:{line}\"\n                        meth = frame.get(\"methodName\", \"<anonymous>\")\n                        if \"className\" in frame:\n                            meth = f\"{frame['className']}.{meth}\"\n                        msg = \"    at %s (%s)\"\n                        msg = msg % (meth, file)\n                        stacktrace.append(msg)\n                except TypeError:\n                    pass\n        if exception_class == UnexpectedAlertPresentException:\n            alert_text = None\n            if \"data\" in value:\n                alert_text = value[\"data\"].get(\"text\")\n            elif \"alert\" in value:\n                alert_text = value[\"alert\"].get(\"text\")\n            raise exception_class(message, screen, stacktrace, alert_text)  # type: ignore[call-arg]  # mypy is not smart enough here\n>       raise exception_class(message, screen, stacktrace)\nE       selenium.common.exceptions.NoSuchElementException: Message: no such element: Unable to locate element: {\"method\":\"css selector\",\"selector\":\"div:nth-child(1) > span.localization_btn__9zIyt\"}\nE         (Session info: chrome=130.0.6723.91); For documentation on this error, please visit: https://www.selenium.dev/documentation/webdriver/troubleshooting/errors#no-such-element-exception\nE       Stacktrace:\nE       #0 0x5576833946da <unknown>\nE       #1 0x557682ea8f80 <unknown>\nE       #2 0x557682ef5b46 <unknown>\nE       #3 0x557682ef5de1 <unknown>\nE       #4 0x557682f3b174 <unknown>\nE       #5 0x557682f19bdd <unknown>\nE       #6 0x557682f3869d <unknown>\nE       #7 0x557682f19953 <unknown>\nE       #8 0x557682ee872e <unknown>\nE       #9 0x557682ee979e <unknown>\nE       #10 0x55768335ff1b <unknown>\nE       #11 0x557683363eb8 <unknown>\nE       #12 0x55768334d42c <unknown>\nE       #13 0x557683364a37 <unknown>\nE       #14 0x557683331fef <unknown>\nE       #15 0x557683382ad8 <unknown>\nE       #16 0x557683382ca0 <unknown>\nE       #17 0x557683393556 <unknown>\nE       #18 0x7fa5b8094ac3 <unknown>\n\n../../../.cache/pypoetry/virtualenvs/testcapitalcompyse-CcJ6hTD8-py3.12/lib/python3.12/site-packages/selenium/webdriver/remote/errorhandler.py:229: NoSuchElementException","steps":[{"name":"Start retest manual AT_55!360 that the same license remains after clicking any of 5 links in the block “Italy 40” on the page “Italy 40” when SCA license and EN language is selected","time":{"start":1731286537020,"stop":1731286577394,"duration":40374},"status":"broken","statusMessage":"selenium.common.exceptions.NoSuchElementException: Message: no such element: Unable to locate element: {\"method\":\"css selector\",\"selector\":\"div:nth-child(1) > span.localization_btn__9zIyt\"}\n  (Session info: chrome=130.0.6723.91); For documentation on this error, please visit: https://www.selenium.dev/documentation/webdriver/troubleshooting/errors#no-such-element-exception\nStacktrace:\n#0 0x5576833946da <unknown>\n#1 0x557682ea8f80 <unknown>\n#2 0x557682ef5b46 <unknown>\n#3 0x557682ef5de1 <unknown>\n#4 0x557682f3b174 <unknown>\n#5 0x557682f19bdd <unknown>\n#6 0x557682f3869d <unknown>\n#7 0x557682f19953 <unknown>\n#8 0x557682ee872e <unknown>\n#9 0x557682ee979e <unknown>\n#10 0x55768335ff1b <unknown>\n#11 0x557683363eb8 <unknown>\n#12 0x55768334d42c <unknown>\n#13 0x557683364a37 <unknown>\n#14 0x557683331fef <unknown>\n#15 0x557683382ad8 <unknown>\n#16 0x557683382ca0 <unknown>\n#17 0x557683393556 <unknown>\n#18 0x7fa5b8094ac3 <unknown>\n\n","statusTrace":"  File \"/home/runner/.cache/pypoetry/virtualenvs/testcapitalcompyse-CcJ6hTD8-py3.12/lib/python3.12/site-packages/allure_commons/_allure.py\", line 192, in impl\n    return func(*a, **kw)\n           ^^^^^^^^^^^^^^\n  File \"/home/runner/work/TestCapitalComPySe/TestCapitalComPySe/tests/US_55_ReTestsManual/tassobaccato/US_55-tassobaccato_ReTestsManual_test.py\", line 360, in test_360\n    test_element.assert_()\n  File \"/home/runner/.cache/pypoetry/virtualenvs/testcapitalcompyse-CcJ6hTD8-py3.12/lib/python3.12/site-packages/allure_commons/_allure.py\", line 192, in impl\n    return func(*a, **kw)\n           ^^^^^^^^^^^^^^\n  File \"/home/runner/work/TestCapitalComPySe/TestCapitalComPySe/pages/BugsManual/bug_360.py\", line 105, in assert_\n    actual = self.driver.find_element(By.CSS_SELECTOR,\n             ^^^^^^^^^^^^^^^^^^^^^^^^^^^^^^^^^^^^^^^^^\n  File \"/home/runner/.cache/pypoetry/virtualenvs/testcapitalcompyse-CcJ6hTD8-py3.12/lib/python3.12/site-packages/selenium/webdriver/remote/webdriver.py\", line 766, in find_element\n    return self.execute(Command.FIND_ELEMENT, {\"using\": by, \"value\": value})[\"value\"]\n           ^^^^^^^^^^^^^^^^^^^^^^^^^^^^^^^^^^^^^^^^^^^^^^^^^^^^^^^^^^^^^^^^^\n  File \"/home/runner/.cache/pypoetry/virtualenvs/testcapitalcompyse-CcJ6hTD8-py3.12/lib/python3.12/site-packages/selenium/webdriver/remote/webdriver.py\", line 380, in execute\n    self.error_handler.check_response(response)\n  File \"/home/runner/.cache/pypoetry/virtualenvs/testcapitalcompyse-CcJ6hTD8-py3.12/lib/python3.12/site-packages/selenium/webdriver/remote/errorhandler.py\", line 229, in check_response\n    raise exception_class(message, screen, stacktrace)\n","steps":[{"name":"Build dynamic argument for TCs of US_55","time":{"start":1731286537020,"stop":1731286537021,"duration":1},"status":"passed","steps":[],"attachments":[],"parameters":[{"name":"d","value":"<selenium.webdriver.chrome.webdriver.WebDriver (session=\"032f0dae1f6302d5cdd344d0d87ea47f\")>"},{"name":"worker_id","value":"'master'"},{"name":"cur_language","value":"'en'"},{"name":"cur_country","value":"'ae'"},{"name":"cur_role","value":"'Auth'"},{"name":"us","value":"'55'"},{"name":"desc_us","value":"'ReTests of Manual Detected Bugs'"},{"name":"num_tc","value":"'360'"},{"name":"desc_tc","value":"'The same license, SCA (AE country), remains after clicking any of 5 links in the block “Italy 40”'"},{"name":"manual","value":"False"},{"name":"new_layout","value":"False"}],"shouldDisplayMessage":false,"stepsCount":0,"attachmentsCount":0,"hasContent":true,"attachmentStep":false},{"name":"   Set New preconditions","time":{"start":1731286537022,"stop":1731286550675,"duration":13653},"status":"passed","steps":[{"name":"2024-11-11 00:36:01.109973   Start Authorisation","time":{"start":1731286544351,"stop":1731286547432,"duration":3081},"status":"passed","steps":[],"attachments":[],"parameters":[{"name":"d","value":"<selenium.webdriver.chrome.webdriver.WebDriver (session=\"032f0dae1f6302d5cdd344d0d87ea47f\")>"},{"name":"link","value":"'https://capital.com/en-gb'"},{"name":"login","value":"'test001.miketar+1@gmail.com'"},{"name":"password","value":"'Qwer1234-!@#$'"},{"name":"cur_role","value":"'Auth'"}],"shouldDisplayMessage":false,"stepsCount":0,"attachmentsCount":0,"hasContent":true,"attachmentStep":false},{"name":"2024-11-11 00:36:01.109996   Set language and country","time":{"start":1731286547433,"stop":1731286550588,"duration":3155},"status":"passed","steps":[],"attachments":[],"parameters":[{"name":"d","value":"<selenium.webdriver.chrome.webdriver.WebDriver (session=\"032f0dae1f6302d5cdd344d0d87ea47f\")>"},{"name":"cur_language","value":"'en'"},{"name":"cur_country","value":"'ae'"}],"shouldDisplayMessage":false,"stepsCount":0,"attachmentsCount":0,"hasContent":true,"attachmentStep":false}],"attachments":[],"parameters":[{"name":"d","value":"<selenium.webdriver.chrome.webdriver.WebDriver (session=\"032f0dae1f6302d5cdd344d0d87ea47f\")>"},{"name":"host","value":"'https://capital.com/en-gb'"},{"name":"end_point","value":"''"},{"name":"cur_language","value":"'en'"},{"name":"cur_country","value":"'ae'"},{"name":"cur_role","value":"'Auth'"},{"name":"cur_login","value":"'test001.miketar+1@gmail.com'"},{"name":"cur_password","value":"'Qwer1234-!@#$'"}],"shouldDisplayMessage":false,"stepsCount":2,"attachmentsCount":0,"hasContent":true,"attachmentStep":false},{"name":"Select \"Markets\" menu, \"Indices\" submenu","time":{"start":1731286550675,"stop":1731286558884,"duration":8209},"status":"passed","steps":[],"attachments":[],"parameters":[{"name":"d","value":"<selenium.webdriver.chrome.webdriver.WebDriver (session=\"032f0dae1f6302d5cdd344d0d87ea47f\")>"},{"name":"cur_language","value":"'en'"},{"name":"cur_country","value":"'ae'"},{"name":"link","value":"'https://capital.com/en-ae'"}],"shouldDisplayMessage":false,"stepsCount":0,"attachmentsCount":0,"hasContent":true,"attachmentStep":false},{"name":"2024-11-11 00:36:00.936192   Assert","time":{"start":1731286572342,"stop":1731286577393,"duration":5051},"status":"broken","statusMessage":"selenium.common.exceptions.NoSuchElementException: Message: no such element: Unable to locate element: {\"method\":\"css selector\",\"selector\":\"div:nth-child(1) > span.localization_btn__9zIyt\"}\n  (Session info: chrome=130.0.6723.91); For documentation on this error, please visit: https://www.selenium.dev/documentation/webdriver/troubleshooting/errors#no-such-element-exception\nStacktrace:\n#0 0x5576833946da <unknown>\n#1 0x557682ea8f80 <unknown>\n#2 0x557682ef5b46 <unknown>\n#3 0x557682ef5de1 <unknown>\n#4 0x557682f3b174 <unknown>\n#5 0x557682f19bdd <unknown>\n#6 0x557682f3869d <unknown>\n#7 0x557682f19953 <unknown>\n#8 0x557682ee872e <unknown>\n#9 0x557682ee979e <unknown>\n#10 0x55768335ff1b <unknown>\n#11 0x557683363eb8 <unknown>\n#12 0x55768334d42c <unknown>\n#13 0x557683364a37 <unknown>\n#14 0x557683331fef <unknown>\n#15 0x557683382ad8 <unknown>\n#16 0x557683382ca0 <unknown>\n#17 0x557683393556 <unknown>\n#18 0x7fa5b8094ac3 <unknown>\n\n","statusTrace":"  File \"/home/runner/.cache/pypoetry/virtualenvs/testcapitalcompyse-CcJ6hTD8-py3.12/lib/python3.12/site-packages/allure_commons/_allure.py\", line 192, in impl\n    return func(*a, **kw)\n           ^^^^^^^^^^^^^^\n  File \"/home/runner/work/TestCapitalComPySe/TestCapitalComPySe/pages/BugsManual/bug_360.py\", line 105, in assert_\n    actual = self.driver.find_element(By.CSS_SELECTOR,\n             ^^^^^^^^^^^^^^^^^^^^^^^^^^^^^^^^^^^^^^^^^\n  File \"/home/runner/.cache/pypoetry/virtualenvs/testcapitalcompyse-CcJ6hTD8-py3.12/lib/python3.12/site-packages/selenium/webdriver/remote/webdriver.py\", line 766, in find_element\n    return self.execute(Command.FIND_ELEMENT, {\"using\": by, \"value\": value})[\"value\"]\n           ^^^^^^^^^^^^^^^^^^^^^^^^^^^^^^^^^^^^^^^^^^^^^^^^^^^^^^^^^^^^^^^^^\n  File \"/home/runner/.cache/pypoetry/virtualenvs/testcapitalcompyse-CcJ6hTD8-py3.12/lib/python3.12/site-packages/selenium/webdriver/remote/webdriver.py\", line 380, in execute\n    self.error_handler.check_response(response)\n  File \"/home/runner/.cache/pypoetry/virtualenvs/testcapitalcompyse-CcJ6hTD8-py3.12/lib/python3.12/site-packages/selenium/webdriver/remote/errorhandler.py\", line 229, in check_response\n    raise exception_class(message, screen, stacktrace)\n","steps":[],"attachments":[],"parameters":[],"shouldDisplayMessage":true,"stepsCount":0,"attachmentsCount":0,"hasContent":true,"attachmentStep":false}],"attachments":[],"parameters":[{"name":"worker_id","value":"'master'"},{"name":"d","value":"<selenium.webdriver.chrome.webdriver.WebDriver (session=\"032f0dae1f6302d5cdd344d0d87ea47f\")>"},{"name":"cur_language","value":"'en'"},{"name":"cur_country","value":"'ae'"},{"name":"cur_role","value":"'Auth'"},{"name":"cur_login","value":"'test001.miketar+1@gmail.com'"},{"name":"cur_password","value":"'Qwer1234-!@#$'"}],"shouldDisplayMessage":false,"stepsCount":6,"attachmentsCount":0,"hasContent":true,"attachmentStep":false}],"attachments":[{"uid":"5ca41ee56e6a04a3","name":"Screenshot","source":"5ca41ee56e6a04a3.png","type":"image/png","size":156375},{"uid":"38ba7f3595274d","name":"stdout","source":"38ba7f3595274d.txt","type":"text/plain","size":5248}],"parameters":[],"shouldDisplayMessage":true,"stepsCount":7,"attachmentsCount":2,"hasContent":true,"attachmentStep":false},"afterStages":[{"name":"d::0","time":{"start":1731287220695,"stop":1731287220981,"duration":286},"status":"passed","steps":[],"attachments":[],"parameters":[],"shouldDisplayMessage":false,"stepsCount":0,"attachmentsCount":0,"hasContent":false,"attachmentStep":false}],"labels":[{"name":"epic","value":"TC_55!360 | The same license, SCA (AE country), remains after clicking any of 5 links in the block “Italy 40”"},{"name":"feature","value":"Role: Auth"},{"name":"story","value":"Country: ae"},{"name":"tag","value":"bug_360"},{"name":"tag","value":"us_55"},{"name":"parentSuite","value":"tests.US_55_ReTestsManual.tassobaccato"},{"name":"suite","value":"US_55-tassobaccato_ReTestsManual_test"},{"name":"subSuite","value":"TestManualDetectedBugs"},{"name":"host","value":"fv-az775-154"},{"name":"thread","value":"40595-MainThread"},{"name":"framework","value":"pytest"},{"name":"language","value":"cpython3"},{"name":"package","value":"tests.US_55_ReTestsManual.tassobaccato.US_55-tassobaccato_ReTestsManual_test"},{"name":"resultFormat","value":"allure2"}],"parameters":[{"name":"cur_country","value":"'ae'"},{"name":"cur_language","value":"'en'"},{"name":"cur_login","value":"'test001.miketar+1@gmail.com'"},{"name":"cur_password","value":"'Qwer1234-!@#$'"},{"name":"cur_role","value":"'Auth'"},{"name":"d","value":"'Chrome'"}],"links":[],"hidden":false,"retry":false,"extra":{"severity":"normal","retries":[],"categories":[{"name":"Test defects","matchedStatuses":[],"flaky":false}],"history":{"statistic":{"failed":8,"broken":4,"skipped":0,"passed":0,"unknown":0,"total":12},"items":[{"uid":"386b060c9c29361","reportUrl":"https://AlexTomAQA.github.io/TestCapitalComPySe/216//#testresult/386b060c9c29361","status":"broken","statusDetails":"selenium.common.exceptions.NoSuchElementException: Message: no such element: Unable to locate element: {\"method\":\"css selector\",\"selector\":\"div:nth-child(1) > span.localization_btn__9zIyt\"}\n  (Session info: chrome=130.0.6723.91); For documentation on this error, please visit: https://www.selenium.dev/documentation/webdriver/troubleshooting/errors#no-such-element-exception\nStacktrace:\n#0 0x55a08c6c06da <unknown>\n#1 0x55a08c1d4f80 <unknown>\n#2 0x55a08c221b46 <unknown>\n#3 0x55a08c221de1 <unknown>\n#4 0x55a08c267174 <unknown>\n#5 0x55a08c245bdd <unknown>\n#6 0x55a08c26469d <unknown>\n#7 0x55a08c245953 <unknown>\n#8 0x55a08c21472e <unknown>\n#9 0x55a08c21579e <unknown>\n#10 0x55a08c68bf1b <unknown>\n#11 0x55a08c68feb8 <unknown>\n#12 0x55a08c67942c <unknown>\n#13 0x55a08c690a37 <unknown>\n#14 0x55a08c65dfef <unknown>\n#15 0x55a08c6aead8 <unknown>\n#16 0x55a08c6aeca0 <unknown>\n#17 0x55a08c6bf556 <unknown>\n#18 0x7f68e8e94ac3 <unknown>","time":{"start":1731199134855,"stop":1731199175762,"duration":40907}},{"uid":"40b20c1046c5970d","reportUrl":"https://AlexTomAQA.github.io/TestCapitalComPySe/215//#testresult/40b20c1046c5970d","status":"broken","statusDetails":"selenium.common.exceptions.NoSuchElementException: Message: no such element: Unable to locate element: {\"method\":\"css selector\",\"selector\":\"div:nth-child(1) > span.localization_btn__9zIyt\"}\n  (Session info: chrome=130.0.6723.91); For documentation on this error, please visit: https://www.selenium.dev/documentation/webdriver/troubleshooting/errors#no-such-element-exception\nStacktrace:\n#0 0x563d4df026da <unknown>\n#1 0x563d4da16f80 <unknown>\n#2 0x563d4da63b46 <unknown>\n#3 0x563d4da63de1 <unknown>\n#4 0x563d4daa9174 <unknown>\n#5 0x563d4da87bdd <unknown>\n#6 0x563d4daa669d <unknown>\n#7 0x563d4da87953 <unknown>\n#8 0x563d4da5672e <unknown>\n#9 0x563d4da5779e <unknown>\n#10 0x563d4decdf1b <unknown>\n#11 0x563d4ded1eb8 <unknown>\n#12 0x563d4debb42c <unknown>\n#13 0x563d4ded2a37 <unknown>\n#14 0x563d4de9ffef <unknown>\n#15 0x563d4def0ad8 <unknown>\n#16 0x563d4def0ca0 <unknown>\n#17 0x563d4df01556 <unknown>\n#18 0x7f6327494ac3 <unknown>","time":{"start":1731113318992,"stop":1731113356165,"duration":37173}},{"uid":"a5c0f6c7c1e1a4ed","reportUrl":"https://AlexTomAQA.github.io/TestCapitalComPySe/214//#testresult/a5c0f6c7c1e1a4ed","status":"broken","statusDetails":"selenium.common.exceptions.NoSuchElementException: Message: no such element: Unable to locate element: {\"method\":\"css selector\",\"selector\":\"div:nth-child(1) > span.localization_btn__9zIyt\"}\n  (Session info: chrome=130.0.6723.91); For documentation on this error, please visit: https://www.selenium.dev/documentation/webdriver/troubleshooting/errors#no-such-element-exception\nStacktrace:\n#0 0x55b97c45b6da <unknown>\n#1 0x55b97bf6ff80 <unknown>\n#2 0x55b97bfbcb46 <unknown>\n#3 0x55b97bfbcde1 <unknown>\n#4 0x55b97c002174 <unknown>\n#5 0x55b97bfe0bdd <unknown>\n#6 0x55b97bfff69d <unknown>\n#7 0x55b97bfe0953 <unknown>\n#8 0x55b97bfaf72e <unknown>\n#9 0x55b97bfb079e <unknown>\n#10 0x55b97c426f1b <unknown>\n#11 0x55b97c42aeb8 <unknown>\n#12 0x55b97c41442c <unknown>\n#13 0x55b97c42ba37 <unknown>\n#14 0x55b97c3f8fef <unknown>\n#15 0x55b97c449ad8 <unknown>\n#16 0x55b97c449ca0 <unknown>\n#17 0x55b97c45a556 <unknown>\n#18 0x7f6c1b294ac3 <unknown>","time":{"start":1731027352354,"stop":1731027389946,"duration":37592}},{"uid":"f7e3ab0309fd4d61","reportUrl":"https://AlexTomAQA.github.io/TestCapitalComPySe/213//#testresult/f7e3ab0309fd4d61","status":"failed","statusDetails":"Failed: #Bug # 55!360 \nExpected result: The page with the selected country (United Arab Emirates) is opened\nActual result: The page with a country (United Kingdom) other than the selected one (United Arab Emirates) is opened","time":{"start":1730941298498,"stop":1730941333005,"duration":34507}},{"uid":"1ccd7fb001c12c83","reportUrl":"https://AlexTomAQA.github.io/TestCapitalComPySe/212//#testresult/1ccd7fb001c12c83","status":"failed","statusDetails":"Failed: #Bug # 55!360 \nExpected result: The page with the selected country (United Arab Emirates) is opened\nActual result: The page with a country () other than the selected one (United Arab Emirates) is opened","time":{"start":1730853481099,"stop":1730853513759,"duration":32660}},{"uid":"b5626c0e8e4b0059","reportUrl":"https://AlexTomAQA.github.io/TestCapitalComPySe/211//#testresult/b5626c0e8e4b0059","status":"failed","statusDetails":"Failed: #Bug # 55!360 \nExpected result: The page with the selected country (United Arab Emirates) is opened\nActual result: The page with a country () other than the selected one (United Arab Emirates) is opened","time":{"start":1730786590005,"stop":1730786623013,"duration":33008}},{"uid":"8cd77165c09aaa96","reportUrl":"https://AlexTomAQA.github.io/TestCapitalComPySe/210//#testresult/8cd77165c09aaa96","status":"failed","statusDetails":"Failed: #Bug # 55!360 \nExpected result: The page with the selected country (United Arab Emirates) is opened\nActual result: The page with a country () other than the selected one (United Arab Emirates) is opened","time":{"start":1730766916231,"stop":1730766945681,"duration":29450}},{"uid":"ae6764be938134dd","reportUrl":"https://AlexTomAQA.github.io/TestCapitalComPySe/209//#testresult/ae6764be938134dd","status":"failed","statusDetails":"Failed: #Bug # 55!360 \nExpected result: The page with the selected country (United Arab Emirates) is opened\nActual result: The page with a country (United Kingdom) other than the selected one (United Arab Emirates) is opened","time":{"start":1730679578650,"stop":1730679608824,"duration":30174}},{"uid":"1fd27bc7e4391fa3","reportUrl":"https://AlexTomAQA.github.io/TestCapitalComPySe/208//#testresult/1fd27bc7e4391fa3","status":"failed","statusDetails":"Failed: #Bug # 55!360 \nExpected result: The page with the selected country (United Arab Emirates) is opened\nActual result: The page with a country (United Kingdom) other than the selected one (United Arab Emirates) is opened","time":{"start":1730593396005,"stop":1730593424976,"duration":28971}},{"uid":"e24eaa0f7e22710e","reportUrl":"https://AlexTomAQA.github.io/TestCapitalComPySe/207//#testresult/e24eaa0f7e22710e","status":"failed","statusDetails":"Failed: #Bug # 55!360 \nExpected result: The page with the selected country (United Arab Emirates) is opened\nActual result: The page with a country (United Kingdom) other than the selected one (United Arab Emirates) is opened","time":{"start":1730524122903,"stop":1730524153119,"duration":30216}},{"uid":"e9b6f44486f3c7f","reportUrl":"https://AlexTomAQA.github.io/TestCapitalComPySe/206//#testresult/e9b6f44486f3c7f","status":"failed","statusDetails":"Failed: #Bug # 55!360 \nExpected result: The page with the selected country (United Arab Emirates) is opened\nActual result: The page with a country () other than the selected one (United Arab Emirates) is opened","time":{"start":1730506685121,"stop":1730506714653,"duration":29532}}]},"tags":["bug_360","us_55"]},"source":"44f4c1d7e60b57db.json","parameterValues":["'ae'","'en'","'test001.miketar+1@gmail.com'","'Qwer1234-!@#$'","'Auth'","'Chrome'"]}