2023-12-18 13:50:11 ERROR Unable to initialize WebDriver
2023-12-18 13:50:11 ERROR 
Traceback (most recent call last):
  File "/home/runner/work/TestCapitalComPySe/TestCapitalComPySe/pages/base_page.py", line 82, in inner_function
    return func(*args, **kwargs)
           ^^^^^^^^^^^^^^^^^^^^^
  File "/home/runner/work/TestCapitalComPySe/TestCapitalComPySe/pages/base_page.py", line 394, in element_is_visible
    return Wait(self.browser, timeout).until(
           ^^^^^^^^^^^^^^^^^^^^^^^^^^^^^^^^^^
  File "/home/runner/.cache/pypoetry/virtualenvs/testcapitalcom-CcJ6hTD8-py3.11/lib/python3.11/site-packages/selenium/webdriver/support/wait.py", line 105, in until
    raise TimeoutException(message, screen, stacktrace)
selenium.common.exceptions.TimeoutException: Message: 
Stacktrace:
#0 0x55f66d3afd33 <unknown>
#1 0x55f66d06cf87 <unknown>
#2 0x55f66d0bcc0e <unknown>
#3 0x55f66d0bcd11 <unknown>
#4 0x55f66d108004 <unknown>
#5 0x55f66d0e636d <unknown>
#6 0x55f66d105297 <unknown>
#7 0x55f66d0e60e3 <unknown>
#8 0x55f66d0ae044 <unknown>
#9 0x55f66d0af44e <unknown>
#10 0x55f66d374861 <unknown>
#11 0x55f66d378785 <unknown>
#12 0x55f66d362285 <unknown>
#13 0x55f66d37941f <unknown>
#14 0x55f66d34620f <unknown>
#15 0x55f66d39d028 <unknown>
#16 0x55f66d39d1f7 <unknown>
#17 0x55f66d3aeed4 <unknown>
#18 0x7f7b86494ac3 <unknown>

2023-12-18 13:50:16 ERROR Unable to initialize WebDriver
2023-12-18 13:50:16 ERROR 
Traceback (most recent call last):
  File "/home/runner/work/TestCapitalComPySe/TestCapitalComPySe/pages/base_page.py", line 82, in inner_function
    return func(*args, **kwargs)
           ^^^^^^^^^^^^^^^^^^^^^
  File "/home/runner/work/TestCapitalComPySe/TestCapitalComPySe/pages/base_page.py", line 394, in element_is_visible
    return Wait(self.browser, timeout).until(
           ^^^^^^^^^^^^^^^^^^^^^^^^^^^^^^^^^^
  File "/home/runner/.cache/pypoetry/virtualenvs/testcapitalcom-CcJ6hTD8-py3.11/lib/python3.11/site-packages/selenium/webdriver/support/wait.py", line 105, in until
    raise TimeoutException(message, screen, stacktrace)
selenium.common.exceptions.TimeoutException: Message: 
Stacktrace:
#0 0x55f66d3afd33 <unknown>
#1 0x55f66d06cf87 <unknown>
#2 0x55f66d0bcc0e <unknown>
#3 0x55f66d0bcd11 <unknown>
#4 0x55f66d108004 <unknown>
#5 0x55f66d0e636d <unknown>
#6 0x55f66d105297 <unknown>
#7 0x55f66d0e60e3 <unknown>
#8 0x55f66d0ae044 <unknown>
#9 0x55f66d0af44e <unknown>
#10 0x55f66d374861 <unknown>
#11 0x55f66d378785 <unknown>
#12 0x55f66d362285 <unknown>
#13 0x55f66d37941f <unknown>
#14 0x55f66d34620f <unknown>
#15 0x55f66d39d028 <unknown>
#16 0x55f66d39d1f7 <unknown>
#17 0x55f66d3aeed4 <unknown>
#18 0x7f7b86494ac3 <unknown>