2024-06-29 08:56:50 ERROR Elements not present after 0.5 seconds on page: https://capital.com/zh/search
2024-06-29 08:56:50 ERROR 
Traceback (most recent call last):
  File "/home/runner/work/TestCapitalComPySe/TestCapitalComPySe/pages/base_page.py", line 86, in inner_function
    return func(*args, **kwargs)
           ^^^^^^^^^^^^^^^^^^^^^
  File "/home/runner/work/TestCapitalComPySe/TestCapitalComPySe/pages/base_page.py", line 305, in element_is_visible
    return Wait(self.driver, timeout).until(
           ^^^^^^^^^^^^^^^^^^^^^^^^^^^^^^^^^
  File "/home/runner/.cache/pypoetry/virtualenvs/testcapitalcompyse-CcJ6hTD8-py3.12/lib/python3.12/site-packages/selenium/webdriver/support/wait.py", line 105, in until
    raise TimeoutException(message, screen, stacktrace)
selenium.common.exceptions.TimeoutException: Message: 
Stacktrace:
#0 0x55622a85fc7a <unknown>
#1 0x55622a542e2c <unknown>
#2 0x55622a58f661 <unknown>
#3 0x55622a58f751 <unknown>
#4 0x55622a5d3f64 <unknown>
#5 0x55622a5b25ed <unknown>
#6 0x55622a5d1303 <unknown>
#7 0x55622a5b2363 <unknown>
#8 0x55622a582247 <unknown>
#9 0x55622a582b9e <unknown>
#10 0x55622a82624b <unknown>
#11 0x55622a82a2f1 <unknown>
#12 0x55622a811afe <unknown>
#13 0x55622a82ae52 <unknown>
#14 0x55622a7f679f <unknown>
#15 0x55622a84f638 <unknown>
#16 0x55622a84f810 <unknown>
#17 0x55622a85edac <unknown>
#18 0x7f237e894ac3 <unknown>