2025-03-19 23:12:45 ERROR Elements not present after 0.5 seconds on page: https://capital.com/hu/search
2025-03-19 23:12:45 ERROR 
Traceback (most recent call last):
  File "/home/runner/work/TestCapitalComPySe/TestCapitalComPySe/pages/base_page.py", line 86, in inner_function
    return func(*args, **kwargs)
           ^^^^^^^^^^^^^^^^^^^^^
  File "/home/runner/work/TestCapitalComPySe/TestCapitalComPySe/pages/base_page.py", line 306, in element_is_visible
    return Wait(self.driver, timeout).until(
           ^^^^^^^^^^^^^^^^^^^^^^^^^^^^^^^^^
  File "/home/runner/.cache/pypoetry/virtualenvs/testcapitalcompyse-CcJ6hTD8-py3.12/lib/python3.12/site-packages/selenium/webdriver/support/wait.py", line 105, in until
    raise TimeoutException(message, screen, stacktrace)
selenium.common.exceptions.TimeoutException: Message: 
Stacktrace:
#0 0x558c42578a2a <unknown>
#1 0x558c42030390 <unknown>
#2 0x558c42081c85 <unknown>
#3 0x558c42081eb1 <unknown>
#4 0x558c420d0d64 <unknown>
#5 0x558c420a7bfd <unknown>
#6 0x558c420ce07b <unknown>
#7 0x558c420a79a3 <unknown>
#8 0x558c4207360e <unknown>
#9 0x558c42074dd1 <unknown>
#10 0x558c4253edeb <unknown>
#11 0x558c42542ccc <unknown>
#12 0x558c425263a2 <unknown>
#13 0x558c42543844 <unknown>
#14 0x558c4250a1ff <unknown>
#15 0x558c42567048 <unknown>
#16 0x558c42567226 <unknown>
#17 0x558c425778a6 <unknown>
#18 0x7f2f46e9caa4 <unknown>
#19 0x7f2f46f29c3c <unknown>