{"uid":"643df612fe97651f","name":"TC_55!322a (Lang: en) | Bid:55!322a-en.ae.NoAuth","fullName":"tests.US_55_ReTestsManual.tassobaccato.US_55-tassobaccato_ReTestsManual_test.TestManualDetectedBugs#test_322a","historyId":"da2997451bd2242aaa18a49ea305b544","time":{"start":1733964955260,"stop":1733964983347,"duration":28087},"description":"\n        Check: Clicking [numeric values] in the Sell column in Menu tittle Markets does not open the\n                Sign-Up /Login form or page of the corresponding trading instrument on the trading platform using\n                English or Arabic language.\n        Language: EN, AR\n        License: SCA\n        Author: Kasila\n        ","descriptionHtml":"<pre><code>    Check: Clicking [numeric values] in the Sell column in Menu tittle Markets does not open the\n            Sign-Up /Login form or page of the corresponding trading instrument on the trading platform using\n            English or Arabic language.\n    Language: EN, AR\n    License: SCA\n    Author: Kasila\n</code></pre>\n","status":"failed","statusMessage":"Failed: Bug # 55!322 \nExpected result: Login form is opened\nActual result: Login form is not opened","statusTrace":"self = <pages.BugsManual.bug_322.AssertTPI object at 0x7f94fe67cb60>\nd = <selenium.webdriver.chrome.webdriver.WebDriver (session=\"550f7ac81950992ddab17355b5d8274e\")>\n\n    def assert_login(self, d):\n        print(f\"\\n{datetime.now()}   3. Assert\")\n    \n        try:\n>           login_form = self.driver.find_element(By.XPATH, '//strong/span[contains(text(), \"Login\")]')\n\npages/BugsManual/bug_322.py:123: \n_ _ _ _ _ _ _ _ _ _ _ _ _ _ _ _ _ _ _ _ _ _ _ _ _ _ _ _ _ _ _ _ _ _ _ _ _ _ _ _ \n../../../.cache/pypoetry/virtualenvs/testcapitalcompyse-CcJ6hTD8-py3.12/lib/python3.12/site-packages/selenium/webdriver/remote/webdriver.py:766: in find_element\n    return self.execute(Command.FIND_ELEMENT, {\"using\": by, \"value\": value})[\"value\"]\n../../../.cache/pypoetry/virtualenvs/testcapitalcompyse-CcJ6hTD8-py3.12/lib/python3.12/site-packages/selenium/webdriver/remote/webdriver.py:380: in execute\n    self.error_handler.check_response(response)\n_ _ _ _ _ _ _ _ _ _ _ _ _ _ _ _ _ _ _ _ _ _ _ _ _ _ _ _ _ _ _ _ _ _ _ _ _ _ _ _ \n\nself = <selenium.webdriver.remote.errorhandler.ErrorHandler object at 0x7f94ff28ac60>\nresponse = {'status': 404, 'value': '{\"value\":{\"error\":\"no such element\",\"message\":\"no such element: Unable to locate element: {\\...\\\\n#16 0x55a6453aa740 \\\\u003Cunknown>\\\\n#17 0x55a6453ba196 \\\\u003Cunknown>\\\\n#18 0x7fac9c694ac3 \\\\u003Cunknown>\\\\n\"}}'}\n\n    def check_response(self, response: Dict[str, Any]) -> None:\n        \"\"\"Checks that a JSON response from the WebDriver does not have an\n        error.\n    \n        :Args:\n         - response - The JSON response from the WebDriver server as a dictionary\n           object.\n    \n        :Raises: If the response contains an error message.\n        \"\"\"\n        status = response.get(\"status\", None)\n        if not status or status == ErrorCode.SUCCESS:\n            return\n        value = None\n        message = response.get(\"message\", \"\")\n        screen: str = response.get(\"screen\", \"\")\n        stacktrace = None\n        if isinstance(status, int):\n            value_json = response.get(\"value\", None)\n            if value_json and isinstance(value_json, str):\n                import json\n    \n                try:\n                    value = json.loads(value_json)\n                    if len(value) == 1:\n                        value = value[\"value\"]\n                    status = value.get(\"error\", None)\n                    if not status:\n                        status = value.get(\"status\", ErrorCode.UNKNOWN_ERROR)\n                        message = value.get(\"value\") or value.get(\"message\")\n                        if not isinstance(message, str):\n                            value = message\n                            message = message.get(\"message\")\n                    else:\n                        message = value.get(\"message\", None)\n                except ValueError:\n                    pass\n    \n        exception_class: Type[WebDriverException]\n        e = ErrorCode()\n        error_codes = [item for item in dir(e) if not item.startswith(\"__\")]\n        for error_code in error_codes:\n            error_info = getattr(ErrorCode, error_code)\n            if isinstance(error_info, list) and status in error_info:\n                exception_class = getattr(ExceptionMapping, error_code, WebDriverException)\n                break\n        else:\n            exception_class = WebDriverException\n    \n        if not value:\n            value = response[\"value\"]\n        if isinstance(value, str):\n            raise exception_class(value)\n        if message == \"\" and \"message\" in value:\n            message = value[\"message\"]\n    \n        screen = None  # type: ignore[assignment]\n        if \"screen\" in value:\n            screen = value[\"screen\"]\n    \n        stacktrace = None\n        st_value = value.get(\"stackTrace\") or value.get(\"stacktrace\")\n        if st_value:\n            if isinstance(st_value, str):\n                stacktrace = st_value.split(\"\\n\")\n            else:\n                stacktrace = []\n                try:\n                    for frame in st_value:\n                        line = frame.get(\"lineNumber\", \"\")\n                        file = frame.get(\"fileName\", \"<anonymous>\")\n                        if line:\n                            file = f\"{file}:{line}\"\n                        meth = frame.get(\"methodName\", \"<anonymous>\")\n                        if \"className\" in frame:\n                            meth = f\"{frame['className']}.{meth}\"\n                        msg = \"    at %s (%s)\"\n                        msg = msg % (meth, file)\n                        stacktrace.append(msg)\n                except TypeError:\n                    pass\n        if exception_class == UnexpectedAlertPresentException:\n            alert_text = None\n            if \"data\" in value:\n                alert_text = value[\"data\"].get(\"text\")\n            elif \"alert\" in value:\n                alert_text = value[\"alert\"].get(\"text\")\n            raise exception_class(message, screen, stacktrace, alert_text)  # type: ignore[call-arg]  # mypy is not smart enough here\n>       raise exception_class(message, screen, stacktrace)\nE       selenium.common.exceptions.NoSuchElementException: Message: no such element: Unable to locate element: {\"method\":\"xpath\",\"selector\":\"//strong/span[contains(text(), \"Login\")]\"}\nE         (Session info: chrome=131.0.6778.85); For documentation on this error, please visit: https://www.selenium.dev/documentation/webdriver/troubleshooting/errors#no-such-element-exception\nE       Stacktrace:\nE       #0 0x55a6453bb31a <unknown>\nE       #1 0x55a644ed16e0 <unknown>\nE       #2 0x55a644f203e6 <unknown>\nE       #3 0x55a644f20681 <unknown>\nE       #4 0x55a644f65b04 <unknown>\nE       #5 0x55a644f4448d <unknown>\nE       #6 0x55a644f62ed7 <unknown>\nE       #7 0x55a644f44203 <unknown>\nE       #8 0x55a644f12cc0 <unknown>\nE       #9 0x55a644f13c9e <unknown>\nE       #10 0x55a645388d0b <unknown>\nE       #11 0x55a64538cc92 <unknown>\nE       #12 0x55a645375b3c <unknown>\nE       #13 0x55a64538d807 <unknown>\nE       #14 0x55a64535b0df <unknown>\nE       #15 0x55a6453aa578 <unknown>\nE       #16 0x55a6453aa740 <unknown>\nE       #17 0x55a6453ba196 <unknown>\nE       #18 0x7fac9c694ac3 <unknown>\n\n../../../.cache/pypoetry/virtualenvs/testcapitalcompyse-CcJ6hTD8-py3.12/lib/python3.12/site-packages/selenium/webdriver/remote/errorhandler.py:229: NoSuchElementException\n\nDuring handling of the above exception, another exception occurred:\n\nself = <US_55-tassobaccato_ReTestsManual_test.TestManualDetectedBugs object at 0x7f94ff1749e0>\nworker_id = 'master'\nd = <selenium.webdriver.chrome.webdriver.WebDriver (session=\"550f7ac81950992ddab17355b5d8274e\")>\ncur_language = '', cur_country = 'ae', cur_role = 'NoAuth'\ncur_login = 'test001.miketar+1@gmail.com', cur_password = 'Qwer1234-!@#$'\ntitle_instrument = ''\n\n    @allure.step(\n        'Start retest manual AT_55!322a that the Sign Up/Login/page of the corresponding trading instrument on '\n        'the trading platform is opened after clicking [numeric values] in the Sell column.')\n    @pytest.mark.parametrize('cur_language', ['', 'ar'])\n    @pytest.mark.parametrize('cur_country', ['ae'])\n    @pytest.mark.parametrize('cur_role', [\"NoReg\", \"Auth\", \"NoAuth\"])\n    @pytest.mark.parametrize('title_instrument', [''])\n    @pytest.mark.bug_322a\n    def test_322a(self, worker_id, d, cur_language, cur_country, cur_role, cur_login, cur_password, title_instrument):\n        \"\"\"\n        Check: Clicking [numeric values] in the Sell column in Menu tittle Markets does not open the\n                Sign-Up /Login form or page of the corresponding trading instrument on the trading platform using\n                English or Arabic language.\n        Language: EN, AR\n        License: SCA\n        Author: Kasila\n        \"\"\"\n    \n        bid = build_dynamic_arg_for_us_55(\n            d, worker_id, cur_language, cur_country, cur_role,\n            \"55\", \"ReTests of Manual Detected Bugs\",\n            \"322a\", 'The Sign Up/Login/page of the corresponding trading instrument on the trading platform'\n                   ' is not opened after clicking [numeric values] in the Sell column'\n        )\n    \n        match cur_language:\n            case '':\n                link = apply_preconditions_to_link(d, cur_language, cur_country, cur_role, cur_login, cur_password)\n                menu = MenuNewMarkets(d, link)\n                cur_item_link = menu.from_markets_menu_open_markets(d, cur_language, cur_country, link)\n                test_element = TradingInstrumentsMarkets(d, cur_item_link, bid)\n                test_element.trading_instruments(d, cur_item_link)\n                test_element.click_button_sell(d)\n                test_element = AssertTPI(d, cur_item_link, title_instrument)\n                match cur_role:\n                    case 'NoReg':\n                        test_element.assert_signup(d)\n                    case 'NoAuth':\n>                       test_element.assert_login(d)\n\ntests/US_55_ReTestsManual/tassobaccato/US_55-tassobaccato_ReTestsManual_test.py:261: \n_ _ _ _ _ _ _ _ _ _ _ _ _ _ _ _ _ _ _ _ _ _ _ _ _ _ _ _ _ _ _ _ _ _ _ _ _ _ _ _ \npages/BugsManual/bug_322.py:129: in assert_login\n    Common.pytest_fail(\"Bug # 55!322 \"\n_ _ _ _ _ _ _ _ _ _ _ _ _ _ _ _ _ _ _ _ _ _ _ _ _ _ _ _ _ _ _ _ _ _ _ _ _ _ _ _ \n\nmsg = 'Bug # 55!322 \\nExpected result: Login form is opened\\nActual result: Login form is not opened'\n\n    @staticmethod\n    def pytest_fail(msg):\n    \tCommon.flag_of_bug = True\n>   \tpytest.fail(msg)\nE    Failed: Bug # 55!322 \nE    Expected result: Login form is opened\nE    Actual result: Login form is not opened\n\npages/common.py:235: Failed","flaky":false,"newFailed":false,"newBroken":false,"newPassed":false,"retriesCount":0,"retriesStatusChange":false,"beforeStages":[{"name":"d","time":{"start":1733963925373,"stop":1733963926035,"duration":662},"status":"passed","steps":[],"attachments":[],"parameters":[],"shouldDisplayMessage":false,"stepsCount":0,"attachmentsCount":0,"hasContent":false,"attachmentStep":false},{"name":"worker_id","time":{"start":1733963926035,"stop":1733963926035,"duration":0},"status":"passed","steps":[],"attachments":[],"parameters":[],"shouldDisplayMessage":false,"stepsCount":0,"attachmentsCount":0,"hasContent":false,"attachmentStep":false},{"name":"cur_password","time":{"start":1733963926035,"stop":1733963926035,"duration":0},"status":"passed","steps":[],"attachments":[],"parameters":[],"shouldDisplayMessage":false,"stepsCount":0,"attachmentsCount":0,"hasContent":false,"attachmentStep":false},{"name":"cur_login","time":{"start":1733963926035,"stop":1733963926035,"duration":0},"status":"passed","steps":[],"attachments":[],"parameters":[],"shouldDisplayMessage":false,"stepsCount":0,"attachmentsCount":0,"hasContent":false,"attachmentStep":false}],"testStage":{"description":"\n        Check: Clicking [numeric values] in the Sell column in Menu tittle Markets does not open the\n                Sign-Up /Login form or page of the corresponding trading instrument on the trading platform using\n                English or Arabic language.\n        Language: EN, AR\n        License: SCA\n        Author: Kasila\n        ","status":"failed","statusMessage":"Failed: Bug # 55!322 \nExpected result: Login form is opened\nActual result: Login form is not opened","statusTrace":"self = <pages.BugsManual.bug_322.AssertTPI object at 0x7f94fe67cb60>\nd = <selenium.webdriver.chrome.webdriver.WebDriver (session=\"550f7ac81950992ddab17355b5d8274e\")>\n\n    def assert_login(self, d):\n        print(f\"\\n{datetime.now()}   3. Assert\")\n    \n        try:\n>           login_form = self.driver.find_element(By.XPATH, '//strong/span[contains(text(), \"Login\")]')\n\npages/BugsManual/bug_322.py:123: \n_ _ _ _ _ _ _ _ _ _ _ _ _ _ _ _ _ _ _ _ _ _ _ _ _ _ _ _ _ _ _ _ _ _ _ _ _ _ _ _ \n../../../.cache/pypoetry/virtualenvs/testcapitalcompyse-CcJ6hTD8-py3.12/lib/python3.12/site-packages/selenium/webdriver/remote/webdriver.py:766: in find_element\n    return self.execute(Command.FIND_ELEMENT, {\"using\": by, \"value\": value})[\"value\"]\n../../../.cache/pypoetry/virtualenvs/testcapitalcompyse-CcJ6hTD8-py3.12/lib/python3.12/site-packages/selenium/webdriver/remote/webdriver.py:380: in execute\n    self.error_handler.check_response(response)\n_ _ _ _ _ _ _ _ _ _ _ _ _ _ _ _ _ _ _ _ _ _ _ _ _ _ _ _ _ _ _ _ _ _ _ _ _ _ _ _ \n\nself = <selenium.webdriver.remote.errorhandler.ErrorHandler object at 0x7f94ff28ac60>\nresponse = {'status': 404, 'value': '{\"value\":{\"error\":\"no such element\",\"message\":\"no such element: Unable to locate element: {\\...\\\\n#16 0x55a6453aa740 \\\\u003Cunknown>\\\\n#17 0x55a6453ba196 \\\\u003Cunknown>\\\\n#18 0x7fac9c694ac3 \\\\u003Cunknown>\\\\n\"}}'}\n\n    def check_response(self, response: Dict[str, Any]) -> None:\n        \"\"\"Checks that a JSON response from the WebDriver does not have an\n        error.\n    \n        :Args:\n         - response - The JSON response from the WebDriver server as a dictionary\n           object.\n    \n        :Raises: If the response contains an error message.\n        \"\"\"\n        status = response.get(\"status\", None)\n        if not status or status == ErrorCode.SUCCESS:\n            return\n        value = None\n        message = response.get(\"message\", \"\")\n        screen: str = response.get(\"screen\", \"\")\n        stacktrace = None\n        if isinstance(status, int):\n            value_json = response.get(\"value\", None)\n            if value_json and isinstance(value_json, str):\n                import json\n    \n                try:\n                    value = json.loads(value_json)\n                    if len(value) == 1:\n                        value = value[\"value\"]\n                    status = value.get(\"error\", None)\n                    if not status:\n                        status = value.get(\"status\", ErrorCode.UNKNOWN_ERROR)\n                        message = value.get(\"value\") or value.get(\"message\")\n                        if not isinstance(message, str):\n                            value = message\n                            message = message.get(\"message\")\n                    else:\n                        message = value.get(\"message\", None)\n                except ValueError:\n                    pass\n    \n        exception_class: Type[WebDriverException]\n        e = ErrorCode()\n        error_codes = [item for item in dir(e) if not item.startswith(\"__\")]\n        for error_code in error_codes:\n            error_info = getattr(ErrorCode, error_code)\n            if isinstance(error_info, list) and status in error_info:\n                exception_class = getattr(ExceptionMapping, error_code, WebDriverException)\n                break\n        else:\n            exception_class = WebDriverException\n    \n        if not value:\n            value = response[\"value\"]\n        if isinstance(value, str):\n            raise exception_class(value)\n        if message == \"\" and \"message\" in value:\n            message = value[\"message\"]\n    \n        screen = None  # type: ignore[assignment]\n        if \"screen\" in value:\n            screen = value[\"screen\"]\n    \n        stacktrace = None\n        st_value = value.get(\"stackTrace\") or value.get(\"stacktrace\")\n        if st_value:\n            if isinstance(st_value, str):\n                stacktrace = st_value.split(\"\\n\")\n            else:\n                stacktrace = []\n                try:\n                    for frame in st_value:\n                        line = frame.get(\"lineNumber\", \"\")\n                        file = frame.get(\"fileName\", \"<anonymous>\")\n                        if line:\n                            file = f\"{file}:{line}\"\n                        meth = frame.get(\"methodName\", \"<anonymous>\")\n                        if \"className\" in frame:\n                            meth = f\"{frame['className']}.{meth}\"\n                        msg = \"    at %s (%s)\"\n                        msg = msg % (meth, file)\n                        stacktrace.append(msg)\n                except TypeError:\n                    pass\n        if exception_class == UnexpectedAlertPresentException:\n            alert_text = None\n            if \"data\" in value:\n                alert_text = value[\"data\"].get(\"text\")\n            elif \"alert\" in value:\n                alert_text = value[\"alert\"].get(\"text\")\n            raise exception_class(message, screen, stacktrace, alert_text)  # type: ignore[call-arg]  # mypy is not smart enough here\n>       raise exception_class(message, screen, stacktrace)\nE       selenium.common.exceptions.NoSuchElementException: Message: no such element: Unable to locate element: {\"method\":\"xpath\",\"selector\":\"//strong/span[contains(text(), \"Login\")]\"}\nE         (Session info: chrome=131.0.6778.85); For documentation on this error, please visit: https://www.selenium.dev/documentation/webdriver/troubleshooting/errors#no-such-element-exception\nE       Stacktrace:\nE       #0 0x55a6453bb31a <unknown>\nE       #1 0x55a644ed16e0 <unknown>\nE       #2 0x55a644f203e6 <unknown>\nE       #3 0x55a644f20681 <unknown>\nE       #4 0x55a644f65b04 <unknown>\nE       #5 0x55a644f4448d <unknown>\nE       #6 0x55a644f62ed7 <unknown>\nE       #7 0x55a644f44203 <unknown>\nE       #8 0x55a644f12cc0 <unknown>\nE       #9 0x55a644f13c9e <unknown>\nE       #10 0x55a645388d0b <unknown>\nE       #11 0x55a64538cc92 <unknown>\nE       #12 0x55a645375b3c <unknown>\nE       #13 0x55a64538d807 <unknown>\nE       #14 0x55a64535b0df <unknown>\nE       #15 0x55a6453aa578 <unknown>\nE       #16 0x55a6453aa740 <unknown>\nE       #17 0x55a6453ba196 <unknown>\nE       #18 0x7fac9c694ac3 <unknown>\n\n../../../.cache/pypoetry/virtualenvs/testcapitalcompyse-CcJ6hTD8-py3.12/lib/python3.12/site-packages/selenium/webdriver/remote/errorhandler.py:229: NoSuchElementException\n\nDuring handling of the above exception, another exception occurred:\n\nself = <US_55-tassobaccato_ReTestsManual_test.TestManualDetectedBugs object at 0x7f94ff1749e0>\nworker_id = 'master'\nd = <selenium.webdriver.chrome.webdriver.WebDriver (session=\"550f7ac81950992ddab17355b5d8274e\")>\ncur_language = '', cur_country = 'ae', cur_role = 'NoAuth'\ncur_login = 'test001.miketar+1@gmail.com', cur_password = 'Qwer1234-!@#$'\ntitle_instrument = ''\n\n    @allure.step(\n        'Start retest manual AT_55!322a that the Sign Up/Login/page of the corresponding trading instrument on '\n        'the trading platform is opened after clicking [numeric values] in the Sell column.')\n    @pytest.mark.parametrize('cur_language', ['', 'ar'])\n    @pytest.mark.parametrize('cur_country', ['ae'])\n    @pytest.mark.parametrize('cur_role', [\"NoReg\", \"Auth\", \"NoAuth\"])\n    @pytest.mark.parametrize('title_instrument', [''])\n    @pytest.mark.bug_322a\n    def test_322a(self, worker_id, d, cur_language, cur_country, cur_role, cur_login, cur_password, title_instrument):\n        \"\"\"\n        Check: Clicking [numeric values] in the Sell column in Menu tittle Markets does not open the\n                Sign-Up /Login form or page of the corresponding trading instrument on the trading platform using\n                English or Arabic language.\n        Language: EN, AR\n        License: SCA\n        Author: Kasila\n        \"\"\"\n    \n        bid = build_dynamic_arg_for_us_55(\n            d, worker_id, cur_language, cur_country, cur_role,\n            \"55\", \"ReTests of Manual Detected Bugs\",\n            \"322a\", 'The Sign Up/Login/page of the corresponding trading instrument on the trading platform'\n                   ' is not opened after clicking [numeric values] in the Sell column'\n        )\n    \n        match cur_language:\n            case '':\n                link = apply_preconditions_to_link(d, cur_language, cur_country, cur_role, cur_login, cur_password)\n                menu = MenuNewMarkets(d, link)\n                cur_item_link = menu.from_markets_menu_open_markets(d, cur_language, cur_country, link)\n                test_element = TradingInstrumentsMarkets(d, cur_item_link, bid)\n                test_element.trading_instruments(d, cur_item_link)\n                test_element.click_button_sell(d)\n                test_element = AssertTPI(d, cur_item_link, title_instrument)\n                match cur_role:\n                    case 'NoReg':\n                        test_element.assert_signup(d)\n                    case 'NoAuth':\n>                       test_element.assert_login(d)\n\ntests/US_55_ReTestsManual/tassobaccato/US_55-tassobaccato_ReTestsManual_test.py:261: \n_ _ _ _ _ _ _ _ _ _ _ _ _ _ _ _ _ _ _ _ _ _ _ _ _ _ _ _ _ _ _ _ _ _ _ _ _ _ _ _ \npages/BugsManual/bug_322.py:129: in assert_login\n    Common.pytest_fail(\"Bug # 55!322 \"\n_ _ _ _ _ _ _ _ _ _ _ _ _ _ _ _ _ _ _ _ _ _ _ _ _ _ _ _ _ _ _ _ _ _ _ _ _ _ _ _ \n\nmsg = 'Bug # 55!322 \\nExpected result: Login form is opened\\nActual result: Login form is not opened'\n\n    @staticmethod\n    def pytest_fail(msg):\n    \tCommon.flag_of_bug = True\n>   \tpytest.fail(msg)\nE    Failed: Bug # 55!322 \nE    Expected result: Login form is opened\nE    Actual result: Login form is not opened\n\npages/common.py:235: Failed","steps":[{"name":"Start retest manual AT_55!322a that the Sign Up/Login/page of the corresponding trading instrument on the trading platform is opened after clicking [numeric values] in the Sell column.","time":{"start":1733964955260,"stop":1733964983347,"duration":28087},"status":"failed","statusMessage":"Failed: Bug # 55!322 \nExpected result: Login form is opened\nActual result: Login form is not opened\n","statusTrace":"  File \"/home/runner/.cache/pypoetry/virtualenvs/testcapitalcompyse-CcJ6hTD8-py3.12/lib/python3.12/site-packages/allure_commons/_allure.py\", line 192, in impl\n    return func(*a, **kw)\n           ^^^^^^^^^^^^^^\n  File \"/home/runner/work/TestCapitalComPySe/TestCapitalComPySe/tests/US_55_ReTestsManual/tassobaccato/US_55-tassobaccato_ReTestsManual_test.py\", line 261, in test_322a\n    test_element.assert_login(d)\n  File \"/home/runner/work/TestCapitalComPySe/TestCapitalComPySe/pages/BugsManual/bug_322.py\", line 129, in assert_login\n    Common.pytest_fail(\"Bug # 55!322 \"\n  File \"/home/runner/work/TestCapitalComPySe/TestCapitalComPySe/pages/common.py\", line 235, in pytest_fail\n    pytest.fail(msg)\n  File \"/home/runner/.cache/pypoetry/virtualenvs/testcapitalcompyse-CcJ6hTD8-py3.12/lib/python3.12/site-packages/_pytest/outcomes.py\", line 178, in fail\n    raise Failed(msg=reason, pytrace=pytrace)\n","steps":[{"name":"Build dynamic argument for TCs of US_55","time":{"start":1733964955260,"stop":1733964955262,"duration":2},"status":"passed","steps":[],"attachments":[],"parameters":[{"name":"d","value":"<selenium.webdriver.chrome.webdriver.WebDriver (session=\"550f7ac81950992ddab17355b5d8274e\")>"},{"name":"worker_id","value":"'master'"},{"name":"cur_language","value":"''"},{"name":"cur_country","value":"'ae'"},{"name":"cur_role","value":"'NoAuth'"},{"name":"us","value":"'55'"},{"name":"desc_us","value":"'ReTests of Manual Detected Bugs'"},{"name":"num_tc","value":"'322a'"},{"name":"desc_tc","value":"'The Sign Up/Login/page of the corresponding trading instrument on the trading platform is not opened after clicking [numeric values] in the Sell column'"},{"name":"manual","value":"False"},{"name":"new_layout","value":"False"}],"shouldDisplayMessage":false,"stepsCount":0,"attachmentsCount":0,"hasContent":true,"attachmentStep":false},{"name":"   Set New preconditions","time":{"start":1733964955262,"stop":1733964969959,"duration":14697},"status":"passed","steps":[{"name":"2024-12-12 00:38:45.336069   Start Authorization","time":{"start":1733964962756,"stop":1733964966123,"duration":3367},"status":"passed","steps":[],"attachments":[],"parameters":[{"name":"d","value":"<selenium.webdriver.chrome.webdriver.WebDriver (session=\"550f7ac81950992ddab17355b5d8274e\")>"},{"name":"link","value":"'https://capital.com/en-gb'"},{"name":"login","value":"'test001.miketar+1@gmail.com'"},{"name":"password","value":"'Qwer1234-!@#$'"},{"name":"cur_role","value":"'NoAuth'"}],"shouldDisplayMessage":false,"stepsCount":0,"attachmentsCount":0,"hasContent":true,"attachmentStep":false},{"name":"2024-12-12 00:38:45.336083   Start Deauthorization","time":{"start":1733964966123,"stop":1733964966845,"duration":722},"status":"passed","steps":[{"name":"Start Logout from account info menu in top bar","time":{"start":1733964966123,"stop":1733964966845,"duration":722},"status":"passed","steps":[],"attachments":[],"parameters":[],"shouldDisplayMessage":false,"stepsCount":0,"attachmentsCount":0,"hasContent":false,"attachmentStep":false}],"attachments":[],"parameters":[{"name":"d","value":"<selenium.webdriver.chrome.webdriver.WebDriver (session=\"550f7ac81950992ddab17355b5d8274e\")>"},{"name":"link","value":"'https://capital.com/en-gb'"}],"shouldDisplayMessage":false,"stepsCount":1,"attachmentsCount":0,"hasContent":true,"attachmentStep":false},{"name":"2024-12-12 00:38:45.336094   Set language and country","time":{"start":1733964966846,"stop":1733964969952,"duration":3106},"status":"passed","steps":[],"attachments":[],"parameters":[{"name":"d","value":"<selenium.webdriver.chrome.webdriver.WebDriver (session=\"550f7ac81950992ddab17355b5d8274e\")>"},{"name":"cur_language","value":"'en'"},{"name":"cur_country","value":"'ae'"}],"shouldDisplayMessage":false,"stepsCount":0,"attachmentsCount":0,"hasContent":true,"attachmentStep":false}],"attachments":[],"parameters":[{"name":"d","value":"<selenium.webdriver.chrome.webdriver.WebDriver (session=\"550f7ac81950992ddab17355b5d8274e\")>"},{"name":"host","value":"'https://capital.com/en-gb'"},{"name":"end_point","value":"''"},{"name":"cur_language","value":"''"},{"name":"cur_country","value":"'ae'"},{"name":"cur_role","value":"'NoAuth'"},{"name":"cur_login","value":"'test001.miketar+1@gmail.com'"},{"name":"cur_password","value":"'Qwer1234-!@#$'"}],"shouldDisplayMessage":false,"stepsCount":4,"attachmentsCount":0,"hasContent":true,"attachmentStep":false},{"name":"Select \"Trading\" menu, \"Trading\" submenu","time":{"start":1733964969959,"stop":1733964978190,"duration":8231},"status":"passed","steps":[],"attachments":[],"parameters":[{"name":"d","value":"<selenium.webdriver.chrome.webdriver.WebDriver (session=\"550f7ac81950992ddab17355b5d8274e\")>"},{"name":"cur_language","value":"''"},{"name":"cur_country","value":"'ae'"},{"name":"link","value":"'https://capital.com/en-ae'"}],"shouldDisplayMessage":false,"stepsCount":0,"attachmentsCount":0,"hasContent":true,"attachmentStep":false},{"name":"2024-12-12 00:38:45.160990   1. Start test that the Clicking [numeric values] in the Sell column in Menu tittle Markets opens the Sign-Up /Login form or page of the corresponding trading instrument on the trading platform.","time":{"start":1733964978190,"stop":1733964978209,"duration":19},"status":"passed","steps":[],"attachments":[],"parameters":[{"name":"d","value":"<selenium.webdriver.chrome.webdriver.WebDriver (session=\"550f7ac81950992ddab17355b5d8274e\")>"},{"name":"cur_item_link","value":"'https://capital.com/en-ae/markets'"}],"shouldDisplayMessage":false,"stepsCount":0,"attachmentsCount":0,"hasContent":true,"attachmentStep":false}],"attachments":[],"parameters":[{"name":"worker_id","value":"'master'"},{"name":"d","value":"<selenium.webdriver.chrome.webdriver.WebDriver (session=\"550f7ac81950992ddab17355b5d8274e\")>"},{"name":"cur_language","value":"''"},{"name":"cur_country","value":"'ae'"},{"name":"cur_role","value":"'NoAuth'"},{"name":"cur_login","value":"'test001.miketar+1@gmail.com'"},{"name":"cur_password","value":"'Qwer1234-!@#$'"},{"name":"title_instrument","value":"''"}],"shouldDisplayMessage":true,"stepsCount":8,"attachmentsCount":0,"hasContent":true,"attachmentStep":false}],"attachments":[{"uid":"c2d886d0c1745e8c","name":"Screenshot","source":"c2d886d0c1745e8c.png","type":"image/png","size":138514},{"uid":"cf7bb5c9de8e2a3e","name":"stdout","source":"cf7bb5c9de8e2a3e.txt","type":"text/plain","size":6317}],"parameters":[],"shouldDisplayMessage":true,"stepsCount":9,"attachmentsCount":2,"hasContent":true,"attachmentStep":false},"afterStages":[{"name":"d::0","time":{"start":1733966716300,"stop":1733966716608,"duration":308},"status":"passed","steps":[],"attachments":[],"parameters":[],"shouldDisplayMessage":false,"stepsCount":0,"attachmentsCount":0,"hasContent":false,"attachmentStep":false}],"labels":[{"name":"epic","value":"TC_55!322a | The Sign Up/Login/page of the corresponding trading instrument on the trading platform is not opened after clicking [numeric values] in the Sell column"},{"name":"feature","value":"Role: NoAuth"},{"name":"story","value":"Country: ae"},{"name":"tag","value":"bug_322a"},{"name":"tag","value":"us_55"},{"name":"parentSuite","value":"tests.US_55_ReTestsManual.tassobaccato"},{"name":"suite","value":"US_55-tassobaccato_ReTestsManual_test"},{"name":"subSuite","value":"TestManualDetectedBugs"},{"name":"host","value":"fv-az658-8"},{"name":"thread","value":"29906-MainThread"},{"name":"framework","value":"pytest"},{"name":"language","value":"cpython3"},{"name":"package","value":"tests.US_55_ReTestsManual.tassobaccato.US_55-tassobaccato_ReTestsManual_test"},{"name":"resultFormat","value":"allure2"}],"parameters":[{"name":"cur_country","value":"'ae'"},{"name":"cur_language","value":"''"},{"name":"cur_login","value":"'test001.miketar+1@gmail.com'"},{"name":"cur_password","value":"'Qwer1234-!@#$'"},{"name":"cur_role","value":"'NoAuth'"},{"name":"d","value":"'Chrome'"},{"name":"title_instrument","value":"''"}],"links":[],"hidden":false,"retry":false,"extra":{"severity":"normal","retries":[],"categories":[{"name":"Product defects","matchedStatuses":[],"flaky":false}],"history":{"statistic":{"failed":38,"broken":8,"skipped":0,"passed":0,"unknown":0,"total":46},"items":[{"uid":"a619de747203115a","reportUrl":"https://AlexTomAQA.github.io/TestCapitalComPySe/253//#testresult/a619de747203115a","status":"failed","statusDetails":"Failed: Bug # 55!322 \nExpected result: Login form is opened\nActual result: Login form is not opened","time":{"start":1733879080640,"stop":1733879107137,"duration":26497}},{"uid":"25fb3ad7d25bf520","reportUrl":"https://AlexTomAQA.github.io/TestCapitalComPySe/252//#testresult/25fb3ad7d25bf520","status":"failed","statusDetails":"Failed: Bug # 55!322 \nExpected result: Login form is opened\nActual result: Login form is not opened","time":{"start":1733796599804,"stop":1733796628432,"duration":28628}},{"uid":"7bae4682f971a978","reportUrl":"https://AlexTomAQA.github.io/TestCapitalComPySe/251//#testresult/7bae4682f971a978","status":"failed","statusDetails":"Failed: Bug # 55!322 \nExpected result: Login form is opened\nActual result: Login form is not opened","time":{"start":1733707074613,"stop":1733707102688,"duration":28075}},{"uid":"3134ecc5d0130236","reportUrl":"https://AlexTomAQA.github.io/TestCapitalComPySe/250//#testresult/3134ecc5d0130236","status":"failed","statusDetails":"Failed: Bug # 55!322 \nExpected result: Login form is opened\nActual result: Login form is not opened","time":{"start":1733620440661,"stop":1733620468785,"duration":28124}},{"uid":"ad5cc52cafb84230","reportUrl":"https://AlexTomAQA.github.io/TestCapitalComPySe/249//#testresult/ad5cc52cafb84230","status":"failed","statusDetails":"Failed: Bug # 55!322 \nExpected result: Login form is opened\nActual result: Login form is not opened","time":{"start":1733534316128,"stop":1733534343218,"duration":27090}},{"uid":"9dcd1cc9197c311a","reportUrl":"https://AlexTomAQA.github.io/TestCapitalComPySe/248//#testresult/9dcd1cc9197c311a","status":"failed","statusDetails":"Failed: Bug # 55!322 \nExpected result: Login form is opened\nActual result: Login form is not opened","time":{"start":1733471923536,"stop":1733471950318,"duration":26782}},{"uid":"8647b0baaca5ffc2","reportUrl":"https://AlexTomAQA.github.io/TestCapitalComPySe/244//#testresult/8647b0baaca5ffc2","status":"failed","statusDetails":"Failed: Bug # 55!322 \nExpected result: Login form is opened\nActual result: Login form is not opened","time":{"start":1733262089922,"stop":1733262116357,"duration":26435}},{"uid":"5955c364523dc7e7","reportUrl":"https://AlexTomAQA.github.io/TestCapitalComPySe/243//#testresult/5955c364523dc7e7","status":"broken","statusDetails":"selenium.common.exceptions.NoSuchElementException: Message: no such element: Unable to locate element: {\"method\":\"css selector\",\"selector\":\"terms-and-conditions-popup em.iconex-close-small.ng-star-inserted\"}\n  (Session info: chrome=131.0.6778.85); For documentation on this error, please visit: https://www.selenium.dev/documentation/webdriver/troubleshooting/errors#no-such-element-exception\nStacktrace:\n#0 0x5600bd29d31a <unknown>\n#1 0x5600bcdb36e0 <unknown>\n#2 0x5600bce023e6 <unknown>\n#3 0x5600bce02681 <unknown>\n#4 0x5600bce47b04 <unknown>\n#5 0x5600bce2648d <unknown>\n#6 0x5600bce44ed7 <unknown>\n#7 0x5600bce26203 <unknown>\n#8 0x5600bcdf4cc0 <unknown>\n#9 0x5600bcdf5c9e <unknown>\n#10 0x5600bd26ad0b <unknown>\n#11 0x5600bd26ec92 <unknown>\n#12 0x5600bd257b3c <unknown>\n#13 0x5600bd26f807 <unknown>\n#14 0x5600bd23d0df <unknown>\n#15 0x5600bd28c578 <unknown>\n#16 0x5600bd28c740 <unknown>\n#17 0x5600bd29c196 <unknown>\n#18 0x7fd4fb694ac3 <unknown>","time":{"start":1733186657399,"stop":1733186673745,"duration":16346}},{"uid":"d3c9ec2e0967311c","reportUrl":"https://AlexTomAQA.github.io/TestCapitalComPySe/242//#testresult/d3c9ec2e0967311c","status":"broken","statusDetails":"selenium.common.exceptions.NoSuchElementException: Message: no such element: Unable to locate element: {\"method\":\"css selector\",\"selector\":\"terms-and-conditions-popup em.iconex-close-small.ng-star-inserted\"}\n  (Session info: chrome=131.0.6778.85); For documentation on this error, please visit: https://www.selenium.dev/documentation/webdriver/troubleshooting/errors#no-such-element-exception\nStacktrace:\n#0 0x55bc0a36131a <unknown>\n#1 0x55bc09e776e0 <unknown>\n#2 0x55bc09ec63e6 <unknown>\n#3 0x55bc09ec6681 <unknown>\n#4 0x55bc09f0bb04 <unknown>\n#5 0x55bc09eea48d <unknown>\n#6 0x55bc09f08ed7 <unknown>\n#7 0x55bc09eea203 <unknown>\n#8 0x55bc09eb8cc0 <unknown>\n#9 0x55bc09eb9c9e <unknown>\n#10 0x55bc0a32ed0b <unknown>\n#11 0x55bc0a332c92 <unknown>\n#12 0x55bc0a31bb3c <unknown>\n#13 0x55bc0a333807 <unknown>\n#14 0x55bc0a3010df <unknown>\n#15 0x55bc0a350578 <unknown>\n#16 0x55bc0a350740 <unknown>\n#17 0x55bc0a360196 <unknown>\n#18 0x7f61b2494ac3 <unknown>","time":{"start":1733101534561,"stop":1733101550769,"duration":16208}},{"uid":"765d2fe9f9918966","reportUrl":"https://AlexTomAQA.github.io/TestCapitalComPySe/241//#testresult/765d2fe9f9918966","status":"broken","statusDetails":"selenium.common.exceptions.NoSuchElementException: Message: no such element: Unable to locate element: {\"method\":\"css selector\",\"selector\":\"terms-and-conditions-popup em.iconex-close-small.ng-star-inserted\"}\n  (Session info: chrome=131.0.6778.85); For documentation on this error, please visit: https://www.selenium.dev/documentation/webdriver/troubleshooting/errors#no-such-element-exception\nStacktrace:\n#0 0x558c2f56d31a <unknown>\n#1 0x558c2f0836e0 <unknown>\n#2 0x558c2f0d23e6 <unknown>\n#3 0x558c2f0d2681 <unknown>\n#4 0x558c2f117b04 <unknown>\n#5 0x558c2f0f648d <unknown>\n#6 0x558c2f114ed7 <unknown>\n#7 0x558c2f0f6203 <unknown>\n#8 0x558c2f0c4cc0 <unknown>\n#9 0x558c2f0c5c9e <unknown>\n#10 0x558c2f53ad0b <unknown>\n#11 0x558c2f53ec92 <unknown>\n#12 0x558c2f527b3c <unknown>\n#13 0x558c2f53f807 <unknown>\n#14 0x558c2f50d0df <unknown>\n#15 0x558c2f55c578 <unknown>\n#16 0x558c2f55c740 <unknown>\n#17 0x558c2f56c196 <unknown>\n#18 0x7fcde5694ac3 <unknown>","time":{"start":1733014001551,"stop":1733014017253,"duration":15702}},{"uid":"68d940cb6ed400b0","reportUrl":"https://AlexTomAQA.github.io/TestCapitalComPySe/240//#testresult/68d940cb6ed400b0","status":"broken","statusDetails":"selenium.common.exceptions.NoSuchElementException: Message: no such element: Unable to locate element: {\"method\":\"css selector\",\"selector\":\"terms-and-conditions-popup em.iconex-close-small.ng-star-inserted\"}\n  (Session info: chrome=131.0.6778.85); For documentation on this error, please visit: https://www.selenium.dev/documentation/webdriver/troubleshooting/errors#no-such-element-exception\nStacktrace:\n#0 0x564cf8f5631a <unknown>\n#1 0x564cf8a6c6e0 <unknown>\n#2 0x564cf8abb3e6 <unknown>\n#3 0x564cf8abb681 <unknown>\n#4 0x564cf8b00b04 <unknown>\n#5 0x564cf8adf48d <unknown>\n#6 0x564cf8afded7 <unknown>\n#7 0x564cf8adf203 <unknown>\n#8 0x564cf8aadcc0 <unknown>\n#9 0x564cf8aaec9e <unknown>\n#10 0x564cf8f23d0b <unknown>\n#11 0x564cf8f27c92 <unknown>\n#12 0x564cf8f10b3c <unknown>\n#13 0x564cf8f28807 <unknown>\n#14 0x564cf8ef60df <unknown>\n#15 0x564cf8f45578 <unknown>\n#16 0x564cf8f45740 <unknown>\n#17 0x564cf8f55196 <unknown>\n#18 0x7fb892894ac3 <unknown>","time":{"start":1732927140676,"stop":1732927155484,"duration":14808}},{"uid":"7647599127528a7d","reportUrl":"https://AlexTomAQA.github.io/TestCapitalComPySe/239//#testresult/7647599127528a7d","status":"broken","statusDetails":"selenium.common.exceptions.NoSuchElementException: Message: no such element: Unable to locate element: {\"method\":\"css selector\",\"selector\":\"terms-and-conditions-popup em.iconex-close-small.ng-star-inserted\"}\n  (Session info: chrome=131.0.6778.85); For documentation on this error, please visit: https://www.selenium.dev/documentation/webdriver/troubleshooting/errors#no-such-element-exception\nStacktrace:\n#0 0x55bcdb93131a <unknown>\n#1 0x55bcdb4476e0 <unknown>\n#2 0x55bcdb4963e6 <unknown>\n#3 0x55bcdb496681 <unknown>\n#4 0x55bcdb4dbb04 <unknown>\n#5 0x55bcdb4ba48d <unknown>\n#6 0x55bcdb4d8ed7 <unknown>\n#7 0x55bcdb4ba203 <unknown>\n#8 0x55bcdb488cc0 <unknown>\n#9 0x55bcdb489c9e <unknown>\n#10 0x55bcdb8fed0b <unknown>\n#11 0x55bcdb902c92 <unknown>\n#12 0x55bcdb8ebb3c <unknown>\n#13 0x55bcdb903807 <unknown>\n#14 0x55bcdb8d10df <unknown>\n#15 0x55bcdb920578 <unknown>\n#16 0x55bcdb920740 <unknown>\n#17 0x55bcdb930196 <unknown>\n#18 0x7fa520e94ac3 <unknown>","time":{"start":1732842264277,"stop":1732842280411,"duration":16134}},{"uid":"9214a071f7bb5984","reportUrl":"https://AlexTomAQA.github.io/TestCapitalComPySe/238//#testresult/9214a071f7bb5984","status":"broken","statusDetails":"selenium.common.exceptions.NoSuchElementException: Message: no such element: Unable to locate element: {\"method\":\"css selector\",\"selector\":\"terms-and-conditions-popup em.iconex-close-small.ng-star-inserted\"}\n  (Session info: chrome=131.0.6778.85); For documentation on this error, please visit: https://www.selenium.dev/documentation/webdriver/troubleshooting/errors#no-such-element-exception\nStacktrace:\n#0 0x55eb8ce0e31a <unknown>\n#1 0x55eb8c9246e0 <unknown>\n#2 0x55eb8c9733e6 <unknown>\n#3 0x55eb8c973681 <unknown>\n#4 0x55eb8c9b8b04 <unknown>\n#5 0x55eb8c99748d <unknown>\n#6 0x55eb8c9b5ed7 <unknown>\n#7 0x55eb8c997203 <unknown>\n#8 0x55eb8c965cc0 <unknown>\n#9 0x55eb8c966c9e <unknown>\n#10 0x55eb8cddbd0b <unknown>\n#11 0x55eb8cddfc92 <unknown>\n#12 0x55eb8cdc8b3c <unknown>\n#13 0x55eb8cde0807 <unknown>\n#14 0x55eb8cdae0df <unknown>\n#15 0x55eb8cdfd578 <unknown>\n#16 0x55eb8cdfd740 <unknown>\n#17 0x55eb8ce0d196 <unknown>\n#18 0x7fa6b5c94ac3 <unknown>","time":{"start":1732755932757,"stop":1732755948381,"duration":15624}},{"uid":"6ca0cd466b97bfbe","reportUrl":"https://AlexTomAQA.github.io/TestCapitalComPySe/237//#testresult/6ca0cd466b97bfbe","status":"failed","statusDetails":"Failed: Bug # 55!322 \nExpected result: Login form is opened\nActual result: Login form is not opened","time":{"start":1732668253023,"stop":1732668279860,"duration":26837}},{"uid":"818d45730228bdf6","reportUrl":"https://AlexTomAQA.github.io/TestCapitalComPySe/236//#testresult/818d45730228bdf6","status":"failed","statusDetails":"Failed: Bug # 55!322 \nExpected result: Login form is opened\nActual result: Login form is not opened","time":{"start":1732581910901,"stop":1732581938795,"duration":27894}},{"uid":"5a6e82547fe70f66","reportUrl":"https://AlexTomAQA.github.io/TestCapitalComPySe/235//#testresult/5a6e82547fe70f66","status":"failed","statusDetails":"Failed: Bug # 55!322 \nExpected result: Login form is opened\nActual result: Login form is not opened","time":{"start":1732495914306,"stop":1732495941539,"duration":27233}},{"uid":"c9658b1cfc47d8c","reportUrl":"https://AlexTomAQA.github.io/TestCapitalComPySe/234//#testresult/c9658b1cfc47d8c","status":"broken","statusDetails":"selenium.common.exceptions.ElementClickInterceptedException: Message: element click intercepted: Element <iconex _ngcontent-ng-c3701643753=\"\" name=\"iconex-arrow-down-mini\" class=\"icon-square\" _nghost-ng-c3863089522=\"\">...</iconex> is not clickable at point (1904, 24). Other element would receive the click: <div class=\"cdk-overlay-backdrop modal-overlay2 cdk-overlay-backdrop-showing\"></div>\n  (Session info: chrome=131.0.6778.69)\nStacktrace:\n#0 0x562667ccd31a <unknown>\n#1 0x5626677e36e0 <unknown>\n#2 0x5626678390f6 <unknown>\n#3 0x56266783705d <unknown>\n#4 0x562667834775 <unknown>\n#5 0x56266783392f <unknown>\n#6 0x5626678270d5 <unknown>\n#7 0x562667856462 <unknown>\n#8 0x562667826a18 <unknown>\n#9 0x56266785662e <unknown>\n#10 0x562667874ed7 <unknown>\n#11 0x562667856203 <unknown>\n#12 0x562667824cc0 <unknown>\n#13 0x562667825c9e <unknown>\n#14 0x562667c9ad0b <unknown>\n#15 0x562667c9ec92 <unknown>\n#16 0x562667c87b3c <unknown>\n#17 0x562667c9f807 <unknown>\n#18 0x562667c6d0df <unknown>\n#19 0x562667cbc578 <unknown>\n#20 0x562667cbc740 <unknown>\n#21 0x562667ccc196 <unknown>\n#22 0x7f3248e94ac3 <unknown>","time":{"start":1732408082239,"stop":1732408093730,"duration":11491}},{"uid":"a0d8a9bfa8ecb6a","reportUrl":"https://AlexTomAQA.github.io/TestCapitalComPySe/233//#testresult/a0d8a9bfa8ecb6a","status":"broken","statusDetails":"selenium.common.exceptions.ElementClickInterceptedException: Message: element click intercepted: Element <iconex _ngcontent-ng-c3701643753=\"\" name=\"iconex-arrow-down-mini\" class=\"icon-square\" _nghost-ng-c3863089522=\"\">...</iconex> is not clickable at point (1904, 24). Other element would receive the click: <div class=\"cdk-overlay-backdrop modal-overlay2 cdk-overlay-backdrop-showing\"></div>\n  (Session info: chrome=131.0.6778.69)\nStacktrace:\n#0 0x56193d61331a <unknown>\n#1 0x56193d1296e0 <unknown>\n#2 0x56193d17f0f6 <unknown>\n#3 0x56193d17d05d <unknown>\n#4 0x56193d17a775 <unknown>\n#5 0x56193d17992f <unknown>\n#6 0x56193d16d0d5 <unknown>\n#7 0x56193d19c462 <unknown>\n#8 0x56193d16ca18 <unknown>\n#9 0x56193d19c62e <unknown>\n#10 0x56193d1baed7 <unknown>\n#11 0x56193d19c203 <unknown>\n#12 0x56193d16acc0 <unknown>\n#13 0x56193d16bc9e <unknown>\n#14 0x56193d5e0d0b <unknown>\n#15 0x56193d5e4c92 <unknown>\n#16 0x56193d5cdb3c <unknown>\n#17 0x56193d5e5807 <unknown>\n#18 0x56193d5b30df <unknown>\n#19 0x56193d602578 <unknown>\n#20 0x56193d602740 <unknown>\n#21 0x56193d612196 <unknown>\n#22 0x7f9e7ce94ac3 <unknown>","time":{"start":1732326713546,"stop":1732326724900,"duration":11354}},{"uid":"a035322d6c3153fc","reportUrl":"https://AlexTomAQA.github.io/TestCapitalComPySe/232//#testresult/a035322d6c3153fc","status":"failed","statusDetails":"Failed: Bug # ??? For 'ae' country '' language the page \"Markets\" Menu > \"Markets\" Submenu doesn't exist in DOM","time":{"start":1732253064104,"stop":1732253085567,"duration":21463}},{"uid":"e32ecb37b511e87a","reportUrl":"https://AlexTomAQA.github.io/TestCapitalComPySe/231//#testresult/e32ecb37b511e87a","status":"failed","statusDetails":"Failed: Bug # ??? For 'ae' country '' language the page \"Markets\" Menu > \"Markets\" Submenu doesn't exist in DOM","time":{"start":1732237138973,"stop":1732237159837,"duration":20864}}]},"tags":["us_55","bug_322a"]},"source":"643df612fe97651f.json","parameterValues":["'ae'","''","'test001.miketar+1@gmail.com'","'Qwer1234-!@#$'","'NoAuth'","'Chrome'","''"]}