2024-05-08 23:11:57 ERROR Elements not present after 0.5 seconds on page: https://capital.com/zh/us-wall-street-30-index
2024-05-08 23:11:57 ERROR 
Traceback (most recent call last):
  File "/home/runner/work/TestCapitalComPySe/TestCapitalComPySe/pages/base_page.py", line 86, in inner_function
    return func(*args, **kwargs)
           ^^^^^^^^^^^^^^^^^^^^^
  File "/home/runner/work/TestCapitalComPySe/TestCapitalComPySe/pages/base_page.py", line 305, in element_is_visible
    return Wait(self.driver, timeout).until(
           ^^^^^^^^^^^^^^^^^^^^^^^^^^^^^^^^^
  File "/home/runner/.cache/pypoetry/virtualenvs/testcapitalcompyse-CcJ6hTD8-py3.12/lib/python3.12/site-packages/selenium/webdriver/support/wait.py", line 105, in until
    raise TimeoutException(message, screen, stacktrace)
selenium.common.exceptions.TimeoutException: Message: 
Stacktrace:
#0 0x55f077d32df3 <unknown>
#1 0x55f077a214e7 <unknown>
#2 0x55f077a6c35d <unknown>
#3 0x55f077a6c411 <unknown>
#4 0x55f077aaf774 <unknown>
#5 0x55f077a8e47d <unknown>
#6 0x55f077aacc29 <unknown>
#7 0x55f077a8e1f3 <unknown>
#8 0x55f077a5f28a <unknown>
#9 0x55f077a5fc5e <unknown>
#10 0x55f077cf711b <unknown>
#11 0x55f077cfb06b <unknown>
#12 0x55f077ce3231 <unknown>
#13 0x55f077cfbbd2 <unknown>
#14 0x55f077cc80ef <unknown>
#15 0x55f077d21f48 <unknown>
#16 0x55f077d22120 <unknown>
#17 0x55f077d31f44 <unknown>
#18 0x7f6d63a94ac3 <unknown>