2024-03-20 07:34:18 ERROR Elements not present after 0.5 seconds on page: https://capital.com/trade-cryptocurrency
2024-03-20 07:34:18 ERROR 
Traceback (most recent call last):
  File "/home/runner/work/TestCapitalComPySe/TestCapitalComPySe/pages/base_page.py", line 85, in inner_function
    return func(*args, **kwargs)
           ^^^^^^^^^^^^^^^^^^^^^
  File "/home/runner/work/TestCapitalComPySe/TestCapitalComPySe/pages/base_page.py", line 303, in element_is_visible
    return Wait(self.driver, timeout).until(
           ^^^^^^^^^^^^^^^^^^^^^^^^^^^^^^^^^
  File "/home/runner/.cache/pypoetry/virtualenvs/testcapitalcompyse-CcJ6hTD8-py3.12/lib/python3.12/site-packages/selenium/webdriver/support/wait.py", line 105, in until
    raise TimeoutException(message, screen, stacktrace)
selenium.common.exceptions.TimeoutException: Message: 
Stacktrace:
#0 0x61ce9103ff33 <unknown>
#1 0x61ce90d37ce6 <unknown>
#2 0x61ce90d82e48 <unknown>
#3 0x61ce90d82f01 <unknown>
#4 0x61ce90dc63f4 <unknown>
#5 0x61ce90da4edd <unknown>
#6 0x61ce90dc3899 <unknown>
#7 0x61ce90da4c53 <unknown>
#8 0x61ce90d75db3 <unknown>
#9 0x61ce90d7677e <unknown>
#10 0x61ce9100586b <unknown>
#11 0x61ce91009885 <unknown>
#12 0x61ce90ff3181 <unknown>
#13 0x61ce9100a412 <unknown>
#14 0x61ce90fd725f <unknown>
#15 0x61ce9102e528 <unknown>
#16 0x61ce9102e723 <unknown>
#17 0x61ce9103f0e4 <unknown>
#18 0x796758094ac3 <unknown>