2024-03-09 05:32:52 ERROR Elements not present after 0.5 seconds on page: https://capital.com/trade-commodities
2024-03-09 05:32:52 ERROR 
Traceback (most recent call last):
  File "/home/runner/work/TestCapitalComPySe/TestCapitalComPySe/pages/base_page.py", line 84, in inner_function
    return func(*args, **kwargs)
           ^^^^^^^^^^^^^^^^^^^^^
  File "/home/runner/work/TestCapitalComPySe/TestCapitalComPySe/pages/base_page.py", line 302, in element_is_visible
    return Wait(self.driver, timeout).until(
           ^^^^^^^^^^^^^^^^^^^^^^^^^^^^^^^^^
  File "/home/runner/.cache/pypoetry/virtualenvs/testcapitalcompyse-CcJ6hTD8-py3.12/lib/python3.12/site-packages/selenium/webdriver/support/wait.py", line 105, in until
    raise TimeoutException(message, screen, stacktrace)
selenium.common.exceptions.TimeoutException: Message: 
Stacktrace:
#0 0x563481a5aec3 <unknown>
#1 0x563481752ce6 <unknown>
#2 0x56348179de48 <unknown>
#3 0x56348179df01 <unknown>
#4 0x5634817e13f4 <unknown>
#5 0x5634817bfedd <unknown>
#6 0x5634817de899 <unknown>
#7 0x5634817bfc53 <unknown>
#8 0x563481790db3 <unknown>
#9 0x56348179177e <unknown>
#10 0x563481a207fb <unknown>
#11 0x563481a24815 <unknown>
#12 0x563481a0e111 <unknown>
#13 0x563481a253a2 <unknown>
#14 0x5634819f21ef <unknown>
#15 0x563481a494b8 <unknown>
#16 0x563481a496b3 <unknown>
#17 0x563481a5a074 <unknown>
#18 0x7ff1f5694ac3 <unknown>