2024-04-06 04:29:46 ERROR Elements not present after 0.5 seconds on page: https://capital.com/fr/nok-sek-taux
2024-04-06 04:29:46 ERROR 
Traceback (most recent call last):
  File "/home/runner/work/TestCapitalComPySe/TestCapitalComPySe/pages/base_page.py", line 85, in inner_function
    return func(*args, **kwargs)
           ^^^^^^^^^^^^^^^^^^^^^
  File "/home/runner/work/TestCapitalComPySe/TestCapitalComPySe/pages/base_page.py", line 307, in element_is_visible
    return Wait(self.driver, timeout).until(
           ^^^^^^^^^^^^^^^^^^^^^^^^^^^^^^^^^
  File "/home/runner/.cache/pypoetry/virtualenvs/testcapitalcompyse-CcJ6hTD8-py3.12/lib/python3.12/site-packages/selenium/webdriver/support/wait.py", line 105, in until
    raise TimeoutException(message, screen, stacktrace)
selenium.common.exceptions.TimeoutException: Message: 
Stacktrace:
#0 0x562100b2c873 <unknown>
#1 0x5621008228c6 <unknown>
#2 0x56210086d618 <unknown>
#3 0x56210086d6d1 <unknown>
#4 0x5621008b0744 <unknown>
#5 0x56210088f5cd <unknown>
#6 0x5621008adc19 <unknown>
#7 0x56210088f343 <unknown>
#8 0x562100860593 <unknown>
#9 0x562100860f5e <unknown>
#10 0x562100af085b <unknown>
#11 0x562100af47b5 <unknown>
#12 0x562100ade581 <unknown>
#13 0x562100af5342 <unknown>
#14 0x562100ac388f <unknown>
#15 0x562100b1b738 <unknown>
#16 0x562100b1b90b <unknown>
#17 0x562100b2b9c4 <unknown>
#18 0x7fc9bb694ac3 <unknown>

2024-04-06 04:29:49 ERROR Elements not present after 0.5 seconds on page: https://capital.com/fr/nok-sek-taux
2024-04-06 04:29:49 ERROR Can't click element by locator ('css selector', '#s_overlay button.s_cancel')
Traceback (most recent call last):
  File "/home/runner/work/TestCapitalComPySe/TestCapitalComPySe/pages/Elements/PageInstrumentNotificationButton.py", line 68, in element_click
    button_list[0].click()
  File "/home/runner/.cache/pypoetry/virtualenvs/testcapitalcompyse-CcJ6hTD8-py3.12/lib/python3.12/site-packages/selenium/webdriver/remote/webelement.py", line 94, in click
    self._execute(Command.CLICK_ELEMENT)
  File "/home/runner/.cache/pypoetry/virtualenvs/testcapitalcompyse-CcJ6hTD8-py3.12/lib/python3.12/site-packages/selenium/webdriver/remote/webelement.py", line 395, in _execute
    return self._parent.execute(command, params)
           ^^^^^^^^^^^^^^^^^^^^^^^^^^^^^^^^^^^^^
  File "/home/runner/.cache/pypoetry/virtualenvs/testcapitalcompyse-CcJ6hTD8-py3.12/lib/python3.12/site-packages/selenium/webdriver/remote/webdriver.py", line 347, in execute
    self.error_handler.check_response(response)
  File "/home/runner/.cache/pypoetry/virtualenvs/testcapitalcompyse-CcJ6hTD8-py3.12/lib/python3.12/site-packages/selenium/webdriver/remote/errorhandler.py", line 229, in check_response
    raise exception_class(message, screen, stacktrace)
selenium.common.exceptions.ElementClickInterceptedException: Message: element click intercepted: Element <a href="/fr/nok-sek-taux#" data-link="uu" data-iid="250461017944395" data-side="buy" data-platform="spotlight" class="btn btn--empty btn--round btn--sm js_signup_new js-analyticsVisible js-analyticsClick" data-type="market_alerts">...</a> is not clickable at point (387, 16). Other element would receive the click: <span>...</span>
  (Session info: chrome=123.0.6312.105)
Stacktrace:
#0 0x562100b2c873 <unknown>
#1 0x5621008228c6 <unknown>
#2 0x562100874233 <unknown>
#3 0x56210087214e <unknown>
#4 0x56210086fb27 <unknown>
#5 0x56210086eed3 <unknown>
#6 0x562100862507 <unknown>
#7 0x56210088f5a2 <unknown>
#8 0x562100861e98 <unknown>
#9 0x56210088f76e <unknown>
#10 0x5621008adc19 <unknown>
#11 0x56210088f343 <unknown>
#12 0x562100860593 <unknown>
#13 0x562100860f5e <unknown>
#14 0x562100af085b <unknown>
#15 0x562100af47b5 <unknown>
#16 0x562100ade581 <unknown>
#17 0x562100af5342 <unknown>
#18 0x562100ac388f <unknown>
#19 0x562100b1b738 <unknown>
#20 0x562100b1b90b <unknown>
#21 0x562100b2b9c4 <unknown>
#22 0x7fc9bb694ac3 <unknown>


During handling of the above exception, another exception occurred:

Traceback (most recent call last):
  File "/home/runner/work/TestCapitalComPySe/TestCapitalComPySe/pages/base_page.py", line 85, in inner_function
    return func(*args, **kwargs)
           ^^^^^^^^^^^^^^^^^^^^^
  File "/home/runner/work/TestCapitalComPySe/TestCapitalComPySe/pages/base_page.py", line 347, in element_is_clickable
    return Wait(self.driver, timeout).until(
           ^^^^^^^^^^^^^^^^^^^^^^^^^^^^^^^^^
  File "/home/runner/.cache/pypoetry/virtualenvs/testcapitalcompyse-CcJ6hTD8-py3.12/lib/python3.12/site-packages/selenium/webdriver/support/wait.py", line 105, in until
    raise TimeoutException(message, screen, stacktrace)
selenium.common.exceptions.TimeoutException: Message: Can't click element by locator ('css selector', '#s_overlay button.s_cancel')