{"uid":"6f8f401c8ada9cd","name":"TC_55!378 (Lang: en) | Bid:55!378-en.au.NoAuth","fullName":"tests.US_55_ReTestsManual.saii-d3v.US_55-saii-d3v_ReTestsManual_test.TestManualDetectedBugs#test_378","historyId":"1f81b3de0d37bf57483d09877cac2965","time":{"start":1732840456883,"stop":1732840472690,"duration":15807},"description":"\n         Check: FCA license is selected instead of ASIC/CYSEC/SCA on trading instrument page\n         after clicking any of trading instrument links\n         on the page “Lloyds forecast: will Lloyds share price return to £1? Third party data forecast”\n         Language: EN.\n         License: SCA.\n         Author: Sergey Aiidzhanov\n         ","descriptionHtml":"<pre><code>     Check: FCA license is selected instead of ASIC/CYSEC/SCA on trading instrument page\n     after clicking any of trading instrument links\n     on the page “Lloyds forecast: will Lloyds share price return to £1? Third party data forecast”\n     Language: EN.\n     License: SCA.\n     Author: Sergey Aiidzhanov\n</code></pre>\n","status":"broken","statusMessage":"selenium.common.exceptions.NoSuchElementException: Message: no such element: Unable to locate element: {\"method\":\"css selector\",\"selector\":\"terms-and-conditions-popup em.iconex-close-small.ng-star-inserted\"}\n  (Session info: chrome=131.0.6778.85); For documentation on this error, please visit: https://www.selenium.dev/documentation/webdriver/troubleshooting/errors#no-such-element-exception\nStacktrace:\n#0 0x561d75aaf31a <unknown>\n#1 0x561d755c56e0 <unknown>\n#2 0x561d756143e6 <unknown>\n#3 0x561d75614681 <unknown>\n#4 0x561d75659b04 <unknown>\n#5 0x561d7563848d <unknown>\n#6 0x561d75656ed7 <unknown>\n#7 0x561d75638203 <unknown>\n#8 0x561d75606cc0 <unknown>\n#9 0x561d75607c9e <unknown>\n#10 0x561d75a7cd0b <unknown>\n#11 0x561d75a80c92 <unknown>\n#12 0x561d75a69b3c <unknown>\n#13 0x561d75a81807 <unknown>\n#14 0x561d75a4f0df <unknown>\n#15 0x561d75a9e578 <unknown>\n#16 0x561d75a9e740 <unknown>\n#17 0x561d75aae196 <unknown>\n#18 0x7f4434c94ac3 <unknown>","statusTrace":"self = <US_55-saii-d3v_ReTestsManual_test.TestManualDetectedBugs object at 0x7f1b298b0530>\nworker_id = 'master'\nd = <selenium.webdriver.chrome.webdriver.WebDriver (session=\"16070631057ab1eb74993d93be69cb62\")>\ncur_language = '', cur_country = 'au', cur_role = 'NoAuth'\ncur_login = 'test001.miketar+1@gmail.com', cur_password = 'Qwer1234-!@#$'\nbug_378_link_loc = ('xpath', '//a[text() = \"HSBA\"]')\n\n    @allure.step(\n        'Start retest manual TC_55!378 | FCA license is selected instead of ASIC/CYSEC/SCA on trading instrument page '\n        'after clicking any of trading instrument links '\n        'on the page “Lloyds forecast: will Lloyds share price return to £1? Third party data forecast”')\n    @pytest.mark.parametrize('cur_language', [''])\n    @pytest.mark.parametrize('cur_country', random.sample(['ae', 'au', 'de'], 1))\n    @pytest.mark.parametrize('cur_role', ['Auth', 'NoAuth', 'NoReg'])\n    @pytest.mark.bug_378\n    def test_378(self, worker_id, d, cur_language, cur_country, cur_role,\n                 cur_login, cur_password, bug_378_link_loc):\n        \"\"\"\n         Check: FCA license is selected instead of ASIC/CYSEC/SCA on trading instrument page\n         after clicking any of trading instrument links\n         on the page “Lloyds forecast: will Lloyds share price return to £1? Third party data forecast”\n         Language: EN.\n         License: SCA.\n         Author: Sergey Aiidzhanov\n         \"\"\"\n        bid = build_dynamic_arg_for_us_55(\n            d, worker_id, cur_language, cur_country, cur_role,\n            \"55\", \"ReTests of Manual Detected Bugs\",\n            \"378\",\n            'FCA license is selected instead of ASIC/CYSEC/SCA on trading instrument page '\n            'after clicking any of trading instrument links '\n            'on the page “Lloyds forecast: will Lloyds share price return to £1? Third party data forecast”',\n            False,\n            False\n        )\n    \n        # Arrange\n>       link = apply_preconditions_to_link(d, cur_language, cur_country, cur_role, cur_login, cur_password)\n\ntests/US_55_ReTestsManual/saii-d3v/US_55-saii-d3v_ReTestsManual_test.py:1232: \n_ _ _ _ _ _ _ _ _ _ _ _ _ _ _ _ _ _ _ _ _ _ _ _ _ _ _ _ _ _ _ _ _ _ _ _ _ _ _ _ \npages/conditions_v2.py:78: in apply_preconditions_to_link\n    return cond.preconditions(d, CapitalComPageSrc.URL_NEW, '', cur_language, cur_country, cur_role,\npages/conditions_v2.py:155: in preconditions\n    self.to_do_de_authorisation_new(d, host)\npages/conditions_v2.py:283: in to_do_de_authorisation_new\n    if not top_bar.trading_platform_top_bar_account_info_menu_logout():\npages/Trading_platform/Topbar/topbar.py:53: in trading_platform_top_bar_account_info_menu_logout\n    terms_and_policies = self.driver.find_element(By.CSS_SELECTOR,\n../../../.cache/pypoetry/virtualenvs/testcapitalcompyse-CcJ6hTD8-py3.12/lib/python3.12/site-packages/selenium/webdriver/remote/webdriver.py:766: in find_element\n    return self.execute(Command.FIND_ELEMENT, {\"using\": by, \"value\": value})[\"value\"]\n../../../.cache/pypoetry/virtualenvs/testcapitalcompyse-CcJ6hTD8-py3.12/lib/python3.12/site-packages/selenium/webdriver/remote/webdriver.py:380: in execute\n    self.error_handler.check_response(response)\n_ _ _ _ _ _ _ _ _ _ _ _ _ _ _ _ _ _ _ _ _ _ _ _ _ _ _ _ _ _ _ _ _ _ _ _ _ _ _ _ \n\nself = <selenium.webdriver.remote.errorhandler.ErrorHandler object at 0x7f1b298b3aa0>\nresponse = {'status': 404, 'value': '{\"value\":{\"error\":\"no such element\",\"message\":\"no such element: Unable to locate element: {\\...\\\\n#16 0x561d75a9e740 \\\\u003Cunknown>\\\\n#17 0x561d75aae196 \\\\u003Cunknown>\\\\n#18 0x7f4434c94ac3 \\\\u003Cunknown>\\\\n\"}}'}\n\n    def check_response(self, response: Dict[str, Any]) -> None:\n        \"\"\"Checks that a JSON response from the WebDriver does not have an\n        error.\n    \n        :Args:\n         - response - The JSON response from the WebDriver server as a dictionary\n           object.\n    \n        :Raises: If the response contains an error message.\n        \"\"\"\n        status = response.get(\"status\", None)\n        if not status or status == ErrorCode.SUCCESS:\n            return\n        value = None\n        message = response.get(\"message\", \"\")\n        screen: str = response.get(\"screen\", \"\")\n        stacktrace = None\n        if isinstance(status, int):\n            value_json = response.get(\"value\", None)\n            if value_json and isinstance(value_json, str):\n                import json\n    \n                try:\n                    value = json.loads(value_json)\n                    if len(value) == 1:\n                        value = value[\"value\"]\n                    status = value.get(\"error\", None)\n                    if not status:\n                        status = value.get(\"status\", ErrorCode.UNKNOWN_ERROR)\n                        message = value.get(\"value\") or value.get(\"message\")\n                        if not isinstance(message, str):\n                            value = message\n                            message = message.get(\"message\")\n                    else:\n                        message = value.get(\"message\", None)\n                except ValueError:\n                    pass\n    \n        exception_class: Type[WebDriverException]\n        e = ErrorCode()\n        error_codes = [item for item in dir(e) if not item.startswith(\"__\")]\n        for error_code in error_codes:\n            error_info = getattr(ErrorCode, error_code)\n            if isinstance(error_info, list) and status in error_info:\n                exception_class = getattr(ExceptionMapping, error_code, WebDriverException)\n                break\n        else:\n            exception_class = WebDriverException\n    \n        if not value:\n            value = response[\"value\"]\n        if isinstance(value, str):\n            raise exception_class(value)\n        if message == \"\" and \"message\" in value:\n            message = value[\"message\"]\n    \n        screen = None  # type: ignore[assignment]\n        if \"screen\" in value:\n            screen = value[\"screen\"]\n    \n        stacktrace = None\n        st_value = value.get(\"stackTrace\") or value.get(\"stacktrace\")\n        if st_value:\n            if isinstance(st_value, str):\n                stacktrace = st_value.split(\"\\n\")\n            else:\n                stacktrace = []\n                try:\n                    for frame in st_value:\n                        line = frame.get(\"lineNumber\", \"\")\n                        file = frame.get(\"fileName\", \"<anonymous>\")\n                        if line:\n                            file = f\"{file}:{line}\"\n                        meth = frame.get(\"methodName\", \"<anonymous>\")\n                        if \"className\" in frame:\n                            meth = f\"{frame['className']}.{meth}\"\n                        msg = \"    at %s (%s)\"\n                        msg = msg % (meth, file)\n                        stacktrace.append(msg)\n                except TypeError:\n                    pass\n        if exception_class == UnexpectedAlertPresentException:\n            alert_text = None\n            if \"data\" in value:\n                alert_text = value[\"data\"].get(\"text\")\n            elif \"alert\" in value:\n                alert_text = value[\"alert\"].get(\"text\")\n            raise exception_class(message, screen, stacktrace, alert_text)  # type: ignore[call-arg]  # mypy is not smart enough here\n>       raise exception_class(message, screen, stacktrace)\nE       selenium.common.exceptions.NoSuchElementException: Message: no such element: Unable to locate element: {\"method\":\"css selector\",\"selector\":\"terms-and-conditions-popup em.iconex-close-small.ng-star-inserted\"}\nE         (Session info: chrome=131.0.6778.85); For documentation on this error, please visit: https://www.selenium.dev/documentation/webdriver/troubleshooting/errors#no-such-element-exception\nE       Stacktrace:\nE       #0 0x561d75aaf31a <unknown>\nE       #1 0x561d755c56e0 <unknown>\nE       #2 0x561d756143e6 <unknown>\nE       #3 0x561d75614681 <unknown>\nE       #4 0x561d75659b04 <unknown>\nE       #5 0x561d7563848d <unknown>\nE       #6 0x561d75656ed7 <unknown>\nE       #7 0x561d75638203 <unknown>\nE       #8 0x561d75606cc0 <unknown>\nE       #9 0x561d75607c9e <unknown>\nE       #10 0x561d75a7cd0b <unknown>\nE       #11 0x561d75a80c92 <unknown>\nE       #12 0x561d75a69b3c <unknown>\nE       #13 0x561d75a81807 <unknown>\nE       #14 0x561d75a4f0df <unknown>\nE       #15 0x561d75a9e578 <unknown>\nE       #16 0x561d75a9e740 <unknown>\nE       #17 0x561d75aae196 <unknown>\nE       #18 0x7f4434c94ac3 <unknown>\n\n../../../.cache/pypoetry/virtualenvs/testcapitalcompyse-CcJ6hTD8-py3.12/lib/python3.12/site-packages/selenium/webdriver/remote/errorhandler.py:229: NoSuchElementException","flaky":false,"newFailed":false,"newBroken":true,"newPassed":false,"retriesCount":0,"retriesStatusChange":false,"beforeStages":[{"name":"d","time":{"start":1732837416224,"stop":1732837416620,"duration":396},"status":"passed","steps":[],"attachments":[],"parameters":[],"shouldDisplayMessage":false,"stepsCount":0,"attachmentsCount":0,"hasContent":false,"attachmentStep":false},{"name":"worker_id","time":{"start":1732837416620,"stop":1732837416620,"duration":0},"status":"passed","steps":[],"attachments":[],"parameters":[],"shouldDisplayMessage":false,"stepsCount":0,"attachmentsCount":0,"hasContent":false,"attachmentStep":false},{"name":"cur_login","time":{"start":1732837416621,"stop":1732837416621,"duration":0},"status":"passed","steps":[],"attachments":[],"parameters":[],"shouldDisplayMessage":false,"stepsCount":0,"attachmentsCount":0,"hasContent":false,"attachmentStep":false},{"name":"cur_password","time":{"start":1732837416621,"stop":1732837416621,"duration":0},"status":"passed","steps":[],"attachments":[],"parameters":[],"shouldDisplayMessage":false,"stepsCount":0,"attachmentsCount":0,"hasContent":false,"attachmentStep":false},{"name":"bug_378_link_loc","time":{"start":1732840456882,"stop":1732840456882,"duration":0},"status":"passed","steps":[],"attachments":[],"parameters":[],"shouldDisplayMessage":false,"stepsCount":0,"attachmentsCount":0,"hasContent":false,"attachmentStep":false}],"testStage":{"description":"\n         Check: FCA license is selected instead of ASIC/CYSEC/SCA on trading instrument page\n         after clicking any of trading instrument links\n         on the page “Lloyds forecast: will Lloyds share price return to £1? Third party data forecast”\n         Language: EN.\n         License: SCA.\n         Author: Sergey Aiidzhanov\n         ","status":"broken","statusMessage":"selenium.common.exceptions.NoSuchElementException: Message: no such element: Unable to locate element: {\"method\":\"css selector\",\"selector\":\"terms-and-conditions-popup em.iconex-close-small.ng-star-inserted\"}\n  (Session info: chrome=131.0.6778.85); For documentation on this error, please visit: https://www.selenium.dev/documentation/webdriver/troubleshooting/errors#no-such-element-exception\nStacktrace:\n#0 0x561d75aaf31a <unknown>\n#1 0x561d755c56e0 <unknown>\n#2 0x561d756143e6 <unknown>\n#3 0x561d75614681 <unknown>\n#4 0x561d75659b04 <unknown>\n#5 0x561d7563848d <unknown>\n#6 0x561d75656ed7 <unknown>\n#7 0x561d75638203 <unknown>\n#8 0x561d75606cc0 <unknown>\n#9 0x561d75607c9e <unknown>\n#10 0x561d75a7cd0b <unknown>\n#11 0x561d75a80c92 <unknown>\n#12 0x561d75a69b3c <unknown>\n#13 0x561d75a81807 <unknown>\n#14 0x561d75a4f0df <unknown>\n#15 0x561d75a9e578 <unknown>\n#16 0x561d75a9e740 <unknown>\n#17 0x561d75aae196 <unknown>\n#18 0x7f4434c94ac3 <unknown>","statusTrace":"self = <US_55-saii-d3v_ReTestsManual_test.TestManualDetectedBugs object at 0x7f1b298b0530>\nworker_id = 'master'\nd = <selenium.webdriver.chrome.webdriver.WebDriver (session=\"16070631057ab1eb74993d93be69cb62\")>\ncur_language = '', cur_country = 'au', cur_role = 'NoAuth'\ncur_login = 'test001.miketar+1@gmail.com', cur_password = 'Qwer1234-!@#$'\nbug_378_link_loc = ('xpath', '//a[text() = \"HSBA\"]')\n\n    @allure.step(\n        'Start retest manual TC_55!378 | FCA license is selected instead of ASIC/CYSEC/SCA on trading instrument page '\n        'after clicking any of trading instrument links '\n        'on the page “Lloyds forecast: will Lloyds share price return to £1? Third party data forecast”')\n    @pytest.mark.parametrize('cur_language', [''])\n    @pytest.mark.parametrize('cur_country', random.sample(['ae', 'au', 'de'], 1))\n    @pytest.mark.parametrize('cur_role', ['Auth', 'NoAuth', 'NoReg'])\n    @pytest.mark.bug_378\n    def test_378(self, worker_id, d, cur_language, cur_country, cur_role,\n                 cur_login, cur_password, bug_378_link_loc):\n        \"\"\"\n         Check: FCA license is selected instead of ASIC/CYSEC/SCA on trading instrument page\n         after clicking any of trading instrument links\n         on the page “Lloyds forecast: will Lloyds share price return to £1? Third party data forecast”\n         Language: EN.\n         License: SCA.\n         Author: Sergey Aiidzhanov\n         \"\"\"\n        bid = build_dynamic_arg_for_us_55(\n            d, worker_id, cur_language, cur_country, cur_role,\n            \"55\", \"ReTests of Manual Detected Bugs\",\n            \"378\",\n            'FCA license is selected instead of ASIC/CYSEC/SCA on trading instrument page '\n            'after clicking any of trading instrument links '\n            'on the page “Lloyds forecast: will Lloyds share price return to £1? Third party data forecast”',\n            False,\n            False\n        )\n    \n        # Arrange\n>       link = apply_preconditions_to_link(d, cur_language, cur_country, cur_role, cur_login, cur_password)\n\ntests/US_55_ReTestsManual/saii-d3v/US_55-saii-d3v_ReTestsManual_test.py:1232: \n_ _ _ _ _ _ _ _ _ _ _ _ _ _ _ _ _ _ _ _ _ _ _ _ _ _ _ _ _ _ _ _ _ _ _ _ _ _ _ _ \npages/conditions_v2.py:78: in apply_preconditions_to_link\n    return cond.preconditions(d, CapitalComPageSrc.URL_NEW, '', cur_language, cur_country, cur_role,\npages/conditions_v2.py:155: in preconditions\n    self.to_do_de_authorisation_new(d, host)\npages/conditions_v2.py:283: in to_do_de_authorisation_new\n    if not top_bar.trading_platform_top_bar_account_info_menu_logout():\npages/Trading_platform/Topbar/topbar.py:53: in trading_platform_top_bar_account_info_menu_logout\n    terms_and_policies = self.driver.find_element(By.CSS_SELECTOR,\n../../../.cache/pypoetry/virtualenvs/testcapitalcompyse-CcJ6hTD8-py3.12/lib/python3.12/site-packages/selenium/webdriver/remote/webdriver.py:766: in find_element\n    return self.execute(Command.FIND_ELEMENT, {\"using\": by, \"value\": value})[\"value\"]\n../../../.cache/pypoetry/virtualenvs/testcapitalcompyse-CcJ6hTD8-py3.12/lib/python3.12/site-packages/selenium/webdriver/remote/webdriver.py:380: in execute\n    self.error_handler.check_response(response)\n_ _ _ _ _ _ _ _ _ _ _ _ _ _ _ _ _ _ _ _ _ _ _ _ _ _ _ _ _ _ _ _ _ _ _ _ _ _ _ _ \n\nself = <selenium.webdriver.remote.errorhandler.ErrorHandler object at 0x7f1b298b3aa0>\nresponse = {'status': 404, 'value': '{\"value\":{\"error\":\"no such element\",\"message\":\"no such element: Unable to locate element: {\\...\\\\n#16 0x561d75a9e740 \\\\u003Cunknown>\\\\n#17 0x561d75aae196 \\\\u003Cunknown>\\\\n#18 0x7f4434c94ac3 \\\\u003Cunknown>\\\\n\"}}'}\n\n    def check_response(self, response: Dict[str, Any]) -> None:\n        \"\"\"Checks that a JSON response from the WebDriver does not have an\n        error.\n    \n        :Args:\n         - response - The JSON response from the WebDriver server as a dictionary\n           object.\n    \n        :Raises: If the response contains an error message.\n        \"\"\"\n        status = response.get(\"status\", None)\n        if not status or status == ErrorCode.SUCCESS:\n            return\n        value = None\n        message = response.get(\"message\", \"\")\n        screen: str = response.get(\"screen\", \"\")\n        stacktrace = None\n        if isinstance(status, int):\n            value_json = response.get(\"value\", None)\n            if value_json and isinstance(value_json, str):\n                import json\n    \n                try:\n                    value = json.loads(value_json)\n                    if len(value) == 1:\n                        value = value[\"value\"]\n                    status = value.get(\"error\", None)\n                    if not status:\n                        status = value.get(\"status\", ErrorCode.UNKNOWN_ERROR)\n                        message = value.get(\"value\") or value.get(\"message\")\n                        if not isinstance(message, str):\n                            value = message\n                            message = message.get(\"message\")\n                    else:\n                        message = value.get(\"message\", None)\n                except ValueError:\n                    pass\n    \n        exception_class: Type[WebDriverException]\n        e = ErrorCode()\n        error_codes = [item for item in dir(e) if not item.startswith(\"__\")]\n        for error_code in error_codes:\n            error_info = getattr(ErrorCode, error_code)\n            if isinstance(error_info, list) and status in error_info:\n                exception_class = getattr(ExceptionMapping, error_code, WebDriverException)\n                break\n        else:\n            exception_class = WebDriverException\n    \n        if not value:\n            value = response[\"value\"]\n        if isinstance(value, str):\n            raise exception_class(value)\n        if message == \"\" and \"message\" in value:\n            message = value[\"message\"]\n    \n        screen = None  # type: ignore[assignment]\n        if \"screen\" in value:\n            screen = value[\"screen\"]\n    \n        stacktrace = None\n        st_value = value.get(\"stackTrace\") or value.get(\"stacktrace\")\n        if st_value:\n            if isinstance(st_value, str):\n                stacktrace = st_value.split(\"\\n\")\n            else:\n                stacktrace = []\n                try:\n                    for frame in st_value:\n                        line = frame.get(\"lineNumber\", \"\")\n                        file = frame.get(\"fileName\", \"<anonymous>\")\n                        if line:\n                            file = f\"{file}:{line}\"\n                        meth = frame.get(\"methodName\", \"<anonymous>\")\n                        if \"className\" in frame:\n                            meth = f\"{frame['className']}.{meth}\"\n                        msg = \"    at %s (%s)\"\n                        msg = msg % (meth, file)\n                        stacktrace.append(msg)\n                except TypeError:\n                    pass\n        if exception_class == UnexpectedAlertPresentException:\n            alert_text = None\n            if \"data\" in value:\n                alert_text = value[\"data\"].get(\"text\")\n            elif \"alert\" in value:\n                alert_text = value[\"alert\"].get(\"text\")\n            raise exception_class(message, screen, stacktrace, alert_text)  # type: ignore[call-arg]  # mypy is not smart enough here\n>       raise exception_class(message, screen, stacktrace)\nE       selenium.common.exceptions.NoSuchElementException: Message: no such element: Unable to locate element: {\"method\":\"css selector\",\"selector\":\"terms-and-conditions-popup em.iconex-close-small.ng-star-inserted\"}\nE         (Session info: chrome=131.0.6778.85); For documentation on this error, please visit: https://www.selenium.dev/documentation/webdriver/troubleshooting/errors#no-such-element-exception\nE       Stacktrace:\nE       #0 0x561d75aaf31a <unknown>\nE       #1 0x561d755c56e0 <unknown>\nE       #2 0x561d756143e6 <unknown>\nE       #3 0x561d75614681 <unknown>\nE       #4 0x561d75659b04 <unknown>\nE       #5 0x561d7563848d <unknown>\nE       #6 0x561d75656ed7 <unknown>\nE       #7 0x561d75638203 <unknown>\nE       #8 0x561d75606cc0 <unknown>\nE       #9 0x561d75607c9e <unknown>\nE       #10 0x561d75a7cd0b <unknown>\nE       #11 0x561d75a80c92 <unknown>\nE       #12 0x561d75a69b3c <unknown>\nE       #13 0x561d75a81807 <unknown>\nE       #14 0x561d75a4f0df <unknown>\nE       #15 0x561d75a9e578 <unknown>\nE       #16 0x561d75a9e740 <unknown>\nE       #17 0x561d75aae196 <unknown>\nE       #18 0x7f4434c94ac3 <unknown>\n\n../../../.cache/pypoetry/virtualenvs/testcapitalcompyse-CcJ6hTD8-py3.12/lib/python3.12/site-packages/selenium/webdriver/remote/errorhandler.py:229: NoSuchElementException","steps":[{"name":"Start retest manual TC_55!378 | FCA license is selected instead of ASIC/CYSEC/SCA on trading instrument page after clicking any of trading instrument links on the page “Lloyds forecast: will Lloyds share price return to £1? Third party data forecast”","time":{"start":1732840456883,"stop":1732840472689,"duration":15806},"status":"broken","statusMessage":"selenium.common.exceptions.NoSuchElementException: Message: no such element: Unable to locate element: {\"method\":\"css selector\",\"selector\":\"terms-and-conditions-popup em.iconex-close-small.ng-star-inserted\"}\n  (Session info: chrome=131.0.6778.85); For documentation on this error, please visit: https://www.selenium.dev/documentation/webdriver/troubleshooting/errors#no-such-element-exception\nStacktrace:\n#0 0x561d75aaf31a <unknown>\n#1 0x561d755c56e0 <unknown>\n#2 0x561d756143e6 <unknown>\n#3 0x561d75614681 <unknown>\n#4 0x561d75659b04 <unknown>\n#5 0x561d7563848d <unknown>\n#6 0x561d75656ed7 <unknown>\n#7 0x561d75638203 <unknown>\n#8 0x561d75606cc0 <unknown>\n#9 0x561d75607c9e <unknown>\n#10 0x561d75a7cd0b <unknown>\n#11 0x561d75a80c92 <unknown>\n#12 0x561d75a69b3c <unknown>\n#13 0x561d75a81807 <unknown>\n#14 0x561d75a4f0df <unknown>\n#15 0x561d75a9e578 <unknown>\n#16 0x561d75a9e740 <unknown>\n#17 0x561d75aae196 <unknown>\n#18 0x7f4434c94ac3 <unknown>\n\n","statusTrace":"  File \"/home/runner/.cache/pypoetry/virtualenvs/testcapitalcompyse-CcJ6hTD8-py3.12/lib/python3.12/site-packages/allure_commons/_allure.py\", line 192, in impl\n    return func(*a, **kw)\n           ^^^^^^^^^^^^^^\n  File \"/home/runner/work/TestCapitalComPySe/TestCapitalComPySe/tests/US_55_ReTestsManual/saii-d3v/US_55-saii-d3v_ReTestsManual_test.py\", line 1232, in test_378\n    link = apply_preconditions_to_link(d, cur_language, cur_country, cur_role, cur_login, cur_password)\n           ^^^^^^^^^^^^^^^^^^^^^^^^^^^^^^^^^^^^^^^^^^^^^^^^^^^^^^^^^^^^^^^^^^^^^^^^^^^^^^^^^^^^^^^^^^^^\n  File \"/home/runner/work/TestCapitalComPySe/TestCapitalComPySe/pages/conditions_v2.py\", line 78, in apply_preconditions_to_link\n    return cond.preconditions(d, CapitalComPageSrc.URL_NEW, '', cur_language, cur_country, cur_role,\n           ^^^^^^^^^^^^^^^^^^^^^^^^^^^^^^^^^^^^^^^^^^^^^^^^^^^^^^^^^^^^^^^^^^^^^^^^^^^^^^^^^^^^^^^^^\n  File \"/home/runner/.cache/pypoetry/virtualenvs/testcapitalcompyse-CcJ6hTD8-py3.12/lib/python3.12/site-packages/allure_commons/_allure.py\", line 192, in impl\n    return func(*a, **kw)\n           ^^^^^^^^^^^^^^\n  File \"/home/runner/work/TestCapitalComPySe/TestCapitalComPySe/pages/conditions_v2.py\", line 155, in preconditions\n    self.to_do_de_authorisation_new(d, host)\n  File \"/home/runner/.cache/pypoetry/virtualenvs/testcapitalcompyse-CcJ6hTD8-py3.12/lib/python3.12/site-packages/allure_commons/_allure.py\", line 192, in impl\n    return func(*a, **kw)\n           ^^^^^^^^^^^^^^\n  File \"/home/runner/work/TestCapitalComPySe/TestCapitalComPySe/pages/conditions_v2.py\", line 283, in to_do_de_authorisation_new\n    if not top_bar.trading_platform_top_bar_account_info_menu_logout():\n           ^^^^^^^^^^^^^^^^^^^^^^^^^^^^^^^^^^^^^^^^^^^^^^^^^^^^^^^^^^^\n  File \"/home/runner/.cache/pypoetry/virtualenvs/testcapitalcompyse-CcJ6hTD8-py3.12/lib/python3.12/site-packages/allure_commons/_allure.py\", line 192, in impl\n    return func(*a, **kw)\n           ^^^^^^^^^^^^^^\n  File \"/home/runner/work/TestCapitalComPySe/TestCapitalComPySe/pages/Trading_platform/Topbar/topbar.py\", line 53, in trading_platform_top_bar_account_info_menu_logout\n    terms_and_policies = self.driver.find_element(By.CSS_SELECTOR,\n                         ^^^^^^^^^^^^^^^^^^^^^^^^^^^^^^^^^^^^^^^^^\n  File \"/home/runner/.cache/pypoetry/virtualenvs/testcapitalcompyse-CcJ6hTD8-py3.12/lib/python3.12/site-packages/selenium/webdriver/remote/webdriver.py\", line 766, in find_element\n    return self.execute(Command.FIND_ELEMENT, {\"using\": by, \"value\": value})[\"value\"]\n           ^^^^^^^^^^^^^^^^^^^^^^^^^^^^^^^^^^^^^^^^^^^^^^^^^^^^^^^^^^^^^^^^^\n  File \"/home/runner/.cache/pypoetry/virtualenvs/testcapitalcompyse-CcJ6hTD8-py3.12/lib/python3.12/site-packages/selenium/webdriver/remote/webdriver.py\", line 380, in execute\n    self.error_handler.check_response(response)\n  File \"/home/runner/.cache/pypoetry/virtualenvs/testcapitalcompyse-CcJ6hTD8-py3.12/lib/python3.12/site-packages/selenium/webdriver/remote/errorhandler.py\", line 229, in check_response\n    raise exception_class(message, screen, stacktrace)\n","steps":[{"name":"Build dynamic argument for TCs of US_55","time":{"start":1732840456883,"stop":1732840456889,"duration":6},"status":"passed","steps":[],"attachments":[],"parameters":[{"name":"d","value":"<selenium.webdriver.chrome.webdriver.WebDriver (session=\"16070631057ab1eb74993d93be69cb62\")>"},{"name":"worker_id","value":"'master'"},{"name":"cur_language","value":"''"},{"name":"cur_country","value":"'au'"},{"name":"cur_role","value":"'NoAuth'"},{"name":"us","value":"'55'"},{"name":"desc_us","value":"'ReTests of Manual Detected Bugs'"},{"name":"num_tc","value":"'378'"},{"name":"desc_tc","value":"'FCA license is selected instead of ASIC/CYSEC/SCA on trading instrument page after clicking any of trading instrument links on the page “Lloyds forecast: will Lloyds share price return to £1? Third party data forecast”'"},{"name":"manual","value":"False"},{"name":"new_layout","value":"False"}],"shouldDisplayMessage":false,"stepsCount":0,"attachmentsCount":0,"hasContent":true,"attachmentStep":false},{"name":"   Set New preconditions","time":{"start":1732840456890,"stop":1732840472688,"duration":15798},"status":"broken","statusMessage":"selenium.common.exceptions.NoSuchElementException: Message: no such element: Unable to locate element: {\"method\":\"css selector\",\"selector\":\"terms-and-conditions-popup em.iconex-close-small.ng-star-inserted\"}\n  (Session info: chrome=131.0.6778.85); For documentation on this error, please visit: https://www.selenium.dev/documentation/webdriver/troubleshooting/errors#no-such-element-exception\nStacktrace:\n#0 0x561d75aaf31a <unknown>\n#1 0x561d755c56e0 <unknown>\n#2 0x561d756143e6 <unknown>\n#3 0x561d75614681 <unknown>\n#4 0x561d75659b04 <unknown>\n#5 0x561d7563848d <unknown>\n#6 0x561d75656ed7 <unknown>\n#7 0x561d75638203 <unknown>\n#8 0x561d75606cc0 <unknown>\n#9 0x561d75607c9e <unknown>\n#10 0x561d75a7cd0b <unknown>\n#11 0x561d75a80c92 <unknown>\n#12 0x561d75a69b3c <unknown>\n#13 0x561d75a81807 <unknown>\n#14 0x561d75a4f0df <unknown>\n#15 0x561d75a9e578 <unknown>\n#16 0x561d75a9e740 <unknown>\n#17 0x561d75aae196 <unknown>\n#18 0x7f4434c94ac3 <unknown>\n\n","statusTrace":"  File \"/home/runner/.cache/pypoetry/virtualenvs/testcapitalcompyse-CcJ6hTD8-py3.12/lib/python3.12/site-packages/allure_commons/_allure.py\", line 192, in impl\n    return func(*a, **kw)\n           ^^^^^^^^^^^^^^\n  File \"/home/runner/work/TestCapitalComPySe/TestCapitalComPySe/pages/conditions_v2.py\", line 155, in preconditions\n    self.to_do_de_authorisation_new(d, host)\n  File \"/home/runner/.cache/pypoetry/virtualenvs/testcapitalcompyse-CcJ6hTD8-py3.12/lib/python3.12/site-packages/allure_commons/_allure.py\", line 192, in impl\n    return func(*a, **kw)\n           ^^^^^^^^^^^^^^\n  File \"/home/runner/work/TestCapitalComPySe/TestCapitalComPySe/pages/conditions_v2.py\", line 283, in to_do_de_authorisation_new\n    if not top_bar.trading_platform_top_bar_account_info_menu_logout():\n           ^^^^^^^^^^^^^^^^^^^^^^^^^^^^^^^^^^^^^^^^^^^^^^^^^^^^^^^^^^^\n  File \"/home/runner/.cache/pypoetry/virtualenvs/testcapitalcompyse-CcJ6hTD8-py3.12/lib/python3.12/site-packages/allure_commons/_allure.py\", line 192, in impl\n    return func(*a, **kw)\n           ^^^^^^^^^^^^^^\n  File \"/home/runner/work/TestCapitalComPySe/TestCapitalComPySe/pages/Trading_platform/Topbar/topbar.py\", line 53, in trading_platform_top_bar_account_info_menu_logout\n    terms_and_policies = self.driver.find_element(By.CSS_SELECTOR,\n                         ^^^^^^^^^^^^^^^^^^^^^^^^^^^^^^^^^^^^^^^^^\n  File \"/home/runner/.cache/pypoetry/virtualenvs/testcapitalcompyse-CcJ6hTD8-py3.12/lib/python3.12/site-packages/selenium/webdriver/remote/webdriver.py\", line 766, in find_element\n    return self.execute(Command.FIND_ELEMENT, {\"using\": by, \"value\": value})[\"value\"]\n           ^^^^^^^^^^^^^^^^^^^^^^^^^^^^^^^^^^^^^^^^^^^^^^^^^^^^^^^^^^^^^^^^^\n  File \"/home/runner/.cache/pypoetry/virtualenvs/testcapitalcompyse-CcJ6hTD8-py3.12/lib/python3.12/site-packages/selenium/webdriver/remote/webdriver.py\", line 380, in execute\n    self.error_handler.check_response(response)\n  File \"/home/runner/.cache/pypoetry/virtualenvs/testcapitalcompyse-CcJ6hTD8-py3.12/lib/python3.12/site-packages/selenium/webdriver/remote/errorhandler.py\", line 229, in check_response\n    raise exception_class(message, screen, stacktrace)\n","steps":[{"name":"2024-11-28 23:43:36.159128   Start Authorization","time":{"start":1732840464271,"stop":1732840467611,"duration":3340},"status":"passed","steps":[],"attachments":[],"parameters":[{"name":"d","value":"<selenium.webdriver.chrome.webdriver.WebDriver (session=\"16070631057ab1eb74993d93be69cb62\")>"},{"name":"link","value":"'https://capital.com/en-gb'"},{"name":"login","value":"'test001.miketar+1@gmail.com'"},{"name":"password","value":"'Qwer1234-!@#$'"},{"name":"cur_role","value":"'NoAuth'"}],"shouldDisplayMessage":false,"stepsCount":0,"attachmentsCount":0,"hasContent":true,"attachmentStep":false},{"name":"2024-11-28 23:43:36.159140   Start Deauthorization","time":{"start":1732840467611,"stop":1732840472687,"duration":5076},"status":"broken","statusMessage":"selenium.common.exceptions.NoSuchElementException: Message: no such element: Unable to locate element: {\"method\":\"css selector\",\"selector\":\"terms-and-conditions-popup em.iconex-close-small.ng-star-inserted\"}\n  (Session info: chrome=131.0.6778.85); For documentation on this error, please visit: https://www.selenium.dev/documentation/webdriver/troubleshooting/errors#no-such-element-exception\nStacktrace:\n#0 0x561d75aaf31a <unknown>\n#1 0x561d755c56e0 <unknown>\n#2 0x561d756143e6 <unknown>\n#3 0x561d75614681 <unknown>\n#4 0x561d75659b04 <unknown>\n#5 0x561d7563848d <unknown>\n#6 0x561d75656ed7 <unknown>\n#7 0x561d75638203 <unknown>\n#8 0x561d75606cc0 <unknown>\n#9 0x561d75607c9e <unknown>\n#10 0x561d75a7cd0b <unknown>\n#11 0x561d75a80c92 <unknown>\n#12 0x561d75a69b3c <unknown>\n#13 0x561d75a81807 <unknown>\n#14 0x561d75a4f0df <unknown>\n#15 0x561d75a9e578 <unknown>\n#16 0x561d75a9e740 <unknown>\n#17 0x561d75aae196 <unknown>\n#18 0x7f4434c94ac3 <unknown>\n\n","statusTrace":"  File \"/home/runner/.cache/pypoetry/virtualenvs/testcapitalcompyse-CcJ6hTD8-py3.12/lib/python3.12/site-packages/allure_commons/_allure.py\", line 192, in impl\n    return func(*a, **kw)\n           ^^^^^^^^^^^^^^\n  File \"/home/runner/work/TestCapitalComPySe/TestCapitalComPySe/pages/conditions_v2.py\", line 283, in to_do_de_authorisation_new\n    if not top_bar.trading_platform_top_bar_account_info_menu_logout():\n           ^^^^^^^^^^^^^^^^^^^^^^^^^^^^^^^^^^^^^^^^^^^^^^^^^^^^^^^^^^^\n  File \"/home/runner/.cache/pypoetry/virtualenvs/testcapitalcompyse-CcJ6hTD8-py3.12/lib/python3.12/site-packages/allure_commons/_allure.py\", line 192, in impl\n    return func(*a, **kw)\n           ^^^^^^^^^^^^^^\n  File \"/home/runner/work/TestCapitalComPySe/TestCapitalComPySe/pages/Trading_platform/Topbar/topbar.py\", line 53, in trading_platform_top_bar_account_info_menu_logout\n    terms_and_policies = self.driver.find_element(By.CSS_SELECTOR,\n                         ^^^^^^^^^^^^^^^^^^^^^^^^^^^^^^^^^^^^^^^^^\n  File \"/home/runner/.cache/pypoetry/virtualenvs/testcapitalcompyse-CcJ6hTD8-py3.12/lib/python3.12/site-packages/selenium/webdriver/remote/webdriver.py\", line 766, in find_element\n    return self.execute(Command.FIND_ELEMENT, {\"using\": by, \"value\": value})[\"value\"]\n           ^^^^^^^^^^^^^^^^^^^^^^^^^^^^^^^^^^^^^^^^^^^^^^^^^^^^^^^^^^^^^^^^^\n  File \"/home/runner/.cache/pypoetry/virtualenvs/testcapitalcompyse-CcJ6hTD8-py3.12/lib/python3.12/site-packages/selenium/webdriver/remote/webdriver.py\", line 380, in execute\n    self.error_handler.check_response(response)\n  File \"/home/runner/.cache/pypoetry/virtualenvs/testcapitalcompyse-CcJ6hTD8-py3.12/lib/python3.12/site-packages/selenium/webdriver/remote/errorhandler.py\", line 229, in check_response\n    raise exception_class(message, screen, stacktrace)\n","steps":[{"name":"Start Logout from account info menu in top bar","time":{"start":1732840467611,"stop":1732840472687,"duration":5076},"status":"broken","statusMessage":"selenium.common.exceptions.NoSuchElementException: Message: no such element: Unable to locate element: {\"method\":\"css selector\",\"selector\":\"terms-and-conditions-popup em.iconex-close-small.ng-star-inserted\"}\n  (Session info: chrome=131.0.6778.85); For documentation on this error, please visit: https://www.selenium.dev/documentation/webdriver/troubleshooting/errors#no-such-element-exception\nStacktrace:\n#0 0x561d75aaf31a <unknown>\n#1 0x561d755c56e0 <unknown>\n#2 0x561d756143e6 <unknown>\n#3 0x561d75614681 <unknown>\n#4 0x561d75659b04 <unknown>\n#5 0x561d7563848d <unknown>\n#6 0x561d75656ed7 <unknown>\n#7 0x561d75638203 <unknown>\n#8 0x561d75606cc0 <unknown>\n#9 0x561d75607c9e <unknown>\n#10 0x561d75a7cd0b <unknown>\n#11 0x561d75a80c92 <unknown>\n#12 0x561d75a69b3c <unknown>\n#13 0x561d75a81807 <unknown>\n#14 0x561d75a4f0df <unknown>\n#15 0x561d75a9e578 <unknown>\n#16 0x561d75a9e740 <unknown>\n#17 0x561d75aae196 <unknown>\n#18 0x7f4434c94ac3 <unknown>\n\n","statusTrace":"  File \"/home/runner/.cache/pypoetry/virtualenvs/testcapitalcompyse-CcJ6hTD8-py3.12/lib/python3.12/site-packages/allure_commons/_allure.py\", line 192, in impl\n    return func(*a, **kw)\n           ^^^^^^^^^^^^^^\n  File \"/home/runner/work/TestCapitalComPySe/TestCapitalComPySe/pages/Trading_platform/Topbar/topbar.py\", line 53, in trading_platform_top_bar_account_info_menu_logout\n    terms_and_policies = self.driver.find_element(By.CSS_SELECTOR,\n                         ^^^^^^^^^^^^^^^^^^^^^^^^^^^^^^^^^^^^^^^^^\n  File \"/home/runner/.cache/pypoetry/virtualenvs/testcapitalcompyse-CcJ6hTD8-py3.12/lib/python3.12/site-packages/selenium/webdriver/remote/webdriver.py\", line 766, in find_element\n    return self.execute(Command.FIND_ELEMENT, {\"using\": by, \"value\": value})[\"value\"]\n           ^^^^^^^^^^^^^^^^^^^^^^^^^^^^^^^^^^^^^^^^^^^^^^^^^^^^^^^^^^^^^^^^^\n  File \"/home/runner/.cache/pypoetry/virtualenvs/testcapitalcompyse-CcJ6hTD8-py3.12/lib/python3.12/site-packages/selenium/webdriver/remote/webdriver.py\", line 380, in execute\n    self.error_handler.check_response(response)\n  File \"/home/runner/.cache/pypoetry/virtualenvs/testcapitalcompyse-CcJ6hTD8-py3.12/lib/python3.12/site-packages/selenium/webdriver/remote/errorhandler.py\", line 229, in check_response\n    raise exception_class(message, screen, stacktrace)\n","steps":[],"attachments":[],"parameters":[],"shouldDisplayMessage":true,"stepsCount":0,"attachmentsCount":0,"hasContent":true,"attachmentStep":false}],"attachments":[],"parameters":[{"name":"d","value":"<selenium.webdriver.chrome.webdriver.WebDriver (session=\"16070631057ab1eb74993d93be69cb62\")>"},{"name":"link","value":"'https://capital.com/en-gb'"}],"shouldDisplayMessage":false,"stepsCount":1,"attachmentsCount":0,"hasContent":true,"attachmentStep":false}],"attachments":[],"parameters":[{"name":"d","value":"<selenium.webdriver.chrome.webdriver.WebDriver (session=\"16070631057ab1eb74993d93be69cb62\")>"},{"name":"host","value":"'https://capital.com/en-gb'"},{"name":"end_point","value":"''"},{"name":"cur_language","value":"''"},{"name":"cur_country","value":"'au'"},{"name":"cur_role","value":"'NoAuth'"},{"name":"cur_login","value":"'test001.miketar+1@gmail.com'"},{"name":"cur_password","value":"'Qwer1234-!@#$'"}],"shouldDisplayMessage":false,"stepsCount":3,"attachmentsCount":0,"hasContent":true,"attachmentStep":false}],"attachments":[],"parameters":[{"name":"worker_id","value":"'master'"},{"name":"d","value":"<selenium.webdriver.chrome.webdriver.WebDriver (session=\"16070631057ab1eb74993d93be69cb62\")>"},{"name":"cur_language","value":"''"},{"name":"cur_country","value":"'au'"},{"name":"cur_role","value":"'NoAuth'"},{"name":"cur_login","value":"'test001.miketar+1@gmail.com'"},{"name":"cur_password","value":"'Qwer1234-!@#$'"},{"name":"bug_378_link_loc","value":"('xpath', '//a[text() = \"HSBA\"]')"}],"shouldDisplayMessage":false,"stepsCount":5,"attachmentsCount":0,"hasContent":true,"attachmentStep":false}],"attachments":[{"uid":"74b8777dcc98f02b","name":"Screenshot","source":"74b8777dcc98f02b.png","type":"image/png","size":173120},{"uid":"4b88c6e037c5a2b8","name":"stdout","source":"4b88c6e037c5a2b8.txt","type":"text/plain","size":3244}],"parameters":[],"shouldDisplayMessage":true,"stepsCount":6,"attachmentsCount":2,"hasContent":true,"attachmentStep":false},"afterStages":[{"name":"d::0","time":{"start":1732841211379,"stop":1732841211773,"duration":394},"status":"passed","steps":[],"attachments":[],"parameters":[],"shouldDisplayMessage":false,"stepsCount":0,"attachmentsCount":0,"hasContent":false,"attachmentStep":false}],"labels":[{"name":"epic","value":"TC_55!378 | FCA license is selected instead of ASIC/CYSEC/SCA on trading instrument page after clicking any of trading instrument links on the page “Lloyds forecast: will Lloyds share price return to £1? Third party data forecast”"},{"name":"feature","value":"Role: NoAuth"},{"name":"story","value":"Country: au"},{"name":"tag","value":"bug_378"},{"name":"tag","value":"us_55"},{"name":"parentSuite","value":"tests.US_55_ReTestsManual.saii-d3v"},{"name":"suite","value":"US_55-saii-d3v_ReTestsManual_test"},{"name":"subSuite","value":"TestManualDetectedBugs"},{"name":"host","value":"fv-az1980-633"},{"name":"thread","value":"19176-MainThread"},{"name":"framework","value":"pytest"},{"name":"language","value":"cpython3"},{"name":"package","value":"tests.US_55_ReTestsManual.saii-d3v.US_55-saii-d3v_ReTestsManual_test"},{"name":"resultFormat","value":"allure2"}],"parameters":[{"name":"bug_378_link_loc","value":"('xpath', '//a[text() = \"HSBA\"]')"},{"name":"cur_country","value":"'au'"},{"name":"cur_language","value":"''"},{"name":"cur_login","value":"'test001.miketar+1@gmail.com'"},{"name":"cur_password","value":"'Qwer1234-!@#$'"},{"name":"cur_role","value":"'NoAuth'"},{"name":"d","value":"'Chrome'"}],"links":[],"hidden":false,"retry":false,"extra":{"severity":"normal","retries":[],"categories":[{"name":"Test defects","matchedStatuses":[],"flaky":false}],"history":{"statistic":{"failed":6,"broken":1,"skipped":0,"passed":0,"unknown":0,"total":7},"items":[{"uid":"936cae593130f0ae","reportUrl":"https://AlexTomAQA.github.io/TestCapitalComPySe/229//#testresult/936cae593130f0ae","status":"failed","statusDetails":"Failed: Bug # 55!378 The SCA license is NOT selected","time":{"start":1732062060648,"stop":1732062139102,"duration":78454}},{"uid":"7978584ca733c45c","reportUrl":"https://AlexTomAQA.github.io/TestCapitalComPySe/227//#testresult/7978584ca733c45c","status":"failed","statusDetails":"Failed: Bug # 55!378 The SCA license is NOT selected","time":{"start":1731888472959,"stop":1731888552050,"duration":79091}},{"uid":"ee1b5679bc8482dc","reportUrl":"https://AlexTomAQA.github.io/TestCapitalComPySe/225//#testresult/ee1b5679bc8482dc","status":"failed","statusDetails":"Failed: Bug # 55!378 The SCA license is NOT selected","time":{"start":1731735961304,"stop":1731736040176,"duration":78872}},{"uid":"2ff8bf658026f834","reportUrl":"https://AlexTomAQA.github.io/TestCapitalComPySe/218//#testresult/2ff8bf658026f834","status":"failed","statusDetails":"Failed: Bug # 55!378 The SCA license is NOT selected","time":{"start":1731371705525,"stop":1731371778445,"duration":72920}},{"uid":"435d741578944111","reportUrl":"https://AlexTomAQA.github.io/TestCapitalComPySe/214//#testresult/435d741578944111","status":"failed","statusDetails":"Failed: Bug # 55!378 The SCA license is NOT selected","time":{"start":1731025485735,"stop":1731025560128,"duration":74393}},{"uid":"168826efc0808e24","reportUrl":"https://AlexTomAQA.github.io/TestCapitalComPySe/211//#testresult/168826efc0808e24","status":"failed","statusDetails":"Failed: Bug № ??? 'Markets' menu not present in DOM for 'au' country '' language","time":{"start":1730784729849,"stop":1730784747997,"duration":18148}}]},"tags":["us_55","bug_378"]},"source":"6f8f401c8ada9cd.json","parameterValues":["('xpath', '//a[text() = \"HSBA\"]')","'au'","''","'test001.miketar+1@gmail.com'","'Qwer1234-!@#$'","'NoAuth'","'Chrome'"]}