{"uid":"ff97e662c1aa79b7","name":"TC_55!350a (Lang: de) | Bid:55!350a-de.de.NoAuth","fullName":"tests.US_55_ReTestsManual.mila_podchasova.US_55-mila_podchasova_ReTestsManual_test.TestManualDetectedBugs#test_350a","historyId":"b31ce0e3fb13f09d459f5a7359c90377","time":{"start":1732843606226,"stop":1732843621918,"duration":15692},"description":"\n         Check: Error message is displayed when clicking the link [How-to guides]\n         in block “Looking for more?” on the page [Trading courses]\n         Language: All.\n         License: CYSEC, ASIC.\n         Role: NoReg | NoAuth | Auth\n         Author: podchasova11\n         ","descriptionHtml":"<pre><code>     Check: Error message is displayed when clicking the link [How-to guides]\n     in block “Looking for more?” on the page [Trading courses]\n     Language: All.\n     License: CYSEC, ASIC.\n     Role: NoReg | NoAuth | Auth\n     Author: podchasova11\n</code></pre>\n","status":"broken","statusMessage":"selenium.common.exceptions.NoSuchElementException: Message: no such element: Unable to locate element: {\"method\":\"css selector\",\"selector\":\"terms-and-conditions-popup em.iconex-close-small.ng-star-inserted\"}\n  (Session info: chrome=131.0.6778.85); For documentation on this error, please visit: https://www.selenium.dev/documentation/webdriver/troubleshooting/errors#no-such-element-exception\nStacktrace:\n#0 0x56216b01831a <unknown>\n#1 0x56216ab2e6e0 <unknown>\n#2 0x56216ab7d3e6 <unknown>\n#3 0x56216ab7d681 <unknown>\n#4 0x56216abc2b04 <unknown>\n#5 0x56216aba148d <unknown>\n#6 0x56216abbfed7 <unknown>\n#7 0x56216aba1203 <unknown>\n#8 0x56216ab6fcc0 <unknown>\n#9 0x56216ab70c9e <unknown>\n#10 0x56216afe5d0b <unknown>\n#11 0x56216afe9c92 <unknown>\n#12 0x56216afd2b3c <unknown>\n#13 0x56216afea807 <unknown>\n#14 0x56216afb80df <unknown>\n#15 0x56216b007578 <unknown>\n#16 0x56216b007740 <unknown>\n#17 0x56216b017196 <unknown>\n#18 0x7f0200e94ac3 <unknown>","statusTrace":"self = <US_55-mila_podchasova_ReTestsManual_test.TestManualDetectedBugs object at 0x7f40d1e50950>\nworker_id = 'master'\nd = <selenium.webdriver.chrome.webdriver.WebDriver (session=\"973ab74c5d0858ecaa342feb9710f33c\")>\ncur_language = 'de', cur_country = 'de', cur_role = 'NoAuth'\ncur_login = 'test001.miketar+1@gmail.com', cur_password = 'Qwer1234-!@#$'\n\n    @allure.step(\n        'Start retest manual TC_55!350a | Error message \"Oops, this help center no longer exists\" '\n        'is displayed when clicking the link [How-to guides] '\n        'in block “Looking for more?” on the page [Trading courses]')\n    @pytest.mark.parametrize('cur_language', ['de'])\n    @pytest.mark.parametrize('cur_country', random.sample(['de', 'au'], 1))\n    @pytest.mark.parametrize('cur_role', ['Auth', 'NoAuth', 'NoReg'])\n    @pytest.mark.bug_350a\n    def test_350a(self, worker_id, d, cur_language, cur_country, cur_role, cur_login, cur_password):\n        \"\"\"\n         Check: Error message is displayed when clicking the link [How-to guides]\n         in block “Looking for more?” on the page [Trading courses]\n         Language: All.\n         License: CYSEC, ASIC.\n         Role: NoReg | NoAuth | Auth\n         Author: podchasova11\n         \"\"\"\n        bid = build_dynamic_arg_for_us_55(\n            d, worker_id, cur_language, cur_country, cur_role,\n            \"55\", \"ReTests of Manual Detected Bugs\",\n            \"350a\",\n            'Error message \"Oops, this help center no longer exists\"'\n            'is displayed when clicking the link [How-to guides] '\n            'in block “Looking for more?” on the page [Trading courses] ',\n    \n            False,\n            False\n        )\n    \n        # Arrange\n>       link = apply_preconditions_to_link(d, cur_language, cur_country, cur_role, cur_login, cur_password)\n\ntests/US_55_ReTestsManual/mila_podchasova/US_55-mila_podchasova_ReTestsManual_test.py:272: \n_ _ _ _ _ _ _ _ _ _ _ _ _ _ _ _ _ _ _ _ _ _ _ _ _ _ _ _ _ _ _ _ _ _ _ _ _ _ _ _ \npages/conditions_v2.py:78: in apply_preconditions_to_link\n    return cond.preconditions(d, CapitalComPageSrc.URL_NEW, '', cur_language, cur_country, cur_role,\npages/conditions_v2.py:155: in preconditions\n    self.to_do_de_authorisation_new(d, host)\npages/conditions_v2.py:283: in to_do_de_authorisation_new\n    if not top_bar.trading_platform_top_bar_account_info_menu_logout():\npages/Trading_platform/Topbar/topbar.py:53: in trading_platform_top_bar_account_info_menu_logout\n    terms_and_policies = self.driver.find_element(By.CSS_SELECTOR,\n../../../.cache/pypoetry/virtualenvs/testcapitalcompyse-CcJ6hTD8-py3.12/lib/python3.12/site-packages/selenium/webdriver/remote/webdriver.py:766: in find_element\n    return self.execute(Command.FIND_ELEMENT, {\"using\": by, \"value\": value})[\"value\"]\n../../../.cache/pypoetry/virtualenvs/testcapitalcompyse-CcJ6hTD8-py3.12/lib/python3.12/site-packages/selenium/webdriver/remote/webdriver.py:380: in execute\n    self.error_handler.check_response(response)\n_ _ _ _ _ _ _ _ _ _ _ _ _ _ _ _ _ _ _ _ _ _ _ _ _ _ _ _ _ _ _ _ _ _ _ _ _ _ _ _ \n\nself = <selenium.webdriver.remote.errorhandler.ErrorHandler object at 0x7f40d1e53890>\nresponse = {'status': 404, 'value': '{\"value\":{\"error\":\"no such element\",\"message\":\"no such element: Unable to locate element: {\\...\\\\n#16 0x56216b007740 \\\\u003Cunknown>\\\\n#17 0x56216b017196 \\\\u003Cunknown>\\\\n#18 0x7f0200e94ac3 \\\\u003Cunknown>\\\\n\"}}'}\n\n    def check_response(self, response: Dict[str, Any]) -> None:\n        \"\"\"Checks that a JSON response from the WebDriver does not have an\n        error.\n    \n        :Args:\n         - response - The JSON response from the WebDriver server as a dictionary\n           object.\n    \n        :Raises: If the response contains an error message.\n        \"\"\"\n        status = response.get(\"status\", None)\n        if not status or status == ErrorCode.SUCCESS:\n            return\n        value = None\n        message = response.get(\"message\", \"\")\n        screen: str = response.get(\"screen\", \"\")\n        stacktrace = None\n        if isinstance(status, int):\n            value_json = response.get(\"value\", None)\n            if value_json and isinstance(value_json, str):\n                import json\n    \n                try:\n                    value = json.loads(value_json)\n                    if len(value) == 1:\n                        value = value[\"value\"]\n                    status = value.get(\"error\", None)\n                    if not status:\n                        status = value.get(\"status\", ErrorCode.UNKNOWN_ERROR)\n                        message = value.get(\"value\") or value.get(\"message\")\n                        if not isinstance(message, str):\n                            value = message\n                            message = message.get(\"message\")\n                    else:\n                        message = value.get(\"message\", None)\n                except ValueError:\n                    pass\n    \n        exception_class: Type[WebDriverException]\n        e = ErrorCode()\n        error_codes = [item for item in dir(e) if not item.startswith(\"__\")]\n        for error_code in error_codes:\n            error_info = getattr(ErrorCode, error_code)\n            if isinstance(error_info, list) and status in error_info:\n                exception_class = getattr(ExceptionMapping, error_code, WebDriverException)\n                break\n        else:\n            exception_class = WebDriverException\n    \n        if not value:\n            value = response[\"value\"]\n        if isinstance(value, str):\n            raise exception_class(value)\n        if message == \"\" and \"message\" in value:\n            message = value[\"message\"]\n    \n        screen = None  # type: ignore[assignment]\n        if \"screen\" in value:\n            screen = value[\"screen\"]\n    \n        stacktrace = None\n        st_value = value.get(\"stackTrace\") or value.get(\"stacktrace\")\n        if st_value:\n            if isinstance(st_value, str):\n                stacktrace = st_value.split(\"\\n\")\n            else:\n                stacktrace = []\n                try:\n                    for frame in st_value:\n                        line = frame.get(\"lineNumber\", \"\")\n                        file = frame.get(\"fileName\", \"<anonymous>\")\n                        if line:\n                            file = f\"{file}:{line}\"\n                        meth = frame.get(\"methodName\", \"<anonymous>\")\n                        if \"className\" in frame:\n                            meth = f\"{frame['className']}.{meth}\"\n                        msg = \"    at %s (%s)\"\n                        msg = msg % (meth, file)\n                        stacktrace.append(msg)\n                except TypeError:\n                    pass\n        if exception_class == UnexpectedAlertPresentException:\n            alert_text = None\n            if \"data\" in value:\n                alert_text = value[\"data\"].get(\"text\")\n            elif \"alert\" in value:\n                alert_text = value[\"alert\"].get(\"text\")\n            raise exception_class(message, screen, stacktrace, alert_text)  # type: ignore[call-arg]  # mypy is not smart enough here\n>       raise exception_class(message, screen, stacktrace)\nE       selenium.common.exceptions.NoSuchElementException: Message: no such element: Unable to locate element: {\"method\":\"css selector\",\"selector\":\"terms-and-conditions-popup em.iconex-close-small.ng-star-inserted\"}\nE         (Session info: chrome=131.0.6778.85); For documentation on this error, please visit: https://www.selenium.dev/documentation/webdriver/troubleshooting/errors#no-such-element-exception\nE       Stacktrace:\nE       #0 0x56216b01831a <unknown>\nE       #1 0x56216ab2e6e0 <unknown>\nE       #2 0x56216ab7d3e6 <unknown>\nE       #3 0x56216ab7d681 <unknown>\nE       #4 0x56216abc2b04 <unknown>\nE       #5 0x56216aba148d <unknown>\nE       #6 0x56216abbfed7 <unknown>\nE       #7 0x56216aba1203 <unknown>\nE       #8 0x56216ab6fcc0 <unknown>\nE       #9 0x56216ab70c9e <unknown>\nE       #10 0x56216afe5d0b <unknown>\nE       #11 0x56216afe9c92 <unknown>\nE       #12 0x56216afd2b3c <unknown>\nE       #13 0x56216afea807 <unknown>\nE       #14 0x56216afb80df <unknown>\nE       #15 0x56216b007578 <unknown>\nE       #16 0x56216b007740 <unknown>\nE       #17 0x56216b017196 <unknown>\nE       #18 0x7f0200e94ac3 <unknown>\n\n../../../.cache/pypoetry/virtualenvs/testcapitalcompyse-CcJ6hTD8-py3.12/lib/python3.12/site-packages/selenium/webdriver/remote/errorhandler.py:229: NoSuchElementException","flaky":false,"newFailed":false,"newBroken":false,"newPassed":false,"retriesCount":0,"retriesStatusChange":false,"beforeStages":[{"name":"d","time":{"start":1732843350741,"stop":1732843351110,"duration":369},"status":"passed","steps":[],"attachments":[],"parameters":[],"shouldDisplayMessage":false,"stepsCount":0,"attachmentsCount":0,"hasContent":false,"attachmentStep":false},{"name":"worker_id","time":{"start":1732843351110,"stop":1732843351110,"duration":0},"status":"passed","steps":[],"attachments":[],"parameters":[],"shouldDisplayMessage":false,"stepsCount":0,"attachmentsCount":0,"hasContent":false,"attachmentStep":false},{"name":"cur_password","time":{"start":1732843351110,"stop":1732843351110,"duration":0},"status":"passed","steps":[],"attachments":[],"parameters":[],"shouldDisplayMessage":false,"stepsCount":0,"attachmentsCount":0,"hasContent":false,"attachmentStep":false},{"name":"cur_login","time":{"start":1732843351110,"stop":1732843351110,"duration":0},"status":"passed","steps":[],"attachments":[],"parameters":[],"shouldDisplayMessage":false,"stepsCount":0,"attachmentsCount":0,"hasContent":false,"attachmentStep":false},{"name":"cur_language","time":{"start":1732843484551,"stop":1732843484551,"duration":0},"status":"passed","steps":[],"attachments":[],"parameters":[],"shouldDisplayMessage":false,"stepsCount":0,"attachmentsCount":0,"hasContent":false,"attachmentStep":false}],"testStage":{"description":"\n         Check: Error message is displayed when clicking the link [How-to guides]\n         in block “Looking for more?” on the page [Trading courses]\n         Language: All.\n         License: CYSEC, ASIC.\n         Role: NoReg | NoAuth | Auth\n         Author: podchasova11\n         ","status":"broken","statusMessage":"selenium.common.exceptions.NoSuchElementException: Message: no such element: Unable to locate element: {\"method\":\"css selector\",\"selector\":\"terms-and-conditions-popup em.iconex-close-small.ng-star-inserted\"}\n  (Session info: chrome=131.0.6778.85); For documentation on this error, please visit: https://www.selenium.dev/documentation/webdriver/troubleshooting/errors#no-such-element-exception\nStacktrace:\n#0 0x56216b01831a <unknown>\n#1 0x56216ab2e6e0 <unknown>\n#2 0x56216ab7d3e6 <unknown>\n#3 0x56216ab7d681 <unknown>\n#4 0x56216abc2b04 <unknown>\n#5 0x56216aba148d <unknown>\n#6 0x56216abbfed7 <unknown>\n#7 0x56216aba1203 <unknown>\n#8 0x56216ab6fcc0 <unknown>\n#9 0x56216ab70c9e <unknown>\n#10 0x56216afe5d0b <unknown>\n#11 0x56216afe9c92 <unknown>\n#12 0x56216afd2b3c <unknown>\n#13 0x56216afea807 <unknown>\n#14 0x56216afb80df <unknown>\n#15 0x56216b007578 <unknown>\n#16 0x56216b007740 <unknown>\n#17 0x56216b017196 <unknown>\n#18 0x7f0200e94ac3 <unknown>","statusTrace":"self = <US_55-mila_podchasova_ReTestsManual_test.TestManualDetectedBugs object at 0x7f40d1e50950>\nworker_id = 'master'\nd = <selenium.webdriver.chrome.webdriver.WebDriver (session=\"973ab74c5d0858ecaa342feb9710f33c\")>\ncur_language = 'de', cur_country = 'de', cur_role = 'NoAuth'\ncur_login = 'test001.miketar+1@gmail.com', cur_password = 'Qwer1234-!@#$'\n\n    @allure.step(\n        'Start retest manual TC_55!350a | Error message \"Oops, this help center no longer exists\" '\n        'is displayed when clicking the link [How-to guides] '\n        'in block “Looking for more?” on the page [Trading courses]')\n    @pytest.mark.parametrize('cur_language', ['de'])\n    @pytest.mark.parametrize('cur_country', random.sample(['de', 'au'], 1))\n    @pytest.mark.parametrize('cur_role', ['Auth', 'NoAuth', 'NoReg'])\n    @pytest.mark.bug_350a\n    def test_350a(self, worker_id, d, cur_language, cur_country, cur_role, cur_login, cur_password):\n        \"\"\"\n         Check: Error message is displayed when clicking the link [How-to guides]\n         in block “Looking for more?” on the page [Trading courses]\n         Language: All.\n         License: CYSEC, ASIC.\n         Role: NoReg | NoAuth | Auth\n         Author: podchasova11\n         \"\"\"\n        bid = build_dynamic_arg_for_us_55(\n            d, worker_id, cur_language, cur_country, cur_role,\n            \"55\", \"ReTests of Manual Detected Bugs\",\n            \"350a\",\n            'Error message \"Oops, this help center no longer exists\"'\n            'is displayed when clicking the link [How-to guides] '\n            'in block “Looking for more?” on the page [Trading courses] ',\n    \n            False,\n            False\n        )\n    \n        # Arrange\n>       link = apply_preconditions_to_link(d, cur_language, cur_country, cur_role, cur_login, cur_password)\n\ntests/US_55_ReTestsManual/mila_podchasova/US_55-mila_podchasova_ReTestsManual_test.py:272: \n_ _ _ _ _ _ _ _ _ _ _ _ _ _ _ _ _ _ _ _ _ _ _ _ _ _ _ _ _ _ _ _ _ _ _ _ _ _ _ _ \npages/conditions_v2.py:78: in apply_preconditions_to_link\n    return cond.preconditions(d, CapitalComPageSrc.URL_NEW, '', cur_language, cur_country, cur_role,\npages/conditions_v2.py:155: in preconditions\n    self.to_do_de_authorisation_new(d, host)\npages/conditions_v2.py:283: in to_do_de_authorisation_new\n    if not top_bar.trading_platform_top_bar_account_info_menu_logout():\npages/Trading_platform/Topbar/topbar.py:53: in trading_platform_top_bar_account_info_menu_logout\n    terms_and_policies = self.driver.find_element(By.CSS_SELECTOR,\n../../../.cache/pypoetry/virtualenvs/testcapitalcompyse-CcJ6hTD8-py3.12/lib/python3.12/site-packages/selenium/webdriver/remote/webdriver.py:766: in find_element\n    return self.execute(Command.FIND_ELEMENT, {\"using\": by, \"value\": value})[\"value\"]\n../../../.cache/pypoetry/virtualenvs/testcapitalcompyse-CcJ6hTD8-py3.12/lib/python3.12/site-packages/selenium/webdriver/remote/webdriver.py:380: in execute\n    self.error_handler.check_response(response)\n_ _ _ _ _ _ _ _ _ _ _ _ _ _ _ _ _ _ _ _ _ _ _ _ _ _ _ _ _ _ _ _ _ _ _ _ _ _ _ _ \n\nself = <selenium.webdriver.remote.errorhandler.ErrorHandler object at 0x7f40d1e53890>\nresponse = {'status': 404, 'value': '{\"value\":{\"error\":\"no such element\",\"message\":\"no such element: Unable to locate element: {\\...\\\\n#16 0x56216b007740 \\\\u003Cunknown>\\\\n#17 0x56216b017196 \\\\u003Cunknown>\\\\n#18 0x7f0200e94ac3 \\\\u003Cunknown>\\\\n\"}}'}\n\n    def check_response(self, response: Dict[str, Any]) -> None:\n        \"\"\"Checks that a JSON response from the WebDriver does not have an\n        error.\n    \n        :Args:\n         - response - The JSON response from the WebDriver server as a dictionary\n           object.\n    \n        :Raises: If the response contains an error message.\n        \"\"\"\n        status = response.get(\"status\", None)\n        if not status or status == ErrorCode.SUCCESS:\n            return\n        value = None\n        message = response.get(\"message\", \"\")\n        screen: str = response.get(\"screen\", \"\")\n        stacktrace = None\n        if isinstance(status, int):\n            value_json = response.get(\"value\", None)\n            if value_json and isinstance(value_json, str):\n                import json\n    \n                try:\n                    value = json.loads(value_json)\n                    if len(value) == 1:\n                        value = value[\"value\"]\n                    status = value.get(\"error\", None)\n                    if not status:\n                        status = value.get(\"status\", ErrorCode.UNKNOWN_ERROR)\n                        message = value.get(\"value\") or value.get(\"message\")\n                        if not isinstance(message, str):\n                            value = message\n                            message = message.get(\"message\")\n                    else:\n                        message = value.get(\"message\", None)\n                except ValueError:\n                    pass\n    \n        exception_class: Type[WebDriverException]\n        e = ErrorCode()\n        error_codes = [item for item in dir(e) if not item.startswith(\"__\")]\n        for error_code in error_codes:\n            error_info = getattr(ErrorCode, error_code)\n            if isinstance(error_info, list) and status in error_info:\n                exception_class = getattr(ExceptionMapping, error_code, WebDriverException)\n                break\n        else:\n            exception_class = WebDriverException\n    \n        if not value:\n            value = response[\"value\"]\n        if isinstance(value, str):\n            raise exception_class(value)\n        if message == \"\" and \"message\" in value:\n            message = value[\"message\"]\n    \n        screen = None  # type: ignore[assignment]\n        if \"screen\" in value:\n            screen = value[\"screen\"]\n    \n        stacktrace = None\n        st_value = value.get(\"stackTrace\") or value.get(\"stacktrace\")\n        if st_value:\n            if isinstance(st_value, str):\n                stacktrace = st_value.split(\"\\n\")\n            else:\n                stacktrace = []\n                try:\n                    for frame in st_value:\n                        line = frame.get(\"lineNumber\", \"\")\n                        file = frame.get(\"fileName\", \"<anonymous>\")\n                        if line:\n                            file = f\"{file}:{line}\"\n                        meth = frame.get(\"methodName\", \"<anonymous>\")\n                        if \"className\" in frame:\n                            meth = f\"{frame['className']}.{meth}\"\n                        msg = \"    at %s (%s)\"\n                        msg = msg % (meth, file)\n                        stacktrace.append(msg)\n                except TypeError:\n                    pass\n        if exception_class == UnexpectedAlertPresentException:\n            alert_text = None\n            if \"data\" in value:\n                alert_text = value[\"data\"].get(\"text\")\n            elif \"alert\" in value:\n                alert_text = value[\"alert\"].get(\"text\")\n            raise exception_class(message, screen, stacktrace, alert_text)  # type: ignore[call-arg]  # mypy is not smart enough here\n>       raise exception_class(message, screen, stacktrace)\nE       selenium.common.exceptions.NoSuchElementException: Message: no such element: Unable to locate element: {\"method\":\"css selector\",\"selector\":\"terms-and-conditions-popup em.iconex-close-small.ng-star-inserted\"}\nE         (Session info: chrome=131.0.6778.85); For documentation on this error, please visit: https://www.selenium.dev/documentation/webdriver/troubleshooting/errors#no-such-element-exception\nE       Stacktrace:\nE       #0 0x56216b01831a <unknown>\nE       #1 0x56216ab2e6e0 <unknown>\nE       #2 0x56216ab7d3e6 <unknown>\nE       #3 0x56216ab7d681 <unknown>\nE       #4 0x56216abc2b04 <unknown>\nE       #5 0x56216aba148d <unknown>\nE       #6 0x56216abbfed7 <unknown>\nE       #7 0x56216aba1203 <unknown>\nE       #8 0x56216ab6fcc0 <unknown>\nE       #9 0x56216ab70c9e <unknown>\nE       #10 0x56216afe5d0b <unknown>\nE       #11 0x56216afe9c92 <unknown>\nE       #12 0x56216afd2b3c <unknown>\nE       #13 0x56216afea807 <unknown>\nE       #14 0x56216afb80df <unknown>\nE       #15 0x56216b007578 <unknown>\nE       #16 0x56216b007740 <unknown>\nE       #17 0x56216b017196 <unknown>\nE       #18 0x7f0200e94ac3 <unknown>\n\n../../../.cache/pypoetry/virtualenvs/testcapitalcompyse-CcJ6hTD8-py3.12/lib/python3.12/site-packages/selenium/webdriver/remote/errorhandler.py:229: NoSuchElementException","steps":[{"name":"Start retest manual TC_55!350a | Error message \"Oops, this help center no longer exists\" is displayed when clicking the link [How-to guides] in block “Looking for more?” on the page [Trading courses]","time":{"start":1732843606226,"stop":1732843621917,"duration":15691},"status":"broken","statusMessage":"selenium.common.exceptions.NoSuchElementException: Message: no such element: Unable to locate element: {\"method\":\"css selector\",\"selector\":\"terms-and-conditions-popup em.iconex-close-small.ng-star-inserted\"}\n  (Session info: chrome=131.0.6778.85); For documentation on this error, please visit: https://www.selenium.dev/documentation/webdriver/troubleshooting/errors#no-such-element-exception\nStacktrace:\n#0 0x56216b01831a <unknown>\n#1 0x56216ab2e6e0 <unknown>\n#2 0x56216ab7d3e6 <unknown>\n#3 0x56216ab7d681 <unknown>\n#4 0x56216abc2b04 <unknown>\n#5 0x56216aba148d <unknown>\n#6 0x56216abbfed7 <unknown>\n#7 0x56216aba1203 <unknown>\n#8 0x56216ab6fcc0 <unknown>\n#9 0x56216ab70c9e <unknown>\n#10 0x56216afe5d0b <unknown>\n#11 0x56216afe9c92 <unknown>\n#12 0x56216afd2b3c <unknown>\n#13 0x56216afea807 <unknown>\n#14 0x56216afb80df <unknown>\n#15 0x56216b007578 <unknown>\n#16 0x56216b007740 <unknown>\n#17 0x56216b017196 <unknown>\n#18 0x7f0200e94ac3 <unknown>\n\n","statusTrace":"  File \"/home/runner/.cache/pypoetry/virtualenvs/testcapitalcompyse-CcJ6hTD8-py3.12/lib/python3.12/site-packages/allure_commons/_allure.py\", line 192, in impl\n    return func(*a, **kw)\n           ^^^^^^^^^^^^^^\n  File \"/home/runner/work/TestCapitalComPySe/TestCapitalComPySe/tests/US_55_ReTestsManual/mila_podchasova/US_55-mila_podchasova_ReTestsManual_test.py\", line 272, in test_350a\n    link = apply_preconditions_to_link(d, cur_language, cur_country, cur_role, cur_login, cur_password)\n           ^^^^^^^^^^^^^^^^^^^^^^^^^^^^^^^^^^^^^^^^^^^^^^^^^^^^^^^^^^^^^^^^^^^^^^^^^^^^^^^^^^^^^^^^^^^^\n  File \"/home/runner/work/TestCapitalComPySe/TestCapitalComPySe/pages/conditions_v2.py\", line 78, in apply_preconditions_to_link\n    return cond.preconditions(d, CapitalComPageSrc.URL_NEW, '', cur_language, cur_country, cur_role,\n           ^^^^^^^^^^^^^^^^^^^^^^^^^^^^^^^^^^^^^^^^^^^^^^^^^^^^^^^^^^^^^^^^^^^^^^^^^^^^^^^^^^^^^^^^^\n  File \"/home/runner/.cache/pypoetry/virtualenvs/testcapitalcompyse-CcJ6hTD8-py3.12/lib/python3.12/site-packages/allure_commons/_allure.py\", line 192, in impl\n    return func(*a, **kw)\n           ^^^^^^^^^^^^^^\n  File \"/home/runner/work/TestCapitalComPySe/TestCapitalComPySe/pages/conditions_v2.py\", line 155, in preconditions\n    self.to_do_de_authorisation_new(d, host)\n  File \"/home/runner/.cache/pypoetry/virtualenvs/testcapitalcompyse-CcJ6hTD8-py3.12/lib/python3.12/site-packages/allure_commons/_allure.py\", line 192, in impl\n    return func(*a, **kw)\n           ^^^^^^^^^^^^^^\n  File \"/home/runner/work/TestCapitalComPySe/TestCapitalComPySe/pages/conditions_v2.py\", line 283, in to_do_de_authorisation_new\n    if not top_bar.trading_platform_top_bar_account_info_menu_logout():\n           ^^^^^^^^^^^^^^^^^^^^^^^^^^^^^^^^^^^^^^^^^^^^^^^^^^^^^^^^^^^\n  File \"/home/runner/.cache/pypoetry/virtualenvs/testcapitalcompyse-CcJ6hTD8-py3.12/lib/python3.12/site-packages/allure_commons/_allure.py\", line 192, in impl\n    return func(*a, **kw)\n           ^^^^^^^^^^^^^^\n  File \"/home/runner/work/TestCapitalComPySe/TestCapitalComPySe/pages/Trading_platform/Topbar/topbar.py\", line 53, in trading_platform_top_bar_account_info_menu_logout\n    terms_and_policies = self.driver.find_element(By.CSS_SELECTOR,\n                         ^^^^^^^^^^^^^^^^^^^^^^^^^^^^^^^^^^^^^^^^^\n  File \"/home/runner/.cache/pypoetry/virtualenvs/testcapitalcompyse-CcJ6hTD8-py3.12/lib/python3.12/site-packages/selenium/webdriver/remote/webdriver.py\", line 766, in find_element\n    return self.execute(Command.FIND_ELEMENT, {\"using\": by, \"value\": value})[\"value\"]\n           ^^^^^^^^^^^^^^^^^^^^^^^^^^^^^^^^^^^^^^^^^^^^^^^^^^^^^^^^^^^^^^^^^\n  File \"/home/runner/.cache/pypoetry/virtualenvs/testcapitalcompyse-CcJ6hTD8-py3.12/lib/python3.12/site-packages/selenium/webdriver/remote/webdriver.py\", line 380, in execute\n    self.error_handler.check_response(response)\n  File \"/home/runner/.cache/pypoetry/virtualenvs/testcapitalcompyse-CcJ6hTD8-py3.12/lib/python3.12/site-packages/selenium/webdriver/remote/errorhandler.py\", line 229, in check_response\n    raise exception_class(message, screen, stacktrace)\n","steps":[{"name":"Build dynamic argument for TCs of US_55","time":{"start":1732843606226,"stop":1732843606228,"duration":2},"status":"passed","steps":[],"attachments":[],"parameters":[{"name":"d","value":"<selenium.webdriver.chrome.webdriver.WebDriver (session=\"973ab74c5d0858ecaa342feb9710f33c\")>"},{"name":"worker_id","value":"'master'"},{"name":"cur_language","value":"'de'"},{"name":"cur_country","value":"'de'"},{"name":"cur_role","value":"'NoAuth'"},{"name":"us","value":"'55'"},{"name":"desc_us","value":"'ReTests of Manual Detected Bugs'"},{"name":"num_tc","value":"'350a'"},{"name":"desc_tc","value":"'Error message \"Oops, this help center no longer exists\"is displayed when clicking the link [How-to guides] in block “Looking for more?” on the page [Trading courses] '"},{"name":"manual","value":"False"},{"name":"new_layout","value":"False"}],"shouldDisplayMessage":false,"stepsCount":0,"attachmentsCount":0,"hasContent":true,"attachmentStep":false},{"name":"   Set New preconditions","time":{"start":1732843606228,"stop":1732843621917,"duration":15689},"status":"broken","statusMessage":"selenium.common.exceptions.NoSuchElementException: Message: no such element: Unable to locate element: {\"method\":\"css selector\",\"selector\":\"terms-and-conditions-popup em.iconex-close-small.ng-star-inserted\"}\n  (Session info: chrome=131.0.6778.85); For documentation on this error, please visit: https://www.selenium.dev/documentation/webdriver/troubleshooting/errors#no-such-element-exception\nStacktrace:\n#0 0x56216b01831a <unknown>\n#1 0x56216ab2e6e0 <unknown>\n#2 0x56216ab7d3e6 <unknown>\n#3 0x56216ab7d681 <unknown>\n#4 0x56216abc2b04 <unknown>\n#5 0x56216aba148d <unknown>\n#6 0x56216abbfed7 <unknown>\n#7 0x56216aba1203 <unknown>\n#8 0x56216ab6fcc0 <unknown>\n#9 0x56216ab70c9e <unknown>\n#10 0x56216afe5d0b <unknown>\n#11 0x56216afe9c92 <unknown>\n#12 0x56216afd2b3c <unknown>\n#13 0x56216afea807 <unknown>\n#14 0x56216afb80df <unknown>\n#15 0x56216b007578 <unknown>\n#16 0x56216b007740 <unknown>\n#17 0x56216b017196 <unknown>\n#18 0x7f0200e94ac3 <unknown>\n\n","statusTrace":"  File \"/home/runner/.cache/pypoetry/virtualenvs/testcapitalcompyse-CcJ6hTD8-py3.12/lib/python3.12/site-packages/allure_commons/_allure.py\", line 192, in impl\n    return func(*a, **kw)\n           ^^^^^^^^^^^^^^\n  File \"/home/runner/work/TestCapitalComPySe/TestCapitalComPySe/pages/conditions_v2.py\", line 155, in preconditions\n    self.to_do_de_authorisation_new(d, host)\n  File \"/home/runner/.cache/pypoetry/virtualenvs/testcapitalcompyse-CcJ6hTD8-py3.12/lib/python3.12/site-packages/allure_commons/_allure.py\", line 192, in impl\n    return func(*a, **kw)\n           ^^^^^^^^^^^^^^\n  File \"/home/runner/work/TestCapitalComPySe/TestCapitalComPySe/pages/conditions_v2.py\", line 283, in to_do_de_authorisation_new\n    if not top_bar.trading_platform_top_bar_account_info_menu_logout():\n           ^^^^^^^^^^^^^^^^^^^^^^^^^^^^^^^^^^^^^^^^^^^^^^^^^^^^^^^^^^^\n  File \"/home/runner/.cache/pypoetry/virtualenvs/testcapitalcompyse-CcJ6hTD8-py3.12/lib/python3.12/site-packages/allure_commons/_allure.py\", line 192, in impl\n    return func(*a, **kw)\n           ^^^^^^^^^^^^^^\n  File \"/home/runner/work/TestCapitalComPySe/TestCapitalComPySe/pages/Trading_platform/Topbar/topbar.py\", line 53, in trading_platform_top_bar_account_info_menu_logout\n    terms_and_policies = self.driver.find_element(By.CSS_SELECTOR,\n                         ^^^^^^^^^^^^^^^^^^^^^^^^^^^^^^^^^^^^^^^^^\n  File \"/home/runner/.cache/pypoetry/virtualenvs/testcapitalcompyse-CcJ6hTD8-py3.12/lib/python3.12/site-packages/selenium/webdriver/remote/webdriver.py\", line 766, in find_element\n    return self.execute(Command.FIND_ELEMENT, {\"using\": by, \"value\": value})[\"value\"]\n           ^^^^^^^^^^^^^^^^^^^^^^^^^^^^^^^^^^^^^^^^^^^^^^^^^^^^^^^^^^^^^^^^^\n  File \"/home/runner/.cache/pypoetry/virtualenvs/testcapitalcompyse-CcJ6hTD8-py3.12/lib/python3.12/site-packages/selenium/webdriver/remote/webdriver.py\", line 380, in execute\n    self.error_handler.check_response(response)\n  File \"/home/runner/.cache/pypoetry/virtualenvs/testcapitalcompyse-CcJ6hTD8-py3.12/lib/python3.12/site-packages/selenium/webdriver/remote/errorhandler.py\", line 229, in check_response\n    raise exception_class(message, screen, stacktrace)\n","steps":[{"name":"2024-11-29 01:22:30.726566   Start Authorization","time":{"start":1732843613713,"stop":1732843616880,"duration":3167},"status":"passed","steps":[],"attachments":[],"parameters":[{"name":"d","value":"<selenium.webdriver.chrome.webdriver.WebDriver (session=\"973ab74c5d0858ecaa342feb9710f33c\")>"},{"name":"link","value":"'https://capital.com/en-gb'"},{"name":"login","value":"'test001.miketar+1@gmail.com'"},{"name":"password","value":"'Qwer1234-!@#$'"},{"name":"cur_role","value":"'NoAuth'"}],"shouldDisplayMessage":false,"stepsCount":0,"attachmentsCount":0,"hasContent":true,"attachmentStep":false},{"name":"2024-11-29 01:22:30.726579   Start Deauthorization","time":{"start":1732843616880,"stop":1732843621916,"duration":5036},"status":"broken","statusMessage":"selenium.common.exceptions.NoSuchElementException: Message: no such element: Unable to locate element: {\"method\":\"css selector\",\"selector\":\"terms-and-conditions-popup em.iconex-close-small.ng-star-inserted\"}\n  (Session info: chrome=131.0.6778.85); For documentation on this error, please visit: https://www.selenium.dev/documentation/webdriver/troubleshooting/errors#no-such-element-exception\nStacktrace:\n#0 0x56216b01831a <unknown>\n#1 0x56216ab2e6e0 <unknown>\n#2 0x56216ab7d3e6 <unknown>\n#3 0x56216ab7d681 <unknown>\n#4 0x56216abc2b04 <unknown>\n#5 0x56216aba148d <unknown>\n#6 0x56216abbfed7 <unknown>\n#7 0x56216aba1203 <unknown>\n#8 0x56216ab6fcc0 <unknown>\n#9 0x56216ab70c9e <unknown>\n#10 0x56216afe5d0b <unknown>\n#11 0x56216afe9c92 <unknown>\n#12 0x56216afd2b3c <unknown>\n#13 0x56216afea807 <unknown>\n#14 0x56216afb80df <unknown>\n#15 0x56216b007578 <unknown>\n#16 0x56216b007740 <unknown>\n#17 0x56216b017196 <unknown>\n#18 0x7f0200e94ac3 <unknown>\n\n","statusTrace":"  File \"/home/runner/.cache/pypoetry/virtualenvs/testcapitalcompyse-CcJ6hTD8-py3.12/lib/python3.12/site-packages/allure_commons/_allure.py\", line 192, in impl\n    return func(*a, **kw)\n           ^^^^^^^^^^^^^^\n  File \"/home/runner/work/TestCapitalComPySe/TestCapitalComPySe/pages/conditions_v2.py\", line 283, in to_do_de_authorisation_new\n    if not top_bar.trading_platform_top_bar_account_info_menu_logout():\n           ^^^^^^^^^^^^^^^^^^^^^^^^^^^^^^^^^^^^^^^^^^^^^^^^^^^^^^^^^^^\n  File \"/home/runner/.cache/pypoetry/virtualenvs/testcapitalcompyse-CcJ6hTD8-py3.12/lib/python3.12/site-packages/allure_commons/_allure.py\", line 192, in impl\n    return func(*a, **kw)\n           ^^^^^^^^^^^^^^\n  File \"/home/runner/work/TestCapitalComPySe/TestCapitalComPySe/pages/Trading_platform/Topbar/topbar.py\", line 53, in trading_platform_top_bar_account_info_menu_logout\n    terms_and_policies = self.driver.find_element(By.CSS_SELECTOR,\n                         ^^^^^^^^^^^^^^^^^^^^^^^^^^^^^^^^^^^^^^^^^\n  File \"/home/runner/.cache/pypoetry/virtualenvs/testcapitalcompyse-CcJ6hTD8-py3.12/lib/python3.12/site-packages/selenium/webdriver/remote/webdriver.py\", line 766, in find_element\n    return self.execute(Command.FIND_ELEMENT, {\"using\": by, \"value\": value})[\"value\"]\n           ^^^^^^^^^^^^^^^^^^^^^^^^^^^^^^^^^^^^^^^^^^^^^^^^^^^^^^^^^^^^^^^^^\n  File \"/home/runner/.cache/pypoetry/virtualenvs/testcapitalcompyse-CcJ6hTD8-py3.12/lib/python3.12/site-packages/selenium/webdriver/remote/webdriver.py\", line 380, in execute\n    self.error_handler.check_response(response)\n  File \"/home/runner/.cache/pypoetry/virtualenvs/testcapitalcompyse-CcJ6hTD8-py3.12/lib/python3.12/site-packages/selenium/webdriver/remote/errorhandler.py\", line 229, in check_response\n    raise exception_class(message, screen, stacktrace)\n","steps":[{"name":"Start Logout from account info menu in top bar","time":{"start":1732843616881,"stop":1732843621916,"duration":5035},"status":"broken","statusMessage":"selenium.common.exceptions.NoSuchElementException: Message: no such element: Unable to locate element: {\"method\":\"css selector\",\"selector\":\"terms-and-conditions-popup em.iconex-close-small.ng-star-inserted\"}\n  (Session info: chrome=131.0.6778.85); For documentation on this error, please visit: https://www.selenium.dev/documentation/webdriver/troubleshooting/errors#no-such-element-exception\nStacktrace:\n#0 0x56216b01831a <unknown>\n#1 0x56216ab2e6e0 <unknown>\n#2 0x56216ab7d3e6 <unknown>\n#3 0x56216ab7d681 <unknown>\n#4 0x56216abc2b04 <unknown>\n#5 0x56216aba148d <unknown>\n#6 0x56216abbfed7 <unknown>\n#7 0x56216aba1203 <unknown>\n#8 0x56216ab6fcc0 <unknown>\n#9 0x56216ab70c9e <unknown>\n#10 0x56216afe5d0b <unknown>\n#11 0x56216afe9c92 <unknown>\n#12 0x56216afd2b3c <unknown>\n#13 0x56216afea807 <unknown>\n#14 0x56216afb80df <unknown>\n#15 0x56216b007578 <unknown>\n#16 0x56216b007740 <unknown>\n#17 0x56216b017196 <unknown>\n#18 0x7f0200e94ac3 <unknown>\n\n","statusTrace":"  File \"/home/runner/.cache/pypoetry/virtualenvs/testcapitalcompyse-CcJ6hTD8-py3.12/lib/python3.12/site-packages/allure_commons/_allure.py\", line 192, in impl\n    return func(*a, **kw)\n           ^^^^^^^^^^^^^^\n  File \"/home/runner/work/TestCapitalComPySe/TestCapitalComPySe/pages/Trading_platform/Topbar/topbar.py\", line 53, in trading_platform_top_bar_account_info_menu_logout\n    terms_and_policies = self.driver.find_element(By.CSS_SELECTOR,\n                         ^^^^^^^^^^^^^^^^^^^^^^^^^^^^^^^^^^^^^^^^^\n  File \"/home/runner/.cache/pypoetry/virtualenvs/testcapitalcompyse-CcJ6hTD8-py3.12/lib/python3.12/site-packages/selenium/webdriver/remote/webdriver.py\", line 766, in find_element\n    return self.execute(Command.FIND_ELEMENT, {\"using\": by, \"value\": value})[\"value\"]\n           ^^^^^^^^^^^^^^^^^^^^^^^^^^^^^^^^^^^^^^^^^^^^^^^^^^^^^^^^^^^^^^^^^\n  File \"/home/runner/.cache/pypoetry/virtualenvs/testcapitalcompyse-CcJ6hTD8-py3.12/lib/python3.12/site-packages/selenium/webdriver/remote/webdriver.py\", line 380, in execute\n    self.error_handler.check_response(response)\n  File \"/home/runner/.cache/pypoetry/virtualenvs/testcapitalcompyse-CcJ6hTD8-py3.12/lib/python3.12/site-packages/selenium/webdriver/remote/errorhandler.py\", line 229, in check_response\n    raise exception_class(message, screen, stacktrace)\n","steps":[],"attachments":[],"parameters":[],"shouldDisplayMessage":true,"stepsCount":0,"attachmentsCount":0,"hasContent":true,"attachmentStep":false}],"attachments":[],"parameters":[{"name":"d","value":"<selenium.webdriver.chrome.webdriver.WebDriver (session=\"973ab74c5d0858ecaa342feb9710f33c\")>"},{"name":"link","value":"'https://capital.com/en-gb'"}],"shouldDisplayMessage":false,"stepsCount":1,"attachmentsCount":0,"hasContent":true,"attachmentStep":false}],"attachments":[],"parameters":[{"name":"d","value":"<selenium.webdriver.chrome.webdriver.WebDriver (session=\"973ab74c5d0858ecaa342feb9710f33c\")>"},{"name":"host","value":"'https://capital.com/en-gb'"},{"name":"end_point","value":"''"},{"name":"cur_language","value":"'de'"},{"name":"cur_country","value":"'de'"},{"name":"cur_role","value":"'NoAuth'"},{"name":"cur_login","value":"'test001.miketar+1@gmail.com'"},{"name":"cur_password","value":"'Qwer1234-!@#$'"}],"shouldDisplayMessage":false,"stepsCount":3,"attachmentsCount":0,"hasContent":true,"attachmentStep":false}],"attachments":[],"parameters":[{"name":"worker_id","value":"'master'"},{"name":"d","value":"<selenium.webdriver.chrome.webdriver.WebDriver (session=\"973ab74c5d0858ecaa342feb9710f33c\")>"},{"name":"cur_language","value":"'de'"},{"name":"cur_country","value":"'de'"},{"name":"cur_role","value":"'NoAuth'"},{"name":"cur_login","value":"'test001.miketar+1@gmail.com'"},{"name":"cur_password","value":"'Qwer1234-!@#$'"}],"shouldDisplayMessage":false,"stepsCount":5,"attachmentsCount":0,"hasContent":true,"attachmentStep":false}],"attachments":[{"uid":"2d4781fa938e75f0","name":"Screenshot","source":"2d4781fa938e75f0.png","type":"image/png","size":158881},{"uid":"335f3b2ff8834c06","name":"stdout","source":"335f3b2ff8834c06.txt","type":"text/plain","size":3190}],"parameters":[],"shouldDisplayMessage":true,"stepsCount":6,"attachmentsCount":2,"hasContent":true,"attachmentStep":false},"afterStages":[{"name":"d::0","time":{"start":1732844149816,"stop":1732844150020,"duration":204},"status":"passed","steps":[],"attachments":[],"parameters":[],"shouldDisplayMessage":false,"stepsCount":0,"attachmentsCount":0,"hasContent":false,"attachmentStep":false}],"labels":[{"name":"epic","value":"TC_55!350a | Error message \"Oops, this help center no longer exists\"is displayed when clicking the link [How-to guides] in block “Looking for more?” on the page [Trading courses] "},{"name":"feature","value":"Role: NoAuth"},{"name":"story","value":"Country: de"},{"name":"tag","value":"bug_350a"},{"name":"tag","value":"us_55"},{"name":"parentSuite","value":"tests.US_55_ReTestsManual.mila_podchasova"},{"name":"suite","value":"US_55-mila_podchasova_ReTestsManual_test"},{"name":"subSuite","value":"TestManualDetectedBugs"},{"name":"host","value":"fv-az1980-633"},{"name":"thread","value":"48048-MainThread"},{"name":"framework","value":"pytest"},{"name":"language","value":"cpython3"},{"name":"package","value":"tests.US_55_ReTestsManual.mila_podchasova.US_55-mila_podchasova_ReTestsManual_test"},{"name":"resultFormat","value":"allure2"}],"parameters":[{"name":"cur_country","value":"'de'"},{"name":"cur_language","value":"'de'"},{"name":"cur_login","value":"'test001.miketar+1@gmail.com'"},{"name":"cur_password","value":"'Qwer1234-!@#$'"},{"name":"cur_role","value":"'NoAuth'"},{"name":"d","value":"'Chrome'"}],"links":[],"hidden":false,"retry":false,"extra":{"severity":"normal","retries":[],"categories":[{"name":"Test defects","matchedStatuses":[],"flaky":false}],"history":{"statistic":{"failed":17,"broken":2,"skipped":0,"passed":0,"unknown":0,"total":19},"items":[{"uid":"7db30fc86ea24e39","reportUrl":"https://AlexTomAQA.github.io/TestCapitalComPySe/238//#testresult/7db30fc86ea24e39","status":"broken","statusDetails":"selenium.common.exceptions.NoSuchElementException: Message: no such element: Unable to locate element: {\"method\":\"css selector\",\"selector\":\"terms-and-conditions-popup em.iconex-close-small.ng-star-inserted\"}\n  (Session info: chrome=131.0.6778.85); For documentation on this error, please visit: https://www.selenium.dev/documentation/webdriver/troubleshooting/errors#no-such-element-exception\nStacktrace:\n#0 0x560b5063131a <unknown>\n#1 0x560b501476e0 <unknown>\n#2 0x560b501963e6 <unknown>\n#3 0x560b50196681 <unknown>\n#4 0x560b501dbb04 <unknown>\n#5 0x560b501ba48d <unknown>\n#6 0x560b501d8ed7 <unknown>\n#7 0x560b501ba203 <unknown>\n#8 0x560b50188cc0 <unknown>\n#9 0x560b50189c9e <unknown>\n#10 0x560b505fed0b <unknown>\n#11 0x560b50602c92 <unknown>\n#12 0x560b505ebb3c <unknown>\n#13 0x560b50603807 <unknown>\n#14 0x560b505d10df <unknown>\n#15 0x560b50620578 <unknown>\n#16 0x560b50620740 <unknown>\n#17 0x560b50630196 <unknown>\n#18 0x7f07f0294ac3 <unknown>","time":{"start":1732757249170,"stop":1732757263912,"duration":14742}},{"uid":"c0daca339715999c","reportUrl":"https://AlexTomAQA.github.io/TestCapitalComPySe/235//#testresult/c0daca339715999c","status":"failed","statusDetails":"Failed: Bug № ??? Education menu not present in DOM for 'de' language","time":{"start":1732497224751,"stop":1732497243032,"duration":18281}},{"uid":"f531c9b4e4e00a7e","reportUrl":"https://AlexTomAQA.github.io/TestCapitalComPySe/230//#testresult/f531c9b4e4e00a7e","status":"failed","statusDetails":"Failed: Bug № ??? Education menu not present in DOM for 'de' language","time":{"start":1732151988324,"stop":1732152009192,"duration":20868}},{"uid":"3721c68e4514b9a5","reportUrl":"https://AlexTomAQA.github.io/TestCapitalComPySe/227//#testresult/3721c68e4514b9a5","status":"failed","statusDetails":"Failed: Bug № ??? Education menu not present in DOM for 'de' language","time":{"start":1731891023598,"stop":1731891042301,"duration":18703}},{"uid":"cb59bdcab298a386","reportUrl":"https://AlexTomAQA.github.io/TestCapitalComPySe/225//#testresult/cb59bdcab298a386","status":"failed","statusDetails":"Failed: Bug № ??? Education menu not present in DOM for 'de' language","time":{"start":1731738427082,"stop":1731738447159,"duration":20077}},{"uid":"80ff8a9bbb1e82b9","reportUrl":"https://AlexTomAQA.github.io/TestCapitalComPySe/224//#testresult/80ff8a9bbb1e82b9","status":"failed","statusDetails":"Failed: Bug № ??? Education menu not present in DOM for 'de' language","time":{"start":1731719317567,"stop":1731719336897,"duration":19330}},{"uid":"3f83ce619c847b84","reportUrl":"https://AlexTomAQA.github.io/TestCapitalComPySe/222//#testresult/3f83ce619c847b84","status":"failed","statusDetails":"Failed: Bug № ??? Education menu not present in DOM for 'de' language","time":{"start":1731631783210,"stop":1731631802928,"duration":19718}},{"uid":"3108dc82f821c4b2","reportUrl":"https://AlexTomAQA.github.io/TestCapitalComPySe/221//#testresult/3108dc82f821c4b2","status":"failed","statusDetails":"Failed: Bug № ??? Education menu not present in DOM for 'de' language","time":{"start":1731545912878,"stop":1731545932547,"duration":19669}},{"uid":"b0f5b21c52aecaaf","reportUrl":"https://AlexTomAQA.github.io/TestCapitalComPySe/220//#testresult/b0f5b21c52aecaaf","status":"failed","statusDetails":"Failed: Bug № ??? Education menu not present in DOM for 'de' language","time":{"start":1731480294877,"stop":1731480313490,"duration":18613}},{"uid":"bce332bb4654c4a0","reportUrl":"https://AlexTomAQA.github.io/TestCapitalComPySe/219//#testresult/bce332bb4654c4a0","status":"failed","statusDetails":"Failed: Bug № ??? Education menu not present in DOM for 'de' language","time":{"start":1731460958089,"stop":1731460979265,"duration":21176}},{"uid":"3aa18a7ff4b88580","reportUrl":"https://AlexTomAQA.github.io/TestCapitalComPySe/216//#testresult/3aa18a7ff4b88580","status":"failed","statusDetails":"Failed: Bug № ??? Education menu not present in DOM for 'de' language","time":{"start":1731200075358,"stop":1731200097583,"duration":22225}},{"uid":"791967a8af040293","reportUrl":"https://AlexTomAQA.github.io/TestCapitalComPySe/215//#testresult/791967a8af040293","status":"failed","statusDetails":"Failed: Bug № ??? Education menu not present in DOM for 'de' language","time":{"start":1731114206703,"stop":1731114225348,"duration":18645}},{"uid":"43b4fb63386954b2","reportUrl":"https://AlexTomAQA.github.io/TestCapitalComPySe/213//#testresult/43b4fb63386954b2","status":"failed","statusDetails":"Failed: Bug № ??? Education menu not present in DOM for 'de' language","time":{"start":1730942124315,"stop":1730942143985,"duration":19670}},{"uid":"c3c589b7842f4c21","reportUrl":"https://AlexTomAQA.github.io/TestCapitalComPySe/212//#testresult/c3c589b7842f4c21","status":"failed","statusDetails":"Failed: Bug № ??? Education menu not present in DOM for 'de' language","time":{"start":1730854264749,"stop":1730854283516,"duration":18767}},{"uid":"c0a67f9c2c1b4b62","reportUrl":"https://AlexTomAQA.github.io/TestCapitalComPySe/211//#testresult/c0a67f9c2c1b4b62","status":"failed","statusDetails":"Failed: Bug № ??? Education menu not present in DOM for 'de' language","time":{"start":1730787273338,"stop":1730787290947,"duration":17609}},{"uid":"27b42c4eda5c9330","reportUrl":"https://AlexTomAQA.github.io/TestCapitalComPySe/208//#testresult/27b42c4eda5c9330","status":"failed","statusDetails":"Failed: Bug № ??? Education menu not present in DOM for 'de' language","time":{"start":1730599426390,"stop":1730599444519,"duration":18129}},{"uid":"9871968aa3ebad31","reportUrl":"https://AlexTomAQA.github.io/TestCapitalComPySe/207//#testresult/9871968aa3ebad31","status":"failed","statusDetails":"Failed: Bug № ??? Education menu not present in DOM for 'de' language","time":{"start":1730530181415,"stop":1730530197288,"duration":15873}},{"uid":"b86d378fbd507c3b","reportUrl":"https://AlexTomAQA.github.io/TestCapitalComPySe/206//#testresult/b86d378fbd507c3b","status":"failed","statusDetails":"Failed: Bug № ??? Education menu not present in DOM for 'de' language","time":{"start":1730512759860,"stop":1730512777237,"duration":17377}}]},"tags":["us_55","bug_350a"]},"source":"ff97e662c1aa79b7.json","parameterValues":["'de'","'de'","'test001.miketar+1@gmail.com'","'Qwer1234-!@#$'","'NoAuth'","'Chrome'"]}