{"uid":"221942470220051f","name":"TC_55!654 (Lang: nl) | Bid:55!654-nl.nl.NoAuth","fullName":"tests.US_55_ReTestsManual.saii-d3v.US_55-saii-d3v_ReTestsManual_test.TestManualDetectedBugs#test_654","historyId":"83d51220659c4cbae75f415fe6e87255","time":{"start":1742860491250,"stop":1742860497294,"duration":6044},"description":"\n         Check:\n         Language: NL.\n         License: CYSEC.\n         Author: Sergey Aiidzhanov\n         ","descriptionHtml":"<pre><code>     Check:\n     Language: NL.\n     License: CYSEC.\n     Author: Sergey Aiidzhanov\n</code></pre>\n","status":"failed","statusMessage":"Failed: Bug! 'Login' button is not clicked","statusTrace":"self = <pages.conditions_v2.NewConditions object at 0x7fb3c2fd85c0>\nd = <selenium.webdriver.chrome.webdriver.WebDriver (session=\"2b0f692f0cbfaefcc295dd8b645e0e95\")>\nlink = 'https://capital.com/en-gb', login = 'test001.miketar+1@gmail.com'\npassword = 'Qwer1234-!@#$', cur_role = 'NoAuth'\n\n    @allure.step(f\"{datetime.now()}   Start Authorization\")\n    # @profile(precision=3)\n    def to_do_authorisation_new(self, d, link, login, password, cur_role):\n        \"\"\"Authorization\"\"\"\n        print(f\"\\n\" f\"{datetime.now()}   Start Authorization\")\n    \n        # Setup wait for later\n        menu = MainMenu(d, link)\n        assert login != \"\", \"Авторизация невозможна. Не указан e-mail\"\n        assert password != \"\", \"Авторизация невозможна. Не указан пароль\"\n    \n        # нажать в хедере на кнопку \"Log in\"\n        try:\n>           menu.element_is_clickable(menu.MENU_LOGIN).click()\n\npages/conditions_v2.py:237: \n_ _ _ _ _ _ _ _ _ _ _ _ _ _ _ _ _ _ _ _ _ _ _ _ _ _ _ _ _ _ _ _ _ _ _ _ _ _ _ _ \n../../../.cache/pypoetry/virtualenvs/testcapitalcompyse-CcJ6hTD8-py3.12/lib/python3.12/site-packages/selenium/webdriver/remote/webelement.py:94: in click\n    self._execute(Command.CLICK_ELEMENT)\n../../../.cache/pypoetry/virtualenvs/testcapitalcompyse-CcJ6hTD8-py3.12/lib/python3.12/site-packages/selenium/webdriver/remote/webelement.py:395: in _execute\n    return self._parent.execute(command, params)\n../../../.cache/pypoetry/virtualenvs/testcapitalcompyse-CcJ6hTD8-py3.12/lib/python3.12/site-packages/selenium/webdriver/remote/webdriver.py:380: in execute\n    self.error_handler.check_response(response)\n_ _ _ _ _ _ _ _ _ _ _ _ _ _ _ _ _ _ _ _ _ _ _ _ _ _ _ _ _ _ _ _ _ _ _ _ _ _ _ _ \n\nself = <selenium.webdriver.remote.errorhandler.ErrorHandler object at 0x7fb3c3cdbb60>\nresponse = {'status': 400, 'value': '{\"value\":{\"error\":\"element click intercepted\",\"message\":\"element click intercepted: Element ...\\\\n#21 0x5562e134ce76 \\\\u003Cunknown>\\\\n#22 0x7f092109caa4 \\\\u003Cunknown>\\\\n#23 0x7f0921129c3c \\\\u003Cunknown>\\\\n\"}}'}\n\n    def check_response(self, response: Dict[str, Any]) -> None:\n        \"\"\"Checks that a JSON response from the WebDriver does not have an\n        error.\n    \n        :Args:\n         - response - The JSON response from the WebDriver server as a dictionary\n           object.\n    \n        :Raises: If the response contains an error message.\n        \"\"\"\n        status = response.get(\"status\", None)\n        if not status or status == ErrorCode.SUCCESS:\n            return\n        value = None\n        message = response.get(\"message\", \"\")\n        screen: str = response.get(\"screen\", \"\")\n        stacktrace = None\n        if isinstance(status, int):\n            value_json = response.get(\"value\", None)\n            if value_json and isinstance(value_json, str):\n                import json\n    \n                try:\n                    value = json.loads(value_json)\n                    if len(value) == 1:\n                        value = value[\"value\"]\n                    status = value.get(\"error\", None)\n                    if not status:\n                        status = value.get(\"status\", ErrorCode.UNKNOWN_ERROR)\n                        message = value.get(\"value\") or value.get(\"message\")\n                        if not isinstance(message, str):\n                            value = message\n                            message = message.get(\"message\")\n                    else:\n                        message = value.get(\"message\", None)\n                except ValueError:\n                    pass\n    \n        exception_class: Type[WebDriverException]\n        e = ErrorCode()\n        error_codes = [item for item in dir(e) if not item.startswith(\"__\")]\n        for error_code in error_codes:\n            error_info = getattr(ErrorCode, error_code)\n            if isinstance(error_info, list) and status in error_info:\n                exception_class = getattr(ExceptionMapping, error_code, WebDriverException)\n                break\n        else:\n            exception_class = WebDriverException\n    \n        if not value:\n            value = response[\"value\"]\n        if isinstance(value, str):\n            raise exception_class(value)\n        if message == \"\" and \"message\" in value:\n            message = value[\"message\"]\n    \n        screen = None  # type: ignore[assignment]\n        if \"screen\" in value:\n            screen = value[\"screen\"]\n    \n        stacktrace = None\n        st_value = value.get(\"stackTrace\") or value.get(\"stacktrace\")\n        if st_value:\n            if isinstance(st_value, str):\n                stacktrace = st_value.split(\"\\n\")\n            else:\n                stacktrace = []\n                try:\n                    for frame in st_value:\n                        line = frame.get(\"lineNumber\", \"\")\n                        file = frame.get(\"fileName\", \"<anonymous>\")\n                        if line:\n                            file = f\"{file}:{line}\"\n                        meth = frame.get(\"methodName\", \"<anonymous>\")\n                        if \"className\" in frame:\n                            meth = f\"{frame['className']}.{meth}\"\n                        msg = \"    at %s (%s)\"\n                        msg = msg % (meth, file)\n                        stacktrace.append(msg)\n                except TypeError:\n                    pass\n        if exception_class == UnexpectedAlertPresentException:\n            alert_text = None\n            if \"data\" in value:\n                alert_text = value[\"data\"].get(\"text\")\n            elif \"alert\" in value:\n                alert_text = value[\"alert\"].get(\"text\")\n            raise exception_class(message, screen, stacktrace, alert_text)  # type: ignore[call-arg]  # mypy is not smart enough here\n>       raise exception_class(message, screen, stacktrace)\nE       selenium.common.exceptions.ElementClickInterceptedException: Message: element click intercepted: Element <button class=\"accountBtns_btn__vOcCs accountBtns_btnEmpty__TCWRE helpers_showLg__UPEqH js-analyticsClick js-analyticsVisible\" data-type=\"btn_header_login\" data-testid=\"login_btn\">...</button> is not clickable at point (1385, 121). Other element would receive the click: <div class=\"modal_overlay__f_YlZ modal_mobileBottomAttached__cTOIu\">...</div>\nE         (Session info: chrome=134.0.6998.88)\nE       Stacktrace:\nE       #0 0x5562e134dffa <unknown>\nE       #1 0x5562e0e0c970 <unknown>\nE       #2 0x5562e0e651ec <unknown>\nE       #3 0x5562e0e63055 <unknown>\nE       #4 0x5562e0e606f2 <unknown>\nE       #5 0x5562e0e5f8ca <unknown>\nE       #6 0x5562e0e524cd <unknown>\nE       #7 0x5562e0e84292 <unknown>\nE       #8 0x5562e0e51e4a <unknown>\nE       #9 0x5562e0e8445e <unknown>\nE       #10 0x5562e0eaa70c <unknown>\nE       #11 0x5562e0e84063 <unknown>\nE       #12 0x5562e0e50328 <unknown>\nE       #13 0x5562e0e51491 <unknown>\nE       #14 0x5562e131542b <unknown>\nE       #15 0x5562e13192ec <unknown>\nE       #16 0x5562e12fca22 <unknown>\nE       #17 0x5562e1319e64 <unknown>\nE       #18 0x5562e12e0bef <unknown>\nE       #19 0x5562e133c558 <unknown>\nE       #20 0x5562e133c736 <unknown>\nE       #21 0x5562e134ce76 <unknown>\nE       #22 0x7f092109caa4 <unknown>\nE       #23 0x7f0921129c3c <unknown>\n\n../../../.cache/pypoetry/virtualenvs/testcapitalcompyse-CcJ6hTD8-py3.12/lib/python3.12/site-packages/selenium/webdriver/remote/errorhandler.py:229: ElementClickInterceptedException\n\nDuring handling of the above exception, another exception occurred:\n\nself = <US_55-saii-d3v_ReTestsManual_test.TestManualDetectedBugs object at 0x7fb3c366f620>\nworker_id = 'master'\nd = <selenium.webdriver.chrome.webdriver.WebDriver (session=\"2b0f692f0cbfaefcc295dd8b645e0e95\")>\ncur_language = 'nl', cur_country = 'nl', cur_role = 'NoAuth'\ncur_login = 'test001.miketar+1@gmail.com', cur_password = 'Qwer1234-!@#$'\n\n    @allure.step(\n        'Start retest manual TC_55!654 | ')\n    @pytest.mark.parametrize('cur_language', ['nl'])\n    @pytest.mark.parametrize('cur_country', ['nl'])\n    @pytest.mark.parametrize('cur_role', ['Auth', 'NoAuth', 'NoReg'])\n    @pytest.mark.bug_654\n    def test_654(self, worker_id, d, cur_language, cur_country, cur_role, cur_login, cur_password):\n        \"\"\"\n         Check:\n         Language: NL.\n         License: CYSEC.\n         Author: Sergey Aiidzhanov\n         \"\"\"\n        bid = build_dynamic_arg_for_us_55(\n            d, worker_id, cur_language, cur_country, cur_role,\n            \"55\", \"ReTests of Manual Detected Bugs\",\n            \"654\",\n            '',\n            False,\n            False\n        )\n    \n        # Arrange\n>       link = apply_preconditions_to_link(d, cur_language, cur_country, cur_role, cur_login, cur_password)\n\ntests/US_55_ReTestsManual/saii-d3v/US_55-saii-d3v_ReTestsManual_test.py:1674: \n_ _ _ _ _ _ _ _ _ _ _ _ _ _ _ _ _ _ _ _ _ _ _ _ _ _ _ _ _ _ _ _ _ _ _ _ _ _ _ _ \npages/conditions_v2.py:78: in apply_preconditions_to_link\n    return cond.preconditions(d, CapitalComPageSrc.URL_NEW, '', cur_language, cur_country, cur_role,\npages/conditions_v2.py:154: in preconditions\n    self.to_do_authorisation_new(d, host, cur_login, cur_password, cur_role)\n_ _ _ _ _ _ _ _ _ _ _ _ _ _ _ _ _ _ _ _ _ _ _ _ _ _ _ _ _ _ _ _ _ _ _ _ _ _ _ _ \n\nself = <pages.conditions_v2.NewConditions object at 0x7fb3c2fd85c0>\nd = <selenium.webdriver.chrome.webdriver.WebDriver (session=\"2b0f692f0cbfaefcc295dd8b645e0e95\")>\nlink = 'https://capital.com/en-gb', login = 'test001.miketar+1@gmail.com'\npassword = 'Qwer1234-!@#$', cur_role = 'NoAuth'\n\n    @allure.step(f\"{datetime.now()}   Start Authorization\")\n    # @profile(precision=3)\n    def to_do_authorisation_new(self, d, link, login, password, cur_role):\n        \"\"\"Authorization\"\"\"\n        print(f\"\\n\" f\"{datetime.now()}   Start Authorization\")\n    \n        # Setup wait for later\n        menu = MainMenu(d, link)\n        assert login != \"\", \"Авторизация невозможна. Не указан e-mail\"\n        assert password != \"\", \"Авторизация невозможна. Не указан пароль\"\n    \n        # нажать в хедере на кнопку \"Log in\"\n        try:\n            menu.element_is_clickable(menu.MENU_LOGIN).click()\n        except:\n>           pytest.fail(\"Bug! 'Login' button is not clicked\")\nE           Failed: Bug! 'Login' button is not clicked\n\npages/conditions_v2.py:239: Failed","flaky":false,"newFailed":false,"newBroken":false,"newPassed":false,"retriesCount":0,"retriesStatusChange":false,"beforeStages":[{"name":"d","time":{"start":1742857936958,"stop":1742857937740,"duration":782},"status":"passed","steps":[],"attachments":[],"parameters":[],"shouldDisplayMessage":false,"stepsCount":0,"attachmentsCount":0,"hasContent":false,"attachmentStep":false},{"name":"cur_password","time":{"start":1742857937740,"stop":1742857937740,"duration":0},"status":"passed","steps":[],"attachments":[],"parameters":[],"shouldDisplayMessage":false,"stepsCount":0,"attachmentsCount":0,"hasContent":false,"attachmentStep":false},{"name":"cur_login","time":{"start":1742857937740,"stop":1742857937740,"duration":0},"status":"passed","steps":[],"attachments":[],"parameters":[],"shouldDisplayMessage":false,"stepsCount":0,"attachmentsCount":0,"hasContent":false,"attachmentStep":false},{"name":"worker_id","time":{"start":1742857937740,"stop":1742857937740,"duration":0},"status":"passed","steps":[],"attachments":[],"parameters":[],"shouldDisplayMessage":false,"stepsCount":0,"attachmentsCount":0,"hasContent":false,"attachmentStep":false}],"testStage":{"description":"\n         Check:\n         Language: NL.\n         License: CYSEC.\n         Author: Sergey Aiidzhanov\n         ","status":"failed","statusMessage":"Failed: Bug! 'Login' button is not clicked","statusTrace":"self = <pages.conditions_v2.NewConditions object at 0x7fb3c2fd85c0>\nd = <selenium.webdriver.chrome.webdriver.WebDriver (session=\"2b0f692f0cbfaefcc295dd8b645e0e95\")>\nlink = 'https://capital.com/en-gb', login = 'test001.miketar+1@gmail.com'\npassword = 'Qwer1234-!@#$', cur_role = 'NoAuth'\n\n    @allure.step(f\"{datetime.now()}   Start Authorization\")\n    # @profile(precision=3)\n    def to_do_authorisation_new(self, d, link, login, password, cur_role):\n        \"\"\"Authorization\"\"\"\n        print(f\"\\n\" f\"{datetime.now()}   Start Authorization\")\n    \n        # Setup wait for later\n        menu = MainMenu(d, link)\n        assert login != \"\", \"Авторизация невозможна. Не указан e-mail\"\n        assert password != \"\", \"Авторизация невозможна. Не указан пароль\"\n    \n        # нажать в хедере на кнопку \"Log in\"\n        try:\n>           menu.element_is_clickable(menu.MENU_LOGIN).click()\n\npages/conditions_v2.py:237: \n_ _ _ _ _ _ _ _ _ _ _ _ _ _ _ _ _ _ _ _ _ _ _ _ _ _ _ _ _ _ _ _ _ _ _ _ _ _ _ _ \n../../../.cache/pypoetry/virtualenvs/testcapitalcompyse-CcJ6hTD8-py3.12/lib/python3.12/site-packages/selenium/webdriver/remote/webelement.py:94: in click\n    self._execute(Command.CLICK_ELEMENT)\n../../../.cache/pypoetry/virtualenvs/testcapitalcompyse-CcJ6hTD8-py3.12/lib/python3.12/site-packages/selenium/webdriver/remote/webelement.py:395: in _execute\n    return self._parent.execute(command, params)\n../../../.cache/pypoetry/virtualenvs/testcapitalcompyse-CcJ6hTD8-py3.12/lib/python3.12/site-packages/selenium/webdriver/remote/webdriver.py:380: in execute\n    self.error_handler.check_response(response)\n_ _ _ _ _ _ _ _ _ _ _ _ _ _ _ _ _ _ _ _ _ _ _ _ _ _ _ _ _ _ _ _ _ _ _ _ _ _ _ _ \n\nself = <selenium.webdriver.remote.errorhandler.ErrorHandler object at 0x7fb3c3cdbb60>\nresponse = {'status': 400, 'value': '{\"value\":{\"error\":\"element click intercepted\",\"message\":\"element click intercepted: Element ...\\\\n#21 0x5562e134ce76 \\\\u003Cunknown>\\\\n#22 0x7f092109caa4 \\\\u003Cunknown>\\\\n#23 0x7f0921129c3c \\\\u003Cunknown>\\\\n\"}}'}\n\n    def check_response(self, response: Dict[str, Any]) -> None:\n        \"\"\"Checks that a JSON response from the WebDriver does not have an\n        error.\n    \n        :Args:\n         - response - The JSON response from the WebDriver server as a dictionary\n           object.\n    \n        :Raises: If the response contains an error message.\n        \"\"\"\n        status = response.get(\"status\", None)\n        if not status or status == ErrorCode.SUCCESS:\n            return\n        value = None\n        message = response.get(\"message\", \"\")\n        screen: str = response.get(\"screen\", \"\")\n        stacktrace = None\n        if isinstance(status, int):\n            value_json = response.get(\"value\", None)\n            if value_json and isinstance(value_json, str):\n                import json\n    \n                try:\n                    value = json.loads(value_json)\n                    if len(value) == 1:\n                        value = value[\"value\"]\n                    status = value.get(\"error\", None)\n                    if not status:\n                        status = value.get(\"status\", ErrorCode.UNKNOWN_ERROR)\n                        message = value.get(\"value\") or value.get(\"message\")\n                        if not isinstance(message, str):\n                            value = message\n                            message = message.get(\"message\")\n                    else:\n                        message = value.get(\"message\", None)\n                except ValueError:\n                    pass\n    \n        exception_class: Type[WebDriverException]\n        e = ErrorCode()\n        error_codes = [item for item in dir(e) if not item.startswith(\"__\")]\n        for error_code in error_codes:\n            error_info = getattr(ErrorCode, error_code)\n            if isinstance(error_info, list) and status in error_info:\n                exception_class = getattr(ExceptionMapping, error_code, WebDriverException)\n                break\n        else:\n            exception_class = WebDriverException\n    \n        if not value:\n            value = response[\"value\"]\n        if isinstance(value, str):\n            raise exception_class(value)\n        if message == \"\" and \"message\" in value:\n            message = value[\"message\"]\n    \n        screen = None  # type: ignore[assignment]\n        if \"screen\" in value:\n            screen = value[\"screen\"]\n    \n        stacktrace = None\n        st_value = value.get(\"stackTrace\") or value.get(\"stacktrace\")\n        if st_value:\n            if isinstance(st_value, str):\n                stacktrace = st_value.split(\"\\n\")\n            else:\n                stacktrace = []\n                try:\n                    for frame in st_value:\n                        line = frame.get(\"lineNumber\", \"\")\n                        file = frame.get(\"fileName\", \"<anonymous>\")\n                        if line:\n                            file = f\"{file}:{line}\"\n                        meth = frame.get(\"methodName\", \"<anonymous>\")\n                        if \"className\" in frame:\n                            meth = f\"{frame['className']}.{meth}\"\n                        msg = \"    at %s (%s)\"\n                        msg = msg % (meth, file)\n                        stacktrace.append(msg)\n                except TypeError:\n                    pass\n        if exception_class == UnexpectedAlertPresentException:\n            alert_text = None\n            if \"data\" in value:\n                alert_text = value[\"data\"].get(\"text\")\n            elif \"alert\" in value:\n                alert_text = value[\"alert\"].get(\"text\")\n            raise exception_class(message, screen, stacktrace, alert_text)  # type: ignore[call-arg]  # mypy is not smart enough here\n>       raise exception_class(message, screen, stacktrace)\nE       selenium.common.exceptions.ElementClickInterceptedException: Message: element click intercepted: Element <button class=\"accountBtns_btn__vOcCs accountBtns_btnEmpty__TCWRE helpers_showLg__UPEqH js-analyticsClick js-analyticsVisible\" data-type=\"btn_header_login\" data-testid=\"login_btn\">...</button> is not clickable at point (1385, 121). Other element would receive the click: <div class=\"modal_overlay__f_YlZ modal_mobileBottomAttached__cTOIu\">...</div>\nE         (Session info: chrome=134.0.6998.88)\nE       Stacktrace:\nE       #0 0x5562e134dffa <unknown>\nE       #1 0x5562e0e0c970 <unknown>\nE       #2 0x5562e0e651ec <unknown>\nE       #3 0x5562e0e63055 <unknown>\nE       #4 0x5562e0e606f2 <unknown>\nE       #5 0x5562e0e5f8ca <unknown>\nE       #6 0x5562e0e524cd <unknown>\nE       #7 0x5562e0e84292 <unknown>\nE       #8 0x5562e0e51e4a <unknown>\nE       #9 0x5562e0e8445e <unknown>\nE       #10 0x5562e0eaa70c <unknown>\nE       #11 0x5562e0e84063 <unknown>\nE       #12 0x5562e0e50328 <unknown>\nE       #13 0x5562e0e51491 <unknown>\nE       #14 0x5562e131542b <unknown>\nE       #15 0x5562e13192ec <unknown>\nE       #16 0x5562e12fca22 <unknown>\nE       #17 0x5562e1319e64 <unknown>\nE       #18 0x5562e12e0bef <unknown>\nE       #19 0x5562e133c558 <unknown>\nE       #20 0x5562e133c736 <unknown>\nE       #21 0x5562e134ce76 <unknown>\nE       #22 0x7f092109caa4 <unknown>\nE       #23 0x7f0921129c3c <unknown>\n\n../../../.cache/pypoetry/virtualenvs/testcapitalcompyse-CcJ6hTD8-py3.12/lib/python3.12/site-packages/selenium/webdriver/remote/errorhandler.py:229: ElementClickInterceptedException\n\nDuring handling of the above exception, another exception occurred:\n\nself = <US_55-saii-d3v_ReTestsManual_test.TestManualDetectedBugs object at 0x7fb3c366f620>\nworker_id = 'master'\nd = <selenium.webdriver.chrome.webdriver.WebDriver (session=\"2b0f692f0cbfaefcc295dd8b645e0e95\")>\ncur_language = 'nl', cur_country = 'nl', cur_role = 'NoAuth'\ncur_login = 'test001.miketar+1@gmail.com', cur_password = 'Qwer1234-!@#$'\n\n    @allure.step(\n        'Start retest manual TC_55!654 | ')\n    @pytest.mark.parametrize('cur_language', ['nl'])\n    @pytest.mark.parametrize('cur_country', ['nl'])\n    @pytest.mark.parametrize('cur_role', ['Auth', 'NoAuth', 'NoReg'])\n    @pytest.mark.bug_654\n    def test_654(self, worker_id, d, cur_language, cur_country, cur_role, cur_login, cur_password):\n        \"\"\"\n         Check:\n         Language: NL.\n         License: CYSEC.\n         Author: Sergey Aiidzhanov\n         \"\"\"\n        bid = build_dynamic_arg_for_us_55(\n            d, worker_id, cur_language, cur_country, cur_role,\n            \"55\", \"ReTests of Manual Detected Bugs\",\n            \"654\",\n            '',\n            False,\n            False\n        )\n    \n        # Arrange\n>       link = apply_preconditions_to_link(d, cur_language, cur_country, cur_role, cur_login, cur_password)\n\ntests/US_55_ReTestsManual/saii-d3v/US_55-saii-d3v_ReTestsManual_test.py:1674: \n_ _ _ _ _ _ _ _ _ _ _ _ _ _ _ _ _ _ _ _ _ _ _ _ _ _ _ _ _ _ _ _ _ _ _ _ _ _ _ _ \npages/conditions_v2.py:78: in apply_preconditions_to_link\n    return cond.preconditions(d, CapitalComPageSrc.URL_NEW, '', cur_language, cur_country, cur_role,\npages/conditions_v2.py:154: in preconditions\n    self.to_do_authorisation_new(d, host, cur_login, cur_password, cur_role)\n_ _ _ _ _ _ _ _ _ _ _ _ _ _ _ _ _ _ _ _ _ _ _ _ _ _ _ _ _ _ _ _ _ _ _ _ _ _ _ _ \n\nself = <pages.conditions_v2.NewConditions object at 0x7fb3c2fd85c0>\nd = <selenium.webdriver.chrome.webdriver.WebDriver (session=\"2b0f692f0cbfaefcc295dd8b645e0e95\")>\nlink = 'https://capital.com/en-gb', login = 'test001.miketar+1@gmail.com'\npassword = 'Qwer1234-!@#$', cur_role = 'NoAuth'\n\n    @allure.step(f\"{datetime.now()}   Start Authorization\")\n    # @profile(precision=3)\n    def to_do_authorisation_new(self, d, link, login, password, cur_role):\n        \"\"\"Authorization\"\"\"\n        print(f\"\\n\" f\"{datetime.now()}   Start Authorization\")\n    \n        # Setup wait for later\n        menu = MainMenu(d, link)\n        assert login != \"\", \"Авторизация невозможна. Не указан e-mail\"\n        assert password != \"\", \"Авторизация невозможна. Не указан пароль\"\n    \n        # нажать в хедере на кнопку \"Log in\"\n        try:\n            menu.element_is_clickable(menu.MENU_LOGIN).click()\n        except:\n>           pytest.fail(\"Bug! 'Login' button is not clicked\")\nE           Failed: Bug! 'Login' button is not clicked\n\npages/conditions_v2.py:239: Failed","steps":[{"name":"Start retest manual TC_55!654 | ","time":{"start":1742860491250,"stop":1742860497294,"duration":6044},"status":"failed","statusMessage":"Failed: Bug! 'Login' button is not clicked\n","statusTrace":"  File \"/home/runner/.cache/pypoetry/virtualenvs/testcapitalcompyse-CcJ6hTD8-py3.12/lib/python3.12/site-packages/allure_commons/_allure.py\", line 192, in impl\n    return func(*a, **kw)\n           ^^^^^^^^^^^^^^\n  File \"/home/runner/work/TestCapitalComPySe/TestCapitalComPySe/tests/US_55_ReTestsManual/saii-d3v/US_55-saii-d3v_ReTestsManual_test.py\", line 1674, in test_654\n    link = apply_preconditions_to_link(d, cur_language, cur_country, cur_role, cur_login, cur_password)\n           ^^^^^^^^^^^^^^^^^^^^^^^^^^^^^^^^^^^^^^^^^^^^^^^^^^^^^^^^^^^^^^^^^^^^^^^^^^^^^^^^^^^^^^^^^^^^\n  File \"/home/runner/work/TestCapitalComPySe/TestCapitalComPySe/pages/conditions_v2.py\", line 78, in apply_preconditions_to_link\n    return cond.preconditions(d, CapitalComPageSrc.URL_NEW, '', cur_language, cur_country, cur_role,\n           ^^^^^^^^^^^^^^^^^^^^^^^^^^^^^^^^^^^^^^^^^^^^^^^^^^^^^^^^^^^^^^^^^^^^^^^^^^^^^^^^^^^^^^^^^\n  File \"/home/runner/.cache/pypoetry/virtualenvs/testcapitalcompyse-CcJ6hTD8-py3.12/lib/python3.12/site-packages/allure_commons/_allure.py\", line 192, in impl\n    return func(*a, **kw)\n           ^^^^^^^^^^^^^^\n  File \"/home/runner/work/TestCapitalComPySe/TestCapitalComPySe/pages/conditions_v2.py\", line 154, in preconditions\n    self.to_do_authorisation_new(d, host, cur_login, cur_password, cur_role)\n  File \"/home/runner/.cache/pypoetry/virtualenvs/testcapitalcompyse-CcJ6hTD8-py3.12/lib/python3.12/site-packages/allure_commons/_allure.py\", line 192, in impl\n    return func(*a, **kw)\n           ^^^^^^^^^^^^^^\n  File \"/home/runner/work/TestCapitalComPySe/TestCapitalComPySe/pages/conditions_v2.py\", line 239, in to_do_authorisation_new\n    pytest.fail(\"Bug! 'Login' button is not clicked\")\n  File \"/home/runner/.cache/pypoetry/virtualenvs/testcapitalcompyse-CcJ6hTD8-py3.12/lib/python3.12/site-packages/_pytest/outcomes.py\", line 178, in fail\n    raise Failed(msg=reason, pytrace=pytrace)\n","steps":[{"name":"Build dynamic argument for TCs of US_55","time":{"start":1742860491250,"stop":1742860491252,"duration":2},"status":"passed","steps":[],"attachments":[],"parameters":[{"name":"d","value":"<selenium.webdriver.chrome.webdriver.WebDriver (session=\"2b0f692f0cbfaefcc295dd8b645e0e95\")>"},{"name":"worker_id","value":"'master'"},{"name":"cur_language","value":"'nl'"},{"name":"cur_country","value":"'nl'"},{"name":"cur_role","value":"'NoAuth'"},{"name":"us","value":"'55'"},{"name":"desc_us","value":"'ReTests of Manual Detected Bugs'"},{"name":"num_tc","value":"'654'"},{"name":"desc_tc","value":"''"},{"name":"manual","value":"False"},{"name":"new_layout","value":"False"}],"shouldDisplayMessage":false,"stepsCount":0,"attachmentsCount":0,"hasContent":true,"attachmentStep":false},{"name":"   Set New preconditions","time":{"start":1742860491252,"stop":1742860497293,"duration":6041},"status":"failed","statusMessage":"Failed: Bug! 'Login' button is not clicked\n","statusTrace":"  File \"/home/runner/.cache/pypoetry/virtualenvs/testcapitalcompyse-CcJ6hTD8-py3.12/lib/python3.12/site-packages/allure_commons/_allure.py\", line 192, in impl\n    return func(*a, **kw)\n           ^^^^^^^^^^^^^^\n  File \"/home/runner/work/TestCapitalComPySe/TestCapitalComPySe/pages/conditions_v2.py\", line 154, in preconditions\n    self.to_do_authorisation_new(d, host, cur_login, cur_password, cur_role)\n  File \"/home/runner/.cache/pypoetry/virtualenvs/testcapitalcompyse-CcJ6hTD8-py3.12/lib/python3.12/site-packages/allure_commons/_allure.py\", line 192, in impl\n    return func(*a, **kw)\n           ^^^^^^^^^^^^^^\n  File \"/home/runner/work/TestCapitalComPySe/TestCapitalComPySe/pages/conditions_v2.py\", line 239, in to_do_authorisation_new\n    pytest.fail(\"Bug! 'Login' button is not clicked\")\n  File \"/home/runner/.cache/pypoetry/virtualenvs/testcapitalcompyse-CcJ6hTD8-py3.12/lib/python3.12/site-packages/_pytest/outcomes.py\", line 178, in fail\n    raise Failed(msg=reason, pytrace=pytrace)\n","steps":[{"name":"2025-03-24 23:12:16.891246   Start Authorization","time":{"start":1742860496199,"stop":1742860497293,"duration":1094},"status":"failed","statusMessage":"Failed: Bug! 'Login' button is not clicked\n","statusTrace":"  File \"/home/runner/.cache/pypoetry/virtualenvs/testcapitalcompyse-CcJ6hTD8-py3.12/lib/python3.12/site-packages/allure_commons/_allure.py\", line 192, in impl\n    return func(*a, **kw)\n           ^^^^^^^^^^^^^^\n  File \"/home/runner/work/TestCapitalComPySe/TestCapitalComPySe/pages/conditions_v2.py\", line 239, in to_do_authorisation_new\n    pytest.fail(\"Bug! 'Login' button is not clicked\")\n  File \"/home/runner/.cache/pypoetry/virtualenvs/testcapitalcompyse-CcJ6hTD8-py3.12/lib/python3.12/site-packages/_pytest/outcomes.py\", line 178, in fail\n    raise Failed(msg=reason, pytrace=pytrace)\n","steps":[],"attachments":[],"parameters":[{"name":"d","value":"<selenium.webdriver.chrome.webdriver.WebDriver (session=\"2b0f692f0cbfaefcc295dd8b645e0e95\")>"},{"name":"link","value":"'https://capital.com/en-gb'"},{"name":"login","value":"'test001.miketar+1@gmail.com'"},{"name":"password","value":"'Qwer1234-!@#$'"},{"name":"cur_role","value":"'NoAuth'"}],"shouldDisplayMessage":true,"stepsCount":0,"attachmentsCount":0,"hasContent":true,"attachmentStep":false}],"attachments":[],"parameters":[{"name":"d","value":"<selenium.webdriver.chrome.webdriver.WebDriver (session=\"2b0f692f0cbfaefcc295dd8b645e0e95\")>"},{"name":"host","value":"'https://capital.com/en-gb'"},{"name":"end_point","value":"''"},{"name":"cur_language","value":"'nl'"},{"name":"cur_country","value":"'nl'"},{"name":"cur_role","value":"'NoAuth'"},{"name":"cur_login","value":"'test001.miketar+1@gmail.com'"},{"name":"cur_password","value":"'Qwer1234-!@#$'"}],"shouldDisplayMessage":false,"stepsCount":1,"attachmentsCount":0,"hasContent":true,"attachmentStep":false}],"attachments":[],"parameters":[{"name":"worker_id","value":"'master'"},{"name":"d","value":"<selenium.webdriver.chrome.webdriver.WebDriver (session=\"2b0f692f0cbfaefcc295dd8b645e0e95\")>"},{"name":"cur_language","value":"'nl'"},{"name":"cur_country","value":"'nl'"},{"name":"cur_role","value":"'NoAuth'"},{"name":"cur_login","value":"'test001.miketar+1@gmail.com'"},{"name":"cur_password","value":"'Qwer1234-!@#$'"}],"shouldDisplayMessage":false,"stepsCount":3,"attachmentsCount":0,"hasContent":true,"attachmentStep":false}],"attachments":[{"uid":"89f93f19389ac890","name":"Screenshot","source":"89f93f19389ac890.png","type":"image/png","size":611094},{"uid":"f8b61337b2cce5b7","name":"stdout","source":"f8b61337b2cce5b7.txt","type":"text/plain","size":1962}],"parameters":[],"shouldDisplayMessage":true,"stepsCount":4,"attachmentsCount":2,"hasContent":true,"attachmentStep":false},"afterStages":[{"name":"d::0","time":{"start":1742860509638,"stop":1742860510015,"duration":377},"status":"passed","steps":[],"attachments":[],"parameters":[],"shouldDisplayMessage":false,"stepsCount":0,"attachmentsCount":0,"hasContent":false,"attachmentStep":false}],"labels":[{"name":"epic","value":"TC_55!654 | "},{"name":"feature","value":"Role: NoAuth"},{"name":"story","value":"Country: nl"},{"name":"tag","value":"bug_654"},{"name":"tag","value":"us_55"},{"name":"parentSuite","value":"tests.US_55_ReTestsManual.saii-d3v"},{"name":"suite","value":"US_55-saii-d3v_ReTestsManual_test"},{"name":"subSuite","value":"TestManualDetectedBugs"},{"name":"host","value":"fv-az1377-376"},{"name":"thread","value":"17905-MainThread"},{"name":"framework","value":"pytest"},{"name":"language","value":"cpython3"},{"name":"package","value":"tests.US_55_ReTestsManual.saii-d3v.US_55-saii-d3v_ReTestsManual_test"},{"name":"resultFormat","value":"allure2"}],"parameters":[{"name":"cur_country","value":"'nl'"},{"name":"cur_language","value":"'nl'"},{"name":"cur_login","value":"'test001.miketar+1@gmail.com'"},{"name":"cur_password","value":"'Qwer1234-!@#$'"},{"name":"cur_role","value":"'NoAuth'"},{"name":"d","value":"'Chrome'"}],"links":[],"hidden":false,"retry":false,"extra":{"severity":"normal","retries":[],"categories":[{"name":"Product defects","matchedStatuses":[],"flaky":false}],"history":{"statistic":{"failed":17,"broken":0,"skipped":0,"passed":0,"unknown":0,"total":17},"items":[{"uid":"ec4e9c58baac9387","reportUrl":"https://AlexTomAQA.github.io/TestCapitalComPySe/357//#testresult/ec4e9c58baac9387","status":"failed","statusDetails":"Failed: Bug! 'Login' button is not clicked","time":{"start":1742774376736,"stop":1742774382528,"duration":5792}},{"uid":"467b9c7e9cd21d2e","reportUrl":"https://AlexTomAQA.github.io/TestCapitalComPySe/356//#testresult/467b9c7e9cd21d2e","status":"failed","statusDetails":"Failed: Bug! 'Login' button is not clicked","time":{"start":1742688666198,"stop":1742688672174,"duration":5976}},{"uid":"5f8fdf86e70b3c3d","reportUrl":"https://AlexTomAQA.github.io/TestCapitalComPySe/355//#testresult/5f8fdf86e70b3c3d","status":"failed","statusDetails":"Failed: Bug! 'Login' button is not clicked","time":{"start":1742602241470,"stop":1742602247351,"duration":5881}},{"uid":"7dade91fb5f5e21b","reportUrl":"https://AlexTomAQA.github.io/TestCapitalComPySe/354//#testresult/7dade91fb5f5e21b","status":"failed","statusDetails":"Failed: Bug! 'Login' button is not clicked","time":{"start":1742514785483,"stop":1742514791477,"duration":5994}},{"uid":"6998b161cd6bb342","reportUrl":"https://AlexTomAQA.github.io/TestCapitalComPySe/353//#testresult/6998b161cd6bb342","status":"failed","statusDetails":"Failed: Bug! 'Login' button is not clicked","time":{"start":1742428516852,"stop":1742428522649,"duration":5797}},{"uid":"28f2a6ffcc746696","reportUrl":"https://AlexTomAQA.github.io/TestCapitalComPySe/352//#testresult/28f2a6ffcc746696","status":"failed","statusDetails":"Failed: Bug! 'Login' button is not clicked","time":{"start":1742341569336,"stop":1742341575258,"duration":5922}},{"uid":"b53dbfa132cf9d51","reportUrl":"https://AlexTomAQA.github.io/TestCapitalComPySe/351//#testresult/b53dbfa132cf9d51","status":"failed","statusDetails":"Failed: Bug! 'Login' button is not clicked","time":{"start":1742256666559,"stop":1742256672471,"duration":5912}},{"uid":"16cc4e009d690e37","reportUrl":"https://AlexTomAQA.github.io/TestCapitalComPySe/350//#testresult/16cc4e009d690e37","status":"failed","statusDetails":"Failed: Bug! 'Login' button is not clicked","time":{"start":1742170161154,"stop":1742170166995,"duration":5841}},{"uid":"55e49a010d363e01","reportUrl":"https://AlexTomAQA.github.io/TestCapitalComPySe/349//#testresult/55e49a010d363e01","status":"failed","statusDetails":"Failed: Bug! 'Login' button is not clicked","time":{"start":1742083960603,"stop":1742083966552,"duration":5949}},{"uid":"1387663fe73f6021","reportUrl":"https://AlexTomAQA.github.io/TestCapitalComPySe/348//#testresult/1387663fe73f6021","status":"failed","statusDetails":"Failed: Bug! 'Login' button is not clicked","time":{"start":1741996527660,"stop":1741996533606,"duration":5946}},{"uid":"4927614898308468","reportUrl":"https://AlexTomAQA.github.io/TestCapitalComPySe/347//#testresult/4927614898308468","status":"failed","statusDetails":"Failed: Bug # 55!654 The corresponding page is opened with ERROR 404","time":{"start":1741914360017,"stop":1741914382458,"duration":22441}},{"uid":"8adfad1132c2310e","reportUrl":"https://AlexTomAQA.github.io/TestCapitalComPySe/346//#testresult/8adfad1132c2310e","status":"failed","statusDetails":"Failed: Bug # 55!654 The corresponding page is opened with ERROR 404","time":{"start":1741827203005,"stop":1741827226516,"duration":23511}},{"uid":"a8f6bfe6c996bfd2","reportUrl":"https://AlexTomAQA.github.io/TestCapitalComPySe/345//#testresult/a8f6bfe6c996bfd2","status":"failed","statusDetails":"Failed: Bug # 55!654 The corresponding page is opened with ERROR 404","time":{"start":1741747356033,"stop":1741747379274,"duration":23241}},{"uid":"2741f0a3d1f6b2c","reportUrl":"https://AlexTomAQA.github.io/TestCapitalComPySe/344//#testresult/2741f0a3d1f6b2c","status":"failed","statusDetails":"Failed: Bug # 55!654 The corresponding page is opened with ERROR 404","time":{"start":1741661196914,"stop":1741661220716,"duration":23802}},{"uid":"c8d9a000855fca93","reportUrl":"https://AlexTomAQA.github.io/TestCapitalComPySe/343//#testresult/c8d9a000855fca93","status":"failed","statusDetails":"Failed: Bug # 55!654 The corresponding page is opened with ERROR 404","time":{"start":1741568093234,"stop":1741568116201,"duration":22967}},{"uid":"b71a1ca232c3d3","reportUrl":"https://AlexTomAQA.github.io/TestCapitalComPySe/342//#testresult/b71a1ca232c3d3","status":"failed","statusDetails":"Failed: Bug # 55!654 The corresponding page is opened with ERROR 404","time":{"start":1741481205780,"stop":1741481228006,"duration":22226}}]},"tags":["us_55","bug_654"]},"source":"221942470220051f.json","parameterValues":["'nl'","'nl'","'test001.miketar+1@gmail.com'","'Qwer1234-!@#$'","'NoAuth'","'Chrome'"]}