{"uid":"fd843c6be21fdf32","name":"TC_11.01.01.00_01 | Testing button [1. Create your account] in block [Steps trading]. Bid:11.01.01.00_01-frauNoAuth","fullName":"tests.US_11_Education.US_11-01-01_Learning_hub.US_11-01-01_Learning_hub.TestLearningHub#test_01_create_your_account","historyId":"2eb470a8d4dbb2d36522700306ac5dff","time":{"start":1703737183354,"stop":1703737194174,"duration":10820},"description":"\n        Check: Header -> button [Log In]\n        Language: En. License: FCA.\n        ","descriptionHtml":"<pre><code>    Check: Header -&gt; button [Log In]\n    Language: En. License: FCA.\n</code></pre>\n","status":"broken","statusMessage":"selenium.common.exceptions.ElementClickInterceptedException: Message: element click intercepted: Element is not clickable at point (1132, 620)\n  (Session info: chrome=120.0.6099.110)\nStacktrace:\n\tGetHandleVerifier [0x00F56EE3+174339]\n\t(No symbol) [0x00E80A51]\n\t(No symbol) [0x00B96FF6]\n\t(No symbol) [0x00BCE48E]\n\t(No symbol) [0x00BCD09E]\n\t(No symbol) [0x00BCB5F8]\n\t(No symbol) [0x00BCAD7F]\n\t(No symbol) [0x00BC2B4E]\n\t(No symbol) [0x00BE700C]\n\t(No symbol) [0x00BC25B0]\n\t(No symbol) [0x00BE7414]\n\t(No symbol) [0x00BFA104]\n\t(No symbol) [0x00BE6DA6]\n\t(No symbol) [0x00BC1034]\n\t(No symbol) [0x00BC1F8D]\n\tGetHandleVerifier [0x00FF4B1C+820540]\n\tsqlite3_dbdata_init [0x010B53EE+653550]\n\tsqlite3_dbdata_init [0x010B4E09+652041]\n\tsqlite3_dbdata_init [0x010A97CC+605388]\n\tsqlite3_dbdata_init [0x010B5D9B+656027]\n\t(No symbol) [0x00E8FE6C]\n\t(No symbol) [0x00E883B8]\n\t(No symbol) [0x00E884DD]\n\t(No symbol) [0x00E75818]\n\tBaseThreadInitThunk [0x767D6A39+25]\n\tRtlGetFullPathName_UEx [0x774E7F8D+173]\n\tRtlGetFullPathName_UEx [0x774E7F5B+123]","statusTrace":"self = <US_11-01-01_Learning_hub.TestLearningHub object at 0x000001500BD5EC10>\nworker_id = 'master'\nd = <selenium.webdriver.chrome.webdriver.WebDriver (session=\"ed14c2ef6a6a0aa315e33115e02ade67\")>\ncur_role = 'NoAuth', cur_language = 'fr', cur_country = 'au'\ncur_login = 'aqa.tomelo.an@gmail.com', cur_password = 'iT9Vgqi6d$fiZ*Z'\n\n    @allure.step(\"Start test_11.01.01_01 button '1. Create your account' in the block [Steps trading].\")\n    @pytest.mark.test_01\n    def test_01_create_your_account(\n            self, worker_id, d, cur_role, cur_language, cur_country, cur_login, cur_password):\n        \"\"\"\n        Check: Header -> button [Log In]\n        Language: En. License: FCA.\n        \"\"\"\n        bid = build_dynamic_arg_v4(\n            d, worker_id, cur_language, cur_country, cur_role,\n            \"11.01.01\", \"Education > Menu Item [Learning hub]\",\n            \".00_01\", \"Testing button [1. Create your account] in block [Steps trading]\")\n    \n        page_conditions = Conditions(d, \"\")\n>       link = page_conditions.preconditions(\n            d, CapitalComPageSrc.URL, \"\", cur_language, cur_country, cur_role, cur_login, cur_password)\n\ntests\\US_11_Education\\US_11-01-01_Learning_hub\\US_11-01-01_Learning_hub.py:28: \n_ _ _ _ _ _ _ _ _ _ _ _ _ _ _ _ _ _ _ _ _ _ _ _ _ _ _ _ _ _ _ _ _ _ _ _ _ _ _ _\npages\\conditions.py:91: in preconditions\n    self.button_accept_all_cookies_click()\npages\\base_page.py:274: in button_accept_all_cookies_click\n    button.click()\nC:\\Users\\runneradmin\\AppData\\Local\\pypoetry\\Cache\\virtualenvs\\testcapitalcom-ahTg7XpD-py3.11\\Lib\\site-packages\\selenium\\webdriver\\remote\\webelement.py:94: in click\n    self._execute(Command.CLICK_ELEMENT)\nC:\\Users\\runneradmin\\AppData\\Local\\pypoetry\\Cache\\virtualenvs\\testcapitalcom-ahTg7XpD-py3.11\\Lib\\site-packages\\selenium\\webdriver\\remote\\webelement.py:395: in _execute\n    return self._parent.execute(command, params)\nC:\\Users\\runneradmin\\AppData\\Local\\pypoetry\\Cache\\virtualenvs\\testcapitalcom-ahTg7XpD-py3.11\\Lib\\site-packages\\selenium\\webdriver\\remote\\webdriver.py:348: in execute\n    self.error_handler.check_response(response)\n_ _ _ _ _ _ _ _ _ _ _ _ _ _ _ _ _ _ _ _ _ _ _ _ _ _ _ _ _ _ _ _ _ _ _ _ _ _ _ _\n\nself = <selenium.webdriver.remote.errorhandler.ErrorHandler object at 0x000001500BD5FDD0>\nresponse = {'status': 400, 'value': '{\"value\":{\"error\":\"element click intercepted\",\"message\":\"element click intercepted: Element ...Thunk [0x767D6A39+25]\\\\n\\\\tRtlGetFullPathName_UEx [0x774E7F8D+173]\\\\n\\\\tRtlGetFullPathName_UEx [0x774E7F5B+123]\\\\n\"}}'}\n\n    def check_response(self, response: Dict[str, Any]) -> None:\n        \"\"\"Checks that a JSON response from the WebDriver does not have an\n        error.\n    \n        :Args:\n         - response - The JSON response from the WebDriver server as a dictionary\n           object.\n    \n        :Raises: If the response contains an error message.\n        \"\"\"\n        status = response.get(\"status\", None)\n        if not status or status == ErrorCode.SUCCESS:\n            return\n        value = None\n        message = response.get(\"message\", \"\")\n        screen: str = response.get(\"screen\", \"\")\n        stacktrace = None\n        if isinstance(status, int):\n            value_json = response.get(\"value\", None)\n            if value_json and isinstance(value_json, str):\n                import json\n    \n                try:\n                    value = json.loads(value_json)\n                    if len(value) == 1:\n                        value = value[\"value\"]\n                    status = value.get(\"error\", None)\n                    if not status:\n                        status = value.get(\"status\", ErrorCode.UNKNOWN_ERROR)\n                        message = value.get(\"value\") or value.get(\"message\")\n                        if not isinstance(message, str):\n                            value = message\n                            message = message.get(\"message\")\n                    else:\n                        message = value.get(\"message\", None)\n                except ValueError:\n                    pass\n    \n        exception_class: Type[WebDriverException]\n        e = ErrorCode()\n        error_codes = [item for item in dir(e) if not item.startswith(\"__\")]\n        for error_code in error_codes:\n            error_info = getattr(ErrorCode, error_code)\n            if isinstance(error_info, list) and status in error_info:\n                exception_class = getattr(ExceptionMapping, error_code, WebDriverException)\n                break\n        else:\n            exception_class = WebDriverException\n    \n        if not value:\n            value = response[\"value\"]\n        if isinstance(value, str):\n            raise exception_class(value)\n        if message == \"\" and \"message\" in value:\n            message = value[\"message\"]\n    \n        screen = None  # type: ignore[assignment]\n        if \"screen\" in value:\n            screen = value[\"screen\"]\n    \n        stacktrace = None\n        st_value = value.get(\"stackTrace\") or value.get(\"stacktrace\")\n        if st_value:\n            if isinstance(st_value, str):\n                stacktrace = st_value.split(\"\\n\")\n            else:\n                stacktrace = []\n                try:\n                    for frame in st_value:\n                        line = frame.get(\"lineNumber\", \"\")\n                        file = frame.get(\"fileName\", \"<anonymous>\")\n                        if line:\n                            file = f\"{file}:{line}\"\n                        meth = frame.get(\"methodName\", \"<anonymous>\")\n                        if \"className\" in frame:\n                            meth = f\"{frame['className']}.{meth}\"\n                        msg = \"    at %s (%s)\"\n                        msg = msg % (meth, file)\n                        stacktrace.append(msg)\n                except TypeError:\n                    pass\n        if exception_class == UnexpectedAlertPresentException:\n            alert_text = None\n            if \"data\" in value:\n                alert_text = value[\"data\"].get(\"text\")\n            elif \"alert\" in value:\n                alert_text = value[\"alert\"].get(\"text\")\n            raise exception_class(message, screen, stacktrace, alert_text)  # type: ignore[call-arg]  # mypy is not smart enough here\n>       raise exception_class(message, screen, stacktrace)\nE       selenium.common.exceptions.ElementClickInterceptedException: Message: element click intercepted: Element is not clickable at point (1132, 620)\nE         (Session info: chrome=120.0.6099.110)\nE       Stacktrace:\nE       \tGetHandleVerifier [0x00F56EE3+174339]\nE       \t(No symbol) [0x00E80A51]\nE       \t(No symbol) [0x00B96FF6]\nE       \t(No symbol) [0x00BCE48E]\nE       \t(No symbol) [0x00BCD09E]\nE       \t(No symbol) [0x00BCB5F8]\nE       \t(No symbol) [0x00BCAD7F]\nE       \t(No symbol) [0x00BC2B4E]\nE       \t(No symbol) [0x00BE700C]\nE       \t(No symbol) [0x00BC25B0]\nE       \t(No symbol) [0x00BE7414]\nE       \t(No symbol) [0x00BFA104]\nE       \t(No symbol) [0x00BE6DA6]\nE       \t(No symbol) [0x00BC1034]\nE       \t(No symbol) [0x00BC1F8D]\nE       \tGetHandleVerifier [0x00FF4B1C+820540]\nE       \tsqlite3_dbdata_init [0x010B53EE+653550]\nE       \tsqlite3_dbdata_init [0x010B4E09+652041]\nE       \tsqlite3_dbdata_init [0x010A97CC+605388]\nE       \tsqlite3_dbdata_init [0x010B5D9B+656027]\nE       \t(No symbol) [0x00E8FE6C]\nE       \t(No symbol) [0x00E883B8]\nE       \t(No symbol) [0x00E884DD]\nE       \t(No symbol) [0x00E75818]\nE       \tBaseThreadInitThunk [0x767D6A39+25]\nE       \tRtlGetFullPathName_UEx [0x774E7F8D+173]\nE       \tRtlGetFullPathName_UEx [0x774E7F5B+123]\n\nC:\\Users\\runneradmin\\AppData\\Local\\pypoetry\\Cache\\virtualenvs\\testcapitalcom-ahTg7XpD-py3.11\\Lib\\site-packages\\selenium\\webdriver\\remote\\errorhandler.py:229: ElementClickInterceptedException","flaky":false,"newFailed":false,"newBroken":false,"newPassed":false,"retriesCount":0,"retriesStatusChange":false,"beforeStages":[{"name":"d","time":{"start":1703737139218,"stop":1703737168037,"duration":28819},"status":"passed","steps":[],"attachments":[],"parameters":[],"shouldDisplayMessage":false,"stepsCount":0,"attachmentsCount":0,"hasContent":false,"attachmentStep":false},{"name":"worker_id","time":{"start":1703737139218,"stop":1703737139218,"duration":0},"status":"passed","steps":[],"attachments":[],"parameters":[],"shouldDisplayMessage":false,"stepsCount":0,"attachmentsCount":0,"hasContent":false,"attachmentStep":false},{"name":"go","time":{"start":1703737168037,"stop":1703737168038,"duration":1},"status":"passed","steps":[],"attachments":[],"parameters":[],"shouldDisplayMessage":false,"stepsCount":0,"attachmentsCount":0,"hasContent":false,"attachmentStep":false},{"name":"cur_language","time":{"start":1703737168038,"stop":1703737168038,"duration":0},"status":"passed","steps":[],"attachments":[],"parameters":[],"shouldDisplayMessage":false,"stepsCount":0,"attachmentsCount":0,"hasContent":false,"attachmentStep":false},{"name":"cur_country","time":{"start":1703737168039,"stop":1703737168039,"duration":0},"status":"passed","steps":[],"attachments":[],"parameters":[],"shouldDisplayMessage":false,"stepsCount":0,"attachmentsCount":0,"hasContent":false,"attachmentStep":false},{"name":"cur_password","time":{"start":1703737168039,"stop":1703737168039,"duration":0},"status":"passed","steps":[],"attachments":[],"parameters":[],"shouldDisplayMessage":false,"stepsCount":0,"attachmentsCount":0,"hasContent":false,"attachmentStep":false},{"name":"cur_login","time":{"start":1703737168039,"stop":1703737168039,"duration":0},"status":"passed","steps":[],"attachments":[],"parameters":[],"shouldDisplayMessage":false,"stepsCount":0,"attachmentsCount":0,"hasContent":false,"attachmentStep":false},{"name":"cur_role","time":{"start":1703737183354,"stop":1703737183354,"duration":0},"status":"passed","steps":[],"attachments":[],"parameters":[],"shouldDisplayMessage":false,"stepsCount":0,"attachmentsCount":0,"hasContent":false,"attachmentStep":false}],"testStage":{"description":"\n        Check: Header -> button [Log In]\n        Language: En. License: FCA.\n        ","status":"broken","statusMessage":"selenium.common.exceptions.ElementClickInterceptedException: Message: element click intercepted: Element is not clickable at point (1132, 620)\n  (Session info: chrome=120.0.6099.110)\nStacktrace:\n\tGetHandleVerifier [0x00F56EE3+174339]\n\t(No symbol) [0x00E80A51]\n\t(No symbol) [0x00B96FF6]\n\t(No symbol) [0x00BCE48E]\n\t(No symbol) [0x00BCD09E]\n\t(No symbol) [0x00BCB5F8]\n\t(No symbol) [0x00BCAD7F]\n\t(No symbol) [0x00BC2B4E]\n\t(No symbol) [0x00BE700C]\n\t(No symbol) [0x00BC25B0]\n\t(No symbol) [0x00BE7414]\n\t(No symbol) [0x00BFA104]\n\t(No symbol) [0x00BE6DA6]\n\t(No symbol) [0x00BC1034]\n\t(No symbol) [0x00BC1F8D]\n\tGetHandleVerifier [0x00FF4B1C+820540]\n\tsqlite3_dbdata_init [0x010B53EE+653550]\n\tsqlite3_dbdata_init [0x010B4E09+652041]\n\tsqlite3_dbdata_init [0x010A97CC+605388]\n\tsqlite3_dbdata_init [0x010B5D9B+656027]\n\t(No symbol) [0x00E8FE6C]\n\t(No symbol) [0x00E883B8]\n\t(No symbol) [0x00E884DD]\n\t(No symbol) [0x00E75818]\n\tBaseThreadInitThunk [0x767D6A39+25]\n\tRtlGetFullPathName_UEx [0x774E7F8D+173]\n\tRtlGetFullPathName_UEx [0x774E7F5B+123]","statusTrace":"self = <US_11-01-01_Learning_hub.TestLearningHub object at 0x000001500BD5EC10>\nworker_id = 'master'\nd = <selenium.webdriver.chrome.webdriver.WebDriver (session=\"ed14c2ef6a6a0aa315e33115e02ade67\")>\ncur_role = 'NoAuth', cur_language = 'fr', cur_country = 'au'\ncur_login = 'aqa.tomelo.an@gmail.com', cur_password = 'iT9Vgqi6d$fiZ*Z'\n\n    @allure.step(\"Start test_11.01.01_01 button '1. Create your account' in the block [Steps trading].\")\n    @pytest.mark.test_01\n    def test_01_create_your_account(\n            self, worker_id, d, cur_role, cur_language, cur_country, cur_login, cur_password):\n        \"\"\"\n        Check: Header -> button [Log In]\n        Language: En. License: FCA.\n        \"\"\"\n        bid = build_dynamic_arg_v4(\n            d, worker_id, cur_language, cur_country, cur_role,\n            \"11.01.01\", \"Education > Menu Item [Learning hub]\",\n            \".00_01\", \"Testing button [1. Create your account] in block [Steps trading]\")\n    \n        page_conditions = Conditions(d, \"\")\n>       link = page_conditions.preconditions(\n            d, CapitalComPageSrc.URL, \"\", cur_language, cur_country, cur_role, cur_login, cur_password)\n\ntests\\US_11_Education\\US_11-01-01_Learning_hub\\US_11-01-01_Learning_hub.py:28: \n_ _ _ _ _ _ _ _ _ _ _ _ _ _ _ _ _ _ _ _ _ _ _ _ _ _ _ _ _ _ _ _ _ _ _ _ _ _ _ _\npages\\conditions.py:91: in preconditions\n    self.button_accept_all_cookies_click()\npages\\base_page.py:274: in button_accept_all_cookies_click\n    button.click()\nC:\\Users\\runneradmin\\AppData\\Local\\pypoetry\\Cache\\virtualenvs\\testcapitalcom-ahTg7XpD-py3.11\\Lib\\site-packages\\selenium\\webdriver\\remote\\webelement.py:94: in click\n    self._execute(Command.CLICK_ELEMENT)\nC:\\Users\\runneradmin\\AppData\\Local\\pypoetry\\Cache\\virtualenvs\\testcapitalcom-ahTg7XpD-py3.11\\Lib\\site-packages\\selenium\\webdriver\\remote\\webelement.py:395: in _execute\n    return self._parent.execute(command, params)\nC:\\Users\\runneradmin\\AppData\\Local\\pypoetry\\Cache\\virtualenvs\\testcapitalcom-ahTg7XpD-py3.11\\Lib\\site-packages\\selenium\\webdriver\\remote\\webdriver.py:348: in execute\n    self.error_handler.check_response(response)\n_ _ _ _ _ _ _ _ _ _ _ _ _ _ _ _ _ _ _ _ _ _ _ _ _ _ _ _ _ _ _ _ _ _ _ _ _ _ _ _\n\nself = <selenium.webdriver.remote.errorhandler.ErrorHandler object at 0x000001500BD5FDD0>\nresponse = {'status': 400, 'value': '{\"value\":{\"error\":\"element click intercepted\",\"message\":\"element click intercepted: Element ...Thunk [0x767D6A39+25]\\\\n\\\\tRtlGetFullPathName_UEx [0x774E7F8D+173]\\\\n\\\\tRtlGetFullPathName_UEx [0x774E7F5B+123]\\\\n\"}}'}\n\n    def check_response(self, response: Dict[str, Any]) -> None:\n        \"\"\"Checks that a JSON response from the WebDriver does not have an\n        error.\n    \n        :Args:\n         - response - The JSON response from the WebDriver server as a dictionary\n           object.\n    \n        :Raises: If the response contains an error message.\n        \"\"\"\n        status = response.get(\"status\", None)\n        if not status or status == ErrorCode.SUCCESS:\n            return\n        value = None\n        message = response.get(\"message\", \"\")\n        screen: str = response.get(\"screen\", \"\")\n        stacktrace = None\n        if isinstance(status, int):\n            value_json = response.get(\"value\", None)\n            if value_json and isinstance(value_json, str):\n                import json\n    \n                try:\n                    value = json.loads(value_json)\n                    if len(value) == 1:\n                        value = value[\"value\"]\n                    status = value.get(\"error\", None)\n                    if not status:\n                        status = value.get(\"status\", ErrorCode.UNKNOWN_ERROR)\n                        message = value.get(\"value\") or value.get(\"message\")\n                        if not isinstance(message, str):\n                            value = message\n                            message = message.get(\"message\")\n                    else:\n                        message = value.get(\"message\", None)\n                except ValueError:\n                    pass\n    \n        exception_class: Type[WebDriverException]\n        e = ErrorCode()\n        error_codes = [item for item in dir(e) if not item.startswith(\"__\")]\n        for error_code in error_codes:\n            error_info = getattr(ErrorCode, error_code)\n            if isinstance(error_info, list) and status in error_info:\n                exception_class = getattr(ExceptionMapping, error_code, WebDriverException)\n                break\n        else:\n            exception_class = WebDriverException\n    \n        if not value:\n            value = response[\"value\"]\n        if isinstance(value, str):\n            raise exception_class(value)\n        if message == \"\" and \"message\" in value:\n            message = value[\"message\"]\n    \n        screen = None  # type: ignore[assignment]\n        if \"screen\" in value:\n            screen = value[\"screen\"]\n    \n        stacktrace = None\n        st_value = value.get(\"stackTrace\") or value.get(\"stacktrace\")\n        if st_value:\n            if isinstance(st_value, str):\n                stacktrace = st_value.split(\"\\n\")\n            else:\n                stacktrace = []\n                try:\n                    for frame in st_value:\n                        line = frame.get(\"lineNumber\", \"\")\n                        file = frame.get(\"fileName\", \"<anonymous>\")\n                        if line:\n                            file = f\"{file}:{line}\"\n                        meth = frame.get(\"methodName\", \"<anonymous>\")\n                        if \"className\" in frame:\n                            meth = f\"{frame['className']}.{meth}\"\n                        msg = \"    at %s (%s)\"\n                        msg = msg % (meth, file)\n                        stacktrace.append(msg)\n                except TypeError:\n                    pass\n        if exception_class == UnexpectedAlertPresentException:\n            alert_text = None\n            if \"data\" in value:\n                alert_text = value[\"data\"].get(\"text\")\n            elif \"alert\" in value:\n                alert_text = value[\"alert\"].get(\"text\")\n            raise exception_class(message, screen, stacktrace, alert_text)  # type: ignore[call-arg]  # mypy is not smart enough here\n>       raise exception_class(message, screen, stacktrace)\nE       selenium.common.exceptions.ElementClickInterceptedException: Message: element click intercepted: Element is not clickable at point (1132, 620)\nE         (Session info: chrome=120.0.6099.110)\nE       Stacktrace:\nE       \tGetHandleVerifier [0x00F56EE3+174339]\nE       \t(No symbol) [0x00E80A51]\nE       \t(No symbol) [0x00B96FF6]\nE       \t(No symbol) [0x00BCE48E]\nE       \t(No symbol) [0x00BCD09E]\nE       \t(No symbol) [0x00BCB5F8]\nE       \t(No symbol) [0x00BCAD7F]\nE       \t(No symbol) [0x00BC2B4E]\nE       \t(No symbol) [0x00BE700C]\nE       \t(No symbol) [0x00BC25B0]\nE       \t(No symbol) [0x00BE7414]\nE       \t(No symbol) [0x00BFA104]\nE       \t(No symbol) [0x00BE6DA6]\nE       \t(No symbol) [0x00BC1034]\nE       \t(No symbol) [0x00BC1F8D]\nE       \tGetHandleVerifier [0x00FF4B1C+820540]\nE       \tsqlite3_dbdata_init [0x010B53EE+653550]\nE       \tsqlite3_dbdata_init [0x010B4E09+652041]\nE       \tsqlite3_dbdata_init [0x010A97CC+605388]\nE       \tsqlite3_dbdata_init [0x010B5D9B+656027]\nE       \t(No symbol) [0x00E8FE6C]\nE       \t(No symbol) [0x00E883B8]\nE       \t(No symbol) [0x00E884DD]\nE       \t(No symbol) [0x00E75818]\nE       \tBaseThreadInitThunk [0x767D6A39+25]\nE       \tRtlGetFullPathName_UEx [0x774E7F8D+173]\nE       \tRtlGetFullPathName_UEx [0x774E7F5B+123]\n\nC:\\Users\\runneradmin\\AppData\\Local\\pypoetry\\Cache\\virtualenvs\\testcapitalcom-ahTg7XpD-py3.11\\Lib\\site-packages\\selenium\\webdriver\\remote\\errorhandler.py:229: ElementClickInterceptedException","steps":[{"name":"Start test_11.01.01_01 button '1. Create your account' in the block [Steps trading].","time":{"start":1703737183354,"stop":1703737194174,"duration":10820},"status":"broken","statusMessage":"selenium.common.exceptions.ElementClickInterceptedException: Message: element click intercepted: Element is not clickable at point (1132, 620)\n  (Session info: chrome=120.0.6099.110)\nStacktrace:\n\tGetHandleVerifier [0x00F56EE3+174339]\n\t(No symbol) [0x00E80A51]\n\t(No symbol) [0x00B96FF6]\n\t(No symbol) [0x00BCE48E]\n\t(No symbol) [0x00BCD09E]\n\t(No symbol) [0x00BCB5F8]\n\t(No symbol) [0x00BCAD7F]\n\t(No symbol) [0x00BC2B4E]\n\t(No symbol) [0x00BE700C]\n\t(No symbol) [0x00BC25B0]\n\t(No symbol) [0x00BE7414]\n\t(No symbol) [0x00BFA104]\n\t(No symbol) [0x00BE6DA6]\n\t(No symbol) [0x00BC1034]\n\t(No symbol) [0x00BC1F8D]\n\tGetHandleVerifier [0x00FF4B1C+820540]\n\tsqlite3_dbdata_init [0x010B53EE+653550]\n\tsqlite3_dbdata_init [0x010B4E09+652041]\n\tsqlite3_dbdata_init [0x010A97CC+605388]\n\tsqlite3_dbdata_init [0x010B5D9B+656027]\n\t(No symbol) [0x00E8FE6C]\n\t(No symbol) [0x00E883B8]\n\t(No symbol) [0x00E884DD]\n\t(No symbol) [0x00E75818]\n\tBaseThreadInitThunk [0x767D6A39+25]\n\tRtlGetFullPathName_UEx [0x774E7F8D+173]\n\tRtlGetFullPathName_UEx [0x774E7F5B+123]\n\n","statusTrace":"  File \"C:\\Users\\runneradmin\\AppData\\Local\\pypoetry\\Cache\\virtualenvs\\testcapitalcom-ahTg7XpD-py3.11\\Lib\\site-packages\\allure_commons\\_allure.py\", line 192, in impl\n    return func(*a, **kw)\n           ^^^^^^^^^^^^^^\n  File \"D:\\a\\TestCapitalComPySe\\TestCapitalComPySe\\tests\\US_11_Education\\US_11-01-01_Learning_hub\\US_11-01-01_Learning_hub.py\", line 28, in test_01_create_your_account\n    link = page_conditions.preconditions(\n           ^^^^^^^^^^^^^^^^^^^^^^^^^^^^^^\n  File \"C:\\Users\\runneradmin\\AppData\\Local\\pypoetry\\Cache\\virtualenvs\\testcapitalcom-ahTg7XpD-py3.11\\Lib\\site-packages\\allure_commons\\_allure.py\", line 192, in impl\n    return func(*a, **kw)\n           ^^^^^^^^^^^^^^\n  File \"D:\\a\\TestCapitalComPySe\\TestCapitalComPySe\\pages\\conditions.py\", line 91, in preconditions\n    self.button_accept_all_cookies_click()\n  File \"C:\\Users\\runneradmin\\AppData\\Local\\pypoetry\\Cache\\virtualenvs\\testcapitalcom-ahTg7XpD-py3.11\\Lib\\site-packages\\allure_commons\\_allure.py\", line 192, in impl\n    return func(*a, **kw)\n           ^^^^^^^^^^^^^^\n  File \"D:\\a\\TestCapitalComPySe\\TestCapitalComPySe\\pages\\base_page.py\", line 274, in button_accept_all_cookies_click\n    button.click()\n  File \"C:\\Users\\runneradmin\\AppData\\Local\\pypoetry\\Cache\\virtualenvs\\testcapitalcom-ahTg7XpD-py3.11\\Lib\\site-packages\\selenium\\webdriver\\remote\\webelement.py\", line 94, in click\n    self._execute(Command.CLICK_ELEMENT)\n  File \"C:\\Users\\runneradmin\\AppData\\Local\\pypoetry\\Cache\\virtualenvs\\testcapitalcom-ahTg7XpD-py3.11\\Lib\\site-packages\\selenium\\webdriver\\remote\\webelement.py\", line 395, in _execute\n    return self._parent.execute(command, params)\n           ^^^^^^^^^^^^^^^^^^^^^^^^^^^^^^^^^^^^^\n  File \"C:\\Users\\runneradmin\\AppData\\Local\\pypoetry\\Cache\\virtualenvs\\testcapitalcom-ahTg7XpD-py3.11\\Lib\\site-packages\\selenium\\webdriver\\remote\\webdriver.py\", line 348, in execute\n    self.error_handler.check_response(response)\n  File \"C:\\Users\\runneradmin\\AppData\\Local\\pypoetry\\Cache\\virtualenvs\\testcapitalcom-ahTg7XpD-py3.11\\Lib\\site-packages\\selenium\\webdriver\\remote\\errorhandler.py\", line 229, in check_response\n    raise exception_class(message, screen, stacktrace)\n","steps":[{"name":"Set preconditions","time":{"start":1703737183354,"stop":1703737194174,"duration":10820},"status":"broken","statusMessage":"selenium.common.exceptions.ElementClickInterceptedException: Message: element click intercepted: Element is not clickable at point (1132, 620)\n  (Session info: chrome=120.0.6099.110)\nStacktrace:\n\tGetHandleVerifier [0x00F56EE3+174339]\n\t(No symbol) [0x00E80A51]\n\t(No symbol) [0x00B96FF6]\n\t(No symbol) [0x00BCE48E]\n\t(No symbol) [0x00BCD09E]\n\t(No symbol) [0x00BCB5F8]\n\t(No symbol) [0x00BCAD7F]\n\t(No symbol) [0x00BC2B4E]\n\t(No symbol) [0x00BE700C]\n\t(No symbol) [0x00BC25B0]\n\t(No symbol) [0x00BE7414]\n\t(No symbol) [0x00BFA104]\n\t(No symbol) [0x00BE6DA6]\n\t(No symbol) [0x00BC1034]\n\t(No symbol) [0x00BC1F8D]\n\tGetHandleVerifier [0x00FF4B1C+820540]\n\tsqlite3_dbdata_init [0x010B53EE+653550]\n\tsqlite3_dbdata_init [0x010B4E09+652041]\n\tsqlite3_dbdata_init [0x010A97CC+605388]\n\tsqlite3_dbdata_init [0x010B5D9B+656027]\n\t(No symbol) [0x00E8FE6C]\n\t(No symbol) [0x00E883B8]\n\t(No symbol) [0x00E884DD]\n\t(No symbol) [0x00E75818]\n\tBaseThreadInitThunk [0x767D6A39+25]\n\tRtlGetFullPathName_UEx [0x774E7F8D+173]\n\tRtlGetFullPathName_UEx [0x774E7F5B+123]\n\n","statusTrace":"  File \"C:\\Users\\runneradmin\\AppData\\Local\\pypoetry\\Cache\\virtualenvs\\testcapitalcom-ahTg7XpD-py3.11\\Lib\\site-packages\\allure_commons\\_allure.py\", line 192, in impl\n    return func(*a, **kw)\n           ^^^^^^^^^^^^^^\n  File \"D:\\a\\TestCapitalComPySe\\TestCapitalComPySe\\pages\\conditions.py\", line 91, in preconditions\n    self.button_accept_all_cookies_click()\n  File \"C:\\Users\\runneradmin\\AppData\\Local\\pypoetry\\Cache\\virtualenvs\\testcapitalcom-ahTg7XpD-py3.11\\Lib\\site-packages\\allure_commons\\_allure.py\", line 192, in impl\n    return func(*a, **kw)\n           ^^^^^^^^^^^^^^\n  File \"D:\\a\\TestCapitalComPySe\\TestCapitalComPySe\\pages\\base_page.py\", line 274, in button_accept_all_cookies_click\n    button.click()\n  File \"C:\\Users\\runneradmin\\AppData\\Local\\pypoetry\\Cache\\virtualenvs\\testcapitalcom-ahTg7XpD-py3.11\\Lib\\site-packages\\selenium\\webdriver\\remote\\webelement.py\", line 94, in click\n    self._execute(Command.CLICK_ELEMENT)\n  File \"C:\\Users\\runneradmin\\AppData\\Local\\pypoetry\\Cache\\virtualenvs\\testcapitalcom-ahTg7XpD-py3.11\\Lib\\site-packages\\selenium\\webdriver\\remote\\webelement.py\", line 395, in _execute\n    return self._parent.execute(command, params)\n           ^^^^^^^^^^^^^^^^^^^^^^^^^^^^^^^^^^^^^\n  File \"C:\\Users\\runneradmin\\AppData\\Local\\pypoetry\\Cache\\virtualenvs\\testcapitalcom-ahTg7XpD-py3.11\\Lib\\site-packages\\selenium\\webdriver\\remote\\webdriver.py\", line 348, in execute\n    self.error_handler.check_response(response)\n  File \"C:\\Users\\runneradmin\\AppData\\Local\\pypoetry\\Cache\\virtualenvs\\testcapitalcom-ahTg7XpD-py3.11\\Lib\\site-packages\\selenium\\webdriver\\remote\\errorhandler.py\", line 229, in check_response\n    raise exception_class(message, screen, stacktrace)\n","steps":[{"name":"Accept all cookies","time":{"start":1703737189024,"stop":1703737194174,"duration":5150},"status":"broken","statusMessage":"selenium.common.exceptions.ElementClickInterceptedException: Message: element click intercepted: Element is not clickable at point (1132, 620)\n  (Session info: chrome=120.0.6099.110)\nStacktrace:\n\tGetHandleVerifier [0x00F56EE3+174339]\n\t(No symbol) [0x00E80A51]\n\t(No symbol) [0x00B96FF6]\n\t(No symbol) [0x00BCE48E]\n\t(No symbol) [0x00BCD09E]\n\t(No symbol) [0x00BCB5F8]\n\t(No symbol) [0x00BCAD7F]\n\t(No symbol) [0x00BC2B4E]\n\t(No symbol) [0x00BE700C]\n\t(No symbol) [0x00BC25B0]\n\t(No symbol) [0x00BE7414]\n\t(No symbol) [0x00BFA104]\n\t(No symbol) [0x00BE6DA6]\n\t(No symbol) [0x00BC1034]\n\t(No symbol) [0x00BC1F8D]\n\tGetHandleVerifier [0x00FF4B1C+820540]\n\tsqlite3_dbdata_init [0x010B53EE+653550]\n\tsqlite3_dbdata_init [0x010B4E09+652041]\n\tsqlite3_dbdata_init [0x010A97CC+605388]\n\tsqlite3_dbdata_init [0x010B5D9B+656027]\n\t(No symbol) [0x00E8FE6C]\n\t(No symbol) [0x00E883B8]\n\t(No symbol) [0x00E884DD]\n\t(No symbol) [0x00E75818]\n\tBaseThreadInitThunk [0x767D6A39+25]\n\tRtlGetFullPathName_UEx [0x774E7F8D+173]\n\tRtlGetFullPathName_UEx [0x774E7F5B+123]\n\n","statusTrace":"  File \"C:\\Users\\runneradmin\\AppData\\Local\\pypoetry\\Cache\\virtualenvs\\testcapitalcom-ahTg7XpD-py3.11\\Lib\\site-packages\\allure_commons\\_allure.py\", line 192, in impl\n    return func(*a, **kw)\n           ^^^^^^^^^^^^^^\n  File \"D:\\a\\TestCapitalComPySe\\TestCapitalComPySe\\pages\\base_page.py\", line 274, in button_accept_all_cookies_click\n    button.click()\n  File \"C:\\Users\\runneradmin\\AppData\\Local\\pypoetry\\Cache\\virtualenvs\\testcapitalcom-ahTg7XpD-py3.11\\Lib\\site-packages\\selenium\\webdriver\\remote\\webelement.py\", line 94, in click\n    self._execute(Command.CLICK_ELEMENT)\n  File \"C:\\Users\\runneradmin\\AppData\\Local\\pypoetry\\Cache\\virtualenvs\\testcapitalcom-ahTg7XpD-py3.11\\Lib\\site-packages\\selenium\\webdriver\\remote\\webelement.py\", line 395, in _execute\n    return self._parent.execute(command, params)\n           ^^^^^^^^^^^^^^^^^^^^^^^^^^^^^^^^^^^^^\n  File \"C:\\Users\\runneradmin\\AppData\\Local\\pypoetry\\Cache\\virtualenvs\\testcapitalcom-ahTg7XpD-py3.11\\Lib\\site-packages\\selenium\\webdriver\\remote\\webdriver.py\", line 348, in execute\n    self.error_handler.check_response(response)\n  File \"C:\\Users\\runneradmin\\AppData\\Local\\pypoetry\\Cache\\virtualenvs\\testcapitalcom-ahTg7XpD-py3.11\\Lib\\site-packages\\selenium\\webdriver\\remote\\errorhandler.py\", line 229, in check_response\n    raise exception_class(message, screen, stacktrace)\n","steps":[],"attachments":[],"parameters":[],"shouldDisplayMessage":true,"stepsCount":0,"attachmentsCount":0,"hasContent":true,"attachmentStep":false}],"attachments":[],"parameters":[{"name":"d","value":"<selenium.webdriver.chrome.webdriver.WebDriver (session=\"ed14c2ef6a6a0aa315e33115e02ade67\")>"},{"name":"host","value":"'https://capital.com'"},{"name":"end_point","value":"''"},{"name":"cur_language","value":"'fr'"},{"name":"cur_country","value":"'au'"},{"name":"cur_role","value":"'NoAuth'"},{"name":"cur_login","value":"'aqa.tomelo.an@gmail.com'"},{"name":"cur_password","value":"'iT9Vgqi6d$fiZ*Z'"}],"shouldDisplayMessage":false,"stepsCount":1,"attachmentsCount":0,"hasContent":true,"attachmentStep":false}],"attachments":[],"parameters":[{"name":"worker_id","value":"'master'"},{"name":"d","value":"<selenium.webdriver.chrome.webdriver.WebDriver (session=\"ed14c2ef6a6a0aa315e33115e02ade67\")>"},{"name":"cur_role","value":"'NoAuth'"},{"name":"cur_language","value":"'fr'"},{"name":"cur_country","value":"'au'"},{"name":"cur_login","value":"'aqa.tomelo.an@gmail.com'"},{"name":"cur_password","value":"'iT9Vgqi6d$fiZ*Z'"}],"shouldDisplayMessage":false,"stepsCount":2,"attachmentsCount":0,"hasContent":true,"attachmentStep":false}],"attachments":[{"uid":"6fc219266e4c14d","name":"Screenshot","source":"6fc219266e4c14d.png","type":"image/png","size":268984},{"uid":"ef870cea5c1e1979","name":"stdout","source":"ef870cea5c1e1979.txt","type":"text/plain","size":1246}],"parameters":[],"shouldDisplayMessage":true,"stepsCount":3,"attachmentsCount":2,"hasContent":true,"attachmentStep":false},"afterStages":[{"name":"go::0","time":{"start":1703737205441,"stop":1703737207526,"duration":2085},"status":"passed","steps":[],"attachments":[],"parameters":[],"shouldDisplayMessage":false,"stepsCount":0,"attachmentsCount":0,"hasContent":false,"attachmentStep":false}],"labels":[{"name":"epic","value":"US_11.01.01 | Education > Menu Item [Learning hub]"},{"name":"feature","value":"Language: fr"},{"name":"story","value":"Country: au / Role: NoAuth"},{"name":"tag","value":"test_01"},{"name":"tag","value":"us_11_01_01"},{"name":"parentSuite","value":"tests.US_11_Education.US_11-01-01_Learning_hub"},{"name":"suite","value":"US_11-01-01_Learning_hub"},{"name":"subSuite","value":"TestLearningHub"},{"name":"host","value":"fv-az844-569"},{"name":"thread","value":"2940-MainThread"},{"name":"framework","value":"pytest"},{"name":"language","value":"cpython3"},{"name":"package","value":"tests.US_11_Education.US_11-01-01_Learning_hub.US_11-01-01_Learning_hub"},{"name":"resultFormat","value":"allure2"}],"parameters":[{"name":"cur_country","value":"'au'"},{"name":"cur_language","value":"'fr'"},{"name":"cur_login","value":"'aqa.tomelo.an@gmail.com'"},{"name":"cur_password","value":"'iT9Vgqi6d$fiZ*Z'"},{"name":"cur_role","value":"'NoAuth'"},{"name":"go","value":"'Chrome'"}],"links":[],"hidden":false,"retry":false,"extra":{"severity":"normal","retries":[],"categories":[{"name":"Test defects","matchedStatuses":[],"flaky":false}],"tags":["test_01","us_11_01_01"]},"source":"fd843c6be21fdf32.json","parameterValues":["'au'","'fr'","'aqa.tomelo.an@gmail.com'","'iT9Vgqi6d$fiZ*Z'","'NoAuth'","'Chrome'"]}