2024-02-12 07:19:09 ERROR Elements not present after 0.5 seconds on page: https://capital.com/es/operar-cobre
2024-02-12 07:19:09 ERROR 
Traceback (most recent call last):
  File "/home/runner/work/TestCapitalComPySe/TestCapitalComPySe/pages/base_page.py", line 84, in inner_function
    return func(*args, **kwargs)
           ^^^^^^^^^^^^^^^^^^^^^
  File "/home/runner/work/TestCapitalComPySe/TestCapitalComPySe/pages/base_page.py", line 301, in element_is_visible
    return Wait(self.driver, timeout).until(
           ^^^^^^^^^^^^^^^^^^^^^^^^^^^^^^^^^
  File "/home/runner/.cache/pypoetry/virtualenvs/testcapitalcompyse-CcJ6hTD8-py3.12/lib/python3.12/site-packages/selenium/webdriver/support/wait.py", line 105, in until
    raise TimeoutException(message, screen, stacktrace)
selenium.common.exceptions.TimeoutException: Message: 
Stacktrace:
#0 0x55ad4b6c1d93 <unknown>
#1 0x55ad4b3a5337 <unknown>
#2 0x55ad4b3f0d60 <unknown>
#3 0x55ad4b3f0e51 <unknown>
#4 0x55ad4b434bc4 <unknown>
#5 0x55ad4b41346d <unknown>
#6 0x55ad4b43212d <unknown>
#7 0x55ad4b4131e3 <unknown>
#8 0x55ad4b3e3135 <unknown>
#9 0x55ad4b3e413e <unknown>
#10 0x55ad4b685e4b <unknown>
#11 0x55ad4b689dfa <unknown>
#12 0x55ad4b6726d5 <unknown>
#13 0x55ad4b68aa6f <unknown>
#14 0x55ad4b65669f <unknown>
#15 0x55ad4b6af098 <unknown>
#16 0x55ad4b6af262 <unknown>
#17 0x55ad4b6c0f34 <unknown>
#18 0x7fca1be94ac3 <unknown>