2024-10-06 00:04:18 ERROR Elements not present after 0.5 seconds on page: https://capital.com/en-ae
2024-10-06 00:04:18 ERROR Can't click element by locator ('css selector', ".modal_overlay__f_YlZ button [height='32']")
Traceback (most recent call last):
  File "/home/runner/work/TestCapitalComPySe/TestCapitalComPySe/pages/base_page.py", line 86, in inner_function
    return func(*args, **kwargs)
           ^^^^^^^^^^^^^^^^^^^^^
  File "/home/runner/work/TestCapitalComPySe/TestCapitalComPySe/pages/base_page.py", line 386, in element_is_clickable
    return Wait(self.driver, timeout).until(
           ^^^^^^^^^^^^^^^^^^^^^^^^^^^^^^^^^
  File "/home/runner/.cache/pypoetry/virtualenvs/testcapitalcompyse-CcJ6hTD8-py3.12/lib/python3.12/site-packages/selenium/webdriver/support/wait.py", line 105, in until
    raise TimeoutException(message, screen, stacktrace)
selenium.common.exceptions.TimeoutException: Message: Can't click element by locator ('css selector', ".modal_overlay__f_YlZ button [height='32']")
Stacktrace:
#0 0x5559103eb02a <unknown>
#1 0x5559100d15e0 <unknown>
#2 0x555910120be8 <unknown>
#3 0x555910120e81 <unknown>
#4 0x5559101678c4 <unknown>
#5 0x555910145b4d <unknown>
#6 0x555910164d7d <unknown>
#7 0x5559101458c3 <unknown>
#8 0x5559101136b3 <unknown>
#9 0x55591011468e <unknown>
#10 0x5559103b5a2b <unknown>
#11 0x5559103b99b1 <unknown>
#12 0x5559103a2225 <unknown>
#13 0x5559103ba532 <unknown>
#14 0x55591038738f <unknown>
#15 0x5559103d9f28 <unknown>
#16 0x5559103da0f3 <unknown>
#17 0x5559103e9e7c <unknown>
#18 0x7f6ef7a94ac3 <unknown>