2024-04-13 02:06:17 ERROR Elements not present after 0.5 seconds on page: https://capital.com/ro/eur-jpy-rata
2024-04-13 02:06:17 ERROR 
Traceback (most recent call last):
  File "/home/runner/work/TestCapitalComPySe/TestCapitalComPySe/pages/base_page.py", line 85, in inner_function
    return func(*args, **kwargs)
           ^^^^^^^^^^^^^^^^^^^^^
  File "/home/runner/work/TestCapitalComPySe/TestCapitalComPySe/pages/base_page.py", line 304, in element_is_visible
    return Wait(self.driver, timeout).until(
           ^^^^^^^^^^^^^^^^^^^^^^^^^^^^^^^^^
  File "/home/runner/.cache/pypoetry/virtualenvs/testcapitalcompyse-CcJ6hTD8-py3.12/lib/python3.12/site-packages/selenium/webdriver/support/wait.py", line 105, in until
    raise TimeoutException(message, screen, stacktrace)
selenium.common.exceptions.TimeoutException: Message: 
Stacktrace:
#0 0x55f6ded71863 <unknown>
#1 0x55f6dea678c6 <unknown>
#2 0x55f6deab2618 <unknown>
#3 0x55f6deab26d1 <unknown>
#4 0x55f6deaf5744 <unknown>
#5 0x55f6dead45cd <unknown>
#6 0x55f6deaf2c19 <unknown>
#7 0x55f6dead4343 <unknown>
#8 0x55f6deaa5593 <unknown>
#9 0x55f6deaa5f5e <unknown>
#10 0x55f6ded3584b <unknown>
#11 0x55f6ded397a5 <unknown>
#12 0x55f6ded23571 <unknown>
#13 0x55f6ded3a332 <unknown>
#14 0x55f6ded0887f <unknown>
#15 0x55f6ded60728 <unknown>
#16 0x55f6ded608fb <unknown>
#17 0x55f6ded709b4 <unknown>
#18 0x7fd12a694ac3 <unknown>