2024-05-01 07:30:58 ERROR Elements not present after 0.5 seconds on page: https://capital.com/es/especulacion
2024-05-01 07:30:58 ERROR 
Traceback (most recent call last):
  File "/home/runner/work/TestCapitalComPySe/TestCapitalComPySe/pages/base_page.py", line 86, in inner_function
    return func(*args, **kwargs)
           ^^^^^^^^^^^^^^^^^^^^^
  File "/home/runner/work/TestCapitalComPySe/TestCapitalComPySe/pages/base_page.py", line 305, in element_is_visible
    return Wait(self.driver, timeout).until(
           ^^^^^^^^^^^^^^^^^^^^^^^^^^^^^^^^^
  File "/home/runner/.cache/pypoetry/virtualenvs/testcapitalcompyse-CcJ6hTD8-py3.12/lib/python3.12/site-packages/selenium/webdriver/support/wait.py", line 105, in until
    raise TimeoutException(message, screen, stacktrace)
selenium.common.exceptions.TimeoutException: Message: 
Stacktrace:
#0 0x5586ddab4cb3 <unknown>
#1 0x5586dd7a34a7 <unknown>
#2 0x5586dd7ee31d <unknown>
#3 0x5586dd7ee3d1 <unknown>
#4 0x5586dd831734 <unknown>
#5 0x5586dd81043d <unknown>
#6 0x5586dd82ebe9 <unknown>
#7 0x5586dd8101b3 <unknown>
#8 0x5586dd7e124a <unknown>
#9 0x5586dd7e1c1e <unknown>
#10 0x5586dda78fdb <unknown>
#11 0x5586dda7cf2b <unknown>
#12 0x5586dda650f1 <unknown>
#13 0x5586dda7da92 <unknown>
#14 0x5586dda49faf <unknown>
#15 0x5586ddaa3e08 <unknown>
#16 0x5586ddaa3fe0 <unknown>
#17 0x5586ddab3e04 <unknown>
#18 0x7f8a6a694ac3 <unknown>