2024-02-05 23:28:53 ERROR Elements not present after 0.5 seconds on page: https://capital.com/de/trade-netflix
2024-02-05 23:28:53 ERROR 
Traceback (most recent call last):
  File "/home/runner/work/TestCapitalComPySe/TestCapitalComPySe/pages/base_page.py", line 82, in inner_function
    return func(*args, **kwargs)
           ^^^^^^^^^^^^^^^^^^^^^
  File "/home/runner/work/TestCapitalComPySe/TestCapitalComPySe/pages/base_page.py", line 299, in element_is_visible
    return Wait(self.driver, timeout).until(
           ^^^^^^^^^^^^^^^^^^^^^^^^^^^^^^^^^
  File "/home/runner/.cache/pypoetry/virtualenvs/testcapitalcompyse-CcJ6hTD8-py3.11/lib/python3.11/site-packages/selenium/webdriver/support/wait.py", line 105, in until
    raise TimeoutException(message, screen, stacktrace)
selenium.common.exceptions.TimeoutException: Message: 
Stacktrace:
#0 0x562555942d93 <unknown>
#1 0x562555626337 <unknown>
#2 0x562555671d60 <unknown>
#3 0x562555671e51 <unknown>
#4 0x5625556b5bc4 <unknown>
#5 0x56255569446d <unknown>
#6 0x5625556b312d <unknown>
#7 0x5625556941e3 <unknown>
#8 0x562555664135 <unknown>
#9 0x56255566513e <unknown>
#10 0x562555906e4b <unknown>
#11 0x56255590adfa <unknown>
#12 0x5625558f36d5 <unknown>
#13 0x56255590ba6f <unknown>
#14 0x5625558d769f <unknown>
#15 0x562555930098 <unknown>
#16 0x562555930262 <unknown>
#17 0x562555941f34 <unknown>
#18 0x7fe0e2894ac3 <unknown>

2024-02-05 23:29:52 ERROR Elements not present after 0.5 seconds on page: https://capital.com/trading/signup
2024-02-05 23:29:52 ERROR 
Traceback (most recent call last):
  File "/home/runner/work/TestCapitalComPySe/TestCapitalComPySe/pages/base_page.py", line 82, in inner_function
    return func(*args, **kwargs)
           ^^^^^^^^^^^^^^^^^^^^^
  File "/home/runner/work/TestCapitalComPySe/TestCapitalComPySe/pages/base_page.py", line 299, in element_is_visible
    return Wait(self.driver, timeout).until(
           ^^^^^^^^^^^^^^^^^^^^^^^^^^^^^^^^^
  File "/home/runner/.cache/pypoetry/virtualenvs/testcapitalcompyse-CcJ6hTD8-py3.11/lib/python3.11/site-packages/selenium/webdriver/support/wait.py", line 105, in until
    raise TimeoutException(message, screen, stacktrace)
selenium.common.exceptions.TimeoutException: Message: 
Stacktrace:
#0 0x562555942d93 <unknown>
#1 0x562555626337 <unknown>
#2 0x562555671d60 <unknown>
#3 0x562555671e51 <unknown>
#4 0x5625556b5bc4 <unknown>
#5 0x56255569446d <unknown>
#6 0x5625556b312d <unknown>
#7 0x5625556941e3 <unknown>
#8 0x562555664135 <unknown>
#9 0x56255566513e <unknown>
#10 0x562555906e4b <unknown>
#11 0x56255590adfa <unknown>
#12 0x5625558f36d5 <unknown>
#13 0x56255590ba6f <unknown>
#14 0x5625558d769f <unknown>
#15 0x562555930098 <unknown>
#16 0x562555930262 <unknown>
#17 0x562555941f34 <unknown>
#18 0x7fe0e2894ac3 <unknown>

2024-02-05 23:29:55 ERROR Elements not present after 0.5 seconds on page: https://capital.com/trading/signup
2024-02-05 23:29:55 ERROR 
Traceback (most recent call last):
  File "/home/runner/work/TestCapitalComPySe/TestCapitalComPySe/pages/base_page.py", line 82, in inner_function
    return func(*args, **kwargs)
           ^^^^^^^^^^^^^^^^^^^^^
  File "/home/runner/work/TestCapitalComPySe/TestCapitalComPySe/pages/base_page.py", line 299, in element_is_visible
    return Wait(self.driver, timeout).until(
           ^^^^^^^^^^^^^^^^^^^^^^^^^^^^^^^^^
  File "/home/runner/.cache/pypoetry/virtualenvs/testcapitalcompyse-CcJ6hTD8-py3.11/lib/python3.11/site-packages/selenium/webdriver/support/wait.py", line 105, in until
    raise TimeoutException(message, screen, stacktrace)
selenium.common.exceptions.TimeoutException: Message: 
Stacktrace:
#0 0x562555942d93 <unknown>
#1 0x562555626337 <unknown>
#2 0x562555671d60 <unknown>
#3 0x562555671e51 <unknown>
#4 0x5625556b5bc4 <unknown>
#5 0x56255569446d <unknown>
#6 0x5625556b312d <unknown>
#7 0x5625556941e3 <unknown>
#8 0x562555664135 <unknown>
#9 0x56255566513e <unknown>
#10 0x562555906e4b <unknown>
#11 0x56255590adfa <unknown>
#12 0x5625558f36d5 <unknown>
#13 0x56255590ba6f <unknown>
#14 0x5625558d769f <unknown>
#15 0x562555930098 <unknown>
#16 0x562555930262 <unknown>
#17 0x562555941f34 <unknown>
#18 0x7fe0e2894ac3 <unknown>