2024-04-29 16:19:54 ERROR Elements not present after 0.5 seconds on page: https://capital.com/ro/cryptocurrency-trading
2024-04-29 16:19:54 ERROR 
Traceback (most recent call last):
  File "/home/runner/work/TestCapitalComPySe/TestCapitalComPySe/pages/base_page.py", line 86, in inner_function
    return func(*args, **kwargs)
           ^^^^^^^^^^^^^^^^^^^^^
  File "/home/runner/work/TestCapitalComPySe/TestCapitalComPySe/pages/base_page.py", line 305, in element_is_visible
    return Wait(self.driver, timeout).until(
           ^^^^^^^^^^^^^^^^^^^^^^^^^^^^^^^^^
  File "/home/runner/.cache/pypoetry/virtualenvs/testcapitalcompyse-CcJ6hTD8-py3.12/lib/python3.12/site-packages/selenium/webdriver/support/wait.py", line 105, in until
    raise TimeoutException(message, screen, stacktrace)
selenium.common.exceptions.TimeoutException: Message: 
Stacktrace:
#0 0x5602521f3cb3 <unknown>
#1 0x560251ee24a7 <unknown>
#2 0x560251f2d31d <unknown>
#3 0x560251f2d3d1 <unknown>
#4 0x560251f70734 <unknown>
#5 0x560251f4f43d <unknown>
#6 0x560251f6dbe9 <unknown>
#7 0x560251f4f1b3 <unknown>
#8 0x560251f2024a <unknown>
#9 0x560251f20c1e <unknown>
#10 0x5602521b7fdb <unknown>
#11 0x5602521bbf2b <unknown>
#12 0x5602521a40f1 <unknown>
#13 0x5602521bca92 <unknown>
#14 0x560252188faf <unknown>
#15 0x5602521e2e08 <unknown>
#16 0x5602521e2fe0 <unknown>
#17 0x5602521f2e04 <unknown>
#18 0x7f430aa94ac3 <unknown>