2025-01-12 01:43:09 ERROR Elements not present after 0.5 seconds on page: https://capital.com/en-gb
2025-01-12 01:43:09 ERROR 
Traceback (most recent call last):
  File "/home/runner/work/TestCapitalComPySe/TestCapitalComPySe/pages/base_page.py", line 86, in inner_function
    return func(*args, **kwargs)
           ^^^^^^^^^^^^^^^^^^^^^
  File "/home/runner/work/TestCapitalComPySe/TestCapitalComPySe/pages/base_page.py", line 306, in element_is_visible
    return Wait(self.driver, timeout).until(
           ^^^^^^^^^^^^^^^^^^^^^^^^^^^^^^^^^
  File "/home/runner/.cache/pypoetry/virtualenvs/testcapitalcompyse-CcJ6hTD8-py3.12/lib/python3.12/site-packages/selenium/webdriver/support/wait.py", line 105, in until
    raise TimeoutException(message, screen, stacktrace)
selenium.common.exceptions.TimeoutException: Message: 
Stacktrace:
#0 0x55963336c1fa <unknown>
#1 0x559632e7c810 <unknown>
#2 0x559632ecb506 <unknown>
#3 0x559632ecb7a1 <unknown>
#4 0x559632f10c24 <unknown>
#5 0x559632eef5ad <unknown>
#6 0x559632f0e007 <unknown>
#7 0x559632eef323 <unknown>
#8 0x559632ebdde0 <unknown>
#9 0x559632ebedbe <unknown>
#10 0x55963333812b <unknown>
#11 0x55963333c0c7 <unknown>
#12 0x5596333256cc <unknown>
#13 0x55963333cc47 <unknown>
#14 0x55963330a67f <unknown>
#15 0x55963335b288 <unknown>
#16 0x55963335b450 <unknown>
#17 0x55963336b076 <unknown>
#18 0x7fd686c9ca94 <unknown>
#19 0x7fd686d29c3c <unknown>