2024-03-19 21:42:27 ERROR Elements not present after 0.5 seconds on page: https://capital.com/zh
2024-03-19 21:42:27 ERROR 
Traceback (most recent call last):
  File "/home/runner/work/TestCapitalComPySe/TestCapitalComPySe/pages/base_page.py", line 85, in inner_function
    return func(*args, **kwargs)
           ^^^^^^^^^^^^^^^^^^^^^
  File "/home/runner/work/TestCapitalComPySe/TestCapitalComPySe/pages/base_page.py", line 303, in element_is_visible
    return Wait(self.driver, timeout).until(
           ^^^^^^^^^^^^^^^^^^^^^^^^^^^^^^^^^
  File "/home/runner/.cache/pypoetry/virtualenvs/testcapitalcompyse-CcJ6hTD8-py3.12/lib/python3.12/site-packages/selenium/webdriver/support/wait.py", line 105, in until
    raise TimeoutException(message, screen, stacktrace)
selenium.common.exceptions.TimeoutException: Message: 
Stacktrace:
#0 0x5e50e7731f33 <unknown>
#1 0x5e50e7429ce6 <unknown>
#2 0x5e50e7474e48 <unknown>
#3 0x5e50e7474f01 <unknown>
#4 0x5e50e74b83f4 <unknown>
#5 0x5e50e7496edd <unknown>
#6 0x5e50e74b5899 <unknown>
#7 0x5e50e7496c53 <unknown>
#8 0x5e50e7467db3 <unknown>
#9 0x5e50e746877e <unknown>
#10 0x5e50e76f786b <unknown>
#11 0x5e50e76fb885 <unknown>
#12 0x5e50e76e5181 <unknown>
#13 0x5e50e76fc412 <unknown>
#14 0x5e50e76c925f <unknown>
#15 0x5e50e7720528 <unknown>
#16 0x5e50e7720723 <unknown>
#17 0x5e50e77310e4 <unknown>
#18 0x79d0bd694ac3 <unknown>