2024-06-18 09:09:06 ERROR Could not find elements on page: https://play.google.com/store/apps/details?id=com.capital.trading
2024-06-18 09:09:06 ERROR no such element: Unable to locate element: {"method":"css selector","selector":"h1[itemprop='name'] span"}
  (Session info: chrome=125.0.6422.142); For documentation on this error, please visit: https://www.selenium.dev/documentation/webdriver/troubleshooting/errors#no-such-element-exception
Traceback (most recent call last):
  File "D:\a\TestCapitalComPySe\TestCapitalComPySe\pages\base_page.py", line 86, in inner_function
    return func(*args, **kwargs)
           ^^^^^^^^^^^^^^^^^^^^^
  File "D:\a\TestCapitalComPySe\TestCapitalComPySe\pages\base_page.py", line 500, in get_text
    return "".join(self.driver.find_element(method, locator).text.split("\n")[i:])
                   ^^^^^^^^^^^^^^^^^^^^^^^^^^^^^^^^^^^^^^^^^
  File "C:\Users\runneradmin\AppData\Local\pypoetry\Cache\virtualenvs\testcapitalcompyse-ahTg7XpD-py3.12\Lib\site-packages\selenium\webdriver\remote\webdriver.py", line 741, in find_element
    return self.execute(Command.FIND_ELEMENT, {"using": by, "value": value})["value"]
           ^^^^^^^^^^^^^^^^^^^^^^^^^^^^^^^^^^^^^^^^^^^^^^^^^^^^^^^^^^^^^^^^^
  File "C:\Users\runneradmin\AppData\Local\pypoetry\Cache\virtualenvs\testcapitalcompyse-ahTg7XpD-py3.12\Lib\site-packages\selenium\webdriver\remote\webdriver.py", line 347, in execute
    self.error_handler.check_response(response)
  File "C:\Users\runneradmin\AppData\Local\pypoetry\Cache\virtualenvs\testcapitalcompyse-ahTg7XpD-py3.12\Lib\site-packages\selenium\webdriver\remote\errorhandler.py", line 229, in check_response
    raise exception_class(message, screen, stacktrace)
selenium.common.exceptions.NoSuchElementException: Message: no such element: Unable to locate element: {"method":"css selector","selector":"h1[itemprop='name'] span"}
  (Session info: chrome=125.0.6422.142); For documentation on this error, please visit: https://www.selenium.dev/documentation/webdriver/troubleshooting/errors#no-such-element-exception
Stacktrace:
	GetHandleVerifier [0x00A8B8E3+45827]
	(No symbol) [0x00A1DCC4]
	(No symbol) [0x0091150F]
	(No symbol) [0x009520BC]
	(No symbol) [0x0095216B]
	(No symbol) [0x0098E0F2]
	(No symbol) [0x00972E44]
	(No symbol) [0x0098C034]
	(No symbol) [0x00972B96]
	(No symbol) [0x00946998]
	(No symbol) [0x0094751D]
	GetHandleVerifier [0x00D44513+2899763]
	GetHandleVerifier [0x00D9793D+3240797]
	GetHandleVerifier [0x00B113B4+593364]
	GetHandleVerifier [0x00B182DC+621820]
	(No symbol) [0x00A270A4]
	(No symbol) [0x00A237A8]
	(No symbol) [0x00A23947]
	(No symbol) [0x00A159FE]
	BaseThreadInitThunk [0x75BF67F9+25]
	RtlGetFullPathName_UEx [0x77D07F4D+173]
	RtlGetFullPathName_UEx [0x77D07F1B+123]