{"uid":"a75c906dbc029cc6","name":"TC_55!380 (Lang: en) | Bid:55!380-en.ae.NoAuth","fullName":"tests.US_55_ReTestsManual.tassobaccato.US_55-tassobaccato_ReTestsManual_test.TestManualDetectedBugs#test_380","historyId":"3b8daee5b870befbacca1b1aa8e9e6f3","time":{"start":1729042905283,"stop":1729042924678,"duration":19395},"description":"\n        Check: TC_55!380 | The relevant pages of \"Social networks\" aren't opened after clicking the Social Network Icons\n                when EN language and SCA license are selected.\n        Language: EN\n        License: SCA\n        Author: Kasila\n        ","descriptionHtml":"<pre><code>    Check: TC_55!380 | The relevant pages of &quot;Social networks&quot; aren't opened after clicking the Social Network Icons\n            when EN language and SCA license are selected.\n    Language: EN\n    License: SCA\n    Author: Kasila\n</code></pre>\n","status":"failed","statusMessage":"Failed: Bug № ??? 'About us' menu not present in DOM for 'ae' country '' language","statusTrace":"self = <US_55-tassobaccato_ReTestsManual_test.TestManualDetectedBugs object at 0x7f3a14d39cd0>\nworker_id = 'master'\nd = <selenium.webdriver.chrome.webdriver.WebDriver (session=\"121f58c856b7f22aa60b1968888bf937\")>\ncur_language = '', cur_country = 'ae', cur_role = 'NoAuth'\ncur_login = 'test001.miketar+1@gmail.com', cur_password = 'Qwer1234-!@#$'\n\n    @allure.step('Start retest manual AT_55!380: The relevant pages of \"Social networks\" are opened')\n    @pytest.mark.parametrize('cur_language', [''])\n    @pytest.mark.parametrize('cur_country', ['ae'])\n    @pytest.mark.parametrize('cur_role', [\"NoReg\", \"Auth\", \"NoAuth\"])\n    @pytest.mark.bug_371b\n    def test_380(self, worker_id, d, cur_language, cur_country, cur_role, cur_login, cur_password):\n        \"\"\"\n        Check: TC_55!380 | The relevant pages of \"Social networks\" aren't opened after clicking the Social Network Icons\n                when EN language and SCA license are selected.\n        Language: EN\n        License: SCA\n        Author: Kasila\n        \"\"\"\n    \n        bid = build_dynamic_arg_for_us_55(\n            d, worker_id, cur_language, cur_country, cur_role,\n            \"55\", \"ReTests of Manual Detected Bugs\",\n            \"380\", 'The relevant pages of \"Social networks\" are opened”'\n        )\n    \n        link = conditions_switch(d, cur_language, cur_country, cur_role, cur_login, cur_password)\n        menu = from_about_us_menu_open_help.MenuNew(d, link)\n>       cur_item_link = menu.from_about_us_menu_open_help(d, cur_language, cur_country, link)\n\ntests/US_55_ReTestsManual/tassobaccato/US_55-tassobaccato_ReTestsManual_test.py:441: \n_ _ _ _ _ _ _ _ _ _ _ _ _ _ _ _ _ _ _ _ _ _ _ _ _ _ _ _ _ _ _ _ _ _ _ _ _ _ _ _ \npages/Menu/New/from_about_us_menu_open_help.py:36: in from_about_us_menu_open_help\n    answer = MenuBase(d, link).move_focus_menu_pause_move_focus_to_submenu_and_click(\npages/Menu/New/menu_new_base.py:33: in move_focus_menu_pause_move_focus_to_submenu_and_click\n    Common().pytest_fail(\n_ _ _ _ _ _ _ _ _ _ _ _ _ _ _ _ _ _ _ _ _ _ _ _ _ _ _ _ _ _ _ _ _ _ _ _ _ _ _ _ \n\nmsg = \"Bug № ??? 'About us' menu not present in DOM for 'ae' country '' language\"\n\n    @staticmethod\n    def pytest_fail(msg):\n    \tCommon.flag_of_bug = True\n>   \tpytest.fail(msg)\nE    Failed: Bug № ??? 'About us' menu not present in DOM for 'ae' country '' language\n\npages/common.py:235: Failed","flaky":false,"newFailed":true,"newBroken":false,"newPassed":false,"retriesCount":0,"retriesStatusChange":false,"beforeStages":[{"name":"d","time":{"start":1729041569752,"stop":1729041570498,"duration":746},"status":"passed","steps":[],"attachments":[],"parameters":[],"shouldDisplayMessage":false,"stepsCount":0,"attachmentsCount":0,"hasContent":false,"attachmentStep":false},{"name":"worker_id","time":{"start":1729041570498,"stop":1729041570498,"duration":0},"status":"passed","steps":[],"attachments":[],"parameters":[],"shouldDisplayMessage":false,"stepsCount":0,"attachmentsCount":0,"hasContent":false,"attachmentStep":false},{"name":"cur_password","time":{"start":1729041570498,"stop":1729041570498,"duration":0},"status":"passed","steps":[],"attachments":[],"parameters":[],"shouldDisplayMessage":false,"stepsCount":0,"attachmentsCount":0,"hasContent":false,"attachmentStep":false},{"name":"cur_login","time":{"start":1729041570498,"stop":1729041570498,"duration":0},"status":"passed","steps":[],"attachments":[],"parameters":[],"shouldDisplayMessage":false,"stepsCount":0,"attachmentsCount":0,"hasContent":false,"attachmentStep":false}],"testStage":{"description":"\n        Check: TC_55!380 | The relevant pages of \"Social networks\" aren't opened after clicking the Social Network Icons\n                when EN language and SCA license are selected.\n        Language: EN\n        License: SCA\n        Author: Kasila\n        ","status":"failed","statusMessage":"Failed: Bug № ??? 'About us' menu not present in DOM for 'ae' country '' language","statusTrace":"self = <US_55-tassobaccato_ReTestsManual_test.TestManualDetectedBugs object at 0x7f3a14d39cd0>\nworker_id = 'master'\nd = <selenium.webdriver.chrome.webdriver.WebDriver (session=\"121f58c856b7f22aa60b1968888bf937\")>\ncur_language = '', cur_country = 'ae', cur_role = 'NoAuth'\ncur_login = 'test001.miketar+1@gmail.com', cur_password = 'Qwer1234-!@#$'\n\n    @allure.step('Start retest manual AT_55!380: The relevant pages of \"Social networks\" are opened')\n    @pytest.mark.parametrize('cur_language', [''])\n    @pytest.mark.parametrize('cur_country', ['ae'])\n    @pytest.mark.parametrize('cur_role', [\"NoReg\", \"Auth\", \"NoAuth\"])\n    @pytest.mark.bug_371b\n    def test_380(self, worker_id, d, cur_language, cur_country, cur_role, cur_login, cur_password):\n        \"\"\"\n        Check: TC_55!380 | The relevant pages of \"Social networks\" aren't opened after clicking the Social Network Icons\n                when EN language and SCA license are selected.\n        Language: EN\n        License: SCA\n        Author: Kasila\n        \"\"\"\n    \n        bid = build_dynamic_arg_for_us_55(\n            d, worker_id, cur_language, cur_country, cur_role,\n            \"55\", \"ReTests of Manual Detected Bugs\",\n            \"380\", 'The relevant pages of \"Social networks\" are opened”'\n        )\n    \n        link = conditions_switch(d, cur_language, cur_country, cur_role, cur_login, cur_password)\n        menu = from_about_us_menu_open_help.MenuNew(d, link)\n>       cur_item_link = menu.from_about_us_menu_open_help(d, cur_language, cur_country, link)\n\ntests/US_55_ReTestsManual/tassobaccato/US_55-tassobaccato_ReTestsManual_test.py:441: \n_ _ _ _ _ _ _ _ _ _ _ _ _ _ _ _ _ _ _ _ _ _ _ _ _ _ _ _ _ _ _ _ _ _ _ _ _ _ _ _ \npages/Menu/New/from_about_us_menu_open_help.py:36: in from_about_us_menu_open_help\n    answer = MenuBase(d, link).move_focus_menu_pause_move_focus_to_submenu_and_click(\npages/Menu/New/menu_new_base.py:33: in move_focus_menu_pause_move_focus_to_submenu_and_click\n    Common().pytest_fail(\n_ _ _ _ _ _ _ _ _ _ _ _ _ _ _ _ _ _ _ _ _ _ _ _ _ _ _ _ _ _ _ _ _ _ _ _ _ _ _ _ \n\nmsg = \"Bug № ??? 'About us' menu not present in DOM for 'ae' country '' language\"\n\n    @staticmethod\n    def pytest_fail(msg):\n    \tCommon.flag_of_bug = True\n>   \tpytest.fail(msg)\nE    Failed: Bug № ??? 'About us' menu not present in DOM for 'ae' country '' language\n\npages/common.py:235: Failed","steps":[{"name":"Start retest manual AT_55!380: The relevant pages of \"Social networks\" are opened","time":{"start":1729042905283,"stop":1729042924677,"duration":19394},"status":"failed","statusMessage":"Failed: Bug № ??? 'About us' menu not present in DOM for 'ae' country '' language\n","statusTrace":"  File \"/home/runner/.cache/pypoetry/virtualenvs/testcapitalcompyse-CcJ6hTD8-py3.12/lib/python3.12/site-packages/allure_commons/_allure.py\", line 192, in impl\n    return func(*a, **kw)\n           ^^^^^^^^^^^^^^\n  File \"/home/runner/work/TestCapitalComPySe/TestCapitalComPySe/tests/US_55_ReTestsManual/tassobaccato/US_55-tassobaccato_ReTestsManual_test.py\", line 441, in test_380\n    cur_item_link = menu.from_about_us_menu_open_help(d, cur_language, cur_country, link)\n                    ^^^^^^^^^^^^^^^^^^^^^^^^^^^^^^^^^^^^^^^^^^^^^^^^^^^^^^^^^^^^^^^^^^^^^\n  File \"/home/runner/.cache/pypoetry/virtualenvs/testcapitalcompyse-CcJ6hTD8-py3.12/lib/python3.12/site-packages/allure_commons/_allure.py\", line 192, in impl\n    return func(*a, **kw)\n           ^^^^^^^^^^^^^^\n  File \"/home/runner/work/TestCapitalComPySe/TestCapitalComPySe/pages/Menu/New/from_about_us_menu_open_help.py\", line 36, in from_about_us_menu_open_help\n    answer = MenuBase(d, link).move_focus_menu_pause_move_focus_to_submenu_and_click(\n             ^^^^^^^^^^^^^^^^^^^^^^^^^^^^^^^^^^^^^^^^^^^^^^^^^^^^^^^^^^^^^^^^^^^^^^^^\n  File \"/home/runner/work/TestCapitalComPySe/TestCapitalComPySe/pages/Menu/New/menu_new_base.py\", line 33, in move_focus_menu_pause_move_focus_to_submenu_and_click\n    Common().pytest_fail(\n  File \"/home/runner/work/TestCapitalComPySe/TestCapitalComPySe/pages/common.py\", line 235, in pytest_fail\n    pytest.fail(msg)\n  File \"/home/runner/.cache/pypoetry/virtualenvs/testcapitalcompyse-CcJ6hTD8-py3.12/lib/python3.12/site-packages/_pytest/outcomes.py\", line 178, in fail\n    raise Failed(msg=reason, pytrace=pytrace)\n","steps":[{"name":"Build dynamic argument for TCs of US_55","time":{"start":1729042905283,"stop":1729042905285,"duration":2},"status":"passed","steps":[],"attachments":[],"parameters":[{"name":"d","value":"<selenium.webdriver.chrome.webdriver.WebDriver (session=\"121f58c856b7f22aa60b1968888bf937\")>"},{"name":"worker_id","value":"'master'"},{"name":"cur_language","value":"''"},{"name":"cur_country","value":"'ae'"},{"name":"cur_role","value":"'NoAuth'"},{"name":"us","value":"'55'"},{"name":"desc_us","value":"'ReTests of Manual Detected Bugs'"},{"name":"num_tc","value":"'380'"},{"name":"desc_tc","value":"'The relevant pages of \"Social networks\" are opened”'"},{"name":"manual","value":"False"},{"name":"new_layout","value":"False"}],"shouldDisplayMessage":false,"stepsCount":0,"attachmentsCount":0,"hasContent":true,"attachmentStep":false},{"name":"   Set New preconditions","time":{"start":1729042905285,"stop":1729042919158,"duration":13873},"status":"passed","steps":[{"name":"2024-10-16 01:19:29.733493   Start Authorisation","time":{"start":1729042911935,"stop":1729042914407,"duration":2472},"status":"passed","steps":[],"attachments":[],"parameters":[{"name":"d","value":"<selenium.webdriver.chrome.webdriver.WebDriver (session=\"121f58c856b7f22aa60b1968888bf937\")>"},{"name":"link","value":"'https://capital.com/en-gb'"},{"name":"login","value":"'test001.miketar+1@gmail.com'"},{"name":"password","value":"'Qwer1234-!@#$'"},{"name":"cur_role","value":"'NoAuth'"}],"shouldDisplayMessage":false,"stepsCount":0,"attachmentsCount":0,"hasContent":true,"attachmentStep":false},{"name":"2024-10-16 01:19:29.733507   Start DeAuthorisation","time":{"start":1729042914407,"stop":1729042915125,"duration":718},"status":"passed","steps":[{"name":"Start Logout from account info menu in top bar","time":{"start":1729042914407,"stop":1729042915125,"duration":718},"status":"passed","steps":[],"attachments":[],"parameters":[],"shouldDisplayMessage":false,"stepsCount":0,"attachmentsCount":0,"hasContent":false,"attachmentStep":false}],"attachments":[],"parameters":[{"name":"d","value":"<selenium.webdriver.chrome.webdriver.WebDriver (session=\"121f58c856b7f22aa60b1968888bf937\")>"},{"name":"link","value":"'https://capital.com/en-gb'"}],"shouldDisplayMessage":false,"stepsCount":1,"attachmentsCount":0,"hasContent":true,"attachmentStep":false},{"name":"2024-10-16 01:19:29.733518   Set language and country","time":{"start":1729042915126,"stop":1729042919150,"duration":4024},"status":"passed","steps":[],"attachments":[],"parameters":[{"name":"d","value":"<selenium.webdriver.chrome.webdriver.WebDriver (session=\"121f58c856b7f22aa60b1968888bf937\")>"},{"name":"cur_language","value":"'en'"},{"name":"cur_country","value":"'ae'"}],"shouldDisplayMessage":false,"stepsCount":0,"attachmentsCount":0,"hasContent":true,"attachmentStep":false}],"attachments":[],"parameters":[{"name":"d","value":"<selenium.webdriver.chrome.webdriver.WebDriver (session=\"121f58c856b7f22aa60b1968888bf937\")>"},{"name":"host","value":"'https://capital.com/en-gb'"},{"name":"end_point","value":"''"},{"name":"cur_language","value":"''"},{"name":"cur_country","value":"'ae'"},{"name":"cur_role","value":"'NoAuth'"},{"name":"cur_login","value":"'test001.miketar+1@gmail.com'"},{"name":"cur_password","value":"'Qwer1234-!@#$'"}],"shouldDisplayMessage":false,"stepsCount":4,"attachmentsCount":0,"hasContent":true,"attachmentStep":false},{"name":"Select \"About us\" menu, \"Help\" submenu","time":{"start":1729042919159,"stop":1729042924677,"duration":5518},"status":"failed","statusMessage":"Failed: Bug № ??? 'About us' menu not present in DOM for 'ae' country '' language\n","statusTrace":"  File \"/home/runner/.cache/pypoetry/virtualenvs/testcapitalcompyse-CcJ6hTD8-py3.12/lib/python3.12/site-packages/allure_commons/_allure.py\", line 192, in impl\n    return func(*a, **kw)\n           ^^^^^^^^^^^^^^\n  File \"/home/runner/work/TestCapitalComPySe/TestCapitalComPySe/pages/Menu/New/from_about_us_menu_open_help.py\", line 36, in from_about_us_menu_open_help\n    answer = MenuBase(d, link).move_focus_menu_pause_move_focus_to_submenu_and_click(\n             ^^^^^^^^^^^^^^^^^^^^^^^^^^^^^^^^^^^^^^^^^^^^^^^^^^^^^^^^^^^^^^^^^^^^^^^^\n  File \"/home/runner/work/TestCapitalComPySe/TestCapitalComPySe/pages/Menu/New/menu_new_base.py\", line 33, in move_focus_menu_pause_move_focus_to_submenu_and_click\n    Common().pytest_fail(\n  File \"/home/runner/work/TestCapitalComPySe/TestCapitalComPySe/pages/common.py\", line 235, in pytest_fail\n    pytest.fail(msg)\n  File \"/home/runner/.cache/pypoetry/virtualenvs/testcapitalcompyse-CcJ6hTD8-py3.12/lib/python3.12/site-packages/_pytest/outcomes.py\", line 178, in fail\n    raise Failed(msg=reason, pytrace=pytrace)\n","steps":[],"attachments":[],"parameters":[{"name":"d","value":"<selenium.webdriver.chrome.webdriver.WebDriver (session=\"121f58c856b7f22aa60b1968888bf937\")>"},{"name":"cur_language","value":"''"},{"name":"cur_country","value":"'ae'"},{"name":"link","value":"'https://capital.com/'"}],"shouldDisplayMessage":true,"stepsCount":0,"attachmentsCount":0,"hasContent":true,"attachmentStep":false}],"attachments":[],"parameters":[{"name":"worker_id","value":"'master'"},{"name":"d","value":"<selenium.webdriver.chrome.webdriver.WebDriver (session=\"121f58c856b7f22aa60b1968888bf937\")>"},{"name":"cur_language","value":"''"},{"name":"cur_country","value":"'ae'"},{"name":"cur_role","value":"'NoAuth'"},{"name":"cur_login","value":"'test001.miketar+1@gmail.com'"},{"name":"cur_password","value":"'Qwer1234-!@#$'"}],"shouldDisplayMessage":false,"stepsCount":7,"attachmentsCount":0,"hasContent":true,"attachmentStep":false}],"attachments":[{"uid":"590d5074a5dcbf7f","name":"Screenshot","source":"590d5074a5dcbf7f.png","type":"image/png","size":285381},{"uid":"84444d4e4ee95897","name":"stdout","source":"84444d4e4ee95897.txt","type":"text/plain","size":5052}],"parameters":[],"shouldDisplayMessage":true,"stepsCount":8,"attachmentsCount":2,"hasContent":true,"attachmentStep":false},"afterStages":[{"name":"d::0","time":{"start":1729042980608,"stop":1729042980858,"duration":250},"status":"passed","steps":[],"attachments":[],"parameters":[],"shouldDisplayMessage":false,"stepsCount":0,"attachmentsCount":0,"hasContent":false,"attachmentStep":false}],"labels":[{"name":"epic","value":"TC_55!380 | The relevant pages of \"Social networks\" are opened”"},{"name":"feature","value":"Role: NoAuth"},{"name":"story","value":"Country: ae"},{"name":"tag","value":"bug_371b"},{"name":"tag","value":"us_55"},{"name":"parentSuite","value":"tests.US_55_ReTestsManual.tassobaccato"},{"name":"suite","value":"US_55-tassobaccato_ReTestsManual_test"},{"name":"subSuite","value":"TestManualDetectedBugs"},{"name":"host","value":"fv-az738-464"},{"name":"thread","value":"36628-MainThread"},{"name":"framework","value":"pytest"},{"name":"language","value":"cpython3"},{"name":"package","value":"tests.US_55_ReTestsManual.tassobaccato.US_55-tassobaccato_ReTestsManual_test"},{"name":"resultFormat","value":"allure2"}],"parameters":[{"name":"cur_country","value":"'ae'"},{"name":"cur_language","value":"''"},{"name":"cur_login","value":"'test001.miketar+1@gmail.com'"},{"name":"cur_password","value":"'Qwer1234-!@#$'"},{"name":"cur_role","value":"'NoAuth'"},{"name":"d","value":"'Chrome'"}],"links":[],"hidden":false,"retry":false,"extra":{"severity":"normal","retries":[],"categories":[{"name":"Product defects","matchedStatuses":[],"flaky":false}],"history":{"statistic":{"failed":4,"broken":7,"skipped":0,"passed":0,"unknown":0,"total":11},"items":[{"uid":"17dbd57d57a811c6","reportUrl":"https://AlexTomAQA.github.io/TestCapitalComPySe/184//#testresult/17dbd57d57a811c6","status":"broken","statusDetails":"selenium.common.exceptions.NoSuchElementException: Message: no such element: Unable to locate element: {\"method\":\"css selector\",\"selector\":\"footer > div\"}\n  (Session info: chrome=129.0.6668.89); For documentation on this error, please visit: https://www.selenium.dev/documentation/webdriver/troubleshooting/errors#no-such-element-exception\nStacktrace:\n#0 0x55ba80103b9a <unknown>\n#1 0x55ba7fde9670 <unknown>\n#2 0x55ba7fe38c48 <unknown>\n#3 0x55ba7fe38ee1 <unknown>\n#4 0x55ba7fe7f924 <unknown>\n#5 0x55ba7fe5dbad <unknown>\n#6 0x55ba7fe7cdd6 <unknown>\n#7 0x55ba7fe5d923 <unknown>\n#8 0x55ba7fe2b6e7 <unknown>\n#9 0x55ba7fe2c6de <unknown>\n#10 0x55ba800cd66b <unknown>\n#11 0x55ba800d1611 <unknown>\n#12 0x55ba800b94e5 <unknown>\n#13 0x55ba800d2192 <unknown>\n#14 0x55ba8009e6ef <unknown>\n#15 0x55ba800f29d8 <unknown>\n#16 0x55ba800f2ba7 <unknown>\n#17 0x55ba801029ec <unknown>\n#18 0x7f12a3c94ac3 <unknown>","time":{"start":1728955840254,"stop":1728955863322,"duration":23068}},{"uid":"b1401124521143cd","reportUrl":"https://AlexTomAQA.github.io/TestCapitalComPySe/183//#testresult/b1401124521143cd","status":"broken","statusDetails":"selenium.common.exceptions.NoSuchElementException: Message: no such element: Unable to locate element: {\"method\":\"css selector\",\"selector\":\"footer > div\"}\n  (Session info: chrome=129.0.6668.89); For documentation on this error, please visit: https://www.selenium.dev/documentation/webdriver/troubleshooting/errors#no-such-element-exception\nStacktrace:\n#0 0x563c7464bb9a <unknown>\n#1 0x563c74331670 <unknown>\n#2 0x563c74380c48 <unknown>\n#3 0x563c74380ee1 <unknown>\n#4 0x563c743c7924 <unknown>\n#5 0x563c743a5bad <unknown>\n#6 0x563c743c4dd6 <unknown>\n#7 0x563c743a5923 <unknown>\n#8 0x563c743736e7 <unknown>\n#9 0x563c743746de <unknown>\n#10 0x563c7461566b <unknown>\n#11 0x563c74619611 <unknown>\n#12 0x563c746014e5 <unknown>\n#13 0x563c7461a192 <unknown>\n#14 0x563c745e66ef <unknown>\n#15 0x563c7463a9d8 <unknown>\n#16 0x563c7463aba7 <unknown>\n#17 0x563c7464a9ec <unknown>\n#18 0x7f8010494ac3 <unknown>","time":{"start":1728866714987,"stop":1728866739516,"duration":24529}},{"uid":"24ed5ad135be5cc5","reportUrl":"https://AlexTomAQA.github.io/TestCapitalComPySe/182//#testresult/24ed5ad135be5cc5","status":"broken","statusDetails":"IndexError: Cannot choose from an empty sequence","time":{"start":1728791850255,"stop":1728791874034,"duration":23779}},{"uid":"5aa1b247fe3b01fe","reportUrl":"https://AlexTomAQA.github.io/TestCapitalComPySe/181//#testresult/5aa1b247fe3b01fe","status":"failed","statusDetails":"Failed: Bug № ??? 'About us' menu not present in DOM for 'ae' country '' language","time":{"start":1728780532964,"stop":1728780550084,"duration":17120}},{"uid":"9351a7d7ff883a18","reportUrl":"https://AlexTomAQA.github.io/TestCapitalComPySe/180//#testresult/9351a7d7ff883a18","status":"broken","statusDetails":"selenium.common.exceptions.NoSuchElementException: Message: no such element: Unable to locate element: {\"method\":\"css selector\",\"selector\":\"footer > div\"}\n  (Session info: chrome=129.0.6668.89); For documentation on this error, please visit: https://www.selenium.dev/documentation/webdriver/troubleshooting/errors#no-such-element-exception\nStacktrace:\n#0 0x557c9505fb9a <unknown>\n#1 0x557c94d45670 <unknown>\n#2 0x557c94d94c48 <unknown>\n#3 0x557c94d94ee1 <unknown>\n#4 0x557c94ddb924 <unknown>\n#5 0x557c94db9bad <unknown>\n#6 0x557c94dd8dd6 <unknown>\n#7 0x557c94db9923 <unknown>\n#8 0x557c94d876e7 <unknown>\n#9 0x557c94d886de <unknown>\n#10 0x557c9502966b <unknown>\n#11 0x557c9502d611 <unknown>\n#12 0x557c950154e5 <unknown>\n#13 0x557c9502e192 <unknown>\n#14 0x557c94ffa6ef <unknown>\n#15 0x557c9504e9d8 <unknown>\n#16 0x557c9504eba7 <unknown>\n#17 0x557c9505e9ec <unknown>\n#18 0x7fb361e94ac3 <unknown>","time":{"start":1728694072671,"stop":1728694098351,"duration":25680}},{"uid":"31aecf72da349a8e","reportUrl":"https://AlexTomAQA.github.io/TestCapitalComPySe/179//#testresult/31aecf72da349a8e","status":"failed","statusDetails":"Failed: Bug № ??? 'About us' menu not present in DOM for 'ae' country '' language","time":{"start":1728607672297,"stop":1728607689442,"duration":17145}},{"uid":"559c7d6ab9678c1d","reportUrl":"https://AlexTomAQA.github.io/TestCapitalComPySe/178//#testresult/559c7d6ab9678c1d","status":"broken","statusDetails":"IndexError: Cannot choose from an empty sequence","time":{"start":1728540822151,"stop":1728540847020,"duration":24869}},{"uid":"e7f1dc3e061e27a6","reportUrl":"https://AlexTomAQA.github.io/TestCapitalComPySe/177//#testresult/e7f1dc3e061e27a6","status":"broken","statusDetails":"selenium.common.exceptions.NoSuchElementException: Message: no such element: Unable to locate element: {\"method\":\"css selector\",\"selector\":\"footer > div\"}\n  (Session info: chrome=129.0.6668.89); For documentation on this error, please visit: https://www.selenium.dev/documentation/webdriver/troubleshooting/errors#no-such-element-exception\nStacktrace:\n#0 0x56167eaf8b9a <unknown>\n#1 0x56167e7de670 <unknown>\n#2 0x56167e82dc48 <unknown>\n#3 0x56167e82dee1 <unknown>\n#4 0x56167e874924 <unknown>\n#5 0x56167e852bad <unknown>\n#6 0x56167e871dd6 <unknown>\n#7 0x56167e852923 <unknown>\n#8 0x56167e8206e7 <unknown>\n#9 0x56167e8216de <unknown>\n#10 0x56167eac266b <unknown>\n#11 0x56167eac6611 <unknown>\n#12 0x56167eaae4e5 <unknown>\n#13 0x56167eac7192 <unknown>\n#14 0x56167ea936ef <unknown>\n#15 0x56167eae79d8 <unknown>\n#16 0x56167eae7ba7 <unknown>\n#17 0x56167eaf79ec <unknown>\n#18 0x7f6fcfc94ac3 <unknown>","time":{"start":1728521277205,"stop":1728521303114,"duration":25909}},{"uid":"5ec9b66b629a9cc6","reportUrl":"https://AlexTomAQA.github.io/TestCapitalComPySe/176//#testresult/5ec9b66b629a9cc6","status":"failed","statusDetails":"Failed: Bug № ??? 'About us' menu not present in DOM for 'ae' country '' language","time":{"start":1728434987264,"stop":1728435005880,"duration":18616}},{"uid":"8020661adcb980c5","reportUrl":"https://AlexTomAQA.github.io/TestCapitalComPySe/175//#testresult/8020661adcb980c5","status":"broken","statusDetails":"selenium.common.exceptions.NoSuchElementException: Message: no such element: Unable to locate element: {\"method\":\"css selector\",\"selector\":\"footer > div\"}\n  (Session info: chrome=129.0.6668.58); For documentation on this error, please visit: https://www.selenium.dev/documentation/webdriver/troubleshooting/errors#no-such-element-exception\nStacktrace:\n#0 0x55cc8868f02a <unknown>\n#1 0x55cc883755e0 <unknown>\n#2 0x55cc883c4be8 <unknown>\n#3 0x55cc883c4e81 <unknown>\n#4 0x55cc8840b8c4 <unknown>\n#5 0x55cc883e9b4d <unknown>\n#6 0x55cc88408d7d <unknown>\n#7 0x55cc883e98c3 <unknown>\n#8 0x55cc883b76b3 <unknown>\n#9 0x55cc883b868e <unknown>\n#10 0x55cc88659a2b <unknown>\n#11 0x55cc8865d9b1 <unknown>\n#12 0x55cc88646225 <unknown>\n#13 0x55cc8865e532 <unknown>\n#14 0x55cc8862b38f <unknown>\n#15 0x55cc8867df28 <unknown>\n#16 0x55cc8867e0f3 <unknown>\n#17 0x55cc8868de7c <unknown>\n#18 0x7fc952c94ac3 <unknown>","time":{"start":1728351685090,"stop":1728351708965,"duration":23875}}]},"tags":["bug_371b","us_55"]},"source":"a75c906dbc029cc6.json","parameterValues":["'ae'","''","'test001.miketar+1@gmail.com'","'Qwer1234-!@#$'","'NoAuth'","'Chrome'"]}