2024-04-18 06:25:57 ERROR Elements not present after 0.5 seconds on page: https://capital.com/cn/margin-trading
2024-04-18 06:25:57 ERROR 
Traceback (most recent call last):
  File "/home/runner/work/TestCapitalComPySe/TestCapitalComPySe/pages/base_page.py", line 85, in inner_function
    return func(*args, **kwargs)
           ^^^^^^^^^^^^^^^^^^^^^
  File "/home/runner/work/TestCapitalComPySe/TestCapitalComPySe/pages/base_page.py", line 304, in element_is_visible
    return Wait(self.driver, timeout).until(
           ^^^^^^^^^^^^^^^^^^^^^^^^^^^^^^^^^
  File "/home/runner/.cache/pypoetry/virtualenvs/testcapitalcompyse-CcJ6hTD8-py3.12/lib/python3.12/site-packages/selenium/webdriver/support/wait.py", line 105, in until
    raise TimeoutException(message, screen, stacktrace)
selenium.common.exceptions.TimeoutException: Message: 
Stacktrace:
#0 0x5625f4d96863 <unknown>
#1 0x5625f4a8c8c6 <unknown>
#2 0x5625f4ad7618 <unknown>
#3 0x5625f4ad76d1 <unknown>
#4 0x5625f4b1a744 <unknown>
#5 0x5625f4af95cd <unknown>
#6 0x5625f4b17c19 <unknown>
#7 0x5625f4af9343 <unknown>
#8 0x5625f4aca593 <unknown>
#9 0x5625f4acaf5e <unknown>
#10 0x5625f4d5a84b <unknown>
#11 0x5625f4d5e7a5 <unknown>
#12 0x5625f4d48571 <unknown>
#13 0x5625f4d5f332 <unknown>
#14 0x5625f4d2d87f <unknown>
#15 0x5625f4d85728 <unknown>
#16 0x5625f4d858fb <unknown>
#17 0x5625f4d959b4 <unknown>
#18 0x7fe89ea94ac3 <unknown>

2024-04-18 06:26:00 ERROR Elements not present after 0.5 seconds on page: https://capital.com/cn/margin-trading
2024-04-18 06:26:00 ERROR 
Traceback (most recent call last):
  File "/home/runner/work/TestCapitalComPySe/TestCapitalComPySe/pages/base_page.py", line 85, in inner_function
    return func(*args, **kwargs)
           ^^^^^^^^^^^^^^^^^^^^^
  File "/home/runner/work/TestCapitalComPySe/TestCapitalComPySe/pages/base_page.py", line 304, in element_is_visible
    return Wait(self.driver, timeout).until(
           ^^^^^^^^^^^^^^^^^^^^^^^^^^^^^^^^^
  File "/home/runner/.cache/pypoetry/virtualenvs/testcapitalcompyse-CcJ6hTD8-py3.12/lib/python3.12/site-packages/selenium/webdriver/support/wait.py", line 105, in until
    raise TimeoutException(message, screen, stacktrace)
selenium.common.exceptions.TimeoutException: Message: 
Stacktrace:
#0 0x5625f4d96863 <unknown>
#1 0x5625f4a8c8c6 <unknown>
#2 0x5625f4ad7618 <unknown>
#3 0x5625f4ad76d1 <unknown>
#4 0x5625f4b1a744 <unknown>
#5 0x5625f4af95cd <unknown>
#6 0x5625f4b17c19 <unknown>
#7 0x5625f4af9343 <unknown>
#8 0x5625f4aca593 <unknown>
#9 0x5625f4acaf5e <unknown>
#10 0x5625f4d5a84b <unknown>
#11 0x5625f4d5e7a5 <unknown>
#12 0x5625f4d48571 <unknown>
#13 0x5625f4d5f332 <unknown>
#14 0x5625f4d2d87f <unknown>
#15 0x5625f4d85728 <unknown>
#16 0x5625f4d858fb <unknown>
#17 0x5625f4d959b4 <unknown>
#18 0x7fe89ea94ac3 <unknown>

2024-04-18 06:26:03 ERROR Elements not present after 0.5 seconds on page: https://capital.com/cn/margin-trading
2024-04-18 06:26:03 ERROR 
Traceback (most recent call last):
  File "/home/runner/work/TestCapitalComPySe/TestCapitalComPySe/pages/base_page.py", line 85, in inner_function
    return func(*args, **kwargs)
           ^^^^^^^^^^^^^^^^^^^^^
  File "/home/runner/work/TestCapitalComPySe/TestCapitalComPySe/pages/base_page.py", line 304, in element_is_visible
    return Wait(self.driver, timeout).until(
           ^^^^^^^^^^^^^^^^^^^^^^^^^^^^^^^^^
  File "/home/runner/.cache/pypoetry/virtualenvs/testcapitalcompyse-CcJ6hTD8-py3.12/lib/python3.12/site-packages/selenium/webdriver/support/wait.py", line 105, in until
    raise TimeoutException(message, screen, stacktrace)
selenium.common.exceptions.TimeoutException: Message: 
Stacktrace:
#0 0x5625f4d96863 <unknown>
#1 0x5625f4a8c8c6 <unknown>
#2 0x5625f4ad7618 <unknown>
#3 0x5625f4ad76d1 <unknown>
#4 0x5625f4b1a744 <unknown>
#5 0x5625f4af95cd <unknown>
#6 0x5625f4b17c19 <unknown>
#7 0x5625f4af9343 <unknown>
#8 0x5625f4aca593 <unknown>
#9 0x5625f4acaf5e <unknown>
#10 0x5625f4d5a84b <unknown>
#11 0x5625f4d5e7a5 <unknown>
#12 0x5625f4d48571 <unknown>
#13 0x5625f4d5f332 <unknown>
#14 0x5625f4d2d87f <unknown>
#15 0x5625f4d85728 <unknown>
#16 0x5625f4d858fb <unknown>
#17 0x5625f4d959b4 <unknown>
#18 0x7fe89ea94ac3 <unknown>