{"uid":"49faccd889f07248","name":"TC_55!401 (Lang: en) | Bid:55!401-en.ae.NoAuth","fullName":"tests.US_55_ReTestsManual.tassobaccato.US_55-tassobaccato_ReTestsManual_test.TestManualDetectedBugs#test_401","historyId":"0d1d3b995aeb449353f7db6c9ca52738","time":{"start":1743380674861,"stop":1743380680662,"duration":5801},"description":"\n        Check: Menu section [Markets] > Menu item [Shares] > “Rivian Automotive, Inc.” page > Click the link “initial\n                public offering (IPO)” in the  block “Rivian Automotive Inc. Company profile”\n        Language: EN\n        License: SCA, FCA\n        Author: Kasila\n        ","descriptionHtml":"<pre><code>    Check: Menu section [Markets] &gt; Menu item [Shares] &gt; “Rivian Automotive, Inc.” page &gt; Click the link “initial\n            public offering (IPO)” in the  block “Rivian Automotive Inc. Company profile”\n    Language: EN\n    License: SCA, FCA\n    Author: Kasila\n</code></pre>\n","status":"failed","statusMessage":"Failed: Bug! 'Login' button is not clicked","statusTrace":"self = <pages.conditions_v2.NewConditions object at 0x7f86a1b94920>\nd = <selenium.webdriver.chrome.webdriver.WebDriver (session=\"360eec9999ca38c64572e4e744a260dc\")>\nlink = 'https://capital.com/en-gb', login = 'test001.miketar+1@gmail.com'\npassword = 'Qwer1234-!@#$', cur_role = 'NoAuth'\n\n    @allure.step(f\"{datetime.now()}   Start Authorization\")\n    # @profile(precision=3)\n    def to_do_authorisation_new(self, d, link, login, password, cur_role):\n        \"\"\"Authorization\"\"\"\n        print(f\"\\n\" f\"{datetime.now()}   Start Authorization\")\n    \n        # Setup wait for later\n        menu = MainMenu(d, link)\n        assert login != \"\", \"Авторизация невозможна. Не указан e-mail\"\n        assert password != \"\", \"Авторизация невозможна. Не указан пароль\"\n    \n        # нажать в хедере на кнопку \"Log in\"\n        try:\n>           menu.element_is_clickable(menu.MENU_LOGIN).click()\n\npages/conditions_v2.py:237: \n_ _ _ _ _ _ _ _ _ _ _ _ _ _ _ _ _ _ _ _ _ _ _ _ _ _ _ _ _ _ _ _ _ _ _ _ _ _ _ _ \n../../../.cache/pypoetry/virtualenvs/testcapitalcompyse-CcJ6hTD8-py3.12/lib/python3.12/site-packages/selenium/webdriver/remote/webelement.py:94: in click\n    self._execute(Command.CLICK_ELEMENT)\n../../../.cache/pypoetry/virtualenvs/testcapitalcompyse-CcJ6hTD8-py3.12/lib/python3.12/site-packages/selenium/webdriver/remote/webelement.py:395: in _execute\n    return self._parent.execute(command, params)\n../../../.cache/pypoetry/virtualenvs/testcapitalcompyse-CcJ6hTD8-py3.12/lib/python3.12/site-packages/selenium/webdriver/remote/webdriver.py:380: in execute\n    self.error_handler.check_response(response)\n_ _ _ _ _ _ _ _ _ _ _ _ _ _ _ _ _ _ _ _ _ _ _ _ _ _ _ _ _ _ _ _ _ _ _ _ _ _ _ _ \n\nself = <selenium.webdriver.remote.errorhandler.ErrorHandler object at 0x7f86a1af7320>\nresponse = {'status': 400, 'value': '{\"value\":{\"error\":\"element click intercepted\",\"message\":\"element click intercepted: Element ...\\\\n#21 0x55cd1b5c9e76 \\\\u003Cunknown>\\\\n#22 0x7f799e69caa4 \\\\u003Cunknown>\\\\n#23 0x7f799e729c3c \\\\u003Cunknown>\\\\n\"}}'}\n\n    def check_response(self, response: Dict[str, Any]) -> None:\n        \"\"\"Checks that a JSON response from the WebDriver does not have an\n        error.\n    \n        :Args:\n         - response - The JSON response from the WebDriver server as a dictionary\n           object.\n    \n        :Raises: If the response contains an error message.\n        \"\"\"\n        status = response.get(\"status\", None)\n        if not status or status == ErrorCode.SUCCESS:\n            return\n        value = None\n        message = response.get(\"message\", \"\")\n        screen: str = response.get(\"screen\", \"\")\n        stacktrace = None\n        if isinstance(status, int):\n            value_json = response.get(\"value\", None)\n            if value_json and isinstance(value_json, str):\n                import json\n    \n                try:\n                    value = json.loads(value_json)\n                    if len(value) == 1:\n                        value = value[\"value\"]\n                    status = value.get(\"error\", None)\n                    if not status:\n                        status = value.get(\"status\", ErrorCode.UNKNOWN_ERROR)\n                        message = value.get(\"value\") or value.get(\"message\")\n                        if not isinstance(message, str):\n                            value = message\n                            message = message.get(\"message\")\n                    else:\n                        message = value.get(\"message\", None)\n                except ValueError:\n                    pass\n    \n        exception_class: Type[WebDriverException]\n        e = ErrorCode()\n        error_codes = [item for item in dir(e) if not item.startswith(\"__\")]\n        for error_code in error_codes:\n            error_info = getattr(ErrorCode, error_code)\n            if isinstance(error_info, list) and status in error_info:\n                exception_class = getattr(ExceptionMapping, error_code, WebDriverException)\n                break\n        else:\n            exception_class = WebDriverException\n    \n        if not value:\n            value = response[\"value\"]\n        if isinstance(value, str):\n            raise exception_class(value)\n        if message == \"\" and \"message\" in value:\n            message = value[\"message\"]\n    \n        screen = None  # type: ignore[assignment]\n        if \"screen\" in value:\n            screen = value[\"screen\"]\n    \n        stacktrace = None\n        st_value = value.get(\"stackTrace\") or value.get(\"stacktrace\")\n        if st_value:\n            if isinstance(st_value, str):\n                stacktrace = st_value.split(\"\\n\")\n            else:\n                stacktrace = []\n                try:\n                    for frame in st_value:\n                        line = frame.get(\"lineNumber\", \"\")\n                        file = frame.get(\"fileName\", \"<anonymous>\")\n                        if line:\n                            file = f\"{file}:{line}\"\n                        meth = frame.get(\"methodName\", \"<anonymous>\")\n                        if \"className\" in frame:\n                            meth = f\"{frame['className']}.{meth}\"\n                        msg = \"    at %s (%s)\"\n                        msg = msg % (meth, file)\n                        stacktrace.append(msg)\n                except TypeError:\n                    pass\n        if exception_class == UnexpectedAlertPresentException:\n            alert_text = None\n            if \"data\" in value:\n                alert_text = value[\"data\"].get(\"text\")\n            elif \"alert\" in value:\n                alert_text = value[\"alert\"].get(\"text\")\n            raise exception_class(message, screen, stacktrace, alert_text)  # type: ignore[call-arg]  # mypy is not smart enough here\n>       raise exception_class(message, screen, stacktrace)\nE       selenium.common.exceptions.ElementClickInterceptedException: Message: element click intercepted: Element <button class=\"accountBtns_btn__vOcCs accountBtns_btnEmpty__TCWRE helpers_showLg__UPEqH js-analyticsClick js-analyticsVisible\" data-type=\"btn_header_login\" data-testid=\"login_btn\">...</button> is not clickable at point (1385, 121). Other element would receive the click: <div class=\"modal_overlay__f_YlZ modal_mobileBottomAttached__cTOIu\">...</div>\nE         (Session info: chrome=134.0.6998.88)\nE       Stacktrace:\nE       #0 0x55cd1b5caffa <unknown>\nE       #1 0x55cd1b089970 <unknown>\nE       #2 0x55cd1b0e21ec <unknown>\nE       #3 0x55cd1b0e0055 <unknown>\nE       #4 0x55cd1b0dd6f2 <unknown>\nE       #5 0x55cd1b0dc8ca <unknown>\nE       #6 0x55cd1b0cf4cd <unknown>\nE       #7 0x55cd1b101292 <unknown>\nE       #8 0x55cd1b0cee4a <unknown>\nE       #9 0x55cd1b10145e <unknown>\nE       #10 0x55cd1b12770c <unknown>\nE       #11 0x55cd1b101063 <unknown>\nE       #12 0x55cd1b0cd328 <unknown>\nE       #13 0x55cd1b0ce491 <unknown>\nE       #14 0x55cd1b59242b <unknown>\nE       #15 0x55cd1b5962ec <unknown>\nE       #16 0x55cd1b579a22 <unknown>\nE       #17 0x55cd1b596e64 <unknown>\nE       #18 0x55cd1b55dbef <unknown>\nE       #19 0x55cd1b5b9558 <unknown>\nE       #20 0x55cd1b5b9736 <unknown>\nE       #21 0x55cd1b5c9e76 <unknown>\nE       #22 0x7f799e69caa4 <unknown>\nE       #23 0x7f799e729c3c <unknown>\n\n../../../.cache/pypoetry/virtualenvs/testcapitalcompyse-CcJ6hTD8-py3.12/lib/python3.12/site-packages/selenium/webdriver/remote/errorhandler.py:229: ElementClickInterceptedException\n\nDuring handling of the above exception, another exception occurred:\n\nself = <US_55-tassobaccato_ReTestsManual_test.TestManualDetectedBugs object at 0x7f86a28a77d0>\nworker_id = 'master'\nd = <selenium.webdriver.chrome.webdriver.WebDriver (session=\"360eec9999ca38c64572e4e744a260dc\")>\ncur_language = '', cur_country = 'ae', cur_role = 'NoAuth'\ncur_login = 'test001.miketar+1@gmail.com', cur_password = 'Qwer1234-!@#$'\n\n    @allure.step('Start retest manual AT_55!401 The page with “404 error message” is displayed')\n    @pytest.mark.parametrize('cur_language', [''])\n    @pytest.mark.parametrize('cur_country', ['ae', 'gb'])\n    @pytest.mark.parametrize('cur_role', [\"NoReg\", \"Auth\", \"NoAuth\"])\n    @pytest.mark.bug_401\n    def test_401(self, worker_id, d, cur_language, cur_country, cur_role, cur_login, cur_password):\n        \"\"\"\n        Check: Menu section [Markets] > Menu item [Shares] > “Rivian Automotive, Inc.” page > Click the link “initial\n                public offering (IPO)” in the  block “Rivian Automotive Inc. Company profile”\n        Language: EN\n        License: SCA, FCA\n        Author: Kasila\n        \"\"\"\n    \n        bid = build_dynamic_arg_for_us_55(\n            d, worker_id, cur_language, cur_country, cur_role,\n            \"55\", \"ReTests of Manual Detected Bugs\",\n            \"401\", 'The page with “404 error message” is displayed after clicking the link “initial '\n                    'public offering (IPO)” in the block “Rivian Automotive Inc. Company profile” on the page “Rivian '\n                    'Automotive, Inc.” when SCA or FCA license is selected'\n        )\n    \n>       link = apply_preconditions_to_link(d, cur_language, cur_country, cur_role, cur_login, cur_password)\n\ntests/US_55_ReTestsManual/tassobaccato/US_55-tassobaccato_ReTestsManual_test.py:604: \n_ _ _ _ _ _ _ _ _ _ _ _ _ _ _ _ _ _ _ _ _ _ _ _ _ _ _ _ _ _ _ _ _ _ _ _ _ _ _ _ \npages/conditions_v2.py:78: in apply_preconditions_to_link\n    return cond.preconditions(d, CapitalComPageSrc.URL_NEW, '', cur_language, cur_country, cur_role,\npages/conditions_v2.py:154: in preconditions\n    self.to_do_authorisation_new(d, host, cur_login, cur_password, cur_role)\n_ _ _ _ _ _ _ _ _ _ _ _ _ _ _ _ _ _ _ _ _ _ _ _ _ _ _ _ _ _ _ _ _ _ _ _ _ _ _ _ \n\nself = <pages.conditions_v2.NewConditions object at 0x7f86a1b94920>\nd = <selenium.webdriver.chrome.webdriver.WebDriver (session=\"360eec9999ca38c64572e4e744a260dc\")>\nlink = 'https://capital.com/en-gb', login = 'test001.miketar+1@gmail.com'\npassword = 'Qwer1234-!@#$', cur_role = 'NoAuth'\n\n    @allure.step(f\"{datetime.now()}   Start Authorization\")\n    # @profile(precision=3)\n    def to_do_authorisation_new(self, d, link, login, password, cur_role):\n        \"\"\"Authorization\"\"\"\n        print(f\"\\n\" f\"{datetime.now()}   Start Authorization\")\n    \n        # Setup wait for later\n        menu = MainMenu(d, link)\n        assert login != \"\", \"Авторизация невозможна. Не указан e-mail\"\n        assert password != \"\", \"Авторизация невозможна. Не указан пароль\"\n    \n        # нажать в хедере на кнопку \"Log in\"\n        try:\n            menu.element_is_clickable(menu.MENU_LOGIN).click()\n        except:\n>           pytest.fail(\"Bug! 'Login' button is not clicked\")\nE           Failed: Bug! 'Login' button is not clicked\n\npages/conditions_v2.py:239: Failed","flaky":false,"newFailed":false,"newBroken":false,"newPassed":false,"retriesCount":0,"retriesStatusChange":false,"beforeStages":[{"name":"d","time":{"start":1743379621009,"stop":1743379622276,"duration":1267},"status":"passed","steps":[],"attachments":[],"parameters":[],"shouldDisplayMessage":false,"stepsCount":0,"attachmentsCount":0,"hasContent":false,"attachmentStep":false},{"name":"worker_id","time":{"start":1743379622276,"stop":1743379622276,"duration":0},"status":"passed","steps":[],"attachments":[],"parameters":[],"shouldDisplayMessage":false,"stepsCount":0,"attachmentsCount":0,"hasContent":false,"attachmentStep":false},{"name":"cur_login","time":{"start":1743379622276,"stop":1743379622276,"duration":0},"status":"passed","steps":[],"attachments":[],"parameters":[],"shouldDisplayMessage":false,"stepsCount":0,"attachmentsCount":0,"hasContent":false,"attachmentStep":false},{"name":"cur_password","time":{"start":1743379622276,"stop":1743379622276,"duration":0},"status":"passed","steps":[],"attachments":[],"parameters":[],"shouldDisplayMessage":false,"stepsCount":0,"attachmentsCount":0,"hasContent":false,"attachmentStep":false}],"testStage":{"description":"\n        Check: Menu section [Markets] > Menu item [Shares] > “Rivian Automotive, Inc.” page > Click the link “initial\n                public offering (IPO)” in the  block “Rivian Automotive Inc. Company profile”\n        Language: EN\n        License: SCA, FCA\n        Author: Kasila\n        ","status":"failed","statusMessage":"Failed: Bug! 'Login' button is not clicked","statusTrace":"self = <pages.conditions_v2.NewConditions object at 0x7f86a1b94920>\nd = <selenium.webdriver.chrome.webdriver.WebDriver (session=\"360eec9999ca38c64572e4e744a260dc\")>\nlink = 'https://capital.com/en-gb', login = 'test001.miketar+1@gmail.com'\npassword = 'Qwer1234-!@#$', cur_role = 'NoAuth'\n\n    @allure.step(f\"{datetime.now()}   Start Authorization\")\n    # @profile(precision=3)\n    def to_do_authorisation_new(self, d, link, login, password, cur_role):\n        \"\"\"Authorization\"\"\"\n        print(f\"\\n\" f\"{datetime.now()}   Start Authorization\")\n    \n        # Setup wait for later\n        menu = MainMenu(d, link)\n        assert login != \"\", \"Авторизация невозможна. Не указан e-mail\"\n        assert password != \"\", \"Авторизация невозможна. Не указан пароль\"\n    \n        # нажать в хедере на кнопку \"Log in\"\n        try:\n>           menu.element_is_clickable(menu.MENU_LOGIN).click()\n\npages/conditions_v2.py:237: \n_ _ _ _ _ _ _ _ _ _ _ _ _ _ _ _ _ _ _ _ _ _ _ _ _ _ _ _ _ _ _ _ _ _ _ _ _ _ _ _ \n../../../.cache/pypoetry/virtualenvs/testcapitalcompyse-CcJ6hTD8-py3.12/lib/python3.12/site-packages/selenium/webdriver/remote/webelement.py:94: in click\n    self._execute(Command.CLICK_ELEMENT)\n../../../.cache/pypoetry/virtualenvs/testcapitalcompyse-CcJ6hTD8-py3.12/lib/python3.12/site-packages/selenium/webdriver/remote/webelement.py:395: in _execute\n    return self._parent.execute(command, params)\n../../../.cache/pypoetry/virtualenvs/testcapitalcompyse-CcJ6hTD8-py3.12/lib/python3.12/site-packages/selenium/webdriver/remote/webdriver.py:380: in execute\n    self.error_handler.check_response(response)\n_ _ _ _ _ _ _ _ _ _ _ _ _ _ _ _ _ _ _ _ _ _ _ _ _ _ _ _ _ _ _ _ _ _ _ _ _ _ _ _ \n\nself = <selenium.webdriver.remote.errorhandler.ErrorHandler object at 0x7f86a1af7320>\nresponse = {'status': 400, 'value': '{\"value\":{\"error\":\"element click intercepted\",\"message\":\"element click intercepted: Element ...\\\\n#21 0x55cd1b5c9e76 \\\\u003Cunknown>\\\\n#22 0x7f799e69caa4 \\\\u003Cunknown>\\\\n#23 0x7f799e729c3c \\\\u003Cunknown>\\\\n\"}}'}\n\n    def check_response(self, response: Dict[str, Any]) -> None:\n        \"\"\"Checks that a JSON response from the WebDriver does not have an\n        error.\n    \n        :Args:\n         - response - The JSON response from the WebDriver server as a dictionary\n           object.\n    \n        :Raises: If the response contains an error message.\n        \"\"\"\n        status = response.get(\"status\", None)\n        if not status or status == ErrorCode.SUCCESS:\n            return\n        value = None\n        message = response.get(\"message\", \"\")\n        screen: str = response.get(\"screen\", \"\")\n        stacktrace = None\n        if isinstance(status, int):\n            value_json = response.get(\"value\", None)\n            if value_json and isinstance(value_json, str):\n                import json\n    \n                try:\n                    value = json.loads(value_json)\n                    if len(value) == 1:\n                        value = value[\"value\"]\n                    status = value.get(\"error\", None)\n                    if not status:\n                        status = value.get(\"status\", ErrorCode.UNKNOWN_ERROR)\n                        message = value.get(\"value\") or value.get(\"message\")\n                        if not isinstance(message, str):\n                            value = message\n                            message = message.get(\"message\")\n                    else:\n                        message = value.get(\"message\", None)\n                except ValueError:\n                    pass\n    \n        exception_class: Type[WebDriverException]\n        e = ErrorCode()\n        error_codes = [item for item in dir(e) if not item.startswith(\"__\")]\n        for error_code in error_codes:\n            error_info = getattr(ErrorCode, error_code)\n            if isinstance(error_info, list) and status in error_info:\n                exception_class = getattr(ExceptionMapping, error_code, WebDriverException)\n                break\n        else:\n            exception_class = WebDriverException\n    \n        if not value:\n            value = response[\"value\"]\n        if isinstance(value, str):\n            raise exception_class(value)\n        if message == \"\" and \"message\" in value:\n            message = value[\"message\"]\n    \n        screen = None  # type: ignore[assignment]\n        if \"screen\" in value:\n            screen = value[\"screen\"]\n    \n        stacktrace = None\n        st_value = value.get(\"stackTrace\") or value.get(\"stacktrace\")\n        if st_value:\n            if isinstance(st_value, str):\n                stacktrace = st_value.split(\"\\n\")\n            else:\n                stacktrace = []\n                try:\n                    for frame in st_value:\n                        line = frame.get(\"lineNumber\", \"\")\n                        file = frame.get(\"fileName\", \"<anonymous>\")\n                        if line:\n                            file = f\"{file}:{line}\"\n                        meth = frame.get(\"methodName\", \"<anonymous>\")\n                        if \"className\" in frame:\n                            meth = f\"{frame['className']}.{meth}\"\n                        msg = \"    at %s (%s)\"\n                        msg = msg % (meth, file)\n                        stacktrace.append(msg)\n                except TypeError:\n                    pass\n        if exception_class == UnexpectedAlertPresentException:\n            alert_text = None\n            if \"data\" in value:\n                alert_text = value[\"data\"].get(\"text\")\n            elif \"alert\" in value:\n                alert_text = value[\"alert\"].get(\"text\")\n            raise exception_class(message, screen, stacktrace, alert_text)  # type: ignore[call-arg]  # mypy is not smart enough here\n>       raise exception_class(message, screen, stacktrace)\nE       selenium.common.exceptions.ElementClickInterceptedException: Message: element click intercepted: Element <button class=\"accountBtns_btn__vOcCs accountBtns_btnEmpty__TCWRE helpers_showLg__UPEqH js-analyticsClick js-analyticsVisible\" data-type=\"btn_header_login\" data-testid=\"login_btn\">...</button> is not clickable at point (1385, 121). Other element would receive the click: <div class=\"modal_overlay__f_YlZ modal_mobileBottomAttached__cTOIu\">...</div>\nE         (Session info: chrome=134.0.6998.88)\nE       Stacktrace:\nE       #0 0x55cd1b5caffa <unknown>\nE       #1 0x55cd1b089970 <unknown>\nE       #2 0x55cd1b0e21ec <unknown>\nE       #3 0x55cd1b0e0055 <unknown>\nE       #4 0x55cd1b0dd6f2 <unknown>\nE       #5 0x55cd1b0dc8ca <unknown>\nE       #6 0x55cd1b0cf4cd <unknown>\nE       #7 0x55cd1b101292 <unknown>\nE       #8 0x55cd1b0cee4a <unknown>\nE       #9 0x55cd1b10145e <unknown>\nE       #10 0x55cd1b12770c <unknown>\nE       #11 0x55cd1b101063 <unknown>\nE       #12 0x55cd1b0cd328 <unknown>\nE       #13 0x55cd1b0ce491 <unknown>\nE       #14 0x55cd1b59242b <unknown>\nE       #15 0x55cd1b5962ec <unknown>\nE       #16 0x55cd1b579a22 <unknown>\nE       #17 0x55cd1b596e64 <unknown>\nE       #18 0x55cd1b55dbef <unknown>\nE       #19 0x55cd1b5b9558 <unknown>\nE       #20 0x55cd1b5b9736 <unknown>\nE       #21 0x55cd1b5c9e76 <unknown>\nE       #22 0x7f799e69caa4 <unknown>\nE       #23 0x7f799e729c3c <unknown>\n\n../../../.cache/pypoetry/virtualenvs/testcapitalcompyse-CcJ6hTD8-py3.12/lib/python3.12/site-packages/selenium/webdriver/remote/errorhandler.py:229: ElementClickInterceptedException\n\nDuring handling of the above exception, another exception occurred:\n\nself = <US_55-tassobaccato_ReTestsManual_test.TestManualDetectedBugs object at 0x7f86a28a77d0>\nworker_id = 'master'\nd = <selenium.webdriver.chrome.webdriver.WebDriver (session=\"360eec9999ca38c64572e4e744a260dc\")>\ncur_language = '', cur_country = 'ae', cur_role = 'NoAuth'\ncur_login = 'test001.miketar+1@gmail.com', cur_password = 'Qwer1234-!@#$'\n\n    @allure.step('Start retest manual AT_55!401 The page with “404 error message” is displayed')\n    @pytest.mark.parametrize('cur_language', [''])\n    @pytest.mark.parametrize('cur_country', ['ae', 'gb'])\n    @pytest.mark.parametrize('cur_role', [\"NoReg\", \"Auth\", \"NoAuth\"])\n    @pytest.mark.bug_401\n    def test_401(self, worker_id, d, cur_language, cur_country, cur_role, cur_login, cur_password):\n        \"\"\"\n        Check: Menu section [Markets] > Menu item [Shares] > “Rivian Automotive, Inc.” page > Click the link “initial\n                public offering (IPO)” in the  block “Rivian Automotive Inc. Company profile”\n        Language: EN\n        License: SCA, FCA\n        Author: Kasila\n        \"\"\"\n    \n        bid = build_dynamic_arg_for_us_55(\n            d, worker_id, cur_language, cur_country, cur_role,\n            \"55\", \"ReTests of Manual Detected Bugs\",\n            \"401\", 'The page with “404 error message” is displayed after clicking the link “initial '\n                    'public offering (IPO)” in the block “Rivian Automotive Inc. Company profile” on the page “Rivian '\n                    'Automotive, Inc.” when SCA or FCA license is selected'\n        )\n    \n>       link = apply_preconditions_to_link(d, cur_language, cur_country, cur_role, cur_login, cur_password)\n\ntests/US_55_ReTestsManual/tassobaccato/US_55-tassobaccato_ReTestsManual_test.py:604: \n_ _ _ _ _ _ _ _ _ _ _ _ _ _ _ _ _ _ _ _ _ _ _ _ _ _ _ _ _ _ _ _ _ _ _ _ _ _ _ _ \npages/conditions_v2.py:78: in apply_preconditions_to_link\n    return cond.preconditions(d, CapitalComPageSrc.URL_NEW, '', cur_language, cur_country, cur_role,\npages/conditions_v2.py:154: in preconditions\n    self.to_do_authorisation_new(d, host, cur_login, cur_password, cur_role)\n_ _ _ _ _ _ _ _ _ _ _ _ _ _ _ _ _ _ _ _ _ _ _ _ _ _ _ _ _ _ _ _ _ _ _ _ _ _ _ _ \n\nself = <pages.conditions_v2.NewConditions object at 0x7f86a1b94920>\nd = <selenium.webdriver.chrome.webdriver.WebDriver (session=\"360eec9999ca38c64572e4e744a260dc\")>\nlink = 'https://capital.com/en-gb', login = 'test001.miketar+1@gmail.com'\npassword = 'Qwer1234-!@#$', cur_role = 'NoAuth'\n\n    @allure.step(f\"{datetime.now()}   Start Authorization\")\n    # @profile(precision=3)\n    def to_do_authorisation_new(self, d, link, login, password, cur_role):\n        \"\"\"Authorization\"\"\"\n        print(f\"\\n\" f\"{datetime.now()}   Start Authorization\")\n    \n        # Setup wait for later\n        menu = MainMenu(d, link)\n        assert login != \"\", \"Авторизация невозможна. Не указан e-mail\"\n        assert password != \"\", \"Авторизация невозможна. Не указан пароль\"\n    \n        # нажать в хедере на кнопку \"Log in\"\n        try:\n            menu.element_is_clickable(menu.MENU_LOGIN).click()\n        except:\n>           pytest.fail(\"Bug! 'Login' button is not clicked\")\nE           Failed: Bug! 'Login' button is not clicked\n\npages/conditions_v2.py:239: Failed","steps":[{"name":"Start retest manual AT_55!401 The page with “404 error message” is displayed","time":{"start":1743380674861,"stop":1743380680661,"duration":5800},"status":"failed","statusMessage":"Failed: Bug! 'Login' button is not clicked\n","statusTrace":"  File \"/home/runner/.cache/pypoetry/virtualenvs/testcapitalcompyse-CcJ6hTD8-py3.12/lib/python3.12/site-packages/allure_commons/_allure.py\", line 192, in impl\n    return func(*a, **kw)\n           ^^^^^^^^^^^^^^\n  File \"/home/runner/work/TestCapitalComPySe/TestCapitalComPySe/tests/US_55_ReTestsManual/tassobaccato/US_55-tassobaccato_ReTestsManual_test.py\", line 604, in test_401\n    link = apply_preconditions_to_link(d, cur_language, cur_country, cur_role, cur_login, cur_password)\n           ^^^^^^^^^^^^^^^^^^^^^^^^^^^^^^^^^^^^^^^^^^^^^^^^^^^^^^^^^^^^^^^^^^^^^^^^^^^^^^^^^^^^^^^^^^^^\n  File \"/home/runner/work/TestCapitalComPySe/TestCapitalComPySe/pages/conditions_v2.py\", line 78, in apply_preconditions_to_link\n    return cond.preconditions(d, CapitalComPageSrc.URL_NEW, '', cur_language, cur_country, cur_role,\n           ^^^^^^^^^^^^^^^^^^^^^^^^^^^^^^^^^^^^^^^^^^^^^^^^^^^^^^^^^^^^^^^^^^^^^^^^^^^^^^^^^^^^^^^^^\n  File \"/home/runner/.cache/pypoetry/virtualenvs/testcapitalcompyse-CcJ6hTD8-py3.12/lib/python3.12/site-packages/allure_commons/_allure.py\", line 192, in impl\n    return func(*a, **kw)\n           ^^^^^^^^^^^^^^\n  File \"/home/runner/work/TestCapitalComPySe/TestCapitalComPySe/pages/conditions_v2.py\", line 154, in preconditions\n    self.to_do_authorisation_new(d, host, cur_login, cur_password, cur_role)\n  File \"/home/runner/.cache/pypoetry/virtualenvs/testcapitalcompyse-CcJ6hTD8-py3.12/lib/python3.12/site-packages/allure_commons/_allure.py\", line 192, in impl\n    return func(*a, **kw)\n           ^^^^^^^^^^^^^^\n  File \"/home/runner/work/TestCapitalComPySe/TestCapitalComPySe/pages/conditions_v2.py\", line 239, in to_do_authorisation_new\n    pytest.fail(\"Bug! 'Login' button is not clicked\")\n  File \"/home/runner/.cache/pypoetry/virtualenvs/testcapitalcompyse-CcJ6hTD8-py3.12/lib/python3.12/site-packages/_pytest/outcomes.py\", line 178, in fail\n    raise Failed(msg=reason, pytrace=pytrace)\n","steps":[{"name":"Build dynamic argument for TCs of US_55","time":{"start":1743380674861,"stop":1743380674863,"duration":2},"status":"passed","steps":[],"attachments":[],"parameters":[{"name":"d","value":"<selenium.webdriver.chrome.webdriver.WebDriver (session=\"360eec9999ca38c64572e4e744a260dc\")>"},{"name":"worker_id","value":"'master'"},{"name":"cur_language","value":"''"},{"name":"cur_country","value":"'ae'"},{"name":"cur_role","value":"'NoAuth'"},{"name":"us","value":"'55'"},{"name":"desc_us","value":"'ReTests of Manual Detected Bugs'"},{"name":"num_tc","value":"'401'"},{"name":"desc_tc","value":"'The page with “404 error message” is displayed after clicking the link “initial public offering (IPO)” in the block “Rivian Automotive Inc. Company profile” on the page “Rivian Automotive, Inc.” when SCA or FCA license is selected'"},{"name":"manual","value":"False"},{"name":"new_layout","value":"False"}],"shouldDisplayMessage":false,"stepsCount":0,"attachmentsCount":0,"hasContent":true,"attachmentStep":false},{"name":"   Set New preconditions","time":{"start":1743380674863,"stop":1743380680661,"duration":5798},"status":"failed","statusMessage":"Failed: Bug! 'Login' button is not clicked\n","statusTrace":"  File \"/home/runner/.cache/pypoetry/virtualenvs/testcapitalcompyse-CcJ6hTD8-py3.12/lib/python3.12/site-packages/allure_commons/_allure.py\", line 192, in impl\n    return func(*a, **kw)\n           ^^^^^^^^^^^^^^\n  File \"/home/runner/work/TestCapitalComPySe/TestCapitalComPySe/pages/conditions_v2.py\", line 154, in preconditions\n    self.to_do_authorisation_new(d, host, cur_login, cur_password, cur_role)\n  File \"/home/runner/.cache/pypoetry/virtualenvs/testcapitalcompyse-CcJ6hTD8-py3.12/lib/python3.12/site-packages/allure_commons/_allure.py\", line 192, in impl\n    return func(*a, **kw)\n           ^^^^^^^^^^^^^^\n  File \"/home/runner/work/TestCapitalComPySe/TestCapitalComPySe/pages/conditions_v2.py\", line 239, in to_do_authorisation_new\n    pytest.fail(\"Bug! 'Login' button is not clicked\")\n  File \"/home/runner/.cache/pypoetry/virtualenvs/testcapitalcompyse-CcJ6hTD8-py3.12/lib/python3.12/site-packages/_pytest/outcomes.py\", line 178, in fail\n    raise Failed(msg=reason, pytrace=pytrace)\n","steps":[{"name":"2025-03-31 00:07:00.972417   Start Authorization","time":{"start":1743380679591,"stop":1743380680660,"duration":1069},"status":"failed","statusMessage":"Failed: Bug! 'Login' button is not clicked\n","statusTrace":"  File \"/home/runner/.cache/pypoetry/virtualenvs/testcapitalcompyse-CcJ6hTD8-py3.12/lib/python3.12/site-packages/allure_commons/_allure.py\", line 192, in impl\n    return func(*a, **kw)\n           ^^^^^^^^^^^^^^\n  File \"/home/runner/work/TestCapitalComPySe/TestCapitalComPySe/pages/conditions_v2.py\", line 239, in to_do_authorisation_new\n    pytest.fail(\"Bug! 'Login' button is not clicked\")\n  File \"/home/runner/.cache/pypoetry/virtualenvs/testcapitalcompyse-CcJ6hTD8-py3.12/lib/python3.12/site-packages/_pytest/outcomes.py\", line 178, in fail\n    raise Failed(msg=reason, pytrace=pytrace)\n","steps":[],"attachments":[],"parameters":[{"name":"d","value":"<selenium.webdriver.chrome.webdriver.WebDriver (session=\"360eec9999ca38c64572e4e744a260dc\")>"},{"name":"link","value":"'https://capital.com/en-gb'"},{"name":"login","value":"'test001.miketar+1@gmail.com'"},{"name":"password","value":"'Qwer1234-!@#$'"},{"name":"cur_role","value":"'NoAuth'"}],"shouldDisplayMessage":true,"stepsCount":0,"attachmentsCount":0,"hasContent":true,"attachmentStep":false}],"attachments":[],"parameters":[{"name":"d","value":"<selenium.webdriver.chrome.webdriver.WebDriver (session=\"360eec9999ca38c64572e4e744a260dc\")>"},{"name":"host","value":"'https://capital.com/en-gb'"},{"name":"end_point","value":"''"},{"name":"cur_language","value":"''"},{"name":"cur_country","value":"'ae'"},{"name":"cur_role","value":"'NoAuth'"},{"name":"cur_login","value":"'test001.miketar+1@gmail.com'"},{"name":"cur_password","value":"'Qwer1234-!@#$'"}],"shouldDisplayMessage":false,"stepsCount":1,"attachmentsCount":0,"hasContent":true,"attachmentStep":false}],"attachments":[],"parameters":[{"name":"worker_id","value":"'master'"},{"name":"d","value":"<selenium.webdriver.chrome.webdriver.WebDriver (session=\"360eec9999ca38c64572e4e744a260dc\")>"},{"name":"cur_language","value":"''"},{"name":"cur_country","value":"'ae'"},{"name":"cur_role","value":"'NoAuth'"},{"name":"cur_login","value":"'test001.miketar+1@gmail.com'"},{"name":"cur_password","value":"'Qwer1234-!@#$'"}],"shouldDisplayMessage":false,"stepsCount":3,"attachmentsCount":0,"hasContent":true,"attachmentStep":false}],"attachments":[{"uid":"a51a1d9c39732888","name":"Screenshot","source":"a51a1d9c39732888.png","type":"image/png","size":611008},{"uid":"84750c3f71d043ba","name":"stdout","source":"84750c3f71d043ba.txt","type":"text/plain","size":1962}],"parameters":[],"shouldDisplayMessage":true,"stepsCount":4,"attachmentsCount":2,"hasContent":true,"attachmentStep":false},"afterStages":[{"name":"d::0","time":{"start":1743381319799,"stop":1743381320104,"duration":305},"status":"passed","steps":[],"attachments":[],"parameters":[],"shouldDisplayMessage":false,"stepsCount":0,"attachmentsCount":0,"hasContent":false,"attachmentStep":false}],"labels":[{"name":"epic","value":"TC_55!401 | The page with “404 error message” is displayed after clicking the link “initial public offering (IPO)” in the block “Rivian Automotive Inc. Company profile” on the page “Rivian Automotive, Inc.” when SCA or FCA license is selected"},{"name":"feature","value":"Role: NoAuth"},{"name":"story","value":"Country: ae"},{"name":"tag","value":"bug_401"},{"name":"tag","value":"us_55"},{"name":"parentSuite","value":"tests.US_55_ReTestsManual.tassobaccato"},{"name":"suite","value":"US_55-tassobaccato_ReTestsManual_test"},{"name":"subSuite","value":"TestManualDetectedBugs"},{"name":"host","value":"fv-az2211-234"},{"name":"thread","value":"29882-MainThread"},{"name":"framework","value":"pytest"},{"name":"language","value":"cpython3"},{"name":"package","value":"tests.US_55_ReTestsManual.tassobaccato.US_55-tassobaccato_ReTestsManual_test"},{"name":"resultFormat","value":"allure2"}],"parameters":[{"name":"cur_country","value":"'ae'"},{"name":"cur_language","value":"''"},{"name":"cur_login","value":"'test001.miketar+1@gmail.com'"},{"name":"cur_password","value":"'Qwer1234-!@#$'"},{"name":"cur_role","value":"'NoAuth'"},{"name":"d","value":"'Chrome'"}],"links":[],"hidden":false,"retry":false,"extra":{"severity":"normal","retries":[],"categories":[{"name":"Product defects","matchedStatuses":[],"flaky":false}],"history":{"statistic":{"failed":18,"broken":0,"skipped":0,"passed":5,"unknown":0,"total":23},"items":[{"uid":"62f0cab05d237de3","reportUrl":"https://AlexTomAQA.github.io/TestCapitalComPySe/363//#testresult/62f0cab05d237de3","status":"failed","statusDetails":"Failed: Bug! 'Login' button is not clicked","time":{"start":1743294788138,"stop":1743294793943,"duration":5805}},{"uid":"8eb11cf9a4ffe236","reportUrl":"https://AlexTomAQA.github.io/TestCapitalComPySe/362//#testresult/8eb11cf9a4ffe236","status":"failed","statusDetails":"Failed: Bug! 'Login' button is not clicked","time":{"start":1743208195409,"stop":1743208201337,"duration":5928}},{"uid":"3e04a7f383097bd3","reportUrl":"https://AlexTomAQA.github.io/TestCapitalComPySe/361//#testresult/3e04a7f383097bd3","status":"failed","statusDetails":"Failed: Bug! 'Login' button is not clicked","time":{"start":1743121891239,"stop":1743121897154,"duration":5915}},{"uid":"57b9aefe6dc83eae","reportUrl":"https://AlexTomAQA.github.io/TestCapitalComPySe/360//#testresult/57b9aefe6dc83eae","status":"failed","statusDetails":"Failed: Bug! 'Login' button is not clicked","time":{"start":1743034774721,"stop":1743034780682,"duration":5961}},{"uid":"c0760f807c1dd7fb","reportUrl":"https://AlexTomAQA.github.io/TestCapitalComPySe/359//#testresult/c0760f807c1dd7fb","status":"failed","statusDetails":"Failed: Bug! 'Login' button is not clicked","time":{"start":1742948286953,"stop":1742948292782,"duration":5829}},{"uid":"44575374300eecae","reportUrl":"https://AlexTomAQA.github.io/TestCapitalComPySe/358//#testresult/44575374300eecae","status":"failed","statusDetails":"Failed: Bug! 'Login' button is not clicked","time":{"start":1742861686382,"stop":1742861692460,"duration":6078}},{"uid":"3f0c70ec47b9f965","reportUrl":"https://AlexTomAQA.github.io/TestCapitalComPySe/357//#testresult/3f0c70ec47b9f965","status":"failed","statusDetails":"Failed: Bug! 'Login' button is not clicked","time":{"start":1742775367686,"stop":1742775373636,"duration":5950}},{"uid":"d7c0231ab6da567e","reportUrl":"https://AlexTomAQA.github.io/TestCapitalComPySe/356//#testresult/d7c0231ab6da567e","status":"failed","statusDetails":"Failed: Bug! 'Login' button is not clicked","time":{"start":1742689691814,"stop":1742689697654,"duration":5840}},{"uid":"8c645dea4898eec6","reportUrl":"https://AlexTomAQA.github.io/TestCapitalComPySe/355//#testresult/8c645dea4898eec6","status":"failed","statusDetails":"Failed: Bug! 'Login' button is not clicked","time":{"start":1742603329227,"stop":1742603335062,"duration":5835}},{"uid":"9edc5084e66fcd89","reportUrl":"https://AlexTomAQA.github.io/TestCapitalComPySe/354//#testresult/9edc5084e66fcd89","status":"failed","statusDetails":"Failed: Bug! 'Login' button is not clicked","time":{"start":1742515906830,"stop":1742515912896,"duration":6066}},{"uid":"3ebe4b52139c3485","reportUrl":"https://AlexTomAQA.github.io/TestCapitalComPySe/353//#testresult/3ebe4b52139c3485","status":"failed","statusDetails":"Failed: Bug! 'Login' button is not clicked","time":{"start":1742429547616,"stop":1742429553711,"duration":6095}},{"uid":"2f7b3ed7b9f4ab77","reportUrl":"https://AlexTomAQA.github.io/TestCapitalComPySe/352//#testresult/2f7b3ed7b9f4ab77","status":"failed","statusDetails":"Failed: Bug! 'Login' button is not clicked","time":{"start":1742342659113,"stop":1742342665179,"duration":6066}},{"uid":"625ffc317cab5514","reportUrl":"https://AlexTomAQA.github.io/TestCapitalComPySe/351//#testresult/625ffc317cab5514","status":"failed","statusDetails":"Failed: Bug! 'Login' button is not clicked","time":{"start":1742257812664,"stop":1742257818625,"duration":5961}},{"uid":"b0d04c8f18619e34","reportUrl":"https://AlexTomAQA.github.io/TestCapitalComPySe/350//#testresult/b0d04c8f18619e34","status":"failed","statusDetails":"Failed: Bug! 'Login' button is not clicked","time":{"start":1742171195733,"stop":1742171201760,"duration":6027}},{"uid":"2fa7bdd3f638a0c6","reportUrl":"https://AlexTomAQA.github.io/TestCapitalComPySe/349//#testresult/2fa7bdd3f638a0c6","status":"failed","statusDetails":"Failed: Bug! 'Login' button is not clicked","time":{"start":1742085117936,"stop":1742085123954,"duration":6018}},{"uid":"2bd93b71c50c5501","reportUrl":"https://AlexTomAQA.github.io/TestCapitalComPySe/348//#testresult/2bd93b71c50c5501","status":"failed","statusDetails":"Failed: Bug! 'Login' button is not clicked","time":{"start":1741997648459,"stop":1741997654246,"duration":5787}},{"uid":"d8491c4899c4076d","reportUrl":"https://AlexTomAQA.github.io/TestCapitalComPySe/347//#testresult/d8491c4899c4076d","status":"passed","time":{"start":1741916119480,"stop":1741916147677,"duration":28197}},{"uid":"bc7763d282bfbb74","reportUrl":"https://AlexTomAQA.github.io/TestCapitalComPySe/346//#testresult/bc7763d282bfbb74","status":"passed","time":{"start":1741829018633,"stop":1741829047047,"duration":28414}},{"uid":"2559723ea6baea69","reportUrl":"https://AlexTomAQA.github.io/TestCapitalComPySe/345//#testresult/2559723ea6baea69","status":"passed","time":{"start":1741749184240,"stop":1741749213353,"duration":29113}},{"uid":"fd4162f0e091f8d","reportUrl":"https://AlexTomAQA.github.io/TestCapitalComPySe/344//#testresult/fd4162f0e091f8d","status":"passed","time":{"start":1741663090580,"stop":1741663120180,"duration":29600}}]},"tags":["us_55","bug_401"]},"source":"49faccd889f07248.json","parameterValues":["'ae'","''","'test001.miketar+1@gmail.com'","'Qwer1234-!@#$'","'NoAuth'","'Chrome'"]}