2024-05-15 10:14:09 ERROR Elements not present after 0.5 seconds on page: https://capital.com/nl
2024-05-15 10:14:09 ERROR 
Traceback (most recent call last):
  File "/home/runner/work/TestCapitalComPySe/TestCapitalComPySe/pages/base_page.py", line 86, in inner_function
    return func(*args, **kwargs)
           ^^^^^^^^^^^^^^^^^^^^^
  File "/home/runner/work/TestCapitalComPySe/TestCapitalComPySe/pages/base_page.py", line 305, in element_is_visible
    return Wait(self.driver, timeout).until(
           ^^^^^^^^^^^^^^^^^^^^^^^^^^^^^^^^^
  File "/home/runner/.cache/pypoetry/virtualenvs/testcapitalcompyse-CcJ6hTD8-py3.12/lib/python3.12/site-packages/selenium/webdriver/support/wait.py", line 105, in until
    raise TimeoutException(message, screen, stacktrace)
selenium.common.exceptions.TimeoutException: Message: 
Stacktrace:
#0 0x55c440f67dc3 <unknown>
#1 0x55c440c564e7 <unknown>
#2 0x55c440ca135d <unknown>
#3 0x55c440ca1411 <unknown>
#4 0x55c440ce4774 <unknown>
#5 0x55c440cc347d <unknown>
#6 0x55c440ce1c29 <unknown>
#7 0x55c440cc31f3 <unknown>
#8 0x55c440c9428a <unknown>
#9 0x55c440c94c5e <unknown>
#10 0x55c440f2c0eb <unknown>
#11 0x55c440f3003b <unknown>
#12 0x55c440f18201 <unknown>
#13 0x55c440f30ba2 <unknown>
#14 0x55c440efd0bf <unknown>
#15 0x55c440f56f18 <unknown>
#16 0x55c440f570f0 <unknown>
#17 0x55c440f66f14 <unknown>
#18 0x7f131e094ac3 <unknown>

2024-05-15 10:14:12 ERROR Elements not present after 0.5 seconds on page: https://capital.com/nl
2024-05-15 10:14:12 ERROR 
Traceback (most recent call last):
  File "/home/runner/work/TestCapitalComPySe/TestCapitalComPySe/pages/base_page.py", line 86, in inner_function
    return func(*args, **kwargs)
           ^^^^^^^^^^^^^^^^^^^^^
  File "/home/runner/work/TestCapitalComPySe/TestCapitalComPySe/pages/base_page.py", line 305, in element_is_visible
    return Wait(self.driver, timeout).until(
           ^^^^^^^^^^^^^^^^^^^^^^^^^^^^^^^^^
  File "/home/runner/.cache/pypoetry/virtualenvs/testcapitalcompyse-CcJ6hTD8-py3.12/lib/python3.12/site-packages/selenium/webdriver/support/wait.py", line 105, in until
    raise TimeoutException(message, screen, stacktrace)
selenium.common.exceptions.TimeoutException: Message: 
Stacktrace:
#0 0x55c440f67dc3 <unknown>
#1 0x55c440c564e7 <unknown>
#2 0x55c440ca135d <unknown>
#3 0x55c440ca1411 <unknown>
#4 0x55c440ce4774 <unknown>
#5 0x55c440cc347d <unknown>
#6 0x55c440ce1c29 <unknown>
#7 0x55c440cc31f3 <unknown>
#8 0x55c440c9428a <unknown>
#9 0x55c440c94c5e <unknown>
#10 0x55c440f2c0eb <unknown>
#11 0x55c440f3003b <unknown>
#12 0x55c440f18201 <unknown>
#13 0x55c440f30ba2 <unknown>
#14 0x55c440efd0bf <unknown>
#15 0x55c440f56f18 <unknown>
#16 0x55c440f570f0 <unknown>
#17 0x55c440f66f14 <unknown>
#18 0x7f131e094ac3 <unknown>

2024-05-15 10:14:15 ERROR Elements not present after 0.5 seconds on page: https://capital.com/nl
2024-05-15 10:14:15 ERROR 
Traceback (most recent call last):
  File "/home/runner/work/TestCapitalComPySe/TestCapitalComPySe/pages/base_page.py", line 86, in inner_function
    return func(*args, **kwargs)
           ^^^^^^^^^^^^^^^^^^^^^
  File "/home/runner/work/TestCapitalComPySe/TestCapitalComPySe/pages/base_page.py", line 305, in element_is_visible
    return Wait(self.driver, timeout).until(
           ^^^^^^^^^^^^^^^^^^^^^^^^^^^^^^^^^
  File "/home/runner/.cache/pypoetry/virtualenvs/testcapitalcompyse-CcJ6hTD8-py3.12/lib/python3.12/site-packages/selenium/webdriver/support/wait.py", line 105, in until
    raise TimeoutException(message, screen, stacktrace)
selenium.common.exceptions.TimeoutException: Message: 
Stacktrace:
#0 0x55c440f67dc3 <unknown>
#1 0x55c440c564e7 <unknown>
#2 0x55c440ca135d <unknown>
#3 0x55c440ca1411 <unknown>
#4 0x55c440ce4774 <unknown>
#5 0x55c440cc347d <unknown>
#6 0x55c440ce1c29 <unknown>
#7 0x55c440cc31f3 <unknown>
#8 0x55c440c9428a <unknown>
#9 0x55c440c94c5e <unknown>
#10 0x55c440f2c0eb <unknown>
#11 0x55c440f3003b <unknown>
#12 0x55c440f18201 <unknown>
#13 0x55c440f30ba2 <unknown>
#14 0x55c440efd0bf <unknown>
#15 0x55c440f56f18 <unknown>
#16 0x55c440f570f0 <unknown>
#17 0x55c440f66f14 <unknown>
#18 0x7f131e094ac3 <unknown>