2024-03-24 05:22:19 ERROR Elements not present after 0.5 seconds on page: https://capital.com/pl/aktualne-ceny-waluty?t=most
2024-03-24 05:22:19 ERROR 
Traceback (most recent call last):
  File "/home/runner/work/TestCapitalComPySe/TestCapitalComPySe/pages/base_page.py", line 85, in inner_function
    return func(*args, **kwargs)
           ^^^^^^^^^^^^^^^^^^^^^
  File "/home/runner/work/TestCapitalComPySe/TestCapitalComPySe/pages/base_page.py", line 306, in element_is_visible
    return Wait(self.driver, timeout).until(
           ^^^^^^^^^^^^^^^^^^^^^^^^^^^^^^^^^
  File "/home/runner/.cache/pypoetry/virtualenvs/testcapitalcompyse-CcJ6hTD8-py3.12/lib/python3.12/site-packages/selenium/webdriver/support/wait.py", line 105, in until
    raise TimeoutException(message, screen, stacktrace)
selenium.common.exceptions.TimeoutException: Message: 
Stacktrace:
#0 0x5653236d9f33 <unknown>
#1 0x5653233d1ce6 <unknown>
#2 0x56532341ce48 <unknown>
#3 0x56532341cf01 <unknown>
#4 0x5653234603f4 <unknown>
#5 0x56532343eedd <unknown>
#6 0x56532345d899 <unknown>
#7 0x56532343ec53 <unknown>
#8 0x56532340fdb3 <unknown>
#9 0x56532341077e <unknown>
#10 0x56532369f86b <unknown>
#11 0x5653236a3885 <unknown>
#12 0x56532368d181 <unknown>
#13 0x5653236a4412 <unknown>
#14 0x56532367125f <unknown>
#15 0x5653236c8528 <unknown>
#16 0x5653236c8723 <unknown>
#17 0x5653236d90e4 <unknown>
#18 0x7f93e2894ac3 <unknown>