{"uid":"7f0e9ea13b8c7abb","name":"TC_55!433 (Lang: en) | Bid:55!433-en.gb.NoAuth","fullName":"tests.US_55_ReTestsManual.saii-d3v.US_55-saii-d3v_ReTestsManual_test.TestManualDetectedBugs#test_433","historyId":"6473af0e288e1e892e8b07dcf72b3a33","time":{"start":1742514604727,"stop":1742514610731,"duration":6004},"description":"\n         Check: The old version of the page \"US Tech 100 index trading guide\" is opened\n         instead of the new one on FCA/SCA licences\n         Language: EN.\n         License: FCA, SCA.\n         Author: Sergey Aiidzhanov\n         ","descriptionHtml":"<pre><code>     Check: The old version of the page &quot;US Tech 100 index trading guide&quot; is opened\n     instead of the new one on FCA/SCA licences\n     Language: EN.\n     License: FCA, SCA.\n     Author: Sergey Aiidzhanov\n</code></pre>\n","status":"failed","statusMessage":"Failed: Bug! 'Login' button is not clicked","statusTrace":"self = <pages.conditions_v2.NewConditions object at 0x7f31ec727320>\nd = <selenium.webdriver.chrome.webdriver.WebDriver (session=\"a60b4cdeee454a8e7319469d708d46a5\")>\nlink = 'https://capital.com/en-gb', login = 'test001.miketar+1@gmail.com'\npassword = 'Qwer1234-!@#$', cur_role = 'NoAuth'\n\n    @allure.step(f\"{datetime.now()}   Start Authorization\")\n    # @profile(precision=3)\n    def to_do_authorisation_new(self, d, link, login, password, cur_role):\n        \"\"\"Authorization\"\"\"\n        print(f\"\\n\" f\"{datetime.now()}   Start Authorization\")\n    \n        # Setup wait for later\n        menu = MainMenu(d, link)\n        assert login != \"\", \"Авторизация невозможна. Не указан e-mail\"\n        assert password != \"\", \"Авторизация невозможна. Не указан пароль\"\n    \n        # нажать в хедере на кнопку \"Log in\"\n        try:\n>           menu.element_is_clickable(menu.MENU_LOGIN).click()\n\npages/conditions_v2.py:237: \n_ _ _ _ _ _ _ _ _ _ _ _ _ _ _ _ _ _ _ _ _ _ _ _ _ _ _ _ _ _ _ _ _ _ _ _ _ _ _ _ \n../../../.cache/pypoetry/virtualenvs/testcapitalcompyse-CcJ6hTD8-py3.12/lib/python3.12/site-packages/selenium/webdriver/remote/webelement.py:94: in click\n    self._execute(Command.CLICK_ELEMENT)\n../../../.cache/pypoetry/virtualenvs/testcapitalcompyse-CcJ6hTD8-py3.12/lib/python3.12/site-packages/selenium/webdriver/remote/webelement.py:395: in _execute\n    return self._parent.execute(command, params)\n../../../.cache/pypoetry/virtualenvs/testcapitalcompyse-CcJ6hTD8-py3.12/lib/python3.12/site-packages/selenium/webdriver/remote/webdriver.py:380: in execute\n    self.error_handler.check_response(response)\n_ _ _ _ _ _ _ _ _ _ _ _ _ _ _ _ _ _ _ _ _ _ _ _ _ _ _ _ _ _ _ _ _ _ _ _ _ _ _ _ \n\nself = <selenium.webdriver.remote.errorhandler.ErrorHandler object at 0x7f31ec909550>\nresponse = {'status': 400, 'value': '{\"value\":{\"error\":\"element click intercepted\",\"message\":\"element click intercepted: Element ...\\\\n#21 0x5612c00898a6 \\\\u003Cunknown>\\\\n#22 0x7febb9a9caa4 \\\\u003Cunknown>\\\\n#23 0x7febb9b29c3c \\\\u003Cunknown>\\\\n\"}}'}\n\n    def check_response(self, response: Dict[str, Any]) -> None:\n        \"\"\"Checks that a JSON response from the WebDriver does not have an\n        error.\n    \n        :Args:\n         - response - The JSON response from the WebDriver server as a dictionary\n           object.\n    \n        :Raises: If the response contains an error message.\n        \"\"\"\n        status = response.get(\"status\", None)\n        if not status or status == ErrorCode.SUCCESS:\n            return\n        value = None\n        message = response.get(\"message\", \"\")\n        screen: str = response.get(\"screen\", \"\")\n        stacktrace = None\n        if isinstance(status, int):\n            value_json = response.get(\"value\", None)\n            if value_json and isinstance(value_json, str):\n                import json\n    \n                try:\n                    value = json.loads(value_json)\n                    if len(value) == 1:\n                        value = value[\"value\"]\n                    status = value.get(\"error\", None)\n                    if not status:\n                        status = value.get(\"status\", ErrorCode.UNKNOWN_ERROR)\n                        message = value.get(\"value\") or value.get(\"message\")\n                        if not isinstance(message, str):\n                            value = message\n                            message = message.get(\"message\")\n                    else:\n                        message = value.get(\"message\", None)\n                except ValueError:\n                    pass\n    \n        exception_class: Type[WebDriverException]\n        e = ErrorCode()\n        error_codes = [item for item in dir(e) if not item.startswith(\"__\")]\n        for error_code in error_codes:\n            error_info = getattr(ErrorCode, error_code)\n            if isinstance(error_info, list) and status in error_info:\n                exception_class = getattr(ExceptionMapping, error_code, WebDriverException)\n                break\n        else:\n            exception_class = WebDriverException\n    \n        if not value:\n            value = response[\"value\"]\n        if isinstance(value, str):\n            raise exception_class(value)\n        if message == \"\" and \"message\" in value:\n            message = value[\"message\"]\n    \n        screen = None  # type: ignore[assignment]\n        if \"screen\" in value:\n            screen = value[\"screen\"]\n    \n        stacktrace = None\n        st_value = value.get(\"stackTrace\") or value.get(\"stacktrace\")\n        if st_value:\n            if isinstance(st_value, str):\n                stacktrace = st_value.split(\"\\n\")\n            else:\n                stacktrace = []\n                try:\n                    for frame in st_value:\n                        line = frame.get(\"lineNumber\", \"\")\n                        file = frame.get(\"fileName\", \"<anonymous>\")\n                        if line:\n                            file = f\"{file}:{line}\"\n                        meth = frame.get(\"methodName\", \"<anonymous>\")\n                        if \"className\" in frame:\n                            meth = f\"{frame['className']}.{meth}\"\n                        msg = \"    at %s (%s)\"\n                        msg = msg % (meth, file)\n                        stacktrace.append(msg)\n                except TypeError:\n                    pass\n        if exception_class == UnexpectedAlertPresentException:\n            alert_text = None\n            if \"data\" in value:\n                alert_text = value[\"data\"].get(\"text\")\n            elif \"alert\" in value:\n                alert_text = value[\"alert\"].get(\"text\")\n            raise exception_class(message, screen, stacktrace, alert_text)  # type: ignore[call-arg]  # mypy is not smart enough here\n>       raise exception_class(message, screen, stacktrace)\nE       selenium.common.exceptions.ElementClickInterceptedException: Message: element click intercepted: Element <button class=\"accountBtns_btn__vOcCs accountBtns_btnEmpty__TCWRE helpers_showLg__UPEqH js-analyticsClick js-analyticsVisible\" data-type=\"btn_header_login\" data-testid=\"login_btn\">...</button> is not clickable at point (1385, 121). Other element would receive the click: <div class=\"modal_overlay__f_YlZ modal_mobileBottomAttached__cTOIu\">...</div>\nE         (Session info: chrome=134.0.6998.88)\nE       Stacktrace:\nE       #0 0x5612c008aa2a <unknown>\nE       #1 0x5612bfb42390 <unknown>\nE       #2 0x5612bfb9aafc <unknown>\nE       #3 0x5612bfb9895c <unknown>\nE       #4 0x5612bfb95ff2 <unknown>\nE       #5 0x5612bfb956f0 <unknown>\nE       #6 0x5612bfb87e0d <unknown>\nE       #7 0x5612bfbb9bd2 <unknown>\nE       #8 0x5612bfb8778a <unknown>\nE       #9 0x5612bfbb9d9e <unknown>\nE       #10 0x5612bfbe007b <unknown>\nE       #11 0x5612bfbb99a3 <unknown>\nE       #12 0x5612bfb8560e <unknown>\nE       #13 0x5612bfb86dd1 <unknown>\nE       #14 0x5612c0050deb <unknown>\nE       #15 0x5612c0054ccc <unknown>\nE       #16 0x5612c00383a2 <unknown>\nE       #17 0x5612c0055844 <unknown>\nE       #18 0x5612c001c1ff <unknown>\nE       #19 0x5612c0079048 <unknown>\nE       #20 0x5612c0079226 <unknown>\nE       #21 0x5612c00898a6 <unknown>\nE       #22 0x7febb9a9caa4 <unknown>\nE       #23 0x7febb9b29c3c <unknown>\n\n../../../.cache/pypoetry/virtualenvs/testcapitalcompyse-CcJ6hTD8-py3.12/lib/python3.12/site-packages/selenium/webdriver/remote/errorhandler.py:229: ElementClickInterceptedException\n\nDuring handling of the above exception, another exception occurred:\n\nself = <US_55-saii-d3v_ReTestsManual_test.TestManualDetectedBugs object at 0x7f31ec8e8c20>\nworker_id = 'master'\nd = <selenium.webdriver.chrome.webdriver.WebDriver (session=\"a60b4cdeee454a8e7319469d708d46a5\")>\ncur_language = '', cur_country = 'gb', cur_role = 'NoAuth'\ncur_login = 'test001.miketar+1@gmail.com', cur_password = 'Qwer1234-!@#$'\n\n    @allure.step(\n        'Start retest manual TC_55!433 | The old version of the page \"US Tech 100 index trading guide\" is opened '\n        'instead of the new one on FCA/SCA licences')\n    @pytest.mark.parametrize('cur_language', [''])\n    @pytest.mark.parametrize('cur_country', ['ae', 'gb'])\n    @pytest.mark.parametrize('cur_role', ['Auth', 'NoAuth', 'NoReg'])\n    @pytest.mark.bug_433\n    def test_433(self, worker_id, d, cur_language, cur_country, cur_role,\n                 cur_login, cur_password):\n        \"\"\"\n         Check: The old version of the page \"US Tech 100 index trading guide\" is opened\n         instead of the new one on FCA/SCA licences\n         Language: EN.\n         License: FCA, SCA.\n         Author: Sergey Aiidzhanov\n         \"\"\"\n        bid = build_dynamic_arg_for_us_55(\n            d, worker_id, cur_language, cur_country, cur_role,\n            \"55\", \"ReTests of Manual Detected Bugs\",\n            \"433\",\n            'The old version of the page \"US Tech 100 index trading guide\" is opened '\n            'instead of the new one on FCA/SCA licences',\n            False,\n            False\n        )\n    \n        # Arrange\n>       link = apply_preconditions_to_link(d, cur_language, cur_country, cur_role, cur_login, cur_password)\n\ntests/US_55_ReTestsManual/saii-d3v/US_55-saii-d3v_ReTestsManual_test.py:1462: \n_ _ _ _ _ _ _ _ _ _ _ _ _ _ _ _ _ _ _ _ _ _ _ _ _ _ _ _ _ _ _ _ _ _ _ _ _ _ _ _ \npages/conditions_v2.py:78: in apply_preconditions_to_link\n    return cond.preconditions(d, CapitalComPageSrc.URL_NEW, '', cur_language, cur_country, cur_role,\npages/conditions_v2.py:154: in preconditions\n    self.to_do_authorisation_new(d, host, cur_login, cur_password, cur_role)\n_ _ _ _ _ _ _ _ _ _ _ _ _ _ _ _ _ _ _ _ _ _ _ _ _ _ _ _ _ _ _ _ _ _ _ _ _ _ _ _ \n\nself = <pages.conditions_v2.NewConditions object at 0x7f31ec727320>\nd = <selenium.webdriver.chrome.webdriver.WebDriver (session=\"a60b4cdeee454a8e7319469d708d46a5\")>\nlink = 'https://capital.com/en-gb', login = 'test001.miketar+1@gmail.com'\npassword = 'Qwer1234-!@#$', cur_role = 'NoAuth'\n\n    @allure.step(f\"{datetime.now()}   Start Authorization\")\n    # @profile(precision=3)\n    def to_do_authorisation_new(self, d, link, login, password, cur_role):\n        \"\"\"Authorization\"\"\"\n        print(f\"\\n\" f\"{datetime.now()}   Start Authorization\")\n    \n        # Setup wait for later\n        menu = MainMenu(d, link)\n        assert login != \"\", \"Авторизация невозможна. Не указан e-mail\"\n        assert password != \"\", \"Авторизация невозможна. Не указан пароль\"\n    \n        # нажать в хедере на кнопку \"Log in\"\n        try:\n            menu.element_is_clickable(menu.MENU_LOGIN).click()\n        except:\n>           pytest.fail(\"Bug! 'Login' button is not clicked\")\nE           Failed: Bug! 'Login' button is not clicked\n\npages/conditions_v2.py:239: Failed","flaky":false,"newFailed":false,"newBroken":false,"newPassed":false,"retriesCount":0,"retriesStatusChange":false,"beforeStages":[{"name":"d","time":{"start":1742512117408,"stop":1742512118216,"duration":808},"status":"passed","steps":[],"attachments":[],"parameters":[],"shouldDisplayMessage":false,"stepsCount":0,"attachmentsCount":0,"hasContent":false,"attachmentStep":false},{"name":"cur_password","time":{"start":1742512118216,"stop":1742512118216,"duration":0},"status":"passed","steps":[],"attachments":[],"parameters":[],"shouldDisplayMessage":false,"stepsCount":0,"attachmentsCount":0,"hasContent":false,"attachmentStep":false},{"name":"worker_id","time":{"start":1742512118216,"stop":1742512118216,"duration":0},"status":"passed","steps":[],"attachments":[],"parameters":[],"shouldDisplayMessage":false,"stepsCount":0,"attachmentsCount":0,"hasContent":false,"attachmentStep":false},{"name":"cur_login","time":{"start":1742512118216,"stop":1742512118216,"duration":0},"status":"passed","steps":[],"attachments":[],"parameters":[],"shouldDisplayMessage":false,"stepsCount":0,"attachmentsCount":0,"hasContent":false,"attachmentStep":false}],"testStage":{"description":"\n         Check: The old version of the page \"US Tech 100 index trading guide\" is opened\n         instead of the new one on FCA/SCA licences\n         Language: EN.\n         License: FCA, SCA.\n         Author: Sergey Aiidzhanov\n         ","status":"failed","statusMessage":"Failed: Bug! 'Login' button is not clicked","statusTrace":"self = <pages.conditions_v2.NewConditions object at 0x7f31ec727320>\nd = <selenium.webdriver.chrome.webdriver.WebDriver (session=\"a60b4cdeee454a8e7319469d708d46a5\")>\nlink = 'https://capital.com/en-gb', login = 'test001.miketar+1@gmail.com'\npassword = 'Qwer1234-!@#$', cur_role = 'NoAuth'\n\n    @allure.step(f\"{datetime.now()}   Start Authorization\")\n    # @profile(precision=3)\n    def to_do_authorisation_new(self, d, link, login, password, cur_role):\n        \"\"\"Authorization\"\"\"\n        print(f\"\\n\" f\"{datetime.now()}   Start Authorization\")\n    \n        # Setup wait for later\n        menu = MainMenu(d, link)\n        assert login != \"\", \"Авторизация невозможна. Не указан e-mail\"\n        assert password != \"\", \"Авторизация невозможна. Не указан пароль\"\n    \n        # нажать в хедере на кнопку \"Log in\"\n        try:\n>           menu.element_is_clickable(menu.MENU_LOGIN).click()\n\npages/conditions_v2.py:237: \n_ _ _ _ _ _ _ _ _ _ _ _ _ _ _ _ _ _ _ _ _ _ _ _ _ _ _ _ _ _ _ _ _ _ _ _ _ _ _ _ \n../../../.cache/pypoetry/virtualenvs/testcapitalcompyse-CcJ6hTD8-py3.12/lib/python3.12/site-packages/selenium/webdriver/remote/webelement.py:94: in click\n    self._execute(Command.CLICK_ELEMENT)\n../../../.cache/pypoetry/virtualenvs/testcapitalcompyse-CcJ6hTD8-py3.12/lib/python3.12/site-packages/selenium/webdriver/remote/webelement.py:395: in _execute\n    return self._parent.execute(command, params)\n../../../.cache/pypoetry/virtualenvs/testcapitalcompyse-CcJ6hTD8-py3.12/lib/python3.12/site-packages/selenium/webdriver/remote/webdriver.py:380: in execute\n    self.error_handler.check_response(response)\n_ _ _ _ _ _ _ _ _ _ _ _ _ _ _ _ _ _ _ _ _ _ _ _ _ _ _ _ _ _ _ _ _ _ _ _ _ _ _ _ \n\nself = <selenium.webdriver.remote.errorhandler.ErrorHandler object at 0x7f31ec909550>\nresponse = {'status': 400, 'value': '{\"value\":{\"error\":\"element click intercepted\",\"message\":\"element click intercepted: Element ...\\\\n#21 0x5612c00898a6 \\\\u003Cunknown>\\\\n#22 0x7febb9a9caa4 \\\\u003Cunknown>\\\\n#23 0x7febb9b29c3c \\\\u003Cunknown>\\\\n\"}}'}\n\n    def check_response(self, response: Dict[str, Any]) -> None:\n        \"\"\"Checks that a JSON response from the WebDriver does not have an\n        error.\n    \n        :Args:\n         - response - The JSON response from the WebDriver server as a dictionary\n           object.\n    \n        :Raises: If the response contains an error message.\n        \"\"\"\n        status = response.get(\"status\", None)\n        if not status or status == ErrorCode.SUCCESS:\n            return\n        value = None\n        message = response.get(\"message\", \"\")\n        screen: str = response.get(\"screen\", \"\")\n        stacktrace = None\n        if isinstance(status, int):\n            value_json = response.get(\"value\", None)\n            if value_json and isinstance(value_json, str):\n                import json\n    \n                try:\n                    value = json.loads(value_json)\n                    if len(value) == 1:\n                        value = value[\"value\"]\n                    status = value.get(\"error\", None)\n                    if not status:\n                        status = value.get(\"status\", ErrorCode.UNKNOWN_ERROR)\n                        message = value.get(\"value\") or value.get(\"message\")\n                        if not isinstance(message, str):\n                            value = message\n                            message = message.get(\"message\")\n                    else:\n                        message = value.get(\"message\", None)\n                except ValueError:\n                    pass\n    \n        exception_class: Type[WebDriverException]\n        e = ErrorCode()\n        error_codes = [item for item in dir(e) if not item.startswith(\"__\")]\n        for error_code in error_codes:\n            error_info = getattr(ErrorCode, error_code)\n            if isinstance(error_info, list) and status in error_info:\n                exception_class = getattr(ExceptionMapping, error_code, WebDriverException)\n                break\n        else:\n            exception_class = WebDriverException\n    \n        if not value:\n            value = response[\"value\"]\n        if isinstance(value, str):\n            raise exception_class(value)\n        if message == \"\" and \"message\" in value:\n            message = value[\"message\"]\n    \n        screen = None  # type: ignore[assignment]\n        if \"screen\" in value:\n            screen = value[\"screen\"]\n    \n        stacktrace = None\n        st_value = value.get(\"stackTrace\") or value.get(\"stacktrace\")\n        if st_value:\n            if isinstance(st_value, str):\n                stacktrace = st_value.split(\"\\n\")\n            else:\n                stacktrace = []\n                try:\n                    for frame in st_value:\n                        line = frame.get(\"lineNumber\", \"\")\n                        file = frame.get(\"fileName\", \"<anonymous>\")\n                        if line:\n                            file = f\"{file}:{line}\"\n                        meth = frame.get(\"methodName\", \"<anonymous>\")\n                        if \"className\" in frame:\n                            meth = f\"{frame['className']}.{meth}\"\n                        msg = \"    at %s (%s)\"\n                        msg = msg % (meth, file)\n                        stacktrace.append(msg)\n                except TypeError:\n                    pass\n        if exception_class == UnexpectedAlertPresentException:\n            alert_text = None\n            if \"data\" in value:\n                alert_text = value[\"data\"].get(\"text\")\n            elif \"alert\" in value:\n                alert_text = value[\"alert\"].get(\"text\")\n            raise exception_class(message, screen, stacktrace, alert_text)  # type: ignore[call-arg]  # mypy is not smart enough here\n>       raise exception_class(message, screen, stacktrace)\nE       selenium.common.exceptions.ElementClickInterceptedException: Message: element click intercepted: Element <button class=\"accountBtns_btn__vOcCs accountBtns_btnEmpty__TCWRE helpers_showLg__UPEqH js-analyticsClick js-analyticsVisible\" data-type=\"btn_header_login\" data-testid=\"login_btn\">...</button> is not clickable at point (1385, 121). Other element would receive the click: <div class=\"modal_overlay__f_YlZ modal_mobileBottomAttached__cTOIu\">...</div>\nE         (Session info: chrome=134.0.6998.88)\nE       Stacktrace:\nE       #0 0x5612c008aa2a <unknown>\nE       #1 0x5612bfb42390 <unknown>\nE       #2 0x5612bfb9aafc <unknown>\nE       #3 0x5612bfb9895c <unknown>\nE       #4 0x5612bfb95ff2 <unknown>\nE       #5 0x5612bfb956f0 <unknown>\nE       #6 0x5612bfb87e0d <unknown>\nE       #7 0x5612bfbb9bd2 <unknown>\nE       #8 0x5612bfb8778a <unknown>\nE       #9 0x5612bfbb9d9e <unknown>\nE       #10 0x5612bfbe007b <unknown>\nE       #11 0x5612bfbb99a3 <unknown>\nE       #12 0x5612bfb8560e <unknown>\nE       #13 0x5612bfb86dd1 <unknown>\nE       #14 0x5612c0050deb <unknown>\nE       #15 0x5612c0054ccc <unknown>\nE       #16 0x5612c00383a2 <unknown>\nE       #17 0x5612c0055844 <unknown>\nE       #18 0x5612c001c1ff <unknown>\nE       #19 0x5612c0079048 <unknown>\nE       #20 0x5612c0079226 <unknown>\nE       #21 0x5612c00898a6 <unknown>\nE       #22 0x7febb9a9caa4 <unknown>\nE       #23 0x7febb9b29c3c <unknown>\n\n../../../.cache/pypoetry/virtualenvs/testcapitalcompyse-CcJ6hTD8-py3.12/lib/python3.12/site-packages/selenium/webdriver/remote/errorhandler.py:229: ElementClickInterceptedException\n\nDuring handling of the above exception, another exception occurred:\n\nself = <US_55-saii-d3v_ReTestsManual_test.TestManualDetectedBugs object at 0x7f31ec8e8c20>\nworker_id = 'master'\nd = <selenium.webdriver.chrome.webdriver.WebDriver (session=\"a60b4cdeee454a8e7319469d708d46a5\")>\ncur_language = '', cur_country = 'gb', cur_role = 'NoAuth'\ncur_login = 'test001.miketar+1@gmail.com', cur_password = 'Qwer1234-!@#$'\n\n    @allure.step(\n        'Start retest manual TC_55!433 | The old version of the page \"US Tech 100 index trading guide\" is opened '\n        'instead of the new one on FCA/SCA licences')\n    @pytest.mark.parametrize('cur_language', [''])\n    @pytest.mark.parametrize('cur_country', ['ae', 'gb'])\n    @pytest.mark.parametrize('cur_role', ['Auth', 'NoAuth', 'NoReg'])\n    @pytest.mark.bug_433\n    def test_433(self, worker_id, d, cur_language, cur_country, cur_role,\n                 cur_login, cur_password):\n        \"\"\"\n         Check: The old version of the page \"US Tech 100 index trading guide\" is opened\n         instead of the new one on FCA/SCA licences\n         Language: EN.\n         License: FCA, SCA.\n         Author: Sergey Aiidzhanov\n         \"\"\"\n        bid = build_dynamic_arg_for_us_55(\n            d, worker_id, cur_language, cur_country, cur_role,\n            \"55\", \"ReTests of Manual Detected Bugs\",\n            \"433\",\n            'The old version of the page \"US Tech 100 index trading guide\" is opened '\n            'instead of the new one on FCA/SCA licences',\n            False,\n            False\n        )\n    \n        # Arrange\n>       link = apply_preconditions_to_link(d, cur_language, cur_country, cur_role, cur_login, cur_password)\n\ntests/US_55_ReTestsManual/saii-d3v/US_55-saii-d3v_ReTestsManual_test.py:1462: \n_ _ _ _ _ _ _ _ _ _ _ _ _ _ _ _ _ _ _ _ _ _ _ _ _ _ _ _ _ _ _ _ _ _ _ _ _ _ _ _ \npages/conditions_v2.py:78: in apply_preconditions_to_link\n    return cond.preconditions(d, CapitalComPageSrc.URL_NEW, '', cur_language, cur_country, cur_role,\npages/conditions_v2.py:154: in preconditions\n    self.to_do_authorisation_new(d, host, cur_login, cur_password, cur_role)\n_ _ _ _ _ _ _ _ _ _ _ _ _ _ _ _ _ _ _ _ _ _ _ _ _ _ _ _ _ _ _ _ _ _ _ _ _ _ _ _ \n\nself = <pages.conditions_v2.NewConditions object at 0x7f31ec727320>\nd = <selenium.webdriver.chrome.webdriver.WebDriver (session=\"a60b4cdeee454a8e7319469d708d46a5\")>\nlink = 'https://capital.com/en-gb', login = 'test001.miketar+1@gmail.com'\npassword = 'Qwer1234-!@#$', cur_role = 'NoAuth'\n\n    @allure.step(f\"{datetime.now()}   Start Authorization\")\n    # @profile(precision=3)\n    def to_do_authorisation_new(self, d, link, login, password, cur_role):\n        \"\"\"Authorization\"\"\"\n        print(f\"\\n\" f\"{datetime.now()}   Start Authorization\")\n    \n        # Setup wait for later\n        menu = MainMenu(d, link)\n        assert login != \"\", \"Авторизация невозможна. Не указан e-mail\"\n        assert password != \"\", \"Авторизация невозможна. Не указан пароль\"\n    \n        # нажать в хедере на кнопку \"Log in\"\n        try:\n            menu.element_is_clickable(menu.MENU_LOGIN).click()\n        except:\n>           pytest.fail(\"Bug! 'Login' button is not clicked\")\nE           Failed: Bug! 'Login' button is not clicked\n\npages/conditions_v2.py:239: Failed","steps":[{"name":"Start retest manual TC_55!433 | The old version of the page \"US Tech 100 index trading guide\" is opened instead of the new one on FCA/SCA licences","time":{"start":1742514604727,"stop":1742514610730,"duration":6003},"status":"failed","statusMessage":"Failed: Bug! 'Login' button is not clicked\n","statusTrace":"  File \"/home/runner/.cache/pypoetry/virtualenvs/testcapitalcompyse-CcJ6hTD8-py3.12/lib/python3.12/site-packages/allure_commons/_allure.py\", line 192, in impl\n    return func(*a, **kw)\n           ^^^^^^^^^^^^^^\n  File \"/home/runner/work/TestCapitalComPySe/TestCapitalComPySe/tests/US_55_ReTestsManual/saii-d3v/US_55-saii-d3v_ReTestsManual_test.py\", line 1462, in test_433\n    link = apply_preconditions_to_link(d, cur_language, cur_country, cur_role, cur_login, cur_password)\n           ^^^^^^^^^^^^^^^^^^^^^^^^^^^^^^^^^^^^^^^^^^^^^^^^^^^^^^^^^^^^^^^^^^^^^^^^^^^^^^^^^^^^^^^^^^^^\n  File \"/home/runner/work/TestCapitalComPySe/TestCapitalComPySe/pages/conditions_v2.py\", line 78, in apply_preconditions_to_link\n    return cond.preconditions(d, CapitalComPageSrc.URL_NEW, '', cur_language, cur_country, cur_role,\n           ^^^^^^^^^^^^^^^^^^^^^^^^^^^^^^^^^^^^^^^^^^^^^^^^^^^^^^^^^^^^^^^^^^^^^^^^^^^^^^^^^^^^^^^^^\n  File \"/home/runner/.cache/pypoetry/virtualenvs/testcapitalcompyse-CcJ6hTD8-py3.12/lib/python3.12/site-packages/allure_commons/_allure.py\", line 192, in impl\n    return func(*a, **kw)\n           ^^^^^^^^^^^^^^\n  File \"/home/runner/work/TestCapitalComPySe/TestCapitalComPySe/pages/conditions_v2.py\", line 154, in preconditions\n    self.to_do_authorisation_new(d, host, cur_login, cur_password, cur_role)\n  File \"/home/runner/.cache/pypoetry/virtualenvs/testcapitalcompyse-CcJ6hTD8-py3.12/lib/python3.12/site-packages/allure_commons/_allure.py\", line 192, in impl\n    return func(*a, **kw)\n           ^^^^^^^^^^^^^^\n  File \"/home/runner/work/TestCapitalComPySe/TestCapitalComPySe/pages/conditions_v2.py\", line 239, in to_do_authorisation_new\n    pytest.fail(\"Bug! 'Login' button is not clicked\")\n  File \"/home/runner/.cache/pypoetry/virtualenvs/testcapitalcompyse-CcJ6hTD8-py3.12/lib/python3.12/site-packages/_pytest/outcomes.py\", line 178, in fail\n    raise Failed(msg=reason, pytrace=pytrace)\n","steps":[{"name":"Build dynamic argument for TCs of US_55","time":{"start":1742514604727,"stop":1742514604729,"duration":2},"status":"passed","steps":[],"attachments":[],"parameters":[{"name":"d","value":"<selenium.webdriver.chrome.webdriver.WebDriver (session=\"a60b4cdeee454a8e7319469d708d46a5\")>"},{"name":"worker_id","value":"'master'"},{"name":"cur_language","value":"''"},{"name":"cur_country","value":"'gb'"},{"name":"cur_role","value":"'NoAuth'"},{"name":"us","value":"'55'"},{"name":"desc_us","value":"'ReTests of Manual Detected Bugs'"},{"name":"num_tc","value":"'433'"},{"name":"desc_tc","value":"'The old version of the page \"US Tech 100 index trading guide\" is opened instead of the new one on FCA/SCA licences'"},{"name":"manual","value":"False"},{"name":"new_layout","value":"False"}],"shouldDisplayMessage":false,"stepsCount":0,"attachmentsCount":0,"hasContent":true,"attachmentStep":false},{"name":"   Set New preconditions","time":{"start":1742514604730,"stop":1742514610730,"duration":6000},"status":"failed","statusMessage":"Failed: Bug! 'Login' button is not clicked\n","statusTrace":"  File \"/home/runner/.cache/pypoetry/virtualenvs/testcapitalcompyse-CcJ6hTD8-py3.12/lib/python3.12/site-packages/allure_commons/_allure.py\", line 192, in impl\n    return func(*a, **kw)\n           ^^^^^^^^^^^^^^\n  File \"/home/runner/work/TestCapitalComPySe/TestCapitalComPySe/pages/conditions_v2.py\", line 154, in preconditions\n    self.to_do_authorisation_new(d, host, cur_login, cur_password, cur_role)\n  File \"/home/runner/.cache/pypoetry/virtualenvs/testcapitalcompyse-CcJ6hTD8-py3.12/lib/python3.12/site-packages/allure_commons/_allure.py\", line 192, in impl\n    return func(*a, **kw)\n           ^^^^^^^^^^^^^^\n  File \"/home/runner/work/TestCapitalComPySe/TestCapitalComPySe/pages/conditions_v2.py\", line 239, in to_do_authorisation_new\n    pytest.fail(\"Bug! 'Login' button is not clicked\")\n  File \"/home/runner/.cache/pypoetry/virtualenvs/testcapitalcompyse-CcJ6hTD8-py3.12/lib/python3.12/site-packages/_pytest/outcomes.py\", line 178, in fail\n    raise Failed(msg=reason, pytrace=pytrace)\n","steps":[{"name":"2025-03-20 23:08:37.341447   Start Authorization","time":{"start":1742514609618,"stop":1742514610729,"duration":1111},"status":"failed","statusMessage":"Failed: Bug! 'Login' button is not clicked\n","statusTrace":"  File \"/home/runner/.cache/pypoetry/virtualenvs/testcapitalcompyse-CcJ6hTD8-py3.12/lib/python3.12/site-packages/allure_commons/_allure.py\", line 192, in impl\n    return func(*a, **kw)\n           ^^^^^^^^^^^^^^\n  File \"/home/runner/work/TestCapitalComPySe/TestCapitalComPySe/pages/conditions_v2.py\", line 239, in to_do_authorisation_new\n    pytest.fail(\"Bug! 'Login' button is not clicked\")\n  File \"/home/runner/.cache/pypoetry/virtualenvs/testcapitalcompyse-CcJ6hTD8-py3.12/lib/python3.12/site-packages/_pytest/outcomes.py\", line 178, in fail\n    raise Failed(msg=reason, pytrace=pytrace)\n","steps":[],"attachments":[],"parameters":[{"name":"d","value":"<selenium.webdriver.chrome.webdriver.WebDriver (session=\"a60b4cdeee454a8e7319469d708d46a5\")>"},{"name":"link","value":"'https://capital.com/en-gb'"},{"name":"login","value":"'test001.miketar+1@gmail.com'"},{"name":"password","value":"'Qwer1234-!@#$'"},{"name":"cur_role","value":"'NoAuth'"}],"shouldDisplayMessage":true,"stepsCount":0,"attachmentsCount":0,"hasContent":true,"attachmentStep":false}],"attachments":[],"parameters":[{"name":"d","value":"<selenium.webdriver.chrome.webdriver.WebDriver (session=\"a60b4cdeee454a8e7319469d708d46a5\")>"},{"name":"host","value":"'https://capital.com/en-gb'"},{"name":"end_point","value":"''"},{"name":"cur_language","value":"''"},{"name":"cur_country","value":"'gb'"},{"name":"cur_role","value":"'NoAuth'"},{"name":"cur_login","value":"'test001.miketar+1@gmail.com'"},{"name":"cur_password","value":"'Qwer1234-!@#$'"}],"shouldDisplayMessage":false,"stepsCount":1,"attachmentsCount":0,"hasContent":true,"attachmentStep":false}],"attachments":[],"parameters":[{"name":"worker_id","value":"'master'"},{"name":"d","value":"<selenium.webdriver.chrome.webdriver.WebDriver (session=\"a60b4cdeee454a8e7319469d708d46a5\")>"},{"name":"cur_language","value":"''"},{"name":"cur_country","value":"'gb'"},{"name":"cur_role","value":"'NoAuth'"},{"name":"cur_login","value":"'test001.miketar+1@gmail.com'"},{"name":"cur_password","value":"'Qwer1234-!@#$'"}],"shouldDisplayMessage":false,"stepsCount":3,"attachmentsCount":0,"hasContent":true,"attachmentStep":false}],"attachments":[{"uid":"148cdc4d51912508","name":"Screenshot","source":"148cdc4d51912508.png","type":"image/png","size":611094},{"uid":"d7fbd684dfb6f138","name":"stdout","source":"d7fbd684dfb6f138.txt","type":"text/plain","size":1962}],"parameters":[],"shouldDisplayMessage":true,"stepsCount":4,"attachmentsCount":2,"hasContent":true,"attachmentStep":false},"afterStages":[{"name":"d::0","time":{"start":1742514802836,"stop":1742514803233,"duration":397},"status":"passed","steps":[],"attachments":[],"parameters":[],"shouldDisplayMessage":false,"stepsCount":0,"attachmentsCount":0,"hasContent":false,"attachmentStep":false}],"labels":[{"name":"epic","value":"TC_55!433 | The old version of the page \"US Tech 100 index trading guide\" is opened instead of the new one on FCA/SCA licences"},{"name":"feature","value":"Role: NoAuth"},{"name":"story","value":"Country: gb"},{"name":"tag","value":"bug_433"},{"name":"tag","value":"us_55"},{"name":"parentSuite","value":"tests.US_55_ReTestsManual.saii-d3v"},{"name":"suite","value":"US_55-saii-d3v_ReTestsManual_test"},{"name":"subSuite","value":"TestManualDetectedBugs"},{"name":"host","value":"fv-az1319-872"},{"name":"thread","value":"17253-MainThread"},{"name":"framework","value":"pytest"},{"name":"language","value":"cpython3"},{"name":"package","value":"tests.US_55_ReTestsManual.saii-d3v.US_55-saii-d3v_ReTestsManual_test"},{"name":"resultFormat","value":"allure2"}],"parameters":[{"name":"cur_country","value":"'gb'"},{"name":"cur_language","value":"''"},{"name":"cur_login","value":"'test001.miketar+1@gmail.com'"},{"name":"cur_password","value":"'Qwer1234-!@#$'"},{"name":"cur_role","value":"'NoAuth'"},{"name":"d","value":"'Chrome'"}],"links":[],"hidden":false,"retry":false,"extra":{"severity":"normal","retries":[],"categories":[{"name":"Product defects","matchedStatuses":[],"flaky":false}],"history":{"statistic":{"failed":13,"broken":0,"skipped":0,"passed":0,"unknown":0,"total":13},"items":[{"uid":"34a4f5eaab84f864","reportUrl":"https://AlexTomAQA.github.io/TestCapitalComPySe/353//#testresult/34a4f5eaab84f864","status":"failed","statusDetails":"Failed: Bug! 'Login' button is not clicked","time":{"start":1742428294793,"stop":1742428300618,"duration":5825}},{"uid":"81f67acbd325a656","reportUrl":"https://AlexTomAQA.github.io/TestCapitalComPySe/352//#testresult/81f67acbd325a656","status":"failed","statusDetails":"Failed: Bug! 'Login' button is not clicked","time":{"start":1742341385028,"stop":1742341390917,"duration":5889}},{"uid":"9ddfd618225e7c64","reportUrl":"https://AlexTomAQA.github.io/TestCapitalComPySe/351//#testresult/9ddfd618225e7c64","status":"failed","statusDetails":"Failed: Bug! 'Login' button is not clicked","time":{"start":1742256479968,"stop":1742256485959,"duration":5991}},{"uid":"490f56a23848c498","reportUrl":"https://AlexTomAQA.github.io/TestCapitalComPySe/350//#testresult/490f56a23848c498","status":"failed","statusDetails":"Failed: Bug! 'Login' button is not clicked","time":{"start":1742169981712,"stop":1742169987637,"duration":5925}},{"uid":"26ce18c469d4948b","reportUrl":"https://AlexTomAQA.github.io/TestCapitalComPySe/349//#testresult/26ce18c469d4948b","status":"failed","statusDetails":"Failed: Bug! 'Login' button is not clicked","time":{"start":1742083777321,"stop":1742083783237,"duration":5916}},{"uid":"cec388b7378b8f4b","reportUrl":"https://AlexTomAQA.github.io/TestCapitalComPySe/348//#testresult/cec388b7378b8f4b","status":"failed","statusDetails":"Failed: Bug! 'Login' button is not clicked","time":{"start":1741996343608,"stop":1741996349420,"duration":5812}},{"uid":"c9ed50c1b6ffa385","reportUrl":"https://AlexTomAQA.github.io/TestCapitalComPySe/347//#testresult/c9ed50c1b6ffa385","status":"failed","statusDetails":"Failed: Bug # 55!433 The OLD VERSION of the page is opened","time":{"start":1741913942392,"stop":1741913964410,"duration":22018}},{"uid":"cd4bc82e26bbd261","reportUrl":"https://AlexTomAQA.github.io/TestCapitalComPySe/346//#testresult/cd4bc82e26bbd261","status":"failed","statusDetails":"Failed: Bug # 55!433 The OLD VERSION of the page is opened","time":{"start":1741826800866,"stop":1741826822145,"duration":21279}},{"uid":"f3960fd1b55cb419","reportUrl":"https://AlexTomAQA.github.io/TestCapitalComPySe/345//#testresult/f3960fd1b55cb419","status":"failed","statusDetails":"Failed: Bug # 55!433 The OLD VERSION of the page is opened","time":{"start":1741746969061,"stop":1741746990749,"duration":21688}},{"uid":"d2b6b42693ccd542","reportUrl":"https://AlexTomAQA.github.io/TestCapitalComPySe/344//#testresult/d2b6b42693ccd542","status":"failed","statusDetails":"Failed: Bug # 55!433 The OLD VERSION of the page is opened","time":{"start":1741660787751,"stop":1741660809027,"duration":21276}},{"uid":"858d7d7333916314","reportUrl":"https://AlexTomAQA.github.io/TestCapitalComPySe/343//#testresult/858d7d7333916314","status":"failed","statusDetails":"Failed: Bug # 55!433 The OLD VERSION of the page is opened","time":{"start":1741567700068,"stop":1741567721156,"duration":21088}},{"uid":"1442d1559a06877f","reportUrl":"https://AlexTomAQA.github.io/TestCapitalComPySe/342//#testresult/1442d1559a06877f","status":"failed","statusDetails":"Failed: Bug # 55!433 The OLD VERSION of the page is opened","time":{"start":1741480817946,"stop":1741480838205,"duration":20259}}]},"tags":["us_55","bug_433"]},"source":"7f0e9ea13b8c7abb.json","parameterValues":["'gb'","''","'test001.miketar+1@gmail.com'","'Qwer1234-!@#$'","'NoAuth'","'Chrome'"]}