2024-11-06 22:49:27 ERROR Elements not present after 0.5 seconds on page: https://capital.com/it
2024-11-06 22:49:27 ERROR 
Traceback (most recent call last):
  File "/home/runner/work/TestCapitalComPySe/TestCapitalComPySe/pages/base_page.py", line 86, in inner_function
    return func(*args, **kwargs)
           ^^^^^^^^^^^^^^^^^^^^^
  File "/home/runner/work/TestCapitalComPySe/TestCapitalComPySe/pages/base_page.py", line 306, in element_is_visible
    return Wait(self.driver, timeout).until(
           ^^^^^^^^^^^^^^^^^^^^^^^^^^^^^^^^^
  File "/home/runner/.cache/pypoetry/virtualenvs/testcapitalcompyse-CcJ6hTD8-py3.12/lib/python3.12/site-packages/selenium/webdriver/support/wait.py", line 105, in until
    raise TimeoutException(message, screen, stacktrace)
selenium.common.exceptions.TimeoutException: Message: 
Stacktrace:
#0 0x55f7db6316da <unknown>
#1 0x55f7db145f80 <unknown>
#2 0x55f7db192b46 <unknown>
#3 0x55f7db192de1 <unknown>
#4 0x55f7db1d8174 <unknown>
#5 0x55f7db1b6bdd <unknown>
#6 0x55f7db1d569d <unknown>
#7 0x55f7db1b6953 <unknown>
#8 0x55f7db18572e <unknown>
#9 0x55f7db18679e <unknown>
#10 0x55f7db5fcf1b <unknown>
#11 0x55f7db600eb8 <unknown>
#12 0x55f7db5ea42c <unknown>
#13 0x55f7db601a37 <unknown>
#14 0x55f7db5cefef <unknown>
#15 0x55f7db61fad8 <unknown>
#16 0x55f7db61fca0 <unknown>
#17 0x55f7db630556 <unknown>
#18 0x7febb8e94ac3 <unknown>