2024-01-25 04:33:43 ERROR Elements not present after 0.5 seconds on page: https://capital.com/ro/trade-commodities
2024-01-25 04:33:43 ERROR 
Traceback (most recent call last):
  File "/home/runner/work/TestCapitalComPySe/TestCapitalComPySe/pages/base_page.py", line 82, in inner_function
    return func(*args, **kwargs)
           ^^^^^^^^^^^^^^^^^^^^^
  File "/home/runner/work/TestCapitalComPySe/TestCapitalComPySe/pages/base_page.py", line 293, in element_is_visible
    return Wait(self.browser, timeout).until(
           ^^^^^^^^^^^^^^^^^^^^^^^^^^^^^^^^^^
  File "/home/runner/.cache/pypoetry/virtualenvs/testcapitalcompyse-CcJ6hTD8-py3.11/lib/python3.11/site-packages/selenium/webdriver/support/wait.py", line 105, in until
    raise TimeoutException(message, screen, stacktrace)
selenium.common.exceptions.TimeoutException: Message: 
Stacktrace:
#0 0x5603688a2f83 <unknown>
#1 0x56036855bcf7 <unknown>
#2 0x5603685ab99e <unknown>
#3 0x5603685abaa1 <unknown>
#4 0x5603685f6d64 <unknown>
#5 0x5603685d50dd <unknown>
#6 0x5603685f4006 <unknown>
#7 0x5603685d4e53 <unknown>
#8 0x56036859cdd4 <unknown>
#9 0x56036859e1de <unknown>
#10 0x560368867531 <unknown>
#11 0x56036886b455 <unknown>
#12 0x560368853f55 <unknown>
#13 0x56036886c0ef <unknown>
#14 0x56036883799f <unknown>
#15 0x560368890008 <unknown>
#16 0x5603688901d7 <unknown>
#17 0x5603688a2124 <unknown>
#18 0x7fa514e94ac3 <unknown>