2024-04-27 06:32:44 ERROR Elements not present after 0.5 seconds on page: https://capital.com/ar/trading-products
2024-04-27 06:32:44 ERROR 
Traceback (most recent call last):
  File "/home/runner/work/TestCapitalComPySe/TestCapitalComPySe/pages/base_page.py", line 86, in inner_function
    return func(*args, **kwargs)
           ^^^^^^^^^^^^^^^^^^^^^
  File "/home/runner/work/TestCapitalComPySe/TestCapitalComPySe/pages/base_page.py", line 305, in element_is_visible
    return Wait(self.driver, timeout).until(
           ^^^^^^^^^^^^^^^^^^^^^^^^^^^^^^^^^
  File "/home/runner/.cache/pypoetry/virtualenvs/testcapitalcompyse-CcJ6hTD8-py3.12/lib/python3.12/site-packages/selenium/webdriver/support/wait.py", line 105, in until
    raise TimeoutException(message, screen, stacktrace)
selenium.common.exceptions.TimeoutException: Message: 
Stacktrace:
#0 0x55cdf708acb3 <unknown>
#1 0x55cdf6d794a7 <unknown>
#2 0x55cdf6dc431d <unknown>
#3 0x55cdf6dc43d1 <unknown>
#4 0x55cdf6e07734 <unknown>
#5 0x55cdf6de643d <unknown>
#6 0x55cdf6e04be9 <unknown>
#7 0x55cdf6de61b3 <unknown>
#8 0x55cdf6db724a <unknown>
#9 0x55cdf6db7c1e <unknown>
#10 0x55cdf704efdb <unknown>
#11 0x55cdf7052f2b <unknown>
#12 0x55cdf703b0f1 <unknown>
#13 0x55cdf7053a92 <unknown>
#14 0x55cdf701ffaf <unknown>
#15 0x55cdf7079e08 <unknown>
#16 0x55cdf7079fe0 <unknown>
#17 0x55cdf7089e04 <unknown>
#18 0x7f6293c94ac3 <unknown>

2024-04-27 06:32:47 ERROR Elements not present after 0.5 seconds on page: https://capital.com/ar/trading-products
2024-04-27 06:32:47 ERROR 
Traceback (most recent call last):
  File "/home/runner/work/TestCapitalComPySe/TestCapitalComPySe/pages/base_page.py", line 86, in inner_function
    return func(*args, **kwargs)
           ^^^^^^^^^^^^^^^^^^^^^
  File "/home/runner/work/TestCapitalComPySe/TestCapitalComPySe/pages/base_page.py", line 305, in element_is_visible
    return Wait(self.driver, timeout).until(
           ^^^^^^^^^^^^^^^^^^^^^^^^^^^^^^^^^
  File "/home/runner/.cache/pypoetry/virtualenvs/testcapitalcompyse-CcJ6hTD8-py3.12/lib/python3.12/site-packages/selenium/webdriver/support/wait.py", line 105, in until
    raise TimeoutException(message, screen, stacktrace)
selenium.common.exceptions.TimeoutException: Message: 
Stacktrace:
#0 0x55cdf708acb3 <unknown>
#1 0x55cdf6d794a7 <unknown>
#2 0x55cdf6dc431d <unknown>
#3 0x55cdf6dc43d1 <unknown>
#4 0x55cdf6e07734 <unknown>
#5 0x55cdf6de643d <unknown>
#6 0x55cdf6e04be9 <unknown>
#7 0x55cdf6de61b3 <unknown>
#8 0x55cdf6db724a <unknown>
#9 0x55cdf6db7c1e <unknown>
#10 0x55cdf704efdb <unknown>
#11 0x55cdf7052f2b <unknown>
#12 0x55cdf703b0f1 <unknown>
#13 0x55cdf7053a92 <unknown>
#14 0x55cdf701ffaf <unknown>
#15 0x55cdf7079e08 <unknown>
#16 0x55cdf7079fe0 <unknown>
#17 0x55cdf7089e04 <unknown>
#18 0x7f6293c94ac3 <unknown>

2024-04-27 06:32:50 ERROR Elements not present after 0.5 seconds on page: https://capital.com/ar/trading-products
2024-04-27 06:32:50 ERROR 
Traceback (most recent call last):
  File "/home/runner/work/TestCapitalComPySe/TestCapitalComPySe/pages/base_page.py", line 86, in inner_function
    return func(*args, **kwargs)
           ^^^^^^^^^^^^^^^^^^^^^
  File "/home/runner/work/TestCapitalComPySe/TestCapitalComPySe/pages/base_page.py", line 305, in element_is_visible
    return Wait(self.driver, timeout).until(
           ^^^^^^^^^^^^^^^^^^^^^^^^^^^^^^^^^
  File "/home/runner/.cache/pypoetry/virtualenvs/testcapitalcompyse-CcJ6hTD8-py3.12/lib/python3.12/site-packages/selenium/webdriver/support/wait.py", line 105, in until
    raise TimeoutException(message, screen, stacktrace)
selenium.common.exceptions.TimeoutException: Message: 
Stacktrace:
#0 0x55cdf708acb3 <unknown>
#1 0x55cdf6d794a7 <unknown>
#2 0x55cdf6dc431d <unknown>
#3 0x55cdf6dc43d1 <unknown>
#4 0x55cdf6e07734 <unknown>
#5 0x55cdf6de643d <unknown>
#6 0x55cdf6e04be9 <unknown>
#7 0x55cdf6de61b3 <unknown>
#8 0x55cdf6db724a <unknown>
#9 0x55cdf6db7c1e <unknown>
#10 0x55cdf704efdb <unknown>
#11 0x55cdf7052f2b <unknown>
#12 0x55cdf703b0f1 <unknown>
#13 0x55cdf7053a92 <unknown>
#14 0x55cdf701ffaf <unknown>
#15 0x55cdf7079e08 <unknown>
#16 0x55cdf7079fe0 <unknown>
#17 0x55cdf7089e04 <unknown>
#18 0x7f6293c94ac3 <unknown>

2024-04-27 06:32:53 ERROR Elements not present after 0.5 seconds on page: https://capital.com/ar/trading-products
2024-04-27 06:32:53 ERROR 
Traceback (most recent call last):
  File "/home/runner/work/TestCapitalComPySe/TestCapitalComPySe/pages/base_page.py", line 86, in inner_function
    return func(*args, **kwargs)
           ^^^^^^^^^^^^^^^^^^^^^
  File "/home/runner/work/TestCapitalComPySe/TestCapitalComPySe/pages/base_page.py", line 305, in element_is_visible
    return Wait(self.driver, timeout).until(
           ^^^^^^^^^^^^^^^^^^^^^^^^^^^^^^^^^
  File "/home/runner/.cache/pypoetry/virtualenvs/testcapitalcompyse-CcJ6hTD8-py3.12/lib/python3.12/site-packages/selenium/webdriver/support/wait.py", line 105, in until
    raise TimeoutException(message, screen, stacktrace)
selenium.common.exceptions.TimeoutException: Message: 
Stacktrace:
#0 0x55cdf708acb3 <unknown>
#1 0x55cdf6d794a7 <unknown>
#2 0x55cdf6dc431d <unknown>
#3 0x55cdf6dc43d1 <unknown>
#4 0x55cdf6e07734 <unknown>
#5 0x55cdf6de643d <unknown>
#6 0x55cdf6e04be9 <unknown>
#7 0x55cdf6de61b3 <unknown>
#8 0x55cdf6db724a <unknown>
#9 0x55cdf6db7c1e <unknown>
#10 0x55cdf704efdb <unknown>
#11 0x55cdf7052f2b <unknown>
#12 0x55cdf703b0f1 <unknown>
#13 0x55cdf7053a92 <unknown>
#14 0x55cdf701ffaf <unknown>
#15 0x55cdf7079e08 <unknown>
#16 0x55cdf7079fe0 <unknown>
#17 0x55cdf7089e04 <unknown>
#18 0x7f6293c94ac3 <unknown>

2024-04-27 06:32:56 ERROR Elements not present after 0.5 seconds on page: https://capital.com/ar/trading-products
2024-04-27 06:32:56 ERROR 
Traceback (most recent call last):
  File "/home/runner/work/TestCapitalComPySe/TestCapitalComPySe/pages/base_page.py", line 86, in inner_function
    return func(*args, **kwargs)
           ^^^^^^^^^^^^^^^^^^^^^
  File "/home/runner/work/TestCapitalComPySe/TestCapitalComPySe/pages/base_page.py", line 305, in element_is_visible
    return Wait(self.driver, timeout).until(
           ^^^^^^^^^^^^^^^^^^^^^^^^^^^^^^^^^
  File "/home/runner/.cache/pypoetry/virtualenvs/testcapitalcompyse-CcJ6hTD8-py3.12/lib/python3.12/site-packages/selenium/webdriver/support/wait.py", line 105, in until
    raise TimeoutException(message, screen, stacktrace)
selenium.common.exceptions.TimeoutException: Message: 
Stacktrace:
#0 0x55cdf708acb3 <unknown>
#1 0x55cdf6d794a7 <unknown>
#2 0x55cdf6dc431d <unknown>
#3 0x55cdf6dc43d1 <unknown>
#4 0x55cdf6e07734 <unknown>
#5 0x55cdf6de643d <unknown>
#6 0x55cdf6e04be9 <unknown>
#7 0x55cdf6de61b3 <unknown>
#8 0x55cdf6db724a <unknown>
#9 0x55cdf6db7c1e <unknown>
#10 0x55cdf704efdb <unknown>
#11 0x55cdf7052f2b <unknown>
#12 0x55cdf703b0f1 <unknown>
#13 0x55cdf7053a92 <unknown>
#14 0x55cdf701ffaf <unknown>
#15 0x55cdf7079e08 <unknown>
#16 0x55cdf7079fe0 <unknown>
#17 0x55cdf7089e04 <unknown>
#18 0x7f6293c94ac3 <unknown>

2024-04-27 06:33:00 ERROR Elements not present after 0.5 seconds on page: https://capital.com/ar/trading-products
2024-04-27 06:33:00 ERROR 
Traceback (most recent call last):
  File "/home/runner/work/TestCapitalComPySe/TestCapitalComPySe/pages/base_page.py", line 86, in inner_function
    return func(*args, **kwargs)
           ^^^^^^^^^^^^^^^^^^^^^
  File "/home/runner/work/TestCapitalComPySe/TestCapitalComPySe/pages/base_page.py", line 305, in element_is_visible
    return Wait(self.driver, timeout).until(
           ^^^^^^^^^^^^^^^^^^^^^^^^^^^^^^^^^
  File "/home/runner/.cache/pypoetry/virtualenvs/testcapitalcompyse-CcJ6hTD8-py3.12/lib/python3.12/site-packages/selenium/webdriver/support/wait.py", line 105, in until
    raise TimeoutException(message, screen, stacktrace)
selenium.common.exceptions.TimeoutException: Message: 
Stacktrace:
#0 0x55cdf708acb3 <unknown>
#1 0x55cdf6d794a7 <unknown>
#2 0x55cdf6dc431d <unknown>
#3 0x55cdf6dc43d1 <unknown>
#4 0x55cdf6e07734 <unknown>
#5 0x55cdf6de643d <unknown>
#6 0x55cdf6e04be9 <unknown>
#7 0x55cdf6de61b3 <unknown>
#8 0x55cdf6db724a <unknown>
#9 0x55cdf6db7c1e <unknown>
#10 0x55cdf704efdb <unknown>
#11 0x55cdf7052f2b <unknown>
#12 0x55cdf703b0f1 <unknown>
#13 0x55cdf7053a92 <unknown>
#14 0x55cdf701ffaf <unknown>
#15 0x55cdf7079e08 <unknown>
#16 0x55cdf7079fe0 <unknown>
#17 0x55cdf7089e04 <unknown>
#18 0x7f6293c94ac3 <unknown>