2024-04-08 09:19:28 ERROR Elements not present after 0.5 seconds on page: https://capital.com/zh/eur-gbp-feilv
2024-04-08 09:19:28 ERROR 
Traceback (most recent call last):
  File "/home/runner/work/TestCapitalComPySe/TestCapitalComPySe/pages/base_page.py", line 85, in inner_function
    return func(*args, **kwargs)
           ^^^^^^^^^^^^^^^^^^^^^
  File "/home/runner/work/TestCapitalComPySe/TestCapitalComPySe/pages/base_page.py", line 304, in element_is_visible
    return Wait(self.driver, timeout).until(
           ^^^^^^^^^^^^^^^^^^^^^^^^^^^^^^^^^
  File "/home/runner/.cache/pypoetry/virtualenvs/testcapitalcompyse-CcJ6hTD8-py3.12/lib/python3.12/site-packages/selenium/webdriver/support/wait.py", line 105, in until
    raise TimeoutException(message, screen, stacktrace)
selenium.common.exceptions.TimeoutException: Message: 
Stacktrace:
#0 0x558498d98873 <unknown>
#1 0x558498a8e8c6 <unknown>
#2 0x558498ad9618 <unknown>
#3 0x558498ad96d1 <unknown>
#4 0x558498b1c744 <unknown>
#5 0x558498afb5cd <unknown>
#6 0x558498b19c19 <unknown>
#7 0x558498afb343 <unknown>
#8 0x558498acc593 <unknown>
#9 0x558498accf5e <unknown>
#10 0x558498d5c85b <unknown>
#11 0x558498d607b5 <unknown>
#12 0x558498d4a581 <unknown>
#13 0x558498d61342 <unknown>
#14 0x558498d2f88f <unknown>
#15 0x558498d87738 <unknown>
#16 0x558498d8790b <unknown>
#17 0x558498d979c4 <unknown>
#18 0x7f9119a94ac3 <unknown>