{"uid":"fc1187c1360cc48a","name":"TC_55!380 (Lang: en) | Bid:55!380-en.ae.NoReg","fullName":"tests.US_55_ReTestsManual.tassobaccato.US_55-tassobaccato_ReTestsManual_test.TestManualDetectedBugs#test_380","historyId":"6e1b4e572d338b261e2bfe7dac43abf9","time":{"start":1731199356137,"stop":1731199379931,"duration":23794},"description":"\n        Check: TC_55!380 | The relevant pages of \"Social networks\" aren't opened after clicking the Social Network Icons\n                when EN language and SCA license are selected.\n        Language: EN\n        License: SCA\n        Author: Kasila\n        ","descriptionHtml":"<pre><code>    Check: TC_55!380 | The relevant pages of &quot;Social networks&quot; aren't opened after clicking the Social Network Icons\n            when EN language and SCA license are selected.\n    Language: EN\n    License: SCA\n    Author: Kasila\n</code></pre>\n","status":"broken","statusMessage":"IndexError: Cannot choose from an empty sequence","statusTrace":"self = <US_55-tassobaccato_ReTestsManual_test.TestManualDetectedBugs object at 0x7f053452c440>\nworker_id = 'master'\nd = <selenium.webdriver.chrome.webdriver.WebDriver (session=\"d722d787884d481b7568026cc78a3266\")>\ncur_language = '', cur_country = 'ae', cur_role = 'NoReg'\ncur_login = 'test001.miketar+1@gmail.com', cur_password = 'Qwer1234-!@#$'\n\n    @allure.step('Start retest manual AT_55!380: The relevant pages of \"Social networks\" are opened')\n    @pytest.mark.parametrize('cur_language', [''])\n    @pytest.mark.parametrize('cur_country', ['ae'])\n    @pytest.mark.parametrize('cur_role', [\"NoReg\", \"Auth\", \"NoAuth\"])\n    @pytest.mark.bug_380\n    def test_380(self, worker_id, d, cur_language, cur_country, cur_role, cur_login, cur_password):\n        \"\"\"\n        Check: TC_55!380 | The relevant pages of \"Social networks\" aren't opened after clicking the Social Network Icons\n                when EN language and SCA license are selected.\n        Language: EN\n        License: SCA\n        Author: Kasila\n        \"\"\"\n    \n        bid = build_dynamic_arg_for_us_55(\n            d, worker_id, cur_language, cur_country, cur_role,\n            \"55\", \"ReTests of Manual Detected Bugs\",\n            \"380\", 'The relevant pages of \"Social networks\" are opened”'\n        )\n    \n        link = conditions_switch(d, cur_language, cur_country, cur_role, cur_login, cur_password)\n        menu = from_about_us_menu_open_help.MenuNew(d, link)\n        cur_item_link = menu.from_about_us_menu_open_help(d, cur_language, cur_country, link)\n    \n        test_element = SocialNetwork(d, cur_item_link, bid)\n        test_element.social_networks(d, cur_item_link, link)\n>       test_element.element_click(d)\n\ntests/US_55_ReTestsManual/tassobaccato/US_55-tassobaccato_ReTestsManual_test.py:449: \n_ _ _ _ _ _ _ _ _ _ _ _ _ _ _ _ _ _ _ _ _ _ _ _ _ _ _ _ _ _ _ _ _ _ _ _ _ _ _ _ \npages/BugsManual/bug_380.py:51: in element_click\n    random_social_icon = random.choice(social_icon_list)\n_ _ _ _ _ _ _ _ _ _ _ _ _ _ _ _ _ _ _ _ _ _ _ _ _ _ _ _ _ _ _ _ _ _ _ _ _ _ _ _ \n\nself = <random.Random object at 0x555d8b5b6d60>, seq = []\n\n    def choice(self, seq):\n        \"\"\"Choose a random element from a non-empty sequence.\"\"\"\n    \n        # As an accommodation for NumPy, we don't use \"if not seq\"\n        # because bool(numpy.array()) raises a ValueError.\n        if not len(seq):\n>           raise IndexError('Cannot choose from an empty sequence')\nE           IndexError: Cannot choose from an empty sequence\n\n/opt/hostedtoolcache/Python/3.12.4/x64/lib/python3.12/random.py:347: IndexError","flaky":false,"newFailed":false,"newBroken":false,"newPassed":false,"retriesCount":0,"retriesStatusChange":false,"beforeStages":[{"name":"d","time":{"start":1731197886523,"stop":1731197887370,"duration":847},"status":"passed","steps":[],"attachments":[],"parameters":[],"shouldDisplayMessage":false,"stepsCount":0,"attachmentsCount":0,"hasContent":false,"attachmentStep":false},{"name":"worker_id","time":{"start":1731197887370,"stop":1731197887370,"duration":0},"status":"passed","steps":[],"attachments":[],"parameters":[],"shouldDisplayMessage":false,"stepsCount":0,"attachmentsCount":0,"hasContent":false,"attachmentStep":false},{"name":"cur_password","time":{"start":1731197887370,"stop":1731197887370,"duration":0},"status":"passed","steps":[],"attachments":[],"parameters":[],"shouldDisplayMessage":false,"stepsCount":0,"attachmentsCount":0,"hasContent":false,"attachmentStep":false},{"name":"cur_login","time":{"start":1731197887370,"stop":1731197887370,"duration":0},"status":"passed","steps":[],"attachments":[],"parameters":[],"shouldDisplayMessage":false,"stepsCount":0,"attachmentsCount":0,"hasContent":false,"attachmentStep":false}],"testStage":{"description":"\n        Check: TC_55!380 | The relevant pages of \"Social networks\" aren't opened after clicking the Social Network Icons\n                when EN language and SCA license are selected.\n        Language: EN\n        License: SCA\n        Author: Kasila\n        ","status":"broken","statusMessage":"IndexError: Cannot choose from an empty sequence","statusTrace":"self = <US_55-tassobaccato_ReTestsManual_test.TestManualDetectedBugs object at 0x7f053452c440>\nworker_id = 'master'\nd = <selenium.webdriver.chrome.webdriver.WebDriver (session=\"d722d787884d481b7568026cc78a3266\")>\ncur_language = '', cur_country = 'ae', cur_role = 'NoReg'\ncur_login = 'test001.miketar+1@gmail.com', cur_password = 'Qwer1234-!@#$'\n\n    @allure.step('Start retest manual AT_55!380: The relevant pages of \"Social networks\" are opened')\n    @pytest.mark.parametrize('cur_language', [''])\n    @pytest.mark.parametrize('cur_country', ['ae'])\n    @pytest.mark.parametrize('cur_role', [\"NoReg\", \"Auth\", \"NoAuth\"])\n    @pytest.mark.bug_380\n    def test_380(self, worker_id, d, cur_language, cur_country, cur_role, cur_login, cur_password):\n        \"\"\"\n        Check: TC_55!380 | The relevant pages of \"Social networks\" aren't opened after clicking the Social Network Icons\n                when EN language and SCA license are selected.\n        Language: EN\n        License: SCA\n        Author: Kasila\n        \"\"\"\n    \n        bid = build_dynamic_arg_for_us_55(\n            d, worker_id, cur_language, cur_country, cur_role,\n            \"55\", \"ReTests of Manual Detected Bugs\",\n            \"380\", 'The relevant pages of \"Social networks\" are opened”'\n        )\n    \n        link = conditions_switch(d, cur_language, cur_country, cur_role, cur_login, cur_password)\n        menu = from_about_us_menu_open_help.MenuNew(d, link)\n        cur_item_link = menu.from_about_us_menu_open_help(d, cur_language, cur_country, link)\n    \n        test_element = SocialNetwork(d, cur_item_link, bid)\n        test_element.social_networks(d, cur_item_link, link)\n>       test_element.element_click(d)\n\ntests/US_55_ReTestsManual/tassobaccato/US_55-tassobaccato_ReTestsManual_test.py:449: \n_ _ _ _ _ _ _ _ _ _ _ _ _ _ _ _ _ _ _ _ _ _ _ _ _ _ _ _ _ _ _ _ _ _ _ _ _ _ _ _ \npages/BugsManual/bug_380.py:51: in element_click\n    random_social_icon = random.choice(social_icon_list)\n_ _ _ _ _ _ _ _ _ _ _ _ _ _ _ _ _ _ _ _ _ _ _ _ _ _ _ _ _ _ _ _ _ _ _ _ _ _ _ _ \n\nself = <random.Random object at 0x555d8b5b6d60>, seq = []\n\n    def choice(self, seq):\n        \"\"\"Choose a random element from a non-empty sequence.\"\"\"\n    \n        # As an accommodation for NumPy, we don't use \"if not seq\"\n        # because bool(numpy.array()) raises a ValueError.\n        if not len(seq):\n>           raise IndexError('Cannot choose from an empty sequence')\nE           IndexError: Cannot choose from an empty sequence\n\n/opt/hostedtoolcache/Python/3.12.4/x64/lib/python3.12/random.py:347: IndexError","steps":[{"name":"Start retest manual AT_55!380: The relevant pages of \"Social networks\" are opened","time":{"start":1731199356137,"stop":1731199379931,"duration":23794},"status":"broken","statusMessage":"IndexError: Cannot choose from an empty sequence\n","statusTrace":"  File \"/home/runner/.cache/pypoetry/virtualenvs/testcapitalcompyse-CcJ6hTD8-py3.12/lib/python3.12/site-packages/allure_commons/_allure.py\", line 192, in impl\n    return func(*a, **kw)\n           ^^^^^^^^^^^^^^\n  File \"/home/runner/work/TestCapitalComPySe/TestCapitalComPySe/tests/US_55_ReTestsManual/tassobaccato/US_55-tassobaccato_ReTestsManual_test.py\", line 449, in test_380\n    test_element.element_click(d)\n  File \"/home/runner/work/TestCapitalComPySe/TestCapitalComPySe/pages/BugsManual/bug_380.py\", line 51, in element_click\n    random_social_icon = random.choice(social_icon_list)\n                         ^^^^^^^^^^^^^^^^^^^^^^^^^^^^^^^\n  File \"/opt/hostedtoolcache/Python/3.12.4/x64/lib/python3.12/random.py\", line 347, in choice\n    raise IndexError('Cannot choose from an empty sequence')\n","steps":[{"name":"Build dynamic argument for TCs of US_55","time":{"start":1731199356137,"stop":1731199356139,"duration":2},"status":"passed","steps":[],"attachments":[],"parameters":[{"name":"d","value":"<selenium.webdriver.chrome.webdriver.WebDriver (session=\"d722d787884d481b7568026cc78a3266\")>"},{"name":"worker_id","value":"'master'"},{"name":"cur_language","value":"''"},{"name":"cur_country","value":"'ae'"},{"name":"cur_role","value":"'NoReg'"},{"name":"us","value":"'55'"},{"name":"desc_us","value":"'ReTests of Manual Detected Bugs'"},{"name":"num_tc","value":"'380'"},{"name":"desc_tc","value":"'The relevant pages of \"Social networks\" are opened”'"},{"name":"manual","value":"False"},{"name":"new_layout","value":"False"}],"shouldDisplayMessage":false,"stepsCount":0,"attachmentsCount":0,"hasContent":true,"attachmentStep":false},{"name":"   Set New preconditions","time":{"start":1731199356139,"stop":1731199366459,"duration":10320},"status":"passed","steps":[{"name":"2024-11-10 00:18:06.499353   Set language and country","time":{"start":1731199363483,"stop":1731199366454,"duration":2971},"status":"passed","steps":[],"attachments":[],"parameters":[{"name":"d","value":"<selenium.webdriver.chrome.webdriver.WebDriver (session=\"d722d787884d481b7568026cc78a3266\")>"},{"name":"cur_language","value":"'en'"},{"name":"cur_country","value":"'ae'"}],"shouldDisplayMessage":false,"stepsCount":0,"attachmentsCount":0,"hasContent":true,"attachmentStep":false}],"attachments":[],"parameters":[{"name":"d","value":"<selenium.webdriver.chrome.webdriver.WebDriver (session=\"d722d787884d481b7568026cc78a3266\")>"},{"name":"host","value":"'https://capital.com/en-gb'"},{"name":"end_point","value":"''"},{"name":"cur_language","value":"''"},{"name":"cur_country","value":"'ae'"},{"name":"cur_role","value":"'NoReg'"},{"name":"cur_login","value":"'test001.miketar+1@gmail.com'"},{"name":"cur_password","value":"'Qwer1234-!@#$'"}],"shouldDisplayMessage":false,"stepsCount":1,"attachmentsCount":0,"hasContent":true,"attachmentStep":false},{"name":"Select \"About us\" menu, \"Help\" submenu","time":{"start":1731199366459,"stop":1731199374753,"duration":8294},"status":"passed","steps":[],"attachments":[],"parameters":[{"name":"d","value":"<selenium.webdriver.chrome.webdriver.WebDriver (session=\"d722d787884d481b7568026cc78a3266\")>"},{"name":"cur_language","value":"''"},{"name":"cur_country","value":"'ae'"},{"name":"link","value":"'https://capital.com/en-ae'"}],"shouldDisplayMessage":false,"stepsCount":0,"attachmentsCount":0,"hasContent":true,"attachmentStep":false},{"name":"2024-11-10 00:18:06.319695   Start testing that the relevant pages of 'Social networks' are opened”","time":{"start":1731199374754,"stop":1731199374911,"duration":157},"status":"passed","steps":[],"attachments":[],"parameters":[{"name":"d","value":"<selenium.webdriver.chrome.webdriver.WebDriver (session=\"d722d787884d481b7568026cc78a3266\")>"},{"name":"cur_item_link","value":"'https://capital.com/en-ae/help'"},{"name":"cur_link","value":"'https://capital.com/en-ae'"}],"shouldDisplayMessage":false,"stepsCount":0,"attachmentsCount":0,"hasContent":true,"attachmentStep":false}],"attachments":[],"parameters":[{"name":"worker_id","value":"'master'"},{"name":"d","value":"<selenium.webdriver.chrome.webdriver.WebDriver (session=\"d722d787884d481b7568026cc78a3266\")>"},{"name":"cur_language","value":"''"},{"name":"cur_country","value":"'ae'"},{"name":"cur_role","value":"'NoReg'"},{"name":"cur_login","value":"'test001.miketar+1@gmail.com'"},{"name":"cur_password","value":"'Qwer1234-!@#$'"}],"shouldDisplayMessage":true,"stepsCount":5,"attachmentsCount":0,"hasContent":true,"attachmentStep":false}],"attachments":[{"uid":"7368062e99d4d8b","name":"Screenshot","source":"7368062e99d4d8b.png","type":"image/png","size":137482},{"uid":"fc43b162ad2919f9","name":"stdout","source":"fc43b162ad2919f9.txt","type":"text/plain","size":4468}],"parameters":[],"shouldDisplayMessage":true,"stepsCount":6,"attachmentsCount":2,"hasContent":true,"attachmentStep":false},"afterStages":[{"name":"d::0","time":{"start":1731199855420,"stop":1731199855700,"duration":280},"status":"passed","steps":[],"attachments":[],"parameters":[],"shouldDisplayMessage":false,"stepsCount":0,"attachmentsCount":0,"hasContent":false,"attachmentStep":false}],"labels":[{"name":"epic","value":"TC_55!380 | The relevant pages of \"Social networks\" are opened”"},{"name":"feature","value":"Role: NoReg"},{"name":"story","value":"Country: ae"},{"name":"tag","value":"bug_380"},{"name":"tag","value":"us_55"},{"name":"parentSuite","value":"tests.US_55_ReTestsManual.tassobaccato"},{"name":"suite","value":"US_55-tassobaccato_ReTestsManual_test"},{"name":"subSuite","value":"TestManualDetectedBugs"},{"name":"host","value":"fv-az1269-660"},{"name":"thread","value":"36665-MainThread"},{"name":"framework","value":"pytest"},{"name":"language","value":"cpython3"},{"name":"package","value":"tests.US_55_ReTestsManual.tassobaccato.US_55-tassobaccato_ReTestsManual_test"},{"name":"resultFormat","value":"allure2"}],"parameters":[{"name":"cur_country","value":"'ae'"},{"name":"cur_language","value":"''"},{"name":"cur_login","value":"'test001.miketar+1@gmail.com'"},{"name":"cur_password","value":"'Qwer1234-!@#$'"},{"name":"cur_role","value":"'NoReg'"},{"name":"d","value":"'Chrome'"}],"links":[],"hidden":false,"retry":false,"extra":{"severity":"normal","retries":[],"categories":[{"name":"Test defects","matchedStatuses":[],"flaky":false}],"history":{"statistic":{"failed":0,"broken":11,"skipped":0,"passed":0,"unknown":0,"total":11},"items":[{"uid":"a851285d3434b878","reportUrl":"https://AlexTomAQA.github.io/TestCapitalComPySe/215//#testresult/a851285d3434b878","status":"broken","statusDetails":"IndexError: Cannot choose from an empty sequence","time":{"start":1731113517369,"stop":1731113540259,"duration":22890}},{"uid":"9ba50c1bad7134d3","reportUrl":"https://AlexTomAQA.github.io/TestCapitalComPySe/214//#testresult/9ba50c1bad7134d3","status":"broken","statusDetails":"IndexError: Cannot choose from an empty sequence","time":{"start":1731027554361,"stop":1731027577361,"duration":23000}},{"uid":"29b38a3f44660b83","reportUrl":"https://AlexTomAQA.github.io/TestCapitalComPySe/213//#testresult/29b38a3f44660b83","status":"broken","statusDetails":"selenium.common.exceptions.NoSuchElementException: Message: no such element: Unable to locate element: {\"method\":\"css selector\",\"selector\":\"footer > div\"}\n  (Session info: chrome=130.0.6723.91); For documentation on this error, please visit: https://www.selenium.dev/documentation/webdriver/troubleshooting/errors#no-such-element-exception\nStacktrace:\n#0 0x561bcd4856da <unknown>\n#1 0x561bccf99f80 <unknown>\n#2 0x561bccfe6b46 <unknown>\n#3 0x561bccfe6de1 <unknown>\n#4 0x561bcd02c174 <unknown>\n#5 0x561bcd00abdd <unknown>\n#6 0x561bcd02969d <unknown>\n#7 0x561bcd00a953 <unknown>\n#8 0x561bccfd972e <unknown>\n#9 0x561bccfda79e <unknown>\n#10 0x561bcd450f1b <unknown>\n#11 0x561bcd454eb8 <unknown>\n#12 0x561bcd43e42c <unknown>\n#13 0x561bcd455a37 <unknown>\n#14 0x561bcd422fef <unknown>\n#15 0x561bcd473ad8 <unknown>\n#16 0x561bcd473ca0 <unknown>\n#17 0x561bcd484556 <unknown>\n#18 0x7ff4e7094ac3 <unknown>","time":{"start":1730941498843,"stop":1730941522851,"duration":24008}},{"uid":"ed2d9ff126be36c8","reportUrl":"https://AlexTomAQA.github.io/TestCapitalComPySe/212//#testresult/ed2d9ff126be36c8","status":"broken","statusDetails":"selenium.common.exceptions.NoSuchElementException: Message: no such element: Unable to locate element: {\"method\":\"css selector\",\"selector\":\"footer > div\"}\n  (Session info: chrome=130.0.6723.58); For documentation on this error, please visit: https://www.selenium.dev/documentation/webdriver/troubleshooting/errors#no-such-element-exception\nStacktrace:\n#0 0x55b35b5251ca <unknown>\n#1 0x55b35b040460 <unknown>\n#2 0x55b35b08cf96 <unknown>\n#3 0x55b35b08d221 <unknown>\n#4 0x55b35b0d25d4 <unknown>\n#5 0x55b35b0b103d <unknown>\n#6 0x55b35b0cfaf6 <unknown>\n#7 0x55b35b0b0db3 <unknown>\n#8 0x55b35b07fc10 <unknown>\n#9 0x55b35b080bee <unknown>\n#10 0x55b35b4f145b <unknown>\n#11 0x55b35b4f53f8 <unknown>\n#12 0x55b35b4def7c <unknown>\n#13 0x55b35b4f5f77 <unknown>\n#14 0x55b35b4c41cf <unknown>\n#15 0x55b35b5138e8 <unknown>\n#16 0x55b35b513ab0 <unknown>\n#17 0x55b35b524046 <unknown>\n#18 0x7f8924c94ac3 <unknown>","time":{"start":1730853671717,"stop":1730853695244,"duration":23527}},{"uid":"9bedfb33e1931c6a","reportUrl":"https://AlexTomAQA.github.io/TestCapitalComPySe/211//#testresult/9bedfb33e1931c6a","status":"broken","statusDetails":"selenium.common.exceptions.NoSuchElementException: Message: no such element: Unable to locate element: {\"method\":\"css selector\",\"selector\":\"footer > div\"}\n  (Session info: chrome=130.0.6723.58); For documentation on this error, please visit: https://www.selenium.dev/documentation/webdriver/troubleshooting/errors#no-such-element-exception\nStacktrace:\n#0 0x558c56ba713a <unknown>\n#1 0x558c566c2460 <unknown>\n#2 0x558c5670ef96 <unknown>\n#3 0x558c5670f221 <unknown>\n#4 0x558c567545d4 <unknown>\n#5 0x558c5673303d <unknown>\n#6 0x558c56751af6 <unknown>\n#7 0x558c56732db3 <unknown>\n#8 0x558c56701c10 <unknown>\n#9 0x558c56702bee <unknown>\n#10 0x558c56b733cb <unknown>\n#11 0x558c56b77368 <unknown>\n#12 0x558c56b60eec <unknown>\n#13 0x558c56b77ee7 <unknown>\n#14 0x558c56b4613f <unknown>\n#15 0x558c56b95858 <unknown>\n#16 0x558c56b95a20 <unknown>\n#17 0x558c56ba5fb6 <unknown>\n#18 0x7f446d094ac3 <unknown>","time":{"start":1730786761902,"stop":1730786783929,"duration":22027}},{"uid":"1bd0517306a80cbe","reportUrl":"https://AlexTomAQA.github.io/TestCapitalComPySe/210//#testresult/1bd0517306a80cbe","status":"broken","statusDetails":"selenium.common.exceptions.NoSuchElementException: Message: no such element: Unable to locate element: {\"method\":\"css selector\",\"selector\":\"footer > div\"}\n  (Session info: chrome=130.0.6723.91); For documentation on this error, please visit: https://www.selenium.dev/documentation/webdriver/troubleshooting/errors#no-such-element-exception\nStacktrace:\n#0 0x564915b3513a <unknown>\n#1 0x564915650460 <unknown>\n#2 0x56491569cf96 <unknown>\n#3 0x56491569d221 <unknown>\n#4 0x5649156e25d4 <unknown>\n#5 0x5649156c103d <unknown>\n#6 0x5649156dfaf6 <unknown>\n#7 0x5649156c0db3 <unknown>\n#8 0x56491568fc10 <unknown>\n#9 0x564915690bee <unknown>\n#10 0x564915b013cb <unknown>\n#11 0x564915b05368 <unknown>\n#12 0x564915aeeeec <unknown>\n#13 0x564915b05ee7 <unknown>\n#14 0x564915ad413f <unknown>\n#15 0x564915b23858 <unknown>\n#16 0x564915b23a20 <unknown>\n#17 0x564915b33fb6 <unknown>\n#18 0x7f8940294ac3 <unknown>","time":{"start":1730767065858,"stop":1730767086403,"duration":20545}},{"uid":"2d6c9588694c69b9","reportUrl":"https://AlexTomAQA.github.io/TestCapitalComPySe/209//#testresult/2d6c9588694c69b9","status":"broken","statusDetails":"selenium.common.exceptions.NoSuchElementException: Message: no such element: Unable to locate element: {\"method\":\"css selector\",\"selector\":\"footer > div\"}\n  (Session info: chrome=130.0.6723.58); For documentation on this error, please visit: https://www.selenium.dev/documentation/webdriver/troubleshooting/errors#no-such-element-exception\nStacktrace:\n#0 0x55b0d690c13a <unknown>\n#1 0x55b0d6427460 <unknown>\n#2 0x55b0d6473f96 <unknown>\n#3 0x55b0d6474221 <unknown>\n#4 0x55b0d64b95d4 <unknown>\n#5 0x55b0d649803d <unknown>\n#6 0x55b0d64b6af6 <unknown>\n#7 0x55b0d6497db3 <unknown>\n#8 0x55b0d6466c10 <unknown>\n#9 0x55b0d6467bee <unknown>\n#10 0x55b0d68d83cb <unknown>\n#11 0x55b0d68dc368 <unknown>\n#12 0x55b0d68c5eec <unknown>\n#13 0x55b0d68dcee7 <unknown>\n#14 0x55b0d68ab13f <unknown>\n#15 0x55b0d68fa858 <unknown>\n#16 0x55b0d68faa20 <unknown>\n#17 0x55b0d690afb6 <unknown>\n#18 0x7f834e294ac3 <unknown>","time":{"start":1730679732519,"stop":1730679753264,"duration":20745}},{"uid":"16de370a2473fe0d","reportUrl":"https://AlexTomAQA.github.io/TestCapitalComPySe/208//#testresult/16de370a2473fe0d","status":"broken","statusDetails":"selenium.common.exceptions.NoSuchElementException: Message: no such element: Unable to locate element: {\"method\":\"css selector\",\"selector\":\"footer > div\"}\n  (Session info: chrome=130.0.6723.58); For documentation on this error, please visit: https://www.selenium.dev/documentation/webdriver/troubleshooting/errors#no-such-element-exception\nStacktrace:\n#0 0x561e3e11213a <unknown>\n#1 0x561e3dc2d460 <unknown>\n#2 0x561e3dc79f96 <unknown>\n#3 0x561e3dc7a221 <unknown>\n#4 0x561e3dcbf5d4 <unknown>\n#5 0x561e3dc9e03d <unknown>\n#6 0x561e3dcbcaf6 <unknown>\n#7 0x561e3dc9ddb3 <unknown>\n#8 0x561e3dc6cc10 <unknown>\n#9 0x561e3dc6dbee <unknown>\n#10 0x561e3e0de3cb <unknown>\n#11 0x561e3e0e2368 <unknown>\n#12 0x561e3e0cbeec <unknown>\n#13 0x561e3e0e2ee7 <unknown>\n#14 0x561e3e0b113f <unknown>\n#15 0x561e3e100858 <unknown>\n#16 0x561e3e100a20 <unknown>\n#17 0x561e3e110fb6 <unknown>\n#18 0x7f1caf294ac3 <unknown>","time":{"start":1730593565555,"stop":1730593586964,"duration":21409}},{"uid":"c71a25f98abaa96c","reportUrl":"https://AlexTomAQA.github.io/TestCapitalComPySe/207//#testresult/c71a25f98abaa96c","status":"broken","statusDetails":"selenium.common.exceptions.NoSuchElementException: Message: no such element: Unable to locate element: {\"method\":\"css selector\",\"selector\":\"footer > div\"}\n  (Session info: chrome=130.0.6723.58); For documentation on this error, please visit: https://www.selenium.dev/documentation/webdriver/troubleshooting/errors#no-such-element-exception\nStacktrace:\n#0 0x56010bf3713a <unknown>\n#1 0x56010ba52460 <unknown>\n#2 0x56010ba9ef96 <unknown>\n#3 0x56010ba9f221 <unknown>\n#4 0x56010bae45d4 <unknown>\n#5 0x56010bac303d <unknown>\n#6 0x56010bae1af6 <unknown>\n#7 0x56010bac2db3 <unknown>\n#8 0x56010ba91c10 <unknown>\n#9 0x56010ba92bee <unknown>\n#10 0x56010bf033cb <unknown>\n#11 0x56010bf07368 <unknown>\n#12 0x56010bef0eec <unknown>\n#13 0x56010bf07ee7 <unknown>\n#14 0x56010bed613f <unknown>\n#15 0x56010bf25858 <unknown>\n#16 0x56010bf25a20 <unknown>\n#17 0x56010bf35fb6 <unknown>\n#18 0x7f7899294ac3 <unknown>","time":{"start":1730524282942,"stop":1730524303359,"duration":20417}},{"uid":"e26d5a3648e839a5","reportUrl":"https://AlexTomAQA.github.io/TestCapitalComPySe/206//#testresult/e26d5a3648e839a5","status":"broken","statusDetails":"selenium.common.exceptions.NoSuchElementException: Message: no such element: Unable to locate element: {\"method\":\"css selector\",\"selector\":\"footer > div\"}\n  (Session info: chrome=130.0.6723.58); For documentation on this error, please visit: https://www.selenium.dev/documentation/webdriver/troubleshooting/errors#no-such-element-exception\nStacktrace:\n#0 0x55e41a61a13a <unknown>\n#1 0x55e41a135460 <unknown>\n#2 0x55e41a181f96 <unknown>\n#3 0x55e41a182221 <unknown>\n#4 0x55e41a1c75d4 <unknown>\n#5 0x55e41a1a603d <unknown>\n#6 0x55e41a1c4af6 <unknown>\n#7 0x55e41a1a5db3 <unknown>\n#8 0x55e41a174c10 <unknown>\n#9 0x55e41a175bee <unknown>\n#10 0x55e41a5e63cb <unknown>\n#11 0x55e41a5ea368 <unknown>\n#12 0x55e41a5d3eec <unknown>\n#13 0x55e41a5eaee7 <unknown>\n#14 0x55e41a5b913f <unknown>\n#15 0x55e41a608858 <unknown>\n#16 0x55e41a608a20 <unknown>\n#17 0x55e41a618fb6 <unknown>\n#18 0x7faea8a94ac3 <unknown>","time":{"start":1730506850003,"stop":1730506871124,"duration":21121}}]},"tags":["bug_380","us_55"]},"source":"fc1187c1360cc48a.json","parameterValues":["'ae'","''","'test001.miketar+1@gmail.com'","'Qwer1234-!@#$'","'NoReg'","'Chrome'"]}