2024-04-29 10:11:25 ERROR Elements not present after 0.5 seconds on page: https://capital.com/nl/coinbase-global-inc-class-a-common-stock-aandeelprijs
2024-04-29 10:11:25 ERROR 
Traceback (most recent call last):
  File "/home/runner/work/TestCapitalComPySe/TestCapitalComPySe/pages/base_page.py", line 86, in inner_function
    return func(*args, **kwargs)
           ^^^^^^^^^^^^^^^^^^^^^
  File "/home/runner/work/TestCapitalComPySe/TestCapitalComPySe/pages/base_page.py", line 305, in element_is_visible
    return Wait(self.driver, timeout).until(
           ^^^^^^^^^^^^^^^^^^^^^^^^^^^^^^^^^
  File "/home/runner/.cache/pypoetry/virtualenvs/testcapitalcompyse-CcJ6hTD8-py3.12/lib/python3.12/site-packages/selenium/webdriver/support/wait.py", line 105, in until
    raise TimeoutException(message, screen, stacktrace)
selenium.common.exceptions.TimeoutException: Message: 
Stacktrace:
#0 0x55f0b8249cb3 <unknown>
#1 0x55f0b7f384a7 <unknown>
#2 0x55f0b7f8331d <unknown>
#3 0x55f0b7f833d1 <unknown>
#4 0x55f0b7fc6734 <unknown>
#5 0x55f0b7fa543d <unknown>
#6 0x55f0b7fc3be9 <unknown>
#7 0x55f0b7fa51b3 <unknown>
#8 0x55f0b7f7624a <unknown>
#9 0x55f0b7f76c1e <unknown>
#10 0x55f0b820dfdb <unknown>
#11 0x55f0b8211f2b <unknown>
#12 0x55f0b81fa0f1 <unknown>
#13 0x55f0b8212a92 <unknown>
#14 0x55f0b81defaf <unknown>
#15 0x55f0b8238e08 <unknown>
#16 0x55f0b8238fe0 <unknown>
#17 0x55f0b8248e04 <unknown>
#18 0x7f7d42494ac3 <unknown>