2024-04-17 19:13:29 ERROR Elements not present after 0.5 seconds on page: https://capital.com/it/trading-su-indici
2024-04-17 19:13:29 ERROR 
Traceback (most recent call last):
  File "/home/runner/work/TestCapitalComPySe/TestCapitalComPySe/pages/base_page.py", line 85, in inner_function
    return func(*args, **kwargs)
           ^^^^^^^^^^^^^^^^^^^^^
  File "/home/runner/work/TestCapitalComPySe/TestCapitalComPySe/pages/base_page.py", line 304, in element_is_visible
    return Wait(self.driver, timeout).until(
           ^^^^^^^^^^^^^^^^^^^^^^^^^^^^^^^^^
  File "/home/runner/.cache/pypoetry/virtualenvs/testcapitalcompyse-CcJ6hTD8-py3.12/lib/python3.12/site-packages/selenium/webdriver/support/wait.py", line 105, in until
    raise TimeoutException(message, screen, stacktrace)
selenium.common.exceptions.TimeoutException: Message: 
Stacktrace:
#0 0x56436309e863 <unknown>
#1 0x564362d948c6 <unknown>
#2 0x564362ddf618 <unknown>
#3 0x564362ddf6d1 <unknown>
#4 0x564362e22744 <unknown>
#5 0x564362e015cd <unknown>
#6 0x564362e1fc19 <unknown>
#7 0x564362e01343 <unknown>
#8 0x564362dd2593 <unknown>
#9 0x564362dd2f5e <unknown>
#10 0x56436306284b <unknown>
#11 0x5643630667a5 <unknown>
#12 0x564363050571 <unknown>
#13 0x564363067332 <unknown>
#14 0x56436303587f <unknown>
#15 0x56436308d728 <unknown>
#16 0x56436308d8fb <unknown>
#17 0x56436309d9b4 <unknown>
#18 0x7fb6c7e94ac3 <unknown>

2024-04-17 19:13:36 ERROR Elements not present after 0.5 seconds on page: https://capital.com/trading/signup
2024-04-17 19:13:36 ERROR 
Traceback (most recent call last):
  File "/home/runner/work/TestCapitalComPySe/TestCapitalComPySe/pages/base_page.py", line 85, in inner_function
    return func(*args, **kwargs)
           ^^^^^^^^^^^^^^^^^^^^^
  File "/home/runner/work/TestCapitalComPySe/TestCapitalComPySe/pages/base_page.py", line 304, in element_is_visible
    return Wait(self.driver, timeout).until(
           ^^^^^^^^^^^^^^^^^^^^^^^^^^^^^^^^^
  File "/home/runner/.cache/pypoetry/virtualenvs/testcapitalcompyse-CcJ6hTD8-py3.12/lib/python3.12/site-packages/selenium/webdriver/support/wait.py", line 105, in until
    raise TimeoutException(message, screen, stacktrace)
selenium.common.exceptions.TimeoutException: Message: 
Stacktrace:
#0 0x56436309e863 <unknown>
#1 0x564362d948c6 <unknown>
#2 0x564362ddf618 <unknown>
#3 0x564362ddf6d1 <unknown>
#4 0x564362e22744 <unknown>
#5 0x564362e015cd <unknown>
#6 0x564362e1fc19 <unknown>
#7 0x564362e01343 <unknown>
#8 0x564362dd2593 <unknown>
#9 0x564362dd2f5e <unknown>
#10 0x56436306284b <unknown>
#11 0x5643630667a5 <unknown>
#12 0x564363050571 <unknown>
#13 0x564363067332 <unknown>
#14 0x56436303587f <unknown>
#15 0x56436308d728 <unknown>
#16 0x56436308d8fb <unknown>
#17 0x56436309d9b4 <unknown>
#18 0x7fb6c7e94ac3 <unknown>

2024-04-17 19:13:39 ERROR Elements not present after 0.5 seconds on page: https://capital.com/trading/signup
2024-04-17 19:13:39 ERROR 
Traceback (most recent call last):
  File "/home/runner/work/TestCapitalComPySe/TestCapitalComPySe/pages/base_page.py", line 85, in inner_function
    return func(*args, **kwargs)
           ^^^^^^^^^^^^^^^^^^^^^
  File "/home/runner/work/TestCapitalComPySe/TestCapitalComPySe/pages/base_page.py", line 304, in element_is_visible
    return Wait(self.driver, timeout).until(
           ^^^^^^^^^^^^^^^^^^^^^^^^^^^^^^^^^
  File "/home/runner/.cache/pypoetry/virtualenvs/testcapitalcompyse-CcJ6hTD8-py3.12/lib/python3.12/site-packages/selenium/webdriver/support/wait.py", line 105, in until
    raise TimeoutException(message, screen, stacktrace)
selenium.common.exceptions.TimeoutException: Message: 
Stacktrace:
#0 0x56436309e863 <unknown>
#1 0x564362d948c6 <unknown>
#2 0x564362ddf618 <unknown>
#3 0x564362ddf6d1 <unknown>
#4 0x564362e22744 <unknown>
#5 0x564362e015cd <unknown>
#6 0x564362e1fc19 <unknown>
#7 0x564362e01343 <unknown>
#8 0x564362dd2593 <unknown>
#9 0x564362dd2f5e <unknown>
#10 0x56436306284b <unknown>
#11 0x5643630667a5 <unknown>
#12 0x564363050571 <unknown>
#13 0x564363067332 <unknown>
#14 0x56436303587f <unknown>
#15 0x56436308d728 <unknown>
#16 0x56436308d8fb <unknown>
#17 0x56436309d9b4 <unknown>
#18 0x7fb6c7e94ac3 <unknown>

2024-04-17 19:13:42 ERROR Elements not present after 0.5 seconds on page: https://capital.com/trading/signup
2024-04-17 19:13:42 ERROR 
Traceback (most recent call last):
  File "/home/runner/work/TestCapitalComPySe/TestCapitalComPySe/pages/base_page.py", line 85, in inner_function
    return func(*args, **kwargs)
           ^^^^^^^^^^^^^^^^^^^^^
  File "/home/runner/work/TestCapitalComPySe/TestCapitalComPySe/pages/base_page.py", line 304, in element_is_visible
    return Wait(self.driver, timeout).until(
           ^^^^^^^^^^^^^^^^^^^^^^^^^^^^^^^^^
  File "/home/runner/.cache/pypoetry/virtualenvs/testcapitalcompyse-CcJ6hTD8-py3.12/lib/python3.12/site-packages/selenium/webdriver/support/wait.py", line 105, in until
    raise TimeoutException(message, screen, stacktrace)
selenium.common.exceptions.TimeoutException: Message: 
Stacktrace:
#0 0x56436309e863 <unknown>
#1 0x564362d948c6 <unknown>
#2 0x564362ddf618 <unknown>
#3 0x564362ddf6d1 <unknown>
#4 0x564362e22744 <unknown>
#5 0x564362e015cd <unknown>
#6 0x564362e1fc19 <unknown>
#7 0x564362e01343 <unknown>
#8 0x564362dd2593 <unknown>
#9 0x564362dd2f5e <unknown>
#10 0x56436306284b <unknown>
#11 0x5643630667a5 <unknown>
#12 0x564363050571 <unknown>
#13 0x564363067332 <unknown>
#14 0x56436303587f <unknown>
#15 0x56436308d728 <unknown>
#16 0x56436308d8fb <unknown>
#17 0x56436309d9b4 <unknown>
#18 0x7fb6c7e94ac3 <unknown>

2024-04-17 19:13:46 ERROR Elements not present after 0.5 seconds on page: https://capital.com/trading/signup
2024-04-17 19:13:46 ERROR 
Traceback (most recent call last):
  File "/home/runner/work/TestCapitalComPySe/TestCapitalComPySe/pages/base_page.py", line 85, in inner_function
    return func(*args, **kwargs)
           ^^^^^^^^^^^^^^^^^^^^^
  File "/home/runner/work/TestCapitalComPySe/TestCapitalComPySe/pages/base_page.py", line 304, in element_is_visible
    return Wait(self.driver, timeout).until(
           ^^^^^^^^^^^^^^^^^^^^^^^^^^^^^^^^^
  File "/home/runner/.cache/pypoetry/virtualenvs/testcapitalcompyse-CcJ6hTD8-py3.12/lib/python3.12/site-packages/selenium/webdriver/support/wait.py", line 105, in until
    raise TimeoutException(message, screen, stacktrace)
selenium.common.exceptions.TimeoutException: Message: 
Stacktrace:
#0 0x56436309e863 <unknown>
#1 0x564362d948c6 <unknown>
#2 0x564362ddf618 <unknown>
#3 0x564362ddf6d1 <unknown>
#4 0x564362e22744 <unknown>
#5 0x564362e015cd <unknown>
#6 0x564362e1fc19 <unknown>
#7 0x564362e01343 <unknown>
#8 0x564362dd2593 <unknown>
#9 0x564362dd2f5e <unknown>
#10 0x56436306284b <unknown>
#11 0x5643630667a5 <unknown>
#12 0x564363050571 <unknown>
#13 0x564363067332 <unknown>
#14 0x56436303587f <unknown>
#15 0x56436308d728 <unknown>
#16 0x56436308d8fb <unknown>
#17 0x56436309d9b4 <unknown>
#18 0x7fb6c7e94ac3 <unknown>

2024-04-17 19:13:49 ERROR Elements not present after 0.5 seconds on page: https://capital.com/trading/signup
2024-04-17 19:13:49 ERROR 
Traceback (most recent call last):
  File "/home/runner/work/TestCapitalComPySe/TestCapitalComPySe/pages/base_page.py", line 85, in inner_function
    return func(*args, **kwargs)
           ^^^^^^^^^^^^^^^^^^^^^
  File "/home/runner/work/TestCapitalComPySe/TestCapitalComPySe/pages/base_page.py", line 304, in element_is_visible
    return Wait(self.driver, timeout).until(
           ^^^^^^^^^^^^^^^^^^^^^^^^^^^^^^^^^
  File "/home/runner/.cache/pypoetry/virtualenvs/testcapitalcompyse-CcJ6hTD8-py3.12/lib/python3.12/site-packages/selenium/webdriver/support/wait.py", line 105, in until
    raise TimeoutException(message, screen, stacktrace)
selenium.common.exceptions.TimeoutException: Message: 
Stacktrace:
#0 0x56436309e863 <unknown>
#1 0x564362d948c6 <unknown>
#2 0x564362ddf618 <unknown>
#3 0x564362ddf6d1 <unknown>
#4 0x564362e22744 <unknown>
#5 0x564362e015cd <unknown>
#6 0x564362e1fc19 <unknown>
#7 0x564362e01343 <unknown>
#8 0x564362dd2593 <unknown>
#9 0x564362dd2f5e <unknown>
#10 0x56436306284b <unknown>
#11 0x5643630667a5 <unknown>
#12 0x564363050571 <unknown>
#13 0x564363067332 <unknown>
#14 0x56436303587f <unknown>
#15 0x56436308d728 <unknown>
#16 0x56436308d8fb <unknown>
#17 0x56436309d9b4 <unknown>
#18 0x7fb6c7e94ac3 <unknown>

2024-04-17 19:13:51 ERROR Elements not present after 0.5 seconds on page: https://capital.com/trading/signup
2024-04-17 19:13:51 ERROR 
Traceback (most recent call last):
  File "/home/runner/work/TestCapitalComPySe/TestCapitalComPySe/pages/base_page.py", line 85, in inner_function
    return func(*args, **kwargs)
           ^^^^^^^^^^^^^^^^^^^^^
  File "/home/runner/work/TestCapitalComPySe/TestCapitalComPySe/pages/base_page.py", line 304, in element_is_visible
    return Wait(self.driver, timeout).until(
           ^^^^^^^^^^^^^^^^^^^^^^^^^^^^^^^^^
  File "/home/runner/.cache/pypoetry/virtualenvs/testcapitalcompyse-CcJ6hTD8-py3.12/lib/python3.12/site-packages/selenium/webdriver/support/wait.py", line 105, in until
    raise TimeoutException(message, screen, stacktrace)
selenium.common.exceptions.TimeoutException: Message: 
Stacktrace:
#0 0x56436309e863 <unknown>
#1 0x564362d948c6 <unknown>
#2 0x564362ddf618 <unknown>
#3 0x564362ddf6d1 <unknown>
#4 0x564362e22744 <unknown>
#5 0x564362e015cd <unknown>
#6 0x564362e1fc19 <unknown>
#7 0x564362e01343 <unknown>
#8 0x564362dd2593 <unknown>
#9 0x564362dd2f5e <unknown>
#10 0x56436306284b <unknown>
#11 0x5643630667a5 <unknown>
#12 0x564363050571 <unknown>
#13 0x564363067332 <unknown>
#14 0x56436303587f <unknown>
#15 0x56436308d728 <unknown>
#16 0x56436308d8fb <unknown>
#17 0x56436309d9b4 <unknown>
#18 0x7fb6c7e94ac3 <unknown>