2023-12-27 11:33:54 ERROR Unable to initialize WebDriver
2023-12-27 11:33:54 ERROR 
Traceback (most recent call last):
  File "/home/runner/work/TestCapitalComPySe/TestCapitalComPySe/pages/base_page.py", line 82, in inner_function
    return func(*args, **kwargs)
           ^^^^^^^^^^^^^^^^^^^^^
  File "/home/runner/work/TestCapitalComPySe/TestCapitalComPySe/pages/base_page.py", line 394, in element_is_visible
    return Wait(self.browser, timeout).until(
           ^^^^^^^^^^^^^^^^^^^^^^^^^^^^^^^^^^
  File "/home/runner/.cache/pypoetry/virtualenvs/testcapitalcom-CcJ6hTD8-py3.11/lib/python3.11/site-packages/selenium/webdriver/support/wait.py", line 105, in until
    raise TimeoutException(message, screen, stacktrace)
selenium.common.exceptions.TimeoutException: Message: 
Stacktrace:
#0 0x5600323b5f83 <unknown>
#1 0x56003206ecf7 <unknown>
#2 0x5600320be99e <unknown>
#3 0x5600320beaa1 <unknown>
#4 0x560032109d64 <unknown>
#5 0x5600320e80dd <unknown>
#6 0x560032107006 <unknown>
#7 0x5600320e7e53 <unknown>
#8 0x5600320afdd4 <unknown>
#9 0x5600320b11de <unknown>
#10 0x56003237a531 <unknown>
#11 0x56003237e455 <unknown>
#12 0x560032366f55 <unknown>
#13 0x56003237f0ef <unknown>
#14 0x56003234a99f <unknown>
#15 0x5600323a3008 <unknown>
#16 0x5600323a31d7 <unknown>
#17 0x5600323b5124 <unknown>
#18 0x7f352dc94ac3 <unknown>