2024-04-26 14:14:57 ERROR Elements not present after 0.5 seconds on page: https://capital.com/
2024-04-26 14:14:57 ERROR 
Traceback (most recent call last):
  File "/home/runner/work/TestCapitalComPySe/TestCapitalComPySe/pages/base_page.py", line 86, in inner_function
    return func(*args, **kwargs)
           ^^^^^^^^^^^^^^^^^^^^^
  File "/home/runner/work/TestCapitalComPySe/TestCapitalComPySe/pages/base_page.py", line 305, in element_is_visible
    return Wait(self.driver, timeout).until(
           ^^^^^^^^^^^^^^^^^^^^^^^^^^^^^^^^^
  File "/home/runner/.cache/pypoetry/virtualenvs/testcapitalcompyse-CcJ6hTD8-py3.12/lib/python3.12/site-packages/selenium/webdriver/support/wait.py", line 105, in until
    raise TimeoutException(message, screen, stacktrace)
selenium.common.exceptions.TimeoutException: Message: 

2024-04-26 14:15:08 ERROR Elements not present after 0.5 seconds on page: https://capital.com/trading-psychology-guide
2024-04-26 14:15:08 ERROR 
Traceback (most recent call last):
  File "/home/runner/work/TestCapitalComPySe/TestCapitalComPySe/pages/base_page.py", line 86, in inner_function
    return func(*args, **kwargs)
           ^^^^^^^^^^^^^^^^^^^^^
  File "/home/runner/work/TestCapitalComPySe/TestCapitalComPySe/pages/base_page.py", line 305, in element_is_visible
    return Wait(self.driver, timeout).until(
           ^^^^^^^^^^^^^^^^^^^^^^^^^^^^^^^^^
  File "/home/runner/.cache/pypoetry/virtualenvs/testcapitalcompyse-CcJ6hTD8-py3.12/lib/python3.12/site-packages/selenium/webdriver/support/wait.py", line 105, in until
    raise TimeoutException(message, screen, stacktrace)
selenium.common.exceptions.TimeoutException: Message: 
Stacktrace:
#0 0x5632783abcb3 <unknown>
#1 0x56327809a4a7 <unknown>
#2 0x5632780e531d <unknown>
#3 0x5632780e53d1 <unknown>
#4 0x563278128734 <unknown>
#5 0x56327810743d <unknown>
#6 0x563278125be9 <unknown>
#7 0x5632781071b3 <unknown>
#8 0x5632780d824a <unknown>
#9 0x5632780d8c1e <unknown>
#10 0x56327836ffdb <unknown>
#11 0x563278373f2b <unknown>
#12 0x56327835c0f1 <unknown>
#13 0x563278374a92 <unknown>
#14 0x563278340faf <unknown>
#15 0x56327839ae08 <unknown>
#16 0x56327839afe0 <unknown>
#17 0x5632783aae04 <unknown>
#18 0x7fccac894ac3 <unknown>

2024-04-26 14:15:11 ERROR Elements not present after 0.5 seconds on page: https://capital.com/trading-psychology-guide
2024-04-26 14:15:11 ERROR 
Traceback (most recent call last):
  File "/home/runner/work/TestCapitalComPySe/TestCapitalComPySe/pages/base_page.py", line 86, in inner_function
    return func(*args, **kwargs)
           ^^^^^^^^^^^^^^^^^^^^^
  File "/home/runner/work/TestCapitalComPySe/TestCapitalComPySe/pages/base_page.py", line 305, in element_is_visible
    return Wait(self.driver, timeout).until(
           ^^^^^^^^^^^^^^^^^^^^^^^^^^^^^^^^^
  File "/home/runner/.cache/pypoetry/virtualenvs/testcapitalcompyse-CcJ6hTD8-py3.12/lib/python3.12/site-packages/selenium/webdriver/support/wait.py", line 105, in until
    raise TimeoutException(message, screen, stacktrace)
selenium.common.exceptions.TimeoutException: Message: 
Stacktrace:
#0 0x5632783abcb3 <unknown>
#1 0x56327809a4a7 <unknown>
#2 0x5632780e531d <unknown>
#3 0x5632780e53d1 <unknown>
#4 0x563278128734 <unknown>
#5 0x56327810743d <unknown>
#6 0x563278125be9 <unknown>
#7 0x5632781071b3 <unknown>
#8 0x5632780d824a <unknown>
#9 0x5632780d8c1e <unknown>
#10 0x56327836ffdb <unknown>
#11 0x563278373f2b <unknown>
#12 0x56327835c0f1 <unknown>
#13 0x563278374a92 <unknown>
#14 0x563278340faf <unknown>
#15 0x56327839ae08 <unknown>
#16 0x56327839afe0 <unknown>
#17 0x5632783aae04 <unknown>
#18 0x7fccac894ac3 <unknown>

2024-04-26 14:15:14 ERROR Elements not present after 0.5 seconds on page: https://capital.com/trading-psychology-guide
2024-04-26 14:15:14 ERROR 
Traceback (most recent call last):
  File "/home/runner/work/TestCapitalComPySe/TestCapitalComPySe/pages/base_page.py", line 86, in inner_function
    return func(*args, **kwargs)
           ^^^^^^^^^^^^^^^^^^^^^
  File "/home/runner/work/TestCapitalComPySe/TestCapitalComPySe/pages/base_page.py", line 305, in element_is_visible
    return Wait(self.driver, timeout).until(
           ^^^^^^^^^^^^^^^^^^^^^^^^^^^^^^^^^
  File "/home/runner/.cache/pypoetry/virtualenvs/testcapitalcompyse-CcJ6hTD8-py3.12/lib/python3.12/site-packages/selenium/webdriver/support/wait.py", line 105, in until
    raise TimeoutException(message, screen, stacktrace)
selenium.common.exceptions.TimeoutException: Message: 
Stacktrace:
#0 0x5632783abcb3 <unknown>
#1 0x56327809a4a7 <unknown>
#2 0x5632780e531d <unknown>
#3 0x5632780e53d1 <unknown>
#4 0x563278128734 <unknown>
#5 0x56327810743d <unknown>
#6 0x563278125be9 <unknown>
#7 0x5632781071b3 <unknown>
#8 0x5632780d824a <unknown>
#9 0x5632780d8c1e <unknown>
#10 0x56327836ffdb <unknown>
#11 0x563278373f2b <unknown>
#12 0x56327835c0f1 <unknown>
#13 0x563278374a92 <unknown>
#14 0x563278340faf <unknown>
#15 0x56327839ae08 <unknown>
#16 0x56327839afe0 <unknown>
#17 0x5632783aae04 <unknown>
#18 0x7fccac894ac3 <unknown>