2024-03-05 13:35:24 ERROR Elements not present after 0.5 seconds on page: https://capital.com/es/trade-commodities
2024-03-05 13:35:24 ERROR 
Traceback (most recent call last):
  File "/home/runner/work/TestCapitalComPySe/TestCapitalComPySe/pages/base_page.py", line 84, in inner_function
    return func(*args, **kwargs)
           ^^^^^^^^^^^^^^^^^^^^^
  File "/home/runner/work/TestCapitalComPySe/TestCapitalComPySe/pages/base_page.py", line 302, in element_is_visible
    return Wait(self.driver, timeout).until(
           ^^^^^^^^^^^^^^^^^^^^^^^^^^^^^^^^^
  File "/home/runner/.cache/pypoetry/virtualenvs/testcapitalcompyse-CcJ6hTD8-py3.12/lib/python3.12/site-packages/selenium/webdriver/support/wait.py", line 105, in until
    raise TimeoutException(message, screen, stacktrace)
selenium.common.exceptions.TimeoutException: Message: 
Stacktrace:
#0 0x555684065e93 <unknown>
#1 0x555683d5dce6 <unknown>
#2 0x555683da8e48 <unknown>
#3 0x555683da8f01 <unknown>
#4 0x555683dec3f4 <unknown>
#5 0x555683dcaedd <unknown>
#6 0x555683de9899 <unknown>
#7 0x555683dcac53 <unknown>
#8 0x555683d9bdb3 <unknown>
#9 0x555683d9c77e <unknown>
#10 0x55568402b7cb <unknown>
#11 0x55568402f7e5 <unknown>
#12 0x5556840190e1 <unknown>
#13 0x555684030372 <unknown>
#14 0x555683ffd1bf <unknown>
#15 0x555684054488 <unknown>
#16 0x555684054683 <unknown>
#17 0x555684065044 <unknown>
#18 0x7f93b2694ac3 <unknown>

2024-03-05 13:35:47 ERROR Elements not present after 0.5 seconds on page: https://capital.com/trading/platform/
2024-03-05 13:35:47 ERROR 
Traceback (most recent call last):
  File "/home/runner/work/TestCapitalComPySe/TestCapitalComPySe/pages/base_page.py", line 84, in inner_function
    return func(*args, **kwargs)
           ^^^^^^^^^^^^^^^^^^^^^
  File "/home/runner/work/TestCapitalComPySe/TestCapitalComPySe/pages/base_page.py", line 302, in element_is_visible
    return Wait(self.driver, timeout).until(
           ^^^^^^^^^^^^^^^^^^^^^^^^^^^^^^^^^
  File "/home/runner/.cache/pypoetry/virtualenvs/testcapitalcompyse-CcJ6hTD8-py3.12/lib/python3.12/site-packages/selenium/webdriver/support/wait.py", line 105, in until
    raise TimeoutException(message, screen, stacktrace)
selenium.common.exceptions.TimeoutException: Message: 
Stacktrace:
#0 0x555684065e93 <unknown>
#1 0x555683d5dce6 <unknown>
#2 0x555683da8e48 <unknown>
#3 0x555683da8f01 <unknown>
#4 0x555683dec3f4 <unknown>
#5 0x555683dcaedd <unknown>
#6 0x555683de9899 <unknown>
#7 0x555683dcac53 <unknown>
#8 0x555683d9bdb3 <unknown>
#9 0x555683d9c77e <unknown>
#10 0x55568402b7cb <unknown>
#11 0x55568402f7e5 <unknown>
#12 0x5556840190e1 <unknown>
#13 0x555684030372 <unknown>
#14 0x555683ffd1bf <unknown>
#15 0x555684054488 <unknown>
#16 0x555684054683 <unknown>
#17 0x555684065044 <unknown>
#18 0x7f93b2694ac3 <unknown>