2024-01-26 09:12:02 ERROR Elements not present after 0.5 seconds on page: https://capital.com/position-trading
2024-01-26 09:12:02 ERROR 
Traceback (most recent call last):
  File "/home/runner/work/TestCapitalComPySe/TestCapitalComPySe/pages/base_page.py", line 82, in inner_function
    return func(*args, **kwargs)
           ^^^^^^^^^^^^^^^^^^^^^
  File "/home/runner/work/TestCapitalComPySe/TestCapitalComPySe/pages/base_page.py", line 293, in element_is_visible
    return Wait(self.browser, timeout).until(
           ^^^^^^^^^^^^^^^^^^^^^^^^^^^^^^^^^^
  File "/home/runner/.cache/pypoetry/virtualenvs/testcapitalcompyse-CcJ6hTD8-py3.11/lib/python3.11/site-packages/selenium/webdriver/support/wait.py", line 105, in until
    raise TimeoutException(message, screen, stacktrace)
selenium.common.exceptions.TimeoutException: Message: 
Stacktrace:
#0 0x56169b0fbf83 <unknown>
#1 0x56169adb4cf7 <unknown>
#2 0x56169ae0499e <unknown>
#3 0x56169ae04aa1 <unknown>
#4 0x56169ae4fd64 <unknown>
#5 0x56169ae2e0dd <unknown>
#6 0x56169ae4d006 <unknown>
#7 0x56169ae2de53 <unknown>
#8 0x56169adf5dd4 <unknown>
#9 0x56169adf71de <unknown>
#10 0x56169b0c0531 <unknown>
#11 0x56169b0c4455 <unknown>
#12 0x56169b0acf55 <unknown>
#13 0x56169b0c50ef <unknown>
#14 0x56169b09099f <unknown>
#15 0x56169b0e9008 <unknown>
#16 0x56169b0e91d7 <unknown>
#17 0x56169b0fb124 <unknown>
#18 0x7fb2e3c94ac3 <unknown>

2024-01-26 09:12:07 ERROR Elements not present after 0.5 seconds on page: https://capital.com/position-trading
2024-01-26 09:12:07 ERROR 
Traceback (most recent call last):
  File "/home/runner/work/TestCapitalComPySe/TestCapitalComPySe/pages/base_page.py", line 82, in inner_function
    return func(*args, **kwargs)
           ^^^^^^^^^^^^^^^^^^^^^
  File "/home/runner/work/TestCapitalComPySe/TestCapitalComPySe/pages/base_page.py", line 293, in element_is_visible
    return Wait(self.browser, timeout).until(
           ^^^^^^^^^^^^^^^^^^^^^^^^^^^^^^^^^^
  File "/home/runner/.cache/pypoetry/virtualenvs/testcapitalcompyse-CcJ6hTD8-py3.11/lib/python3.11/site-packages/selenium/webdriver/support/wait.py", line 105, in until
    raise TimeoutException(message, screen, stacktrace)
selenium.common.exceptions.TimeoutException: Message: 
Stacktrace:
#0 0x56169b0fbf83 <unknown>
#1 0x56169adb4cf7 <unknown>
#2 0x56169ae0499e <unknown>
#3 0x56169ae04aa1 <unknown>
#4 0x56169ae4fd64 <unknown>
#5 0x56169ae2e0dd <unknown>
#6 0x56169ae4d006 <unknown>
#7 0x56169ae2de53 <unknown>
#8 0x56169adf5dd4 <unknown>
#9 0x56169adf71de <unknown>
#10 0x56169b0c0531 <unknown>
#11 0x56169b0c4455 <unknown>
#12 0x56169b0acf55 <unknown>
#13 0x56169b0c50ef <unknown>
#14 0x56169b09099f <unknown>
#15 0x56169b0e9008 <unknown>
#16 0x56169b0e91d7 <unknown>
#17 0x56169b0fb124 <unknown>
#18 0x7fb2e3c94ac3 <unknown>