2024-04-22 16:03:21 ERROR Elements not present after 0.5 seconds on page: https://capital.com/fr/produit-de-base-lead
2024-04-22 16:03:21 ERROR 
Traceback (most recent call last):
  File "/home/runner/work/TestCapitalComPySe/TestCapitalComPySe/pages/base_page.py", line 86, in inner_function
    return func(*args, **kwargs)
           ^^^^^^^^^^^^^^^^^^^^^
  File "/home/runner/work/TestCapitalComPySe/TestCapitalComPySe/pages/base_page.py", line 305, in element_is_visible
    return Wait(self.driver, timeout).until(
           ^^^^^^^^^^^^^^^^^^^^^^^^^^^^^^^^^
  File "/home/runner/.cache/pypoetry/virtualenvs/testcapitalcompyse-CcJ6hTD8-py3.12/lib/python3.12/site-packages/selenium/webdriver/support/wait.py", line 105, in until
    raise TimeoutException(message, screen, stacktrace)
selenium.common.exceptions.TimeoutException: Message: 
Stacktrace:
#0 0x557128053863 <unknown>
#1 0x557127d498c6 <unknown>
#2 0x557127d94618 <unknown>
#3 0x557127d946d1 <unknown>
#4 0x557127dd7744 <unknown>
#5 0x557127db65cd <unknown>
#6 0x557127dd4c19 <unknown>
#7 0x557127db6343 <unknown>
#8 0x557127d87593 <unknown>
#9 0x557127d87f5e <unknown>
#10 0x55712801784b <unknown>
#11 0x55712801b7a5 <unknown>
#12 0x557128005571 <unknown>
#13 0x55712801c332 <unknown>
#14 0x557127fea87f <unknown>
#15 0x557128042728 <unknown>
#16 0x5571280428fb <unknown>
#17 0x5571280529b4 <unknown>
#18 0x7f5204894ac3 <unknown>