2024-09-21 22:51:45 ERROR Elements not present after 0.5 seconds on page: https://capital.com/market-analysis
2024-09-21 22:51:45 ERROR Can't click element by locator ('xpath', "//a [@class='main-article-item__thumb'][12]")
Traceback (most recent call last):
  File "/home/runner/work/TestCapitalComPySe/TestCapitalComPySe/pages/base_page.py", line 86, in inner_function
    return func(*args, **kwargs)
           ^^^^^^^^^^^^^^^^^^^^^
  File "/home/runner/work/TestCapitalComPySe/TestCapitalComPySe/pages/base_page.py", line 386, in element_is_clickable
    return Wait(self.driver, timeout).until(
           ^^^^^^^^^^^^^^^^^^^^^^^^^^^^^^^^^
  File "/home/runner/.cache/pypoetry/virtualenvs/testcapitalcompyse-CcJ6hTD8-py3.12/lib/python3.12/site-packages/selenium/webdriver/support/wait.py", line 105, in until
    raise TimeoutException(message, screen, stacktrace)
selenium.common.exceptions.TimeoutException: Message: Can't click element by locator ('xpath', "//a [@class='main-article-item__thumb'][12]")
Stacktrace:
#0 0x55e4d1a552da <unknown>
#1 0x55e4d1723200 <unknown>
#2 0x55e4d1772aa2 <unknown>
#3 0x55e4d1772d41 <unknown>
#4 0x55e4d17b8964 <unknown>
#5 0x55e4d17978fd <unknown>
#6 0x55e4d17b5dfd <unknown>
#7 0x55e4d1797673 <unknown>
#8 0x55e4d1765473 <unknown>
#9 0x55e4d176647e <unknown>
#10 0x55e4d1a1c0db <unknown>
#11 0x55e4d1a20071 <unknown>
#12 0x55e4d1a089d5 <unknown>
#13 0x55e4d1a20bf2 <unknown>
#14 0x55e4d19edb6f <unknown>
#15 0x55e4d1a44248 <unknown>
#16 0x55e4d1a44417 <unknown>
#17 0x55e4d1a540cc <unknown>
#18 0x7f025dc94ac3 <unknown>

2024-09-21 22:52:03 ERROR Elements not present after 0.5 seconds on page: https://capital.com/market-analysis
2024-09-21 22:52:03 ERROR Can't click element by locator ('xpath', "//a [@class='main-article-item__thumb'][9]")
Traceback (most recent call last):
  File "/home/runner/work/TestCapitalComPySe/TestCapitalComPySe/pages/base_page.py", line 86, in inner_function
    return func(*args, **kwargs)
           ^^^^^^^^^^^^^^^^^^^^^
  File "/home/runner/work/TestCapitalComPySe/TestCapitalComPySe/pages/base_page.py", line 386, in element_is_clickable
    return Wait(self.driver, timeout).until(
           ^^^^^^^^^^^^^^^^^^^^^^^^^^^^^^^^^
  File "/home/runner/.cache/pypoetry/virtualenvs/testcapitalcompyse-CcJ6hTD8-py3.12/lib/python3.12/site-packages/selenium/webdriver/support/wait.py", line 105, in until
    raise TimeoutException(message, screen, stacktrace)
selenium.common.exceptions.TimeoutException: Message: Can't click element by locator ('xpath', "//a [@class='main-article-item__thumb'][9]")
Stacktrace:
#0 0x55e4d1a552da <unknown>
#1 0x55e4d1723200 <unknown>
#2 0x55e4d1772aa2 <unknown>
#3 0x55e4d1772d41 <unknown>
#4 0x55e4d17b8964 <unknown>
#5 0x55e4d17978fd <unknown>
#6 0x55e4d17b5dfd <unknown>
#7 0x55e4d1797673 <unknown>
#8 0x55e4d1765473 <unknown>
#9 0x55e4d176647e <unknown>
#10 0x55e4d1a1c0db <unknown>
#11 0x55e4d1a20071 <unknown>
#12 0x55e4d1a089d5 <unknown>
#13 0x55e4d1a20bf2 <unknown>
#14 0x55e4d19edb6f <unknown>
#15 0x55e4d1a44248 <unknown>
#16 0x55e4d1a44417 <unknown>
#17 0x55e4d1a540cc <unknown>
#18 0x7f025dc94ac3 <unknown>

2024-09-21 22:52:18 ERROR Elements not present after 0.5 seconds on page: https://capital.com/market-analysis
2024-09-21 22:52:18 ERROR Can't click element by locator ('xpath', "//a [@class='main-article-item__thumb'][6]")
Traceback (most recent call last):
  File "/home/runner/work/TestCapitalComPySe/TestCapitalComPySe/pages/base_page.py", line 86, in inner_function
    return func(*args, **kwargs)
           ^^^^^^^^^^^^^^^^^^^^^
  File "/home/runner/work/TestCapitalComPySe/TestCapitalComPySe/pages/base_page.py", line 386, in element_is_clickable
    return Wait(self.driver, timeout).until(
           ^^^^^^^^^^^^^^^^^^^^^^^^^^^^^^^^^
  File "/home/runner/.cache/pypoetry/virtualenvs/testcapitalcompyse-CcJ6hTD8-py3.12/lib/python3.12/site-packages/selenium/webdriver/support/wait.py", line 105, in until
    raise TimeoutException(message, screen, stacktrace)
selenium.common.exceptions.TimeoutException: Message: Can't click element by locator ('xpath', "//a [@class='main-article-item__thumb'][6]")
Stacktrace:
#0 0x55e4d1a552da <unknown>
#1 0x55e4d1723200 <unknown>
#2 0x55e4d1772aa2 <unknown>
#3 0x55e4d1772d41 <unknown>
#4 0x55e4d17b8964 <unknown>
#5 0x55e4d17978fd <unknown>
#6 0x55e4d17b5dfd <unknown>
#7 0x55e4d1797673 <unknown>
#8 0x55e4d1765473 <unknown>
#9 0x55e4d176647e <unknown>
#10 0x55e4d1a1c0db <unknown>
#11 0x55e4d1a20071 <unknown>
#12 0x55e4d1a089d5 <unknown>
#13 0x55e4d1a20bf2 <unknown>
#14 0x55e4d19edb6f <unknown>
#15 0x55e4d1a44248 <unknown>
#16 0x55e4d1a44417 <unknown>
#17 0x55e4d1a540cc <unknown>
#18 0x7f025dc94ac3 <unknown>

2024-09-21 22:52:37 ERROR Elements not present after 0.5 seconds on page: https://capital.com/market-analysis
2024-09-21 22:52:37 ERROR Can't click element by locator ('xpath', "//a [@class='main-article-item__thumb'][4]")
Traceback (most recent call last):
  File "/home/runner/work/TestCapitalComPySe/TestCapitalComPySe/pages/base_page.py", line 86, in inner_function
    return func(*args, **kwargs)
           ^^^^^^^^^^^^^^^^^^^^^
  File "/home/runner/work/TestCapitalComPySe/TestCapitalComPySe/pages/base_page.py", line 386, in element_is_clickable
    return Wait(self.driver, timeout).until(
           ^^^^^^^^^^^^^^^^^^^^^^^^^^^^^^^^^
  File "/home/runner/.cache/pypoetry/virtualenvs/testcapitalcompyse-CcJ6hTD8-py3.12/lib/python3.12/site-packages/selenium/webdriver/support/wait.py", line 105, in until
    raise TimeoutException(message, screen, stacktrace)
selenium.common.exceptions.TimeoutException: Message: Can't click element by locator ('xpath', "//a [@class='main-article-item__thumb'][4]")
Stacktrace:
#0 0x55e4d1a552da <unknown>
#1 0x55e4d1723200 <unknown>
#2 0x55e4d1772aa2 <unknown>
#3 0x55e4d1772d41 <unknown>
#4 0x55e4d17b8964 <unknown>
#5 0x55e4d17978fd <unknown>
#6 0x55e4d17b5dfd <unknown>
#7 0x55e4d1797673 <unknown>
#8 0x55e4d1765473 <unknown>
#9 0x55e4d176647e <unknown>
#10 0x55e4d1a1c0db <unknown>
#11 0x55e4d1a20071 <unknown>
#12 0x55e4d1a089d5 <unknown>
#13 0x55e4d1a20bf2 <unknown>
#14 0x55e4d19edb6f <unknown>
#15 0x55e4d1a44248 <unknown>
#16 0x55e4d1a44417 <unknown>
#17 0x55e4d1a540cc <unknown>
#18 0x7f025dc94ac3 <unknown>

2024-09-21 22:52:56 ERROR Elements not present after 0.5 seconds on page: https://capital.com/market-analysis
2024-09-21 22:52:56 ERROR Can't click element by locator ('xpath', "//a [@class='main-article-item__thumb'][7]")
Traceback (most recent call last):
  File "/home/runner/work/TestCapitalComPySe/TestCapitalComPySe/pages/base_page.py", line 86, in inner_function
    return func(*args, **kwargs)
           ^^^^^^^^^^^^^^^^^^^^^
  File "/home/runner/work/TestCapitalComPySe/TestCapitalComPySe/pages/base_page.py", line 386, in element_is_clickable
    return Wait(self.driver, timeout).until(
           ^^^^^^^^^^^^^^^^^^^^^^^^^^^^^^^^^
  File "/home/runner/.cache/pypoetry/virtualenvs/testcapitalcompyse-CcJ6hTD8-py3.12/lib/python3.12/site-packages/selenium/webdriver/support/wait.py", line 105, in until
    raise TimeoutException(message, screen, stacktrace)
selenium.common.exceptions.TimeoutException: Message: Can't click element by locator ('xpath', "//a [@class='main-article-item__thumb'][7]")
Stacktrace:
#0 0x55e4d1a552da <unknown>
#1 0x55e4d1723200 <unknown>
#2 0x55e4d1772aa2 <unknown>
#3 0x55e4d1772d41 <unknown>
#4 0x55e4d17b8964 <unknown>
#5 0x55e4d17978fd <unknown>
#6 0x55e4d17b5dfd <unknown>
#7 0x55e4d1797673 <unknown>
#8 0x55e4d1765473 <unknown>
#9 0x55e4d176647e <unknown>
#10 0x55e4d1a1c0db <unknown>
#11 0x55e4d1a20071 <unknown>
#12 0x55e4d1a089d5 <unknown>
#13 0x55e4d1a20bf2 <unknown>
#14 0x55e4d19edb6f <unknown>
#15 0x55e4d1a44248 <unknown>
#16 0x55e4d1a44417 <unknown>
#17 0x55e4d1a540cc <unknown>
#18 0x7f025dc94ac3 <unknown>

2024-09-21 22:53:14 ERROR Elements not present after 0.5 seconds on page: https://capital.com/market-analysis
2024-09-21 22:53:14 ERROR Can't click element by locator ('xpath', "//a [@class='main-article-item__thumb'][13]")
Traceback (most recent call last):
  File "/home/runner/work/TestCapitalComPySe/TestCapitalComPySe/pages/base_page.py", line 86, in inner_function
    return func(*args, **kwargs)
           ^^^^^^^^^^^^^^^^^^^^^
  File "/home/runner/work/TestCapitalComPySe/TestCapitalComPySe/pages/base_page.py", line 386, in element_is_clickable
    return Wait(self.driver, timeout).until(
           ^^^^^^^^^^^^^^^^^^^^^^^^^^^^^^^^^
  File "/home/runner/.cache/pypoetry/virtualenvs/testcapitalcompyse-CcJ6hTD8-py3.12/lib/python3.12/site-packages/selenium/webdriver/support/wait.py", line 105, in until
    raise TimeoutException(message, screen, stacktrace)
selenium.common.exceptions.TimeoutException: Message: Can't click element by locator ('xpath', "//a [@class='main-article-item__thumb'][13]")
Stacktrace:
#0 0x55e4d1a552da <unknown>
#1 0x55e4d1723200 <unknown>
#2 0x55e4d1772aa2 <unknown>
#3 0x55e4d1772d41 <unknown>
#4 0x55e4d17b8964 <unknown>
#5 0x55e4d17978fd <unknown>
#6 0x55e4d17b5dfd <unknown>
#7 0x55e4d1797673 <unknown>
#8 0x55e4d1765473 <unknown>
#9 0x55e4d176647e <unknown>
#10 0x55e4d1a1c0db <unknown>
#11 0x55e4d1a20071 <unknown>
#12 0x55e4d1a089d5 <unknown>
#13 0x55e4d1a20bf2 <unknown>
#14 0x55e4d19edb6f <unknown>
#15 0x55e4d1a44248 <unknown>
#16 0x55e4d1a44417 <unknown>
#17 0x55e4d1a540cc <unknown>
#18 0x7f025dc94ac3 <unknown>

2024-09-21 22:53:32 ERROR Elements not present after 0.5 seconds on page: https://capital.com/market-analysis
2024-09-21 22:53:32 ERROR Can't click element by locator ('xpath', "//a [@class='main-article-item__thumb'][10]")
Traceback (most recent call last):
  File "/home/runner/work/TestCapitalComPySe/TestCapitalComPySe/pages/base_page.py", line 86, in inner_function
    return func(*args, **kwargs)
           ^^^^^^^^^^^^^^^^^^^^^
  File "/home/runner/work/TestCapitalComPySe/TestCapitalComPySe/pages/base_page.py", line 386, in element_is_clickable
    return Wait(self.driver, timeout).until(
           ^^^^^^^^^^^^^^^^^^^^^^^^^^^^^^^^^
  File "/home/runner/.cache/pypoetry/virtualenvs/testcapitalcompyse-CcJ6hTD8-py3.12/lib/python3.12/site-packages/selenium/webdriver/support/wait.py", line 105, in until
    raise TimeoutException(message, screen, stacktrace)
selenium.common.exceptions.TimeoutException: Message: Can't click element by locator ('xpath', "//a [@class='main-article-item__thumb'][10]")
Stacktrace:
#0 0x55e4d1a552da <unknown>
#1 0x55e4d1723200 <unknown>
#2 0x55e4d1772aa2 <unknown>
#3 0x55e4d1772d41 <unknown>
#4 0x55e4d17b8964 <unknown>
#5 0x55e4d17978fd <unknown>
#6 0x55e4d17b5dfd <unknown>
#7 0x55e4d1797673 <unknown>
#8 0x55e4d1765473 <unknown>
#9 0x55e4d176647e <unknown>
#10 0x55e4d1a1c0db <unknown>
#11 0x55e4d1a20071 <unknown>
#12 0x55e4d1a089d5 <unknown>
#13 0x55e4d1a20bf2 <unknown>
#14 0x55e4d19edb6f <unknown>
#15 0x55e4d1a44248 <unknown>
#16 0x55e4d1a44417 <unknown>
#17 0x55e4d1a540cc <unknown>
#18 0x7f025dc94ac3 <unknown>

2024-09-21 22:53:50 ERROR Elements not present after 0.5 seconds on page: https://capital.com/market-analysis
2024-09-21 22:53:50 ERROR Can't click element by locator ('xpath', "//a [@class='main-article-item__thumb'][11]")
Traceback (most recent call last):
  File "/home/runner/work/TestCapitalComPySe/TestCapitalComPySe/pages/base_page.py", line 86, in inner_function
    return func(*args, **kwargs)
           ^^^^^^^^^^^^^^^^^^^^^
  File "/home/runner/work/TestCapitalComPySe/TestCapitalComPySe/pages/base_page.py", line 386, in element_is_clickable
    return Wait(self.driver, timeout).until(
           ^^^^^^^^^^^^^^^^^^^^^^^^^^^^^^^^^
  File "/home/runner/.cache/pypoetry/virtualenvs/testcapitalcompyse-CcJ6hTD8-py3.12/lib/python3.12/site-packages/selenium/webdriver/support/wait.py", line 105, in until
    raise TimeoutException(message, screen, stacktrace)
selenium.common.exceptions.TimeoutException: Message: Can't click element by locator ('xpath', "//a [@class='main-article-item__thumb'][11]")
Stacktrace:
#0 0x55e4d1a552da <unknown>
#1 0x55e4d1723200 <unknown>
#2 0x55e4d1772aa2 <unknown>
#3 0x55e4d1772d41 <unknown>
#4 0x55e4d17b8964 <unknown>
#5 0x55e4d17978fd <unknown>
#6 0x55e4d17b5dfd <unknown>
#7 0x55e4d1797673 <unknown>
#8 0x55e4d1765473 <unknown>
#9 0x55e4d176647e <unknown>
#10 0x55e4d1a1c0db <unknown>
#11 0x55e4d1a20071 <unknown>
#12 0x55e4d1a089d5 <unknown>
#13 0x55e4d1a20bf2 <unknown>
#14 0x55e4d19edb6f <unknown>
#15 0x55e4d1a44248 <unknown>
#16 0x55e4d1a44417 <unknown>
#17 0x55e4d1a540cc <unknown>
#18 0x7f025dc94ac3 <unknown>

2024-09-21 22:54:08 ERROR Elements not present after 0.5 seconds on page: https://capital.com/market-analysis
2024-09-21 22:54:08 ERROR Can't click element by locator ('xpath', "//a [@class='main-article-item__thumb'][3]")
Traceback (most recent call last):
  File "/home/runner/work/TestCapitalComPySe/TestCapitalComPySe/pages/base_page.py", line 86, in inner_function
    return func(*args, **kwargs)
           ^^^^^^^^^^^^^^^^^^^^^
  File "/home/runner/work/TestCapitalComPySe/TestCapitalComPySe/pages/base_page.py", line 386, in element_is_clickable
    return Wait(self.driver, timeout).until(
           ^^^^^^^^^^^^^^^^^^^^^^^^^^^^^^^^^
  File "/home/runner/.cache/pypoetry/virtualenvs/testcapitalcompyse-CcJ6hTD8-py3.12/lib/python3.12/site-packages/selenium/webdriver/support/wait.py", line 105, in until
    raise TimeoutException(message, screen, stacktrace)
selenium.common.exceptions.TimeoutException: Message: Can't click element by locator ('xpath', "//a [@class='main-article-item__thumb'][3]")
Stacktrace:
#0 0x55e4d1a552da <unknown>
#1 0x55e4d1723200 <unknown>
#2 0x55e4d1772aa2 <unknown>
#3 0x55e4d1772d41 <unknown>
#4 0x55e4d17b8964 <unknown>
#5 0x55e4d17978fd <unknown>
#6 0x55e4d17b5dfd <unknown>
#7 0x55e4d1797673 <unknown>
#8 0x55e4d1765473 <unknown>
#9 0x55e4d176647e <unknown>
#10 0x55e4d1a1c0db <unknown>
#11 0x55e4d1a20071 <unknown>
#12 0x55e4d1a089d5 <unknown>
#13 0x55e4d1a20bf2 <unknown>
#14 0x55e4d19edb6f <unknown>
#15 0x55e4d1a44248 <unknown>
#16 0x55e4d1a44417 <unknown>
#17 0x55e4d1a540cc <unknown>
#18 0x7f025dc94ac3 <unknown>

2024-09-21 22:54:10 ERROR Elements not present after 0.5 seconds on page: https://capital.com/aud-usd-analysis-focus-turns-to-gdp-data-after-unexpected-cpi-rise
2024-09-21 22:54:10 ERROR 
Traceback (most recent call last):
  File "/home/runner/work/TestCapitalComPySe/TestCapitalComPySe/pages/base_page.py", line 86, in inner_function
    return func(*args, **kwargs)
           ^^^^^^^^^^^^^^^^^^^^^
  File "/home/runner/work/TestCapitalComPySe/TestCapitalComPySe/pages/base_page.py", line 305, in element_is_visible
    return Wait(self.driver, timeout).until(
           ^^^^^^^^^^^^^^^^^^^^^^^^^^^^^^^^^
  File "/home/runner/.cache/pypoetry/virtualenvs/testcapitalcompyse-CcJ6hTD8-py3.12/lib/python3.12/site-packages/selenium/webdriver/support/wait.py", line 105, in until
    raise TimeoutException(message, screen, stacktrace)
selenium.common.exceptions.TimeoutException: Message: