2024-02-27 04:23:47 ERROR Elements not present after 0.5 seconds on page: https://capital.com/es/trade-commodities
2024-02-27 04:23:47 ERROR 
Traceback (most recent call last):
  File "/home/runner/work/TestCapitalComPySe/TestCapitalComPySe/pages/base_page.py", line 84, in inner_function
    return func(*args, **kwargs)
           ^^^^^^^^^^^^^^^^^^^^^
  File "/home/runner/work/TestCapitalComPySe/TestCapitalComPySe/pages/base_page.py", line 301, in element_is_visible
    return Wait(self.driver, timeout).until(
           ^^^^^^^^^^^^^^^^^^^^^^^^^^^^^^^^^
  File "/home/runner/.cache/pypoetry/virtualenvs/testcapitalcompyse-CcJ6hTD8-py3.12/lib/python3.12/site-packages/selenium/webdriver/support/wait.py", line 105, in until
    raise TimeoutException(message, screen, stacktrace)
selenium.common.exceptions.TimeoutException: Message: 
Stacktrace:
#0 0x55740cf36303 <unknown>
#1 0x55740cc1b2b7 <unknown>
#2 0x55740cc66cc0 <unknown>
#3 0x55740cc66db1 <unknown>
#4 0x55740ccaab44 <unknown>
#5 0x55740cc893ad <unknown>
#6 0x55740cca807c <unknown>
#7 0x55740cc89123 <unknown>
#8 0x55740cc59095 <unknown>
#9 0x55740cc5a09e <unknown>
#10 0x55740cefa6ab <unknown>
#11 0x55740cefe4ba <unknown>
#12 0x55740cee6f85 <unknown>
#13 0x55740ceff12f <unknown>
#14 0x55740cecae6f <unknown>
#15 0x55740cf235f8 <unknown>
#16 0x55740cf237c2 <unknown>
#17 0x55740cf354a4 <unknown>
#18 0x7f1dfee94ac3 <unknown>

2024-02-27 04:24:10 ERROR Elements not present after 0.5 seconds on page: https://capital.com/trading/platform/
2024-02-27 04:24:10 ERROR 
Traceback (most recent call last):
  File "/home/runner/work/TestCapitalComPySe/TestCapitalComPySe/pages/base_page.py", line 84, in inner_function
    return func(*args, **kwargs)
           ^^^^^^^^^^^^^^^^^^^^^
  File "/home/runner/work/TestCapitalComPySe/TestCapitalComPySe/pages/base_page.py", line 301, in element_is_visible
    return Wait(self.driver, timeout).until(
           ^^^^^^^^^^^^^^^^^^^^^^^^^^^^^^^^^
  File "/home/runner/.cache/pypoetry/virtualenvs/testcapitalcompyse-CcJ6hTD8-py3.12/lib/python3.12/site-packages/selenium/webdriver/support/wait.py", line 105, in until
    raise TimeoutException(message, screen, stacktrace)
selenium.common.exceptions.TimeoutException: Message: 
Stacktrace:
#0 0x55740cf36303 <unknown>
#1 0x55740cc1b2b7 <unknown>
#2 0x55740cc66cc0 <unknown>
#3 0x55740cc66db1 <unknown>
#4 0x55740ccaab44 <unknown>
#5 0x55740cc893ad <unknown>
#6 0x55740cca807c <unknown>
#7 0x55740cc89123 <unknown>
#8 0x55740cc59095 <unknown>
#9 0x55740cc5a09e <unknown>
#10 0x55740cefa6ab <unknown>
#11 0x55740cefe4ba <unknown>
#12 0x55740cee6f85 <unknown>
#13 0x55740ceff12f <unknown>
#14 0x55740cecae6f <unknown>
#15 0x55740cf235f8 <unknown>
#16 0x55740cf237c2 <unknown>
#17 0x55740cf354a4 <unknown>
#18 0x7f1dfee94ac3 <unknown>