2024-02-27 03:56:01 ERROR Elements not present after 0.5 seconds on page: https://capital.com/
2024-02-27 03:56:01 ERROR Can't see element by locator ('css selector', "iframe[title='reCAPTCHA']")
Traceback (most recent call last):
  File "/home/runner/work/TestCapitalComPySe/TestCapitalComPySe/pages/base_page.py", line 84, in inner_function
    return func(*args, **kwargs)
           ^^^^^^^^^^^^^^^^^^^^^
  File "/home/runner/work/TestCapitalComPySe/TestCapitalComPySe/pages/base_page.py", line 517, in is_captcha
    if self.elements_are_visible(Captcha.CAPTCHA_IFRAME):
       ^^^^^^^^^^^^^^^^^^^^^^^^^^^^^^^^^^^^^^^^^^^^^^^^^
  File "/home/runner/work/TestCapitalComPySe/TestCapitalComPySe/pages/base_page.py", line 637, in elements_are_visible
    return Wait(self.driver, timeout).until(EC.visibility_of_any_elements_located(locator),
           ^^^^^^^^^^^^^^^^^^^^^^^^^^^^^^^^^^^^^^^^^^^^^^^^^^^^^^^^^^^^^^^^^^^^^^^^^^^^^^^^
  File "/home/runner/.cache/pypoetry/virtualenvs/testcapitalcompyse-CcJ6hTD8-py3.12/lib/python3.12/site-packages/selenium/webdriver/support/wait.py", line 105, in until
    raise TimeoutException(message, screen, stacktrace)
selenium.common.exceptions.TimeoutException: Message: Can't see element by locator ('css selector', "iframe[title='reCAPTCHA']")

2024-02-27 03:56:37 ERROR Elements not present after 0.5 seconds on page: https://capital.com/es/trade-netflix
2024-02-27 03:56:37 ERROR 
Traceback (most recent call last):
  File "/home/runner/work/TestCapitalComPySe/TestCapitalComPySe/pages/base_page.py", line 84, in inner_function
    return func(*args, **kwargs)
           ^^^^^^^^^^^^^^^^^^^^^
  File "/home/runner/work/TestCapitalComPySe/TestCapitalComPySe/pages/base_page.py", line 301, in element_is_visible
    return Wait(self.driver, timeout).until(
           ^^^^^^^^^^^^^^^^^^^^^^^^^^^^^^^^^
  File "/home/runner/.cache/pypoetry/virtualenvs/testcapitalcompyse-CcJ6hTD8-py3.12/lib/python3.12/site-packages/selenium/webdriver/support/wait.py", line 105, in until
    raise TimeoutException(message, screen, stacktrace)
selenium.common.exceptions.TimeoutException: Message: 
Stacktrace:
#0 0x55c79a2ab303 <unknown>
#1 0x55c799f902b7 <unknown>
#2 0x55c799fdbcc0 <unknown>
#3 0x55c799fdbdb1 <unknown>
#4 0x55c79a01fb44 <unknown>
#5 0x55c799ffe3ad <unknown>
#6 0x55c79a01d07c <unknown>
#7 0x55c799ffe123 <unknown>
#8 0x55c799fce095 <unknown>
#9 0x55c799fcf09e <unknown>
#10 0x55c79a26f6ab <unknown>
#11 0x55c79a2734ba <unknown>
#12 0x55c79a25bf85 <unknown>
#13 0x55c79a27412f <unknown>
#14 0x55c79a23fe6f <unknown>
#15 0x55c79a2985f8 <unknown>
#16 0x55c79a2987c2 <unknown>
#17 0x55c79a2aa4a4 <unknown>
#18 0x7f1254c94ac3 <unknown>

2024-02-27 03:56:40 ERROR Elements not present after 0.5 seconds on page: https://capital.com/es/trade-netflix
2024-02-27 03:56:40 ERROR 
Traceback (most recent call last):
  File "/home/runner/work/TestCapitalComPySe/TestCapitalComPySe/pages/base_page.py", line 84, in inner_function
    return func(*args, **kwargs)
           ^^^^^^^^^^^^^^^^^^^^^
  File "/home/runner/work/TestCapitalComPySe/TestCapitalComPySe/pages/base_page.py", line 301, in element_is_visible
    return Wait(self.driver, timeout).until(
           ^^^^^^^^^^^^^^^^^^^^^^^^^^^^^^^^^
  File "/home/runner/.cache/pypoetry/virtualenvs/testcapitalcompyse-CcJ6hTD8-py3.12/lib/python3.12/site-packages/selenium/webdriver/support/wait.py", line 105, in until
    raise TimeoutException(message, screen, stacktrace)
selenium.common.exceptions.TimeoutException: Message: 
Stacktrace:
#0 0x55c79a2ab303 <unknown>
#1 0x55c799f902b7 <unknown>
#2 0x55c799fdbcc0 <unknown>
#3 0x55c799fdbdb1 <unknown>
#4 0x55c79a01fb44 <unknown>
#5 0x55c799ffe3ad <unknown>
#6 0x55c79a01d07c <unknown>
#7 0x55c799ffe123 <unknown>
#8 0x55c799fce095 <unknown>
#9 0x55c799fcf09e <unknown>
#10 0x55c79a26f6ab <unknown>
#11 0x55c79a2734ba <unknown>
#12 0x55c79a25bf85 <unknown>
#13 0x55c79a27412f <unknown>
#14 0x55c79a23fe6f <unknown>
#15 0x55c79a2985f8 <unknown>
#16 0x55c79a2987c2 <unknown>
#17 0x55c79a2aa4a4 <unknown>
#18 0x7f1254c94ac3 <unknown>

2024-02-27 03:56:43 ERROR Elements not present after 0.5 seconds on page: https://capital.com/es/trade-netflix
2024-02-27 03:56:43 ERROR 
Traceback (most recent call last):
  File "/home/runner/work/TestCapitalComPySe/TestCapitalComPySe/pages/base_page.py", line 84, in inner_function
    return func(*args, **kwargs)
           ^^^^^^^^^^^^^^^^^^^^^
  File "/home/runner/work/TestCapitalComPySe/TestCapitalComPySe/pages/base_page.py", line 301, in element_is_visible
    return Wait(self.driver, timeout).until(
           ^^^^^^^^^^^^^^^^^^^^^^^^^^^^^^^^^
  File "/home/runner/.cache/pypoetry/virtualenvs/testcapitalcompyse-CcJ6hTD8-py3.12/lib/python3.12/site-packages/selenium/webdriver/support/wait.py", line 105, in until
    raise TimeoutException(message, screen, stacktrace)
selenium.common.exceptions.TimeoutException: Message: 
Stacktrace:
#0 0x55c79a2ab303 <unknown>
#1 0x55c799f902b7 <unknown>
#2 0x55c799fdbcc0 <unknown>
#3 0x55c799fdbdb1 <unknown>
#4 0x55c79a01fb44 <unknown>
#5 0x55c799ffe3ad <unknown>
#6 0x55c79a01d07c <unknown>
#7 0x55c799ffe123 <unknown>
#8 0x55c799fce095 <unknown>
#9 0x55c799fcf09e <unknown>
#10 0x55c79a26f6ab <unknown>
#11 0x55c79a2734ba <unknown>
#12 0x55c79a25bf85 <unknown>
#13 0x55c79a27412f <unknown>
#14 0x55c79a23fe6f <unknown>
#15 0x55c79a2985f8 <unknown>
#16 0x55c79a2987c2 <unknown>
#17 0x55c79a2aa4a4 <unknown>
#18 0x7f1254c94ac3 <unknown>