2025-05-03 00:10:20 ERROR Elements not present after 0.5 seconds on page: https://capital.com/en-gb
2025-05-03 00:10:20 ERROR 
Traceback (most recent call last):
  File "/home/runner/work/TestCapitalComPySe/TestCapitalComPySe/pages/base_page.py", line 86, in inner_function
    return func(*args, **kwargs)
           ^^^^^^^^^^^^^^^^^^^^^
  File "/home/runner/work/TestCapitalComPySe/TestCapitalComPySe/pages/base_page.py", line 340, in element_is_visible
    return Wait(self.driver, timeout).until(
           ^^^^^^^^^^^^^^^^^^^^^^^^^^^^^^^^^
  File "/home/runner/.cache/pypoetry/virtualenvs/testcapitalcompyse-CcJ6hTD8-py3.12/lib/python3.12/site-packages/selenium/webdriver/support/wait.py", line 105, in until
    raise TimeoutException(message, screen, stacktrace)
selenium.common.exceptions.TimeoutException: Message: 
Stacktrace:
#0 0x562a3dabd75a <unknown>
#1 0x562a3d5704b0 <unknown>
#2 0x562a3d5c19b3 <unknown>
#3 0x562a3d5c1ba1 <unknown>
#4 0x562a3d6101f4 <unknown>
#5 0x562a3d5e75bd <unknown>
#6 0x562a3d60d5e0 <unknown>
#7 0x562a3d5e7363 <unknown>
#8 0x562a3d5b3d63 <unknown>
#9 0x562a3d5b49c1 <unknown>
#10 0x562a3da82a6b <unknown>
#11 0x562a3da86951 <unknown>
#12 0x562a3da6ab62 <unknown>
#13 0x562a3da874c4 <unknown>
#14 0x562a3da4f13f <unknown>
#15 0x562a3daab6f8 <unknown>
#16 0x562a3daab8d6 <unknown>
#17 0x562a3dabc5a6 <unknown>
#18 0x7f3bcf49caa4 <unknown>
#19 0x7f3bcf529c3c <unknown>

2025-05-03 00:10:32 ERROR Elements not present after 0.5 seconds on page: https://capital.com/en-eu
2025-05-03 00:10:32 ERROR 
Traceback (most recent call last):
  File "/home/runner/work/TestCapitalComPySe/TestCapitalComPySe/pages/base_page.py", line 86, in inner_function
    return func(*args, **kwargs)
           ^^^^^^^^^^^^^^^^^^^^^
  File "/home/runner/work/TestCapitalComPySe/TestCapitalComPySe/pages/base_page.py", line 340, in element_is_visible
    return Wait(self.driver, timeout).until(
           ^^^^^^^^^^^^^^^^^^^^^^^^^^^^^^^^^
  File "/home/runner/.cache/pypoetry/virtualenvs/testcapitalcompyse-CcJ6hTD8-py3.12/lib/python3.12/site-packages/selenium/webdriver/support/wait.py", line 105, in until
    raise TimeoutException(message, screen, stacktrace)
selenium.common.exceptions.TimeoutException: Message: 
Stacktrace:
#0 0x562a3dabd75a <unknown>
#1 0x562a3d5704b0 <unknown>
#2 0x562a3d5c19b3 <unknown>
#3 0x562a3d5c1ba1 <unknown>
#4 0x562a3d6101f4 <unknown>
#5 0x562a3d5e75bd <unknown>
#6 0x562a3d60d5e0 <unknown>
#7 0x562a3d5e7363 <unknown>
#8 0x562a3d5b3d63 <unknown>
#9 0x562a3d5b49c1 <unknown>
#10 0x562a3da82a6b <unknown>
#11 0x562a3da86951 <unknown>
#12 0x562a3da6ab62 <unknown>
#13 0x562a3da874c4 <unknown>
#14 0x562a3da4f13f <unknown>
#15 0x562a3daab6f8 <unknown>
#16 0x562a3daab8d6 <unknown>
#17 0x562a3dabc5a6 <unknown>
#18 0x7f3bcf49caa4 <unknown>
#19 0x7f3bcf529c3c <unknown>