2024-05-16 21:53:10 ERROR Elements not present after 0.5 seconds on page: https://capital.com/ru/trade-etfs
2024-05-16 21:53:10 ERROR 
Traceback (most recent call last):
  File "/home/runner/work/TestCapitalComPySe/TestCapitalComPySe/pages/base_page.py", line 86, in inner_function
    return func(*args, **kwargs)
           ^^^^^^^^^^^^^^^^^^^^^
  File "/home/runner/work/TestCapitalComPySe/TestCapitalComPySe/pages/base_page.py", line 305, in element_is_visible
    return Wait(self.driver, timeout).until(
           ^^^^^^^^^^^^^^^^^^^^^^^^^^^^^^^^^
  File "/home/runner/.cache/pypoetry/virtualenvs/testcapitalcompyse-CcJ6hTD8-py3.12/lib/python3.12/site-packages/selenium/webdriver/support/wait.py", line 105, in until
    raise TimeoutException(message, screen, stacktrace)
selenium.common.exceptions.TimeoutException: Message: 
Stacktrace:
#0 0x55d99549edc3 <unknown>
#1 0x55d99518d4e7 <unknown>
#2 0x55d9951d835d <unknown>
#3 0x55d9951d8411 <unknown>
#4 0x55d99521b774 <unknown>
#5 0x55d9951fa47d <unknown>
#6 0x55d995218c29 <unknown>
#7 0x55d9951fa1f3 <unknown>
#8 0x55d9951cb28a <unknown>
#9 0x55d9951cbc5e <unknown>
#10 0x55d9954630eb <unknown>
#11 0x55d99546703b <unknown>
#12 0x55d99544f201 <unknown>
#13 0x55d995467ba2 <unknown>
#14 0x55d9954340bf <unknown>
#15 0x55d99548df18 <unknown>
#16 0x55d99548e0f0 <unknown>
#17 0x55d99549df14 <unknown>
#18 0x7f3b34e94ac3 <unknown>