2024-05-16 21:14:54 ERROR Elements not present after 0.5 seconds on page: https://capital.com/ru/kak-torgovat-medyu-s-cfd
2024-05-16 21:14:54 ERROR 
Traceback (most recent call last):
  File "/home/runner/work/TestCapitalComPySe/TestCapitalComPySe/pages/base_page.py", line 86, in inner_function
    return func(*args, **kwargs)
           ^^^^^^^^^^^^^^^^^^^^^
  File "/home/runner/work/TestCapitalComPySe/TestCapitalComPySe/pages/base_page.py", line 305, in element_is_visible
    return Wait(self.driver, timeout).until(
           ^^^^^^^^^^^^^^^^^^^^^^^^^^^^^^^^^
  File "/home/runner/.cache/pypoetry/virtualenvs/testcapitalcompyse-CcJ6hTD8-py3.12/lib/python3.12/site-packages/selenium/webdriver/support/wait.py", line 105, in until
    raise TimeoutException(message, screen, stacktrace)
selenium.common.exceptions.TimeoutException: Message: 
Stacktrace:
#0 0x562ed5ddddc3 <unknown>
#1 0x562ed5acc4e7 <unknown>
#2 0x562ed5b1735d <unknown>
#3 0x562ed5b17411 <unknown>
#4 0x562ed5b5a774 <unknown>
#5 0x562ed5b3947d <unknown>
#6 0x562ed5b57c29 <unknown>
#7 0x562ed5b391f3 <unknown>
#8 0x562ed5b0a28a <unknown>
#9 0x562ed5b0ac5e <unknown>
#10 0x562ed5da20eb <unknown>
#11 0x562ed5da603b <unknown>
#12 0x562ed5d8e201 <unknown>
#13 0x562ed5da6ba2 <unknown>
#14 0x562ed5d730bf <unknown>
#15 0x562ed5dccf18 <unknown>
#16 0x562ed5dcd0f0 <unknown>
#17 0x562ed5ddcf14 <unknown>
#18 0x7ff0a8694ac3 <unknown>

2024-05-16 21:15:00 ERROR Elements not present after 0.5 seconds on page: https://capital.com/ru/kak-torgovat-medyu-s-cfd
2024-05-16 21:15:00 ERROR 
Traceback (most recent call last):
  File "/home/runner/work/TestCapitalComPySe/TestCapitalComPySe/pages/base_page.py", line 86, in inner_function
    return func(*args, **kwargs)
           ^^^^^^^^^^^^^^^^^^^^^
  File "/home/runner/work/TestCapitalComPySe/TestCapitalComPySe/pages/base_page.py", line 305, in element_is_visible
    return Wait(self.driver, timeout).until(
           ^^^^^^^^^^^^^^^^^^^^^^^^^^^^^^^^^
  File "/home/runner/.cache/pypoetry/virtualenvs/testcapitalcompyse-CcJ6hTD8-py3.12/lib/python3.12/site-packages/selenium/webdriver/support/wait.py", line 105, in until
    raise TimeoutException(message, screen, stacktrace)
selenium.common.exceptions.TimeoutException: Message: 
Stacktrace:
#0 0x562ed5ddddc3 <unknown>
#1 0x562ed5acc4e7 <unknown>
#2 0x562ed5b1735d <unknown>
#3 0x562ed5b17411 <unknown>
#4 0x562ed5b5a774 <unknown>
#5 0x562ed5b3947d <unknown>
#6 0x562ed5b57c29 <unknown>
#7 0x562ed5b391f3 <unknown>
#8 0x562ed5b0a28a <unknown>
#9 0x562ed5b0ac5e <unknown>
#10 0x562ed5da20eb <unknown>
#11 0x562ed5da603b <unknown>
#12 0x562ed5d8e201 <unknown>
#13 0x562ed5da6ba2 <unknown>
#14 0x562ed5d730bf <unknown>
#15 0x562ed5dccf18 <unknown>
#16 0x562ed5dcd0f0 <unknown>
#17 0x562ed5ddcf14 <unknown>
#18 0x7ff0a8694ac3 <unknown>

2024-05-16 21:15:04 ERROR Elements not present after 0.5 seconds on page: https://capital.com/ru/kak-torgovat-medyu-s-cfd
2024-05-16 21:15:04 ERROR 
Traceback (most recent call last):
  File "/home/runner/work/TestCapitalComPySe/TestCapitalComPySe/pages/base_page.py", line 86, in inner_function
    return func(*args, **kwargs)
           ^^^^^^^^^^^^^^^^^^^^^
  File "/home/runner/work/TestCapitalComPySe/TestCapitalComPySe/pages/base_page.py", line 305, in element_is_visible
    return Wait(self.driver, timeout).until(
           ^^^^^^^^^^^^^^^^^^^^^^^^^^^^^^^^^
  File "/home/runner/.cache/pypoetry/virtualenvs/testcapitalcompyse-CcJ6hTD8-py3.12/lib/python3.12/site-packages/selenium/webdriver/support/wait.py", line 105, in until
    raise TimeoutException(message, screen, stacktrace)
selenium.common.exceptions.TimeoutException: Message: 
Stacktrace:
#0 0x562ed5ddddc3 <unknown>
#1 0x562ed5acc4e7 <unknown>
#2 0x562ed5b1735d <unknown>
#3 0x562ed5b17411 <unknown>
#4 0x562ed5b5a774 <unknown>
#5 0x562ed5b3947d <unknown>
#6 0x562ed5b57c29 <unknown>
#7 0x562ed5b391f3 <unknown>
#8 0x562ed5b0a28a <unknown>
#9 0x562ed5b0ac5e <unknown>
#10 0x562ed5da20eb <unknown>
#11 0x562ed5da603b <unknown>
#12 0x562ed5d8e201 <unknown>
#13 0x562ed5da6ba2 <unknown>
#14 0x562ed5d730bf <unknown>
#15 0x562ed5dccf18 <unknown>
#16 0x562ed5dcd0f0 <unknown>
#17 0x562ed5ddcf14 <unknown>
#18 0x7ff0a8694ac3 <unknown>

2024-05-16 21:15:07 ERROR Elements not present after 0.5 seconds on page: https://capital.com/ru/kak-torgovat-medyu-s-cfd
2024-05-16 21:15:07 ERROR 
Traceback (most recent call last):
  File "/home/runner/work/TestCapitalComPySe/TestCapitalComPySe/pages/base_page.py", line 86, in inner_function
    return func(*args, **kwargs)
           ^^^^^^^^^^^^^^^^^^^^^
  File "/home/runner/work/TestCapitalComPySe/TestCapitalComPySe/pages/base_page.py", line 305, in element_is_visible
    return Wait(self.driver, timeout).until(
           ^^^^^^^^^^^^^^^^^^^^^^^^^^^^^^^^^
  File "/home/runner/.cache/pypoetry/virtualenvs/testcapitalcompyse-CcJ6hTD8-py3.12/lib/python3.12/site-packages/selenium/webdriver/support/wait.py", line 105, in until
    raise TimeoutException(message, screen, stacktrace)
selenium.common.exceptions.TimeoutException: Message: 
Stacktrace:
#0 0x562ed5ddddc3 <unknown>
#1 0x562ed5acc4e7 <unknown>
#2 0x562ed5b1735d <unknown>
#3 0x562ed5b17411 <unknown>
#4 0x562ed5b5a774 <unknown>
#5 0x562ed5b3947d <unknown>
#6 0x562ed5b57c29 <unknown>
#7 0x562ed5b391f3 <unknown>
#8 0x562ed5b0a28a <unknown>
#9 0x562ed5b0ac5e <unknown>
#10 0x562ed5da20eb <unknown>
#11 0x562ed5da603b <unknown>
#12 0x562ed5d8e201 <unknown>
#13 0x562ed5da6ba2 <unknown>
#14 0x562ed5d730bf <unknown>
#15 0x562ed5dccf18 <unknown>
#16 0x562ed5dcd0f0 <unknown>
#17 0x562ed5ddcf14 <unknown>
#18 0x7ff0a8694ac3 <unknown>