2024-02-26 02:55:20 ERROR Elements not present after 0.5 seconds on page: https://capital.com/it/negozia-nasdaq-100
2024-02-26 02:55:20 ERROR 
Traceback (most recent call last):
  File "/home/runner/work/TestCapitalComPySe/TestCapitalComPySe/pages/base_page.py", line 84, in inner_function
    return func(*args, **kwargs)
           ^^^^^^^^^^^^^^^^^^^^^
  File "/home/runner/work/TestCapitalComPySe/TestCapitalComPySe/pages/base_page.py", line 301, in element_is_visible
    return Wait(self.driver, timeout).until(
           ^^^^^^^^^^^^^^^^^^^^^^^^^^^^^^^^^
  File "/home/runner/.cache/pypoetry/virtualenvs/testcapitalcompyse-CcJ6hTD8-py3.12/lib/python3.12/site-packages/selenium/webdriver/support/wait.py", line 105, in until
    raise TimeoutException(message, screen, stacktrace)
selenium.common.exceptions.TimeoutException: Message: 
Stacktrace:
#0 0x55c150b72303 <unknown>
#1 0x55c1508572b7 <unknown>
#2 0x55c1508a2cc0 <unknown>
#3 0x55c1508a2db1 <unknown>
#4 0x55c1508e6b44 <unknown>
#5 0x55c1508c53ad <unknown>
#6 0x55c1508e407c <unknown>
#7 0x55c1508c5123 <unknown>
#8 0x55c150895095 <unknown>
#9 0x55c15089609e <unknown>
#10 0x55c150b366ab <unknown>
#11 0x55c150b3a4ba <unknown>
#12 0x55c150b22f85 <unknown>
#13 0x55c150b3b12f <unknown>
#14 0x55c150b06e6f <unknown>
#15 0x55c150b5f5f8 <unknown>
#16 0x55c150b5f7c2 <unknown>
#17 0x55c150b714a4 <unknown>
#18 0x7f5b58894ac3 <unknown>

2024-02-26 02:55:44 ERROR Elements not present after 0.5 seconds on page: https://capital.com/trading/platform/charting/508931114652423506?side=buy&ids=27342779713672388,22855552501634244,3644116541985988,27041281599427780,422839530378436,5983666832495812,427748677997764,2604592722433220,16150730595456196,21621659937100996,27045129890124996,21659404109698244,93810675766468,1496662958757060,123763777688772,1679716659553719492,145998823326404,10384900209333444,408279591244996,356886012581060,53137335473348,283145719076036,232327666029764,15839732013552836,508931114652423506,374675767075865,1196668083066052,21680337780298948,3586297714002,194965745456466,609885377874,1717986940242,39101382284626,287256002712914,336240104723794,426090820621508,21182778791108,23381802046660,21447133940953606,18421114754386,268834887980370,1129576420690,1529135750401053892
2024-02-26 02:55:44 ERROR 
Traceback (most recent call last):
  File "/home/runner/work/TestCapitalComPySe/TestCapitalComPySe/pages/base_page.py", line 84, in inner_function
    return func(*args, **kwargs)
           ^^^^^^^^^^^^^^^^^^^^^
  File "/home/runner/work/TestCapitalComPySe/TestCapitalComPySe/pages/base_page.py", line 301, in element_is_visible
    return Wait(self.driver, timeout).until(
           ^^^^^^^^^^^^^^^^^^^^^^^^^^^^^^^^^
  File "/home/runner/.cache/pypoetry/virtualenvs/testcapitalcompyse-CcJ6hTD8-py3.12/lib/python3.12/site-packages/selenium/webdriver/support/wait.py", line 105, in until
    raise TimeoutException(message, screen, stacktrace)
selenium.common.exceptions.TimeoutException: Message: 
Stacktrace:
#0 0x55c150b72303 <unknown>
#1 0x55c1508572b7 <unknown>
#2 0x55c1508a2cc0 <unknown>
#3 0x55c1508a2db1 <unknown>
#4 0x55c1508e6b44 <unknown>
#5 0x55c1508c53ad <unknown>
#6 0x55c1508e407c <unknown>
#7 0x55c1508c5123 <unknown>
#8 0x55c150895095 <unknown>
#9 0x55c15089609e <unknown>
#10 0x55c150b366ab <unknown>
#11 0x55c150b3a4ba <unknown>
#12 0x55c150b22f85 <unknown>
#13 0x55c150b3b12f <unknown>
#14 0x55c150b06e6f <unknown>
#15 0x55c150b5f5f8 <unknown>
#16 0x55c150b5f7c2 <unknown>
#17 0x55c150b714a4 <unknown>
#18 0x7f5b58894ac3 <unknown>