{"uid":"853c9fd03961f8e0","name":"TC_55!322a (Lang: ar) | Bid:55!322a-ar.ae.NoAuth","fullName":"tests.US_55_ReTestsManual.tassobaccato.US_55-tassobaccato_ReTestsManual_test.TestManualDetectedBugs#test_322a","historyId":"3d4afb50abd913337e0f730980af706b","time":{"start":1727915734798,"stop":1727915753208,"duration":18410},"description":"\n        Check: Clicking [numeric values] in the Sell column in Menu tittle Markets does not open the\n                Sign-Up /Login form or page of the corresponding trading instrument on the trading platform using\n                English or Arabic language.\n        Language: EN, AR\n        License: SCA\n        Author: Kasila\n        ","descriptionHtml":"<pre><code>    Check: Clicking [numeric values] in the Sell column in Menu tittle Markets does not open the\n            Sign-Up /Login form or page of the corresponding trading instrument on the trading platform using\n            English or Arabic language.\n    Language: EN, AR\n    License: SCA\n    Author: Kasila\n</code></pre>\n","status":"failed","statusMessage":"Failed: Bug # 55!322 \nExpected result: Login form is opened\nActual result: Login form is not opened","statusTrace":"self = <pages.BugsManual.bug_322.AssertTPI object at 0x7f3a0a2441d0>\nd = <selenium.webdriver.chrome.webdriver.WebDriver (session=\"f561f7f2f3d7b54df2bcef68451a5c7e\")>\n\n    def assert_login(self, d):\n        print(f\"\\n{datetime.now()}   3. Assert\")\n    \n        try:\n>           login_form = self.driver.find_element(By.XPATH, '//strong/span[contains(text(), \"Login\")]')\n\npages/BugsManual/bug_322.py:123: \n_ _ _ _ _ _ _ _ _ _ _ _ _ _ _ _ _ _ _ _ _ _ _ _ _ _ _ _ _ _ _ _ _ _ _ _ _ _ _ _ \n../../../.cache/pypoetry/virtualenvs/testcapitalcompyse-CcJ6hTD8-py3.12/lib/python3.12/site-packages/selenium/webdriver/remote/webdriver.py:748: in find_element\n    return self.execute(Command.FIND_ELEMENT, {\"using\": by, \"value\": value})[\"value\"]\n../../../.cache/pypoetry/virtualenvs/testcapitalcompyse-CcJ6hTD8-py3.12/lib/python3.12/site-packages/selenium/webdriver/remote/webdriver.py:354: in execute\n    self.error_handler.check_response(response)\n_ _ _ _ _ _ _ _ _ _ _ _ _ _ _ _ _ _ _ _ _ _ _ _ _ _ _ _ _ _ _ _ _ _ _ _ _ _ _ _ \n\nself = <selenium.webdriver.remote.errorhandler.ErrorHandler object at 0x7f3a0a27b770>\nresponse = {'status': 404, 'value': '{\"value\":{\"error\":\"no such element\",\"message\":\"no such element: Unable to locate element: {\\...\\\\n#16 0x5647cbe290f3 \\\\u003Cunknown>\\\\n#17 0x5647cbe38e7c \\\\u003Cunknown>\\\\n#18 0x7f578ba94ac3 \\\\u003Cunknown>\\\\n\"}}'}\n\n    def check_response(self, response: Dict[str, Any]) -> None:\n        \"\"\"Checks that a JSON response from the WebDriver does not have an\n        error.\n    \n        :Args:\n         - response - The JSON response from the WebDriver server as a dictionary\n           object.\n    \n        :Raises: If the response contains an error message.\n        \"\"\"\n        status = response.get(\"status\", None)\n        if not status or status == ErrorCode.SUCCESS:\n            return\n        value = None\n        message = response.get(\"message\", \"\")\n        screen: str = response.get(\"screen\", \"\")\n        stacktrace = None\n        if isinstance(status, int):\n            value_json = response.get(\"value\", None)\n            if value_json and isinstance(value_json, str):\n                import json\n    \n                try:\n                    value = json.loads(value_json)\n                    if len(value) == 1:\n                        value = value[\"value\"]\n                    status = value.get(\"error\", None)\n                    if not status:\n                        status = value.get(\"status\", ErrorCode.UNKNOWN_ERROR)\n                        message = value.get(\"value\") or value.get(\"message\")\n                        if not isinstance(message, str):\n                            value = message\n                            message = message.get(\"message\")\n                    else:\n                        message = value.get(\"message\", None)\n                except ValueError:\n                    pass\n    \n        exception_class: Type[WebDriverException]\n        e = ErrorCode()\n        error_codes = [item for item in dir(e) if not item.startswith(\"__\")]\n        for error_code in error_codes:\n            error_info = getattr(ErrorCode, error_code)\n            if isinstance(error_info, list) and status in error_info:\n                exception_class = getattr(ExceptionMapping, error_code, WebDriverException)\n                break\n        else:\n            exception_class = WebDriverException\n    \n        if not value:\n            value = response[\"value\"]\n        if isinstance(value, str):\n            raise exception_class(value)\n        if message == \"\" and \"message\" in value:\n            message = value[\"message\"]\n    \n        screen = None  # type: ignore[assignment]\n        if \"screen\" in value:\n            screen = value[\"screen\"]\n    \n        stacktrace = None\n        st_value = value.get(\"stackTrace\") or value.get(\"stacktrace\")\n        if st_value:\n            if isinstance(st_value, str):\n                stacktrace = st_value.split(\"\\n\")\n            else:\n                stacktrace = []\n                try:\n                    for frame in st_value:\n                        line = frame.get(\"lineNumber\", \"\")\n                        file = frame.get(\"fileName\", \"<anonymous>\")\n                        if line:\n                            file = f\"{file}:{line}\"\n                        meth = frame.get(\"methodName\", \"<anonymous>\")\n                        if \"className\" in frame:\n                            meth = f\"{frame['className']}.{meth}\"\n                        msg = \"    at %s (%s)\"\n                        msg = msg % (meth, file)\n                        stacktrace.append(msg)\n                except TypeError:\n                    pass\n        if exception_class == UnexpectedAlertPresentException:\n            alert_text = None\n            if \"data\" in value:\n                alert_text = value[\"data\"].get(\"text\")\n            elif \"alert\" in value:\n                alert_text = value[\"alert\"].get(\"text\")\n            raise exception_class(message, screen, stacktrace, alert_text)  # type: ignore[call-arg]  # mypy is not smart enough here\n>       raise exception_class(message, screen, stacktrace)\nE       selenium.common.exceptions.NoSuchElementException: Message: no such element: Unable to locate element: {\"method\":\"xpath\",\"selector\":\"//strong/span[contains(text(), \"Login\")]\"}\nE         (Session info: chrome=129.0.6668.58); For documentation on this error, please visit: https://www.selenium.dev/documentation/webdriver/troubleshooting/errors#no-such-element-exception\nE       Stacktrace:\nE       #0 0x5647cbe3a02a <unknown>\nE       #1 0x5647cbb205e0 <unknown>\nE       #2 0x5647cbb6fbe8 <unknown>\nE       #3 0x5647cbb6fe81 <unknown>\nE       #4 0x5647cbbb68c4 <unknown>\nE       #5 0x5647cbb94b4d <unknown>\nE       #6 0x5647cbbb3d7d <unknown>\nE       #7 0x5647cbb948c3 <unknown>\nE       #8 0x5647cbb626b3 <unknown>\nE       #9 0x5647cbb6368e <unknown>\nE       #10 0x5647cbe04a2b <unknown>\nE       #11 0x5647cbe089b1 <unknown>\nE       #12 0x5647cbdf1225 <unknown>\nE       #13 0x5647cbe09532 <unknown>\nE       #14 0x5647cbdd638f <unknown>\nE       #15 0x5647cbe28f28 <unknown>\nE       #16 0x5647cbe290f3 <unknown>\nE       #17 0x5647cbe38e7c <unknown>\nE       #18 0x7f578ba94ac3 <unknown>\n\n../../../.cache/pypoetry/virtualenvs/testcapitalcompyse-CcJ6hTD8-py3.12/lib/python3.12/site-packages/selenium/webdriver/remote/errorhandler.py:229: NoSuchElementException\n\nDuring handling of the above exception, another exception occurred:\n\nself = <US_55-tassobaccato_ReTestsManual_test.TestManualDetectedBugs object at 0x7f3a0ac0af60>\nworker_id = 'master'\nd = <selenium.webdriver.chrome.webdriver.WebDriver (session=\"f561f7f2f3d7b54df2bcef68451a5c7e\")>\ncur_language = 'ar', cur_country = 'ae', cur_role = 'NoAuth'\ncur_login = 'test001.miketar+1@gmail.com', cur_password = 'Qwer1234-!@#$'\ntitle_instrument = ''\n\n    @allure.step(\n        'Start retest manual AT_55!322a that the Sign Up/Login/page of the corresponding trading instrument on '\n        'the trading platform is opened after clicking [numeric values] in the Sell column.')\n    @pytest.mark.parametrize('cur_language', ['', 'ar'])\n    @pytest.mark.parametrize('cur_country', ['ae'])\n    @pytest.mark.parametrize('cur_role', [\"NoReg\", \"Auth\", \"NoAuth\"])\n    @pytest.mark.parametrize('title_instrument', [''])\n    @pytest.mark.bug_322a\n    def test_322a(self, worker_id, d, cur_language, cur_country, cur_role, cur_login, cur_password, title_instrument):\n        \"\"\"\n        Check: Clicking [numeric values] in the Sell column in Menu tittle Markets does not open the\n                Sign-Up /Login form or page of the corresponding trading instrument on the trading platform using\n                English or Arabic language.\n        Language: EN, AR\n        License: SCA\n        Author: Kasila\n        \"\"\"\n    \n        bid = build_dynamic_arg_for_us_55(\n            d, worker_id, cur_language, cur_country, cur_role,\n            \"55\", \"ReTests of Manual Detected Bugs\",\n            \"322a\", 'The Sign Up/Login/page of the corresponding trading instrument on the trading platform'\n                   ' is not opened after clicking [numeric values] in the Sell column'\n        )\n    \n        link = conditions_switch(d, cur_language, cur_country, cur_role, cur_login, cur_password)\n    \n        match cur_language:\n            case '':\n                link = conditions_switch(d, cur_language, cur_country, cur_role, cur_login, cur_password)\n                menu = MenuNewMarkets(d, link)\n                cur_item_link = menu.from_markets_menu_open_markets(d, cur_language, cur_country, link)\n                test_element = TradingInstrumentsMarkets(d, cur_item_link, bid)\n                test_element.trading_instruments(d, cur_item_link)\n                test_element.click_button_sell(d)\n                test_element = AssertTPI(d, cur_item_link, title_instrument)\n                match cur_role:\n                    case 'NoReg':\n                        test_element.assert_signup(d)\n                    case 'NoAuth':\n                        test_element.assert_login(d)\n                    case 'Auth':\n                        test_element.assert_tpi(d, title_instrument)\n            case 'ar':\n                link = conditions_switch(d, cur_language, cur_country, cur_role, cur_login, cur_password)\n                menu = MenuNewMarkets(d, link)\n                cur_item_link = menu.from_markets_menu_open_markets(d, cur_language, cur_country, link)\n                test_element = TradingInstrumentsMarkets(d, cur_item_link, bid)\n                test_element.trading_instruments(d, cur_item_link)\n                test_element.click_button_sell(d)\n                test_element = AssertTPI(d, cur_item_link, title_instrument)\n                match cur_role:\n                    case 'NoReg':\n                        test_element.assert_signup(d)\n                    case 'NoAuth':\n>                       test_element.assert_login(d)\n\ntests/US_55_ReTestsManual/tassobaccato/US_55-tassobaccato_ReTestsManual_test.py:264: \n_ _ _ _ _ _ _ _ _ _ _ _ _ _ _ _ _ _ _ _ _ _ _ _ _ _ _ _ _ _ _ _ _ _ _ _ _ _ _ _ \npages/BugsManual/bug_322.py:129: in assert_login\n    Common.pytest_fail(\"Bug # 55!322 \"\n_ _ _ _ _ _ _ _ _ _ _ _ _ _ _ _ _ _ _ _ _ _ _ _ _ _ _ _ _ _ _ _ _ _ _ _ _ _ _ _ \n\nmsg = 'Bug # 55!322 \\nExpected result: Login form is opened\\nActual result: Login form is not opened'\n\n    @staticmethod\n    def pytest_fail(msg):\n    \tCommon.flag_of_bug = True\n>   \tpytest.fail(msg)\nE    Failed: Bug # 55!322 \nE    Expected result: Login form is opened\nE    Actual result: Login form is not opened\n\npages/common.py:235: Failed","flaky":false,"newFailed":false,"newBroken":false,"newPassed":false,"retriesCount":0,"retriesStatusChange":false,"beforeStages":[{"name":"d","time":{"start":1727914761488,"stop":1727914762179,"duration":691},"status":"passed","steps":[],"attachments":[],"parameters":[],"shouldDisplayMessage":false,"stepsCount":0,"attachmentsCount":0,"hasContent":false,"attachmentStep":false},{"name":"worker_id","time":{"start":1727914762179,"stop":1727914762179,"duration":0},"status":"passed","steps":[],"attachments":[],"parameters":[],"shouldDisplayMessage":false,"stepsCount":0,"attachmentsCount":0,"hasContent":false,"attachmentStep":false},{"name":"cur_password","time":{"start":1727914762179,"stop":1727914762179,"duration":0},"status":"passed","steps":[],"attachments":[],"parameters":[],"shouldDisplayMessage":false,"stepsCount":0,"attachmentsCount":0,"hasContent":false,"attachmentStep":false},{"name":"cur_login","time":{"start":1727914762179,"stop":1727914762179,"duration":0},"status":"passed","steps":[],"attachments":[],"parameters":[],"shouldDisplayMessage":false,"stepsCount":0,"attachmentsCount":0,"hasContent":false,"attachmentStep":false}],"testStage":{"description":"\n        Check: Clicking [numeric values] in the Sell column in Menu tittle Markets does not open the\n                Sign-Up /Login form or page of the corresponding trading instrument on the trading platform using\n                English or Arabic language.\n        Language: EN, AR\n        License: SCA\n        Author: Kasila\n        ","status":"failed","statusMessage":"Failed: Bug # 55!322 \nExpected result: Login form is opened\nActual result: Login form is not opened","statusTrace":"self = <pages.BugsManual.bug_322.AssertTPI object at 0x7f3a0a2441d0>\nd = <selenium.webdriver.chrome.webdriver.WebDriver (session=\"f561f7f2f3d7b54df2bcef68451a5c7e\")>\n\n    def assert_login(self, d):\n        print(f\"\\n{datetime.now()}   3. Assert\")\n    \n        try:\n>           login_form = self.driver.find_element(By.XPATH, '//strong/span[contains(text(), \"Login\")]')\n\npages/BugsManual/bug_322.py:123: \n_ _ _ _ _ _ _ _ _ _ _ _ _ _ _ _ _ _ _ _ _ _ _ _ _ _ _ _ _ _ _ _ _ _ _ _ _ _ _ _ \n../../../.cache/pypoetry/virtualenvs/testcapitalcompyse-CcJ6hTD8-py3.12/lib/python3.12/site-packages/selenium/webdriver/remote/webdriver.py:748: in find_element\n    return self.execute(Command.FIND_ELEMENT, {\"using\": by, \"value\": value})[\"value\"]\n../../../.cache/pypoetry/virtualenvs/testcapitalcompyse-CcJ6hTD8-py3.12/lib/python3.12/site-packages/selenium/webdriver/remote/webdriver.py:354: in execute\n    self.error_handler.check_response(response)\n_ _ _ _ _ _ _ _ _ _ _ _ _ _ _ _ _ _ _ _ _ _ _ _ _ _ _ _ _ _ _ _ _ _ _ _ _ _ _ _ \n\nself = <selenium.webdriver.remote.errorhandler.ErrorHandler object at 0x7f3a0a27b770>\nresponse = {'status': 404, 'value': '{\"value\":{\"error\":\"no such element\",\"message\":\"no such element: Unable to locate element: {\\...\\\\n#16 0x5647cbe290f3 \\\\u003Cunknown>\\\\n#17 0x5647cbe38e7c \\\\u003Cunknown>\\\\n#18 0x7f578ba94ac3 \\\\u003Cunknown>\\\\n\"}}'}\n\n    def check_response(self, response: Dict[str, Any]) -> None:\n        \"\"\"Checks that a JSON response from the WebDriver does not have an\n        error.\n    \n        :Args:\n         - response - The JSON response from the WebDriver server as a dictionary\n           object.\n    \n        :Raises: If the response contains an error message.\n        \"\"\"\n        status = response.get(\"status\", None)\n        if not status or status == ErrorCode.SUCCESS:\n            return\n        value = None\n        message = response.get(\"message\", \"\")\n        screen: str = response.get(\"screen\", \"\")\n        stacktrace = None\n        if isinstance(status, int):\n            value_json = response.get(\"value\", None)\n            if value_json and isinstance(value_json, str):\n                import json\n    \n                try:\n                    value = json.loads(value_json)\n                    if len(value) == 1:\n                        value = value[\"value\"]\n                    status = value.get(\"error\", None)\n                    if not status:\n                        status = value.get(\"status\", ErrorCode.UNKNOWN_ERROR)\n                        message = value.get(\"value\") or value.get(\"message\")\n                        if not isinstance(message, str):\n                            value = message\n                            message = message.get(\"message\")\n                    else:\n                        message = value.get(\"message\", None)\n                except ValueError:\n                    pass\n    \n        exception_class: Type[WebDriverException]\n        e = ErrorCode()\n        error_codes = [item for item in dir(e) if not item.startswith(\"__\")]\n        for error_code in error_codes:\n            error_info = getattr(ErrorCode, error_code)\n            if isinstance(error_info, list) and status in error_info:\n                exception_class = getattr(ExceptionMapping, error_code, WebDriverException)\n                break\n        else:\n            exception_class = WebDriverException\n    \n        if not value:\n            value = response[\"value\"]\n        if isinstance(value, str):\n            raise exception_class(value)\n        if message == \"\" and \"message\" in value:\n            message = value[\"message\"]\n    \n        screen = None  # type: ignore[assignment]\n        if \"screen\" in value:\n            screen = value[\"screen\"]\n    \n        stacktrace = None\n        st_value = value.get(\"stackTrace\") or value.get(\"stacktrace\")\n        if st_value:\n            if isinstance(st_value, str):\n                stacktrace = st_value.split(\"\\n\")\n            else:\n                stacktrace = []\n                try:\n                    for frame in st_value:\n                        line = frame.get(\"lineNumber\", \"\")\n                        file = frame.get(\"fileName\", \"<anonymous>\")\n                        if line:\n                            file = f\"{file}:{line}\"\n                        meth = frame.get(\"methodName\", \"<anonymous>\")\n                        if \"className\" in frame:\n                            meth = f\"{frame['className']}.{meth}\"\n                        msg = \"    at %s (%s)\"\n                        msg = msg % (meth, file)\n                        stacktrace.append(msg)\n                except TypeError:\n                    pass\n        if exception_class == UnexpectedAlertPresentException:\n            alert_text = None\n            if \"data\" in value:\n                alert_text = value[\"data\"].get(\"text\")\n            elif \"alert\" in value:\n                alert_text = value[\"alert\"].get(\"text\")\n            raise exception_class(message, screen, stacktrace, alert_text)  # type: ignore[call-arg]  # mypy is not smart enough here\n>       raise exception_class(message, screen, stacktrace)\nE       selenium.common.exceptions.NoSuchElementException: Message: no such element: Unable to locate element: {\"method\":\"xpath\",\"selector\":\"//strong/span[contains(text(), \"Login\")]\"}\nE         (Session info: chrome=129.0.6668.58); For documentation on this error, please visit: https://www.selenium.dev/documentation/webdriver/troubleshooting/errors#no-such-element-exception\nE       Stacktrace:\nE       #0 0x5647cbe3a02a <unknown>\nE       #1 0x5647cbb205e0 <unknown>\nE       #2 0x5647cbb6fbe8 <unknown>\nE       #3 0x5647cbb6fe81 <unknown>\nE       #4 0x5647cbbb68c4 <unknown>\nE       #5 0x5647cbb94b4d <unknown>\nE       #6 0x5647cbbb3d7d <unknown>\nE       #7 0x5647cbb948c3 <unknown>\nE       #8 0x5647cbb626b3 <unknown>\nE       #9 0x5647cbb6368e <unknown>\nE       #10 0x5647cbe04a2b <unknown>\nE       #11 0x5647cbe089b1 <unknown>\nE       #12 0x5647cbdf1225 <unknown>\nE       #13 0x5647cbe09532 <unknown>\nE       #14 0x5647cbdd638f <unknown>\nE       #15 0x5647cbe28f28 <unknown>\nE       #16 0x5647cbe290f3 <unknown>\nE       #17 0x5647cbe38e7c <unknown>\nE       #18 0x7f578ba94ac3 <unknown>\n\n../../../.cache/pypoetry/virtualenvs/testcapitalcompyse-CcJ6hTD8-py3.12/lib/python3.12/site-packages/selenium/webdriver/remote/errorhandler.py:229: NoSuchElementException\n\nDuring handling of the above exception, another exception occurred:\n\nself = <US_55-tassobaccato_ReTestsManual_test.TestManualDetectedBugs object at 0x7f3a0ac0af60>\nworker_id = 'master'\nd = <selenium.webdriver.chrome.webdriver.WebDriver (session=\"f561f7f2f3d7b54df2bcef68451a5c7e\")>\ncur_language = 'ar', cur_country = 'ae', cur_role = 'NoAuth'\ncur_login = 'test001.miketar+1@gmail.com', cur_password = 'Qwer1234-!@#$'\ntitle_instrument = ''\n\n    @allure.step(\n        'Start retest manual AT_55!322a that the Sign Up/Login/page of the corresponding trading instrument on '\n        'the trading platform is opened after clicking [numeric values] in the Sell column.')\n    @pytest.mark.parametrize('cur_language', ['', 'ar'])\n    @pytest.mark.parametrize('cur_country', ['ae'])\n    @pytest.mark.parametrize('cur_role', [\"NoReg\", \"Auth\", \"NoAuth\"])\n    @pytest.mark.parametrize('title_instrument', [''])\n    @pytest.mark.bug_322a\n    def test_322a(self, worker_id, d, cur_language, cur_country, cur_role, cur_login, cur_password, title_instrument):\n        \"\"\"\n        Check: Clicking [numeric values] in the Sell column in Menu tittle Markets does not open the\n                Sign-Up /Login form or page of the corresponding trading instrument on the trading platform using\n                English or Arabic language.\n        Language: EN, AR\n        License: SCA\n        Author: Kasila\n        \"\"\"\n    \n        bid = build_dynamic_arg_for_us_55(\n            d, worker_id, cur_language, cur_country, cur_role,\n            \"55\", \"ReTests of Manual Detected Bugs\",\n            \"322a\", 'The Sign Up/Login/page of the corresponding trading instrument on the trading platform'\n                   ' is not opened after clicking [numeric values] in the Sell column'\n        )\n    \n        link = conditions_switch(d, cur_language, cur_country, cur_role, cur_login, cur_password)\n    \n        match cur_language:\n            case '':\n                link = conditions_switch(d, cur_language, cur_country, cur_role, cur_login, cur_password)\n                menu = MenuNewMarkets(d, link)\n                cur_item_link = menu.from_markets_menu_open_markets(d, cur_language, cur_country, link)\n                test_element = TradingInstrumentsMarkets(d, cur_item_link, bid)\n                test_element.trading_instruments(d, cur_item_link)\n                test_element.click_button_sell(d)\n                test_element = AssertTPI(d, cur_item_link, title_instrument)\n                match cur_role:\n                    case 'NoReg':\n                        test_element.assert_signup(d)\n                    case 'NoAuth':\n                        test_element.assert_login(d)\n                    case 'Auth':\n                        test_element.assert_tpi(d, title_instrument)\n            case 'ar':\n                link = conditions_switch(d, cur_language, cur_country, cur_role, cur_login, cur_password)\n                menu = MenuNewMarkets(d, link)\n                cur_item_link = menu.from_markets_menu_open_markets(d, cur_language, cur_country, link)\n                test_element = TradingInstrumentsMarkets(d, cur_item_link, bid)\n                test_element.trading_instruments(d, cur_item_link)\n                test_element.click_button_sell(d)\n                test_element = AssertTPI(d, cur_item_link, title_instrument)\n                match cur_role:\n                    case 'NoReg':\n                        test_element.assert_signup(d)\n                    case 'NoAuth':\n>                       test_element.assert_login(d)\n\ntests/US_55_ReTestsManual/tassobaccato/US_55-tassobaccato_ReTestsManual_test.py:264: \n_ _ _ _ _ _ _ _ _ _ _ _ _ _ _ _ _ _ _ _ _ _ _ _ _ _ _ _ _ _ _ _ _ _ _ _ _ _ _ _ \npages/BugsManual/bug_322.py:129: in assert_login\n    Common.pytest_fail(\"Bug # 55!322 \"\n_ _ _ _ _ _ _ _ _ _ _ _ _ _ _ _ _ _ _ _ _ _ _ _ _ _ _ _ _ _ _ _ _ _ _ _ _ _ _ _ \n\nmsg = 'Bug # 55!322 \\nExpected result: Login form is opened\\nActual result: Login form is not opened'\n\n    @staticmethod\n    def pytest_fail(msg):\n    \tCommon.flag_of_bug = True\n>   \tpytest.fail(msg)\nE    Failed: Bug # 55!322 \nE    Expected result: Login form is opened\nE    Actual result: Login form is not opened\n\npages/common.py:235: Failed","steps":[{"name":"Start retest manual AT_55!322a that the Sign Up/Login/page of the corresponding trading instrument on the trading platform is opened after clicking [numeric values] in the Sell column.","time":{"start":1727915734798,"stop":1727915753208,"duration":18410},"status":"failed","statusMessage":"Failed: Bug # 55!322 \nExpected result: Login form is opened\nActual result: Login form is not opened\n","statusTrace":"  File \"/home/runner/.cache/pypoetry/virtualenvs/testcapitalcompyse-CcJ6hTD8-py3.12/lib/python3.12/site-packages/allure_commons/_allure.py\", line 192, in impl\n    return func(*a, **kw)\n           ^^^^^^^^^^^^^^\n  File \"/home/runner/work/TestCapitalComPySe/TestCapitalComPySe/tests/US_55_ReTestsManual/tassobaccato/US_55-tassobaccato_ReTestsManual_test.py\", line 264, in test_322a\n    test_element.assert_login(d)\n  File \"/home/runner/work/TestCapitalComPySe/TestCapitalComPySe/pages/BugsManual/bug_322.py\", line 129, in assert_login\n    Common.pytest_fail(\"Bug # 55!322 \"\n  File \"/home/runner/work/TestCapitalComPySe/TestCapitalComPySe/pages/common.py\", line 235, in pytest_fail\n    pytest.fail(msg)\n  File \"/home/runner/.cache/pypoetry/virtualenvs/testcapitalcompyse-CcJ6hTD8-py3.12/lib/python3.12/site-packages/_pytest/outcomes.py\", line 178, in fail\n    raise Failed(msg=reason, pytrace=pytrace)\n","steps":[{"name":"Build dynamic argument for TCs of US_55","time":{"start":1727915734798,"stop":1727915734800,"duration":2},"status":"passed","steps":[],"attachments":[],"parameters":[{"name":"d","value":"<selenium.webdriver.chrome.webdriver.WebDriver (session=\"f561f7f2f3d7b54df2bcef68451a5c7e\")>"},{"name":"worker_id","value":"'master'"},{"name":"cur_language","value":"'ar'"},{"name":"cur_country","value":"'ae'"},{"name":"cur_role","value":"'NoAuth'"},{"name":"us","value":"'55'"},{"name":"desc_us","value":"'ReTests of Manual Detected Bugs'"},{"name":"num_tc","value":"'322a'"},{"name":"desc_tc","value":"'The Sign Up/Login/page of the corresponding trading instrument on the trading platform is not opened after clicking [numeric values] in the Sell column'"},{"name":"manual","value":"False"},{"name":"new_layout","value":"False"}],"shouldDisplayMessage":false,"stepsCount":0,"attachmentsCount":0,"hasContent":true,"attachmentStep":false},{"name":"   Set New preconditions","time":{"start":1727915734800,"stop":1727915737380,"duration":2580},"status":"passed","steps":[{"name":"2024-10-03 00:19:21.472354   Set language and country","time":{"start":1727915736127,"stop":1727915737375,"duration":1248},"status":"passed","steps":[],"attachments":[],"parameters":[{"name":"d","value":"<selenium.webdriver.chrome.webdriver.WebDriver (session=\"f561f7f2f3d7b54df2bcef68451a5c7e\")>"},{"name":"cur_language","value":"'ar'"},{"name":"cur_country","value":"'ae'"}],"shouldDisplayMessage":false,"stepsCount":0,"attachmentsCount":0,"hasContent":true,"attachmentStep":false}],"attachments":[],"parameters":[{"name":"d","value":"<selenium.webdriver.chrome.webdriver.WebDriver (session=\"f561f7f2f3d7b54df2bcef68451a5c7e\")>"},{"name":"host","value":"'https://capital.com/en-gb'"},{"name":"end_point","value":"''"},{"name":"cur_language","value":"'ar'"},{"name":"cur_country","value":"'ae'"},{"name":"cur_role","value":"'NoAuth'"},{"name":"cur_login","value":"'test001.miketar+1@gmail.com'"},{"name":"cur_password","value":"'Qwer1234-!@#$'"}],"shouldDisplayMessage":false,"stepsCount":1,"attachmentsCount":0,"hasContent":true,"attachmentStep":false},{"name":"   Set New preconditions","time":{"start":1727915737380,"stop":1727915739894,"duration":2514},"status":"passed","steps":[{"name":"2024-10-03 00:19:21.472354   Set language and country","time":{"start":1727915738643,"stop":1727915739889,"duration":1246},"status":"passed","steps":[],"attachments":[],"parameters":[{"name":"d","value":"<selenium.webdriver.chrome.webdriver.WebDriver (session=\"f561f7f2f3d7b54df2bcef68451a5c7e\")>"},{"name":"cur_language","value":"'ar'"},{"name":"cur_country","value":"'ae'"}],"shouldDisplayMessage":false,"stepsCount":0,"attachmentsCount":0,"hasContent":true,"attachmentStep":false}],"attachments":[],"parameters":[{"name":"d","value":"<selenium.webdriver.chrome.webdriver.WebDriver (session=\"f561f7f2f3d7b54df2bcef68451a5c7e\")>"},{"name":"host","value":"'https://capital.com/en-gb'"},{"name":"end_point","value":"''"},{"name":"cur_language","value":"'ar'"},{"name":"cur_country","value":"'ae'"},{"name":"cur_role","value":"'NoAuth'"},{"name":"cur_login","value":"'test001.miketar+1@gmail.com'"},{"name":"cur_password","value":"'Qwer1234-!@#$'"}],"shouldDisplayMessage":false,"stepsCount":1,"attachmentsCount":0,"hasContent":true,"attachmentStep":false},{"name":"Select \"Trading\" menu, \"Trading\" submenu","time":{"start":1727915739894,"stop":1727915748075,"duration":8181},"status":"passed","steps":[],"attachments":[],"parameters":[{"name":"d","value":"<selenium.webdriver.chrome.webdriver.WebDriver (session=\"f561f7f2f3d7b54df2bcef68451a5c7e\")>"},{"name":"cur_language","value":"'ar'"},{"name":"cur_country","value":"'ae'"},{"name":"link","value":"'https://capital.com/ar-ae'"}],"shouldDisplayMessage":false,"stepsCount":0,"attachmentsCount":0,"hasContent":true,"attachmentStep":false},{"name":"2024-10-03 00:19:21.313017   1. Start test that the Clicking [numeric values] in the Sell column in Menu tittle Markets opens the Sign-Up /Login form or page of the corresponding trading instrument on the trading platform.","time":{"start":1727915748075,"stop":1727915748094,"duration":19},"status":"passed","steps":[],"attachments":[],"parameters":[{"name":"d","value":"<selenium.webdriver.chrome.webdriver.WebDriver (session=\"f561f7f2f3d7b54df2bcef68451a5c7e\")>"},{"name":"cur_item_link","value":"'https://capital.com/ar-ae/markets'"}],"shouldDisplayMessage":false,"stepsCount":0,"attachmentsCount":0,"hasContent":true,"attachmentStep":false}],"attachments":[],"parameters":[{"name":"worker_id","value":"'master'"},{"name":"d","value":"<selenium.webdriver.chrome.webdriver.WebDriver (session=\"f561f7f2f3d7b54df2bcef68451a5c7e\")>"},{"name":"cur_language","value":"'ar'"},{"name":"cur_country","value":"'ae'"},{"name":"cur_role","value":"'NoAuth'"},{"name":"cur_login","value":"'test001.miketar+1@gmail.com'"},{"name":"cur_password","value":"'Qwer1234-!@#$'"},{"name":"title_instrument","value":"''"}],"shouldDisplayMessage":true,"stepsCount":7,"attachmentsCount":0,"hasContent":true,"attachmentStep":false}],"attachments":[{"uid":"f50ab66b75912e55","name":"Screenshot","source":"f50ab66b75912e55.png","type":"image/png","size":131575},{"uid":"a0adda05f2e16d0a","name":"stdout","source":"a0adda05f2e16d0a.txt","type":"text/plain","size":6075}],"parameters":[],"shouldDisplayMessage":true,"stepsCount":8,"attachmentsCount":2,"hasContent":true,"attachmentStep":false},"afterStages":[{"name":"d::0","time":{"start":1727916019617,"stop":1727916019857,"duration":240},"status":"passed","steps":[],"attachments":[],"parameters":[],"shouldDisplayMessage":false,"stepsCount":0,"attachmentsCount":0,"hasContent":false,"attachmentStep":false}],"labels":[{"name":"epic","value":"TC_55!322a | The Sign Up/Login/page of the corresponding trading instrument on the trading platform is not opened after clicking [numeric values] in the Sell column"},{"name":"feature","value":"Role: NoAuth"},{"name":"story","value":"Country: ae"},{"name":"tag","value":"bug_322a"},{"name":"tag","value":"us_55"},{"name":"parentSuite","value":"tests.US_55_ReTestsManual.tassobaccato"},{"name":"suite","value":"US_55-tassobaccato_ReTestsManual_test"},{"name":"subSuite","value":"TestManualDetectedBugs"},{"name":"host","value":"fv-az984-666"},{"name":"thread","value":"30251-MainThread"},{"name":"framework","value":"pytest"},{"name":"language","value":"cpython3"},{"name":"package","value":"tests.US_55_ReTestsManual.tassobaccato.US_55-tassobaccato_ReTestsManual_test"},{"name":"resultFormat","value":"allure2"}],"parameters":[{"name":"cur_country","value":"'ae'"},{"name":"cur_language","value":"'ar'"},{"name":"cur_login","value":"'test001.miketar+1@gmail.com'"},{"name":"cur_password","value":"'Qwer1234-!@#$'"},{"name":"cur_role","value":"'NoAuth'"},{"name":"d","value":"'Chrome'"},{"name":"title_instrument","value":"''"}],"links":[],"hidden":false,"retry":false,"extra":{"severity":"normal","retries":[],"categories":[{"name":"Product defects","matchedStatuses":[],"flaky":false}],"history":{"statistic":{"failed":8,"broken":0,"skipped":0,"passed":0,"unknown":0,"total":8},"items":[{"uid":"9fdf32dacc287b2d","reportUrl":"https://AlexTomAQA.github.io/TestCapitalComPySe/168//#testresult/9fdf32dacc287b2d","status":"failed","statusDetails":"Failed: Bug # 55!322 \nExpected result: Login form is opened\nActual result: Login form is not opened","time":{"start":1727829536339,"stop":1727829555042,"duration":18703}},{"uid":"e4628e0b1834d853","reportUrl":"https://AlexTomAQA.github.io/TestCapitalComPySe/167//#testresult/e4628e0b1834d853","status":"failed","statusDetails":"Failed: Bug # 55!322 \nExpected result: Login form is opened\nActual result: Login form is not opened","time":{"start":1727761832094,"stop":1727761851831,"duration":19737}},{"uid":"6d49ba406f67937f","reportUrl":"https://AlexTomAQA.github.io/TestCapitalComPySe/166//#testresult/6d49ba406f67937f","status":"failed","statusDetails":"Failed: Bug # 55!322 \nExpected result: Login form is opened\nActual result: Login form is not opened","time":{"start":1727742476953,"stop":1727742495482,"duration":18529}},{"uid":"1175bb3d79b5d382","reportUrl":"https://AlexTomAQA.github.io/TestCapitalComPySe/165//#testresult/1175bb3d79b5d382","status":"failed","statusDetails":"Failed: Bug # 55!322 \nExpected result: Login form is opened\nActual result: Login form is not opened","time":{"start":1727656496667,"stop":1727656515546,"duration":18879}},{"uid":"74b85848a093b0e0","reportUrl":"https://AlexTomAQA.github.io/TestCapitalComPySe/164//#testresult/74b85848a093b0e0","status":"failed","statusDetails":"Failed: Bug # 55!322 \nExpected result: Login form is opened\nActual result: Login form is not opened","time":{"start":1727569849598,"stop":1727569868240,"duration":18642}},{"uid":"81b9e0460a3e5197","reportUrl":"https://AlexTomAQA.github.io/TestCapitalComPySe/163//#testresult/81b9e0460a3e5197","status":"failed","statusDetails":"Failed: Bug # 55!322 \nExpected result: Login form is opened\nActual result: Login form is not opened","time":{"start":1727483640753,"stop":1727483659460,"duration":18707}},{"uid":"7734131f346fca22","reportUrl":"https://AlexTomAQA.github.io/TestCapitalComPySe/162//#testresult/7734131f346fca22","status":"failed","statusDetails":"Failed: Bug # 55!322 \nExpected result: Login form is opened\nActual result: Login form is not opened","time":{"start":1727407093222,"stop":1727407111781,"duration":18559}}]},"tags":["us_55","bug_322a"]},"source":"853c9fd03961f8e0.json","parameterValues":["'ae'","'ar'","'test001.miketar+1@gmail.com'","'Qwer1234-!@#$'","'NoAuth'","'Chrome'","''"]}