2024-02-01 22:22:16 ERROR Elements not present after 0.5 seconds on page: https://capital.com/trade-copper
2024-02-01 22:22:16 ERROR 
Traceback (most recent call last):
  File "/home/runner/work/TestCapitalComPySe/TestCapitalComPySe/pages/base_page.py", line 82, in inner_function
    return func(*args, **kwargs)
           ^^^^^^^^^^^^^^^^^^^^^
  File "/home/runner/work/TestCapitalComPySe/TestCapitalComPySe/pages/base_page.py", line 299, in element_is_visible
    return Wait(self.driver, timeout).until(
           ^^^^^^^^^^^^^^^^^^^^^^^^^^^^^^^^^
  File "/home/runner/.cache/pypoetry/virtualenvs/testcapitalcompyse-CcJ6hTD8-py3.11/lib/python3.11/site-packages/selenium/webdriver/support/wait.py", line 105, in until
    raise TimeoutException(message, screen, stacktrace)
selenium.common.exceptions.TimeoutException: Message: 
Stacktrace:
#0 0x55d636a02d93 <unknown>
#1 0x55d6366e6337 <unknown>
#2 0x55d636731d60 <unknown>
#3 0x55d636731e51 <unknown>
#4 0x55d636775bc4 <unknown>
#5 0x55d63675446d <unknown>
#6 0x55d63677312d <unknown>
#7 0x55d6367541e3 <unknown>
#8 0x55d636724135 <unknown>
#9 0x55d63672513e <unknown>
#10 0x55d6369c6e4b <unknown>
#11 0x55d6369cadfa <unknown>
#12 0x55d6369b36d5 <unknown>
#13 0x55d6369cba6f <unknown>
#14 0x55d63699769f <unknown>
#15 0x55d6369f0098 <unknown>
#16 0x55d6369f0262 <unknown>
#17 0x55d636a01f34 <unknown>
#18 0x7fe313094ac3 <unknown>