2024-07-06 17:01:31 ERROR Elements not present after 0.5 seconds on page: https://capital.com/ru/mobile-apps#
2024-07-06 17:01:31 ERROR 
Traceback (most recent call last):
  File "/home/runner/work/TestCapitalComPySe/TestCapitalComPySe/pages/base_page.py", line 86, in inner_function
    return func(*args, **kwargs)
           ^^^^^^^^^^^^^^^^^^^^^
  File "/home/runner/work/TestCapitalComPySe/TestCapitalComPySe/pages/base_page.py", line 305, in element_is_visible
    return Wait(self.driver, timeout).until(
           ^^^^^^^^^^^^^^^^^^^^^^^^^^^^^^^^^
  File "/home/runner/.cache/pypoetry/virtualenvs/testcapitalcompyse-CcJ6hTD8-py3.12/lib/python3.12/site-packages/selenium/webdriver/support/wait.py", line 105, in until
    raise TimeoutException(message, screen, stacktrace)
selenium.common.exceptions.TimeoutException: Message: 
Stacktrace:
#0 0x55c0b6de3c7a <unknown>
#1 0x55c0b6ac6e2c <unknown>
#2 0x55c0b6b13661 <unknown>
#3 0x55c0b6b13751 <unknown>
#4 0x55c0b6b57f64 <unknown>
#5 0x55c0b6b365ed <unknown>
#6 0x55c0b6b55303 <unknown>
#7 0x55c0b6b36363 <unknown>
#8 0x55c0b6b06247 <unknown>
#9 0x55c0b6b06b9e <unknown>
#10 0x55c0b6daa24b <unknown>
#11 0x55c0b6dae2f1 <unknown>
#12 0x55c0b6d95afe <unknown>
#13 0x55c0b6daee52 <unknown>
#14 0x55c0b6d7a79f <unknown>
#15 0x55c0b6dd3638 <unknown>
#16 0x55c0b6dd3810 <unknown>
#17 0x55c0b6de2dac <unknown>
#18 0x7f770a494ac3 <unknown>

2024-07-06 17:01:34 ERROR Elements not present after 0.5 seconds on page: https://capital.com/ru/mobile-apps#
2024-07-06 17:01:34 ERROR 
Traceback (most recent call last):
  File "/home/runner/work/TestCapitalComPySe/TestCapitalComPySe/pages/base_page.py", line 86, in inner_function
    return func(*args, **kwargs)
           ^^^^^^^^^^^^^^^^^^^^^
  File "/home/runner/work/TestCapitalComPySe/TestCapitalComPySe/pages/base_page.py", line 305, in element_is_visible
    return Wait(self.driver, timeout).until(
           ^^^^^^^^^^^^^^^^^^^^^^^^^^^^^^^^^
  File "/home/runner/.cache/pypoetry/virtualenvs/testcapitalcompyse-CcJ6hTD8-py3.12/lib/python3.12/site-packages/selenium/webdriver/support/wait.py", line 105, in until
    raise TimeoutException(message, screen, stacktrace)
selenium.common.exceptions.TimeoutException: Message: 
Stacktrace:
#0 0x55c0b6de3c7a <unknown>
#1 0x55c0b6ac6e2c <unknown>
#2 0x55c0b6b13661 <unknown>
#3 0x55c0b6b13751 <unknown>
#4 0x55c0b6b57f64 <unknown>
#5 0x55c0b6b365ed <unknown>
#6 0x55c0b6b55303 <unknown>
#7 0x55c0b6b36363 <unknown>
#8 0x55c0b6b06247 <unknown>
#9 0x55c0b6b06b9e <unknown>
#10 0x55c0b6daa24b <unknown>
#11 0x55c0b6dae2f1 <unknown>
#12 0x55c0b6d95afe <unknown>
#13 0x55c0b6daee52 <unknown>
#14 0x55c0b6d7a79f <unknown>
#15 0x55c0b6dd3638 <unknown>
#16 0x55c0b6dd3810 <unknown>
#17 0x55c0b6de2dac <unknown>
#18 0x7f770a494ac3 <unknown>

2024-07-06 17:01:38 ERROR Elements not present after 0.5 seconds on page: https://capital.com/ru/mobile-apps#
2024-07-06 17:01:38 ERROR 
Traceback (most recent call last):
  File "/home/runner/work/TestCapitalComPySe/TestCapitalComPySe/pages/base_page.py", line 86, in inner_function
    return func(*args, **kwargs)
           ^^^^^^^^^^^^^^^^^^^^^
  File "/home/runner/work/TestCapitalComPySe/TestCapitalComPySe/pages/base_page.py", line 305, in element_is_visible
    return Wait(self.driver, timeout).until(
           ^^^^^^^^^^^^^^^^^^^^^^^^^^^^^^^^^
  File "/home/runner/.cache/pypoetry/virtualenvs/testcapitalcompyse-CcJ6hTD8-py3.12/lib/python3.12/site-packages/selenium/webdriver/support/wait.py", line 105, in until
    raise TimeoutException(message, screen, stacktrace)
selenium.common.exceptions.TimeoutException: Message: 
Stacktrace:
#0 0x55c0b6de3c7a <unknown>
#1 0x55c0b6ac6e2c <unknown>
#2 0x55c0b6b13661 <unknown>
#3 0x55c0b6b13751 <unknown>
#4 0x55c0b6b57f64 <unknown>
#5 0x55c0b6b365ed <unknown>
#6 0x55c0b6b55303 <unknown>
#7 0x55c0b6b36363 <unknown>
#8 0x55c0b6b06247 <unknown>
#9 0x55c0b6b06b9e <unknown>
#10 0x55c0b6daa24b <unknown>
#11 0x55c0b6dae2f1 <unknown>
#12 0x55c0b6d95afe <unknown>
#13 0x55c0b6daee52 <unknown>
#14 0x55c0b6d7a79f <unknown>
#15 0x55c0b6dd3638 <unknown>
#16 0x55c0b6dd3810 <unknown>
#17 0x55c0b6de2dac <unknown>
#18 0x7f770a494ac3 <unknown>

2024-07-06 17:01:41 ERROR Elements not present after 0.5 seconds on page: https://capital.com/ru/mobile-apps#
2024-07-06 17:01:41 ERROR 
Traceback (most recent call last):
  File "/home/runner/work/TestCapitalComPySe/TestCapitalComPySe/pages/base_page.py", line 86, in inner_function
    return func(*args, **kwargs)
           ^^^^^^^^^^^^^^^^^^^^^
  File "/home/runner/work/TestCapitalComPySe/TestCapitalComPySe/pages/base_page.py", line 305, in element_is_visible
    return Wait(self.driver, timeout).until(
           ^^^^^^^^^^^^^^^^^^^^^^^^^^^^^^^^^
  File "/home/runner/.cache/pypoetry/virtualenvs/testcapitalcompyse-CcJ6hTD8-py3.12/lib/python3.12/site-packages/selenium/webdriver/support/wait.py", line 105, in until
    raise TimeoutException(message, screen, stacktrace)
selenium.common.exceptions.TimeoutException: Message: 
Stacktrace:
#0 0x55c0b6de3c7a <unknown>
#1 0x55c0b6ac6e2c <unknown>
#2 0x55c0b6b13661 <unknown>
#3 0x55c0b6b13751 <unknown>
#4 0x55c0b6b57f64 <unknown>
#5 0x55c0b6b365ed <unknown>
#6 0x55c0b6b55303 <unknown>
#7 0x55c0b6b36363 <unknown>
#8 0x55c0b6b06247 <unknown>
#9 0x55c0b6b06b9e <unknown>
#10 0x55c0b6daa24b <unknown>
#11 0x55c0b6dae2f1 <unknown>
#12 0x55c0b6d95afe <unknown>
#13 0x55c0b6daee52 <unknown>
#14 0x55c0b6d7a79f <unknown>
#15 0x55c0b6dd3638 <unknown>
#16 0x55c0b6dd3810 <unknown>
#17 0x55c0b6de2dac <unknown>
#18 0x7f770a494ac3 <unknown>

2024-07-06 17:01:44 ERROR Elements not present after 0.5 seconds on page: https://capital.com/ru/mobile-apps#
2024-07-06 17:01:44 ERROR 
Traceback (most recent call last):
  File "/home/runner/work/TestCapitalComPySe/TestCapitalComPySe/pages/base_page.py", line 86, in inner_function
    return func(*args, **kwargs)
           ^^^^^^^^^^^^^^^^^^^^^
  File "/home/runner/work/TestCapitalComPySe/TestCapitalComPySe/pages/base_page.py", line 305, in element_is_visible
    return Wait(self.driver, timeout).until(
           ^^^^^^^^^^^^^^^^^^^^^^^^^^^^^^^^^
  File "/home/runner/.cache/pypoetry/virtualenvs/testcapitalcompyse-CcJ6hTD8-py3.12/lib/python3.12/site-packages/selenium/webdriver/support/wait.py", line 105, in until
    raise TimeoutException(message, screen, stacktrace)
selenium.common.exceptions.TimeoutException: Message: 
Stacktrace:
#0 0x55c0b6de3c7a <unknown>
#1 0x55c0b6ac6e2c <unknown>
#2 0x55c0b6b13661 <unknown>
#3 0x55c0b6b13751 <unknown>
#4 0x55c0b6b57f64 <unknown>
#5 0x55c0b6b365ed <unknown>
#6 0x55c0b6b55303 <unknown>
#7 0x55c0b6b36363 <unknown>
#8 0x55c0b6b06247 <unknown>
#9 0x55c0b6b06b9e <unknown>
#10 0x55c0b6daa24b <unknown>
#11 0x55c0b6dae2f1 <unknown>
#12 0x55c0b6d95afe <unknown>
#13 0x55c0b6daee52 <unknown>
#14 0x55c0b6d7a79f <unknown>
#15 0x55c0b6dd3638 <unknown>
#16 0x55c0b6dd3810 <unknown>
#17 0x55c0b6de2dac <unknown>
#18 0x7f770a494ac3 <unknown>

2024-07-06 17:01:48 ERROR Elements not present after 0.5 seconds on page: https://capital.com/ru/mobile-apps#
2024-07-06 17:01:48 ERROR 
Traceback (most recent call last):
  File "/home/runner/work/TestCapitalComPySe/TestCapitalComPySe/pages/base_page.py", line 86, in inner_function
    return func(*args, **kwargs)
           ^^^^^^^^^^^^^^^^^^^^^
  File "/home/runner/work/TestCapitalComPySe/TestCapitalComPySe/pages/base_page.py", line 305, in element_is_visible
    return Wait(self.driver, timeout).until(
           ^^^^^^^^^^^^^^^^^^^^^^^^^^^^^^^^^
  File "/home/runner/.cache/pypoetry/virtualenvs/testcapitalcompyse-CcJ6hTD8-py3.12/lib/python3.12/site-packages/selenium/webdriver/support/wait.py", line 105, in until
    raise TimeoutException(message, screen, stacktrace)
selenium.common.exceptions.TimeoutException: Message: 
Stacktrace:
#0 0x55c0b6de3c7a <unknown>
#1 0x55c0b6ac6e2c <unknown>
#2 0x55c0b6b13661 <unknown>
#3 0x55c0b6b13751 <unknown>
#4 0x55c0b6b57f64 <unknown>
#5 0x55c0b6b365ed <unknown>
#6 0x55c0b6b55303 <unknown>
#7 0x55c0b6b36363 <unknown>
#8 0x55c0b6b06247 <unknown>
#9 0x55c0b6b06b9e <unknown>
#10 0x55c0b6daa24b <unknown>
#11 0x55c0b6dae2f1 <unknown>
#12 0x55c0b6d95afe <unknown>
#13 0x55c0b6daee52 <unknown>
#14 0x55c0b6d7a79f <unknown>
#15 0x55c0b6dd3638 <unknown>
#16 0x55c0b6dd3810 <unknown>
#17 0x55c0b6de2dac <unknown>
#18 0x7f770a494ac3 <unknown>