2024-03-01 06:55:26 ERROR Elements not present after 0.5 seconds on page: https://capital.com/ru/togrovlya-amazon-amzn-cfd
2024-03-01 06:55:26 ERROR 
Traceback (most recent call last):
  File "/home/runner/work/TestCapitalComPySe/TestCapitalComPySe/pages/base_page.py", line 84, in inner_function
    return func(*args, **kwargs)
           ^^^^^^^^^^^^^^^^^^^^^
  File "/home/runner/work/TestCapitalComPySe/TestCapitalComPySe/pages/base_page.py", line 302, in element_is_visible
    return Wait(self.driver, timeout).until(
           ^^^^^^^^^^^^^^^^^^^^^^^^^^^^^^^^^
  File "/home/runner/.cache/pypoetry/virtualenvs/testcapitalcompyse-CcJ6hTD8-py3.12/lib/python3.12/site-packages/selenium/webdriver/support/wait.py", line 105, in until
    raise TimeoutException(message, screen, stacktrace)
selenium.common.exceptions.TimeoutException: Message: 
Stacktrace:
#0 0x56007b3d7e93 <unknown>
#1 0x56007b0cfce6 <unknown>
#2 0x56007b11ae48 <unknown>
#3 0x56007b11af01 <unknown>
#4 0x56007b15e3f4 <unknown>
#5 0x56007b13cedd <unknown>
#6 0x56007b15b899 <unknown>
#7 0x56007b13cc53 <unknown>
#8 0x56007b10ddb3 <unknown>
#9 0x56007b10e77e <unknown>
#10 0x56007b39d7cb <unknown>
#11 0x56007b3a17e5 <unknown>
#12 0x56007b38b0e1 <unknown>
#13 0x56007b3a2372 <unknown>
#14 0x56007b36f1bf <unknown>
#15 0x56007b3c6488 <unknown>
#16 0x56007b3c6683 <unknown>
#17 0x56007b3d7044 <unknown>
#18 0x7f1b3b294ac3 <unknown>

2024-03-01 06:55:29 ERROR Elements not present after 0.5 seconds on page: https://capital.com/ru/togrovlya-amazon-amzn-cfd
2024-03-01 06:55:29 ERROR 
Traceback (most recent call last):
  File "/home/runner/work/TestCapitalComPySe/TestCapitalComPySe/pages/base_page.py", line 84, in inner_function
    return func(*args, **kwargs)
           ^^^^^^^^^^^^^^^^^^^^^
  File "/home/runner/work/TestCapitalComPySe/TestCapitalComPySe/pages/base_page.py", line 302, in element_is_visible
    return Wait(self.driver, timeout).until(
           ^^^^^^^^^^^^^^^^^^^^^^^^^^^^^^^^^
  File "/home/runner/.cache/pypoetry/virtualenvs/testcapitalcompyse-CcJ6hTD8-py3.12/lib/python3.12/site-packages/selenium/webdriver/support/wait.py", line 105, in until
    raise TimeoutException(message, screen, stacktrace)
selenium.common.exceptions.TimeoutException: Message: 
Stacktrace:
#0 0x56007b3d7e93 <unknown>
#1 0x56007b0cfce6 <unknown>
#2 0x56007b11ae48 <unknown>
#3 0x56007b11af01 <unknown>
#4 0x56007b15e3f4 <unknown>
#5 0x56007b13cedd <unknown>
#6 0x56007b15b899 <unknown>
#7 0x56007b13cc53 <unknown>
#8 0x56007b10ddb3 <unknown>
#9 0x56007b10e77e <unknown>
#10 0x56007b39d7cb <unknown>
#11 0x56007b3a17e5 <unknown>
#12 0x56007b38b0e1 <unknown>
#13 0x56007b3a2372 <unknown>
#14 0x56007b36f1bf <unknown>
#15 0x56007b3c6488 <unknown>
#16 0x56007b3c6683 <unknown>
#17 0x56007b3d7044 <unknown>
#18 0x7f1b3b294ac3 <unknown>

2024-03-01 06:55:32 ERROR Elements not present after 0.5 seconds on page: https://capital.com/ru/togrovlya-amazon-amzn-cfd
2024-03-01 06:55:32 ERROR 
Traceback (most recent call last):
  File "/home/runner/work/TestCapitalComPySe/TestCapitalComPySe/pages/base_page.py", line 84, in inner_function
    return func(*args, **kwargs)
           ^^^^^^^^^^^^^^^^^^^^^
  File "/home/runner/work/TestCapitalComPySe/TestCapitalComPySe/pages/base_page.py", line 302, in element_is_visible
    return Wait(self.driver, timeout).until(
           ^^^^^^^^^^^^^^^^^^^^^^^^^^^^^^^^^
  File "/home/runner/.cache/pypoetry/virtualenvs/testcapitalcompyse-CcJ6hTD8-py3.12/lib/python3.12/site-packages/selenium/webdriver/support/wait.py", line 105, in until
    raise TimeoutException(message, screen, stacktrace)
selenium.common.exceptions.TimeoutException: Message: 
Stacktrace:
#0 0x56007b3d7e93 <unknown>
#1 0x56007b0cfce6 <unknown>
#2 0x56007b11ae48 <unknown>
#3 0x56007b11af01 <unknown>
#4 0x56007b15e3f4 <unknown>
#5 0x56007b13cedd <unknown>
#6 0x56007b15b899 <unknown>
#7 0x56007b13cc53 <unknown>
#8 0x56007b10ddb3 <unknown>
#9 0x56007b10e77e <unknown>
#10 0x56007b39d7cb <unknown>
#11 0x56007b3a17e5 <unknown>
#12 0x56007b38b0e1 <unknown>
#13 0x56007b3a2372 <unknown>
#14 0x56007b36f1bf <unknown>
#15 0x56007b3c6488 <unknown>
#16 0x56007b3c6683 <unknown>
#17 0x56007b3d7044 <unknown>
#18 0x7f1b3b294ac3 <unknown>