2024-03-20 23:28:19 ERROR Elements not present after 0.5 seconds on page: https://capital.com/es/principales-indices-mundiales?t=volatile
2024-03-20 23:28:19 ERROR 
Traceback (most recent call last):
  File "/home/runner/work/TestCapitalComPySe/TestCapitalComPySe/pages/base_page.py", line 85, in inner_function
    return func(*args, **kwargs)
           ^^^^^^^^^^^^^^^^^^^^^
  File "/home/runner/work/TestCapitalComPySe/TestCapitalComPySe/pages/base_page.py", line 303, in element_is_visible
    return Wait(self.driver, timeout).until(
           ^^^^^^^^^^^^^^^^^^^^^^^^^^^^^^^^^
  File "/home/runner/.cache/pypoetry/virtualenvs/testcapitalcompyse-CcJ6hTD8-py3.12/lib/python3.12/site-packages/selenium/webdriver/support/wait.py", line 105, in until
    raise TimeoutException(message, screen, stacktrace)
selenium.common.exceptions.TimeoutException: Message: 
Stacktrace:
#0 0x55e7ceff4f33 <unknown>
#1 0x55e7cececce6 <unknown>
#2 0x55e7ced37e48 <unknown>
#3 0x55e7ced37f01 <unknown>
#4 0x55e7ced7b3f4 <unknown>
#5 0x55e7ced59edd <unknown>
#6 0x55e7ced78899 <unknown>
#7 0x55e7ced59c53 <unknown>
#8 0x55e7ced2adb3 <unknown>
#9 0x55e7ced2b77e <unknown>
#10 0x55e7cefba86b <unknown>
#11 0x55e7cefbe885 <unknown>
#12 0x55e7cefa8181 <unknown>
#13 0x55e7cefbf412 <unknown>
#14 0x55e7cef8c25f <unknown>
#15 0x55e7cefe3528 <unknown>
#16 0x55e7cefe3723 <unknown>
#17 0x55e7ceff40e4 <unknown>
#18 0x7f38eba94ac3 <unknown>

2024-03-20 23:28:22 ERROR Elements not present after 0.5 seconds on page: https://capital.com/es/principales-indices-mundiales?t=volatile
2024-03-20 23:28:22 ERROR 
Traceback (most recent call last):
  File "/home/runner/work/TestCapitalComPySe/TestCapitalComPySe/pages/base_page.py", line 85, in inner_function
    return func(*args, **kwargs)
           ^^^^^^^^^^^^^^^^^^^^^
  File "/home/runner/work/TestCapitalComPySe/TestCapitalComPySe/pages/base_page.py", line 303, in element_is_visible
    return Wait(self.driver, timeout).until(
           ^^^^^^^^^^^^^^^^^^^^^^^^^^^^^^^^^
  File "/home/runner/.cache/pypoetry/virtualenvs/testcapitalcompyse-CcJ6hTD8-py3.12/lib/python3.12/site-packages/selenium/webdriver/support/wait.py", line 105, in until
    raise TimeoutException(message, screen, stacktrace)
selenium.common.exceptions.TimeoutException: Message: 
Stacktrace:
#0 0x55e7ceff4f33 <unknown>
#1 0x55e7cececce6 <unknown>
#2 0x55e7ced37e48 <unknown>
#3 0x55e7ced37f01 <unknown>
#4 0x55e7ced7b3f4 <unknown>
#5 0x55e7ced59edd <unknown>
#6 0x55e7ced78899 <unknown>
#7 0x55e7ced59c53 <unknown>
#8 0x55e7ced2adb3 <unknown>
#9 0x55e7ced2b77e <unknown>
#10 0x55e7cefba86b <unknown>
#11 0x55e7cefbe885 <unknown>
#12 0x55e7cefa8181 <unknown>
#13 0x55e7cefbf412 <unknown>
#14 0x55e7cef8c25f <unknown>
#15 0x55e7cefe3528 <unknown>
#16 0x55e7cefe3723 <unknown>
#17 0x55e7ceff40e4 <unknown>
#18 0x7f38eba94ac3 <unknown>

2024-03-20 23:28:25 ERROR Elements not present after 0.5 seconds on page: https://capital.com/es/principales-indices-mundiales?t=volatile
2024-03-20 23:28:25 ERROR 
Traceback (most recent call last):
  File "/home/runner/work/TestCapitalComPySe/TestCapitalComPySe/pages/base_page.py", line 85, in inner_function
    return func(*args, **kwargs)
           ^^^^^^^^^^^^^^^^^^^^^
  File "/home/runner/work/TestCapitalComPySe/TestCapitalComPySe/pages/base_page.py", line 303, in element_is_visible
    return Wait(self.driver, timeout).until(
           ^^^^^^^^^^^^^^^^^^^^^^^^^^^^^^^^^
  File "/home/runner/.cache/pypoetry/virtualenvs/testcapitalcompyse-CcJ6hTD8-py3.12/lib/python3.12/site-packages/selenium/webdriver/support/wait.py", line 105, in until
    raise TimeoutException(message, screen, stacktrace)
selenium.common.exceptions.TimeoutException: Message: 
Stacktrace:
#0 0x55e7ceff4f33 <unknown>
#1 0x55e7cececce6 <unknown>
#2 0x55e7ced37e48 <unknown>
#3 0x55e7ced37f01 <unknown>
#4 0x55e7ced7b3f4 <unknown>
#5 0x55e7ced59edd <unknown>
#6 0x55e7ced78899 <unknown>
#7 0x55e7ced59c53 <unknown>
#8 0x55e7ced2adb3 <unknown>
#9 0x55e7ced2b77e <unknown>
#10 0x55e7cefba86b <unknown>
#11 0x55e7cefbe885 <unknown>
#12 0x55e7cefa8181 <unknown>
#13 0x55e7cefbf412 <unknown>
#14 0x55e7cef8c25f <unknown>
#15 0x55e7cefe3528 <unknown>
#16 0x55e7cefe3723 <unknown>
#17 0x55e7ceff40e4 <unknown>
#18 0x7f38eba94ac3 <unknown>

2024-03-20 23:28:28 ERROR Elements not present after 0.5 seconds on page: https://capital.com/es/principales-indices-mundiales?t=volatile
2024-03-20 23:28:28 ERROR 
Traceback (most recent call last):
  File "/home/runner/work/TestCapitalComPySe/TestCapitalComPySe/pages/base_page.py", line 85, in inner_function
    return func(*args, **kwargs)
           ^^^^^^^^^^^^^^^^^^^^^
  File "/home/runner/work/TestCapitalComPySe/TestCapitalComPySe/pages/base_page.py", line 303, in element_is_visible
    return Wait(self.driver, timeout).until(
           ^^^^^^^^^^^^^^^^^^^^^^^^^^^^^^^^^
  File "/home/runner/.cache/pypoetry/virtualenvs/testcapitalcompyse-CcJ6hTD8-py3.12/lib/python3.12/site-packages/selenium/webdriver/support/wait.py", line 105, in until
    raise TimeoutException(message, screen, stacktrace)
selenium.common.exceptions.TimeoutException: Message: 
Stacktrace:
#0 0x55e7ceff4f33 <unknown>
#1 0x55e7cececce6 <unknown>
#2 0x55e7ced37e48 <unknown>
#3 0x55e7ced37f01 <unknown>
#4 0x55e7ced7b3f4 <unknown>
#5 0x55e7ced59edd <unknown>
#6 0x55e7ced78899 <unknown>
#7 0x55e7ced59c53 <unknown>
#8 0x55e7ced2adb3 <unknown>
#9 0x55e7ced2b77e <unknown>
#10 0x55e7cefba86b <unknown>
#11 0x55e7cefbe885 <unknown>
#12 0x55e7cefa8181 <unknown>
#13 0x55e7cefbf412 <unknown>
#14 0x55e7cef8c25f <unknown>
#15 0x55e7cefe3528 <unknown>
#16 0x55e7cefe3723 <unknown>
#17 0x55e7ceff40e4 <unknown>
#18 0x7f38eba94ac3 <unknown>

2024-03-20 23:28:31 ERROR Elements not present after 0.5 seconds on page: https://capital.com/es/principales-indices-mundiales?t=volatile
2024-03-20 23:28:31 ERROR 
Traceback (most recent call last):
  File "/home/runner/work/TestCapitalComPySe/TestCapitalComPySe/pages/base_page.py", line 85, in inner_function
    return func(*args, **kwargs)
           ^^^^^^^^^^^^^^^^^^^^^
  File "/home/runner/work/TestCapitalComPySe/TestCapitalComPySe/pages/base_page.py", line 303, in element_is_visible
    return Wait(self.driver, timeout).until(
           ^^^^^^^^^^^^^^^^^^^^^^^^^^^^^^^^^
  File "/home/runner/.cache/pypoetry/virtualenvs/testcapitalcompyse-CcJ6hTD8-py3.12/lib/python3.12/site-packages/selenium/webdriver/support/wait.py", line 105, in until
    raise TimeoutException(message, screen, stacktrace)
selenium.common.exceptions.TimeoutException: Message: 
Stacktrace:
#0 0x55e7ceff4f33 <unknown>
#1 0x55e7cececce6 <unknown>
#2 0x55e7ced37e48 <unknown>
#3 0x55e7ced37f01 <unknown>
#4 0x55e7ced7b3f4 <unknown>
#5 0x55e7ced59edd <unknown>
#6 0x55e7ced78899 <unknown>
#7 0x55e7ced59c53 <unknown>
#8 0x55e7ced2adb3 <unknown>
#9 0x55e7ced2b77e <unknown>
#10 0x55e7cefba86b <unknown>
#11 0x55e7cefbe885 <unknown>
#12 0x55e7cefa8181 <unknown>
#13 0x55e7cefbf412 <unknown>
#14 0x55e7cef8c25f <unknown>
#15 0x55e7cefe3528 <unknown>
#16 0x55e7cefe3723 <unknown>
#17 0x55e7ceff40e4 <unknown>
#18 0x7f38eba94ac3 <unknown>

2024-03-20 23:28:34 ERROR Elements not present after 0.5 seconds on page: https://capital.com/es/principales-indices-mundiales?t=volatile
2024-03-20 23:28:34 ERROR 
Traceback (most recent call last):
  File "/home/runner/work/TestCapitalComPySe/TestCapitalComPySe/pages/base_page.py", line 85, in inner_function
    return func(*args, **kwargs)
           ^^^^^^^^^^^^^^^^^^^^^
  File "/home/runner/work/TestCapitalComPySe/TestCapitalComPySe/pages/base_page.py", line 303, in element_is_visible
    return Wait(self.driver, timeout).until(
           ^^^^^^^^^^^^^^^^^^^^^^^^^^^^^^^^^
  File "/home/runner/.cache/pypoetry/virtualenvs/testcapitalcompyse-CcJ6hTD8-py3.12/lib/python3.12/site-packages/selenium/webdriver/support/wait.py", line 105, in until
    raise TimeoutException(message, screen, stacktrace)
selenium.common.exceptions.TimeoutException: Message: 
Stacktrace:
#0 0x55e7ceff4f33 <unknown>
#1 0x55e7cececce6 <unknown>
#2 0x55e7ced37e48 <unknown>
#3 0x55e7ced37f01 <unknown>
#4 0x55e7ced7b3f4 <unknown>
#5 0x55e7ced59edd <unknown>
#6 0x55e7ced78899 <unknown>
#7 0x55e7ced59c53 <unknown>
#8 0x55e7ced2adb3 <unknown>
#9 0x55e7ced2b77e <unknown>
#10 0x55e7cefba86b <unknown>
#11 0x55e7cefbe885 <unknown>
#12 0x55e7cefa8181 <unknown>
#13 0x55e7cefbf412 <unknown>
#14 0x55e7cef8c25f <unknown>
#15 0x55e7cefe3528 <unknown>
#16 0x55e7cefe3723 <unknown>
#17 0x55e7ceff40e4 <unknown>
#18 0x7f38eba94ac3 <unknown>

2024-03-20 23:28:38 ERROR Elements not present after 0.5 seconds on page: https://capital.com/es/principales-indices-mundiales?t=volatile
2024-03-20 23:28:38 ERROR 
Traceback (most recent call last):
  File "/home/runner/work/TestCapitalComPySe/TestCapitalComPySe/pages/base_page.py", line 85, in inner_function
    return func(*args, **kwargs)
           ^^^^^^^^^^^^^^^^^^^^^
  File "/home/runner/work/TestCapitalComPySe/TestCapitalComPySe/pages/base_page.py", line 303, in element_is_visible
    return Wait(self.driver, timeout).until(
           ^^^^^^^^^^^^^^^^^^^^^^^^^^^^^^^^^
  File "/home/runner/.cache/pypoetry/virtualenvs/testcapitalcompyse-CcJ6hTD8-py3.12/lib/python3.12/site-packages/selenium/webdriver/support/wait.py", line 105, in until
    raise TimeoutException(message, screen, stacktrace)
selenium.common.exceptions.TimeoutException: Message: 
Stacktrace:
#0 0x55e7ceff4f33 <unknown>
#1 0x55e7cececce6 <unknown>
#2 0x55e7ced37e48 <unknown>
#3 0x55e7ced37f01 <unknown>
#4 0x55e7ced7b3f4 <unknown>
#5 0x55e7ced59edd <unknown>
#6 0x55e7ced78899 <unknown>
#7 0x55e7ced59c53 <unknown>
#8 0x55e7ced2adb3 <unknown>
#9 0x55e7ced2b77e <unknown>
#10 0x55e7cefba86b <unknown>
#11 0x55e7cefbe885 <unknown>
#12 0x55e7cefa8181 <unknown>
#13 0x55e7cefbf412 <unknown>
#14 0x55e7cef8c25f <unknown>
#15 0x55e7cefe3528 <unknown>
#16 0x55e7cefe3723 <unknown>
#17 0x55e7ceff40e4 <unknown>
#18 0x7f38eba94ac3 <unknown>