2024-02-06 05:56:45 ERROR Elements not present after 0.5 seconds on page: https://capital.com/de/aktienhandel
2024-02-06 05:56:45 ERROR 
Traceback (most recent call last):
  File "/home/runner/work/TestCapitalComPySe/TestCapitalComPySe/pages/base_page.py", line 82, in inner_function
    return func(*args, **kwargs)
           ^^^^^^^^^^^^^^^^^^^^^
  File "/home/runner/work/TestCapitalComPySe/TestCapitalComPySe/pages/base_page.py", line 299, in element_is_visible
    return Wait(self.driver, timeout).until(
           ^^^^^^^^^^^^^^^^^^^^^^^^^^^^^^^^^
  File "/home/runner/.cache/pypoetry/virtualenvs/testcapitalcompyse-CcJ6hTD8-py3.11/lib/python3.11/site-packages/selenium/webdriver/support/wait.py", line 105, in until
    raise TimeoutException(message, screen, stacktrace)
selenium.common.exceptions.TimeoutException: Message: 
Stacktrace:
#0 0x55f3f1ee9d93 <unknown>
#1 0x55f3f1bcd337 <unknown>
#2 0x55f3f1c18d60 <unknown>
#3 0x55f3f1c18e51 <unknown>
#4 0x55f3f1c5cbc4 <unknown>
#5 0x55f3f1c3b46d <unknown>
#6 0x55f3f1c5a12d <unknown>
#7 0x55f3f1c3b1e3 <unknown>
#8 0x55f3f1c0b135 <unknown>
#9 0x55f3f1c0c13e <unknown>
#10 0x55f3f1eade4b <unknown>
#11 0x55f3f1eb1dfa <unknown>
#12 0x55f3f1e9a6d5 <unknown>
#13 0x55f3f1eb2a6f <unknown>
#14 0x55f3f1e7e69f <unknown>
#15 0x55f3f1ed7098 <unknown>
#16 0x55f3f1ed7262 <unknown>
#17 0x55f3f1ee8f34 <unknown>
#18 0x7fb6ef094ac3 <unknown>

2024-02-06 05:57:04 ERROR Elements not present after 0.5 seconds on page: https://capital.com/trading/signup
2024-02-06 05:57:04 ERROR 
Traceback (most recent call last):
  File "/home/runner/work/TestCapitalComPySe/TestCapitalComPySe/pages/base_page.py", line 82, in inner_function
    return func(*args, **kwargs)
           ^^^^^^^^^^^^^^^^^^^^^
  File "/home/runner/work/TestCapitalComPySe/TestCapitalComPySe/pages/base_page.py", line 299, in element_is_visible
    return Wait(self.driver, timeout).until(
           ^^^^^^^^^^^^^^^^^^^^^^^^^^^^^^^^^
  File "/home/runner/.cache/pypoetry/virtualenvs/testcapitalcompyse-CcJ6hTD8-py3.11/lib/python3.11/site-packages/selenium/webdriver/support/wait.py", line 105, in until
    raise TimeoutException(message, screen, stacktrace)
selenium.common.exceptions.TimeoutException: Message: 
Stacktrace:
#0 0x55f3f1ee9d93 <unknown>
#1 0x55f3f1bcd337 <unknown>
#2 0x55f3f1c18d60 <unknown>
#3 0x55f3f1c18e51 <unknown>
#4 0x55f3f1c5cbc4 <unknown>
#5 0x55f3f1c3b46d <unknown>
#6 0x55f3f1c5a12d <unknown>
#7 0x55f3f1c3b1e3 <unknown>
#8 0x55f3f1c0b135 <unknown>
#9 0x55f3f1c0c13e <unknown>
#10 0x55f3f1eade4b <unknown>
#11 0x55f3f1eb1dfa <unknown>
#12 0x55f3f1e9a6d5 <unknown>
#13 0x55f3f1eb2a6f <unknown>
#14 0x55f3f1e7e69f <unknown>
#15 0x55f3f1ed7098 <unknown>
#16 0x55f3f1ed7262 <unknown>
#17 0x55f3f1ee8f34 <unknown>
#18 0x7fb6ef094ac3 <unknown>

2024-02-06 05:57:07 ERROR Elements not present after 0.5 seconds on page: https://capital.com/trading/signup
2024-02-06 05:57:07 ERROR 
Traceback (most recent call last):
  File "/home/runner/work/TestCapitalComPySe/TestCapitalComPySe/pages/base_page.py", line 82, in inner_function
    return func(*args, **kwargs)
           ^^^^^^^^^^^^^^^^^^^^^
  File "/home/runner/work/TestCapitalComPySe/TestCapitalComPySe/pages/base_page.py", line 299, in element_is_visible
    return Wait(self.driver, timeout).until(
           ^^^^^^^^^^^^^^^^^^^^^^^^^^^^^^^^^
  File "/home/runner/.cache/pypoetry/virtualenvs/testcapitalcompyse-CcJ6hTD8-py3.11/lib/python3.11/site-packages/selenium/webdriver/support/wait.py", line 105, in until
    raise TimeoutException(message, screen, stacktrace)
selenium.common.exceptions.TimeoutException: Message: 
Stacktrace:
#0 0x55f3f1ee9d93 <unknown>
#1 0x55f3f1bcd337 <unknown>
#2 0x55f3f1c18d60 <unknown>
#3 0x55f3f1c18e51 <unknown>
#4 0x55f3f1c5cbc4 <unknown>
#5 0x55f3f1c3b46d <unknown>
#6 0x55f3f1c5a12d <unknown>
#7 0x55f3f1c3b1e3 <unknown>
#8 0x55f3f1c0b135 <unknown>
#9 0x55f3f1c0c13e <unknown>
#10 0x55f3f1eade4b <unknown>
#11 0x55f3f1eb1dfa <unknown>
#12 0x55f3f1e9a6d5 <unknown>
#13 0x55f3f1eb2a6f <unknown>
#14 0x55f3f1e7e69f <unknown>
#15 0x55f3f1ed7098 <unknown>
#16 0x55f3f1ed7262 <unknown>
#17 0x55f3f1ee8f34 <unknown>
#18 0x7fb6ef094ac3 <unknown>

2024-02-06 05:57:10 ERROR Elements not present after 0.5 seconds on page: https://capital.com/trading/signup
2024-02-06 05:57:10 ERROR 
Traceback (most recent call last):
  File "/home/runner/work/TestCapitalComPySe/TestCapitalComPySe/pages/base_page.py", line 82, in inner_function
    return func(*args, **kwargs)
           ^^^^^^^^^^^^^^^^^^^^^
  File "/home/runner/work/TestCapitalComPySe/TestCapitalComPySe/pages/base_page.py", line 299, in element_is_visible
    return Wait(self.driver, timeout).until(
           ^^^^^^^^^^^^^^^^^^^^^^^^^^^^^^^^^
  File "/home/runner/.cache/pypoetry/virtualenvs/testcapitalcompyse-CcJ6hTD8-py3.11/lib/python3.11/site-packages/selenium/webdriver/support/wait.py", line 105, in until
    raise TimeoutException(message, screen, stacktrace)
selenium.common.exceptions.TimeoutException: Message: 
Stacktrace:
#0 0x55f3f1ee9d93 <unknown>
#1 0x55f3f1bcd337 <unknown>
#2 0x55f3f1c18d60 <unknown>
#3 0x55f3f1c18e51 <unknown>
#4 0x55f3f1c5cbc4 <unknown>
#5 0x55f3f1c3b46d <unknown>
#6 0x55f3f1c5a12d <unknown>
#7 0x55f3f1c3b1e3 <unknown>
#8 0x55f3f1c0b135 <unknown>
#9 0x55f3f1c0c13e <unknown>
#10 0x55f3f1eade4b <unknown>
#11 0x55f3f1eb1dfa <unknown>
#12 0x55f3f1e9a6d5 <unknown>
#13 0x55f3f1eb2a6f <unknown>
#14 0x55f3f1e7e69f <unknown>
#15 0x55f3f1ed7098 <unknown>
#16 0x55f3f1ed7262 <unknown>
#17 0x55f3f1ee8f34 <unknown>
#18 0x7fb6ef094ac3 <unknown>

2024-02-06 05:57:13 ERROR Elements not present after 0.5 seconds on page: https://capital.com/trading/signup
2024-02-06 05:57:13 ERROR 
Traceback (most recent call last):
  File "/home/runner/work/TestCapitalComPySe/TestCapitalComPySe/pages/base_page.py", line 82, in inner_function
    return func(*args, **kwargs)
           ^^^^^^^^^^^^^^^^^^^^^
  File "/home/runner/work/TestCapitalComPySe/TestCapitalComPySe/pages/base_page.py", line 299, in element_is_visible
    return Wait(self.driver, timeout).until(
           ^^^^^^^^^^^^^^^^^^^^^^^^^^^^^^^^^
  File "/home/runner/.cache/pypoetry/virtualenvs/testcapitalcompyse-CcJ6hTD8-py3.11/lib/python3.11/site-packages/selenium/webdriver/support/wait.py", line 105, in until
    raise TimeoutException(message, screen, stacktrace)
selenium.common.exceptions.TimeoutException: Message: 
Stacktrace:
#0 0x55f3f1ee9d93 <unknown>
#1 0x55f3f1bcd337 <unknown>
#2 0x55f3f1c18d60 <unknown>
#3 0x55f3f1c18e51 <unknown>
#4 0x55f3f1c5cbc4 <unknown>
#5 0x55f3f1c3b46d <unknown>
#6 0x55f3f1c5a12d <unknown>
#7 0x55f3f1c3b1e3 <unknown>
#8 0x55f3f1c0b135 <unknown>
#9 0x55f3f1c0c13e <unknown>
#10 0x55f3f1eade4b <unknown>
#11 0x55f3f1eb1dfa <unknown>
#12 0x55f3f1e9a6d5 <unknown>
#13 0x55f3f1eb2a6f <unknown>
#14 0x55f3f1e7e69f <unknown>
#15 0x55f3f1ed7098 <unknown>
#16 0x55f3f1ed7262 <unknown>
#17 0x55f3f1ee8f34 <unknown>
#18 0x7fb6ef094ac3 <unknown>