2024-02-02 22:06:51 ERROR Elements not present after 0.5 seconds on page: https://capital.com/zh/trade-currency
2024-02-02 22:06:51 ERROR 
Traceback (most recent call last):
  File "/home/runner/work/TestCapitalComPySe/TestCapitalComPySe/pages/base_page.py", line 82, in inner_function
    return func(*args, **kwargs)
           ^^^^^^^^^^^^^^^^^^^^^
  File "/home/runner/work/TestCapitalComPySe/TestCapitalComPySe/pages/base_page.py", line 299, in element_is_visible
    return Wait(self.driver, timeout).until(
           ^^^^^^^^^^^^^^^^^^^^^^^^^^^^^^^^^
  File "/home/runner/.cache/pypoetry/virtualenvs/testcapitalcompyse-CcJ6hTD8-py3.11/lib/python3.11/site-packages/selenium/webdriver/support/wait.py", line 105, in until
    raise TimeoutException(message, screen, stacktrace)
selenium.common.exceptions.TimeoutException: Message: 
Stacktrace:
#0 0x5580b3090d93 <unknown>
#1 0x5580b2d74337 <unknown>
#2 0x5580b2dbfd60 <unknown>
#3 0x5580b2dbfe51 <unknown>
#4 0x5580b2e03bc4 <unknown>
#5 0x5580b2de246d <unknown>
#6 0x5580b2e0112d <unknown>
#7 0x5580b2de21e3 <unknown>
#8 0x5580b2db2135 <unknown>
#9 0x5580b2db313e <unknown>
#10 0x5580b3054e4b <unknown>
#11 0x5580b3058dfa <unknown>
#12 0x5580b30416d5 <unknown>
#13 0x5580b3059a6f <unknown>
#14 0x5580b302569f <unknown>
#15 0x5580b307e098 <unknown>
#16 0x5580b307e262 <unknown>
#17 0x5580b308ff34 <unknown>
#18 0x7f71eca94ac3 <unknown>

2024-02-02 22:06:54 ERROR Elements not present after 0.5 seconds on page: https://capital.com/zh/trade-currency
2024-02-02 22:06:54 ERROR 
Traceback (most recent call last):
  File "/home/runner/work/TestCapitalComPySe/TestCapitalComPySe/pages/base_page.py", line 82, in inner_function
    return func(*args, **kwargs)
           ^^^^^^^^^^^^^^^^^^^^^
  File "/home/runner/work/TestCapitalComPySe/TestCapitalComPySe/pages/base_page.py", line 299, in element_is_visible
    return Wait(self.driver, timeout).until(
           ^^^^^^^^^^^^^^^^^^^^^^^^^^^^^^^^^
  File "/home/runner/.cache/pypoetry/virtualenvs/testcapitalcompyse-CcJ6hTD8-py3.11/lib/python3.11/site-packages/selenium/webdriver/support/wait.py", line 105, in until
    raise TimeoutException(message, screen, stacktrace)
selenium.common.exceptions.TimeoutException: Message: 
Stacktrace:
#0 0x5580b3090d93 <unknown>
#1 0x5580b2d74337 <unknown>
#2 0x5580b2dbfd60 <unknown>
#3 0x5580b2dbfe51 <unknown>
#4 0x5580b2e03bc4 <unknown>
#5 0x5580b2de246d <unknown>
#6 0x5580b2e0112d <unknown>
#7 0x5580b2de21e3 <unknown>
#8 0x5580b2db2135 <unknown>
#9 0x5580b2db313e <unknown>
#10 0x5580b3054e4b <unknown>
#11 0x5580b3058dfa <unknown>
#12 0x5580b30416d5 <unknown>
#13 0x5580b3059a6f <unknown>
#14 0x5580b302569f <unknown>
#15 0x5580b307e098 <unknown>
#16 0x5580b307e262 <unknown>
#17 0x5580b308ff34 <unknown>
#18 0x7f71eca94ac3 <unknown>