2024-04-26 21:03:55 ERROR Elements not present after 0.5 seconds on page: https://capital.com/trade-cryptocurrency
2024-04-26 21:03:55 ERROR 
Traceback (most recent call last):
  File "/home/runner/work/TestCapitalComPySe/TestCapitalComPySe/pages/base_page.py", line 86, in inner_function
    return func(*args, **kwargs)
           ^^^^^^^^^^^^^^^^^^^^^
  File "/home/runner/work/TestCapitalComPySe/TestCapitalComPySe/pages/base_page.py", line 305, in element_is_visible
    return Wait(self.driver, timeout).until(
           ^^^^^^^^^^^^^^^^^^^^^^^^^^^^^^^^^
  File "/home/runner/.cache/pypoetry/virtualenvs/testcapitalcompyse-CcJ6hTD8-py3.12/lib/python3.12/site-packages/selenium/webdriver/support/wait.py", line 105, in until
    raise TimeoutException(message, screen, stacktrace)
selenium.common.exceptions.TimeoutException: Message: 
Stacktrace:
#0 0x55fe1fd7ecb3 <unknown>
#1 0x55fe1fa6d4a7 <unknown>
#2 0x55fe1fab831d <unknown>
#3 0x55fe1fab83d1 <unknown>
#4 0x55fe1fafb734 <unknown>
#5 0x55fe1fada43d <unknown>
#6 0x55fe1faf8be9 <unknown>
#7 0x55fe1fada1b3 <unknown>
#8 0x55fe1faab24a <unknown>
#9 0x55fe1faabc1e <unknown>
#10 0x55fe1fd42fdb <unknown>
#11 0x55fe1fd46f2b <unknown>
#12 0x55fe1fd2f0f1 <unknown>
#13 0x55fe1fd47a92 <unknown>
#14 0x55fe1fd13faf <unknown>
#15 0x55fe1fd6de08 <unknown>
#16 0x55fe1fd6dfe0 <unknown>
#17 0x55fe1fd7de04 <unknown>
#18 0x7f1303294ac3 <unknown>