2024-05-05 13:25:04 ERROR Elements not present after 0.5 seconds on page: https://capital.com/it/negozia-hang-seng-50
2024-05-05 13:25:04 ERROR 
Traceback (most recent call last):
  File "/home/runner/work/TestCapitalComPySe/TestCapitalComPySe/pages/base_page.py", line 86, in inner_function
    return func(*args, **kwargs)
           ^^^^^^^^^^^^^^^^^^^^^
  File "/home/runner/work/TestCapitalComPySe/TestCapitalComPySe/pages/base_page.py", line 305, in element_is_visible
    return Wait(self.driver, timeout).until(
           ^^^^^^^^^^^^^^^^^^^^^^^^^^^^^^^^^
  File "/home/runner/.cache/pypoetry/virtualenvs/testcapitalcompyse-CcJ6hTD8-py3.12/lib/python3.12/site-packages/selenium/webdriver/support/wait.py", line 105, in until
    raise TimeoutException(message, screen, stacktrace)
selenium.common.exceptions.TimeoutException: Message: 
Stacktrace:
#0 0x557be7c14cb3 <unknown>
#1 0x557be79034a7 <unknown>
#2 0x557be794e31d <unknown>
#3 0x557be794e3d1 <unknown>
#4 0x557be7991734 <unknown>
#5 0x557be797043d <unknown>
#6 0x557be798ebe9 <unknown>
#7 0x557be79701b3 <unknown>
#8 0x557be794124a <unknown>
#9 0x557be7941c1e <unknown>
#10 0x557be7bd8fdb <unknown>
#11 0x557be7bdcf2b <unknown>
#12 0x557be7bc50f1 <unknown>
#13 0x557be7bdda92 <unknown>
#14 0x557be7ba9faf <unknown>
#15 0x557be7c03e08 <unknown>
#16 0x557be7c03fe0 <unknown>
#17 0x557be7c13e04 <unknown>
#18 0x7f6d09094ac3 <unknown>

2024-05-05 13:25:11 ERROR Elements not present after 0.5 seconds on page: https://capital.com/trading/signup
2024-05-05 13:25:11 ERROR 
Traceback (most recent call last):
  File "/home/runner/work/TestCapitalComPySe/TestCapitalComPySe/pages/base_page.py", line 86, in inner_function
    return func(*args, **kwargs)
           ^^^^^^^^^^^^^^^^^^^^^
  File "/home/runner/work/TestCapitalComPySe/TestCapitalComPySe/pages/base_page.py", line 305, in element_is_visible
    return Wait(self.driver, timeout).until(
           ^^^^^^^^^^^^^^^^^^^^^^^^^^^^^^^^^
  File "/home/runner/.cache/pypoetry/virtualenvs/testcapitalcompyse-CcJ6hTD8-py3.12/lib/python3.12/site-packages/selenium/webdriver/support/wait.py", line 105, in until
    raise TimeoutException(message, screen, stacktrace)
selenium.common.exceptions.TimeoutException: Message: 
Stacktrace:
#0 0x557be7c14cb3 <unknown>
#1 0x557be79034a7 <unknown>
#2 0x557be794e31d <unknown>
#3 0x557be794e3d1 <unknown>
#4 0x557be7991734 <unknown>
#5 0x557be797043d <unknown>
#6 0x557be798ebe9 <unknown>
#7 0x557be79701b3 <unknown>
#8 0x557be794124a <unknown>
#9 0x557be7941c1e <unknown>
#10 0x557be7bd8fdb <unknown>
#11 0x557be7bdcf2b <unknown>
#12 0x557be7bc50f1 <unknown>
#13 0x557be7bdda92 <unknown>
#14 0x557be7ba9faf <unknown>
#15 0x557be7c03e08 <unknown>
#16 0x557be7c03fe0 <unknown>
#17 0x557be7c13e04 <unknown>
#18 0x7f6d09094ac3 <unknown>

2024-05-05 13:25:14 ERROR Elements not present after 0.5 seconds on page: https://capital.com/trading/signup
2024-05-05 13:25:14 ERROR 
Traceback (most recent call last):
  File "/home/runner/work/TestCapitalComPySe/TestCapitalComPySe/pages/base_page.py", line 86, in inner_function
    return func(*args, **kwargs)
           ^^^^^^^^^^^^^^^^^^^^^
  File "/home/runner/work/TestCapitalComPySe/TestCapitalComPySe/pages/base_page.py", line 305, in element_is_visible
    return Wait(self.driver, timeout).until(
           ^^^^^^^^^^^^^^^^^^^^^^^^^^^^^^^^^
  File "/home/runner/.cache/pypoetry/virtualenvs/testcapitalcompyse-CcJ6hTD8-py3.12/lib/python3.12/site-packages/selenium/webdriver/support/wait.py", line 105, in until
    raise TimeoutException(message, screen, stacktrace)
selenium.common.exceptions.TimeoutException: Message: 
Stacktrace:
#0 0x557be7c14cb3 <unknown>
#1 0x557be79034a7 <unknown>
#2 0x557be794e31d <unknown>
#3 0x557be794e3d1 <unknown>
#4 0x557be7991734 <unknown>
#5 0x557be797043d <unknown>
#6 0x557be798ebe9 <unknown>
#7 0x557be79701b3 <unknown>
#8 0x557be794124a <unknown>
#9 0x557be7941c1e <unknown>
#10 0x557be7bd8fdb <unknown>
#11 0x557be7bdcf2b <unknown>
#12 0x557be7bc50f1 <unknown>
#13 0x557be7bdda92 <unknown>
#14 0x557be7ba9faf <unknown>
#15 0x557be7c03e08 <unknown>
#16 0x557be7c03fe0 <unknown>
#17 0x557be7c13e04 <unknown>
#18 0x7f6d09094ac3 <unknown>

2024-05-05 13:25:18 ERROR Elements not present after 0.5 seconds on page: https://capital.com/trading/signup
2024-05-05 13:25:18 ERROR 
Traceback (most recent call last):
  File "/home/runner/work/TestCapitalComPySe/TestCapitalComPySe/pages/base_page.py", line 86, in inner_function
    return func(*args, **kwargs)
           ^^^^^^^^^^^^^^^^^^^^^
  File "/home/runner/work/TestCapitalComPySe/TestCapitalComPySe/pages/base_page.py", line 305, in element_is_visible
    return Wait(self.driver, timeout).until(
           ^^^^^^^^^^^^^^^^^^^^^^^^^^^^^^^^^
  File "/home/runner/.cache/pypoetry/virtualenvs/testcapitalcompyse-CcJ6hTD8-py3.12/lib/python3.12/site-packages/selenium/webdriver/support/wait.py", line 105, in until
    raise TimeoutException(message, screen, stacktrace)
selenium.common.exceptions.TimeoutException: Message: 
Stacktrace:
#0 0x557be7c14cb3 <unknown>
#1 0x557be79034a7 <unknown>
#2 0x557be794e31d <unknown>
#3 0x557be794e3d1 <unknown>
#4 0x557be7991734 <unknown>
#5 0x557be797043d <unknown>
#6 0x557be798ebe9 <unknown>
#7 0x557be79701b3 <unknown>
#8 0x557be794124a <unknown>
#9 0x557be7941c1e <unknown>
#10 0x557be7bd8fdb <unknown>
#11 0x557be7bdcf2b <unknown>
#12 0x557be7bc50f1 <unknown>
#13 0x557be7bdda92 <unknown>
#14 0x557be7ba9faf <unknown>
#15 0x557be7c03e08 <unknown>
#16 0x557be7c03fe0 <unknown>
#17 0x557be7c13e04 <unknown>
#18 0x7f6d09094ac3 <unknown>

2024-05-05 13:25:21 ERROR Elements not present after 0.5 seconds on page: https://capital.com/trading/signup
2024-05-05 13:25:21 ERROR 
Traceback (most recent call last):
  File "/home/runner/work/TestCapitalComPySe/TestCapitalComPySe/pages/base_page.py", line 86, in inner_function
    return func(*args, **kwargs)
           ^^^^^^^^^^^^^^^^^^^^^
  File "/home/runner/work/TestCapitalComPySe/TestCapitalComPySe/pages/base_page.py", line 305, in element_is_visible
    return Wait(self.driver, timeout).until(
           ^^^^^^^^^^^^^^^^^^^^^^^^^^^^^^^^^
  File "/home/runner/.cache/pypoetry/virtualenvs/testcapitalcompyse-CcJ6hTD8-py3.12/lib/python3.12/site-packages/selenium/webdriver/support/wait.py", line 105, in until
    raise TimeoutException(message, screen, stacktrace)
selenium.common.exceptions.TimeoutException: Message: 
Stacktrace:
#0 0x557be7c14cb3 <unknown>
#1 0x557be79034a7 <unknown>
#2 0x557be794e31d <unknown>
#3 0x557be794e3d1 <unknown>
#4 0x557be7991734 <unknown>
#5 0x557be797043d <unknown>
#6 0x557be798ebe9 <unknown>
#7 0x557be79701b3 <unknown>
#8 0x557be794124a <unknown>
#9 0x557be7941c1e <unknown>
#10 0x557be7bd8fdb <unknown>
#11 0x557be7bdcf2b <unknown>
#12 0x557be7bc50f1 <unknown>
#13 0x557be7bdda92 <unknown>
#14 0x557be7ba9faf <unknown>
#15 0x557be7c03e08 <unknown>
#16 0x557be7c03fe0 <unknown>
#17 0x557be7c13e04 <unknown>
#18 0x7f6d09094ac3 <unknown>

2024-05-05 13:25:24 ERROR Elements not present after 0.5 seconds on page: https://capital.com/trading/signup
2024-05-05 13:25:24 ERROR 
Traceback (most recent call last):
  File "/home/runner/work/TestCapitalComPySe/TestCapitalComPySe/pages/base_page.py", line 86, in inner_function
    return func(*args, **kwargs)
           ^^^^^^^^^^^^^^^^^^^^^
  File "/home/runner/work/TestCapitalComPySe/TestCapitalComPySe/pages/base_page.py", line 305, in element_is_visible
    return Wait(self.driver, timeout).until(
           ^^^^^^^^^^^^^^^^^^^^^^^^^^^^^^^^^
  File "/home/runner/.cache/pypoetry/virtualenvs/testcapitalcompyse-CcJ6hTD8-py3.12/lib/python3.12/site-packages/selenium/webdriver/support/wait.py", line 105, in until
    raise TimeoutException(message, screen, stacktrace)
selenium.common.exceptions.TimeoutException: Message: 
Stacktrace:
#0 0x557be7c14cb3 <unknown>
#1 0x557be79034a7 <unknown>
#2 0x557be794e31d <unknown>
#3 0x557be794e3d1 <unknown>
#4 0x557be7991734 <unknown>
#5 0x557be797043d <unknown>
#6 0x557be798ebe9 <unknown>
#7 0x557be79701b3 <unknown>
#8 0x557be794124a <unknown>
#9 0x557be7941c1e <unknown>
#10 0x557be7bd8fdb <unknown>
#11 0x557be7bdcf2b <unknown>
#12 0x557be7bc50f1 <unknown>
#13 0x557be7bdda92 <unknown>
#14 0x557be7ba9faf <unknown>
#15 0x557be7c03e08 <unknown>
#16 0x557be7c03fe0 <unknown>
#17 0x557be7c13e04 <unknown>
#18 0x7f6d09094ac3 <unknown>

2024-05-05 13:25:26 ERROR Elements not present after 0.5 seconds on page: https://capital.com/trading/signup
2024-05-05 13:25:26 ERROR 
Traceback (most recent call last):
  File "/home/runner/work/TestCapitalComPySe/TestCapitalComPySe/pages/base_page.py", line 86, in inner_function
    return func(*args, **kwargs)
           ^^^^^^^^^^^^^^^^^^^^^
  File "/home/runner/work/TestCapitalComPySe/TestCapitalComPySe/pages/base_page.py", line 305, in element_is_visible
    return Wait(self.driver, timeout).until(
           ^^^^^^^^^^^^^^^^^^^^^^^^^^^^^^^^^
  File "/home/runner/.cache/pypoetry/virtualenvs/testcapitalcompyse-CcJ6hTD8-py3.12/lib/python3.12/site-packages/selenium/webdriver/support/wait.py", line 105, in until
    raise TimeoutException(message, screen, stacktrace)
selenium.common.exceptions.TimeoutException: Message: 
Stacktrace:
#0 0x557be7c14cb3 <unknown>
#1 0x557be79034a7 <unknown>
#2 0x557be794e31d <unknown>
#3 0x557be794e3d1 <unknown>
#4 0x557be7991734 <unknown>
#5 0x557be797043d <unknown>
#6 0x557be798ebe9 <unknown>
#7 0x557be79701b3 <unknown>
#8 0x557be794124a <unknown>
#9 0x557be7941c1e <unknown>
#10 0x557be7bd8fdb <unknown>
#11 0x557be7bdcf2b <unknown>
#12 0x557be7bc50f1 <unknown>
#13 0x557be7bdda92 <unknown>
#14 0x557be7ba9faf <unknown>
#15 0x557be7c03e08 <unknown>
#16 0x557be7c03fe0 <unknown>
#17 0x557be7c13e04 <unknown>
#18 0x7f6d09094ac3 <unknown>