2024-04-15 09:43:41 ERROR Elements not present after 0.5 seconds on page: https://capital.com/ru/torgovlya-syrievymi-tovarami-cfd
2024-04-15 09:43:41 ERROR 
Traceback (most recent call last):
  File "/home/runner/work/TestCapitalComPySe/TestCapitalComPySe/pages/base_page.py", line 85, in inner_function
    return func(*args, **kwargs)
           ^^^^^^^^^^^^^^^^^^^^^
  File "/home/runner/work/TestCapitalComPySe/TestCapitalComPySe/pages/base_page.py", line 304, in element_is_visible
    return Wait(self.driver, timeout).until(
           ^^^^^^^^^^^^^^^^^^^^^^^^^^^^^^^^^
  File "/home/runner/.cache/pypoetry/virtualenvs/testcapitalcompyse-CcJ6hTD8-py3.12/lib/python3.12/site-packages/selenium/webdriver/support/wait.py", line 105, in until
    raise TimeoutException(message, screen, stacktrace)
selenium.common.exceptions.TimeoutException: Message: 
Stacktrace:
#0 0x5616736d6863 <unknown>
#1 0x5616733cc8c6 <unknown>
#2 0x561673417618 <unknown>
#3 0x5616734176d1 <unknown>
#4 0x56167345a744 <unknown>
#5 0x5616734395cd <unknown>
#6 0x561673457c19 <unknown>
#7 0x561673439343 <unknown>
#8 0x56167340a593 <unknown>
#9 0x56167340af5e <unknown>
#10 0x56167369a84b <unknown>
#11 0x56167369e7a5 <unknown>
#12 0x561673688571 <unknown>
#13 0x56167369f332 <unknown>
#14 0x56167366d87f <unknown>
#15 0x5616736c5728 <unknown>
#16 0x5616736c58fb <unknown>
#17 0x5616736d59b4 <unknown>
#18 0x7fce5f294ac3 <unknown>