2024-05-11 16:41:06 ERROR Elements not present after 0.5 seconds on page: https://capital.com/
2024-05-11 16:41:06 ERROR 
Traceback (most recent call last):
  File "/home/runner/work/TestCapitalComPySe/TestCapitalComPySe/pages/base_page.py", line 86, in inner_function
    return func(*args, **kwargs)
           ^^^^^^^^^^^^^^^^^^^^^
  File "/home/runner/work/TestCapitalComPySe/TestCapitalComPySe/pages/base_page.py", line 305, in element_is_visible
    return Wait(self.driver, timeout).until(
           ^^^^^^^^^^^^^^^^^^^^^^^^^^^^^^^^^
  File "/home/runner/.cache/pypoetry/virtualenvs/testcapitalcompyse-CcJ6hTD8-py3.12/lib/python3.12/site-packages/selenium/webdriver/support/wait.py", line 105, in until
    raise TimeoutException(message, screen, stacktrace)
selenium.common.exceptions.TimeoutException: Message: 
Stacktrace:
#0 0x55939cd39e43 <unknown>
#1 0x55939ca284e7 <unknown>
#2 0x55939ca7335d <unknown>
#3 0x55939ca73411 <unknown>
#4 0x55939cab6774 <unknown>
#5 0x55939ca9547d <unknown>
#6 0x55939cab3c29 <unknown>
#7 0x55939ca951f3 <unknown>
#8 0x55939ca6628a <unknown>
#9 0x55939ca66c5e <unknown>
#10 0x55939ccfe16b <unknown>
#11 0x55939cd020bb <unknown>
#12 0x55939ccea281 <unknown>
#13 0x55939cd02c22 <unknown>
#14 0x55939cccf13f <unknown>
#15 0x55939cd28f98 <unknown>
#16 0x55939cd29170 <unknown>
#17 0x55939cd38f94 <unknown>
#18 0x7f5d0da94ac3 <unknown>

2024-05-11 16:41:09 ERROR Elements not present after 0.5 seconds on page: https://capital.com/
2024-05-11 16:41:09 ERROR 
Traceback (most recent call last):
  File "/home/runner/work/TestCapitalComPySe/TestCapitalComPySe/pages/base_page.py", line 86, in inner_function
    return func(*args, **kwargs)
           ^^^^^^^^^^^^^^^^^^^^^
  File "/home/runner/work/TestCapitalComPySe/TestCapitalComPySe/pages/base_page.py", line 305, in element_is_visible
    return Wait(self.driver, timeout).until(
           ^^^^^^^^^^^^^^^^^^^^^^^^^^^^^^^^^
  File "/home/runner/.cache/pypoetry/virtualenvs/testcapitalcompyse-CcJ6hTD8-py3.12/lib/python3.12/site-packages/selenium/webdriver/support/wait.py", line 105, in until
    raise TimeoutException(message, screen, stacktrace)
selenium.common.exceptions.TimeoutException: Message: 
Stacktrace:
#0 0x55939cd39e43 <unknown>
#1 0x55939ca284e7 <unknown>
#2 0x55939ca7335d <unknown>
#3 0x55939ca73411 <unknown>
#4 0x55939cab6774 <unknown>
#5 0x55939ca9547d <unknown>
#6 0x55939cab3c29 <unknown>
#7 0x55939ca951f3 <unknown>
#8 0x55939ca6628a <unknown>
#9 0x55939ca66c5e <unknown>
#10 0x55939ccfe16b <unknown>
#11 0x55939cd020bb <unknown>
#12 0x55939ccea281 <unknown>
#13 0x55939cd02c22 <unknown>
#14 0x55939cccf13f <unknown>
#15 0x55939cd28f98 <unknown>
#16 0x55939cd29170 <unknown>
#17 0x55939cd38f94 <unknown>
#18 0x7f5d0da94ac3 <unknown>

2024-05-11 16:41:13 ERROR Elements not present after 0.5 seconds on page: https://capital.com/
2024-05-11 16:41:13 ERROR 
Traceback (most recent call last):
  File "/home/runner/work/TestCapitalComPySe/TestCapitalComPySe/pages/base_page.py", line 86, in inner_function
    return func(*args, **kwargs)
           ^^^^^^^^^^^^^^^^^^^^^
  File "/home/runner/work/TestCapitalComPySe/TestCapitalComPySe/pages/base_page.py", line 305, in element_is_visible
    return Wait(self.driver, timeout).until(
           ^^^^^^^^^^^^^^^^^^^^^^^^^^^^^^^^^
  File "/home/runner/.cache/pypoetry/virtualenvs/testcapitalcompyse-CcJ6hTD8-py3.12/lib/python3.12/site-packages/selenium/webdriver/support/wait.py", line 105, in until
    raise TimeoutException(message, screen, stacktrace)
selenium.common.exceptions.TimeoutException: Message: 
Stacktrace:
#0 0x55939cd39e43 <unknown>
#1 0x55939ca284e7 <unknown>
#2 0x55939ca7335d <unknown>
#3 0x55939ca73411 <unknown>
#4 0x55939cab6774 <unknown>
#5 0x55939ca9547d <unknown>
#6 0x55939cab3c29 <unknown>
#7 0x55939ca951f3 <unknown>
#8 0x55939ca6628a <unknown>
#9 0x55939ca66c5e <unknown>
#10 0x55939ccfe16b <unknown>
#11 0x55939cd020bb <unknown>
#12 0x55939ccea281 <unknown>
#13 0x55939cd02c22 <unknown>
#14 0x55939cccf13f <unknown>
#15 0x55939cd28f98 <unknown>
#16 0x55939cd29170 <unknown>
#17 0x55939cd38f94 <unknown>
#18 0x7f5d0da94ac3 <unknown>