2024-04-09 09:43:44 ERROR Elements not present after 0.5 seconds on page: https://capital.com/zh/facebook-gu-jia
2024-04-09 09:43:44 ERROR 
Traceback (most recent call last):
  File "/home/runner/work/TestCapitalComPySe/TestCapitalComPySe/pages/base_page.py", line 85, in inner_function
    return func(*args, **kwargs)
           ^^^^^^^^^^^^^^^^^^^^^
  File "/home/runner/work/TestCapitalComPySe/TestCapitalComPySe/pages/base_page.py", line 304, in element_is_visible
    return Wait(self.driver, timeout).until(
           ^^^^^^^^^^^^^^^^^^^^^^^^^^^^^^^^^
  File "/home/runner/.cache/pypoetry/virtualenvs/testcapitalcompyse-CcJ6hTD8-py3.12/lib/python3.12/site-packages/selenium/webdriver/support/wait.py", line 105, in until
    raise TimeoutException(message, screen, stacktrace)
selenium.common.exceptions.TimeoutException: Message: 
Stacktrace:
#0 0x55a93491a873 <unknown>
#1 0x55a9346108c6 <unknown>
#2 0x55a93465b618 <unknown>
#3 0x55a93465b6d1 <unknown>
#4 0x55a93469e744 <unknown>
#5 0x55a93467d5cd <unknown>
#6 0x55a93469bc19 <unknown>
#7 0x55a93467d343 <unknown>
#8 0x55a93464e593 <unknown>
#9 0x55a93464ef5e <unknown>
#10 0x55a9348de85b <unknown>
#11 0x55a9348e27b5 <unknown>
#12 0x55a9348cc581 <unknown>
#13 0x55a9348e3342 <unknown>
#14 0x55a9348b188f <unknown>
#15 0x55a934909738 <unknown>
#16 0x55a93490990b <unknown>
#17 0x55a9349199c4 <unknown>
#18 0x7fc76ba94ac3 <unknown>