2024-04-06 11:24:53 ERROR Elements not present after 0.5 seconds on page: https://capital.com/trading/platform/
2024-04-06 11:24:53 ERROR 
Traceback (most recent call last):
  File "/home/runner/work/TestCapitalComPySe/TestCapitalComPySe/pages/base_page.py", line 85, in inner_function
    return func(*args, **kwargs)
           ^^^^^^^^^^^^^^^^^^^^^
  File "/home/runner/work/TestCapitalComPySe/TestCapitalComPySe/pages/base_page.py", line 307, in element_is_visible
    return Wait(self.driver, timeout).until(
           ^^^^^^^^^^^^^^^^^^^^^^^^^^^^^^^^^
  File "/home/runner/.cache/pypoetry/virtualenvs/testcapitalcompyse-CcJ6hTD8-py3.12/lib/python3.12/site-packages/selenium/webdriver/support/wait.py", line 105, in until
    raise TimeoutException(message, screen, stacktrace)
selenium.common.exceptions.TimeoutException: Message: 
Stacktrace:
#0 0x559065c73873 <unknown>
#1 0x5590659698c6 <unknown>
#2 0x5590659b4618 <unknown>
#3 0x5590659b46d1 <unknown>
#4 0x5590659f7744 <unknown>
#5 0x5590659d65cd <unknown>
#6 0x5590659f4c19 <unknown>
#7 0x5590659d6343 <unknown>
#8 0x5590659a7593 <unknown>
#9 0x5590659a7f5e <unknown>
#10 0x559065c3785b <unknown>
#11 0x559065c3b7b5 <unknown>
#12 0x559065c25581 <unknown>
#13 0x559065c3c342 <unknown>
#14 0x559065c0a88f <unknown>
#15 0x559065c62738 <unknown>
#16 0x559065c6290b <unknown>
#17 0x559065c729c4 <unknown>
#18 0x7f06f3a94ac3 <unknown>

2024-04-06 11:24:56 ERROR Elements not present after 0.5 seconds on page: https://capital.com/trading/platform/
2024-04-06 11:24:56 ERROR 
Traceback (most recent call last):
  File "/home/runner/work/TestCapitalComPySe/TestCapitalComPySe/pages/base_page.py", line 85, in inner_function
    return func(*args, **kwargs)
           ^^^^^^^^^^^^^^^^^^^^^
  File "/home/runner/work/TestCapitalComPySe/TestCapitalComPySe/pages/base_page.py", line 307, in element_is_visible
    return Wait(self.driver, timeout).until(
           ^^^^^^^^^^^^^^^^^^^^^^^^^^^^^^^^^
  File "/home/runner/.cache/pypoetry/virtualenvs/testcapitalcompyse-CcJ6hTD8-py3.12/lib/python3.12/site-packages/selenium/webdriver/support/wait.py", line 105, in until
    raise TimeoutException(message, screen, stacktrace)
selenium.common.exceptions.TimeoutException: Message: 
Stacktrace:
#0 0x559065c73873 <unknown>
#1 0x5590659698c6 <unknown>
#2 0x5590659b4618 <unknown>
#3 0x5590659b46d1 <unknown>
#4 0x5590659f7744 <unknown>
#5 0x5590659d65cd <unknown>
#6 0x5590659f4c19 <unknown>
#7 0x5590659d6343 <unknown>
#8 0x5590659a7593 <unknown>
#9 0x5590659a7f5e <unknown>
#10 0x559065c3785b <unknown>
#11 0x559065c3b7b5 <unknown>
#12 0x559065c25581 <unknown>
#13 0x559065c3c342 <unknown>
#14 0x559065c0a88f <unknown>
#15 0x559065c62738 <unknown>
#16 0x559065c6290b <unknown>
#17 0x559065c729c4 <unknown>
#18 0x7f06f3a94ac3 <unknown>

2024-04-06 11:24:59 ERROR Elements not present after 0.5 seconds on page: https://capital.com/trading/platform/
2024-04-06 11:24:59 ERROR 
Traceback (most recent call last):
  File "/home/runner/work/TestCapitalComPySe/TestCapitalComPySe/pages/base_page.py", line 85, in inner_function
    return func(*args, **kwargs)
           ^^^^^^^^^^^^^^^^^^^^^
  File "/home/runner/work/TestCapitalComPySe/TestCapitalComPySe/pages/base_page.py", line 307, in element_is_visible
    return Wait(self.driver, timeout).until(
           ^^^^^^^^^^^^^^^^^^^^^^^^^^^^^^^^^
  File "/home/runner/.cache/pypoetry/virtualenvs/testcapitalcompyse-CcJ6hTD8-py3.12/lib/python3.12/site-packages/selenium/webdriver/support/wait.py", line 105, in until
    raise TimeoutException(message, screen, stacktrace)
selenium.common.exceptions.TimeoutException: Message: 
Stacktrace:
#0 0x559065c73873 <unknown>
#1 0x5590659698c6 <unknown>
#2 0x5590659b4618 <unknown>
#3 0x5590659b46d1 <unknown>
#4 0x5590659f7744 <unknown>
#5 0x5590659d65cd <unknown>
#6 0x5590659f4c19 <unknown>
#7 0x5590659d6343 <unknown>
#8 0x5590659a7593 <unknown>
#9 0x5590659a7f5e <unknown>
#10 0x559065c3785b <unknown>
#11 0x559065c3b7b5 <unknown>
#12 0x559065c25581 <unknown>
#13 0x559065c3c342 <unknown>
#14 0x559065c0a88f <unknown>
#15 0x559065c62738 <unknown>
#16 0x559065c6290b <unknown>
#17 0x559065c729c4 <unknown>
#18 0x7f06f3a94ac3 <unknown>

2024-04-06 11:25:02 ERROR Elements not present after 0.5 seconds on page: https://capital.com/trading/platform/
2024-04-06 11:25:02 ERROR 
Traceback (most recent call last):
  File "/home/runner/work/TestCapitalComPySe/TestCapitalComPySe/pages/base_page.py", line 85, in inner_function
    return func(*args, **kwargs)
           ^^^^^^^^^^^^^^^^^^^^^
  File "/home/runner/work/TestCapitalComPySe/TestCapitalComPySe/pages/base_page.py", line 307, in element_is_visible
    return Wait(self.driver, timeout).until(
           ^^^^^^^^^^^^^^^^^^^^^^^^^^^^^^^^^
  File "/home/runner/.cache/pypoetry/virtualenvs/testcapitalcompyse-CcJ6hTD8-py3.12/lib/python3.12/site-packages/selenium/webdriver/support/wait.py", line 105, in until
    raise TimeoutException(message, screen, stacktrace)
selenium.common.exceptions.TimeoutException: Message: 
Stacktrace:
#0 0x559065c73873 <unknown>
#1 0x5590659698c6 <unknown>
#2 0x5590659b4618 <unknown>
#3 0x5590659b46d1 <unknown>
#4 0x5590659f7744 <unknown>
#5 0x5590659d65cd <unknown>
#6 0x5590659f4c19 <unknown>
#7 0x5590659d6343 <unknown>
#8 0x5590659a7593 <unknown>
#9 0x5590659a7f5e <unknown>
#10 0x559065c3785b <unknown>
#11 0x559065c3b7b5 <unknown>
#12 0x559065c25581 <unknown>
#13 0x559065c3c342 <unknown>
#14 0x559065c0a88f <unknown>
#15 0x559065c62738 <unknown>
#16 0x559065c6290b <unknown>
#17 0x559065c729c4 <unknown>
#18 0x7f06f3a94ac3 <unknown>

2024-04-06 11:25:05 ERROR Elements not present after 0.5 seconds on page: https://capital.com/trading/platform/
2024-04-06 11:25:05 ERROR 
Traceback (most recent call last):
  File "/home/runner/work/TestCapitalComPySe/TestCapitalComPySe/pages/base_page.py", line 85, in inner_function
    return func(*args, **kwargs)
           ^^^^^^^^^^^^^^^^^^^^^
  File "/home/runner/work/TestCapitalComPySe/TestCapitalComPySe/pages/base_page.py", line 307, in element_is_visible
    return Wait(self.driver, timeout).until(
           ^^^^^^^^^^^^^^^^^^^^^^^^^^^^^^^^^
  File "/home/runner/.cache/pypoetry/virtualenvs/testcapitalcompyse-CcJ6hTD8-py3.12/lib/python3.12/site-packages/selenium/webdriver/support/wait.py", line 105, in until
    raise TimeoutException(message, screen, stacktrace)
selenium.common.exceptions.TimeoutException: Message: 
Stacktrace:
#0 0x559065c73873 <unknown>
#1 0x5590659698c6 <unknown>
#2 0x5590659b4618 <unknown>
#3 0x5590659b46d1 <unknown>
#4 0x5590659f7744 <unknown>
#5 0x5590659d65cd <unknown>
#6 0x5590659f4c19 <unknown>
#7 0x5590659d6343 <unknown>
#8 0x5590659a7593 <unknown>
#9 0x5590659a7f5e <unknown>
#10 0x559065c3785b <unknown>
#11 0x559065c3b7b5 <unknown>
#12 0x559065c25581 <unknown>
#13 0x559065c3c342 <unknown>
#14 0x559065c0a88f <unknown>
#15 0x559065c62738 <unknown>
#16 0x559065c6290b <unknown>
#17 0x559065c729c4 <unknown>
#18 0x7f06f3a94ac3 <unknown>