2024-04-06 12:07:42 ERROR Elements not present after 0.5 seconds on page: https://capital.com/trade-commodities
2024-04-06 12:07:42 ERROR 
Traceback (most recent call last):
  File "/home/runner/work/TestCapitalComPySe/TestCapitalComPySe/pages/base_page.py", line 85, in inner_function
    return func(*args, **kwargs)
           ^^^^^^^^^^^^^^^^^^^^^
  File "/home/runner/work/TestCapitalComPySe/TestCapitalComPySe/pages/base_page.py", line 307, in element_is_visible
    return Wait(self.driver, timeout).until(
           ^^^^^^^^^^^^^^^^^^^^^^^^^^^^^^^^^
  File "/home/runner/.cache/pypoetry/virtualenvs/testcapitalcompyse-CcJ6hTD8-py3.12/lib/python3.12/site-packages/selenium/webdriver/support/wait.py", line 105, in until
    raise TimeoutException(message, screen, stacktrace)
selenium.common.exceptions.TimeoutException: Message: 
Stacktrace:
#0 0x5637a97ea873 <unknown>
#1 0x5637a94e08c6 <unknown>
#2 0x5637a952b618 <unknown>
#3 0x5637a952b6d1 <unknown>
#4 0x5637a956e744 <unknown>
#5 0x5637a954d5cd <unknown>
#6 0x5637a956bc19 <unknown>
#7 0x5637a954d343 <unknown>
#8 0x5637a951e593 <unknown>
#9 0x5637a951ef5e <unknown>
#10 0x5637a97ae85b <unknown>
#11 0x5637a97b27b5 <unknown>
#12 0x5637a979c581 <unknown>
#13 0x5637a97b3342 <unknown>
#14 0x5637a978188f <unknown>
#15 0x5637a97d9738 <unknown>
#16 0x5637a97d990b <unknown>
#17 0x5637a97e99c4 <unknown>
#18 0x7f1d5fe94ac3 <unknown>