2025-05-19 02:42:56 ERROR Elements not present after 0.5 seconds on page: https://capital.com/en-int
2025-05-19 02:42:56 ERROR 
Traceback (most recent call last):
  File "/home/runner/work/TestCapitalComPySe/TestCapitalComPySe/pages/base_page.py", line 86, in inner_function
    return func(*args, **kwargs)
           ^^^^^^^^^^^^^^^^^^^^^
  File "/home/runner/work/TestCapitalComPySe/TestCapitalComPySe/pages/base_page.py", line 340, in element_is_visible
    return Wait(self.driver, timeout).until(
           ^^^^^^^^^^^^^^^^^^^^^^^^^^^^^^^^^
  File "/home/runner/.cache/pypoetry/virtualenvs/testcapitalcompyse-CcJ6hTD8-py3.12/lib/python3.12/site-packages/selenium/webdriver/support/wait.py", line 105, in until
    raise TimeoutException(message, screen, stacktrace)
selenium.common.exceptions.TimeoutException: Message: 
Stacktrace:
#0 0x564cec60e75a <unknown>
#1 0x564cec0b10a0 <unknown>
#2 0x564cec1029b0 <unknown>
#3 0x564cec102ba1 <unknown>
#4 0x564cec150ea4 <unknown>
#5 0x564cec1283cd <unknown>
#6 0x564cec14e2a0 <unknown>
#7 0x564cec128173 <unknown>
#8 0x564cec0f4d4b <unknown>
#9 0x564cec0f59b1 <unknown>
#10 0x564cec5d390b <unknown>
#11 0x564cec5d780a <unknown>
#12 0x564cec5bb662 <unknown>
#13 0x564cec5d8394 <unknown>
#14 0x564cec5a049f <unknown>
#15 0x564cec5fc538 <unknown>
#16 0x564cec5fc716 <unknown>
#17 0x564cec60d5c6 <unknown>
#18 0x7fa90c29caa4 <unknown>
#19 0x7fa90c329c3c <unknown>