2024-05-09 04:41:29 ERROR Elements not present after 0.5 seconds on page: https://capital.com/zh/us-natural-gas-spot-shang-pin
2024-05-09 04:41:29 ERROR 
Traceback (most recent call last):
  File "/home/runner/work/TestCapitalComPySe/TestCapitalComPySe/pages/base_page.py", line 86, in inner_function
    return func(*args, **kwargs)
           ^^^^^^^^^^^^^^^^^^^^^
  File "/home/runner/work/TestCapitalComPySe/TestCapitalComPySe/pages/base_page.py", line 305, in element_is_visible
    return Wait(self.driver, timeout).until(
           ^^^^^^^^^^^^^^^^^^^^^^^^^^^^^^^^^
  File "/home/runner/.cache/pypoetry/virtualenvs/testcapitalcompyse-CcJ6hTD8-py3.12/lib/python3.12/site-packages/selenium/webdriver/support/wait.py", line 105, in until
    raise TimeoutException(message, screen, stacktrace)
selenium.common.exceptions.TimeoutException: Message: 
Stacktrace:
#0 0x561460a0cdf3 <unknown>
#1 0x5614606fb4e7 <unknown>
#2 0x56146074635d <unknown>
#3 0x561460746411 <unknown>
#4 0x561460789774 <unknown>
#5 0x56146076847d <unknown>
#6 0x561460786c29 <unknown>
#7 0x5614607681f3 <unknown>
#8 0x56146073928a <unknown>
#9 0x561460739c5e <unknown>
#10 0x5614609d111b <unknown>
#11 0x5614609d506b <unknown>
#12 0x5614609bd231 <unknown>
#13 0x5614609d5bd2 <unknown>
#14 0x5614609a20ef <unknown>
#15 0x5614609fbf48 <unknown>
#16 0x5614609fc120 <unknown>
#17 0x561460a0bf44 <unknown>
#18 0x7f7e3ae94ac3 <unknown>