2024-05-09 05:44:01 ERROR Elements not present after 0.5 seconds on page: https://capital.com/trading/platform/charting/109779364172996?ids=14727996908852420,21642868485608644,1356582600398020,1378684589252,6778300206765252,1338990414353604,1147941679092932,14888297973241028,15871553426248900,25966448853734596,8042944737137860,8149335372027076,339852172285124,10380321774195908,3524012076520644,358500920284356,11296468363203780,22855552501634244,109779364172996
2024-05-09 05:44:01 ERROR 
Traceback (most recent call last):
  File "/home/runner/work/TestCapitalComPySe/TestCapitalComPySe/pages/base_page.py", line 86, in inner_function
    return func(*args, **kwargs)
           ^^^^^^^^^^^^^^^^^^^^^
  File "/home/runner/work/TestCapitalComPySe/TestCapitalComPySe/pages/base_page.py", line 305, in element_is_visible
    return Wait(self.driver, timeout).until(
           ^^^^^^^^^^^^^^^^^^^^^^^^^^^^^^^^^
  File "/home/runner/.cache/pypoetry/virtualenvs/testcapitalcompyse-CcJ6hTD8-py3.12/lib/python3.12/site-packages/selenium/webdriver/support/wait.py", line 105, in until
    raise TimeoutException(message, screen, stacktrace)
selenium.common.exceptions.TimeoutException: Message: 
Stacktrace:
#0 0x56004eb34df3 <unknown>
#1 0x56004e8234e7 <unknown>
#2 0x56004e86e35d <unknown>
#3 0x56004e86e411 <unknown>
#4 0x56004e8b1774 <unknown>
#5 0x56004e89047d <unknown>
#6 0x56004e8aec29 <unknown>
#7 0x56004e8901f3 <unknown>
#8 0x56004e86128a <unknown>
#9 0x56004e861c5e <unknown>
#10 0x56004eaf911b <unknown>
#11 0x56004eafd06b <unknown>
#12 0x56004eae5231 <unknown>
#13 0x56004eafdbd2 <unknown>
#14 0x56004eaca0ef <unknown>
#15 0x56004eb23f48 <unknown>
#16 0x56004eb24120 <unknown>
#17 0x56004eb33f44 <unknown>
#18 0x7f9b3d294ac3 <unknown>

2024-05-09 05:44:04 ERROR Elements not present after 0.5 seconds on page: https://capital.com/trading/platform/charting/109779364172996?ids=14727996908852420,21642868485608644,1356582600398020,1378684589252,6778300206765252,1338990414353604,1147941679092932,14888297973241028,15871553426248900,25966448853734596,8042944737137860,8149335372027076,339852172285124,10380321774195908,3524012076520644,358500920284356,11296468363203780,22855552501634244,109779364172996
2024-05-09 05:44:04 ERROR 
Traceback (most recent call last):
  File "/home/runner/work/TestCapitalComPySe/TestCapitalComPySe/pages/base_page.py", line 86, in inner_function
    return func(*args, **kwargs)
           ^^^^^^^^^^^^^^^^^^^^^
  File "/home/runner/work/TestCapitalComPySe/TestCapitalComPySe/pages/base_page.py", line 305, in element_is_visible
    return Wait(self.driver, timeout).until(
           ^^^^^^^^^^^^^^^^^^^^^^^^^^^^^^^^^
  File "/home/runner/.cache/pypoetry/virtualenvs/testcapitalcompyse-CcJ6hTD8-py3.12/lib/python3.12/site-packages/selenium/webdriver/support/wait.py", line 105, in until
    raise TimeoutException(message, screen, stacktrace)
selenium.common.exceptions.TimeoutException: Message: 
Stacktrace:
#0 0x56004eb34df3 <unknown>
#1 0x56004e8234e7 <unknown>
#2 0x56004e86e35d <unknown>
#3 0x56004e86e411 <unknown>
#4 0x56004e8b1774 <unknown>
#5 0x56004e89047d <unknown>
#6 0x56004e8aec29 <unknown>
#7 0x56004e8901f3 <unknown>
#8 0x56004e86128a <unknown>
#9 0x56004e861c5e <unknown>
#10 0x56004eaf911b <unknown>
#11 0x56004eafd06b <unknown>
#12 0x56004eae5231 <unknown>
#13 0x56004eafdbd2 <unknown>
#14 0x56004eaca0ef <unknown>
#15 0x56004eb23f48 <unknown>
#16 0x56004eb24120 <unknown>
#17 0x56004eb33f44 <unknown>
#18 0x7f9b3d294ac3 <unknown>

2024-05-09 05:44:10 ERROR Elements not present after 0.5 seconds on page: https://capital.com/trading/platform/charting/1356582600398020?ids=14727996908852420,21642868485608644,1356582600398020,1378684589252,6778300206765252,1338990414353604,1147941679092932,14888297973241028,15871553426248900,25966448853734596,8042944737137860,8149335372027076,339852172285124,10380321774195908,3524012076520644,358500920284356,11296468363203780,22855552501634244,109779364172996
2024-05-09 05:44:10 ERROR 
Traceback (most recent call last):
  File "/home/runner/work/TestCapitalComPySe/TestCapitalComPySe/pages/base_page.py", line 86, in inner_function
    return func(*args, **kwargs)
           ^^^^^^^^^^^^^^^^^^^^^
  File "/home/runner/work/TestCapitalComPySe/TestCapitalComPySe/pages/base_page.py", line 305, in element_is_visible
    return Wait(self.driver, timeout).until(
           ^^^^^^^^^^^^^^^^^^^^^^^^^^^^^^^^^
  File "/home/runner/.cache/pypoetry/virtualenvs/testcapitalcompyse-CcJ6hTD8-py3.12/lib/python3.12/site-packages/selenium/webdriver/support/wait.py", line 105, in until
    raise TimeoutException(message, screen, stacktrace)
selenium.common.exceptions.TimeoutException: Message: 
Stacktrace:
#0 0x56004eb34df3 <unknown>
#1 0x56004e8234e7 <unknown>
#2 0x56004e86e35d <unknown>
#3 0x56004e86e411 <unknown>
#4 0x56004e8b1774 <unknown>
#5 0x56004e89047d <unknown>
#6 0x56004e8aec29 <unknown>
#7 0x56004e8901f3 <unknown>
#8 0x56004e86128a <unknown>
#9 0x56004e861c5e <unknown>
#10 0x56004eaf911b <unknown>
#11 0x56004eafd06b <unknown>
#12 0x56004eae5231 <unknown>
#13 0x56004eafdbd2 <unknown>
#14 0x56004eaca0ef <unknown>
#15 0x56004eb23f48 <unknown>
#16 0x56004eb24120 <unknown>
#17 0x56004eb33f44 <unknown>
#18 0x7f9b3d294ac3 <unknown>

2024-05-09 05:44:13 ERROR Elements not present after 0.5 seconds on page: https://capital.com/trading/platform/charting/1356582600398020?ids=14727996908852420,21642868485608644,1356582600398020,1378684589252,6778300206765252,1338990414353604,1147941679092932,14888297973241028,15871553426248900,25966448853734596,8042944737137860,8149335372027076,339852172285124,10380321774195908,3524012076520644,358500920284356,11296468363203780,22855552501634244,109779364172996
2024-05-09 05:44:13 ERROR 
Traceback (most recent call last):
  File "/home/runner/work/TestCapitalComPySe/TestCapitalComPySe/pages/base_page.py", line 86, in inner_function
    return func(*args, **kwargs)
           ^^^^^^^^^^^^^^^^^^^^^
  File "/home/runner/work/TestCapitalComPySe/TestCapitalComPySe/pages/base_page.py", line 305, in element_is_visible
    return Wait(self.driver, timeout).until(
           ^^^^^^^^^^^^^^^^^^^^^^^^^^^^^^^^^
  File "/home/runner/.cache/pypoetry/virtualenvs/testcapitalcompyse-CcJ6hTD8-py3.12/lib/python3.12/site-packages/selenium/webdriver/support/wait.py", line 105, in until
    raise TimeoutException(message, screen, stacktrace)
selenium.common.exceptions.TimeoutException: Message: 
Stacktrace:
#0 0x56004eb34df3 <unknown>
#1 0x56004e8234e7 <unknown>
#2 0x56004e86e35d <unknown>
#3 0x56004e86e411 <unknown>
#4 0x56004e8b1774 <unknown>
#5 0x56004e89047d <unknown>
#6 0x56004e8aec29 <unknown>
#7 0x56004e8901f3 <unknown>
#8 0x56004e86128a <unknown>
#9 0x56004e861c5e <unknown>
#10 0x56004eaf911b <unknown>
#11 0x56004eafd06b <unknown>
#12 0x56004eae5231 <unknown>
#13 0x56004eafdbd2 <unknown>
#14 0x56004eaca0ef <unknown>
#15 0x56004eb23f48 <unknown>
#16 0x56004eb24120 <unknown>
#17 0x56004eb33f44 <unknown>
#18 0x7f9b3d294ac3 <unknown>