2024-01-16 06:41:24 ERROR Elements not present after 0.5 seconds on page: https://capital.com/it/trading-su-azioni
2024-01-16 06:41:24 ERROR 
Traceback (most recent call last):
  File "/home/runner/work/TestCapitalComPySe/TestCapitalComPySe/pages/base_page.py", line 82, in inner_function
    return func(*args, **kwargs)
           ^^^^^^^^^^^^^^^^^^^^^
  File "/home/runner/work/TestCapitalComPySe/TestCapitalComPySe/pages/base_page.py", line 293, in element_is_visible
    return Wait(self.browser, timeout).until(
           ^^^^^^^^^^^^^^^^^^^^^^^^^^^^^^^^^^
  File "/home/runner/.cache/pypoetry/virtualenvs/testcapitalcom-CcJ6hTD8-py3.11/lib/python3.11/site-packages/selenium/webdriver/support/wait.py", line 105, in until
    raise TimeoutException(message, screen, stacktrace)
selenium.common.exceptions.TimeoutException: Message: 
Stacktrace:
#0 0x55a65ef54f83 <unknown>
#1 0x55a65ec0dcf7 <unknown>
#2 0x55a65ec5d99e <unknown>
#3 0x55a65ec5daa1 <unknown>
#4 0x55a65eca8d64 <unknown>
#5 0x55a65ec870dd <unknown>
#6 0x55a65eca6006 <unknown>
#7 0x55a65ec86e53 <unknown>
#8 0x55a65ec4edd4 <unknown>
#9 0x55a65ec501de <unknown>
#10 0x55a65ef19531 <unknown>
#11 0x55a65ef1d455 <unknown>
#12 0x55a65ef05f55 <unknown>
#13 0x55a65ef1e0ef <unknown>
#14 0x55a65eee999f <unknown>
#15 0x55a65ef42008 <unknown>
#16 0x55a65ef421d7 <unknown>
#17 0x55a65ef54124 <unknown>
#18 0x7fd703a94ac3 <unknown>

2024-01-16 06:42:04 ERROR Elements not present after 0.5 seconds on page: https://capital.com/trading/platform/
2024-01-16 06:42:04 ERROR 
Traceback (most recent call last):
  File "/home/runner/work/TestCapitalComPySe/TestCapitalComPySe/pages/base_page.py", line 82, in inner_function
    return func(*args, **kwargs)
           ^^^^^^^^^^^^^^^^^^^^^
  File "/home/runner/work/TestCapitalComPySe/TestCapitalComPySe/pages/base_page.py", line 293, in element_is_visible
    return Wait(self.browser, timeout).until(
           ^^^^^^^^^^^^^^^^^^^^^^^^^^^^^^^^^^
  File "/home/runner/.cache/pypoetry/virtualenvs/testcapitalcom-CcJ6hTD8-py3.11/lib/python3.11/site-packages/selenium/webdriver/support/wait.py", line 105, in until
    raise TimeoutException(message, screen, stacktrace)
selenium.common.exceptions.TimeoutException: Message: 
Stacktrace:
#0 0x55a65ef54f83 <unknown>
#1 0x55a65ec0dcf7 <unknown>
#2 0x55a65ec5d99e <unknown>
#3 0x55a65ec5daa1 <unknown>
#4 0x55a65eca8d64 <unknown>
#5 0x55a65ec870dd <unknown>
#6 0x55a65eca6006 <unknown>
#7 0x55a65ec86e53 <unknown>
#8 0x55a65ec4edd4 <unknown>
#9 0x55a65ec501de <unknown>
#10 0x55a65ef19531 <unknown>
#11 0x55a65ef1d455 <unknown>
#12 0x55a65ef05f55 <unknown>
#13 0x55a65ef1e0ef <unknown>
#14 0x55a65eee999f <unknown>
#15 0x55a65ef42008 <unknown>
#16 0x55a65ef421d7 <unknown>
#17 0x55a65ef54124 <unknown>
#18 0x7fd703a94ac3 <unknown>