2023-12-20 02:07:26 ERROR Unable to initialize WebDriver
2023-12-20 02:07:26 ERROR 
Traceback (most recent call last):
  File "/home/runner/work/TestCapitalComPySe/TestCapitalComPySe/pages/base_page.py", line 82, in inner_function
    return func(*args, **kwargs)
           ^^^^^^^^^^^^^^^^^^^^^
  File "/home/runner/work/TestCapitalComPySe/TestCapitalComPySe/pages/base_page.py", line 394, in element_is_visible
    return Wait(self.browser, timeout).until(
           ^^^^^^^^^^^^^^^^^^^^^^^^^^^^^^^^^^
  File "/home/runner/.cache/pypoetry/virtualenvs/testcapitalcom-CcJ6hTD8-py3.11/lib/python3.11/site-packages/selenium/webdriver/support/wait.py", line 105, in until
    raise TimeoutException(message, screen, stacktrace)
selenium.common.exceptions.TimeoutException: Message: 
Stacktrace:
#0 0x560b8e208f83 <unknown>
#1 0x560b8dec1cf7 <unknown>
#2 0x560b8df1199e <unknown>
#3 0x560b8df11aa1 <unknown>
#4 0x560b8df5cd64 <unknown>
#5 0x560b8df3b0dd <unknown>
#6 0x560b8df5a006 <unknown>
#7 0x560b8df3ae53 <unknown>
#8 0x560b8df02dd4 <unknown>
#9 0x560b8df041de <unknown>
#10 0x560b8e1cd531 <unknown>
#11 0x560b8e1d1455 <unknown>
#12 0x560b8e1b9f55 <unknown>
#13 0x560b8e1d20ef <unknown>
#14 0x560b8e19d99f <unknown>
#15 0x560b8e1f6008 <unknown>
#16 0x560b8e1f61d7 <unknown>
#17 0x560b8e208124 <unknown>
#18 0x7f0d11894ac3 <unknown>