2024-09-19 04:11:47 ERROR Elements not present after 0.5 seconds on page: https://capital.com/market-analysis
2024-09-19 04:11:47 ERROR Can't click element by locator ('xpath', "//a [@class='main-article-item__thumb'][8]")
Traceback (most recent call last):
  File "/home/runner/work/TestCapitalComPySe/TestCapitalComPySe/pages/base_page.py", line 86, in inner_function
    return func(*args, **kwargs)
           ^^^^^^^^^^^^^^^^^^^^^
  File "/home/runner/work/TestCapitalComPySe/TestCapitalComPySe/pages/base_page.py", line 386, in element_is_clickable
    return Wait(self.driver, timeout).until(
           ^^^^^^^^^^^^^^^^^^^^^^^^^^^^^^^^^
  File "/home/runner/.cache/pypoetry/virtualenvs/testcapitalcompyse-CcJ6hTD8-py3.12/lib/python3.12/site-packages/selenium/webdriver/support/wait.py", line 105, in until
    raise TimeoutException(message, screen, stacktrace)
selenium.common.exceptions.TimeoutException: Message: Can't click element by locator ('xpath', "//a [@class='main-article-item__thumb'][8]")
Stacktrace:
#0 0x563418c022da <unknown>
#1 0x5634188d0200 <unknown>
#2 0x56341891faa2 <unknown>
#3 0x56341891fd41 <unknown>
#4 0x563418965964 <unknown>
#5 0x5634189448fd <unknown>
#6 0x563418962dfd <unknown>
#7 0x563418944673 <unknown>
#8 0x563418912473 <unknown>
#9 0x56341891347e <unknown>
#10 0x563418bc90db <unknown>
#11 0x563418bcd071 <unknown>
#12 0x563418bb59d5 <unknown>
#13 0x563418bcdbf2 <unknown>
#14 0x563418b9ab6f <unknown>
#15 0x563418bf1248 <unknown>
#16 0x563418bf1417 <unknown>
#17 0x563418c010cc <unknown>
#18 0x7fa228c94ac3 <unknown>

2024-09-19 04:12:07 ERROR Elements not present after 0.5 seconds on page: https://capital.com/market-analysis
2024-09-19 04:12:07 ERROR Can't click element by locator ('xpath', "//a [@class='main-article-item__thumb'][13]")
Traceback (most recent call last):
  File "/home/runner/work/TestCapitalComPySe/TestCapitalComPySe/pages/base_page.py", line 86, in inner_function
    return func(*args, **kwargs)
           ^^^^^^^^^^^^^^^^^^^^^
  File "/home/runner/work/TestCapitalComPySe/TestCapitalComPySe/pages/base_page.py", line 386, in element_is_clickable
    return Wait(self.driver, timeout).until(
           ^^^^^^^^^^^^^^^^^^^^^^^^^^^^^^^^^
  File "/home/runner/.cache/pypoetry/virtualenvs/testcapitalcompyse-CcJ6hTD8-py3.12/lib/python3.12/site-packages/selenium/webdriver/support/wait.py", line 105, in until
    raise TimeoutException(message, screen, stacktrace)
selenium.common.exceptions.TimeoutException: Message: Can't click element by locator ('xpath', "//a [@class='main-article-item__thumb'][13]")
Stacktrace:
#0 0x563418c022da <unknown>
#1 0x5634188d0200 <unknown>
#2 0x56341891faa2 <unknown>
#3 0x56341891fd41 <unknown>
#4 0x563418965964 <unknown>
#5 0x5634189448fd <unknown>
#6 0x563418962dfd <unknown>
#7 0x563418944673 <unknown>
#8 0x563418912473 <unknown>
#9 0x56341891347e <unknown>
#10 0x563418bc90db <unknown>
#11 0x563418bcd071 <unknown>
#12 0x563418bb59d5 <unknown>
#13 0x563418bcdbf2 <unknown>
#14 0x563418b9ab6f <unknown>
#15 0x563418bf1248 <unknown>
#16 0x563418bf1417 <unknown>
#17 0x563418c010cc <unknown>
#18 0x7fa228c94ac3 <unknown>

2024-09-19 04:12:25 ERROR Elements not present after 0.5 seconds on page: https://capital.com/market-analysis
2024-09-19 04:12:25 ERROR Can't click element by locator ('xpath', "//a [@class='main-article-item__thumb'][5]")
Traceback (most recent call last):
  File "/home/runner/work/TestCapitalComPySe/TestCapitalComPySe/pages/base_page.py", line 86, in inner_function
    return func(*args, **kwargs)
           ^^^^^^^^^^^^^^^^^^^^^
  File "/home/runner/work/TestCapitalComPySe/TestCapitalComPySe/pages/base_page.py", line 386, in element_is_clickable
    return Wait(self.driver, timeout).until(
           ^^^^^^^^^^^^^^^^^^^^^^^^^^^^^^^^^
  File "/home/runner/.cache/pypoetry/virtualenvs/testcapitalcompyse-CcJ6hTD8-py3.12/lib/python3.12/site-packages/selenium/webdriver/support/wait.py", line 105, in until
    raise TimeoutException(message, screen, stacktrace)
selenium.common.exceptions.TimeoutException: Message: Can't click element by locator ('xpath', "//a [@class='main-article-item__thumb'][5]")
Stacktrace:
#0 0x563418c022da <unknown>
#1 0x5634188d0200 <unknown>
#2 0x56341891faa2 <unknown>
#3 0x56341891fd41 <unknown>
#4 0x563418965964 <unknown>
#5 0x5634189448fd <unknown>
#6 0x563418962dfd <unknown>
#7 0x563418944673 <unknown>
#8 0x563418912473 <unknown>
#9 0x56341891347e <unknown>
#10 0x563418bc90db <unknown>
#11 0x563418bcd071 <unknown>
#12 0x563418bb59d5 <unknown>
#13 0x563418bcdbf2 <unknown>
#14 0x563418b9ab6f <unknown>
#15 0x563418bf1248 <unknown>
#16 0x563418bf1417 <unknown>
#17 0x563418c010cc <unknown>
#18 0x7fa228c94ac3 <unknown>

2024-09-19 04:12:44 ERROR Elements not present after 0.5 seconds on page: https://capital.com/market-analysis
2024-09-19 04:12:44 ERROR Can't click element by locator ('xpath', "//a [@class='main-article-item__thumb'][9]")
Traceback (most recent call last):
  File "/home/runner/work/TestCapitalComPySe/TestCapitalComPySe/pages/base_page.py", line 86, in inner_function
    return func(*args, **kwargs)
           ^^^^^^^^^^^^^^^^^^^^^
  File "/home/runner/work/TestCapitalComPySe/TestCapitalComPySe/pages/base_page.py", line 386, in element_is_clickable
    return Wait(self.driver, timeout).until(
           ^^^^^^^^^^^^^^^^^^^^^^^^^^^^^^^^^
  File "/home/runner/.cache/pypoetry/virtualenvs/testcapitalcompyse-CcJ6hTD8-py3.12/lib/python3.12/site-packages/selenium/webdriver/support/wait.py", line 105, in until
    raise TimeoutException(message, screen, stacktrace)
selenium.common.exceptions.TimeoutException: Message: Can't click element by locator ('xpath', "//a [@class='main-article-item__thumb'][9]")
Stacktrace:
#0 0x563418c022da <unknown>
#1 0x5634188d0200 <unknown>
#2 0x56341891faa2 <unknown>
#3 0x56341891fd41 <unknown>
#4 0x563418965964 <unknown>
#5 0x5634189448fd <unknown>
#6 0x563418962dfd <unknown>
#7 0x563418944673 <unknown>
#8 0x563418912473 <unknown>
#9 0x56341891347e <unknown>
#10 0x563418bc90db <unknown>
#11 0x563418bcd071 <unknown>
#12 0x563418bb59d5 <unknown>
#13 0x563418bcdbf2 <unknown>
#14 0x563418b9ab6f <unknown>
#15 0x563418bf1248 <unknown>
#16 0x563418bf1417 <unknown>
#17 0x563418c010cc <unknown>
#18 0x7fa228c94ac3 <unknown>

2024-09-19 04:12:58 ERROR Elements not present after 0.5 seconds on page: https://capital.com/market-analysis
2024-09-19 04:12:58 ERROR Can't click element by locator ('xpath', "//a [@class='main-article-item__thumb'][10]")
Traceback (most recent call last):
  File "/home/runner/work/TestCapitalComPySe/TestCapitalComPySe/pages/base_page.py", line 86, in inner_function
    return func(*args, **kwargs)
           ^^^^^^^^^^^^^^^^^^^^^
  File "/home/runner/work/TestCapitalComPySe/TestCapitalComPySe/pages/base_page.py", line 386, in element_is_clickable
    return Wait(self.driver, timeout).until(
           ^^^^^^^^^^^^^^^^^^^^^^^^^^^^^^^^^
  File "/home/runner/.cache/pypoetry/virtualenvs/testcapitalcompyse-CcJ6hTD8-py3.12/lib/python3.12/site-packages/selenium/webdriver/support/wait.py", line 105, in until
    raise TimeoutException(message, screen, stacktrace)
selenium.common.exceptions.TimeoutException: Message: Can't click element by locator ('xpath', "//a [@class='main-article-item__thumb'][10]")
Stacktrace:
#0 0x563418c022da <unknown>
#1 0x5634188d0200 <unknown>
#2 0x56341891faa2 <unknown>
#3 0x56341891fd41 <unknown>
#4 0x563418965964 <unknown>
#5 0x5634189448fd <unknown>
#6 0x563418962dfd <unknown>
#7 0x563418944673 <unknown>
#8 0x563418912473 <unknown>
#9 0x56341891347e <unknown>
#10 0x563418bc90db <unknown>
#11 0x563418bcd071 <unknown>
#12 0x563418bb59d5 <unknown>
#13 0x563418bcdbf2 <unknown>
#14 0x563418b9ab6f <unknown>
#15 0x563418bf1248 <unknown>
#16 0x563418bf1417 <unknown>
#17 0x563418c010cc <unknown>
#18 0x7fa228c94ac3 <unknown>

2024-09-19 04:13:17 ERROR Elements not present after 0.5 seconds on page: https://capital.com/market-analysis
2024-09-19 04:13:17 ERROR Can't click element by locator ('xpath', "//a [@class='main-article-item__thumb'][11]")
Traceback (most recent call last):
  File "/home/runner/work/TestCapitalComPySe/TestCapitalComPySe/pages/base_page.py", line 86, in inner_function
    return func(*args, **kwargs)
           ^^^^^^^^^^^^^^^^^^^^^
  File "/home/runner/work/TestCapitalComPySe/TestCapitalComPySe/pages/base_page.py", line 386, in element_is_clickable
    return Wait(self.driver, timeout).until(
           ^^^^^^^^^^^^^^^^^^^^^^^^^^^^^^^^^
  File "/home/runner/.cache/pypoetry/virtualenvs/testcapitalcompyse-CcJ6hTD8-py3.12/lib/python3.12/site-packages/selenium/webdriver/support/wait.py", line 105, in until
    raise TimeoutException(message, screen, stacktrace)
selenium.common.exceptions.TimeoutException: Message: Can't click element by locator ('xpath', "//a [@class='main-article-item__thumb'][11]")
Stacktrace:
#0 0x563418c022da <unknown>
#1 0x5634188d0200 <unknown>
#2 0x56341891faa2 <unknown>
#3 0x56341891fd41 <unknown>
#4 0x563418965964 <unknown>
#5 0x5634189448fd <unknown>
#6 0x563418962dfd <unknown>
#7 0x563418944673 <unknown>
#8 0x563418912473 <unknown>
#9 0x56341891347e <unknown>
#10 0x563418bc90db <unknown>
#11 0x563418bcd071 <unknown>
#12 0x563418bb59d5 <unknown>
#13 0x563418bcdbf2 <unknown>
#14 0x563418b9ab6f <unknown>
#15 0x563418bf1248 <unknown>
#16 0x563418bf1417 <unknown>
#17 0x563418c010cc <unknown>
#18 0x7fa228c94ac3 <unknown>

2024-09-19 04:13:35 ERROR Elements not present after 0.5 seconds on page: https://capital.com/market-analysis
2024-09-19 04:13:35 ERROR Can't click element by locator ('xpath', "//a [@class='main-article-item__thumb'][6]")
Traceback (most recent call last):
  File "/home/runner/work/TestCapitalComPySe/TestCapitalComPySe/pages/base_page.py", line 86, in inner_function
    return func(*args, **kwargs)
           ^^^^^^^^^^^^^^^^^^^^^
  File "/home/runner/work/TestCapitalComPySe/TestCapitalComPySe/pages/base_page.py", line 386, in element_is_clickable
    return Wait(self.driver, timeout).until(
           ^^^^^^^^^^^^^^^^^^^^^^^^^^^^^^^^^
  File "/home/runner/.cache/pypoetry/virtualenvs/testcapitalcompyse-CcJ6hTD8-py3.12/lib/python3.12/site-packages/selenium/webdriver/support/wait.py", line 105, in until
    raise TimeoutException(message, screen, stacktrace)
selenium.common.exceptions.TimeoutException: Message: Can't click element by locator ('xpath', "//a [@class='main-article-item__thumb'][6]")
Stacktrace:
#0 0x563418c022da <unknown>
#1 0x5634188d0200 <unknown>
#2 0x56341891faa2 <unknown>
#3 0x56341891fd41 <unknown>
#4 0x563418965964 <unknown>
#5 0x5634189448fd <unknown>
#6 0x563418962dfd <unknown>
#7 0x563418944673 <unknown>
#8 0x563418912473 <unknown>
#9 0x56341891347e <unknown>
#10 0x563418bc90db <unknown>
#11 0x563418bcd071 <unknown>
#12 0x563418bb59d5 <unknown>
#13 0x563418bcdbf2 <unknown>
#14 0x563418b9ab6f <unknown>
#15 0x563418bf1248 <unknown>
#16 0x563418bf1417 <unknown>
#17 0x563418c010cc <unknown>
#18 0x7fa228c94ac3 <unknown>

2024-09-19 04:13:47 ERROR Elements not present after 0.5 seconds on page: https://capital.com/rba-meeting-preview-no-change-to-policy-expected-markets-look-for-fresh-guidance
2024-09-19 04:13:47 ERROR 
Traceback (most recent call last):
  File "/home/runner/work/TestCapitalComPySe/TestCapitalComPySe/pages/base_page.py", line 86, in inner_function
    return func(*args, **kwargs)
           ^^^^^^^^^^^^^^^^^^^^^
  File "/home/runner/work/TestCapitalComPySe/TestCapitalComPySe/pages/base_page.py", line 305, in element_is_visible
    return Wait(self.driver, timeout).until(
           ^^^^^^^^^^^^^^^^^^^^^^^^^^^^^^^^^
  File "/home/runner/.cache/pypoetry/virtualenvs/testcapitalcompyse-CcJ6hTD8-py3.12/lib/python3.12/site-packages/selenium/webdriver/support/wait.py", line 105, in until
    raise TimeoutException(message, screen, stacktrace)
selenium.common.exceptions.TimeoutException: Message: