2024-04-15 15:20:57 ERROR Elements not present after 0.5 seconds on page: https://capital.com/ru/torgovlya-aktsiyami-cfd
2024-04-15 15:20:57 ERROR 
Traceback (most recent call last):
  File "/home/runner/work/TestCapitalComPySe/TestCapitalComPySe/pages/base_page.py", line 85, in inner_function
    return func(*args, **kwargs)
           ^^^^^^^^^^^^^^^^^^^^^
  File "/home/runner/work/TestCapitalComPySe/TestCapitalComPySe/pages/base_page.py", line 304, in element_is_visible
    return Wait(self.driver, timeout).until(
           ^^^^^^^^^^^^^^^^^^^^^^^^^^^^^^^^^
  File "/home/runner/.cache/pypoetry/virtualenvs/testcapitalcompyse-CcJ6hTD8-py3.12/lib/python3.12/site-packages/selenium/webdriver/support/wait.py", line 105, in until
    raise TimeoutException(message, screen, stacktrace)
selenium.common.exceptions.TimeoutException: Message: 
Stacktrace:
#0 0x55f855aea863 <unknown>
#1 0x55f8557e08c6 <unknown>
#2 0x55f85582b618 <unknown>
#3 0x55f85582b6d1 <unknown>
#4 0x55f85586e744 <unknown>
#5 0x55f85584d5cd <unknown>
#6 0x55f85586bc19 <unknown>
#7 0x55f85584d343 <unknown>
#8 0x55f85581e593 <unknown>
#9 0x55f85581ef5e <unknown>
#10 0x55f855aae84b <unknown>
#11 0x55f855ab27a5 <unknown>
#12 0x55f855a9c571 <unknown>
#13 0x55f855ab3332 <unknown>
#14 0x55f855a8187f <unknown>
#15 0x55f855ad9728 <unknown>
#16 0x55f855ad98fb <unknown>
#17 0x55f855ae99b4 <unknown>
#18 0x7fe1d2294ac3 <unknown>