2024-05-05 16:35:03 ERROR Elements not present after 0.5 seconds on page: https://capital.com/cn/derivative-financial-instruments
2024-05-05 16:35:03 ERROR 
Traceback (most recent call last):
  File "/home/runner/work/TestCapitalComPySe/TestCapitalComPySe/pages/base_page.py", line 86, in inner_function
    return func(*args, **kwargs)
           ^^^^^^^^^^^^^^^^^^^^^
  File "/home/runner/work/TestCapitalComPySe/TestCapitalComPySe/pages/base_page.py", line 305, in element_is_visible
    return Wait(self.driver, timeout).until(
           ^^^^^^^^^^^^^^^^^^^^^^^^^^^^^^^^^
  File "/home/runner/.cache/pypoetry/virtualenvs/testcapitalcompyse-CcJ6hTD8-py3.12/lib/python3.12/site-packages/selenium/webdriver/support/wait.py", line 105, in until
    raise TimeoutException(message, screen, stacktrace)
selenium.common.exceptions.TimeoutException: Message: 
Stacktrace:
#0 0x5562c572fcb3 <unknown>
#1 0x5562c541e4a7 <unknown>
#2 0x5562c546931d <unknown>
#3 0x5562c54693d1 <unknown>
#4 0x5562c54ac734 <unknown>
#5 0x5562c548b43d <unknown>
#6 0x5562c54a9be9 <unknown>
#7 0x5562c548b1b3 <unknown>
#8 0x5562c545c24a <unknown>
#9 0x5562c545cc1e <unknown>
#10 0x5562c56f3fdb <unknown>
#11 0x5562c56f7f2b <unknown>
#12 0x5562c56e00f1 <unknown>
#13 0x5562c56f8a92 <unknown>
#14 0x5562c56c4faf <unknown>
#15 0x5562c571ee08 <unknown>
#16 0x5562c571efe0 <unknown>
#17 0x5562c572ee04 <unknown>
#18 0x7f2b99294ac3 <unknown>

2024-05-05 16:35:06 ERROR Elements not present after 0.5 seconds on page: https://capital.com/cn/derivative-financial-instruments
2024-05-05 16:35:06 ERROR 
Traceback (most recent call last):
  File "/home/runner/work/TestCapitalComPySe/TestCapitalComPySe/pages/base_page.py", line 86, in inner_function
    return func(*args, **kwargs)
           ^^^^^^^^^^^^^^^^^^^^^
  File "/home/runner/work/TestCapitalComPySe/TestCapitalComPySe/pages/base_page.py", line 305, in element_is_visible
    return Wait(self.driver, timeout).until(
           ^^^^^^^^^^^^^^^^^^^^^^^^^^^^^^^^^
  File "/home/runner/.cache/pypoetry/virtualenvs/testcapitalcompyse-CcJ6hTD8-py3.12/lib/python3.12/site-packages/selenium/webdriver/support/wait.py", line 105, in until
    raise TimeoutException(message, screen, stacktrace)
selenium.common.exceptions.TimeoutException: Message: 
Stacktrace:
#0 0x5562c572fcb3 <unknown>
#1 0x5562c541e4a7 <unknown>
#2 0x5562c546931d <unknown>
#3 0x5562c54693d1 <unknown>
#4 0x5562c54ac734 <unknown>
#5 0x5562c548b43d <unknown>
#6 0x5562c54a9be9 <unknown>
#7 0x5562c548b1b3 <unknown>
#8 0x5562c545c24a <unknown>
#9 0x5562c545cc1e <unknown>
#10 0x5562c56f3fdb <unknown>
#11 0x5562c56f7f2b <unknown>
#12 0x5562c56e00f1 <unknown>
#13 0x5562c56f8a92 <unknown>
#14 0x5562c56c4faf <unknown>
#15 0x5562c571ee08 <unknown>
#16 0x5562c571efe0 <unknown>
#17 0x5562c572ee04 <unknown>
#18 0x7f2b99294ac3 <unknown>

2024-05-05 16:35:09 ERROR Elements not present after 0.5 seconds on page: https://capital.com/cn/derivative-financial-instruments
2024-05-05 16:35:09 ERROR 
Traceback (most recent call last):
  File "/home/runner/work/TestCapitalComPySe/TestCapitalComPySe/pages/base_page.py", line 86, in inner_function
    return func(*args, **kwargs)
           ^^^^^^^^^^^^^^^^^^^^^
  File "/home/runner/work/TestCapitalComPySe/TestCapitalComPySe/pages/base_page.py", line 305, in element_is_visible
    return Wait(self.driver, timeout).until(
           ^^^^^^^^^^^^^^^^^^^^^^^^^^^^^^^^^
  File "/home/runner/.cache/pypoetry/virtualenvs/testcapitalcompyse-CcJ6hTD8-py3.12/lib/python3.12/site-packages/selenium/webdriver/support/wait.py", line 105, in until
    raise TimeoutException(message, screen, stacktrace)
selenium.common.exceptions.TimeoutException: Message: 
Stacktrace:
#0 0x5562c572fcb3 <unknown>
#1 0x5562c541e4a7 <unknown>
#2 0x5562c546931d <unknown>
#3 0x5562c54693d1 <unknown>
#4 0x5562c54ac734 <unknown>
#5 0x5562c548b43d <unknown>
#6 0x5562c54a9be9 <unknown>
#7 0x5562c548b1b3 <unknown>
#8 0x5562c545c24a <unknown>
#9 0x5562c545cc1e <unknown>
#10 0x5562c56f3fdb <unknown>
#11 0x5562c56f7f2b <unknown>
#12 0x5562c56e00f1 <unknown>
#13 0x5562c56f8a92 <unknown>
#14 0x5562c56c4faf <unknown>
#15 0x5562c571ee08 <unknown>
#16 0x5562c571efe0 <unknown>
#17 0x5562c572ee04 <unknown>
#18 0x7f2b99294ac3 <unknown>