2024-03-20 13:08:45 ERROR Elements not present after 0.5 seconds on page: https://capital.com/ar/asear-alfurks-alan?t=fallers
2024-03-20 13:08:45 ERROR 
Traceback (most recent call last):
  File "/home/runner/work/TestCapitalComPySe/TestCapitalComPySe/pages/base_page.py", line 85, in inner_function
    return func(*args, **kwargs)
           ^^^^^^^^^^^^^^^^^^^^^
  File "/home/runner/work/TestCapitalComPySe/TestCapitalComPySe/pages/base_page.py", line 303, in element_is_visible
    return Wait(self.driver, timeout).until(
           ^^^^^^^^^^^^^^^^^^^^^^^^^^^^^^^^^
  File "/home/runner/.cache/pypoetry/virtualenvs/testcapitalcompyse-CcJ6hTD8-py3.12/lib/python3.12/site-packages/selenium/webdriver/support/wait.py", line 105, in until
    raise TimeoutException(message, screen, stacktrace)
selenium.common.exceptions.TimeoutException: Message: 
Stacktrace:
#0 0x55bf103d2f33 <unknown>
#1 0x55bf100cace6 <unknown>
#2 0x55bf10115e48 <unknown>
#3 0x55bf10115f01 <unknown>
#4 0x55bf101593f4 <unknown>
#5 0x55bf10137edd <unknown>
#6 0x55bf10156899 <unknown>
#7 0x55bf10137c53 <unknown>
#8 0x55bf10108db3 <unknown>
#9 0x55bf1010977e <unknown>
#10 0x55bf1039886b <unknown>
#11 0x55bf1039c885 <unknown>
#12 0x55bf10386181 <unknown>
#13 0x55bf1039d412 <unknown>
#14 0x55bf1036a25f <unknown>
#15 0x55bf103c1528 <unknown>
#16 0x55bf103c1723 <unknown>
#17 0x55bf103d20e4 <unknown>
#18 0x7fcda8094ac3 <unknown>