2024-07-24 18:30:35 ERROR Elements not present after 0.5 seconds on page: https://capital.com/
2024-07-24 18:30:35 ERROR 
Traceback (most recent call last):
  File "/home/runner/work/TestCapitalComPySe/TestCapitalComPySe/pages/base_page.py", line 86, in inner_function
    return func(*args, **kwargs)
           ^^^^^^^^^^^^^^^^^^^^^
  File "/home/runner/work/TestCapitalComPySe/TestCapitalComPySe/pages/base_page.py", line 305, in element_is_visible
    return Wait(self.driver, timeout).until(
           ^^^^^^^^^^^^^^^^^^^^^^^^^^^^^^^^^
  File "/home/runner/.cache/pypoetry/virtualenvs/testcapitalcompyse-CcJ6hTD8-py3.12/lib/python3.12/site-packages/selenium/webdriver/support/wait.py", line 105, in until
    raise TimeoutException(message, screen, stacktrace)
selenium.common.exceptions.TimeoutException: Message: 
Stacktrace:
#0 0x563216a52c5a <unknown>
#1 0x563216735e2c <unknown>
#2 0x563216782661 <unknown>
#3 0x563216782751 <unknown>
#4 0x5632167c6f64 <unknown>
#5 0x5632167a55ed <unknown>
#6 0x5632167c4303 <unknown>
#7 0x5632167a5363 <unknown>
#8 0x563216775247 <unknown>
#9 0x563216775b9e <unknown>
#10 0x563216a1922b <unknown>
#11 0x563216a1d2d1 <unknown>
#12 0x563216a04ade <unknown>
#13 0x563216a1de32 <unknown>
#14 0x5632169e977f <unknown>
#15 0x563216a42618 <unknown>
#16 0x563216a427f0 <unknown>
#17 0x563216a51d8c <unknown>
#18 0x7fa128294ac3 <unknown>