2023-12-23 11:20:21 ERROR Unable to initialize WebDriver
2023-12-23 11:20:21 ERROR 
Traceback (most recent call last):
  File "/home/runner/work/TestCapitalComPySe/TestCapitalComPySe/pages/base_page.py", line 82, in inner_function
    return func(*args, **kwargs)
           ^^^^^^^^^^^^^^^^^^^^^
  File "/home/runner/work/TestCapitalComPySe/TestCapitalComPySe/pages/base_page.py", line 394, in element_is_visible
    return Wait(self.browser, timeout).until(
           ^^^^^^^^^^^^^^^^^^^^^^^^^^^^^^^^^^
  File "/home/runner/.cache/pypoetry/virtualenvs/testcapitalcom-CcJ6hTD8-py3.11/lib/python3.11/site-packages/selenium/webdriver/support/wait.py", line 105, in until
    raise TimeoutException(message, screen, stacktrace)
selenium.common.exceptions.TimeoutException: Message: 
Stacktrace:
#0 0x563f981a6f83 <unknown>
#1 0x563f97e5fcf7 <unknown>
#2 0x563f97eaf99e <unknown>
#3 0x563f97eafaa1 <unknown>
#4 0x563f97efad64 <unknown>
#5 0x563f97ed90dd <unknown>
#6 0x563f97ef8006 <unknown>
#7 0x563f97ed8e53 <unknown>
#8 0x563f97ea0dd4 <unknown>
#9 0x563f97ea21de <unknown>
#10 0x563f9816b531 <unknown>
#11 0x563f9816f455 <unknown>
#12 0x563f98157f55 <unknown>
#13 0x563f981700ef <unknown>
#14 0x563f9813b99f <unknown>
#15 0x563f98194008 <unknown>
#16 0x563f981941d7 <unknown>
#17 0x563f981a6124 <unknown>
#18 0x7f53d2294ac3 <unknown>

2023-12-23 11:20:25 ERROR Unable to initialize WebDriver
2023-12-23 11:20:25 ERROR 
Traceback (most recent call last):
  File "/home/runner/work/TestCapitalComPySe/TestCapitalComPySe/pages/base_page.py", line 82, in inner_function
    return func(*args, **kwargs)
           ^^^^^^^^^^^^^^^^^^^^^
  File "/home/runner/work/TestCapitalComPySe/TestCapitalComPySe/pages/base_page.py", line 394, in element_is_visible
    return Wait(self.browser, timeout).until(
           ^^^^^^^^^^^^^^^^^^^^^^^^^^^^^^^^^^
  File "/home/runner/.cache/pypoetry/virtualenvs/testcapitalcom-CcJ6hTD8-py3.11/lib/python3.11/site-packages/selenium/webdriver/support/wait.py", line 105, in until
    raise TimeoutException(message, screen, stacktrace)
selenium.common.exceptions.TimeoutException: Message: 
Stacktrace:
#0 0x563f981a6f83 <unknown>
#1 0x563f97e5fcf7 <unknown>
#2 0x563f97eaf99e <unknown>
#3 0x563f97eafaa1 <unknown>
#4 0x563f97efad64 <unknown>
#5 0x563f97ed90dd <unknown>
#6 0x563f97ef8006 <unknown>
#7 0x563f97ed8e53 <unknown>
#8 0x563f97ea0dd4 <unknown>
#9 0x563f97ea21de <unknown>
#10 0x563f9816b531 <unknown>
#11 0x563f9816f455 <unknown>
#12 0x563f98157f55 <unknown>
#13 0x563f981700ef <unknown>
#14 0x563f9813b99f <unknown>
#15 0x563f98194008 <unknown>
#16 0x563f981941d7 <unknown>
#17 0x563f981a6124 <unknown>
#18 0x7f53d2294ac3 <unknown>