2024-03-21 08:30:55 ERROR Elements not present after 0.5 seconds on page: https://capital.com/es/trade-disney
2024-03-21 08:30:55 ERROR 
Traceback (most recent call last):
  File "/home/runner/work/TestCapitalComPySe/TestCapitalComPySe/pages/base_page.py", line 85, in inner_function
    return func(*args, **kwargs)
           ^^^^^^^^^^^^^^^^^^^^^
  File "/home/runner/work/TestCapitalComPySe/TestCapitalComPySe/pages/base_page.py", line 303, in element_is_visible
    return Wait(self.driver, timeout).until(
           ^^^^^^^^^^^^^^^^^^^^^^^^^^^^^^^^^
  File "/home/runner/.cache/pypoetry/virtualenvs/testcapitalcompyse-CcJ6hTD8-py3.12/lib/python3.12/site-packages/selenium/webdriver/support/wait.py", line 105, in until
    raise TimeoutException(message, screen, stacktrace)
selenium.common.exceptions.TimeoutException: Message: 
Stacktrace:
#0 0x5575322e7f33 <unknown>
#1 0x557531fdfce6 <unknown>
#2 0x55753202ae48 <unknown>
#3 0x55753202af01 <unknown>
#4 0x55753206e3f4 <unknown>
#5 0x55753204cedd <unknown>
#6 0x55753206b899 <unknown>
#7 0x55753204cc53 <unknown>
#8 0x55753201ddb3 <unknown>
#9 0x55753201e77e <unknown>
#10 0x5575322ad86b <unknown>
#11 0x5575322b1885 <unknown>
#12 0x55753229b181 <unknown>
#13 0x5575322b2412 <unknown>
#14 0x55753227f25f <unknown>
#15 0x5575322d6528 <unknown>
#16 0x5575322d6723 <unknown>
#17 0x5575322e70e4 <unknown>
#18 0x7f222a694ac3 <unknown>

2024-03-21 08:31:03 ERROR Elements not present after 0.5 seconds on page: https://capital.com/trading/signup
2024-03-21 08:31:03 ERROR 
Traceback (most recent call last):
  File "/home/runner/work/TestCapitalComPySe/TestCapitalComPySe/pages/base_page.py", line 85, in inner_function
    return func(*args, **kwargs)
           ^^^^^^^^^^^^^^^^^^^^^
  File "/home/runner/work/TestCapitalComPySe/TestCapitalComPySe/pages/base_page.py", line 303, in element_is_visible
    return Wait(self.driver, timeout).until(
           ^^^^^^^^^^^^^^^^^^^^^^^^^^^^^^^^^
  File "/home/runner/.cache/pypoetry/virtualenvs/testcapitalcompyse-CcJ6hTD8-py3.12/lib/python3.12/site-packages/selenium/webdriver/support/wait.py", line 105, in until
    raise TimeoutException(message, screen, stacktrace)
selenium.common.exceptions.TimeoutException: Message: 
Stacktrace:
#0 0x5575322e7f33 <unknown>
#1 0x557531fdfce6 <unknown>
#2 0x55753202ae48 <unknown>
#3 0x55753202af01 <unknown>
#4 0x55753206e3f4 <unknown>
#5 0x55753204cedd <unknown>
#6 0x55753206b899 <unknown>
#7 0x55753204cc53 <unknown>
#8 0x55753201ddb3 <unknown>
#9 0x55753201e77e <unknown>
#10 0x5575322ad86b <unknown>
#11 0x5575322b1885 <unknown>
#12 0x55753229b181 <unknown>
#13 0x5575322b2412 <unknown>
#14 0x55753227f25f <unknown>
#15 0x5575322d6528 <unknown>
#16 0x5575322d6723 <unknown>
#17 0x5575322e70e4 <unknown>
#18 0x7f222a694ac3 <unknown>

2024-03-21 08:31:07 ERROR Elements not present after 0.5 seconds on page: https://capital.com/trading/signup
2024-03-21 08:31:07 ERROR 
Traceback (most recent call last):
  File "/home/runner/work/TestCapitalComPySe/TestCapitalComPySe/pages/base_page.py", line 85, in inner_function
    return func(*args, **kwargs)
           ^^^^^^^^^^^^^^^^^^^^^
  File "/home/runner/work/TestCapitalComPySe/TestCapitalComPySe/pages/base_page.py", line 303, in element_is_visible
    return Wait(self.driver, timeout).until(
           ^^^^^^^^^^^^^^^^^^^^^^^^^^^^^^^^^
  File "/home/runner/.cache/pypoetry/virtualenvs/testcapitalcompyse-CcJ6hTD8-py3.12/lib/python3.12/site-packages/selenium/webdriver/support/wait.py", line 105, in until
    raise TimeoutException(message, screen, stacktrace)
selenium.common.exceptions.TimeoutException: Message: 
Stacktrace:
#0 0x5575322e7f33 <unknown>
#1 0x557531fdfce6 <unknown>
#2 0x55753202ae48 <unknown>
#3 0x55753202af01 <unknown>
#4 0x55753206e3f4 <unknown>
#5 0x55753204cedd <unknown>
#6 0x55753206b899 <unknown>
#7 0x55753204cc53 <unknown>
#8 0x55753201ddb3 <unknown>
#9 0x55753201e77e <unknown>
#10 0x5575322ad86b <unknown>
#11 0x5575322b1885 <unknown>
#12 0x55753229b181 <unknown>
#13 0x5575322b2412 <unknown>
#14 0x55753227f25f <unknown>
#15 0x5575322d6528 <unknown>
#16 0x5575322d6723 <unknown>
#17 0x5575322e70e4 <unknown>
#18 0x7f222a694ac3 <unknown>

2024-03-21 08:31:10 ERROR Elements not present after 0.5 seconds on page: https://capital.com/trading/signup
2024-03-21 08:31:10 ERROR 
Traceback (most recent call last):
  File "/home/runner/work/TestCapitalComPySe/TestCapitalComPySe/pages/base_page.py", line 85, in inner_function
    return func(*args, **kwargs)
           ^^^^^^^^^^^^^^^^^^^^^
  File "/home/runner/work/TestCapitalComPySe/TestCapitalComPySe/pages/base_page.py", line 303, in element_is_visible
    return Wait(self.driver, timeout).until(
           ^^^^^^^^^^^^^^^^^^^^^^^^^^^^^^^^^
  File "/home/runner/.cache/pypoetry/virtualenvs/testcapitalcompyse-CcJ6hTD8-py3.12/lib/python3.12/site-packages/selenium/webdriver/support/wait.py", line 105, in until
    raise TimeoutException(message, screen, stacktrace)
selenium.common.exceptions.TimeoutException: Message: 
Stacktrace:
#0 0x5575322e7f33 <unknown>
#1 0x557531fdfce6 <unknown>
#2 0x55753202ae48 <unknown>
#3 0x55753202af01 <unknown>
#4 0x55753206e3f4 <unknown>
#5 0x55753204cedd <unknown>
#6 0x55753206b899 <unknown>
#7 0x55753204cc53 <unknown>
#8 0x55753201ddb3 <unknown>
#9 0x55753201e77e <unknown>
#10 0x5575322ad86b <unknown>
#11 0x5575322b1885 <unknown>
#12 0x55753229b181 <unknown>
#13 0x5575322b2412 <unknown>
#14 0x55753227f25f <unknown>
#15 0x5575322d6528 <unknown>
#16 0x5575322d6723 <unknown>
#17 0x5575322e70e4 <unknown>
#18 0x7f222a694ac3 <unknown>

2024-03-21 08:31:13 ERROR Elements not present after 0.5 seconds on page: https://capital.com/trading/signup
2024-03-21 08:31:13 ERROR 
Traceback (most recent call last):
  File "/home/runner/work/TestCapitalComPySe/TestCapitalComPySe/pages/base_page.py", line 85, in inner_function
    return func(*args, **kwargs)
           ^^^^^^^^^^^^^^^^^^^^^
  File "/home/runner/work/TestCapitalComPySe/TestCapitalComPySe/pages/base_page.py", line 303, in element_is_visible
    return Wait(self.driver, timeout).until(
           ^^^^^^^^^^^^^^^^^^^^^^^^^^^^^^^^^
  File "/home/runner/.cache/pypoetry/virtualenvs/testcapitalcompyse-CcJ6hTD8-py3.12/lib/python3.12/site-packages/selenium/webdriver/support/wait.py", line 105, in until
    raise TimeoutException(message, screen, stacktrace)
selenium.common.exceptions.TimeoutException: Message: 
Stacktrace:
#0 0x5575322e7f33 <unknown>
#1 0x557531fdfce6 <unknown>
#2 0x55753202ae48 <unknown>
#3 0x55753202af01 <unknown>
#4 0x55753206e3f4 <unknown>
#5 0x55753204cedd <unknown>
#6 0x55753206b899 <unknown>
#7 0x55753204cc53 <unknown>
#8 0x55753201ddb3 <unknown>
#9 0x55753201e77e <unknown>
#10 0x5575322ad86b <unknown>
#11 0x5575322b1885 <unknown>
#12 0x55753229b181 <unknown>
#13 0x5575322b2412 <unknown>
#14 0x55753227f25f <unknown>
#15 0x5575322d6528 <unknown>
#16 0x5575322d6723 <unknown>
#17 0x5575322e70e4 <unknown>
#18 0x7f222a694ac3 <unknown>

2024-03-21 08:31:16 ERROR Elements not present after 0.5 seconds on page: https://capital.com/trading/signup
2024-03-21 08:31:16 ERROR 
Traceback (most recent call last):
  File "/home/runner/work/TestCapitalComPySe/TestCapitalComPySe/pages/base_page.py", line 85, in inner_function
    return func(*args, **kwargs)
           ^^^^^^^^^^^^^^^^^^^^^
  File "/home/runner/work/TestCapitalComPySe/TestCapitalComPySe/pages/base_page.py", line 303, in element_is_visible
    return Wait(self.driver, timeout).until(
           ^^^^^^^^^^^^^^^^^^^^^^^^^^^^^^^^^
  File "/home/runner/.cache/pypoetry/virtualenvs/testcapitalcompyse-CcJ6hTD8-py3.12/lib/python3.12/site-packages/selenium/webdriver/support/wait.py", line 105, in until
    raise TimeoutException(message, screen, stacktrace)
selenium.common.exceptions.TimeoutException: Message: 
Stacktrace:
#0 0x5575322e7f33 <unknown>
#1 0x557531fdfce6 <unknown>
#2 0x55753202ae48 <unknown>
#3 0x55753202af01 <unknown>
#4 0x55753206e3f4 <unknown>
#5 0x55753204cedd <unknown>
#6 0x55753206b899 <unknown>
#7 0x55753204cc53 <unknown>
#8 0x55753201ddb3 <unknown>
#9 0x55753201e77e <unknown>
#10 0x5575322ad86b <unknown>
#11 0x5575322b1885 <unknown>
#12 0x55753229b181 <unknown>
#13 0x5575322b2412 <unknown>
#14 0x55753227f25f <unknown>
#15 0x5575322d6528 <unknown>
#16 0x5575322d6723 <unknown>
#17 0x5575322e70e4 <unknown>
#18 0x7f222a694ac3 <unknown>

2024-03-21 08:31:18 ERROR Elements not present after 0.5 seconds on page: https://capital.com/trading/signup
2024-03-21 08:31:18 ERROR 
Traceback (most recent call last):
  File "/home/runner/work/TestCapitalComPySe/TestCapitalComPySe/pages/base_page.py", line 85, in inner_function
    return func(*args, **kwargs)
           ^^^^^^^^^^^^^^^^^^^^^
  File "/home/runner/work/TestCapitalComPySe/TestCapitalComPySe/pages/base_page.py", line 303, in element_is_visible
    return Wait(self.driver, timeout).until(
           ^^^^^^^^^^^^^^^^^^^^^^^^^^^^^^^^^
  File "/home/runner/.cache/pypoetry/virtualenvs/testcapitalcompyse-CcJ6hTD8-py3.12/lib/python3.12/site-packages/selenium/webdriver/support/wait.py", line 105, in until
    raise TimeoutException(message, screen, stacktrace)
selenium.common.exceptions.TimeoutException: Message: 
Stacktrace:
#0 0x5575322e7f33 <unknown>
#1 0x557531fdfce6 <unknown>
#2 0x55753202ae48 <unknown>
#3 0x55753202af01 <unknown>
#4 0x55753206e3f4 <unknown>
#5 0x55753204cedd <unknown>
#6 0x55753206b899 <unknown>
#7 0x55753204cc53 <unknown>
#8 0x55753201ddb3 <unknown>
#9 0x55753201e77e <unknown>
#10 0x5575322ad86b <unknown>
#11 0x5575322b1885 <unknown>
#12 0x55753229b181 <unknown>
#13 0x5575322b2412 <unknown>
#14 0x55753227f25f <unknown>
#15 0x5575322d6528 <unknown>
#16 0x5575322d6723 <unknown>
#17 0x5575322e70e4 <unknown>
#18 0x7f222a694ac3 <unknown>