2023-12-16 15:11:25 ERROR Unable to initialize WebDriver
2023-12-16 15:11:25 ERROR 
Traceback (most recent call last):
  File "/home/runner/work/TestCapitalComPySe/TestCapitalComPySe/pages/base_page.py", line 82, in inner_function
    return func(*args, **kwargs)
           ^^^^^^^^^^^^^^^^^^^^^
  File "/home/runner/work/TestCapitalComPySe/TestCapitalComPySe/pages/base_page.py", line 394, in element_is_visible
    return Wait(self.browser, timeout).until(
           ^^^^^^^^^^^^^^^^^^^^^^^^^^^^^^^^^^
  File "/home/runner/.cache/pypoetry/virtualenvs/testcapitalcom-CcJ6hTD8-py3.11/lib/python3.11/site-packages/selenium/webdriver/support/wait.py", line 105, in until
    raise TimeoutException(message, screen, stacktrace)
selenium.common.exceptions.TimeoutException: Message: 
Stacktrace:
#0 0x5607d0ed2d33 <unknown>
#1 0x5607d0b8ff87 <unknown>
#2 0x5607d0bdfc0e <unknown>
#3 0x5607d0bdfd11 <unknown>
#4 0x5607d0c2b004 <unknown>
#5 0x5607d0c0936d <unknown>
#6 0x5607d0c28297 <unknown>
#7 0x5607d0c090e3 <unknown>
#8 0x5607d0bd1044 <unknown>
#9 0x5607d0bd244e <unknown>
#10 0x5607d0e97861 <unknown>
#11 0x5607d0e9b785 <unknown>
#12 0x5607d0e85285 <unknown>
#13 0x5607d0e9c41f <unknown>
#14 0x5607d0e6920f <unknown>
#15 0x5607d0ec0028 <unknown>
#16 0x5607d0ec01f7 <unknown>
#17 0x5607d0ed1ed4 <unknown>
#18 0x7f9c91a94ac3 <unknown>