{"uid":"caed6267c76af256","name":"TC_55!624 (Lang: en) | Bid:55!624-en.gb.Auth","fullName":"tests.US_55_ReTestsManual.tassobaccato.US_55-tassobaccato_ReTestsManual_test.TestManualDetectedBugs#test_624","historyId":"6cfcfe90bc638e682aca877776cce96d","time":{"start":1741664445356,"stop":1741664465116,"duration":19760},"description":"\n        Check: Menu section [Learn] > Menu item  [Market guides] > Click the link “Shares trading guide”\n                > Сlick the link “Netflix” > Сlick the link “Trade Coca-Cola shares”\n                > Сlick the link “KO” in the block “Performance of the Coca-Cola stock in recent years”\n        Language: EN\n        License: FCA\n        Author: Kasila\n        ","descriptionHtml":"<pre><code>    Check: Menu section [Learn] &gt; Menu item  [Market guides] &gt; Click the link “Shares trading guide”\n            &gt; Сlick the link “Netflix” &gt; Сlick the link “Trade Coca-Cola shares”\n            &gt; Сlick the link “KO” in the block “Performance of the Coca-Cola stock in recent years”\n    Language: EN\n    License: FCA\n    Author: Kasila\n</code></pre>\n","status":"broken","statusMessage":"selenium.common.exceptions.NoSuchElementException: Message: no such element: Unable to locate element: {\"method\":\"css selector\",\"selector\":\"h2[data-id=\"part_3\"]\"}\n  (Session info: chrome=133.0.6943.141); For documentation on this error, please visit: https://www.selenium.dev/documentation/webdriver/troubleshooting/errors#no-such-element-exception\nStacktrace:\n#0 0x56025960e14a <unknown>\n#1 0x5602590abb80 <unknown>\n#2 0x5602590fd0e9 <unknown>\n#3 0x5602590fd271 <unknown>\n#4 0x56025914bde4 <unknown>\n#5 0x560259122efd <unknown>\n#6 0x56025914914a <unknown>\n#7 0x560259122ca3 <unknown>\n#8 0x5602590eef08 <unknown>\n#9 0x5602590f0071 <unknown>\n#10 0x5602595d7b5b <unknown>\n#11 0x5602595dbae2 <unknown>\n#12 0x5602595c3967 <unknown>\n#13 0x5602595dc6d4 <unknown>\n#14 0x5602595a7c7f <unknown>\n#15 0x5602595fccd8 <unknown>\n#16 0x5602595fcea9 <unknown>\n#17 0x56025960cfc6 <unknown>\n#18 0x7f44af29caa4 <unknown>\n#19 0x7f44af329c3c <unknown>","statusTrace":"self = <US_55-tassobaccato_ReTestsManual_test.TestManualDetectedBugs object at 0x7f41780f12e0>\nworker_id = 'master'\nd = <selenium.webdriver.chrome.webdriver.WebDriver (session=\"492e7b998cbfa7200c2af9b3aae21d3c\")>\ncur_language = '', cur_country = 'gb', cur_role = 'Auth'\ncur_login = 'test001.miketar+1@gmail.com', cur_password = 'Qwer1234-!@#$'\n\n    @allure.step('Start retest manual AT_55!624 The error message “This site can’t be reached” is displayed')\n    @pytest.mark.parametrize('cur_language', [''])\n    @pytest.mark.parametrize('cur_country', ['ae', 'gb', 'au'])\n    @pytest.mark.parametrize('cur_role', [\"NoReg\", \"Auth\", \"NoAuth\"])\n    @pytest.mark.bug_624\n    def test_624(self, worker_id, d, cur_language, cur_country, cur_role, cur_login, cur_password):\n        \"\"\"\n        Check: Menu section [Learn] > Menu item  [Market guides] > Click the link “Shares trading guide”\n                > Сlick the link “Netflix” > Сlick the link “Trade Coca-Cola shares”\n                > Сlick the link “KO” in the block “Performance of the Coca-Cola stock in recent years”\n        Language: EN\n        License: FCA\n        Author: Kasila\n        \"\"\"\n    \n        bid = build_dynamic_arg_for_us_55(\n            d, worker_id, cur_language, cur_country, cur_role,\n            \"55\", \"ReTests of Manual Detected Bugs\",\n            \"624\", 'Error message “This site can’t be reached” is displayed after clicking the link “KO” '\n                   'in the block “Performance of the Coca-Cola stock in recent years” on the page “How to trade '\n                   'Coca-Cola stocks” when EN language is selected (SCA / FCA / ASIC licenses)'\n        )\n    \n        link = apply_preconditions_to_link(d, cur_language, cur_country, cur_role, cur_login, cur_password)\n        menu = from_learn_menu_open_market_guides.MenuNewLearn(d, link)\n        cur_item_link = menu.from_learn_menu_open_market_guides(d, cur_language, cur_country, link)\n    \n        test_element = CocaColaCOPage(d, cur_item_link, bid)\n>       test_element.coca_cola_co(d, cur_item_link)\n\ntests/US_55_ReTestsManual/tassobaccato/US_55-tassobaccato_ReTestsManual_test.py:869: \n_ _ _ _ _ _ _ _ _ _ _ _ _ _ _ _ _ _ _ _ _ _ _ _ _ _ _ _ _ _ _ _ _ _ _ _ _ _ _ _ \npages/BugsManual/bug_624.py:56: in coca_cola_co\n    performance_coca_cola_block = self.driver.find_element(By.CSS_SELECTOR, 'h2[data-id=\"part_3\"]')\n../../../.cache/pypoetry/virtualenvs/testcapitalcompyse-CcJ6hTD8-py3.12/lib/python3.12/site-packages/selenium/webdriver/remote/webdriver.py:766: in find_element\n    return self.execute(Command.FIND_ELEMENT, {\"using\": by, \"value\": value})[\"value\"]\n../../../.cache/pypoetry/virtualenvs/testcapitalcompyse-CcJ6hTD8-py3.12/lib/python3.12/site-packages/selenium/webdriver/remote/webdriver.py:380: in execute\n    self.error_handler.check_response(response)\n_ _ _ _ _ _ _ _ _ _ _ _ _ _ _ _ _ _ _ _ _ _ _ _ _ _ _ _ _ _ _ _ _ _ _ _ _ _ _ _ \n\nself = <selenium.webdriver.remote.errorhandler.ErrorHandler object at 0x7f41772ab2f0>\nresponse = {'status': 404, 'value': '{\"value\":{\"error\":\"no such element\",\"message\":\"no such element: Unable to locate element: {\\...\\\\n#17 0x56025960cfc6 \\\\u003Cunknown>\\\\n#18 0x7f44af29caa4 \\\\u003Cunknown>\\\\n#19 0x7f44af329c3c \\\\u003Cunknown>\\\\n\"}}'}\n\n    def check_response(self, response: Dict[str, Any]) -> None:\n        \"\"\"Checks that a JSON response from the WebDriver does not have an\n        error.\n    \n        :Args:\n         - response - The JSON response from the WebDriver server as a dictionary\n           object.\n    \n        :Raises: If the response contains an error message.\n        \"\"\"\n        status = response.get(\"status\", None)\n        if not status or status == ErrorCode.SUCCESS:\n            return\n        value = None\n        message = response.get(\"message\", \"\")\n        screen: str = response.get(\"screen\", \"\")\n        stacktrace = None\n        if isinstance(status, int):\n            value_json = response.get(\"value\", None)\n            if value_json and isinstance(value_json, str):\n                import json\n    \n                try:\n                    value = json.loads(value_json)\n                    if len(value) == 1:\n                        value = value[\"value\"]\n                    status = value.get(\"error\", None)\n                    if not status:\n                        status = value.get(\"status\", ErrorCode.UNKNOWN_ERROR)\n                        message = value.get(\"value\") or value.get(\"message\")\n                        if not isinstance(message, str):\n                            value = message\n                            message = message.get(\"message\")\n                    else:\n                        message = value.get(\"message\", None)\n                except ValueError:\n                    pass\n    \n        exception_class: Type[WebDriverException]\n        e = ErrorCode()\n        error_codes = [item for item in dir(e) if not item.startswith(\"__\")]\n        for error_code in error_codes:\n            error_info = getattr(ErrorCode, error_code)\n            if isinstance(error_info, list) and status in error_info:\n                exception_class = getattr(ExceptionMapping, error_code, WebDriverException)\n                break\n        else:\n            exception_class = WebDriverException\n    \n        if not value:\n            value = response[\"value\"]\n        if isinstance(value, str):\n            raise exception_class(value)\n        if message == \"\" and \"message\" in value:\n            message = value[\"message\"]\n    \n        screen = None  # type: ignore[assignment]\n        if \"screen\" in value:\n            screen = value[\"screen\"]\n    \n        stacktrace = None\n        st_value = value.get(\"stackTrace\") or value.get(\"stacktrace\")\n        if st_value:\n            if isinstance(st_value, str):\n                stacktrace = st_value.split(\"\\n\")\n            else:\n                stacktrace = []\n                try:\n                    for frame in st_value:\n                        line = frame.get(\"lineNumber\", \"\")\n                        file = frame.get(\"fileName\", \"<anonymous>\")\n                        if line:\n                            file = f\"{file}:{line}\"\n                        meth = frame.get(\"methodName\", \"<anonymous>\")\n                        if \"className\" in frame:\n                            meth = f\"{frame['className']}.{meth}\"\n                        msg = \"    at %s (%s)\"\n                        msg = msg % (meth, file)\n                        stacktrace.append(msg)\n                except TypeError:\n                    pass\n        if exception_class == UnexpectedAlertPresentException:\n            alert_text = None\n            if \"data\" in value:\n                alert_text = value[\"data\"].get(\"text\")\n            elif \"alert\" in value:\n                alert_text = value[\"alert\"].get(\"text\")\n            raise exception_class(message, screen, stacktrace, alert_text)  # type: ignore[call-arg]  # mypy is not smart enough here\n>       raise exception_class(message, screen, stacktrace)\nE       selenium.common.exceptions.NoSuchElementException: Message: no such element: Unable to locate element: {\"method\":\"css selector\",\"selector\":\"h2[data-id=\"part_3\"]\"}\nE         (Session info: chrome=133.0.6943.141); For documentation on this error, please visit: https://www.selenium.dev/documentation/webdriver/troubleshooting/errors#no-such-element-exception\nE       Stacktrace:\nE       #0 0x56025960e14a <unknown>\nE       #1 0x5602590abb80 <unknown>\nE       #2 0x5602590fd0e9 <unknown>\nE       #3 0x5602590fd271 <unknown>\nE       #4 0x56025914bde4 <unknown>\nE       #5 0x560259122efd <unknown>\nE       #6 0x56025914914a <unknown>\nE       #7 0x560259122ca3 <unknown>\nE       #8 0x5602590eef08 <unknown>\nE       #9 0x5602590f0071 <unknown>\nE       #10 0x5602595d7b5b <unknown>\nE       #11 0x5602595dbae2 <unknown>\nE       #12 0x5602595c3967 <unknown>\nE       #13 0x5602595dc6d4 <unknown>\nE       #14 0x5602595a7c7f <unknown>\nE       #15 0x5602595fccd8 <unknown>\nE       #16 0x5602595fcea9 <unknown>\nE       #17 0x56025960cfc6 <unknown>\nE       #18 0x7f44af29caa4 <unknown>\nE       #19 0x7f44af329c3c <unknown>\n\n../../../.cache/pypoetry/virtualenvs/testcapitalcompyse-CcJ6hTD8-py3.12/lib/python3.12/site-packages/selenium/webdriver/remote/errorhandler.py:229: NoSuchElementException","flaky":false,"newFailed":false,"newBroken":false,"newPassed":false,"retriesCount":0,"retriesStatusChange":false,"beforeStages":[{"name":"d","time":{"start":1741661242883,"stop":1741661243936,"duration":1053},"status":"passed","steps":[],"attachments":[],"parameters":[],"shouldDisplayMessage":false,"stepsCount":0,"attachmentsCount":0,"hasContent":false,"attachmentStep":false},{"name":"worker_id","time":{"start":1741661243936,"stop":1741661243936,"duration":0},"status":"passed","steps":[],"attachments":[],"parameters":[],"shouldDisplayMessage":false,"stepsCount":0,"attachmentsCount":0,"hasContent":false,"attachmentStep":false},{"name":"cur_login","time":{"start":1741661243936,"stop":1741661243936,"duration":0},"status":"passed","steps":[],"attachments":[],"parameters":[],"shouldDisplayMessage":false,"stepsCount":0,"attachmentsCount":0,"hasContent":false,"attachmentStep":false},{"name":"cur_password","time":{"start":1741661243936,"stop":1741661243936,"duration":0},"status":"passed","steps":[],"attachments":[],"parameters":[],"shouldDisplayMessage":false,"stepsCount":0,"attachmentsCount":0,"hasContent":false,"attachmentStep":false}],"testStage":{"description":"\n        Check: Menu section [Learn] > Menu item  [Market guides] > Click the link “Shares trading guide”\n                > Сlick the link “Netflix” > Сlick the link “Trade Coca-Cola shares”\n                > Сlick the link “KO” in the block “Performance of the Coca-Cola stock in recent years”\n        Language: EN\n        License: FCA\n        Author: Kasila\n        ","status":"broken","statusMessage":"selenium.common.exceptions.NoSuchElementException: Message: no such element: Unable to locate element: {\"method\":\"css selector\",\"selector\":\"h2[data-id=\"part_3\"]\"}\n  (Session info: chrome=133.0.6943.141); For documentation on this error, please visit: https://www.selenium.dev/documentation/webdriver/troubleshooting/errors#no-such-element-exception\nStacktrace:\n#0 0x56025960e14a <unknown>\n#1 0x5602590abb80 <unknown>\n#2 0x5602590fd0e9 <unknown>\n#3 0x5602590fd271 <unknown>\n#4 0x56025914bde4 <unknown>\n#5 0x560259122efd <unknown>\n#6 0x56025914914a <unknown>\n#7 0x560259122ca3 <unknown>\n#8 0x5602590eef08 <unknown>\n#9 0x5602590f0071 <unknown>\n#10 0x5602595d7b5b <unknown>\n#11 0x5602595dbae2 <unknown>\n#12 0x5602595c3967 <unknown>\n#13 0x5602595dc6d4 <unknown>\n#14 0x5602595a7c7f <unknown>\n#15 0x5602595fccd8 <unknown>\n#16 0x5602595fcea9 <unknown>\n#17 0x56025960cfc6 <unknown>\n#18 0x7f44af29caa4 <unknown>\n#19 0x7f44af329c3c <unknown>","statusTrace":"self = <US_55-tassobaccato_ReTestsManual_test.TestManualDetectedBugs object at 0x7f41780f12e0>\nworker_id = 'master'\nd = <selenium.webdriver.chrome.webdriver.WebDriver (session=\"492e7b998cbfa7200c2af9b3aae21d3c\")>\ncur_language = '', cur_country = 'gb', cur_role = 'Auth'\ncur_login = 'test001.miketar+1@gmail.com', cur_password = 'Qwer1234-!@#$'\n\n    @allure.step('Start retest manual AT_55!624 The error message “This site can’t be reached” is displayed')\n    @pytest.mark.parametrize('cur_language', [''])\n    @pytest.mark.parametrize('cur_country', ['ae', 'gb', 'au'])\n    @pytest.mark.parametrize('cur_role', [\"NoReg\", \"Auth\", \"NoAuth\"])\n    @pytest.mark.bug_624\n    def test_624(self, worker_id, d, cur_language, cur_country, cur_role, cur_login, cur_password):\n        \"\"\"\n        Check: Menu section [Learn] > Menu item  [Market guides] > Click the link “Shares trading guide”\n                > Сlick the link “Netflix” > Сlick the link “Trade Coca-Cola shares”\n                > Сlick the link “KO” in the block “Performance of the Coca-Cola stock in recent years”\n        Language: EN\n        License: FCA\n        Author: Kasila\n        \"\"\"\n    \n        bid = build_dynamic_arg_for_us_55(\n            d, worker_id, cur_language, cur_country, cur_role,\n            \"55\", \"ReTests of Manual Detected Bugs\",\n            \"624\", 'Error message “This site can’t be reached” is displayed after clicking the link “KO” '\n                   'in the block “Performance of the Coca-Cola stock in recent years” on the page “How to trade '\n                   'Coca-Cola stocks” when EN language is selected (SCA / FCA / ASIC licenses)'\n        )\n    \n        link = apply_preconditions_to_link(d, cur_language, cur_country, cur_role, cur_login, cur_password)\n        menu = from_learn_menu_open_market_guides.MenuNewLearn(d, link)\n        cur_item_link = menu.from_learn_menu_open_market_guides(d, cur_language, cur_country, link)\n    \n        test_element = CocaColaCOPage(d, cur_item_link, bid)\n>       test_element.coca_cola_co(d, cur_item_link)\n\ntests/US_55_ReTestsManual/tassobaccato/US_55-tassobaccato_ReTestsManual_test.py:869: \n_ _ _ _ _ _ _ _ _ _ _ _ _ _ _ _ _ _ _ _ _ _ _ _ _ _ _ _ _ _ _ _ _ _ _ _ _ _ _ _ \npages/BugsManual/bug_624.py:56: in coca_cola_co\n    performance_coca_cola_block = self.driver.find_element(By.CSS_SELECTOR, 'h2[data-id=\"part_3\"]')\n../../../.cache/pypoetry/virtualenvs/testcapitalcompyse-CcJ6hTD8-py3.12/lib/python3.12/site-packages/selenium/webdriver/remote/webdriver.py:766: in find_element\n    return self.execute(Command.FIND_ELEMENT, {\"using\": by, \"value\": value})[\"value\"]\n../../../.cache/pypoetry/virtualenvs/testcapitalcompyse-CcJ6hTD8-py3.12/lib/python3.12/site-packages/selenium/webdriver/remote/webdriver.py:380: in execute\n    self.error_handler.check_response(response)\n_ _ _ _ _ _ _ _ _ _ _ _ _ _ _ _ _ _ _ _ _ _ _ _ _ _ _ _ _ _ _ _ _ _ _ _ _ _ _ _ \n\nself = <selenium.webdriver.remote.errorhandler.ErrorHandler object at 0x7f41772ab2f0>\nresponse = {'status': 404, 'value': '{\"value\":{\"error\":\"no such element\",\"message\":\"no such element: Unable to locate element: {\\...\\\\n#17 0x56025960cfc6 \\\\u003Cunknown>\\\\n#18 0x7f44af29caa4 \\\\u003Cunknown>\\\\n#19 0x7f44af329c3c \\\\u003Cunknown>\\\\n\"}}'}\n\n    def check_response(self, response: Dict[str, Any]) -> None:\n        \"\"\"Checks that a JSON response from the WebDriver does not have an\n        error.\n    \n        :Args:\n         - response - The JSON response from the WebDriver server as a dictionary\n           object.\n    \n        :Raises: If the response contains an error message.\n        \"\"\"\n        status = response.get(\"status\", None)\n        if not status or status == ErrorCode.SUCCESS:\n            return\n        value = None\n        message = response.get(\"message\", \"\")\n        screen: str = response.get(\"screen\", \"\")\n        stacktrace = None\n        if isinstance(status, int):\n            value_json = response.get(\"value\", None)\n            if value_json and isinstance(value_json, str):\n                import json\n    \n                try:\n                    value = json.loads(value_json)\n                    if len(value) == 1:\n                        value = value[\"value\"]\n                    status = value.get(\"error\", None)\n                    if not status:\n                        status = value.get(\"status\", ErrorCode.UNKNOWN_ERROR)\n                        message = value.get(\"value\") or value.get(\"message\")\n                        if not isinstance(message, str):\n                            value = message\n                            message = message.get(\"message\")\n                    else:\n                        message = value.get(\"message\", None)\n                except ValueError:\n                    pass\n    \n        exception_class: Type[WebDriverException]\n        e = ErrorCode()\n        error_codes = [item for item in dir(e) if not item.startswith(\"__\")]\n        for error_code in error_codes:\n            error_info = getattr(ErrorCode, error_code)\n            if isinstance(error_info, list) and status in error_info:\n                exception_class = getattr(ExceptionMapping, error_code, WebDriverException)\n                break\n        else:\n            exception_class = WebDriverException\n    \n        if not value:\n            value = response[\"value\"]\n        if isinstance(value, str):\n            raise exception_class(value)\n        if message == \"\" and \"message\" in value:\n            message = value[\"message\"]\n    \n        screen = None  # type: ignore[assignment]\n        if \"screen\" in value:\n            screen = value[\"screen\"]\n    \n        stacktrace = None\n        st_value = value.get(\"stackTrace\") or value.get(\"stacktrace\")\n        if st_value:\n            if isinstance(st_value, str):\n                stacktrace = st_value.split(\"\\n\")\n            else:\n                stacktrace = []\n                try:\n                    for frame in st_value:\n                        line = frame.get(\"lineNumber\", \"\")\n                        file = frame.get(\"fileName\", \"<anonymous>\")\n                        if line:\n                            file = f\"{file}:{line}\"\n                        meth = frame.get(\"methodName\", \"<anonymous>\")\n                        if \"className\" in frame:\n                            meth = f\"{frame['className']}.{meth}\"\n                        msg = \"    at %s (%s)\"\n                        msg = msg % (meth, file)\n                        stacktrace.append(msg)\n                except TypeError:\n                    pass\n        if exception_class == UnexpectedAlertPresentException:\n            alert_text = None\n            if \"data\" in value:\n                alert_text = value[\"data\"].get(\"text\")\n            elif \"alert\" in value:\n                alert_text = value[\"alert\"].get(\"text\")\n            raise exception_class(message, screen, stacktrace, alert_text)  # type: ignore[call-arg]  # mypy is not smart enough here\n>       raise exception_class(message, screen, stacktrace)\nE       selenium.common.exceptions.NoSuchElementException: Message: no such element: Unable to locate element: {\"method\":\"css selector\",\"selector\":\"h2[data-id=\"part_3\"]\"}\nE         (Session info: chrome=133.0.6943.141); For documentation on this error, please visit: https://www.selenium.dev/documentation/webdriver/troubleshooting/errors#no-such-element-exception\nE       Stacktrace:\nE       #0 0x56025960e14a <unknown>\nE       #1 0x5602590abb80 <unknown>\nE       #2 0x5602590fd0e9 <unknown>\nE       #3 0x5602590fd271 <unknown>\nE       #4 0x56025914bde4 <unknown>\nE       #5 0x560259122efd <unknown>\nE       #6 0x56025914914a <unknown>\nE       #7 0x560259122ca3 <unknown>\nE       #8 0x5602590eef08 <unknown>\nE       #9 0x5602590f0071 <unknown>\nE       #10 0x5602595d7b5b <unknown>\nE       #11 0x5602595dbae2 <unknown>\nE       #12 0x5602595c3967 <unknown>\nE       #13 0x5602595dc6d4 <unknown>\nE       #14 0x5602595a7c7f <unknown>\nE       #15 0x5602595fccd8 <unknown>\nE       #16 0x5602595fcea9 <unknown>\nE       #17 0x56025960cfc6 <unknown>\nE       #18 0x7f44af29caa4 <unknown>\nE       #19 0x7f44af329c3c <unknown>\n\n../../../.cache/pypoetry/virtualenvs/testcapitalcompyse-CcJ6hTD8-py3.12/lib/python3.12/site-packages/selenium/webdriver/remote/errorhandler.py:229: NoSuchElementException","steps":[{"name":"Start retest manual AT_55!624 The error message “This site can’t be reached” is displayed","time":{"start":1741664445357,"stop":1741664465115,"duration":19758},"status":"broken","statusMessage":"selenium.common.exceptions.NoSuchElementException: Message: no such element: Unable to locate element: {\"method\":\"css selector\",\"selector\":\"h2[data-id=\"part_3\"]\"}\n  (Session info: chrome=133.0.6943.141); For documentation on this error, please visit: https://www.selenium.dev/documentation/webdriver/troubleshooting/errors#no-such-element-exception\nStacktrace:\n#0 0x56025960e14a <unknown>\n#1 0x5602590abb80 <unknown>\n#2 0x5602590fd0e9 <unknown>\n#3 0x5602590fd271 <unknown>\n#4 0x56025914bde4 <unknown>\n#5 0x560259122efd <unknown>\n#6 0x56025914914a <unknown>\n#7 0x560259122ca3 <unknown>\n#8 0x5602590eef08 <unknown>\n#9 0x5602590f0071 <unknown>\n#10 0x5602595d7b5b <unknown>\n#11 0x5602595dbae2 <unknown>\n#12 0x5602595c3967 <unknown>\n#13 0x5602595dc6d4 <unknown>\n#14 0x5602595a7c7f <unknown>\n#15 0x5602595fccd8 <unknown>\n#16 0x5602595fcea9 <unknown>\n#17 0x56025960cfc6 <unknown>\n#18 0x7f44af29caa4 <unknown>\n#19 0x7f44af329c3c <unknown>\n\n","statusTrace":"  File \"/home/runner/.cache/pypoetry/virtualenvs/testcapitalcompyse-CcJ6hTD8-py3.12/lib/python3.12/site-packages/allure_commons/_allure.py\", line 192, in impl\n    return func(*a, **kw)\n           ^^^^^^^^^^^^^^\n  File \"/home/runner/work/TestCapitalComPySe/TestCapitalComPySe/tests/US_55_ReTestsManual/tassobaccato/US_55-tassobaccato_ReTestsManual_test.py\", line 869, in test_624\n    test_element.coca_cola_co(d, cur_item_link)\n  File \"/home/runner/.cache/pypoetry/virtualenvs/testcapitalcompyse-CcJ6hTD8-py3.12/lib/python3.12/site-packages/allure_commons/_allure.py\", line 192, in impl\n    return func(*a, **kw)\n           ^^^^^^^^^^^^^^\n  File \"/home/runner/work/TestCapitalComPySe/TestCapitalComPySe/pages/BugsManual/bug_624.py\", line 56, in coca_cola_co\n    performance_coca_cola_block = self.driver.find_element(By.CSS_SELECTOR, 'h2[data-id=\"part_3\"]')\n                                  ^^^^^^^^^^^^^^^^^^^^^^^^^^^^^^^^^^^^^^^^^^^^^^^^^^^^^^^^^^^^^^^^^\n  File \"/home/runner/.cache/pypoetry/virtualenvs/testcapitalcompyse-CcJ6hTD8-py3.12/lib/python3.12/site-packages/selenium/webdriver/remote/webdriver.py\", line 766, in find_element\n    return self.execute(Command.FIND_ELEMENT, {\"using\": by, \"value\": value})[\"value\"]\n           ^^^^^^^^^^^^^^^^^^^^^^^^^^^^^^^^^^^^^^^^^^^^^^^^^^^^^^^^^^^^^^^^^\n  File \"/home/runner/.cache/pypoetry/virtualenvs/testcapitalcompyse-CcJ6hTD8-py3.12/lib/python3.12/site-packages/selenium/webdriver/remote/webdriver.py\", line 380, in execute\n    self.error_handler.check_response(response)\n  File \"/home/runner/.cache/pypoetry/virtualenvs/testcapitalcompyse-CcJ6hTD8-py3.12/lib/python3.12/site-packages/selenium/webdriver/remote/errorhandler.py\", line 229, in check_response\n    raise exception_class(message, screen, stacktrace)\n","steps":[{"name":"Build dynamic argument for TCs of US_55","time":{"start":1741664445357,"stop":1741664445358,"duration":1},"status":"passed","steps":[],"attachments":[],"parameters":[{"name":"d","value":"<selenium.webdriver.chrome.webdriver.WebDriver (session=\"492e7b998cbfa7200c2af9b3aae21d3c\")>"},{"name":"worker_id","value":"'master'"},{"name":"cur_language","value":"''"},{"name":"cur_country","value":"'gb'"},{"name":"cur_role","value":"'Auth'"},{"name":"us","value":"'55'"},{"name":"desc_us","value":"'ReTests of Manual Detected Bugs'"},{"name":"num_tc","value":"'624'"},{"name":"desc_tc","value":"'Error message “This site can’t be reached” is displayed after clicking the link “KO” in the block “Performance of the Coca-Cola stock in recent years” on the page “How to trade Coca-Cola stocks” when EN language is selected (SCA / FCA / ASIC licenses)'"},{"name":"manual","value":"False"},{"name":"new_layout","value":"False"}],"shouldDisplayMessage":false,"stepsCount":0,"attachmentsCount":0,"hasContent":true,"attachmentStep":false},{"name":"   Set New preconditions","time":{"start":1741664445358,"stop":1741664450403,"duration":5045},"status":"passed","steps":[{"name":"2025-03-11 02:47:22.845008   Set language and country","time":{"start":1741664447913,"stop":1741664450396,"duration":2483},"status":"passed","steps":[],"attachments":[],"parameters":[{"name":"d","value":"<selenium.webdriver.chrome.webdriver.WebDriver (session=\"492e7b998cbfa7200c2af9b3aae21d3c\")>"},{"name":"cur_language","value":"'en'"},{"name":"cur_country","value":"'gb'"}],"shouldDisplayMessage":false,"stepsCount":0,"attachmentsCount":0,"hasContent":true,"attachmentStep":false}],"attachments":[],"parameters":[{"name":"d","value":"<selenium.webdriver.chrome.webdriver.WebDriver (session=\"492e7b998cbfa7200c2af9b3aae21d3c\")>"},{"name":"host","value":"'https://capital.com/en-gb'"},{"name":"end_point","value":"''"},{"name":"cur_language","value":"''"},{"name":"cur_country","value":"'gb'"},{"name":"cur_role","value":"'Auth'"},{"name":"cur_login","value":"'test001.miketar+1@gmail.com'"},{"name":"cur_password","value":"'Qwer1234-!@#$'"}],"shouldDisplayMessage":false,"stepsCount":1,"attachmentsCount":0,"hasContent":true,"attachmentStep":false},{"name":"Select \"Learn\" menu, \"Market guides\" submenu","time":{"start":1741664450404,"stop":1741664458723,"duration":8319},"status":"passed","steps":[],"attachments":[],"parameters":[{"name":"d","value":"<selenium.webdriver.chrome.webdriver.WebDriver (session=\"492e7b998cbfa7200c2af9b3aae21d3c\")>"},{"name":"cur_language","value":"''"},{"name":"cur_country","value":"'gb'"},{"name":"link","value":"'https://capital.com/en-gb'"}],"shouldDisplayMessage":false,"stepsCount":0,"attachmentsCount":0,"hasContent":true,"attachmentStep":false},{"name":"2025-03-11 02:47:22.683484   Start testing page opened after clicking the “initial public offering (IPO)” link","time":{"start":1741664458723,"stop":1741664465114,"duration":6391},"status":"broken","statusMessage":"selenium.common.exceptions.NoSuchElementException: Message: no such element: Unable to locate element: {\"method\":\"css selector\",\"selector\":\"h2[data-id=\"part_3\"]\"}\n  (Session info: chrome=133.0.6943.141); For documentation on this error, please visit: https://www.selenium.dev/documentation/webdriver/troubleshooting/errors#no-such-element-exception\nStacktrace:\n#0 0x56025960e14a <unknown>\n#1 0x5602590abb80 <unknown>\n#2 0x5602590fd0e9 <unknown>\n#3 0x5602590fd271 <unknown>\n#4 0x56025914bde4 <unknown>\n#5 0x560259122efd <unknown>\n#6 0x56025914914a <unknown>\n#7 0x560259122ca3 <unknown>\n#8 0x5602590eef08 <unknown>\n#9 0x5602590f0071 <unknown>\n#10 0x5602595d7b5b <unknown>\n#11 0x5602595dbae2 <unknown>\n#12 0x5602595c3967 <unknown>\n#13 0x5602595dc6d4 <unknown>\n#14 0x5602595a7c7f <unknown>\n#15 0x5602595fccd8 <unknown>\n#16 0x5602595fcea9 <unknown>\n#17 0x56025960cfc6 <unknown>\n#18 0x7f44af29caa4 <unknown>\n#19 0x7f44af329c3c <unknown>\n\n","statusTrace":"  File \"/home/runner/.cache/pypoetry/virtualenvs/testcapitalcompyse-CcJ6hTD8-py3.12/lib/python3.12/site-packages/allure_commons/_allure.py\", line 192, in impl\n    return func(*a, **kw)\n           ^^^^^^^^^^^^^^\n  File \"/home/runner/work/TestCapitalComPySe/TestCapitalComPySe/pages/BugsManual/bug_624.py\", line 56, in coca_cola_co\n    performance_coca_cola_block = self.driver.find_element(By.CSS_SELECTOR, 'h2[data-id=\"part_3\"]')\n                                  ^^^^^^^^^^^^^^^^^^^^^^^^^^^^^^^^^^^^^^^^^^^^^^^^^^^^^^^^^^^^^^^^^\n  File \"/home/runner/.cache/pypoetry/virtualenvs/testcapitalcompyse-CcJ6hTD8-py3.12/lib/python3.12/site-packages/selenium/webdriver/remote/webdriver.py\", line 766, in find_element\n    return self.execute(Command.FIND_ELEMENT, {\"using\": by, \"value\": value})[\"value\"]\n           ^^^^^^^^^^^^^^^^^^^^^^^^^^^^^^^^^^^^^^^^^^^^^^^^^^^^^^^^^^^^^^^^^\n  File \"/home/runner/.cache/pypoetry/virtualenvs/testcapitalcompyse-CcJ6hTD8-py3.12/lib/python3.12/site-packages/selenium/webdriver/remote/webdriver.py\", line 380, in execute\n    self.error_handler.check_response(response)\n  File \"/home/runner/.cache/pypoetry/virtualenvs/testcapitalcompyse-CcJ6hTD8-py3.12/lib/python3.12/site-packages/selenium/webdriver/remote/errorhandler.py\", line 229, in check_response\n    raise exception_class(message, screen, stacktrace)\n","steps":[],"attachments":[],"parameters":[{"name":"d","value":"<selenium.webdriver.chrome.webdriver.WebDriver (session=\"492e7b998cbfa7200c2af9b3aae21d3c\")>"},{"name":"cur_item_link","value":"'https://capital.com/en-gb/learn/market-guides'"}],"shouldDisplayMessage":true,"stepsCount":0,"attachmentsCount":0,"hasContent":true,"attachmentStep":false}],"attachments":[],"parameters":[{"name":"worker_id","value":"'master'"},{"name":"d","value":"<selenium.webdriver.chrome.webdriver.WebDriver (session=\"492e7b998cbfa7200c2af9b3aae21d3c\")>"},{"name":"cur_language","value":"''"},{"name":"cur_country","value":"'gb'"},{"name":"cur_role","value":"'Auth'"},{"name":"cur_login","value":"'test001.miketar+1@gmail.com'"},{"name":"cur_password","value":"'Qwer1234-!@#$'"}],"shouldDisplayMessage":false,"stepsCount":5,"attachmentsCount":0,"hasContent":true,"attachmentStep":false}],"attachments":[{"uid":"a5ce93f23e319c24","name":"Screenshot","source":"a5ce93f23e319c24.png","type":"image/png","size":381723},{"uid":"5eb1e441e21adca0","name":"stdout","source":"5eb1e441e21adca0.txt","type":"text/plain","size":3857}],"parameters":[],"shouldDisplayMessage":true,"stepsCount":6,"attachmentsCount":2,"hasContent":true,"attachmentStep":false},"afterStages":[{"name":"d::0","time":{"start":1741664827883,"stop":1741664828326,"duration":443},"status":"passed","steps":[],"attachments":[],"parameters":[],"shouldDisplayMessage":false,"stepsCount":0,"attachmentsCount":0,"hasContent":false,"attachmentStep":false}],"labels":[{"name":"epic","value":"TC_55!624 | Error message “This site can’t be reached” is displayed after clicking the link “KO” in the block “Performance of the Coca-Cola stock in recent years” on the page “How to trade Coca-Cola stocks” when EN language is selected (SCA / FCA / ASIC licenses)"},{"name":"feature","value":"Role: Auth"},{"name":"story","value":"Country: gb"},{"name":"tag","value":"bug_624"},{"name":"tag","value":"us_55"},{"name":"parentSuite","value":"tests.US_55_ReTestsManual.tassobaccato"},{"name":"suite","value":"US_55-tassobaccato_ReTestsManual_test"},{"name":"subSuite","value":"TestManualDetectedBugs"},{"name":"host","value":"fv-az1940-808"},{"name":"thread","value":"26986-MainThread"},{"name":"framework","value":"pytest"},{"name":"language","value":"cpython3"},{"name":"package","value":"tests.US_55_ReTestsManual.tassobaccato.US_55-tassobaccato_ReTestsManual_test"},{"name":"resultFormat","value":"allure2"}],"parameters":[{"name":"cur_country","value":"'gb'"},{"name":"cur_language","value":"''"},{"name":"cur_login","value":"'test001.miketar+1@gmail.com'"},{"name":"cur_password","value":"'Qwer1234-!@#$'"},{"name":"cur_role","value":"'Auth'"},{"name":"d","value":"'Chrome'"}],"links":[],"hidden":false,"retry":false,"extra":{"severity":"normal","retries":[],"categories":[{"name":"Test defects","matchedStatuses":[],"flaky":false}],"history":{"statistic":{"failed":0,"broken":3,"skipped":0,"passed":0,"unknown":0,"total":3},"items":[{"uid":"c1a4a4078b0c5e1","reportUrl":"https://AlexTomAQA.github.io/TestCapitalComPySe/343//#testresult/c1a4a4078b0c5e1","status":"broken","statusDetails":"selenium.common.exceptions.NoSuchElementException: Message: no such element: Unable to locate element: {\"method\":\"css selector\",\"selector\":\"h2[data-id=\"part_3\"]\"}\n  (Session info: chrome=133.0.6943.141); For documentation on this error, please visit: https://www.selenium.dev/documentation/webdriver/troubleshooting/errors#no-such-element-exception\nStacktrace:\n#0 0x563dd1ccc14a <unknown>\n#1 0x563dd1769b80 <unknown>\n#2 0x563dd17bb0e9 <unknown>\n#3 0x563dd17bb271 <unknown>\n#4 0x563dd1809de4 <unknown>\n#5 0x563dd17e0efd <unknown>\n#6 0x563dd180714a <unknown>\n#7 0x563dd17e0ca3 <unknown>\n#8 0x563dd17acf08 <unknown>\n#9 0x563dd17ae071 <unknown>\n#10 0x563dd1c95b5b <unknown>\n#11 0x563dd1c99ae2 <unknown>\n#12 0x563dd1c81967 <unknown>\n#13 0x563dd1c9a6d4 <unknown>\n#14 0x563dd1c65c7f <unknown>\n#15 0x563dd1cbacd8 <unknown>\n#16 0x563dd1cbaea9 <unknown>\n#17 0x563dd1ccafc6 <unknown>\n#18 0x7f3d1e29caa4 <unknown>\n#19 0x7f3d1e329c3c <unknown>","time":{"start":1741571254200,"stop":1741571273776,"duration":19576}},{"uid":"8c4951c2e281c7a0","reportUrl":"https://AlexTomAQA.github.io/TestCapitalComPySe/342//#testresult/8c4951c2e281c7a0","status":"broken","statusDetails":"selenium.common.exceptions.NoSuchElementException: Message: no such element: Unable to locate element: {\"method\":\"css selector\",\"selector\":\"h2[data-id=\"part_3\"]\"}\n  (Session info: chrome=133.0.6943.141); For documentation on this error, please visit: https://www.selenium.dev/documentation/webdriver/troubleshooting/errors#no-such-element-exception\nStacktrace:\n#0 0x555ebaf9714a <unknown>\n#1 0x555ebaa34b80 <unknown>\n#2 0x555ebaa860e9 <unknown>\n#3 0x555ebaa86271 <unknown>\n#4 0x555ebaad4de4 <unknown>\n#5 0x555ebaaabefd <unknown>\n#6 0x555ebaad214a <unknown>\n#7 0x555ebaaabca3 <unknown>\n#8 0x555ebaa77f08 <unknown>\n#9 0x555ebaa79071 <unknown>\n#10 0x555ebaf60b5b <unknown>\n#11 0x555ebaf64ae2 <unknown>\n#12 0x555ebaf4c967 <unknown>\n#13 0x555ebaf656d4 <unknown>\n#14 0x555ebaf30c7f <unknown>\n#15 0x555ebaf85cd8 <unknown>\n#16 0x555ebaf85ea9 <unknown>\n#17 0x555ebaf95fc6 <unknown>\n#18 0x7f368ca9caa4 <unknown>\n#19 0x7f368cb29c3c <unknown>","time":{"start":1741484308527,"stop":1741484327640,"duration":19113}}]},"tags":["us_55","bug_624"]},"source":"caed6267c76af256.json","parameterValues":["'gb'","''","'test001.miketar+1@gmail.com'","'Qwer1234-!@#$'","'Auth'","'Chrome'"]}