2024-11-13 23:47:59 ERROR Elements not present after 0.5 seconds on page: https://capital.com/search
2024-11-13 23:47:59 ERROR 
Traceback (most recent call last):
  File "/home/runner/work/TestCapitalComPySe/TestCapitalComPySe/pages/base_page.py", line 86, in inner_function
    return func(*args, **kwargs)
           ^^^^^^^^^^^^^^^^^^^^^
  File "/home/runner/work/TestCapitalComPySe/TestCapitalComPySe/pages/base_page.py", line 306, in element_is_visible
    return Wait(self.driver, timeout).until(
           ^^^^^^^^^^^^^^^^^^^^^^^^^^^^^^^^^
  File "/home/runner/.cache/pypoetry/virtualenvs/testcapitalcompyse-CcJ6hTD8-py3.12/lib/python3.12/site-packages/selenium/webdriver/support/wait.py", line 105, in until
    raise TimeoutException(message, screen, stacktrace)
selenium.common.exceptions.TimeoutException: Message: 
Stacktrace:
#0 0x55cd79da76da <unknown>
#1 0x55cd798bbf80 <unknown>
#2 0x55cd79908b46 <unknown>
#3 0x55cd79908de1 <unknown>
#4 0x55cd7994e174 <unknown>
#5 0x55cd7992cbdd <unknown>
#6 0x55cd7994b69d <unknown>
#7 0x55cd7992c953 <unknown>
#8 0x55cd798fb72e <unknown>
#9 0x55cd798fc79e <unknown>
#10 0x55cd79d72f1b <unknown>
#11 0x55cd79d76eb8 <unknown>
#12 0x55cd79d6042c <unknown>
#13 0x55cd79d77a37 <unknown>
#14 0x55cd79d44fef <unknown>
#15 0x55cd79d95ad8 <unknown>
#16 0x55cd79d95ca0 <unknown>
#17 0x55cd79da6556 <unknown>
#18 0x7f9820894ac3 <unknown>