2024-01-10 04:17:59 ERROR Unable to initialize WebDriver
2024-01-10 04:17:59 ERROR 
Traceback (most recent call last):
  File "/home/runner/work/TestCapitalComPySe/TestCapitalComPySe/pages/base_page.py", line 82, in inner_function
    return func(*args, **kwargs)
           ^^^^^^^^^^^^^^^^^^^^^
  File "/home/runner/work/TestCapitalComPySe/TestCapitalComPySe/pages/base_page.py", line 416, in element_is_visible
    return Wait(self.browser, timeout).until(
           ^^^^^^^^^^^^^^^^^^^^^^^^^^^^^^^^^^
  File "/home/runner/.cache/pypoetry/virtualenvs/testcapitalcom-CcJ6hTD8-py3.11/lib/python3.11/site-packages/selenium/webdriver/support/wait.py", line 105, in until
    raise TimeoutException(message, screen, stacktrace)
selenium.common.exceptions.TimeoutException: Message: 
Stacktrace:
#0 0x55d078bd2f83 <unknown>
#1 0x55d07888bcf7 <unknown>
#2 0x55d0788db99e <unknown>
#3 0x55d0788dbaa1 <unknown>
#4 0x55d078926d64 <unknown>
#5 0x55d0789050dd <unknown>
#6 0x55d078924006 <unknown>
#7 0x55d078904e53 <unknown>
#8 0x55d0788ccdd4 <unknown>
#9 0x55d0788ce1de <unknown>
#10 0x55d078b97531 <unknown>
#11 0x55d078b9b455 <unknown>
#12 0x55d078b83f55 <unknown>
#13 0x55d078b9c0ef <unknown>
#14 0x55d078b6799f <unknown>
#15 0x55d078bc0008 <unknown>
#16 0x55d078bc01d7 <unknown>
#17 0x55d078bd2124 <unknown>
#18 0x7f1868e94ac3 <unknown>

2024-01-10 04:18:04 ERROR Unable to initialize WebDriver
2024-01-10 04:18:04 ERROR 
Traceback (most recent call last):
  File "/home/runner/work/TestCapitalComPySe/TestCapitalComPySe/pages/base_page.py", line 82, in inner_function
    return func(*args, **kwargs)
           ^^^^^^^^^^^^^^^^^^^^^
  File "/home/runner/work/TestCapitalComPySe/TestCapitalComPySe/pages/base_page.py", line 416, in element_is_visible
    return Wait(self.browser, timeout).until(
           ^^^^^^^^^^^^^^^^^^^^^^^^^^^^^^^^^^
  File "/home/runner/.cache/pypoetry/virtualenvs/testcapitalcom-CcJ6hTD8-py3.11/lib/python3.11/site-packages/selenium/webdriver/support/wait.py", line 105, in until
    raise TimeoutException(message, screen, stacktrace)
selenium.common.exceptions.TimeoutException: Message: 
Stacktrace:
#0 0x55d078bd2f83 <unknown>
#1 0x55d07888bcf7 <unknown>
#2 0x55d0788db99e <unknown>
#3 0x55d0788dbaa1 <unknown>
#4 0x55d078926d64 <unknown>
#5 0x55d0789050dd <unknown>
#6 0x55d078924006 <unknown>
#7 0x55d078904e53 <unknown>
#8 0x55d0788ccdd4 <unknown>
#9 0x55d0788ce1de <unknown>
#10 0x55d078b97531 <unknown>
#11 0x55d078b9b455 <unknown>
#12 0x55d078b83f55 <unknown>
#13 0x55d078b9c0ef <unknown>
#14 0x55d078b6799f <unknown>
#15 0x55d078bc0008 <unknown>
#16 0x55d078bc01d7 <unknown>
#17 0x55d078bd2124 <unknown>
#18 0x7f1868e94ac3 <unknown>