2024-04-06 16:00:34 ERROR Elements not present after 0.5 seconds on page: https://capital.com/trading/platform/
2024-04-06 16:00:34 ERROR 
Traceback (most recent call last):
  File "/home/runner/work/TestCapitalComPySe/TestCapitalComPySe/pages/base_page.py", line 85, in inner_function
    return func(*args, **kwargs)
           ^^^^^^^^^^^^^^^^^^^^^
  File "/home/runner/work/TestCapitalComPySe/TestCapitalComPySe/pages/base_page.py", line 307, in element_is_visible
    return Wait(self.driver, timeout).until(
           ^^^^^^^^^^^^^^^^^^^^^^^^^^^^^^^^^
  File "/home/runner/.cache/pypoetry/virtualenvs/testcapitalcompyse-CcJ6hTD8-py3.12/lib/python3.12/site-packages/selenium/webdriver/support/wait.py", line 105, in until
    raise TimeoutException(message, screen, stacktrace)
selenium.common.exceptions.TimeoutException: Message: 
Stacktrace:
#0 0x56283fef7873 <unknown>
#1 0x56283fbed8c6 <unknown>
#2 0x56283fc38618 <unknown>
#3 0x56283fc386d1 <unknown>
#4 0x56283fc7b744 <unknown>
#5 0x56283fc5a5cd <unknown>
#6 0x56283fc78c19 <unknown>
#7 0x56283fc5a343 <unknown>
#8 0x56283fc2b593 <unknown>
#9 0x56283fc2bf5e <unknown>
#10 0x56283febb85b <unknown>
#11 0x56283febf7b5 <unknown>
#12 0x56283fea9581 <unknown>
#13 0x56283fec0342 <unknown>
#14 0x56283fe8e88f <unknown>
#15 0x56283fee6738 <unknown>
#16 0x56283fee690b <unknown>
#17 0x56283fef69c4 <unknown>
#18 0x7f0f02894ac3 <unknown>

2024-04-06 16:00:38 ERROR Elements not present after 0.5 seconds on page: https://capital.com/trading/platform/
2024-04-06 16:00:38 ERROR 
Traceback (most recent call last):
  File "/home/runner/work/TestCapitalComPySe/TestCapitalComPySe/pages/base_page.py", line 85, in inner_function
    return func(*args, **kwargs)
           ^^^^^^^^^^^^^^^^^^^^^
  File "/home/runner/work/TestCapitalComPySe/TestCapitalComPySe/pages/base_page.py", line 307, in element_is_visible
    return Wait(self.driver, timeout).until(
           ^^^^^^^^^^^^^^^^^^^^^^^^^^^^^^^^^
  File "/home/runner/.cache/pypoetry/virtualenvs/testcapitalcompyse-CcJ6hTD8-py3.12/lib/python3.12/site-packages/selenium/webdriver/support/wait.py", line 105, in until
    raise TimeoutException(message, screen, stacktrace)
selenium.common.exceptions.TimeoutException: Message: 
Stacktrace:
#0 0x56283fef7873 <unknown>
#1 0x56283fbed8c6 <unknown>
#2 0x56283fc38618 <unknown>
#3 0x56283fc386d1 <unknown>
#4 0x56283fc7b744 <unknown>
#5 0x56283fc5a5cd <unknown>
#6 0x56283fc78c19 <unknown>
#7 0x56283fc5a343 <unknown>
#8 0x56283fc2b593 <unknown>
#9 0x56283fc2bf5e <unknown>
#10 0x56283febb85b <unknown>
#11 0x56283febf7b5 <unknown>
#12 0x56283fea9581 <unknown>
#13 0x56283fec0342 <unknown>
#14 0x56283fe8e88f <unknown>
#15 0x56283fee6738 <unknown>
#16 0x56283fee690b <unknown>
#17 0x56283fef69c4 <unknown>
#18 0x7f0f02894ac3 <unknown>

2024-04-06 16:00:41 ERROR Elements not present after 0.5 seconds on page: https://capital.com/trading/platform/
2024-04-06 16:00:41 ERROR 
Traceback (most recent call last):
  File "/home/runner/work/TestCapitalComPySe/TestCapitalComPySe/pages/base_page.py", line 85, in inner_function
    return func(*args, **kwargs)
           ^^^^^^^^^^^^^^^^^^^^^
  File "/home/runner/work/TestCapitalComPySe/TestCapitalComPySe/pages/base_page.py", line 307, in element_is_visible
    return Wait(self.driver, timeout).until(
           ^^^^^^^^^^^^^^^^^^^^^^^^^^^^^^^^^
  File "/home/runner/.cache/pypoetry/virtualenvs/testcapitalcompyse-CcJ6hTD8-py3.12/lib/python3.12/site-packages/selenium/webdriver/support/wait.py", line 105, in until
    raise TimeoutException(message, screen, stacktrace)
selenium.common.exceptions.TimeoutException: Message: 
Stacktrace:
#0 0x56283fef7873 <unknown>
#1 0x56283fbed8c6 <unknown>
#2 0x56283fc38618 <unknown>
#3 0x56283fc386d1 <unknown>
#4 0x56283fc7b744 <unknown>
#5 0x56283fc5a5cd <unknown>
#6 0x56283fc78c19 <unknown>
#7 0x56283fc5a343 <unknown>
#8 0x56283fc2b593 <unknown>
#9 0x56283fc2bf5e <unknown>
#10 0x56283febb85b <unknown>
#11 0x56283febf7b5 <unknown>
#12 0x56283fea9581 <unknown>
#13 0x56283fec0342 <unknown>
#14 0x56283fe8e88f <unknown>
#15 0x56283fee6738 <unknown>
#16 0x56283fee690b <unknown>
#17 0x56283fef69c4 <unknown>
#18 0x7f0f02894ac3 <unknown>

2024-04-06 16:00:44 ERROR Elements not present after 0.5 seconds on page: https://capital.com/trading/platform/
2024-04-06 16:00:44 ERROR 
Traceback (most recent call last):
  File "/home/runner/work/TestCapitalComPySe/TestCapitalComPySe/pages/base_page.py", line 85, in inner_function
    return func(*args, **kwargs)
           ^^^^^^^^^^^^^^^^^^^^^
  File "/home/runner/work/TestCapitalComPySe/TestCapitalComPySe/pages/base_page.py", line 307, in element_is_visible
    return Wait(self.driver, timeout).until(
           ^^^^^^^^^^^^^^^^^^^^^^^^^^^^^^^^^
  File "/home/runner/.cache/pypoetry/virtualenvs/testcapitalcompyse-CcJ6hTD8-py3.12/lib/python3.12/site-packages/selenium/webdriver/support/wait.py", line 105, in until
    raise TimeoutException(message, screen, stacktrace)
selenium.common.exceptions.TimeoutException: Message: 
Stacktrace:
#0 0x56283fef7873 <unknown>
#1 0x56283fbed8c6 <unknown>
#2 0x56283fc38618 <unknown>
#3 0x56283fc386d1 <unknown>
#4 0x56283fc7b744 <unknown>
#5 0x56283fc5a5cd <unknown>
#6 0x56283fc78c19 <unknown>
#7 0x56283fc5a343 <unknown>
#8 0x56283fc2b593 <unknown>
#9 0x56283fc2bf5e <unknown>
#10 0x56283febb85b <unknown>
#11 0x56283febf7b5 <unknown>
#12 0x56283fea9581 <unknown>
#13 0x56283fec0342 <unknown>
#14 0x56283fe8e88f <unknown>
#15 0x56283fee6738 <unknown>
#16 0x56283fee690b <unknown>
#17 0x56283fef69c4 <unknown>
#18 0x7f0f02894ac3 <unknown>

2024-04-06 16:00:47 ERROR Elements not present after 0.5 seconds on page: https://capital.com/trading/platform/
2024-04-06 16:00:47 ERROR 
Traceback (most recent call last):
  File "/home/runner/work/TestCapitalComPySe/TestCapitalComPySe/pages/base_page.py", line 85, in inner_function
    return func(*args, **kwargs)
           ^^^^^^^^^^^^^^^^^^^^^
  File "/home/runner/work/TestCapitalComPySe/TestCapitalComPySe/pages/base_page.py", line 307, in element_is_visible
    return Wait(self.driver, timeout).until(
           ^^^^^^^^^^^^^^^^^^^^^^^^^^^^^^^^^
  File "/home/runner/.cache/pypoetry/virtualenvs/testcapitalcompyse-CcJ6hTD8-py3.12/lib/python3.12/site-packages/selenium/webdriver/support/wait.py", line 105, in until
    raise TimeoutException(message, screen, stacktrace)
selenium.common.exceptions.TimeoutException: Message: 
Stacktrace:
#0 0x56283fef7873 <unknown>
#1 0x56283fbed8c6 <unknown>
#2 0x56283fc38618 <unknown>
#3 0x56283fc386d1 <unknown>
#4 0x56283fc7b744 <unknown>
#5 0x56283fc5a5cd <unknown>
#6 0x56283fc78c19 <unknown>
#7 0x56283fc5a343 <unknown>
#8 0x56283fc2b593 <unknown>
#9 0x56283fc2bf5e <unknown>
#10 0x56283febb85b <unknown>
#11 0x56283febf7b5 <unknown>
#12 0x56283fea9581 <unknown>
#13 0x56283fec0342 <unknown>
#14 0x56283fe8e88f <unknown>
#15 0x56283fee6738 <unknown>
#16 0x56283fee690b <unknown>
#17 0x56283fef69c4 <unknown>
#18 0x7f0f02894ac3 <unknown>