2024-04-15 13:11:58 ERROR Elements not present after 0.5 seconds on page: https://capital.com/ru/usd-cad-stavka
2024-04-15 13:11:58 ERROR 
Traceback (most recent call last):
  File "/home/runner/work/TestCapitalComPySe/TestCapitalComPySe/pages/base_page.py", line 85, in inner_function
    return func(*args, **kwargs)
           ^^^^^^^^^^^^^^^^^^^^^
  File "/home/runner/work/TestCapitalComPySe/TestCapitalComPySe/pages/base_page.py", line 304, in element_is_visible
    return Wait(self.driver, timeout).until(
           ^^^^^^^^^^^^^^^^^^^^^^^^^^^^^^^^^
  File "/home/runner/.cache/pypoetry/virtualenvs/testcapitalcompyse-CcJ6hTD8-py3.12/lib/python3.12/site-packages/selenium/webdriver/support/wait.py", line 105, in until
    raise TimeoutException(message, screen, stacktrace)
selenium.common.exceptions.TimeoutException: Message: 
Stacktrace:
#0 0x55c50fab2863 <unknown>
#1 0x55c50f7a88c6 <unknown>
#2 0x55c50f7f3618 <unknown>
#3 0x55c50f7f36d1 <unknown>
#4 0x55c50f836744 <unknown>
#5 0x55c50f8155cd <unknown>
#6 0x55c50f833c19 <unknown>
#7 0x55c50f815343 <unknown>
#8 0x55c50f7e6593 <unknown>
#9 0x55c50f7e6f5e <unknown>
#10 0x55c50fa7684b <unknown>
#11 0x55c50fa7a7a5 <unknown>
#12 0x55c50fa64571 <unknown>
#13 0x55c50fa7b332 <unknown>
#14 0x55c50fa4987f <unknown>
#15 0x55c50faa1728 <unknown>
#16 0x55c50faa18fb <unknown>
#17 0x55c50fab19b4 <unknown>
#18 0x7f8dc0694ac3 <unknown>