2024-01-23 11:05:02 ERROR Elements not present after 0.5 seconds on page: https://capital.com/de/waehrungshandel
2024-01-23 11:05:02 ERROR 
Traceback (most recent call last):
  File "/home/runner/work/TestCapitalComPySe/TestCapitalComPySe/pages/base_page.py", line 82, in inner_function
    return func(*args, **kwargs)
           ^^^^^^^^^^^^^^^^^^^^^
  File "/home/runner/work/TestCapitalComPySe/TestCapitalComPySe/pages/base_page.py", line 293, in element_is_visible
    return Wait(self.browser, timeout).until(
           ^^^^^^^^^^^^^^^^^^^^^^^^^^^^^^^^^^
  File "/home/runner/.cache/pypoetry/virtualenvs/testcapitalcompyse-CcJ6hTD8-py3.11/lib/python3.11/site-packages/selenium/webdriver/support/wait.py", line 105, in until
    raise TimeoutException(message, screen, stacktrace)
selenium.common.exceptions.TimeoutException: Message: 
Stacktrace:
#0 0x55668e26ef83 <unknown>
#1 0x55668df27cf7 <unknown>
#2 0x55668df7799e <unknown>
#3 0x55668df77aa1 <unknown>
#4 0x55668dfc2d64 <unknown>
#5 0x55668dfa10dd <unknown>
#6 0x55668dfc0006 <unknown>
#7 0x55668dfa0e53 <unknown>
#8 0x55668df68dd4 <unknown>
#9 0x55668df6a1de <unknown>
#10 0x55668e233531 <unknown>
#11 0x55668e237455 <unknown>
#12 0x55668e21ff55 <unknown>
#13 0x55668e2380ef <unknown>
#14 0x55668e20399f <unknown>
#15 0x55668e25c008 <unknown>
#16 0x55668e25c1d7 <unknown>
#17 0x55668e26e124 <unknown>
#18 0x7f6ceb294ac3 <unknown>

2024-01-23 11:05:03 ERROR Elements not present after 0.5 seconds on page: https://capital.com/de/waehrungshandel
2024-01-23 11:05:03 ERROR 
Traceback (most recent call last):
  File "/home/runner/work/TestCapitalComPySe/TestCapitalComPySe/pages/base_page.py", line 82, in inner_function
    return func(*args, **kwargs)
           ^^^^^^^^^^^^^^^^^^^^^
  File "/home/runner/work/TestCapitalComPySe/TestCapitalComPySe/pages/base_page.py", line 497, in wait_for_target_url
    return Wait(self.browser, timeout).until(
           ^^^^^^^^^^^^^^^^^^^^^^^^^^^^^^^^^^
  File "/home/runner/.cache/pypoetry/virtualenvs/testcapitalcompyse-CcJ6hTD8-py3.11/lib/python3.11/site-packages/selenium/webdriver/support/wait.py", line 105, in until
    raise TimeoutException(message, screen, stacktrace)
selenium.common.exceptions.TimeoutException: Message: 

2024-01-23 11:05:21 ERROR Elements not present after 0.5 seconds on page: https://capital.com/de/waehrungshandel
2024-01-23 11:05:21 ERROR 
Traceback (most recent call last):
  File "/home/runner/work/TestCapitalComPySe/TestCapitalComPySe/pages/base_page.py", line 82, in inner_function
    return func(*args, **kwargs)
           ^^^^^^^^^^^^^^^^^^^^^
  File "/home/runner/work/TestCapitalComPySe/TestCapitalComPySe/pages/base_page.py", line 293, in element_is_visible
    return Wait(self.browser, timeout).until(
           ^^^^^^^^^^^^^^^^^^^^^^^^^^^^^^^^^^
  File "/home/runner/.cache/pypoetry/virtualenvs/testcapitalcompyse-CcJ6hTD8-py3.11/lib/python3.11/site-packages/selenium/webdriver/support/wait.py", line 105, in until
    raise TimeoutException(message, screen, stacktrace)
selenium.common.exceptions.TimeoutException: Message: 
Stacktrace:
#0 0x55668e26ef83 <unknown>
#1 0x55668df27cf7 <unknown>
#2 0x55668df7799e <unknown>
#3 0x55668df77aa1 <unknown>
#4 0x55668dfc2d64 <unknown>
#5 0x55668dfa10dd <unknown>
#6 0x55668dfc0006 <unknown>
#7 0x55668dfa0e53 <unknown>
#8 0x55668df68dd4 <unknown>
#9 0x55668df6a1de <unknown>
#10 0x55668e233531 <unknown>
#11 0x55668e237455 <unknown>
#12 0x55668e21ff55 <unknown>
#13 0x55668e2380ef <unknown>
#14 0x55668e20399f <unknown>
#15 0x55668e25c008 <unknown>
#16 0x55668e25c1d7 <unknown>
#17 0x55668e26e124 <unknown>
#18 0x7f6ceb294ac3 <unknown>