2024-01-23 11:28:04 ERROR Elements not present after 0.5 seconds on page: https://capital.com/de/trade-etfs
2024-01-23 11:28:04 ERROR 
Traceback (most recent call last):
  File "/home/runner/work/TestCapitalComPySe/TestCapitalComPySe/pages/base_page.py", line 82, in inner_function
    return func(*args, **kwargs)
           ^^^^^^^^^^^^^^^^^^^^^
  File "/home/runner/work/TestCapitalComPySe/TestCapitalComPySe/pages/base_page.py", line 293, in element_is_visible
    return Wait(self.browser, timeout).until(
           ^^^^^^^^^^^^^^^^^^^^^^^^^^^^^^^^^^
  File "/home/runner/.cache/pypoetry/virtualenvs/testcapitalcompyse-CcJ6hTD8-py3.11/lib/python3.11/site-packages/selenium/webdriver/support/wait.py", line 105, in until
    raise TimeoutException(message, screen, stacktrace)
selenium.common.exceptions.TimeoutException: Message: 
Stacktrace:
#0 0x55e8c2c01f83 <unknown>
#1 0x55e8c28bacf7 <unknown>
#2 0x55e8c290a99e <unknown>
#3 0x55e8c290aaa1 <unknown>
#4 0x55e8c2955d64 <unknown>
#5 0x55e8c29340dd <unknown>
#6 0x55e8c2953006 <unknown>
#7 0x55e8c2933e53 <unknown>
#8 0x55e8c28fbdd4 <unknown>
#9 0x55e8c28fd1de <unknown>
#10 0x55e8c2bc6531 <unknown>
#11 0x55e8c2bca455 <unknown>
#12 0x55e8c2bb2f55 <unknown>
#13 0x55e8c2bcb0ef <unknown>
#14 0x55e8c2b9699f <unknown>
#15 0x55e8c2bef008 <unknown>
#16 0x55e8c2bef1d7 <unknown>
#17 0x55e8c2c01124 <unknown>
#18 0x7f4ff1894ac3 <unknown>

2024-01-23 11:28:09 ERROR Elements not present after 0.5 seconds on page: https://capital.com/de/trade-etfs
2024-01-23 11:28:09 ERROR 
Traceback (most recent call last):
  File "/home/runner/work/TestCapitalComPySe/TestCapitalComPySe/pages/base_page.py", line 82, in inner_function
    return func(*args, **kwargs)
           ^^^^^^^^^^^^^^^^^^^^^
  File "/home/runner/work/TestCapitalComPySe/TestCapitalComPySe/pages/base_page.py", line 293, in element_is_visible
    return Wait(self.browser, timeout).until(
           ^^^^^^^^^^^^^^^^^^^^^^^^^^^^^^^^^^
  File "/home/runner/.cache/pypoetry/virtualenvs/testcapitalcompyse-CcJ6hTD8-py3.11/lib/python3.11/site-packages/selenium/webdriver/support/wait.py", line 105, in until
    raise TimeoutException(message, screen, stacktrace)
selenium.common.exceptions.TimeoutException: Message: 
Stacktrace:
#0 0x55e8c2c01f83 <unknown>
#1 0x55e8c28bacf7 <unknown>
#2 0x55e8c290a99e <unknown>
#3 0x55e8c290aaa1 <unknown>
#4 0x55e8c2955d64 <unknown>
#5 0x55e8c29340dd <unknown>
#6 0x55e8c2953006 <unknown>
#7 0x55e8c2933e53 <unknown>
#8 0x55e8c28fbdd4 <unknown>
#9 0x55e8c28fd1de <unknown>
#10 0x55e8c2bc6531 <unknown>
#11 0x55e8c2bca455 <unknown>
#12 0x55e8c2bb2f55 <unknown>
#13 0x55e8c2bcb0ef <unknown>
#14 0x55e8c2b9699f <unknown>
#15 0x55e8c2bef008 <unknown>
#16 0x55e8c2bef1d7 <unknown>
#17 0x55e8c2c01124 <unknown>
#18 0x7f4ff1894ac3 <unknown>