2024-01-18 09:26:28 ERROR Elements not present after 0.5 seconds on page: https://capital.com/trading/platform/
2024-01-18 09:26:28 ERROR 
Traceback (most recent call last):
  File "/home/runner/work/TestCapitalComPySe/TestCapitalComPySe/pages/base_page.py", line 82, in inner_function
    return func(*args, **kwargs)
           ^^^^^^^^^^^^^^^^^^^^^
  File "/home/runner/work/TestCapitalComPySe/TestCapitalComPySe/pages/base_page.py", line 293, in element_is_visible
    return Wait(self.browser, timeout).until(
           ^^^^^^^^^^^^^^^^^^^^^^^^^^^^^^^^^^
  File "/home/runner/.cache/pypoetry/virtualenvs/testcapitalcompyse-CcJ6hTD8-py3.11/lib/python3.11/site-packages/selenium/webdriver/support/wait.py", line 105, in until
    raise TimeoutException(message, screen, stacktrace)
selenium.common.exceptions.TimeoutException: Message: 
Stacktrace:
#0 0x55b72e634f83 <unknown>
#1 0x55b72e2edcf7 <unknown>
#2 0x55b72e33d99e <unknown>
#3 0x55b72e33daa1 <unknown>
#4 0x55b72e388d64 <unknown>
#5 0x55b72e3670dd <unknown>
#6 0x55b72e386006 <unknown>
#7 0x55b72e366e53 <unknown>
#8 0x55b72e32edd4 <unknown>
#9 0x55b72e3301de <unknown>
#10 0x55b72e5f9531 <unknown>
#11 0x55b72e5fd455 <unknown>
#12 0x55b72e5e5f55 <unknown>
#13 0x55b72e5fe0ef <unknown>
#14 0x55b72e5c999f <unknown>
#15 0x55b72e622008 <unknown>
#16 0x55b72e6221d7 <unknown>
#17 0x55b72e634124 <unknown>
#18 0x7f1858494ac3 <unknown>