{"uid":"b27530a9b6067209","name":"TC_55!322a (Lang: ar) | Bid:55!322a-ar.ae.NoReg","fullName":"tests.US_55_ReTestsManual.tassobaccato.US_55-tassobaccato_ReTestsManual_test.TestManualDetectedBugs#test_322a","historyId":"b3038b21fc9bc6337c5ef01e2bfca542","time":{"start":1728089080074,"stop":1728089099125,"duration":19051},"description":"\n        Check: Clicking [numeric values] in the Sell column in Menu tittle Markets does not open the\n                Sign-Up /Login form or page of the corresponding trading instrument on the trading platform using\n                English or Arabic language.\n        Language: EN, AR\n        License: SCA\n        Author: Kasila\n        ","descriptionHtml":"<pre><code>    Check: Clicking [numeric values] in the Sell column in Menu tittle Markets does not open the\n            Sign-Up /Login form or page of the corresponding trading instrument on the trading platform using\n            English or Arabic language.\n    Language: EN, AR\n    License: SCA\n    Author: Kasila\n</code></pre>\n","status":"failed","statusMessage":"Failed: Bug # 55!322 \nExpected result: Sign Up form is opened\nActual result: Sign Up form is not opened","statusTrace":"self = <pages.BugsManual.bug_322.AssertTPI object at 0x7f1eda079e80>\nd = <selenium.webdriver.chrome.webdriver.WebDriver (session=\"c091637246e2a4252ab75afd13a6fc78\")>\n\n    def assert_signup(self, d):\n        print(f\"\\n{datetime.now()}   3. Assert\")\n    \n        try:\n>           signup_form = self.driver.find_element(By.XPATH, '//strong/span[contains(text(), \"Sign up\")]')\n\npages/BugsManual/bug_322.py:107: \n_ _ _ _ _ _ _ _ _ _ _ _ _ _ _ _ _ _ _ _ _ _ _ _ _ _ _ _ _ _ _ _ _ _ _ _ _ _ _ _ \n../../../.cache/pypoetry/virtualenvs/testcapitalcompyse-CcJ6hTD8-py3.12/lib/python3.12/site-packages/selenium/webdriver/remote/webdriver.py:748: in find_element\n    return self.execute(Command.FIND_ELEMENT, {\"using\": by, \"value\": value})[\"value\"]\n../../../.cache/pypoetry/virtualenvs/testcapitalcompyse-CcJ6hTD8-py3.12/lib/python3.12/site-packages/selenium/webdriver/remote/webdriver.py:354: in execute\n    self.error_handler.check_response(response)\n_ _ _ _ _ _ _ _ _ _ _ _ _ _ _ _ _ _ _ _ _ _ _ _ _ _ _ _ _ _ _ _ _ _ _ _ _ _ _ _ \n\nself = <selenium.webdriver.remote.errorhandler.ErrorHandler object at 0x7f1eda07b860>\nresponse = {'status': 404, 'value': '{\"value\":{\"error\":\"no such element\",\"message\":\"no such element: Unable to locate element: {\\...\\\\n#16 0x5615428c30f3 \\\\u003Cunknown>\\\\n#17 0x5615428d2e7c \\\\u003Cunknown>\\\\n#18 0x7fb2f4294ac3 \\\\u003Cunknown>\\\\n\"}}'}\n\n    def check_response(self, response: Dict[str, Any]) -> None:\n        \"\"\"Checks that a JSON response from the WebDriver does not have an\n        error.\n    \n        :Args:\n         - response - The JSON response from the WebDriver server as a dictionary\n           object.\n    \n        :Raises: If the response contains an error message.\n        \"\"\"\n        status = response.get(\"status\", None)\n        if not status or status == ErrorCode.SUCCESS:\n            return\n        value = None\n        message = response.get(\"message\", \"\")\n        screen: str = response.get(\"screen\", \"\")\n        stacktrace = None\n        if isinstance(status, int):\n            value_json = response.get(\"value\", None)\n            if value_json and isinstance(value_json, str):\n                import json\n    \n                try:\n                    value = json.loads(value_json)\n                    if len(value) == 1:\n                        value = value[\"value\"]\n                    status = value.get(\"error\", None)\n                    if not status:\n                        status = value.get(\"status\", ErrorCode.UNKNOWN_ERROR)\n                        message = value.get(\"value\") or value.get(\"message\")\n                        if not isinstance(message, str):\n                            value = message\n                            message = message.get(\"message\")\n                    else:\n                        message = value.get(\"message\", None)\n                except ValueError:\n                    pass\n    \n        exception_class: Type[WebDriverException]\n        e = ErrorCode()\n        error_codes = [item for item in dir(e) if not item.startswith(\"__\")]\n        for error_code in error_codes:\n            error_info = getattr(ErrorCode, error_code)\n            if isinstance(error_info, list) and status in error_info:\n                exception_class = getattr(ExceptionMapping, error_code, WebDriverException)\n                break\n        else:\n            exception_class = WebDriverException\n    \n        if not value:\n            value = response[\"value\"]\n        if isinstance(value, str):\n            raise exception_class(value)\n        if message == \"\" and \"message\" in value:\n            message = value[\"message\"]\n    \n        screen = None  # type: ignore[assignment]\n        if \"screen\" in value:\n            screen = value[\"screen\"]\n    \n        stacktrace = None\n        st_value = value.get(\"stackTrace\") or value.get(\"stacktrace\")\n        if st_value:\n            if isinstance(st_value, str):\n                stacktrace = st_value.split(\"\\n\")\n            else:\n                stacktrace = []\n                try:\n                    for frame in st_value:\n                        line = frame.get(\"lineNumber\", \"\")\n                        file = frame.get(\"fileName\", \"<anonymous>\")\n                        if line:\n                            file = f\"{file}:{line}\"\n                        meth = frame.get(\"methodName\", \"<anonymous>\")\n                        if \"className\" in frame:\n                            meth = f\"{frame['className']}.{meth}\"\n                        msg = \"    at %s (%s)\"\n                        msg = msg % (meth, file)\n                        stacktrace.append(msg)\n                except TypeError:\n                    pass\n        if exception_class == UnexpectedAlertPresentException:\n            alert_text = None\n            if \"data\" in value:\n                alert_text = value[\"data\"].get(\"text\")\n            elif \"alert\" in value:\n                alert_text = value[\"alert\"].get(\"text\")\n            raise exception_class(message, screen, stacktrace, alert_text)  # type: ignore[call-arg]  # mypy is not smart enough here\n>       raise exception_class(message, screen, stacktrace)\nE       selenium.common.exceptions.NoSuchElementException: Message: no such element: Unable to locate element: {\"method\":\"xpath\",\"selector\":\"//strong/span[contains(text(), \"Sign up\")]\"}\nE         (Session info: chrome=129.0.6668.58); For documentation on this error, please visit: https://www.selenium.dev/documentation/webdriver/troubleshooting/errors#no-such-element-exception\nE       Stacktrace:\nE       #0 0x5615428d402a <unknown>\nE       #1 0x5615425ba5e0 <unknown>\nE       #2 0x561542609be8 <unknown>\nE       #3 0x561542609e81 <unknown>\nE       #4 0x5615426508c4 <unknown>\nE       #5 0x56154262eb4d <unknown>\nE       #6 0x56154264dd7d <unknown>\nE       #7 0x56154262e8c3 <unknown>\nE       #8 0x5615425fc6b3 <unknown>\nE       #9 0x5615425fd68e <unknown>\nE       #10 0x56154289ea2b <unknown>\nE       #11 0x5615428a29b1 <unknown>\nE       #12 0x56154288b225 <unknown>\nE       #13 0x5615428a3532 <unknown>\nE       #14 0x56154287038f <unknown>\nE       #15 0x5615428c2f28 <unknown>\nE       #16 0x5615428c30f3 <unknown>\nE       #17 0x5615428d2e7c <unknown>\nE       #18 0x7fb2f4294ac3 <unknown>\n\n../../../.cache/pypoetry/virtualenvs/testcapitalcompyse-CcJ6hTD8-py3.12/lib/python3.12/site-packages/selenium/webdriver/remote/errorhandler.py:229: NoSuchElementException\n\nDuring handling of the above exception, another exception occurred:\n\nself = <US_55-tassobaccato_ReTestsManual_test.TestManualDetectedBugs object at 0x7f1edaa0e480>\nworker_id = 'master'\nd = <selenium.webdriver.chrome.webdriver.WebDriver (session=\"c091637246e2a4252ab75afd13a6fc78\")>\ncur_language = 'ar', cur_country = 'ae', cur_role = 'NoReg'\ncur_login = 'test001.miketar+1@gmail.com', cur_password = 'Qwer1234-!@#$'\ntitle_instrument = ''\n\n    @allure.step(\n        'Start retest manual AT_55!322a that the Sign Up/Login/page of the corresponding trading instrument on '\n        'the trading platform is opened after clicking [numeric values] in the Sell column.')\n    @pytest.mark.parametrize('cur_language', ['', 'ar'])\n    @pytest.mark.parametrize('cur_country', ['ae'])\n    @pytest.mark.parametrize('cur_role', [\"NoReg\", \"Auth\", \"NoAuth\"])\n    @pytest.mark.parametrize('title_instrument', [''])\n    @pytest.mark.bug_322a\n    def test_322a(self, worker_id, d, cur_language, cur_country, cur_role, cur_login, cur_password, title_instrument):\n        \"\"\"\n        Check: Clicking [numeric values] in the Sell column in Menu tittle Markets does not open the\n                Sign-Up /Login form or page of the corresponding trading instrument on the trading platform using\n                English or Arabic language.\n        Language: EN, AR\n        License: SCA\n        Author: Kasila\n        \"\"\"\n    \n        bid = build_dynamic_arg_for_us_55(\n            d, worker_id, cur_language, cur_country, cur_role,\n            \"55\", \"ReTests of Manual Detected Bugs\",\n            \"322a\", 'The Sign Up/Login/page of the corresponding trading instrument on the trading platform'\n                   ' is not opened after clicking [numeric values] in the Sell column'\n        )\n    \n        link = conditions_switch(d, cur_language, cur_country, cur_role, cur_login, cur_password)\n    \n        match cur_language:\n            case '':\n                link = conditions_switch(d, cur_language, cur_country, cur_role, cur_login, cur_password)\n                menu = MenuNewMarkets(d, link)\n                cur_item_link = menu.from_markets_menu_open_markets(d, cur_language, cur_country, link)\n                test_element = TradingInstrumentsMarkets(d, cur_item_link, bid)\n                test_element.trading_instruments(d, cur_item_link)\n                test_element.click_button_sell(d)\n                test_element = AssertTPI(d, cur_item_link, title_instrument)\n                match cur_role:\n                    case 'NoReg':\n                        test_element.assert_signup(d)\n                    case 'NoAuth':\n                        test_element.assert_login(d)\n                    case 'Auth':\n                        test_element.assert_tpi(d, title_instrument)\n            case 'ar':\n                link = conditions_switch(d, cur_language, cur_country, cur_role, cur_login, cur_password)\n                menu = MenuNewMarkets(d, link)\n                cur_item_link = menu.from_markets_menu_open_markets(d, cur_language, cur_country, link)\n                test_element = TradingInstrumentsMarkets(d, cur_item_link, bid)\n                test_element.trading_instruments(d, cur_item_link)\n                test_element.click_button_sell(d)\n                test_element = AssertTPI(d, cur_item_link, title_instrument)\n                match cur_role:\n                    case 'NoReg':\n>                       test_element.assert_signup(d)\n\ntests/US_55_ReTestsManual/tassobaccato/US_55-tassobaccato_ReTestsManual_test.py:262: \n_ _ _ _ _ _ _ _ _ _ _ _ _ _ _ _ _ _ _ _ _ _ _ _ _ _ _ _ _ _ _ _ _ _ _ _ _ _ _ _ \npages/BugsManual/bug_322.py:113: in assert_signup\n    Common.pytest_fail(\"Bug # 55!322 \"\n_ _ _ _ _ _ _ _ _ _ _ _ _ _ _ _ _ _ _ _ _ _ _ _ _ _ _ _ _ _ _ _ _ _ _ _ _ _ _ _ \n\nmsg = 'Bug # 55!322 \\nExpected result: Sign Up form is opened\\nActual result: Sign Up form is not opened'\n\n    @staticmethod\n    def pytest_fail(msg):\n    \tCommon.flag_of_bug = True\n>   \tpytest.fail(msg)\nE    Failed: Bug # 55!322 \nE    Expected result: Sign Up form is opened\nE    Actual result: Sign Up form is not opened\n\npages/common.py:235: Failed","flaky":false,"newFailed":false,"newBroken":false,"newPassed":false,"retriesCount":0,"retriesStatusChange":false,"beforeStages":[{"name":"d","time":{"start":1728088177585,"stop":1728088178180,"duration":595},"status":"passed","steps":[],"attachments":[],"parameters":[],"shouldDisplayMessage":false,"stepsCount":0,"attachmentsCount":0,"hasContent":false,"attachmentStep":false},{"name":"worker_id","time":{"start":1728088178180,"stop":1728088178180,"duration":0},"status":"passed","steps":[],"attachments":[],"parameters":[],"shouldDisplayMessage":false,"stepsCount":0,"attachmentsCount":0,"hasContent":false,"attachmentStep":false},{"name":"cur_login","time":{"start":1728088178180,"stop":1728088178180,"duration":0},"status":"passed","steps":[],"attachments":[],"parameters":[],"shouldDisplayMessage":false,"stepsCount":0,"attachmentsCount":0,"hasContent":false,"attachmentStep":false},{"name":"cur_password","time":{"start":1728088178180,"stop":1728088178180,"duration":0},"status":"passed","steps":[],"attachments":[],"parameters":[],"shouldDisplayMessage":false,"stepsCount":0,"attachmentsCount":0,"hasContent":false,"attachmentStep":false}],"testStage":{"description":"\n        Check: Clicking [numeric values] in the Sell column in Menu tittle Markets does not open the\n                Sign-Up /Login form or page of the corresponding trading instrument on the trading platform using\n                English or Arabic language.\n        Language: EN, AR\n        License: SCA\n        Author: Kasila\n        ","status":"failed","statusMessage":"Failed: Bug # 55!322 \nExpected result: Sign Up form is opened\nActual result: Sign Up form is not opened","statusTrace":"self = <pages.BugsManual.bug_322.AssertTPI object at 0x7f1eda079e80>\nd = <selenium.webdriver.chrome.webdriver.WebDriver (session=\"c091637246e2a4252ab75afd13a6fc78\")>\n\n    def assert_signup(self, d):\n        print(f\"\\n{datetime.now()}   3. Assert\")\n    \n        try:\n>           signup_form = self.driver.find_element(By.XPATH, '//strong/span[contains(text(), \"Sign up\")]')\n\npages/BugsManual/bug_322.py:107: \n_ _ _ _ _ _ _ _ _ _ _ _ _ _ _ _ _ _ _ _ _ _ _ _ _ _ _ _ _ _ _ _ _ _ _ _ _ _ _ _ \n../../../.cache/pypoetry/virtualenvs/testcapitalcompyse-CcJ6hTD8-py3.12/lib/python3.12/site-packages/selenium/webdriver/remote/webdriver.py:748: in find_element\n    return self.execute(Command.FIND_ELEMENT, {\"using\": by, \"value\": value})[\"value\"]\n../../../.cache/pypoetry/virtualenvs/testcapitalcompyse-CcJ6hTD8-py3.12/lib/python3.12/site-packages/selenium/webdriver/remote/webdriver.py:354: in execute\n    self.error_handler.check_response(response)\n_ _ _ _ _ _ _ _ _ _ _ _ _ _ _ _ _ _ _ _ _ _ _ _ _ _ _ _ _ _ _ _ _ _ _ _ _ _ _ _ \n\nself = <selenium.webdriver.remote.errorhandler.ErrorHandler object at 0x7f1eda07b860>\nresponse = {'status': 404, 'value': '{\"value\":{\"error\":\"no such element\",\"message\":\"no such element: Unable to locate element: {\\...\\\\n#16 0x5615428c30f3 \\\\u003Cunknown>\\\\n#17 0x5615428d2e7c \\\\u003Cunknown>\\\\n#18 0x7fb2f4294ac3 \\\\u003Cunknown>\\\\n\"}}'}\n\n    def check_response(self, response: Dict[str, Any]) -> None:\n        \"\"\"Checks that a JSON response from the WebDriver does not have an\n        error.\n    \n        :Args:\n         - response - The JSON response from the WebDriver server as a dictionary\n           object.\n    \n        :Raises: If the response contains an error message.\n        \"\"\"\n        status = response.get(\"status\", None)\n        if not status or status == ErrorCode.SUCCESS:\n            return\n        value = None\n        message = response.get(\"message\", \"\")\n        screen: str = response.get(\"screen\", \"\")\n        stacktrace = None\n        if isinstance(status, int):\n            value_json = response.get(\"value\", None)\n            if value_json and isinstance(value_json, str):\n                import json\n    \n                try:\n                    value = json.loads(value_json)\n                    if len(value) == 1:\n                        value = value[\"value\"]\n                    status = value.get(\"error\", None)\n                    if not status:\n                        status = value.get(\"status\", ErrorCode.UNKNOWN_ERROR)\n                        message = value.get(\"value\") or value.get(\"message\")\n                        if not isinstance(message, str):\n                            value = message\n                            message = message.get(\"message\")\n                    else:\n                        message = value.get(\"message\", None)\n                except ValueError:\n                    pass\n    \n        exception_class: Type[WebDriverException]\n        e = ErrorCode()\n        error_codes = [item for item in dir(e) if not item.startswith(\"__\")]\n        for error_code in error_codes:\n            error_info = getattr(ErrorCode, error_code)\n            if isinstance(error_info, list) and status in error_info:\n                exception_class = getattr(ExceptionMapping, error_code, WebDriverException)\n                break\n        else:\n            exception_class = WebDriverException\n    \n        if not value:\n            value = response[\"value\"]\n        if isinstance(value, str):\n            raise exception_class(value)\n        if message == \"\" and \"message\" in value:\n            message = value[\"message\"]\n    \n        screen = None  # type: ignore[assignment]\n        if \"screen\" in value:\n            screen = value[\"screen\"]\n    \n        stacktrace = None\n        st_value = value.get(\"stackTrace\") or value.get(\"stacktrace\")\n        if st_value:\n            if isinstance(st_value, str):\n                stacktrace = st_value.split(\"\\n\")\n            else:\n                stacktrace = []\n                try:\n                    for frame in st_value:\n                        line = frame.get(\"lineNumber\", \"\")\n                        file = frame.get(\"fileName\", \"<anonymous>\")\n                        if line:\n                            file = f\"{file}:{line}\"\n                        meth = frame.get(\"methodName\", \"<anonymous>\")\n                        if \"className\" in frame:\n                            meth = f\"{frame['className']}.{meth}\"\n                        msg = \"    at %s (%s)\"\n                        msg = msg % (meth, file)\n                        stacktrace.append(msg)\n                except TypeError:\n                    pass\n        if exception_class == UnexpectedAlertPresentException:\n            alert_text = None\n            if \"data\" in value:\n                alert_text = value[\"data\"].get(\"text\")\n            elif \"alert\" in value:\n                alert_text = value[\"alert\"].get(\"text\")\n            raise exception_class(message, screen, stacktrace, alert_text)  # type: ignore[call-arg]  # mypy is not smart enough here\n>       raise exception_class(message, screen, stacktrace)\nE       selenium.common.exceptions.NoSuchElementException: Message: no such element: Unable to locate element: {\"method\":\"xpath\",\"selector\":\"//strong/span[contains(text(), \"Sign up\")]\"}\nE         (Session info: chrome=129.0.6668.58); For documentation on this error, please visit: https://www.selenium.dev/documentation/webdriver/troubleshooting/errors#no-such-element-exception\nE       Stacktrace:\nE       #0 0x5615428d402a <unknown>\nE       #1 0x5615425ba5e0 <unknown>\nE       #2 0x561542609be8 <unknown>\nE       #3 0x561542609e81 <unknown>\nE       #4 0x5615426508c4 <unknown>\nE       #5 0x56154262eb4d <unknown>\nE       #6 0x56154264dd7d <unknown>\nE       #7 0x56154262e8c3 <unknown>\nE       #8 0x5615425fc6b3 <unknown>\nE       #9 0x5615425fd68e <unknown>\nE       #10 0x56154289ea2b <unknown>\nE       #11 0x5615428a29b1 <unknown>\nE       #12 0x56154288b225 <unknown>\nE       #13 0x5615428a3532 <unknown>\nE       #14 0x56154287038f <unknown>\nE       #15 0x5615428c2f28 <unknown>\nE       #16 0x5615428c30f3 <unknown>\nE       #17 0x5615428d2e7c <unknown>\nE       #18 0x7fb2f4294ac3 <unknown>\n\n../../../.cache/pypoetry/virtualenvs/testcapitalcompyse-CcJ6hTD8-py3.12/lib/python3.12/site-packages/selenium/webdriver/remote/errorhandler.py:229: NoSuchElementException\n\nDuring handling of the above exception, another exception occurred:\n\nself = <US_55-tassobaccato_ReTestsManual_test.TestManualDetectedBugs object at 0x7f1edaa0e480>\nworker_id = 'master'\nd = <selenium.webdriver.chrome.webdriver.WebDriver (session=\"c091637246e2a4252ab75afd13a6fc78\")>\ncur_language = 'ar', cur_country = 'ae', cur_role = 'NoReg'\ncur_login = 'test001.miketar+1@gmail.com', cur_password = 'Qwer1234-!@#$'\ntitle_instrument = ''\n\n    @allure.step(\n        'Start retest manual AT_55!322a that the Sign Up/Login/page of the corresponding trading instrument on '\n        'the trading platform is opened after clicking [numeric values] in the Sell column.')\n    @pytest.mark.parametrize('cur_language', ['', 'ar'])\n    @pytest.mark.parametrize('cur_country', ['ae'])\n    @pytest.mark.parametrize('cur_role', [\"NoReg\", \"Auth\", \"NoAuth\"])\n    @pytest.mark.parametrize('title_instrument', [''])\n    @pytest.mark.bug_322a\n    def test_322a(self, worker_id, d, cur_language, cur_country, cur_role, cur_login, cur_password, title_instrument):\n        \"\"\"\n        Check: Clicking [numeric values] in the Sell column in Menu tittle Markets does not open the\n                Sign-Up /Login form or page of the corresponding trading instrument on the trading platform using\n                English or Arabic language.\n        Language: EN, AR\n        License: SCA\n        Author: Kasila\n        \"\"\"\n    \n        bid = build_dynamic_arg_for_us_55(\n            d, worker_id, cur_language, cur_country, cur_role,\n            \"55\", \"ReTests of Manual Detected Bugs\",\n            \"322a\", 'The Sign Up/Login/page of the corresponding trading instrument on the trading platform'\n                   ' is not opened after clicking [numeric values] in the Sell column'\n        )\n    \n        link = conditions_switch(d, cur_language, cur_country, cur_role, cur_login, cur_password)\n    \n        match cur_language:\n            case '':\n                link = conditions_switch(d, cur_language, cur_country, cur_role, cur_login, cur_password)\n                menu = MenuNewMarkets(d, link)\n                cur_item_link = menu.from_markets_menu_open_markets(d, cur_language, cur_country, link)\n                test_element = TradingInstrumentsMarkets(d, cur_item_link, bid)\n                test_element.trading_instruments(d, cur_item_link)\n                test_element.click_button_sell(d)\n                test_element = AssertTPI(d, cur_item_link, title_instrument)\n                match cur_role:\n                    case 'NoReg':\n                        test_element.assert_signup(d)\n                    case 'NoAuth':\n                        test_element.assert_login(d)\n                    case 'Auth':\n                        test_element.assert_tpi(d, title_instrument)\n            case 'ar':\n                link = conditions_switch(d, cur_language, cur_country, cur_role, cur_login, cur_password)\n                menu = MenuNewMarkets(d, link)\n                cur_item_link = menu.from_markets_menu_open_markets(d, cur_language, cur_country, link)\n                test_element = TradingInstrumentsMarkets(d, cur_item_link, bid)\n                test_element.trading_instruments(d, cur_item_link)\n                test_element.click_button_sell(d)\n                test_element = AssertTPI(d, cur_item_link, title_instrument)\n                match cur_role:\n                    case 'NoReg':\n>                       test_element.assert_signup(d)\n\ntests/US_55_ReTestsManual/tassobaccato/US_55-tassobaccato_ReTestsManual_test.py:262: \n_ _ _ _ _ _ _ _ _ _ _ _ _ _ _ _ _ _ _ _ _ _ _ _ _ _ _ _ _ _ _ _ _ _ _ _ _ _ _ _ \npages/BugsManual/bug_322.py:113: in assert_signup\n    Common.pytest_fail(\"Bug # 55!322 \"\n_ _ _ _ _ _ _ _ _ _ _ _ _ _ _ _ _ _ _ _ _ _ _ _ _ _ _ _ _ _ _ _ _ _ _ _ _ _ _ _ \n\nmsg = 'Bug # 55!322 \\nExpected result: Sign Up form is opened\\nActual result: Sign Up form is not opened'\n\n    @staticmethod\n    def pytest_fail(msg):\n    \tCommon.flag_of_bug = True\n>   \tpytest.fail(msg)\nE    Failed: Bug # 55!322 \nE    Expected result: Sign Up form is opened\nE    Actual result: Sign Up form is not opened\n\npages/common.py:235: Failed","steps":[{"name":"Start retest manual AT_55!322a that the Sign Up/Login/page of the corresponding trading instrument on the trading platform is opened after clicking [numeric values] in the Sell column.","time":{"start":1728089080074,"stop":1728089099124,"duration":19050},"status":"failed","statusMessage":"Failed: Bug # 55!322 \nExpected result: Sign Up form is opened\nActual result: Sign Up form is not opened\n","statusTrace":"  File \"/home/runner/.cache/pypoetry/virtualenvs/testcapitalcompyse-CcJ6hTD8-py3.12/lib/python3.12/site-packages/allure_commons/_allure.py\", line 192, in impl\n    return func(*a, **kw)\n           ^^^^^^^^^^^^^^\n  File \"/home/runner/work/TestCapitalComPySe/TestCapitalComPySe/tests/US_55_ReTestsManual/tassobaccato/US_55-tassobaccato_ReTestsManual_test.py\", line 262, in test_322a\n    test_element.assert_signup(d)\n  File \"/home/runner/work/TestCapitalComPySe/TestCapitalComPySe/pages/BugsManual/bug_322.py\", line 113, in assert_signup\n    Common.pytest_fail(\"Bug # 55!322 \"\n  File \"/home/runner/work/TestCapitalComPySe/TestCapitalComPySe/pages/common.py\", line 235, in pytest_fail\n    pytest.fail(msg)\n  File \"/home/runner/.cache/pypoetry/virtualenvs/testcapitalcompyse-CcJ6hTD8-py3.12/lib/python3.12/site-packages/_pytest/outcomes.py\", line 178, in fail\n    raise Failed(msg=reason, pytrace=pytrace)\n","steps":[{"name":"Build dynamic argument for TCs of US_55","time":{"start":1728089080074,"stop":1728089080076,"duration":2},"status":"passed","steps":[],"attachments":[],"parameters":[{"name":"d","value":"<selenium.webdriver.chrome.webdriver.WebDriver (session=\"c091637246e2a4252ab75afd13a6fc78\")>"},{"name":"worker_id","value":"'master'"},{"name":"cur_language","value":"'ar'"},{"name":"cur_country","value":"'ae'"},{"name":"cur_role","value":"'NoReg'"},{"name":"us","value":"'55'"},{"name":"desc_us","value":"'ReTests of Manual Detected Bugs'"},{"name":"num_tc","value":"'322a'"},{"name":"desc_tc","value":"'The Sign Up/Login/page of the corresponding trading instrument on the trading platform is not opened after clicking [numeric values] in the Sell column'"},{"name":"manual","value":"False"},{"name":"new_layout","value":"False"}],"shouldDisplayMessage":false,"stepsCount":0,"attachmentsCount":0,"hasContent":true,"attachmentStep":false},{"name":"   Set New preconditions","time":{"start":1728089080076,"stop":1728089082938,"duration":2862},"status":"passed","steps":[{"name":"2024-10-05 00:29:37.569107   Set language and country","time":{"start":1728089081486,"stop":1728089082928,"duration":1442},"status":"passed","steps":[],"attachments":[],"parameters":[{"name":"d","value":"<selenium.webdriver.chrome.webdriver.WebDriver (session=\"c091637246e2a4252ab75afd13a6fc78\")>"},{"name":"cur_language","value":"'ar'"},{"name":"cur_country","value":"'ae'"}],"shouldDisplayMessage":false,"stepsCount":0,"attachmentsCount":0,"hasContent":true,"attachmentStep":false}],"attachments":[],"parameters":[{"name":"d","value":"<selenium.webdriver.chrome.webdriver.WebDriver (session=\"c091637246e2a4252ab75afd13a6fc78\")>"},{"name":"host","value":"'https://capital.com/en-gb'"},{"name":"end_point","value":"''"},{"name":"cur_language","value":"'ar'"},{"name":"cur_country","value":"'ae'"},{"name":"cur_role","value":"'NoReg'"},{"name":"cur_login","value":"'test001.miketar+1@gmail.com'"},{"name":"cur_password","value":"'Qwer1234-!@#$'"}],"shouldDisplayMessage":false,"stepsCount":1,"attachmentsCount":0,"hasContent":true,"attachmentStep":false},{"name":"   Set New preconditions","time":{"start":1728089082938,"stop":1728089085788,"duration":2850},"status":"passed","steps":[{"name":"2024-10-05 00:29:37.569107   Set language and country","time":{"start":1728089084384,"stop":1728089085783,"duration":1399},"status":"passed","steps":[],"attachments":[],"parameters":[{"name":"d","value":"<selenium.webdriver.chrome.webdriver.WebDriver (session=\"c091637246e2a4252ab75afd13a6fc78\")>"},{"name":"cur_language","value":"'ar'"},{"name":"cur_country","value":"'ae'"}],"shouldDisplayMessage":false,"stepsCount":0,"attachmentsCount":0,"hasContent":true,"attachmentStep":false}],"attachments":[],"parameters":[{"name":"d","value":"<selenium.webdriver.chrome.webdriver.WebDriver (session=\"c091637246e2a4252ab75afd13a6fc78\")>"},{"name":"host","value":"'https://capital.com/en-gb'"},{"name":"end_point","value":"''"},{"name":"cur_language","value":"'ar'"},{"name":"cur_country","value":"'ae'"},{"name":"cur_role","value":"'NoReg'"},{"name":"cur_login","value":"'test001.miketar+1@gmail.com'"},{"name":"cur_password","value":"'Qwer1234-!@#$'"}],"shouldDisplayMessage":false,"stepsCount":1,"attachmentsCount":0,"hasContent":true,"attachmentStep":false},{"name":"Select \"Trading\" menu, \"Trading\" submenu","time":{"start":1728089085788,"stop":1728089093987,"duration":8199},"status":"passed","steps":[],"attachments":[],"parameters":[{"name":"d","value":"<selenium.webdriver.chrome.webdriver.WebDriver (session=\"c091637246e2a4252ab75afd13a6fc78\")>"},{"name":"cur_language","value":"'ar'"},{"name":"cur_country","value":"'ae'"},{"name":"link","value":"'https://capital.com/ar-ae'"}],"shouldDisplayMessage":false,"stepsCount":0,"attachmentsCount":0,"hasContent":true,"attachmentStep":false},{"name":"2024-10-05 00:29:37.401710   1. Start test that the Clicking [numeric values] in the Sell column in Menu tittle Markets opens the Sign-Up /Login form or page of the corresponding trading instrument on the trading platform.","time":{"start":1728089093987,"stop":1728089094007,"duration":20},"status":"passed","steps":[],"attachments":[],"parameters":[{"name":"d","value":"<selenium.webdriver.chrome.webdriver.WebDriver (session=\"c091637246e2a4252ab75afd13a6fc78\")>"},{"name":"cur_item_link","value":"'https://capital.com/ar-ae/markets'"}],"shouldDisplayMessage":false,"stepsCount":0,"attachmentsCount":0,"hasContent":true,"attachmentStep":false}],"attachments":[],"parameters":[{"name":"worker_id","value":"'master'"},{"name":"d","value":"<selenium.webdriver.chrome.webdriver.WebDriver (session=\"c091637246e2a4252ab75afd13a6fc78\")>"},{"name":"cur_language","value":"'ar'"},{"name":"cur_country","value":"'ae'"},{"name":"cur_role","value":"'NoReg'"},{"name":"cur_login","value":"'test001.miketar+1@gmail.com'"},{"name":"cur_password","value":"'Qwer1234-!@#$'"},{"name":"title_instrument","value":"''"}],"shouldDisplayMessage":true,"stepsCount":7,"attachmentsCount":0,"hasContent":true,"attachmentStep":false}],"attachments":[{"uid":"91b722ee9bb534d8","name":"Screenshot","source":"91b722ee9bb534d8.png","type":"image/png","size":128417},{"uid":"79720428883f9dac","name":"stdout","source":"79720428883f9dac.txt","type":"text/plain","size":6069}],"parameters":[],"shouldDisplayMessage":true,"stepsCount":8,"attachmentsCount":2,"hasContent":true,"attachmentStep":false},"afterStages":[{"name":"d::0","time":{"start":1728089476478,"stop":1728089476750,"duration":272},"status":"passed","steps":[],"attachments":[],"parameters":[],"shouldDisplayMessage":false,"stepsCount":0,"attachmentsCount":0,"hasContent":false,"attachmentStep":false}],"labels":[{"name":"epic","value":"TC_55!322a | The Sign Up/Login/page of the corresponding trading instrument on the trading platform is not opened after clicking [numeric values] in the Sell column"},{"name":"feature","value":"Role: NoReg"},{"name":"story","value":"Country: ae"},{"name":"tag","value":"bug_322a"},{"name":"tag","value":"us_55"},{"name":"parentSuite","value":"tests.US_55_ReTestsManual.tassobaccato"},{"name":"suite","value":"US_55-tassobaccato_ReTestsManual_test"},{"name":"subSuite","value":"TestManualDetectedBugs"},{"name":"host","value":"fv-az1535-56"},{"name":"thread","value":"33150-MainThread"},{"name":"framework","value":"pytest"},{"name":"language","value":"cpython3"},{"name":"package","value":"tests.US_55_ReTestsManual.tassobaccato.US_55-tassobaccato_ReTestsManual_test"},{"name":"resultFormat","value":"allure2"}],"parameters":[{"name":"cur_country","value":"'ae'"},{"name":"cur_language","value":"'ar'"},{"name":"cur_login","value":"'test001.miketar+1@gmail.com'"},{"name":"cur_password","value":"'Qwer1234-!@#$'"},{"name":"cur_role","value":"'NoReg'"},{"name":"d","value":"'Chrome'"},{"name":"title_instrument","value":"''"}],"links":[],"hidden":false,"retry":false,"extra":{"severity":"normal","retries":[],"categories":[{"name":"Product defects","matchedStatuses":[],"flaky":false}],"history":{"statistic":{"failed":10,"broken":0,"skipped":0,"passed":0,"unknown":0,"total":10},"items":[{"uid":"f07ad8298246fc77","reportUrl":"https://AlexTomAQA.github.io/TestCapitalComPySe/170//#testresult/f07ad8298246fc77","status":"failed","statusDetails":"Failed: Bug # 55!322 \nExpected result: Sign Up form is opened\nActual result: Sign Up form is not opened","time":{"start":1728002378933,"stop":1728002398018,"duration":19085}},{"uid":"10ceac5940d1ee6b","reportUrl":"https://AlexTomAQA.github.io/TestCapitalComPySe/169//#testresult/10ceac5940d1ee6b","status":"failed","statusDetails":"Failed: Bug # 55!322 \nExpected result: Sign Up form is opened\nActual result: Sign Up form is not opened","time":{"start":1727915655478,"stop":1727915674068,"duration":18590}},{"uid":"43f57b72293f41f2","reportUrl":"https://AlexTomAQA.github.io/TestCapitalComPySe/168//#testresult/43f57b72293f41f2","status":"failed","statusDetails":"Failed: Bug # 55!322 \nExpected result: Sign Up form is opened\nActual result: Sign Up form is not opened","time":{"start":1727829456296,"stop":1727829474958,"duration":18662}},{"uid":"741346f384fa387f","reportUrl":"https://AlexTomAQA.github.io/TestCapitalComPySe/167//#testresult/741346f384fa387f","status":"failed","statusDetails":"Failed: Bug # 55!322 \nExpected result: Sign Up form is opened\nActual result: Sign Up form is not opened","time":{"start":1727761745345,"stop":1727761764414,"duration":19069}},{"uid":"dccb0d4dcc8d98ac","reportUrl":"https://AlexTomAQA.github.io/TestCapitalComPySe/166//#testresult/dccb0d4dcc8d98ac","status":"failed","statusDetails":"Failed: Bug # 55!322 \nExpected result: Sign Up form is opened\nActual result: Sign Up form is not opened","time":{"start":1727742396519,"stop":1727742415183,"duration":18664}},{"uid":"2355f621fa0604ed","reportUrl":"https://AlexTomAQA.github.io/TestCapitalComPySe/165//#testresult/2355f621fa0604ed","status":"failed","statusDetails":"Failed: Bug # 55!322 \nExpected result: Sign Up form is opened\nActual result: Sign Up form is not opened","time":{"start":1727656411985,"stop":1727656430857,"duration":18872}},{"uid":"966ffe64ea3d7716","reportUrl":"https://AlexTomAQA.github.io/TestCapitalComPySe/164//#testresult/966ffe64ea3d7716","status":"failed","statusDetails":"Failed: Bug # 55!322 \nExpected result: Sign Up form is opened\nActual result: Sign Up form is not opened","time":{"start":1727569768785,"stop":1727569787536,"duration":18751}},{"uid":"7c4de0195ead1ee1","reportUrl":"https://AlexTomAQA.github.io/TestCapitalComPySe/163//#testresult/7c4de0195ead1ee1","status":"failed","statusDetails":"Failed: Bug # 55!322 \nExpected result: Sign Up form is opened\nActual result: Sign Up form is not opened","time":{"start":1727483560078,"stop":1727483578789,"duration":18711}},{"uid":"92cac4d14a4d0d86","reportUrl":"https://AlexTomAQA.github.io/TestCapitalComPySe/162//#testresult/92cac4d14a4d0d86","status":"failed","statusDetails":"Failed: Bug # 55!322 \nExpected result: Sign Up form is opened\nActual result: Sign Up form is not opened","time":{"start":1727407011917,"stop":1727407030317,"duration":18400}}]},"tags":["us_55","bug_322a"]},"source":"b27530a9b6067209.json","parameterValues":["'ae'","'ar'","'test001.miketar+1@gmail.com'","'Qwer1234-!@#$'","'NoReg'","'Chrome'","''"]}