2024-01-12 01:11:53 ERROR Unable to initialize WebDriver
2024-01-12 01:11:53 ERROR 
Traceback (most recent call last):
  File "/home/runner/work/TestCapitalComPySe/TestCapitalComPySe/pages/base_page.py", line 82, in inner_function
    return func(*args, **kwargs)
           ^^^^^^^^^^^^^^^^^^^^^
  File "/home/runner/work/TestCapitalComPySe/TestCapitalComPySe/pages/base_page.py", line 416, in element_is_visible
    return Wait(self.browser, timeout).until(
           ^^^^^^^^^^^^^^^^^^^^^^^^^^^^^^^^^^
  File "/home/runner/.cache/pypoetry/virtualenvs/testcapitalcom-CcJ6hTD8-py3.11/lib/python3.11/site-packages/selenium/webdriver/support/wait.py", line 105, in until
    raise TimeoutException(message, screen, stacktrace)
selenium.common.exceptions.TimeoutException: Message: 
Stacktrace:
#0 0x5579dd135f83 <unknown>
#1 0x5579dcdeecf7 <unknown>
#2 0x5579dce3e99e <unknown>
#3 0x5579dce3eaa1 <unknown>
#4 0x5579dce89d64 <unknown>
#5 0x5579dce680dd <unknown>
#6 0x5579dce87006 <unknown>
#7 0x5579dce67e53 <unknown>
#8 0x5579dce2fdd4 <unknown>
#9 0x5579dce311de <unknown>
#10 0x5579dd0fa531 <unknown>
#11 0x5579dd0fe455 <unknown>
#12 0x5579dd0e6f55 <unknown>
#13 0x5579dd0ff0ef <unknown>
#14 0x5579dd0ca99f <unknown>
#15 0x5579dd123008 <unknown>
#16 0x5579dd1231d7 <unknown>
#17 0x5579dd135124 <unknown>
#18 0x7fcc27c94ac3 <unknown>

2024-01-12 01:11:54 ERROR Unable to initialize WebDriver
2024-01-12 01:11:54 ERROR 
Traceback (most recent call last):
  File "/home/runner/work/TestCapitalComPySe/TestCapitalComPySe/pages/base_page.py", line 82, in inner_function
    return func(*args, **kwargs)
           ^^^^^^^^^^^^^^^^^^^^^
  File "/home/runner/work/TestCapitalComPySe/TestCapitalComPySe/pages/base_page.py", line 631, in wait_for_target_url
    return Wait(self.browser, timeout).until(
           ^^^^^^^^^^^^^^^^^^^^^^^^^^^^^^^^^^
  File "/home/runner/.cache/pypoetry/virtualenvs/testcapitalcom-CcJ6hTD8-py3.11/lib/python3.11/site-packages/selenium/webdriver/support/wait.py", line 105, in until
    raise TimeoutException(message, screen, stacktrace)
selenium.common.exceptions.TimeoutException: Message: 

2024-01-12 01:12:08 ERROR Unable to initialize WebDriver
2024-01-12 01:12:08 ERROR 
Traceback (most recent call last):
  File "/home/runner/work/TestCapitalComPySe/TestCapitalComPySe/pages/base_page.py", line 82, in inner_function
    return func(*args, **kwargs)
           ^^^^^^^^^^^^^^^^^^^^^
  File "/home/runner/work/TestCapitalComPySe/TestCapitalComPySe/pages/base_page.py", line 416, in element_is_visible
    return Wait(self.browser, timeout).until(
           ^^^^^^^^^^^^^^^^^^^^^^^^^^^^^^^^^^
  File "/home/runner/.cache/pypoetry/virtualenvs/testcapitalcom-CcJ6hTD8-py3.11/lib/python3.11/site-packages/selenium/webdriver/support/wait.py", line 105, in until
    raise TimeoutException(message, screen, stacktrace)
selenium.common.exceptions.TimeoutException: Message: 
Stacktrace:
#0 0x5579dd135f83 <unknown>
#1 0x5579dcdeecf7 <unknown>
#2 0x5579dce3e99e <unknown>
#3 0x5579dce3eaa1 <unknown>
#4 0x5579dce89d64 <unknown>
#5 0x5579dce680dd <unknown>
#6 0x5579dce87006 <unknown>
#7 0x5579dce67e53 <unknown>
#8 0x5579dce2fdd4 <unknown>
#9 0x5579dce311de <unknown>
#10 0x5579dd0fa531 <unknown>
#11 0x5579dd0fe455 <unknown>
#12 0x5579dd0e6f55 <unknown>
#13 0x5579dd0ff0ef <unknown>
#14 0x5579dd0ca99f <unknown>
#15 0x5579dd123008 <unknown>
#16 0x5579dd1231d7 <unknown>
#17 0x5579dd135124 <unknown>
#18 0x7fcc27c94ac3 <unknown>