2023-12-13 15:49:51 ERROR Unable to initialize WebDriver
2023-12-13 15:49:51 ERROR 
Traceback (most recent call last):
  File "/home/runner/work/TestCapitalComPySe/TestCapitalComPySe/pages/base_page.py", line 82, in inner_function
    return func(*args, **kwargs)
           ^^^^^^^^^^^^^^^^^^^^^
  File "/home/runner/work/TestCapitalComPySe/TestCapitalComPySe/pages/base_page.py", line 394, in element_is_visible
    return Wait(self.browser, timeout).until(
           ^^^^^^^^^^^^^^^^^^^^^^^^^^^^^^^^^^
  File "/home/runner/.cache/pypoetry/virtualenvs/testcapitalcom-CcJ6hTD8-py3.11/lib/python3.11/site-packages/selenium/webdriver/support/wait.py", line 105, in until
    raise TimeoutException(message, screen, stacktrace)
selenium.common.exceptions.TimeoutException: Message: 
Stacktrace:
#0 0x562da33e45e3 <unknown>
#1 0x562da30a70b7 <unknown>
#2 0x562da30f4f53 <unknown>
#3 0x562da30f5051 <unknown>
#4 0x562da313a9c4 <unknown>
#5 0x562da311bf1d <unknown>
#6 0x562da3137b3d <unknown>
#7 0x562da311bcc3 <unknown>
#8 0x562da30e70e4 <unknown>
#9 0x562da30e80ae <unknown>
#10 0x562da33aace1 <unknown>
#11 0x562da33aeb7e <unknown>
#12 0x562da33984b5 <unknown>
#13 0x562da33af7d6 <unknown>
#14 0x562da337bdbf <unknown>
#15 0x562da33d2748 <unknown>
#16 0x562da33d2917 <unknown>
#17 0x562da33e3773 <unknown>
#18 0x7fc114494ac3 <unknown>

2023-12-13 15:49:56 ERROR Unable to initialize WebDriver
2023-12-13 15:49:56 ERROR 
Traceback (most recent call last):
  File "/home/runner/work/TestCapitalComPySe/TestCapitalComPySe/pages/base_page.py", line 82, in inner_function
    return func(*args, **kwargs)
           ^^^^^^^^^^^^^^^^^^^^^
  File "/home/runner/work/TestCapitalComPySe/TestCapitalComPySe/pages/base_page.py", line 394, in element_is_visible
    return Wait(self.browser, timeout).until(
           ^^^^^^^^^^^^^^^^^^^^^^^^^^^^^^^^^^
  File "/home/runner/.cache/pypoetry/virtualenvs/testcapitalcom-CcJ6hTD8-py3.11/lib/python3.11/site-packages/selenium/webdriver/support/wait.py", line 105, in until
    raise TimeoutException(message, screen, stacktrace)
selenium.common.exceptions.TimeoutException: Message: 
Stacktrace:
#0 0x562da33e45e3 <unknown>
#1 0x562da30a70b7 <unknown>
#2 0x562da30f4f53 <unknown>
#3 0x562da30f5051 <unknown>
#4 0x562da313a9c4 <unknown>
#5 0x562da311bf1d <unknown>
#6 0x562da3137b3d <unknown>
#7 0x562da311bcc3 <unknown>
#8 0x562da30e70e4 <unknown>
#9 0x562da30e80ae <unknown>
#10 0x562da33aace1 <unknown>
#11 0x562da33aeb7e <unknown>
#12 0x562da33984b5 <unknown>
#13 0x562da33af7d6 <unknown>
#14 0x562da337bdbf <unknown>
#15 0x562da33d2748 <unknown>
#16 0x562da33d2917 <unknown>
#17 0x562da33e3773 <unknown>
#18 0x7fc114494ac3 <unknown>