2024-03-01 10:51:17 ERROR Elements not present after 0.5 seconds on page: https://capital.com/swing-trading
2024-03-01 10:51:17 ERROR 
Traceback (most recent call last):
  File "/home/runner/work/TestCapitalComPySe/TestCapitalComPySe/pages/base_page.py", line 84, in inner_function
    return func(*args, **kwargs)
           ^^^^^^^^^^^^^^^^^^^^^
  File "/home/runner/work/TestCapitalComPySe/TestCapitalComPySe/pages/base_page.py", line 302, in element_is_visible
    return Wait(self.driver, timeout).until(
           ^^^^^^^^^^^^^^^^^^^^^^^^^^^^^^^^^
  File "/home/runner/.cache/pypoetry/virtualenvs/testcapitalcompyse-CcJ6hTD8-py3.12/lib/python3.12/site-packages/selenium/webdriver/support/wait.py", line 105, in until
    raise TimeoutException(message, screen, stacktrace)
selenium.common.exceptions.TimeoutException: Message: 
Stacktrace:
#0 0x56391a5ece93 <unknown>
#1 0x56391a2e4ce6 <unknown>
#2 0x56391a32fe48 <unknown>
#3 0x56391a32ff01 <unknown>
#4 0x56391a3733f4 <unknown>
#5 0x56391a351edd <unknown>
#6 0x56391a370899 <unknown>
#7 0x56391a351c53 <unknown>
#8 0x56391a322db3 <unknown>
#9 0x56391a32377e <unknown>
#10 0x56391a5b27cb <unknown>
#11 0x56391a5b67e5 <unknown>
#12 0x56391a5a00e1 <unknown>
#13 0x56391a5b7372 <unknown>
#14 0x56391a5841bf <unknown>
#15 0x56391a5db488 <unknown>
#16 0x56391a5db683 <unknown>
#17 0x56391a5ec044 <unknown>
#18 0x7ff7a0a94ac3 <unknown>

2024-03-01 10:51:20 ERROR Elements not present after 0.5 seconds on page: https://capital.com/swing-trading
2024-03-01 10:51:20 ERROR 
Traceback (most recent call last):
  File "/home/runner/work/TestCapitalComPySe/TestCapitalComPySe/pages/base_page.py", line 84, in inner_function
    return func(*args, **kwargs)
           ^^^^^^^^^^^^^^^^^^^^^
  File "/home/runner/work/TestCapitalComPySe/TestCapitalComPySe/pages/base_page.py", line 302, in element_is_visible
    return Wait(self.driver, timeout).until(
           ^^^^^^^^^^^^^^^^^^^^^^^^^^^^^^^^^
  File "/home/runner/.cache/pypoetry/virtualenvs/testcapitalcompyse-CcJ6hTD8-py3.12/lib/python3.12/site-packages/selenium/webdriver/support/wait.py", line 105, in until
    raise TimeoutException(message, screen, stacktrace)
selenium.common.exceptions.TimeoutException: Message: 
Stacktrace:
#0 0x56391a5ece93 <unknown>
#1 0x56391a2e4ce6 <unknown>
#2 0x56391a32fe48 <unknown>
#3 0x56391a32ff01 <unknown>
#4 0x56391a3733f4 <unknown>
#5 0x56391a351edd <unknown>
#6 0x56391a370899 <unknown>
#7 0x56391a351c53 <unknown>
#8 0x56391a322db3 <unknown>
#9 0x56391a32377e <unknown>
#10 0x56391a5b27cb <unknown>
#11 0x56391a5b67e5 <unknown>
#12 0x56391a5a00e1 <unknown>
#13 0x56391a5b7372 <unknown>
#14 0x56391a5841bf <unknown>
#15 0x56391a5db488 <unknown>
#16 0x56391a5db683 <unknown>
#17 0x56391a5ec044 <unknown>
#18 0x7ff7a0a94ac3 <unknown>

2024-03-01 10:51:23 ERROR Elements not present after 0.5 seconds on page: https://capital.com/swing-trading
2024-03-01 10:51:23 ERROR 
Traceback (most recent call last):
  File "/home/runner/work/TestCapitalComPySe/TestCapitalComPySe/pages/base_page.py", line 84, in inner_function
    return func(*args, **kwargs)
           ^^^^^^^^^^^^^^^^^^^^^
  File "/home/runner/work/TestCapitalComPySe/TestCapitalComPySe/pages/base_page.py", line 302, in element_is_visible
    return Wait(self.driver, timeout).until(
           ^^^^^^^^^^^^^^^^^^^^^^^^^^^^^^^^^
  File "/home/runner/.cache/pypoetry/virtualenvs/testcapitalcompyse-CcJ6hTD8-py3.12/lib/python3.12/site-packages/selenium/webdriver/support/wait.py", line 105, in until
    raise TimeoutException(message, screen, stacktrace)
selenium.common.exceptions.TimeoutException: Message: 
Stacktrace:
#0 0x56391a5ece93 <unknown>
#1 0x56391a2e4ce6 <unknown>
#2 0x56391a32fe48 <unknown>
#3 0x56391a32ff01 <unknown>
#4 0x56391a3733f4 <unknown>
#5 0x56391a351edd <unknown>
#6 0x56391a370899 <unknown>
#7 0x56391a351c53 <unknown>
#8 0x56391a322db3 <unknown>
#9 0x56391a32377e <unknown>
#10 0x56391a5b27cb <unknown>
#11 0x56391a5b67e5 <unknown>
#12 0x56391a5a00e1 <unknown>
#13 0x56391a5b7372 <unknown>
#14 0x56391a5841bf <unknown>
#15 0x56391a5db488 <unknown>
#16 0x56391a5db683 <unknown>
#17 0x56391a5ec044 <unknown>
#18 0x7ff7a0a94ac3 <unknown>