2024-03-01 10:47:11 ERROR Elements not present after 0.5 seconds on page: https://capital.com/
2024-03-01 10:47:11 ERROR Can't see element by locator ('css selector', "iframe[title='reCAPTCHA']")
Traceback (most recent call last):
  File "/home/runner/work/TestCapitalComPySe/TestCapitalComPySe/pages/base_page.py", line 84, in inner_function
    return func(*args, **kwargs)
           ^^^^^^^^^^^^^^^^^^^^^
  File "/home/runner/work/TestCapitalComPySe/TestCapitalComPySe/pages/base_page.py", line 518, in is_captcha
    if self.elements_are_visible(Captcha.CAPTCHA_IFRAME):
       ^^^^^^^^^^^^^^^^^^^^^^^^^^^^^^^^^^^^^^^^^^^^^^^^^
  File "/home/runner/work/TestCapitalComPySe/TestCapitalComPySe/pages/base_page.py", line 638, in elements_are_visible
    return Wait(self.driver, timeout).until(EC.visibility_of_any_elements_located(locator),
           ^^^^^^^^^^^^^^^^^^^^^^^^^^^^^^^^^^^^^^^^^^^^^^^^^^^^^^^^^^^^^^^^^^^^^^^^^^^^^^^^
  File "/home/runner/.cache/pypoetry/virtualenvs/testcapitalcompyse-CcJ6hTD8-py3.12/lib/python3.12/site-packages/selenium/webdriver/support/wait.py", line 105, in until
    raise TimeoutException(message, screen, stacktrace)
selenium.common.exceptions.TimeoutException: Message: Can't see element by locator ('css selector', "iframe[title='reCAPTCHA']")

2024-03-01 10:47:32 ERROR Elements not present after 0.5 seconds on page: https://capital.com/position-trading
2024-03-01 10:47:32 ERROR 
Traceback (most recent call last):
  File "/home/runner/work/TestCapitalComPySe/TestCapitalComPySe/pages/base_page.py", line 84, in inner_function
    return func(*args, **kwargs)
           ^^^^^^^^^^^^^^^^^^^^^
  File "/home/runner/work/TestCapitalComPySe/TestCapitalComPySe/pages/base_page.py", line 302, in element_is_visible
    return Wait(self.driver, timeout).until(
           ^^^^^^^^^^^^^^^^^^^^^^^^^^^^^^^^^
  File "/home/runner/.cache/pypoetry/virtualenvs/testcapitalcompyse-CcJ6hTD8-py3.12/lib/python3.12/site-packages/selenium/webdriver/support/wait.py", line 105, in until
    raise TimeoutException(message, screen, stacktrace)
selenium.common.exceptions.TimeoutException: Message: 
Stacktrace:
#0 0x55fb08907e93 <unknown>
#1 0x55fb085ffce6 <unknown>
#2 0x55fb0864ae48 <unknown>
#3 0x55fb0864af01 <unknown>
#4 0x55fb0868e3f4 <unknown>
#5 0x55fb0866cedd <unknown>
#6 0x55fb0868b899 <unknown>
#7 0x55fb0866cc53 <unknown>
#8 0x55fb0863ddb3 <unknown>
#9 0x55fb0863e77e <unknown>
#10 0x55fb088cd7cb <unknown>
#11 0x55fb088d17e5 <unknown>
#12 0x55fb088bb0e1 <unknown>
#13 0x55fb088d2372 <unknown>
#14 0x55fb0889f1bf <unknown>
#15 0x55fb088f6488 <unknown>
#16 0x55fb088f6683 <unknown>
#17 0x55fb08907044 <unknown>
#18 0x7fa5cda94ac3 <unknown>

2024-03-01 10:47:35 ERROR Elements not present after 0.5 seconds on page: https://capital.com/position-trading
2024-03-01 10:47:35 ERROR 
Traceback (most recent call last):
  File "/home/runner/work/TestCapitalComPySe/TestCapitalComPySe/pages/base_page.py", line 84, in inner_function
    return func(*args, **kwargs)
           ^^^^^^^^^^^^^^^^^^^^^
  File "/home/runner/work/TestCapitalComPySe/TestCapitalComPySe/pages/base_page.py", line 302, in element_is_visible
    return Wait(self.driver, timeout).until(
           ^^^^^^^^^^^^^^^^^^^^^^^^^^^^^^^^^
  File "/home/runner/.cache/pypoetry/virtualenvs/testcapitalcompyse-CcJ6hTD8-py3.12/lib/python3.12/site-packages/selenium/webdriver/support/wait.py", line 105, in until
    raise TimeoutException(message, screen, stacktrace)
selenium.common.exceptions.TimeoutException: Message: 
Stacktrace:
#0 0x55fb08907e93 <unknown>
#1 0x55fb085ffce6 <unknown>
#2 0x55fb0864ae48 <unknown>
#3 0x55fb0864af01 <unknown>
#4 0x55fb0868e3f4 <unknown>
#5 0x55fb0866cedd <unknown>
#6 0x55fb0868b899 <unknown>
#7 0x55fb0866cc53 <unknown>
#8 0x55fb0863ddb3 <unknown>
#9 0x55fb0863e77e <unknown>
#10 0x55fb088cd7cb <unknown>
#11 0x55fb088d17e5 <unknown>
#12 0x55fb088bb0e1 <unknown>
#13 0x55fb088d2372 <unknown>
#14 0x55fb0889f1bf <unknown>
#15 0x55fb088f6488 <unknown>
#16 0x55fb088f6683 <unknown>
#17 0x55fb08907044 <unknown>
#18 0x7fa5cda94ac3 <unknown>

2024-03-01 10:47:38 ERROR Elements not present after 0.5 seconds on page: https://capital.com/position-trading
2024-03-01 10:47:38 ERROR 
Traceback (most recent call last):
  File "/home/runner/work/TestCapitalComPySe/TestCapitalComPySe/pages/base_page.py", line 84, in inner_function
    return func(*args, **kwargs)
           ^^^^^^^^^^^^^^^^^^^^^
  File "/home/runner/work/TestCapitalComPySe/TestCapitalComPySe/pages/base_page.py", line 302, in element_is_visible
    return Wait(self.driver, timeout).until(
           ^^^^^^^^^^^^^^^^^^^^^^^^^^^^^^^^^
  File "/home/runner/.cache/pypoetry/virtualenvs/testcapitalcompyse-CcJ6hTD8-py3.12/lib/python3.12/site-packages/selenium/webdriver/support/wait.py", line 105, in until
    raise TimeoutException(message, screen, stacktrace)
selenium.common.exceptions.TimeoutException: Message: 
Stacktrace:
#0 0x55fb08907e93 <unknown>
#1 0x55fb085ffce6 <unknown>
#2 0x55fb0864ae48 <unknown>
#3 0x55fb0864af01 <unknown>
#4 0x55fb0868e3f4 <unknown>
#5 0x55fb0866cedd <unknown>
#6 0x55fb0868b899 <unknown>
#7 0x55fb0866cc53 <unknown>
#8 0x55fb0863ddb3 <unknown>
#9 0x55fb0863e77e <unknown>
#10 0x55fb088cd7cb <unknown>
#11 0x55fb088d17e5 <unknown>
#12 0x55fb088bb0e1 <unknown>
#13 0x55fb088d2372 <unknown>
#14 0x55fb0889f1bf <unknown>
#15 0x55fb088f6488 <unknown>
#16 0x55fb088f6683 <unknown>
#17 0x55fb08907044 <unknown>
#18 0x7fa5cda94ac3 <unknown>