2024-12-12 22:40:19 ERROR Elements not present after 0.5 seconds on page: https://capital.com/en-gb
2024-12-12 22:40:19 ERROR 
Traceback (most recent call last):
  File "/home/runner/work/TestCapitalComPySe/TestCapitalComPySe/pages/base_page.py", line 86, in inner_function
    return func(*args, **kwargs)
           ^^^^^^^^^^^^^^^^^^^^^
  File "/home/runner/work/TestCapitalComPySe/TestCapitalComPySe/pages/base_page.py", line 306, in element_is_visible
    return Wait(self.driver, timeout).until(
           ^^^^^^^^^^^^^^^^^^^^^^^^^^^^^^^^^
  File "/home/runner/.cache/pypoetry/virtualenvs/testcapitalcompyse-CcJ6hTD8-py3.12/lib/python3.12/site-packages/selenium/webdriver/support/wait.py", line 105, in until
    raise TimeoutException(message, screen, stacktrace)
selenium.common.exceptions.TimeoutException: Message: 
Stacktrace:
#0 0x559f4987331a <unknown>
#1 0x559f493896e0 <unknown>
#2 0x559f493d83e6 <unknown>
#3 0x559f493d8681 <unknown>
#4 0x559f4941db04 <unknown>
#5 0x559f493fc48d <unknown>
#6 0x559f4941aed7 <unknown>
#7 0x559f493fc203 <unknown>
#8 0x559f493cacc0 <unknown>
#9 0x559f493cbc9e <unknown>
#10 0x559f49840d0b <unknown>
#11 0x559f49844c92 <unknown>
#12 0x559f4982db3c <unknown>
#13 0x559f49845807 <unknown>
#14 0x559f498130df <unknown>
#15 0x559f49862578 <unknown>
#16 0x559f49862740 <unknown>
#17 0x559f49872196 <unknown>
#18 0x7f24d7a94ac3 <unknown>