{"uid":"338e84fdeb3c11f1","name":"TC_55!380 (Lang: en) | Bid:55!380-en.ae.Auth","fullName":"tests.US_55_ReTestsManual.tassobaccato.US_55-tassobaccato_ReTestsManual_test.TestManualDetectedBugs#test_380","historyId":"7e771f3b9067c0f1379c92351aa8a850","time":{"start":1732064316608,"stop":1732064344678,"duration":28070},"description":"\n        Check: TC_55!380 | The relevant pages of \"Social networks\" aren't opened after clicking the Social Network Icons\n                when EN language and SCA license are selected.\n        Language: EN\n        License: SCA\n        Author: Kasila\n        ","descriptionHtml":"<pre><code>    Check: TC_55!380 | The relevant pages of &quot;Social networks&quot; aren't opened after clicking the Social Network Icons\n            when EN language and SCA license are selected.\n    Language: EN\n    License: SCA\n    Author: Kasila\n</code></pre>\n","status":"broken","statusMessage":"selenium.common.exceptions.NoSuchElementException: Message: no such element: Unable to locate element: {\"method\":\"css selector\",\"selector\":\"footer > div\"}\n  (Session info: chrome=131.0.6778.69); For documentation on this error, please visit: https://www.selenium.dev/documentation/webdriver/troubleshooting/errors#no-such-element-exception\nStacktrace:\n#0 0x55a12d30e31a <unknown>\n#1 0x55a12ce246e0 <unknown>\n#2 0x55a12ce733e6 <unknown>\n#3 0x55a12ce73681 <unknown>\n#4 0x55a12ceb8b04 <unknown>\n#5 0x55a12ce9748d <unknown>\n#6 0x55a12ceb5ed7 <unknown>\n#7 0x55a12ce97203 <unknown>\n#8 0x55a12ce65cc0 <unknown>\n#9 0x55a12ce66c9e <unknown>\n#10 0x55a12d2dbd0b <unknown>\n#11 0x55a12d2dfc92 <unknown>\n#12 0x55a12d2c8b3c <unknown>\n#13 0x55a12d2e0807 <unknown>\n#14 0x55a12d2ae0df <unknown>\n#15 0x55a12d2fd578 <unknown>\n#16 0x55a12d2fd740 <unknown>\n#17 0x55a12d30d196 <unknown>\n#18 0x7fcab1094ac3 <unknown>","statusTrace":"self = <US_55-tassobaccato_ReTestsManual_test.TestManualDetectedBugs object at 0x7f5fdd97d100>\nworker_id = 'master'\nd = <selenium.webdriver.chrome.webdriver.WebDriver (session=\"3b1e4f1c02b3f39b01ae75e56c4f6d6b\")>\ncur_language = '', cur_country = 'ae', cur_role = 'Auth'\ncur_login = 'test001.miketar+1@gmail.com', cur_password = 'Qwer1234-!@#$'\n\n    @allure.step('Start retest manual AT_55!380: The relevant pages of \"Social networks\" are opened')\n    @pytest.mark.parametrize('cur_language', [''])\n    @pytest.mark.parametrize('cur_country', ['ae'])\n    @pytest.mark.parametrize('cur_role', [\"NoReg\", \"Auth\", \"NoAuth\"])\n    @pytest.mark.bug_380\n    def test_380(self, worker_id, d, cur_language, cur_country, cur_role, cur_login, cur_password):\n        \"\"\"\n        Check: TC_55!380 | The relevant pages of \"Social networks\" aren't opened after clicking the Social Network Icons\n                when EN language and SCA license are selected.\n        Language: EN\n        License: SCA\n        Author: Kasila\n        \"\"\"\n    \n        bid = build_dynamic_arg_for_us_55(\n            d, worker_id, cur_language, cur_country, cur_role,\n            \"55\", \"ReTests of Manual Detected Bugs\",\n            \"380\", 'The relevant pages of \"Social networks\" are opened”'\n        )\n    \n        link = conditions_switch(d, cur_language, cur_country, cur_role, cur_login, cur_password)\n        menu = from_about_us_menu_open_help.MenuNew(d, link)\n        cur_item_link = menu.from_about_us_menu_open_help(d, cur_language, cur_country, link)\n    \n        test_element = SocialNetwork(d, cur_item_link, bid)\n>       test_element.social_networks(d, cur_item_link)\n\ntests/US_55_ReTestsManual/tassobaccato/US_55-tassobaccato_ReTestsManual_test.py:449: \n_ _ _ _ _ _ _ _ _ _ _ _ _ _ _ _ _ _ _ _ _ _ _ _ _ _ _ _ _ _ _ _ _ _ _ _ _ _ _ _ \npages/BugsManual/bug_380.py:48: in social_networks\n    social_block = self.driver.find_element(By.CSS_SELECTOR, 'footer > div')\n../../../.cache/pypoetry/virtualenvs/testcapitalcompyse-CcJ6hTD8-py3.12/lib/python3.12/site-packages/selenium/webdriver/remote/webdriver.py:766: in find_element\n    return self.execute(Command.FIND_ELEMENT, {\"using\": by, \"value\": value})[\"value\"]\n../../../.cache/pypoetry/virtualenvs/testcapitalcompyse-CcJ6hTD8-py3.12/lib/python3.12/site-packages/selenium/webdriver/remote/webdriver.py:380: in execute\n    self.error_handler.check_response(response)\n_ _ _ _ _ _ _ _ _ _ _ _ _ _ _ _ _ _ _ _ _ _ _ _ _ _ _ _ _ _ _ _ _ _ _ _ _ _ _ _ \n\nself = <selenium.webdriver.remote.errorhandler.ErrorHandler object at 0x7f5fdeae77d0>\nresponse = {'status': 404, 'value': '{\"value\":{\"error\":\"no such element\",\"message\":\"no such element: Unable to locate element: {\\...\\\\n#16 0x55a12d2fd740 \\\\u003Cunknown>\\\\n#17 0x55a12d30d196 \\\\u003Cunknown>\\\\n#18 0x7fcab1094ac3 \\\\u003Cunknown>\\\\n\"}}'}\n\n    def check_response(self, response: Dict[str, Any]) -> None:\n        \"\"\"Checks that a JSON response from the WebDriver does not have an\n        error.\n    \n        :Args:\n         - response - The JSON response from the WebDriver server as a dictionary\n           object.\n    \n        :Raises: If the response contains an error message.\n        \"\"\"\n        status = response.get(\"status\", None)\n        if not status or status == ErrorCode.SUCCESS:\n            return\n        value = None\n        message = response.get(\"message\", \"\")\n        screen: str = response.get(\"screen\", \"\")\n        stacktrace = None\n        if isinstance(status, int):\n            value_json = response.get(\"value\", None)\n            if value_json and isinstance(value_json, str):\n                import json\n    \n                try:\n                    value = json.loads(value_json)\n                    if len(value) == 1:\n                        value = value[\"value\"]\n                    status = value.get(\"error\", None)\n                    if not status:\n                        status = value.get(\"status\", ErrorCode.UNKNOWN_ERROR)\n                        message = value.get(\"value\") or value.get(\"message\")\n                        if not isinstance(message, str):\n                            value = message\n                            message = message.get(\"message\")\n                    else:\n                        message = value.get(\"message\", None)\n                except ValueError:\n                    pass\n    \n        exception_class: Type[WebDriverException]\n        e = ErrorCode()\n        error_codes = [item for item in dir(e) if not item.startswith(\"__\")]\n        for error_code in error_codes:\n            error_info = getattr(ErrorCode, error_code)\n            if isinstance(error_info, list) and status in error_info:\n                exception_class = getattr(ExceptionMapping, error_code, WebDriverException)\n                break\n        else:\n            exception_class = WebDriverException\n    \n        if not value:\n            value = response[\"value\"]\n        if isinstance(value, str):\n            raise exception_class(value)\n        if message == \"\" and \"message\" in value:\n            message = value[\"message\"]\n    \n        screen = None  # type: ignore[assignment]\n        if \"screen\" in value:\n            screen = value[\"screen\"]\n    \n        stacktrace = None\n        st_value = value.get(\"stackTrace\") or value.get(\"stacktrace\")\n        if st_value:\n            if isinstance(st_value, str):\n                stacktrace = st_value.split(\"\\n\")\n            else:\n                stacktrace = []\n                try:\n                    for frame in st_value:\n                        line = frame.get(\"lineNumber\", \"\")\n                        file = frame.get(\"fileName\", \"<anonymous>\")\n                        if line:\n                            file = f\"{file}:{line}\"\n                        meth = frame.get(\"methodName\", \"<anonymous>\")\n                        if \"className\" in frame:\n                            meth = f\"{frame['className']}.{meth}\"\n                        msg = \"    at %s (%s)\"\n                        msg = msg % (meth, file)\n                        stacktrace.append(msg)\n                except TypeError:\n                    pass\n        if exception_class == UnexpectedAlertPresentException:\n            alert_text = None\n            if \"data\" in value:\n                alert_text = value[\"data\"].get(\"text\")\n            elif \"alert\" in value:\n                alert_text = value[\"alert\"].get(\"text\")\n            raise exception_class(message, screen, stacktrace, alert_text)  # type: ignore[call-arg]  # mypy is not smart enough here\n>       raise exception_class(message, screen, stacktrace)\nE       selenium.common.exceptions.NoSuchElementException: Message: no such element: Unable to locate element: {\"method\":\"css selector\",\"selector\":\"footer > div\"}\nE         (Session info: chrome=131.0.6778.69); For documentation on this error, please visit: https://www.selenium.dev/documentation/webdriver/troubleshooting/errors#no-such-element-exception\nE       Stacktrace:\nE       #0 0x55a12d30e31a <unknown>\nE       #1 0x55a12ce246e0 <unknown>\nE       #2 0x55a12ce733e6 <unknown>\nE       #3 0x55a12ce73681 <unknown>\nE       #4 0x55a12ceb8b04 <unknown>\nE       #5 0x55a12ce9748d <unknown>\nE       #6 0x55a12ceb5ed7 <unknown>\nE       #7 0x55a12ce97203 <unknown>\nE       #8 0x55a12ce65cc0 <unknown>\nE       #9 0x55a12ce66c9e <unknown>\nE       #10 0x55a12d2dbd0b <unknown>\nE       #11 0x55a12d2dfc92 <unknown>\nE       #12 0x55a12d2c8b3c <unknown>\nE       #13 0x55a12d2e0807 <unknown>\nE       #14 0x55a12d2ae0df <unknown>\nE       #15 0x55a12d2fd578 <unknown>\nE       #16 0x55a12d2fd740 <unknown>\nE       #17 0x55a12d30d196 <unknown>\nE       #18 0x7fcab1094ac3 <unknown>\n\n../../../.cache/pypoetry/virtualenvs/testcapitalcompyse-CcJ6hTD8-py3.12/lib/python3.12/site-packages/selenium/webdriver/remote/errorhandler.py:229: NoSuchElementException","flaky":false,"newFailed":false,"newBroken":false,"newPassed":false,"retriesCount":0,"retriesStatusChange":false,"beforeStages":[{"name":"d","time":{"start":1732062956597,"stop":1732062957373,"duration":776},"status":"passed","steps":[],"attachments":[],"parameters":[],"shouldDisplayMessage":false,"stepsCount":0,"attachmentsCount":0,"hasContent":false,"attachmentStep":false},{"name":"worker_id","time":{"start":1732062957373,"stop":1732062957373,"duration":0},"status":"passed","steps":[],"attachments":[],"parameters":[],"shouldDisplayMessage":false,"stepsCount":0,"attachmentsCount":0,"hasContent":false,"attachmentStep":false},{"name":"cur_login","time":{"start":1732062957373,"stop":1732062957373,"duration":0},"status":"passed","steps":[],"attachments":[],"parameters":[],"shouldDisplayMessage":false,"stepsCount":0,"attachmentsCount":0,"hasContent":false,"attachmentStep":false},{"name":"cur_password","time":{"start":1732062957374,"stop":1732062957374,"duration":0},"status":"passed","steps":[],"attachments":[],"parameters":[],"shouldDisplayMessage":false,"stepsCount":0,"attachmentsCount":0,"hasContent":false,"attachmentStep":false}],"testStage":{"description":"\n        Check: TC_55!380 | The relevant pages of \"Social networks\" aren't opened after clicking the Social Network Icons\n                when EN language and SCA license are selected.\n        Language: EN\n        License: SCA\n        Author: Kasila\n        ","status":"broken","statusMessage":"selenium.common.exceptions.NoSuchElementException: Message: no such element: Unable to locate element: {\"method\":\"css selector\",\"selector\":\"footer > div\"}\n  (Session info: chrome=131.0.6778.69); For documentation on this error, please visit: https://www.selenium.dev/documentation/webdriver/troubleshooting/errors#no-such-element-exception\nStacktrace:\n#0 0x55a12d30e31a <unknown>\n#1 0x55a12ce246e0 <unknown>\n#2 0x55a12ce733e6 <unknown>\n#3 0x55a12ce73681 <unknown>\n#4 0x55a12ceb8b04 <unknown>\n#5 0x55a12ce9748d <unknown>\n#6 0x55a12ceb5ed7 <unknown>\n#7 0x55a12ce97203 <unknown>\n#8 0x55a12ce65cc0 <unknown>\n#9 0x55a12ce66c9e <unknown>\n#10 0x55a12d2dbd0b <unknown>\n#11 0x55a12d2dfc92 <unknown>\n#12 0x55a12d2c8b3c <unknown>\n#13 0x55a12d2e0807 <unknown>\n#14 0x55a12d2ae0df <unknown>\n#15 0x55a12d2fd578 <unknown>\n#16 0x55a12d2fd740 <unknown>\n#17 0x55a12d30d196 <unknown>\n#18 0x7fcab1094ac3 <unknown>","statusTrace":"self = <US_55-tassobaccato_ReTestsManual_test.TestManualDetectedBugs object at 0x7f5fdd97d100>\nworker_id = 'master'\nd = <selenium.webdriver.chrome.webdriver.WebDriver (session=\"3b1e4f1c02b3f39b01ae75e56c4f6d6b\")>\ncur_language = '', cur_country = 'ae', cur_role = 'Auth'\ncur_login = 'test001.miketar+1@gmail.com', cur_password = 'Qwer1234-!@#$'\n\n    @allure.step('Start retest manual AT_55!380: The relevant pages of \"Social networks\" are opened')\n    @pytest.mark.parametrize('cur_language', [''])\n    @pytest.mark.parametrize('cur_country', ['ae'])\n    @pytest.mark.parametrize('cur_role', [\"NoReg\", \"Auth\", \"NoAuth\"])\n    @pytest.mark.bug_380\n    def test_380(self, worker_id, d, cur_language, cur_country, cur_role, cur_login, cur_password):\n        \"\"\"\n        Check: TC_55!380 | The relevant pages of \"Social networks\" aren't opened after clicking the Social Network Icons\n                when EN language and SCA license are selected.\n        Language: EN\n        License: SCA\n        Author: Kasila\n        \"\"\"\n    \n        bid = build_dynamic_arg_for_us_55(\n            d, worker_id, cur_language, cur_country, cur_role,\n            \"55\", \"ReTests of Manual Detected Bugs\",\n            \"380\", 'The relevant pages of \"Social networks\" are opened”'\n        )\n    \n        link = conditions_switch(d, cur_language, cur_country, cur_role, cur_login, cur_password)\n        menu = from_about_us_menu_open_help.MenuNew(d, link)\n        cur_item_link = menu.from_about_us_menu_open_help(d, cur_language, cur_country, link)\n    \n        test_element = SocialNetwork(d, cur_item_link, bid)\n>       test_element.social_networks(d, cur_item_link)\n\ntests/US_55_ReTestsManual/tassobaccato/US_55-tassobaccato_ReTestsManual_test.py:449: \n_ _ _ _ _ _ _ _ _ _ _ _ _ _ _ _ _ _ _ _ _ _ _ _ _ _ _ _ _ _ _ _ _ _ _ _ _ _ _ _ \npages/BugsManual/bug_380.py:48: in social_networks\n    social_block = self.driver.find_element(By.CSS_SELECTOR, 'footer > div')\n../../../.cache/pypoetry/virtualenvs/testcapitalcompyse-CcJ6hTD8-py3.12/lib/python3.12/site-packages/selenium/webdriver/remote/webdriver.py:766: in find_element\n    return self.execute(Command.FIND_ELEMENT, {\"using\": by, \"value\": value})[\"value\"]\n../../../.cache/pypoetry/virtualenvs/testcapitalcompyse-CcJ6hTD8-py3.12/lib/python3.12/site-packages/selenium/webdriver/remote/webdriver.py:380: in execute\n    self.error_handler.check_response(response)\n_ _ _ _ _ _ _ _ _ _ _ _ _ _ _ _ _ _ _ _ _ _ _ _ _ _ _ _ _ _ _ _ _ _ _ _ _ _ _ _ \n\nself = <selenium.webdriver.remote.errorhandler.ErrorHandler object at 0x7f5fdeae77d0>\nresponse = {'status': 404, 'value': '{\"value\":{\"error\":\"no such element\",\"message\":\"no such element: Unable to locate element: {\\...\\\\n#16 0x55a12d2fd740 \\\\u003Cunknown>\\\\n#17 0x55a12d30d196 \\\\u003Cunknown>\\\\n#18 0x7fcab1094ac3 \\\\u003Cunknown>\\\\n\"}}'}\n\n    def check_response(self, response: Dict[str, Any]) -> None:\n        \"\"\"Checks that a JSON response from the WebDriver does not have an\n        error.\n    \n        :Args:\n         - response - The JSON response from the WebDriver server as a dictionary\n           object.\n    \n        :Raises: If the response contains an error message.\n        \"\"\"\n        status = response.get(\"status\", None)\n        if not status or status == ErrorCode.SUCCESS:\n            return\n        value = None\n        message = response.get(\"message\", \"\")\n        screen: str = response.get(\"screen\", \"\")\n        stacktrace = None\n        if isinstance(status, int):\n            value_json = response.get(\"value\", None)\n            if value_json and isinstance(value_json, str):\n                import json\n    \n                try:\n                    value = json.loads(value_json)\n                    if len(value) == 1:\n                        value = value[\"value\"]\n                    status = value.get(\"error\", None)\n                    if not status:\n                        status = value.get(\"status\", ErrorCode.UNKNOWN_ERROR)\n                        message = value.get(\"value\") or value.get(\"message\")\n                        if not isinstance(message, str):\n                            value = message\n                            message = message.get(\"message\")\n                    else:\n                        message = value.get(\"message\", None)\n                except ValueError:\n                    pass\n    \n        exception_class: Type[WebDriverException]\n        e = ErrorCode()\n        error_codes = [item for item in dir(e) if not item.startswith(\"__\")]\n        for error_code in error_codes:\n            error_info = getattr(ErrorCode, error_code)\n            if isinstance(error_info, list) and status in error_info:\n                exception_class = getattr(ExceptionMapping, error_code, WebDriverException)\n                break\n        else:\n            exception_class = WebDriverException\n    \n        if not value:\n            value = response[\"value\"]\n        if isinstance(value, str):\n            raise exception_class(value)\n        if message == \"\" and \"message\" in value:\n            message = value[\"message\"]\n    \n        screen = None  # type: ignore[assignment]\n        if \"screen\" in value:\n            screen = value[\"screen\"]\n    \n        stacktrace = None\n        st_value = value.get(\"stackTrace\") or value.get(\"stacktrace\")\n        if st_value:\n            if isinstance(st_value, str):\n                stacktrace = st_value.split(\"\\n\")\n            else:\n                stacktrace = []\n                try:\n                    for frame in st_value:\n                        line = frame.get(\"lineNumber\", \"\")\n                        file = frame.get(\"fileName\", \"<anonymous>\")\n                        if line:\n                            file = f\"{file}:{line}\"\n                        meth = frame.get(\"methodName\", \"<anonymous>\")\n                        if \"className\" in frame:\n                            meth = f\"{frame['className']}.{meth}\"\n                        msg = \"    at %s (%s)\"\n                        msg = msg % (meth, file)\n                        stacktrace.append(msg)\n                except TypeError:\n                    pass\n        if exception_class == UnexpectedAlertPresentException:\n            alert_text = None\n            if \"data\" in value:\n                alert_text = value[\"data\"].get(\"text\")\n            elif \"alert\" in value:\n                alert_text = value[\"alert\"].get(\"text\")\n            raise exception_class(message, screen, stacktrace, alert_text)  # type: ignore[call-arg]  # mypy is not smart enough here\n>       raise exception_class(message, screen, stacktrace)\nE       selenium.common.exceptions.NoSuchElementException: Message: no such element: Unable to locate element: {\"method\":\"css selector\",\"selector\":\"footer > div\"}\nE         (Session info: chrome=131.0.6778.69); For documentation on this error, please visit: https://www.selenium.dev/documentation/webdriver/troubleshooting/errors#no-such-element-exception\nE       Stacktrace:\nE       #0 0x55a12d30e31a <unknown>\nE       #1 0x55a12ce246e0 <unknown>\nE       #2 0x55a12ce733e6 <unknown>\nE       #3 0x55a12ce73681 <unknown>\nE       #4 0x55a12ceb8b04 <unknown>\nE       #5 0x55a12ce9748d <unknown>\nE       #6 0x55a12ceb5ed7 <unknown>\nE       #7 0x55a12ce97203 <unknown>\nE       #8 0x55a12ce65cc0 <unknown>\nE       #9 0x55a12ce66c9e <unknown>\nE       #10 0x55a12d2dbd0b <unknown>\nE       #11 0x55a12d2dfc92 <unknown>\nE       #12 0x55a12d2c8b3c <unknown>\nE       #13 0x55a12d2e0807 <unknown>\nE       #14 0x55a12d2ae0df <unknown>\nE       #15 0x55a12d2fd578 <unknown>\nE       #16 0x55a12d2fd740 <unknown>\nE       #17 0x55a12d30d196 <unknown>\nE       #18 0x7fcab1094ac3 <unknown>\n\n../../../.cache/pypoetry/virtualenvs/testcapitalcompyse-CcJ6hTD8-py3.12/lib/python3.12/site-packages/selenium/webdriver/remote/errorhandler.py:229: NoSuchElementException","steps":[{"name":"Start retest manual AT_55!380: The relevant pages of \"Social networks\" are opened","time":{"start":1732064316608,"stop":1732064344677,"duration":28069},"status":"broken","statusMessage":"selenium.common.exceptions.NoSuchElementException: Message: no such element: Unable to locate element: {\"method\":\"css selector\",\"selector\":\"footer > div\"}\n  (Session info: chrome=131.0.6778.69); For documentation on this error, please visit: https://www.selenium.dev/documentation/webdriver/troubleshooting/errors#no-such-element-exception\nStacktrace:\n#0 0x55a12d30e31a <unknown>\n#1 0x55a12ce246e0 <unknown>\n#2 0x55a12ce733e6 <unknown>\n#3 0x55a12ce73681 <unknown>\n#4 0x55a12ceb8b04 <unknown>\n#5 0x55a12ce9748d <unknown>\n#6 0x55a12ceb5ed7 <unknown>\n#7 0x55a12ce97203 <unknown>\n#8 0x55a12ce65cc0 <unknown>\n#9 0x55a12ce66c9e <unknown>\n#10 0x55a12d2dbd0b <unknown>\n#11 0x55a12d2dfc92 <unknown>\n#12 0x55a12d2c8b3c <unknown>\n#13 0x55a12d2e0807 <unknown>\n#14 0x55a12d2ae0df <unknown>\n#15 0x55a12d2fd578 <unknown>\n#16 0x55a12d2fd740 <unknown>\n#17 0x55a12d30d196 <unknown>\n#18 0x7fcab1094ac3 <unknown>\n\n","statusTrace":"  File \"/home/runner/.cache/pypoetry/virtualenvs/testcapitalcompyse-CcJ6hTD8-py3.12/lib/python3.12/site-packages/allure_commons/_allure.py\", line 192, in impl\n    return func(*a, **kw)\n           ^^^^^^^^^^^^^^\n  File \"/home/runner/work/TestCapitalComPySe/TestCapitalComPySe/tests/US_55_ReTestsManual/tassobaccato/US_55-tassobaccato_ReTestsManual_test.py\", line 449, in test_380\n    test_element.social_networks(d, cur_item_link)\n  File \"/home/runner/.cache/pypoetry/virtualenvs/testcapitalcompyse-CcJ6hTD8-py3.12/lib/python3.12/site-packages/allure_commons/_allure.py\", line 192, in impl\n    return func(*a, **kw)\n           ^^^^^^^^^^^^^^\n  File \"/home/runner/work/TestCapitalComPySe/TestCapitalComPySe/pages/BugsManual/bug_380.py\", line 48, in social_networks\n    social_block = self.driver.find_element(By.CSS_SELECTOR, 'footer > div')\n                   ^^^^^^^^^^^^^^^^^^^^^^^^^^^^^^^^^^^^^^^^^^^^^^^^^^^^^^^^^\n  File \"/home/runner/.cache/pypoetry/virtualenvs/testcapitalcompyse-CcJ6hTD8-py3.12/lib/python3.12/site-packages/selenium/webdriver/remote/webdriver.py\", line 766, in find_element\n    return self.execute(Command.FIND_ELEMENT, {\"using\": by, \"value\": value})[\"value\"]\n           ^^^^^^^^^^^^^^^^^^^^^^^^^^^^^^^^^^^^^^^^^^^^^^^^^^^^^^^^^^^^^^^^^\n  File \"/home/runner/.cache/pypoetry/virtualenvs/testcapitalcompyse-CcJ6hTD8-py3.12/lib/python3.12/site-packages/selenium/webdriver/remote/webdriver.py\", line 380, in execute\n    self.error_handler.check_response(response)\n  File \"/home/runner/.cache/pypoetry/virtualenvs/testcapitalcompyse-CcJ6hTD8-py3.12/lib/python3.12/site-packages/selenium/webdriver/remote/errorhandler.py\", line 229, in check_response\n    raise exception_class(message, screen, stacktrace)\n","steps":[{"name":"Build dynamic argument for TCs of US_55","time":{"start":1732064316608,"stop":1732064316610,"duration":2},"status":"passed","steps":[],"attachments":[],"parameters":[{"name":"d","value":"<selenium.webdriver.chrome.webdriver.WebDriver (session=\"3b1e4f1c02b3f39b01ae75e56c4f6d6b\")>"},{"name":"worker_id","value":"'master'"},{"name":"cur_language","value":"''"},{"name":"cur_country","value":"'ae'"},{"name":"cur_role","value":"'Auth'"},{"name":"us","value":"'55'"},{"name":"desc_us","value":"'ReTests of Manual Detected Bugs'"},{"name":"num_tc","value":"'380'"},{"name":"desc_tc","value":"'The relevant pages of \"Social networks\" are opened”'"},{"name":"manual","value":"False"},{"name":"new_layout","value":"False"}],"shouldDisplayMessage":false,"stepsCount":0,"attachmentsCount":0,"hasContent":true,"attachmentStep":false},{"name":"   Set New preconditions","time":{"start":1732064316610,"stop":1732064329608,"duration":12998},"status":"passed","steps":[{"name":"2024-11-20 00:35:56.572109   Start Authorisation","time":{"start":1732064323979,"stop":1732064327122,"duration":3143},"status":"passed","steps":[],"attachments":[],"parameters":[{"name":"d","value":"<selenium.webdriver.chrome.webdriver.WebDriver (session=\"3b1e4f1c02b3f39b01ae75e56c4f6d6b\")>"},{"name":"link","value":"'https://capital.com/en-gb'"},{"name":"login","value":"'test001.miketar+1@gmail.com'"},{"name":"password","value":"'Qwer1234-!@#$'"},{"name":"cur_role","value":"'Auth'"}],"shouldDisplayMessage":false,"stepsCount":0,"attachmentsCount":0,"hasContent":true,"attachmentStep":false},{"name":"2024-11-20 00:35:56.572133   Set language and country","time":{"start":1732064327123,"stop":1732064329603,"duration":2480},"status":"passed","steps":[],"attachments":[],"parameters":[{"name":"d","value":"<selenium.webdriver.chrome.webdriver.WebDriver (session=\"3b1e4f1c02b3f39b01ae75e56c4f6d6b\")>"},{"name":"cur_language","value":"'en'"},{"name":"cur_country","value":"'ae'"}],"shouldDisplayMessage":false,"stepsCount":0,"attachmentsCount":0,"hasContent":true,"attachmentStep":false}],"attachments":[],"parameters":[{"name":"d","value":"<selenium.webdriver.chrome.webdriver.WebDriver (session=\"3b1e4f1c02b3f39b01ae75e56c4f6d6b\")>"},{"name":"host","value":"'https://capital.com/en-gb'"},{"name":"end_point","value":"''"},{"name":"cur_language","value":"''"},{"name":"cur_country","value":"'ae'"},{"name":"cur_role","value":"'Auth'"},{"name":"cur_login","value":"'test001.miketar+1@gmail.com'"},{"name":"cur_password","value":"'Qwer1234-!@#$'"}],"shouldDisplayMessage":false,"stepsCount":2,"attachmentsCount":0,"hasContent":true,"attachmentStep":false},{"name":"Select \"About us\" menu, \"Help\" submenu","time":{"start":1732064329608,"stop":1732064337833,"duration":8225},"status":"passed","steps":[],"attachments":[],"parameters":[{"name":"d","value":"<selenium.webdriver.chrome.webdriver.WebDriver (session=\"3b1e4f1c02b3f39b01ae75e56c4f6d6b\")>"},{"name":"cur_language","value":"''"},{"name":"cur_country","value":"'ae'"},{"name":"link","value":"'https://capital.com/en-ae'"}],"shouldDisplayMessage":false,"stepsCount":0,"attachmentsCount":0,"hasContent":true,"attachmentStep":false},{"name":"2024-11-20 00:35:56.409988   Start testing that the relevant pages of 'Social networks' are opened”","time":{"start":1732064337833,"stop":1732064344677,"duration":6844},"status":"broken","statusMessage":"selenium.common.exceptions.NoSuchElementException: Message: no such element: Unable to locate element: {\"method\":\"css selector\",\"selector\":\"footer > div\"}\n  (Session info: chrome=131.0.6778.69); For documentation on this error, please visit: https://www.selenium.dev/documentation/webdriver/troubleshooting/errors#no-such-element-exception\nStacktrace:\n#0 0x55a12d30e31a <unknown>\n#1 0x55a12ce246e0 <unknown>\n#2 0x55a12ce733e6 <unknown>\n#3 0x55a12ce73681 <unknown>\n#4 0x55a12ceb8b04 <unknown>\n#5 0x55a12ce9748d <unknown>\n#6 0x55a12ceb5ed7 <unknown>\n#7 0x55a12ce97203 <unknown>\n#8 0x55a12ce65cc0 <unknown>\n#9 0x55a12ce66c9e <unknown>\n#10 0x55a12d2dbd0b <unknown>\n#11 0x55a12d2dfc92 <unknown>\n#12 0x55a12d2c8b3c <unknown>\n#13 0x55a12d2e0807 <unknown>\n#14 0x55a12d2ae0df <unknown>\n#15 0x55a12d2fd578 <unknown>\n#16 0x55a12d2fd740 <unknown>\n#17 0x55a12d30d196 <unknown>\n#18 0x7fcab1094ac3 <unknown>\n\n","statusTrace":"  File \"/home/runner/.cache/pypoetry/virtualenvs/testcapitalcompyse-CcJ6hTD8-py3.12/lib/python3.12/site-packages/allure_commons/_allure.py\", line 192, in impl\n    return func(*a, **kw)\n           ^^^^^^^^^^^^^^\n  File \"/home/runner/work/TestCapitalComPySe/TestCapitalComPySe/pages/BugsManual/bug_380.py\", line 48, in social_networks\n    social_block = self.driver.find_element(By.CSS_SELECTOR, 'footer > div')\n                   ^^^^^^^^^^^^^^^^^^^^^^^^^^^^^^^^^^^^^^^^^^^^^^^^^^^^^^^^^\n  File \"/home/runner/.cache/pypoetry/virtualenvs/testcapitalcompyse-CcJ6hTD8-py3.12/lib/python3.12/site-packages/selenium/webdriver/remote/webdriver.py\", line 766, in find_element\n    return self.execute(Command.FIND_ELEMENT, {\"using\": by, \"value\": value})[\"value\"]\n           ^^^^^^^^^^^^^^^^^^^^^^^^^^^^^^^^^^^^^^^^^^^^^^^^^^^^^^^^^^^^^^^^^\n  File \"/home/runner/.cache/pypoetry/virtualenvs/testcapitalcompyse-CcJ6hTD8-py3.12/lib/python3.12/site-packages/selenium/webdriver/remote/webdriver.py\", line 380, in execute\n    self.error_handler.check_response(response)\n  File \"/home/runner/.cache/pypoetry/virtualenvs/testcapitalcompyse-CcJ6hTD8-py3.12/lib/python3.12/site-packages/selenium/webdriver/remote/errorhandler.py\", line 229, in check_response\n    raise exception_class(message, screen, stacktrace)\n","steps":[],"attachments":[],"parameters":[{"name":"d","value":"<selenium.webdriver.chrome.webdriver.WebDriver (session=\"3b1e4f1c02b3f39b01ae75e56c4f6d6b\")>"},{"name":"cur_item_link","value":"'https://capital.com/en-ae/help'"}],"shouldDisplayMessage":true,"stepsCount":0,"attachmentsCount":0,"hasContent":true,"attachmentStep":false}],"attachments":[],"parameters":[{"name":"worker_id","value":"'master'"},{"name":"d","value":"<selenium.webdriver.chrome.webdriver.WebDriver (session=\"3b1e4f1c02b3f39b01ae75e56c4f6d6b\")>"},{"name":"cur_language","value":"''"},{"name":"cur_country","value":"'ae'"},{"name":"cur_role","value":"'Auth'"},{"name":"cur_login","value":"'test001.miketar+1@gmail.com'"},{"name":"cur_password","value":"'Qwer1234-!@#$'"}],"shouldDisplayMessage":false,"stepsCount":6,"attachmentsCount":0,"hasContent":true,"attachmentStep":false}],"attachments":[{"uid":"3fe393c325b5970f","name":"Screenshot","source":"3fe393c325b5970f.png","type":"image/png","size":21253},{"uid":"d750f8b2eac2e2d1","name":"stdout","source":"d750f8b2eac2e2d1.txt","type":"text/plain","size":5054}],"parameters":[],"shouldDisplayMessage":true,"stepsCount":7,"attachmentsCount":2,"hasContent":true,"attachmentStep":false},"afterStages":[{"name":"d::0","time":{"start":1732064985337,"stop":1732064985624,"duration":287},"status":"passed","steps":[],"attachments":[],"parameters":[],"shouldDisplayMessage":false,"stepsCount":0,"attachmentsCount":0,"hasContent":false,"attachmentStep":false}],"labels":[{"name":"epic","value":"TC_55!380 | The relevant pages of \"Social networks\" are opened”"},{"name":"feature","value":"Role: Auth"},{"name":"story","value":"Country: ae"},{"name":"tag","value":"bug_380"},{"name":"tag","value":"us_55"},{"name":"parentSuite","value":"tests.US_55_ReTestsManual.tassobaccato"},{"name":"suite","value":"US_55-tassobaccato_ReTestsManual_test"},{"name":"subSuite","value":"TestManualDetectedBugs"},{"name":"host","value":"fv-az566-988"},{"name":"thread","value":"36623-MainThread"},{"name":"framework","value":"pytest"},{"name":"language","value":"cpython3"},{"name":"package","value":"tests.US_55_ReTestsManual.tassobaccato.US_55-tassobaccato_ReTestsManual_test"},{"name":"resultFormat","value":"allure2"}],"parameters":[{"name":"cur_country","value":"'ae'"},{"name":"cur_language","value":"''"},{"name":"cur_login","value":"'test001.miketar+1@gmail.com'"},{"name":"cur_password","value":"'Qwer1234-!@#$'"},{"name":"cur_role","value":"'Auth'"},{"name":"d","value":"'Chrome'"}],"links":[],"hidden":false,"retry":false,"extra":{"severity":"normal","retries":[],"categories":[{"name":"Test defects","matchedStatuses":[],"flaky":false}],"history":{"statistic":{"failed":0,"broken":20,"skipped":0,"passed":0,"unknown":0,"total":20},"items":[{"uid":"a666ea6485b49e2f","reportUrl":"https://AlexTomAQA.github.io/TestCapitalComPySe/224//#testresult/a666ea6485b49e2f","status":"broken","statusDetails":"IndexError: Cannot choose from an empty sequence","time":{"start":1731718415973,"stop":1731718443410,"duration":27437}},{"uid":"edffd0855d854b41","reportUrl":"https://AlexTomAQA.github.io/TestCapitalComPySe/223//#testresult/edffd0855d854b41","status":"broken","statusDetails":"IndexError: Cannot choose from an empty sequence","time":{"start":1731652840909,"stop":1731652867419,"duration":26510}},{"uid":"44ba4fc4ba2598","reportUrl":"https://AlexTomAQA.github.io/TestCapitalComPySe/222//#testresult/44ba4fc4ba2598","status":"broken","statusDetails":"IndexError: Cannot choose from an empty sequence","time":{"start":1731631139894,"stop":1731631166220,"duration":26326}},{"uid":"1f577c1c7305af46","reportUrl":"https://AlexTomAQA.github.io/TestCapitalComPySe/221//#testresult/1f577c1c7305af46","status":"broken","statusDetails":"IndexError: Cannot choose from an empty sequence","time":{"start":1731545175260,"stop":1731545202884,"duration":27624}},{"uid":"c19e451f12565724","reportUrl":"https://AlexTomAQA.github.io/TestCapitalComPySe/220//#testresult/c19e451f12565724","status":"broken","statusDetails":"IndexError: Cannot choose from an empty sequence","time":{"start":1731479628157,"stop":1731479654238,"duration":26081}},{"uid":"5a8f17be7eb08672","reportUrl":"https://AlexTomAQA.github.io/TestCapitalComPySe/219//#testresult/5a8f17be7eb08672","status":"broken","statusDetails":"IndexError: Cannot choose from an empty sequence","time":{"start":1731460229345,"stop":1731460256334,"duration":26989}},{"uid":"6ea059fb4f6790de","reportUrl":"https://AlexTomAQA.github.io/TestCapitalComPySe/218//#testresult/6ea059fb4f6790de","status":"broken","statusDetails":"IndexError: Cannot choose from an empty sequence","time":{"start":1731373778285,"stop":1731373804242,"duration":25957}},{"uid":"90476e047db2bdf","reportUrl":"https://AlexTomAQA.github.io/TestCapitalComPySe/217//#testresult/90476e047db2bdf","status":"broken","statusDetails":"IndexError: Cannot choose from an empty sequence","time":{"start":1731286768538,"stop":1731286796338,"duration":27800}},{"uid":"60eb74cffd39b539","reportUrl":"https://AlexTomAQA.github.io/TestCapitalComPySe/216//#testresult/60eb74cffd39b539","status":"broken","statusDetails":"IndexError: Cannot choose from an empty sequence","time":{"start":1731199380216,"stop":1731199407375,"duration":27159}},{"uid":"fc9f179e84c22fa","reportUrl":"https://AlexTomAQA.github.io/TestCapitalComPySe/215//#testresult/fc9f179e84c22fa","status":"broken","statusDetails":"IndexError: Cannot choose from an empty sequence","time":{"start":1731113540564,"stop":1731113567149,"duration":26585}},{"uid":"52e2659e9fc4c227","reportUrl":"https://AlexTomAQA.github.io/TestCapitalComPySe/214//#testresult/52e2659e9fc4c227","status":"broken","statusDetails":"IndexError: Cannot choose from an empty sequence","time":{"start":1731027577671,"stop":1731027604324,"duration":26653}},{"uid":"75d8e6d8202d558","reportUrl":"https://AlexTomAQA.github.io/TestCapitalComPySe/213//#testresult/75d8e6d8202d558","status":"broken","statusDetails":"selenium.common.exceptions.NoSuchElementException: Message: no such element: Unable to locate element: {\"method\":\"css selector\",\"selector\":\"footer > div\"}\n  (Session info: chrome=130.0.6723.91); For documentation on this error, please visit: https://www.selenium.dev/documentation/webdriver/troubleshooting/errors#no-such-element-exception\nStacktrace:\n#0 0x561bcd4856da <unknown>\n#1 0x561bccf99f80 <unknown>\n#2 0x561bccfe6b46 <unknown>\n#3 0x561bccfe6de1 <unknown>\n#4 0x561bcd02c174 <unknown>\n#5 0x561bcd00abdd <unknown>\n#6 0x561bcd02969d <unknown>\n#7 0x561bcd00a953 <unknown>\n#8 0x561bccfd972e <unknown>\n#9 0x561bccfda79e <unknown>\n#10 0x561bcd450f1b <unknown>\n#11 0x561bcd454eb8 <unknown>\n#12 0x561bcd43e42c <unknown>\n#13 0x561bcd455a37 <unknown>\n#14 0x561bcd422fef <unknown>\n#15 0x561bcd473ad8 <unknown>\n#16 0x561bcd473ca0 <unknown>\n#17 0x561bcd484556 <unknown>\n#18 0x7ff4e7094ac3 <unknown>","time":{"start":1730941523053,"stop":1730941550674,"duration":27621}},{"uid":"cf31d5f3a3e54933","reportUrl":"https://AlexTomAQA.github.io/TestCapitalComPySe/212//#testresult/cf31d5f3a3e54933","status":"broken","statusDetails":"selenium.common.exceptions.NoSuchElementException: Message: no such element: Unable to locate element: {\"method\":\"css selector\",\"selector\":\"footer > div\"}\n  (Session info: chrome=130.0.6723.58); For documentation on this error, please visit: https://www.selenium.dev/documentation/webdriver/troubleshooting/errors#no-such-element-exception\nStacktrace:\n#0 0x55b35b5251ca <unknown>\n#1 0x55b35b040460 <unknown>\n#2 0x55b35b08cf96 <unknown>\n#3 0x55b35b08d221 <unknown>\n#4 0x55b35b0d25d4 <unknown>\n#5 0x55b35b0b103d <unknown>\n#6 0x55b35b0cfaf6 <unknown>\n#7 0x55b35b0b0db3 <unknown>\n#8 0x55b35b07fc10 <unknown>\n#9 0x55b35b080bee <unknown>\n#10 0x55b35b4f145b <unknown>\n#11 0x55b35b4f53f8 <unknown>\n#12 0x55b35b4def7c <unknown>\n#13 0x55b35b4f5f77 <unknown>\n#14 0x55b35b4c41cf <unknown>\n#15 0x55b35b5138e8 <unknown>\n#16 0x55b35b513ab0 <unknown>\n#17 0x55b35b524046 <unknown>\n#18 0x7f8924c94ac3 <unknown>","time":{"start":1730853695447,"stop":1730853722023,"duration":26576}},{"uid":"22ef6b60ac157a83","reportUrl":"https://AlexTomAQA.github.io/TestCapitalComPySe/211//#testresult/22ef6b60ac157a83","status":"broken","statusDetails":"selenium.common.exceptions.NoSuchElementException: Message: no such element: Unable to locate element: {\"method\":\"css selector\",\"selector\":\"footer > div\"}\n  (Session info: chrome=130.0.6723.58); For documentation on this error, please visit: https://www.selenium.dev/documentation/webdriver/troubleshooting/errors#no-such-element-exception\nStacktrace:\n#0 0x558c56ba713a <unknown>\n#1 0x558c566c2460 <unknown>\n#2 0x558c5670ef96 <unknown>\n#3 0x558c5670f221 <unknown>\n#4 0x558c567545d4 <unknown>\n#5 0x558c5673303d <unknown>\n#6 0x558c56751af6 <unknown>\n#7 0x558c56732db3 <unknown>\n#8 0x558c56701c10 <unknown>\n#9 0x558c56702bee <unknown>\n#10 0x558c56b733cb <unknown>\n#11 0x558c56b77368 <unknown>\n#12 0x558c56b60eec <unknown>\n#13 0x558c56b77ee7 <unknown>\n#14 0x558c56b4613f <unknown>\n#15 0x558c56b95858 <unknown>\n#16 0x558c56b95a20 <unknown>\n#17 0x558c56ba5fb6 <unknown>\n#18 0x7f446d094ac3 <unknown>","time":{"start":1730786784139,"stop":1730786809444,"duration":25305}},{"uid":"4158846e3f1e62e0","reportUrl":"https://AlexTomAQA.github.io/TestCapitalComPySe/210//#testresult/4158846e3f1e62e0","status":"broken","statusDetails":"selenium.common.exceptions.NoSuchElementException: Message: no such element: Unable to locate element: {\"method\":\"css selector\",\"selector\":\"footer > div\"}\n  (Session info: chrome=130.0.6723.91); For documentation on this error, please visit: https://www.selenium.dev/documentation/webdriver/troubleshooting/errors#no-such-element-exception\nStacktrace:\n#0 0x564915b3513a <unknown>\n#1 0x564915650460 <unknown>\n#2 0x56491569cf96 <unknown>\n#3 0x56491569d221 <unknown>\n#4 0x5649156e25d4 <unknown>\n#5 0x5649156c103d <unknown>\n#6 0x5649156dfaf6 <unknown>\n#7 0x5649156c0db3 <unknown>\n#8 0x56491568fc10 <unknown>\n#9 0x564915690bee <unknown>\n#10 0x564915b013cb <unknown>\n#11 0x564915b05368 <unknown>\n#12 0x564915aeeeec <unknown>\n#13 0x564915b05ee7 <unknown>\n#14 0x564915ad413f <unknown>\n#15 0x564915b23858 <unknown>\n#16 0x564915b23a20 <unknown>\n#17 0x564915b33fb6 <unknown>\n#18 0x7f8940294ac3 <unknown>","time":{"start":1730767086603,"stop":1730767110423,"duration":23820}},{"uid":"9c0a06c5a259109c","reportUrl":"https://AlexTomAQA.github.io/TestCapitalComPySe/209//#testresult/9c0a06c5a259109c","status":"broken","statusDetails":"selenium.common.exceptions.NoSuchElementException: Message: no such element: Unable to locate element: {\"method\":\"css selector\",\"selector\":\"footer > div\"}\n  (Session info: chrome=130.0.6723.58); For documentation on this error, please visit: https://www.selenium.dev/documentation/webdriver/troubleshooting/errors#no-such-element-exception\nStacktrace:\n#0 0x55b0d690c13a <unknown>\n#1 0x55b0d6427460 <unknown>\n#2 0x55b0d6473f96 <unknown>\n#3 0x55b0d6474221 <unknown>\n#4 0x55b0d64b95d4 <unknown>\n#5 0x55b0d649803d <unknown>\n#6 0x55b0d64b6af6 <unknown>\n#7 0x55b0d6497db3 <unknown>\n#8 0x55b0d6466c10 <unknown>\n#9 0x55b0d6467bee <unknown>\n#10 0x55b0d68d83cb <unknown>\n#11 0x55b0d68dc368 <unknown>\n#12 0x55b0d68c5eec <unknown>\n#13 0x55b0d68dcee7 <unknown>\n#14 0x55b0d68ab13f <unknown>\n#15 0x55b0d68fa858 <unknown>\n#16 0x55b0d68faa20 <unknown>\n#17 0x55b0d690afb6 <unknown>\n#18 0x7f834e294ac3 <unknown>","time":{"start":1730679753466,"stop":1730679778227,"duration":24761}},{"uid":"28af63656db234d1","reportUrl":"https://AlexTomAQA.github.io/TestCapitalComPySe/208//#testresult/28af63656db234d1","status":"broken","statusDetails":"selenium.common.exceptions.NoSuchElementException: Message: no such element: Unable to locate element: {\"method\":\"css selector\",\"selector\":\"footer > div\"}\n  (Session info: chrome=130.0.6723.58); For documentation on this error, please visit: https://www.selenium.dev/documentation/webdriver/troubleshooting/errors#no-such-element-exception\nStacktrace:\n#0 0x561e3e11213a <unknown>\n#1 0x561e3dc2d460 <unknown>\n#2 0x561e3dc79f96 <unknown>\n#3 0x561e3dc7a221 <unknown>\n#4 0x561e3dcbf5d4 <unknown>\n#5 0x561e3dc9e03d <unknown>\n#6 0x561e3dcbcaf6 <unknown>\n#7 0x561e3dc9ddb3 <unknown>\n#8 0x561e3dc6cc10 <unknown>\n#9 0x561e3dc6dbee <unknown>\n#10 0x561e3e0de3cb <unknown>\n#11 0x561e3e0e2368 <unknown>\n#12 0x561e3e0cbeec <unknown>\n#13 0x561e3e0e2ee7 <unknown>\n#14 0x561e3e0b113f <unknown>\n#15 0x561e3e100858 <unknown>\n#16 0x561e3e100a20 <unknown>\n#17 0x561e3e110fb6 <unknown>\n#18 0x7f1caf294ac3 <unknown>","time":{"start":1730593587185,"stop":1730593612773,"duration":25588}},{"uid":"6a203de4c00437f2","reportUrl":"https://AlexTomAQA.github.io/TestCapitalComPySe/207//#testresult/6a203de4c00437f2","status":"broken","statusDetails":"selenium.common.exceptions.NoSuchElementException: Message: no such element: Unable to locate element: {\"method\":\"css selector\",\"selector\":\"footer > div\"}\n  (Session info: chrome=130.0.6723.58); For documentation on this error, please visit: https://www.selenium.dev/documentation/webdriver/troubleshooting/errors#no-such-element-exception\nStacktrace:\n#0 0x56010bf3713a <unknown>\n#1 0x56010ba52460 <unknown>\n#2 0x56010ba9ef96 <unknown>\n#3 0x56010ba9f221 <unknown>\n#4 0x56010bae45d4 <unknown>\n#5 0x56010bac303d <unknown>\n#6 0x56010bae1af6 <unknown>\n#7 0x56010bac2db3 <unknown>\n#8 0x56010ba91c10 <unknown>\n#9 0x56010ba92bee <unknown>\n#10 0x56010bf033cb <unknown>\n#11 0x56010bf07368 <unknown>\n#12 0x56010bef0eec <unknown>\n#13 0x56010bf07ee7 <unknown>\n#14 0x56010bed613f <unknown>\n#15 0x56010bf25858 <unknown>\n#16 0x56010bf25a20 <unknown>\n#17 0x56010bf35fb6 <unknown>\n#18 0x7f7899294ac3 <unknown>","time":{"start":1730524303567,"stop":1730524326982,"duration":23415}},{"uid":"76ab027292006b9f","reportUrl":"https://AlexTomAQA.github.io/TestCapitalComPySe/206//#testresult/76ab027292006b9f","status":"broken","statusDetails":"selenium.common.exceptions.NoSuchElementException: Message: no such element: Unable to locate element: {\"method\":\"css selector\",\"selector\":\"footer > div\"}\n  (Session info: chrome=130.0.6723.58); For documentation on this error, please visit: https://www.selenium.dev/documentation/webdriver/troubleshooting/errors#no-such-element-exception\nStacktrace:\n#0 0x55e41a61a13a <unknown>\n#1 0x55e41a135460 <unknown>\n#2 0x55e41a181f96 <unknown>\n#3 0x55e41a182221 <unknown>\n#4 0x55e41a1c75d4 <unknown>\n#5 0x55e41a1a603d <unknown>\n#6 0x55e41a1c4af6 <unknown>\n#7 0x55e41a1a5db3 <unknown>\n#8 0x55e41a174c10 <unknown>\n#9 0x55e41a175bee <unknown>\n#10 0x55e41a5e63cb <unknown>\n#11 0x55e41a5ea368 <unknown>\n#12 0x55e41a5d3eec <unknown>\n#13 0x55e41a5eaee7 <unknown>\n#14 0x55e41a5b913f <unknown>\n#15 0x55e41a608858 <unknown>\n#16 0x55e41a608a20 <unknown>\n#17 0x55e41a618fb6 <unknown>\n#18 0x7faea8a94ac3 <unknown>","time":{"start":1730506871326,"stop":1730506894780,"duration":23454}}]},"tags":["bug_380","us_55"]},"source":"338e84fdeb3c11f1.json","parameterValues":["'ae'","''","'test001.miketar+1@gmail.com'","'Qwer1234-!@#$'","'Auth'","'Chrome'"]}