2025-01-27 00:47:38 ERROR Elements not present after 0.5 seconds on page: https://capital.com/en-gb/ways-to-trade/fees-and-charges
2025-01-27 00:47:38 ERROR 
Traceback (most recent call last):
  File "/home/runner/work/TestCapitalComPySe/TestCapitalComPySe/pages/base_page.py", line 86, in inner_function
    return func(*args, **kwargs)
           ^^^^^^^^^^^^^^^^^^^^^
  File "/home/runner/work/TestCapitalComPySe/TestCapitalComPySe/pages/base_page.py", line 306, in element_is_visible
    return Wait(self.driver, timeout).until(
           ^^^^^^^^^^^^^^^^^^^^^^^^^^^^^^^^^
  File "/home/runner/.cache/pypoetry/virtualenvs/testcapitalcompyse-CcJ6hTD8-py3.12/lib/python3.12/site-packages/selenium/webdriver/support/wait.py", line 105, in until
    raise TimeoutException(message, screen, stacktrace)
selenium.common.exceptions.TimeoutException: Message: 
Stacktrace:
#0 0x55aa8c93adca <unknown>
#1 0x55aa8c4313f0 <unknown>
#2 0x55aa8c48110c <unknown>
#3 0x55aa8c481331 <unknown>
#4 0x55aa8c4c7154 <unknown>
#5 0x55aa8c4a5abd <unknown>
#6 0x55aa8c4c44b3 <unknown>
#7 0x55aa8c4a5833 <unknown>
#8 0x55aa8c4725a0 <unknown>
#9 0x55aa8c473ece <unknown>
#10 0x55aa8c904bdb <unknown>
#11 0x55aa8c908b67 <unknown>
#12 0x55aa8c8f03bc <unknown>
#13 0x55aa8c909727 <unknown>
#14 0x55aa8c8d474f <unknown>
#15 0x55aa8c929938 <unknown>
#16 0x55aa8c929b00 <unknown>
#17 0x55aa8c939c46 <unknown>
#18 0x7ff77d29ca94 <unknown>
#19 0x7ff77d329c3c <unknown>