2024-05-03 05:47:45 ERROR Elements not present after 0.5 seconds on page: https://capital.com/it/gbp-aud-tasso
2024-05-03 05:47:45 ERROR 
Traceback (most recent call last):
  File "/home/runner/work/TestCapitalComPySe/TestCapitalComPySe/pages/base_page.py", line 86, in inner_function
    return func(*args, **kwargs)
           ^^^^^^^^^^^^^^^^^^^^^
  File "/home/runner/work/TestCapitalComPySe/TestCapitalComPySe/pages/base_page.py", line 305, in element_is_visible
    return Wait(self.driver, timeout).until(
           ^^^^^^^^^^^^^^^^^^^^^^^^^^^^^^^^^
  File "/home/runner/.cache/pypoetry/virtualenvs/testcapitalcompyse-CcJ6hTD8-py3.12/lib/python3.12/site-packages/selenium/webdriver/support/wait.py", line 105, in until
    raise TimeoutException(message, screen, stacktrace)
selenium.common.exceptions.TimeoutException: Message: 
Stacktrace:
#0 0x55e2bc86ecb3 <unknown>
#1 0x55e2bc55d4a7 <unknown>
#2 0x55e2bc5a831d <unknown>
#3 0x55e2bc5a83d1 <unknown>
#4 0x55e2bc5eb734 <unknown>
#5 0x55e2bc5ca43d <unknown>
#6 0x55e2bc5e8be9 <unknown>
#7 0x55e2bc5ca1b3 <unknown>
#8 0x55e2bc59b24a <unknown>
#9 0x55e2bc59bc1e <unknown>
#10 0x55e2bc832fdb <unknown>
#11 0x55e2bc836f2b <unknown>
#12 0x55e2bc81f0f1 <unknown>
#13 0x55e2bc837a92 <unknown>
#14 0x55e2bc803faf <unknown>
#15 0x55e2bc85de08 <unknown>
#16 0x55e2bc85dfe0 <unknown>
#17 0x55e2bc86de04 <unknown>
#18 0x7f41b2a94ac3 <unknown>