{"uid":"f1634349cd315026","name":"TC_55!299ar (Lang: ar) | Bid:55!299ar-ar.ae.NoAuth","fullName":"tests.US_55_ReTestsManual.saii-d3v.US_55-saii-d3v_ReTestsManual_test.TestManualDetectedBugs#test_299ar","historyId":"5afa7a9e08bb95fc618e40a0d87d423a","time":{"start":1723087214116,"stop":1723087241037,"duration":26921},"description":"\n         Check: The modal window \"Log in to your Facebook account\" is not opened\n                after clicking the button [Facebook] in the Sign up / Log in form\n                on any page when EN/AR language and SCA license is selected\n         Language: AR, EN.\n         License: SCA.\n         Author: Sergey Aiidzhanov\n         ","descriptionHtml":"<pre><code>     Check: The modal window &quot;Log in to your Facebook account&quot; is not opened\n            after clicking the button [Facebook] in the Sign up / Log in form\n            on any page when EN/AR language and SCA license is selected\n     Language: AR, EN.\n     License: SCA.\n     Author: Sergey Aiidzhanov\n</code></pre>\n","status":"broken","statusMessage":"selenium.common.exceptions.TimeoutException: Message:","statusTrace":"self = <US_55-saii-d3v_ReTestsManual_test.TestManualDetectedBugs object at 0x7f8c3aee2b70>\nworker_id = 'master'\nd = <selenium.webdriver.chrome.webdriver.WebDriver (session=\"ef74b20356a10c3909be5f98ae74e176\")>\ncur_language = 'ar', cur_country = 'ae', cur_role = 'NoAuth'\ncur_login = 'test001.miketar+1@gmail.com', cur_password = 'Qwer1234-!@#$'\n\n    @allure.step(\n        'Start retest manual TC_55!299 | The modal window \"Log in to your Facebook account\" is not opened '\n        'after clicking the button [Facebook] in the Sign up / Log in form on any page '\n        'when EN/AR language and SCA license is selected')\n    @pytest.mark.parametrize('cur_language', ['ar'])\n    @pytest.mark.parametrize('cur_country', ['ae'])\n    @pytest.mark.parametrize('cur_role', ['NoReg', 'NoAuth'])\n    @pytest.mark.bug_299ar\n    def test_299ar(self, worker_id, d, cur_language, cur_country, cur_role,\n                   cur_login, cur_password):\n        \"\"\"\n         Check: The modal window \"Log in to your Facebook account\" is not opened\n                after clicking the button [Facebook] in the Sign up / Log in form\n                on any page when EN/AR language and SCA license is selected\n         Language: AR, EN.\n         License: SCA.\n         Author: Sergey Aiidzhanov\n         \"\"\"\n        bid = build_dynamic_arg_for_us_55(\n            d, worker_id, cur_language, cur_country, cur_role,\n            \"55\", \"ReTests of Manual Detected Bugs\",\n            \"299ar\",\n            'The modal window \"Log in to your Facebook account\" is not opened '\n            'after clicking the button [Facebook] in the Sign up / Log in form on any page '\n            'when EN/AR language and SCA license is selected',\n            False,\n            False\n        )\n        # Arrange\n        page_conditions = NewConditions(d)\n        link = page_conditions.preconditions(d, CapitalComPageSrc.URL_NEW_AR_AE, \"\", cur_language,\n                                             cur_country, cur_role, cur_login, cur_password)\n    \n        test_el = CheckLoginFacebookModal(d, link, bid)\n        signup_login = SignupLogin(d, link, bid)\n    \n        if cur_role == \"NoReg\":\n            test_el.click_signup_button()\n        if cur_role == \"NoAuth\":\n>           test_el.click_login_button()\n\ntests/US_55_ReTestsManual/saii-d3v/US_55-saii-d3v_ReTestsManual_test.py:745: \n_ _ _ _ _ _ _ _ _ _ _ _ _ _ _ _ _ _ _ _ _ _ _ _ _ _ _ _ _ _ _ _ _ _ _ _ _ _ _ _ \npages/BugsManual/bug_299.py:25: in click_login_button\n    el = Wait(self.driver, 2).until(EC.element_to_be_clickable(LOGIN_BTN_LOC))\n_ _ _ _ _ _ _ _ _ _ _ _ _ _ _ _ _ _ _ _ _ _ _ _ _ _ _ _ _ _ _ _ _ _ _ _ _ _ _ _ \n\nself = <selenium.webdriver.support.wait.WebDriverWait (session=\"ef74b20356a10c3909be5f98ae74e176\")>\nmethod = <function element_to_be_clickable.<locals>._predicate at 0x7f8c3adf4e00>\nmessage = ''\n\n    def until(self, method: Callable[[D], Union[Literal[False], T]], message: str = \"\") -> T:\n        \"\"\"Calls the method provided with the driver as an argument until the \\\n        return value does not evaluate to ``False``.\n    \n        :param method: callable(WebDriver)\n        :param message: optional message for :exc:`TimeoutException`\n        :returns: the result of the last call to `method`\n        :raises: :exc:`selenium.common.exceptions.TimeoutException` if timeout occurs\n        \"\"\"\n        screen = None\n        stacktrace = None\n    \n        end_time = time.monotonic() + self._timeout\n        while True:\n            try:\n                value = method(self._driver)\n                if value:\n                    return value\n            except self._ignored_exceptions as exc:\n                screen = getattr(exc, \"screen\", None)\n                stacktrace = getattr(exc, \"stacktrace\", None)\n            time.sleep(self._poll)\n            if time.monotonic() > end_time:\n                break\n>       raise TimeoutException(message, screen, stacktrace)\nE       selenium.common.exceptions.TimeoutException: Message:\n\n../../../.cache/pypoetry/virtualenvs/testcapitalcompyse-CcJ6hTD8-py3.12/lib/python3.12/site-packages/selenium/webdriver/support/wait.py:105: TimeoutException","flaky":false,"newFailed":false,"newBroken":false,"newPassed":false,"retriesCount":0,"retriesStatusChange":false,"beforeStages":[{"name":"d","time":{"start":1723085237192,"stop":1723085237570,"duration":378},"status":"passed","steps":[],"attachments":[],"parameters":[],"shouldDisplayMessage":false,"stepsCount":0,"attachmentsCount":0,"hasContent":false,"attachmentStep":false},{"name":"cur_login","time":{"start":1723085237570,"stop":1723085237570,"duration":0},"status":"passed","steps":[],"attachments":[],"parameters":[],"shouldDisplayMessage":false,"stepsCount":0,"attachmentsCount":0,"hasContent":false,"attachmentStep":false},{"name":"cur_password","time":{"start":1723085237570,"stop":1723085237570,"duration":0},"status":"passed","steps":[],"attachments":[],"parameters":[],"shouldDisplayMessage":false,"stepsCount":0,"attachmentsCount":0,"hasContent":false,"attachmentStep":false},{"name":"worker_id","time":{"start":1723085237570,"stop":1723085237570,"duration":0},"status":"passed","steps":[],"attachments":[],"parameters":[],"shouldDisplayMessage":false,"stepsCount":0,"attachmentsCount":0,"hasContent":false,"attachmentStep":false}],"testStage":{"description":"\n         Check: The modal window \"Log in to your Facebook account\" is not opened\n                after clicking the button [Facebook] in the Sign up / Log in form\n                on any page when EN/AR language and SCA license is selected\n         Language: AR, EN.\n         License: SCA.\n         Author: Sergey Aiidzhanov\n         ","status":"broken","statusMessage":"selenium.common.exceptions.TimeoutException: Message:","statusTrace":"self = <US_55-saii-d3v_ReTestsManual_test.TestManualDetectedBugs object at 0x7f8c3aee2b70>\nworker_id = 'master'\nd = <selenium.webdriver.chrome.webdriver.WebDriver (session=\"ef74b20356a10c3909be5f98ae74e176\")>\ncur_language = 'ar', cur_country = 'ae', cur_role = 'NoAuth'\ncur_login = 'test001.miketar+1@gmail.com', cur_password = 'Qwer1234-!@#$'\n\n    @allure.step(\n        'Start retest manual TC_55!299 | The modal window \"Log in to your Facebook account\" is not opened '\n        'after clicking the button [Facebook] in the Sign up / Log in form on any page '\n        'when EN/AR language and SCA license is selected')\n    @pytest.mark.parametrize('cur_language', ['ar'])\n    @pytest.mark.parametrize('cur_country', ['ae'])\n    @pytest.mark.parametrize('cur_role', ['NoReg', 'NoAuth'])\n    @pytest.mark.bug_299ar\n    def test_299ar(self, worker_id, d, cur_language, cur_country, cur_role,\n                   cur_login, cur_password):\n        \"\"\"\n         Check: The modal window \"Log in to your Facebook account\" is not opened\n                after clicking the button [Facebook] in the Sign up / Log in form\n                on any page when EN/AR language and SCA license is selected\n         Language: AR, EN.\n         License: SCA.\n         Author: Sergey Aiidzhanov\n         \"\"\"\n        bid = build_dynamic_arg_for_us_55(\n            d, worker_id, cur_language, cur_country, cur_role,\n            \"55\", \"ReTests of Manual Detected Bugs\",\n            \"299ar\",\n            'The modal window \"Log in to your Facebook account\" is not opened '\n            'after clicking the button [Facebook] in the Sign up / Log in form on any page '\n            'when EN/AR language and SCA license is selected',\n            False,\n            False\n        )\n        # Arrange\n        page_conditions = NewConditions(d)\n        link = page_conditions.preconditions(d, CapitalComPageSrc.URL_NEW_AR_AE, \"\", cur_language,\n                                             cur_country, cur_role, cur_login, cur_password)\n    \n        test_el = CheckLoginFacebookModal(d, link, bid)\n        signup_login = SignupLogin(d, link, bid)\n    \n        if cur_role == \"NoReg\":\n            test_el.click_signup_button()\n        if cur_role == \"NoAuth\":\n>           test_el.click_login_button()\n\ntests/US_55_ReTestsManual/saii-d3v/US_55-saii-d3v_ReTestsManual_test.py:745: \n_ _ _ _ _ _ _ _ _ _ _ _ _ _ _ _ _ _ _ _ _ _ _ _ _ _ _ _ _ _ _ _ _ _ _ _ _ _ _ _ \npages/BugsManual/bug_299.py:25: in click_login_button\n    el = Wait(self.driver, 2).until(EC.element_to_be_clickable(LOGIN_BTN_LOC))\n_ _ _ _ _ _ _ _ _ _ _ _ _ _ _ _ _ _ _ _ _ _ _ _ _ _ _ _ _ _ _ _ _ _ _ _ _ _ _ _ \n\nself = <selenium.webdriver.support.wait.WebDriverWait (session=\"ef74b20356a10c3909be5f98ae74e176\")>\nmethod = <function element_to_be_clickable.<locals>._predicate at 0x7f8c3adf4e00>\nmessage = ''\n\n    def until(self, method: Callable[[D], Union[Literal[False], T]], message: str = \"\") -> T:\n        \"\"\"Calls the method provided with the driver as an argument until the \\\n        return value does not evaluate to ``False``.\n    \n        :param method: callable(WebDriver)\n        :param message: optional message for :exc:`TimeoutException`\n        :returns: the result of the last call to `method`\n        :raises: :exc:`selenium.common.exceptions.TimeoutException` if timeout occurs\n        \"\"\"\n        screen = None\n        stacktrace = None\n    \n        end_time = time.monotonic() + self._timeout\n        while True:\n            try:\n                value = method(self._driver)\n                if value:\n                    return value\n            except self._ignored_exceptions as exc:\n                screen = getattr(exc, \"screen\", None)\n                stacktrace = getattr(exc, \"stacktrace\", None)\n            time.sleep(self._poll)\n            if time.monotonic() > end_time:\n                break\n>       raise TimeoutException(message, screen, stacktrace)\nE       selenium.common.exceptions.TimeoutException: Message:\n\n../../../.cache/pypoetry/virtualenvs/testcapitalcompyse-CcJ6hTD8-py3.12/lib/python3.12/site-packages/selenium/webdriver/support/wait.py:105: TimeoutException","steps":[{"name":"Start retest manual TC_55!299 | The modal window \"Log in to your Facebook account\" is not opened after clicking the button [Facebook] in the Sign up / Log in form on any page when EN/AR language and SCA license is selected","time":{"start":1723087214116,"stop":1723087241037,"duration":26921},"status":"broken","statusMessage":"selenium.common.exceptions.TimeoutException: Message: \n\n","statusTrace":"  File \"/home/runner/.cache/pypoetry/virtualenvs/testcapitalcompyse-CcJ6hTD8-py3.12/lib/python3.12/site-packages/allure_commons/_allure.py\", line 192, in impl\n    return func(*a, **kw)\n           ^^^^^^^^^^^^^^\n  File \"/home/runner/work/TestCapitalComPySe/TestCapitalComPySe/tests/US_55_ReTestsManual/saii-d3v/US_55-saii-d3v_ReTestsManual_test.py\", line 745, in test_299ar\n    test_el.click_login_button()\n  File \"/home/runner/work/TestCapitalComPySe/TestCapitalComPySe/pages/BugsManual/bug_299.py\", line 25, in click_login_button\n    el = Wait(self.driver, 2).until(EC.element_to_be_clickable(LOGIN_BTN_LOC))\n         ^^^^^^^^^^^^^^^^^^^^^^^^^^^^^^^^^^^^^^^^^^^^^^^^^^^^^^^^^^^^^^^^^^^^^\n  File \"/home/runner/.cache/pypoetry/virtualenvs/testcapitalcompyse-CcJ6hTD8-py3.12/lib/python3.12/site-packages/selenium/webdriver/support/wait.py\", line 105, in until\n    raise TimeoutException(message, screen, stacktrace)\n","steps":[{"name":"   Set New preconditions","time":{"start":1723087214118,"stop":1723087238829,"duration":24711},"status":"passed","steps":[{"name":"2024-08-08 02:47:17.023966   Start Checking Captcha","time":{"start":1723087214130,"stop":1723087219178,"duration":5048},"status":"passed","steps":[],"attachments":[],"parameters":[],"shouldDisplayMessage":false,"stepsCount":0,"attachmentsCount":0,"hasContent":false,"attachmentStep":false},{"name":"2024-08-08 02:47:17.023966   Start Checking Captcha","time":{"start":1723087223029,"stop":1723087228041,"duration":5012},"status":"passed","steps":[],"attachments":[],"parameters":[],"shouldDisplayMessage":false,"stepsCount":0,"attachmentsCount":0,"hasContent":false,"attachmentStep":false},{"name":"2024-08-08 02:47:17.023966   Start Checking Captcha","time":{"start":1723087228041,"stop":1723087233054,"duration":5013},"status":"passed","steps":[],"attachments":[],"parameters":[],"shouldDisplayMessage":false,"stepsCount":0,"attachmentsCount":0,"hasContent":false,"attachmentStep":false},{"name":"2024-08-08 02:47:17.164878   Start Authorisation","time":{"start":1723087233054,"stop":1723087237728,"duration":4674},"status":"passed","steps":[],"attachments":[],"parameters":[{"name":"d","value":"<selenium.webdriver.chrome.webdriver.WebDriver (session=\"ef74b20356a10c3909be5f98ae74e176\")>"},{"name":"link","value":"'https://capital.com/ar-ae'"},{"name":"login","value":"'test001.miketar+1@gmail.com'"},{"name":"password","value":"'Qwer1234-!@#$'"},{"name":"cur_role","value":"'NoAuth'"}],"shouldDisplayMessage":false,"stepsCount":0,"attachmentsCount":0,"hasContent":true,"attachmentStep":false}],"attachments":[],"parameters":[{"name":"d","value":"<selenium.webdriver.chrome.webdriver.WebDriver (session=\"ef74b20356a10c3909be5f98ae74e176\")>"},{"name":"host","value":"'https://capital.com/ar-ae'"},{"name":"end_point","value":"''"},{"name":"cur_language","value":"'ar'"},{"name":"cur_country","value":"'ae'"},{"name":"cur_role","value":"'NoAuth'"},{"name":"cur_login","value":"'test001.miketar+1@gmail.com'"},{"name":"cur_password","value":"'Qwer1234-!@#$'"}],"shouldDisplayMessage":false,"stepsCount":4,"attachmentsCount":0,"hasContent":true,"attachmentStep":false}],"attachments":[],"parameters":[{"name":"worker_id","value":"'master'"},{"name":"d","value":"<selenium.webdriver.chrome.webdriver.WebDriver (session=\"ef74b20356a10c3909be5f98ae74e176\")>"},{"name":"cur_language","value":"'ar'"},{"name":"cur_country","value":"'ae'"},{"name":"cur_role","value":"'NoAuth'"},{"name":"cur_login","value":"'test001.miketar+1@gmail.com'"},{"name":"cur_password","value":"'Qwer1234-!@#$'"}],"shouldDisplayMessage":true,"stepsCount":5,"attachmentsCount":0,"hasContent":true,"attachmentStep":false}],"attachments":[{"uid":"2ca0e533a4b4d612","name":"Screenshot","source":"2ca0e533a4b4d612.png","type":"image/png","size":885020},{"uid":"53b5f13d64bc05d6","name":"log","source":"53b5f13d64bc05d6.txt","type":"text/plain","size":825},{"uid":"d8b3d17628b79b75","name":"stdout","source":"d8b3d17628b79b75.txt","type":"text/plain","size":3391}],"parameters":[],"shouldDisplayMessage":true,"stepsCount":6,"attachmentsCount":3,"hasContent":true,"attachmentStep":false},"afterStages":[{"name":"d::0","time":{"start":1723087241769,"stop":1723087242064,"duration":295},"status":"passed","steps":[],"attachments":[],"parameters":[],"shouldDisplayMessage":false,"stepsCount":0,"attachmentsCount":0,"hasContent":false,"attachmentStep":false}],"labels":[{"name":"epic","value":"TC_55!299ar | The modal window \"Log in to your Facebook account\" is not opened after clicking the button [Facebook] in the Sign up / Log in form on any page when EN/AR language and SCA license is selected"},{"name":"feature","value":"Role: NoAuth"},{"name":"story","value":"Country: ae"},{"name":"tag","value":"bug_299ar"},{"name":"tag","value":"us_55"},{"name":"parentSuite","value":"tests.US_55_ReTestsManual.saii-d3v"},{"name":"suite","value":"US_55-saii-d3v_ReTestsManual_test"},{"name":"subSuite","value":"TestManualDetectedBugs"},{"name":"host","value":"fv-az1208-311"},{"name":"thread","value":"14967-MainThread"},{"name":"framework","value":"pytest"},{"name":"language","value":"cpython3"},{"name":"package","value":"tests.US_55_ReTestsManual.saii-d3v.US_55-saii-d3v_ReTestsManual_test"},{"name":"resultFormat","value":"allure2"}],"parameters":[{"name":"cur_country","value":"'ae'"},{"name":"cur_language","value":"'ar'"},{"name":"cur_login","value":"'test001.miketar+1@gmail.com'"},{"name":"cur_password","value":"'Qwer1234-!@#$'"},{"name":"cur_role","value":"'NoAuth'"},{"name":"d","value":"'Chrome'"}],"links":[],"hidden":false,"retry":false,"extra":{"severity":"normal","retries":[],"categories":[{"name":"Test defects","matchedStatuses":[],"flaky":false}],"history":{"statistic":{"failed":1,"broken":6,"skipped":0,"passed":0,"unknown":0,"total":7},"items":[{"uid":"ab43267a5c5b271e","reportUrl":"https://AlexTomAQA.github.io/TestCapitalComPySe/76//#testresult/ab43267a5c5b271e","status":"broken","statusDetails":"selenium.common.exceptions.TimeoutException: Message:","time":{"start":1723000688620,"stop":1723000714770,"duration":26150}},{"uid":"8272074509aecf31","reportUrl":"https://AlexTomAQA.github.io/TestCapitalComPySe/75//#testresult/8272074509aecf31","status":"broken","statusDetails":"selenium.common.exceptions.TimeoutException: Message:","time":{"start":1722914304559,"stop":1722914330252,"duration":25693}},{"uid":"34b59275348b82ef","reportUrl":"https://AlexTomAQA.github.io/TestCapitalComPySe/74//#testresult/34b59275348b82ef","status":"broken","statusDetails":"selenium.common.exceptions.TimeoutException: Message:","time":{"start":1722828153120,"stop":1722828178192,"duration":25072}},{"uid":"13e3a7b8e147799","reportUrl":"https://AlexTomAQA.github.io/TestCapitalComPySe/73//#testresult/13e3a7b8e147799","status":"broken","statusDetails":"selenium.common.exceptions.TimeoutException: Message:","time":{"start":1722765928611,"stop":1722765954168,"duration":25557}},{"uid":"93b4428da43f1e28","reportUrl":"https://AlexTomAQA.github.io/TestCapitalComPySe/71//#testresult/93b4428da43f1e28","status":"broken","statusDetails":"OSError: [Errno 8] Exec format error: '/home/runner/.wdm/drivers/chromedriver/linux64/127.0.6533.88/chromedriver-linux64/THIRD_PARTY_NOTICES.chromedriver'","time":{"start":1722526187390,"stop":1722526187390,"duration":0}},{"uid":"8d168d5e437da314","reportUrl":"https://AlexTomAQA.github.io/TestCapitalComPySe/70//#testresult/8d168d5e437da314","status":"failed","statusDetails":"Failed: Bug! 'Login' button is not clicked","time":{"start":1722460057917,"stop":1722460066758,"duration":8841}}]},"tags":["us_55","bug_299ar"]},"source":"f1634349cd315026.json","parameterValues":["'ae'","'ar'","'test001.miketar+1@gmail.com'","'Qwer1234-!@#$'","'NoAuth'","'Chrome'"]}