2024-01-30 12:36:43 ERROR Elements not present after 0.5 seconds on page: https://capital.com/de/trade-eurchf
2024-01-30 12:36:43 ERROR 
Traceback (most recent call last):
  File "/home/runner/work/TestCapitalComPySe/TestCapitalComPySe/pages/base_page.py", line 82, in inner_function
    return func(*args, **kwargs)
           ^^^^^^^^^^^^^^^^^^^^^
  File "/home/runner/work/TestCapitalComPySe/TestCapitalComPySe/pages/base_page.py", line 293, in element_is_visible
    return Wait(self.driver, timeout).until(
           ^^^^^^^^^^^^^^^^^^^^^^^^^^^^^^^^^
  File "/home/runner/.cache/pypoetry/virtualenvs/testcapitalcompyse-CcJ6hTD8-py3.11/lib/python3.11/site-packages/selenium/webdriver/support/wait.py", line 105, in until
    raise TimeoutException(message, screen, stacktrace)
selenium.common.exceptions.TimeoutException: Message: 
Stacktrace:
#0 0x561c5b4d8f83 <unknown>
#1 0x561c5b191cf7 <unknown>
#2 0x561c5b1e199e <unknown>
#3 0x561c5b1e1aa1 <unknown>
#4 0x561c5b22cd64 <unknown>
#5 0x561c5b20b0dd <unknown>
#6 0x561c5b22a006 <unknown>
#7 0x561c5b20ae53 <unknown>
#8 0x561c5b1d2dd4 <unknown>
#9 0x561c5b1d41de <unknown>
#10 0x561c5b49d531 <unknown>
#11 0x561c5b4a1455 <unknown>
#12 0x561c5b489f55 <unknown>
#13 0x561c5b4a20ef <unknown>
#14 0x561c5b46d99f <unknown>
#15 0x561c5b4c6008 <unknown>
#16 0x561c5b4c61d7 <unknown>
#17 0x561c5b4d8124 <unknown>
#18 0x7f2711294ac3 <unknown>

2024-01-30 12:36:46 ERROR Elements not present after 0.5 seconds on page: https://capital.com/de/trade-eurchf
2024-01-30 12:36:46 ERROR 
Traceback (most recent call last):
  File "/home/runner/work/TestCapitalComPySe/TestCapitalComPySe/pages/base_page.py", line 82, in inner_function
    return func(*args, **kwargs)
           ^^^^^^^^^^^^^^^^^^^^^
  File "/home/runner/work/TestCapitalComPySe/TestCapitalComPySe/pages/base_page.py", line 293, in element_is_visible
    return Wait(self.driver, timeout).until(
           ^^^^^^^^^^^^^^^^^^^^^^^^^^^^^^^^^
  File "/home/runner/.cache/pypoetry/virtualenvs/testcapitalcompyse-CcJ6hTD8-py3.11/lib/python3.11/site-packages/selenium/webdriver/support/wait.py", line 105, in until
    raise TimeoutException(message, screen, stacktrace)
selenium.common.exceptions.TimeoutException: Message: 
Stacktrace:
#0 0x561c5b4d8f83 <unknown>
#1 0x561c5b191cf7 <unknown>
#2 0x561c5b1e199e <unknown>
#3 0x561c5b1e1aa1 <unknown>
#4 0x561c5b22cd64 <unknown>
#5 0x561c5b20b0dd <unknown>
#6 0x561c5b22a006 <unknown>
#7 0x561c5b20ae53 <unknown>
#8 0x561c5b1d2dd4 <unknown>
#9 0x561c5b1d41de <unknown>
#10 0x561c5b49d531 <unknown>
#11 0x561c5b4a1455 <unknown>
#12 0x561c5b489f55 <unknown>
#13 0x561c5b4a20ef <unknown>
#14 0x561c5b46d99f <unknown>
#15 0x561c5b4c6008 <unknown>
#16 0x561c5b4c61d7 <unknown>
#17 0x561c5b4d8124 <unknown>
#18 0x7f2711294ac3 <unknown>

2024-01-30 12:36:49 ERROR Elements not present after 0.5 seconds on page: https://capital.com/de/trade-eurchf
2024-01-30 12:36:49 ERROR 
Traceback (most recent call last):
  File "/home/runner/work/TestCapitalComPySe/TestCapitalComPySe/pages/base_page.py", line 82, in inner_function
    return func(*args, **kwargs)
           ^^^^^^^^^^^^^^^^^^^^^
  File "/home/runner/work/TestCapitalComPySe/TestCapitalComPySe/pages/base_page.py", line 293, in element_is_visible
    return Wait(self.driver, timeout).until(
           ^^^^^^^^^^^^^^^^^^^^^^^^^^^^^^^^^
  File "/home/runner/.cache/pypoetry/virtualenvs/testcapitalcompyse-CcJ6hTD8-py3.11/lib/python3.11/site-packages/selenium/webdriver/support/wait.py", line 105, in until
    raise TimeoutException(message, screen, stacktrace)
selenium.common.exceptions.TimeoutException: Message: 
Stacktrace:
#0 0x561c5b4d8f83 <unknown>
#1 0x561c5b191cf7 <unknown>
#2 0x561c5b1e199e <unknown>
#3 0x561c5b1e1aa1 <unknown>
#4 0x561c5b22cd64 <unknown>
#5 0x561c5b20b0dd <unknown>
#6 0x561c5b22a006 <unknown>
#7 0x561c5b20ae53 <unknown>
#8 0x561c5b1d2dd4 <unknown>
#9 0x561c5b1d41de <unknown>
#10 0x561c5b49d531 <unknown>
#11 0x561c5b4a1455 <unknown>
#12 0x561c5b489f55 <unknown>
#13 0x561c5b4a20ef <unknown>
#14 0x561c5b46d99f <unknown>
#15 0x561c5b4c6008 <unknown>
#16 0x561c5b4c61d7 <unknown>
#17 0x561c5b4d8124 <unknown>
#18 0x7f2711294ac3 <unknown>