2024-02-16 05:34:58 ERROR Elements not present after 0.5 seconds on page: https://capital.com/
2024-02-16 05:34:58 ERROR Can't see element by locator ('css selector', "iframe[title='reCAPTCHA']")
Traceback (most recent call last):
  File "/home/runner/work/TestCapitalComPySe/TestCapitalComPySe/pages/base_page.py", line 84, in inner_function
    return func(*args, **kwargs)
           ^^^^^^^^^^^^^^^^^^^^^
  File "/home/runner/work/TestCapitalComPySe/TestCapitalComPySe/pages/base_page.py", line 517, in is_captcha
    if self.elements_are_visible(Captcha.CAPTCHA_IFRAME):
       ^^^^^^^^^^^^^^^^^^^^^^^^^^^^^^^^^^^^^^^^^^^^^^^^^
  File "/home/runner/work/TestCapitalComPySe/TestCapitalComPySe/pages/base_page.py", line 637, in elements_are_visible
    return Wait(self.driver, timeout).until(EC.visibility_of_any_elements_located(locator),
           ^^^^^^^^^^^^^^^^^^^^^^^^^^^^^^^^^^^^^^^^^^^^^^^^^^^^^^^^^^^^^^^^^^^^^^^^^^^^^^^^
  File "/home/runner/.cache/pypoetry/virtualenvs/testcapitalcompyse-CcJ6hTD8-py3.12/lib/python3.12/site-packages/selenium/webdriver/support/wait.py", line 105, in until
    raise TimeoutException(message, screen, stacktrace)
selenium.common.exceptions.TimeoutException: Message: Can't see element by locator ('css selector', "iframe[title='reCAPTCHA']")

2024-02-16 05:35:18 ERROR Elements not present after 0.5 seconds on page: https://capital.com/trade-silver
2024-02-16 05:35:18 ERROR 
Traceback (most recent call last):
  File "/home/runner/work/TestCapitalComPySe/TestCapitalComPySe/pages/base_page.py", line 84, in inner_function
    return func(*args, **kwargs)
           ^^^^^^^^^^^^^^^^^^^^^
  File "/home/runner/work/TestCapitalComPySe/TestCapitalComPySe/pages/base_page.py", line 301, in element_is_visible
    return Wait(self.driver, timeout).until(
           ^^^^^^^^^^^^^^^^^^^^^^^^^^^^^^^^^
  File "/home/runner/.cache/pypoetry/virtualenvs/testcapitalcompyse-CcJ6hTD8-py3.12/lib/python3.12/site-packages/selenium/webdriver/support/wait.py", line 105, in until
    raise TimeoutException(message, screen, stacktrace)
selenium.common.exceptions.TimeoutException: Message: 
Stacktrace:
#0 0x563fe55c8d93 <unknown>
#1 0x563fe52ac337 <unknown>
#2 0x563fe52f7d60 <unknown>
#3 0x563fe52f7e51 <unknown>
#4 0x563fe533bbc4 <unknown>
#5 0x563fe531a46d <unknown>
#6 0x563fe533912d <unknown>
#7 0x563fe531a1e3 <unknown>
#8 0x563fe52ea135 <unknown>
#9 0x563fe52eb13e <unknown>
#10 0x563fe558ce4b <unknown>
#11 0x563fe5590dfa <unknown>
#12 0x563fe55796d5 <unknown>
#13 0x563fe5591a6f <unknown>
#14 0x563fe555d69f <unknown>
#15 0x563fe55b6098 <unknown>
#16 0x563fe55b6262 <unknown>
#17 0x563fe55c7f34 <unknown>
#18 0x7efd30494ac3 <unknown>

2024-02-16 05:35:21 ERROR Elements not present after 0.5 seconds on page: https://capital.com/trade-silver
2024-02-16 05:35:21 ERROR 
Traceback (most recent call last):
  File "/home/runner/work/TestCapitalComPySe/TestCapitalComPySe/pages/base_page.py", line 84, in inner_function
    return func(*args, **kwargs)
           ^^^^^^^^^^^^^^^^^^^^^
  File "/home/runner/work/TestCapitalComPySe/TestCapitalComPySe/pages/base_page.py", line 301, in element_is_visible
    return Wait(self.driver, timeout).until(
           ^^^^^^^^^^^^^^^^^^^^^^^^^^^^^^^^^
  File "/home/runner/.cache/pypoetry/virtualenvs/testcapitalcompyse-CcJ6hTD8-py3.12/lib/python3.12/site-packages/selenium/webdriver/support/wait.py", line 105, in until
    raise TimeoutException(message, screen, stacktrace)
selenium.common.exceptions.TimeoutException: Message: 
Stacktrace:
#0 0x563fe55c8d93 <unknown>
#1 0x563fe52ac337 <unknown>
#2 0x563fe52f7d60 <unknown>
#3 0x563fe52f7e51 <unknown>
#4 0x563fe533bbc4 <unknown>
#5 0x563fe531a46d <unknown>
#6 0x563fe533912d <unknown>
#7 0x563fe531a1e3 <unknown>
#8 0x563fe52ea135 <unknown>
#9 0x563fe52eb13e <unknown>
#10 0x563fe558ce4b <unknown>
#11 0x563fe5590dfa <unknown>
#12 0x563fe55796d5 <unknown>
#13 0x563fe5591a6f <unknown>
#14 0x563fe555d69f <unknown>
#15 0x563fe55b6098 <unknown>
#16 0x563fe55b6262 <unknown>
#17 0x563fe55c7f34 <unknown>
#18 0x7efd30494ac3 <unknown>

2024-02-16 05:35:24 ERROR Elements not present after 0.5 seconds on page: https://capital.com/trade-silver
2024-02-16 05:35:24 ERROR 
Traceback (most recent call last):
  File "/home/runner/work/TestCapitalComPySe/TestCapitalComPySe/pages/base_page.py", line 84, in inner_function
    return func(*args, **kwargs)
           ^^^^^^^^^^^^^^^^^^^^^
  File "/home/runner/work/TestCapitalComPySe/TestCapitalComPySe/pages/base_page.py", line 301, in element_is_visible
    return Wait(self.driver, timeout).until(
           ^^^^^^^^^^^^^^^^^^^^^^^^^^^^^^^^^
  File "/home/runner/.cache/pypoetry/virtualenvs/testcapitalcompyse-CcJ6hTD8-py3.12/lib/python3.12/site-packages/selenium/webdriver/support/wait.py", line 105, in until
    raise TimeoutException(message, screen, stacktrace)
selenium.common.exceptions.TimeoutException: Message: 
Stacktrace:
#0 0x563fe55c8d93 <unknown>
#1 0x563fe52ac337 <unknown>
#2 0x563fe52f7d60 <unknown>
#3 0x563fe52f7e51 <unknown>
#4 0x563fe533bbc4 <unknown>
#5 0x563fe531a46d <unknown>
#6 0x563fe533912d <unknown>
#7 0x563fe531a1e3 <unknown>
#8 0x563fe52ea135 <unknown>
#9 0x563fe52eb13e <unknown>
#10 0x563fe558ce4b <unknown>
#11 0x563fe5590dfa <unknown>
#12 0x563fe55796d5 <unknown>
#13 0x563fe5591a6f <unknown>
#14 0x563fe555d69f <unknown>
#15 0x563fe55b6098 <unknown>
#16 0x563fe55b6262 <unknown>
#17 0x563fe55c7f34 <unknown>
#18 0x7efd30494ac3 <unknown>