2025-05-14 22:39:04 ERROR Elements not present after 0.5 seconds on page: https://capital.com/en-int
2025-05-14 22:39:04 ERROR 
Traceback (most recent call last):
  File "/home/runner/work/TestCapitalComPySe/TestCapitalComPySe/pages/base_page.py", line 86, in inner_function
    return func(*args, **kwargs)
           ^^^^^^^^^^^^^^^^^^^^^
  File "/home/runner/work/TestCapitalComPySe/TestCapitalComPySe/pages/base_page.py", line 340, in element_is_visible
    return Wait(self.driver, timeout).until(
           ^^^^^^^^^^^^^^^^^^^^^^^^^^^^^^^^^
  File "/home/runner/.cache/pypoetry/virtualenvs/testcapitalcompyse-CcJ6hTD8-py3.12/lib/python3.12/site-packages/selenium/webdriver/support/wait.py", line 105, in until
    raise TimeoutException(message, screen, stacktrace)
selenium.common.exceptions.TimeoutException: Message: 
Stacktrace:
#0 0x55b5bac8475a <unknown>
#1 0x55b5ba7270a0 <unknown>
#2 0x55b5ba7789b0 <unknown>
#3 0x55b5ba778ba1 <unknown>
#4 0x55b5ba7c6ea4 <unknown>
#5 0x55b5ba79e3cd <unknown>
#6 0x55b5ba7c42a0 <unknown>
#7 0x55b5ba79e173 <unknown>
#8 0x55b5ba76ad4b <unknown>
#9 0x55b5ba76b9b1 <unknown>
#10 0x55b5bac4990b <unknown>
#11 0x55b5bac4d80a <unknown>
#12 0x55b5bac31662 <unknown>
#13 0x55b5bac4e394 <unknown>
#14 0x55b5bac1649f <unknown>
#15 0x55b5bac72538 <unknown>
#16 0x55b5bac72716 <unknown>
#17 0x55b5bac835c6 <unknown>
#18 0x7ff73b49caa4 <unknown>
#19 0x7ff73b529c3c <unknown>