2024-02-04 22:15:23 ERROR Elements not present after 0.5 seconds on page: https://capital.com/ru/urovni-fibonacci
2024-02-04 22:15:23 ERROR 
Traceback (most recent call last):
  File "/home/runner/work/TestCapitalComPySe/TestCapitalComPySe/pages/base_page.py", line 82, in inner_function
    return func(*args, **kwargs)
           ^^^^^^^^^^^^^^^^^^^^^
  File "/home/runner/work/TestCapitalComPySe/TestCapitalComPySe/pages/base_page.py", line 299, in element_is_visible
    return Wait(self.driver, timeout).until(
           ^^^^^^^^^^^^^^^^^^^^^^^^^^^^^^^^^
  File "/home/runner/.cache/pypoetry/virtualenvs/testcapitalcompyse-CcJ6hTD8-py3.11/lib/python3.11/site-packages/selenium/webdriver/support/wait.py", line 105, in until
    raise TimeoutException(message, screen, stacktrace)
selenium.common.exceptions.TimeoutException: Message: 
Stacktrace:
#0 0x561162664d93 <unknown>
#1 0x561162348337 <unknown>
#2 0x561162393d60 <unknown>
#3 0x561162393e51 <unknown>
#4 0x5611623d7bc4 <unknown>
#5 0x5611623b646d <unknown>
#6 0x5611623d512d <unknown>
#7 0x5611623b61e3 <unknown>
#8 0x561162386135 <unknown>
#9 0x56116238713e <unknown>
#10 0x561162628e4b <unknown>
#11 0x56116262cdfa <unknown>
#12 0x5611626156d5 <unknown>
#13 0x56116262da6f <unknown>
#14 0x5611625f969f <unknown>
#15 0x561162652098 <unknown>
#16 0x561162652262 <unknown>
#17 0x561162663f34 <unknown>
#18 0x7fe7dea94ac3 <unknown>

2024-02-04 22:15:26 ERROR Elements not present after 0.5 seconds on page: https://capital.com/ru/urovni-fibonacci
2024-02-04 22:15:26 ERROR 
Traceback (most recent call last):
  File "/home/runner/work/TestCapitalComPySe/TestCapitalComPySe/pages/base_page.py", line 82, in inner_function
    return func(*args, **kwargs)
           ^^^^^^^^^^^^^^^^^^^^^
  File "/home/runner/work/TestCapitalComPySe/TestCapitalComPySe/pages/base_page.py", line 299, in element_is_visible
    return Wait(self.driver, timeout).until(
           ^^^^^^^^^^^^^^^^^^^^^^^^^^^^^^^^^
  File "/home/runner/.cache/pypoetry/virtualenvs/testcapitalcompyse-CcJ6hTD8-py3.11/lib/python3.11/site-packages/selenium/webdriver/support/wait.py", line 105, in until
    raise TimeoutException(message, screen, stacktrace)
selenium.common.exceptions.TimeoutException: Message: 
Stacktrace:
#0 0x561162664d93 <unknown>
#1 0x561162348337 <unknown>
#2 0x561162393d60 <unknown>
#3 0x561162393e51 <unknown>
#4 0x5611623d7bc4 <unknown>
#5 0x5611623b646d <unknown>
#6 0x5611623d512d <unknown>
#7 0x5611623b61e3 <unknown>
#8 0x561162386135 <unknown>
#9 0x56116238713e <unknown>
#10 0x561162628e4b <unknown>
#11 0x56116262cdfa <unknown>
#12 0x5611626156d5 <unknown>
#13 0x56116262da6f <unknown>
#14 0x5611625f969f <unknown>
#15 0x561162652098 <unknown>
#16 0x561162652262 <unknown>
#17 0x561162663f34 <unknown>
#18 0x7fe7dea94ac3 <unknown>