2023-12-12 15:26:29 ERROR Unable to initialize WebDriver
2023-12-12 15:26:29 ERROR 
Traceback (most recent call last):
  File "/home/runner/work/TestCapitalComPySe/TestCapitalComPySe/pages/base_page.py", line 82, in inner_function
    return func(*args, **kwargs)
           ^^^^^^^^^^^^^^^^^^^^^
  File "/home/runner/work/TestCapitalComPySe/TestCapitalComPySe/pages/base_page.py", line 394, in element_is_visible
    return Wait(self.browser, timeout).until(
           ^^^^^^^^^^^^^^^^^^^^^^^^^^^^^^^^^^
  File "/home/runner/.cache/pypoetry/virtualenvs/testcapitalcom-CcJ6hTD8-py3.11/lib/python3.11/site-packages/selenium/webdriver/support/wait.py", line 105, in until
    raise TimeoutException(message, screen, stacktrace)
selenium.common.exceptions.TimeoutException: Message: 
Stacktrace:
#0 0x5569ca03f5e3 <unknown>
#1 0x5569c9d020b7 <unknown>
#2 0x5569c9d4ff53 <unknown>
#3 0x5569c9d50051 <unknown>
#4 0x5569c9d959c4 <unknown>
#5 0x5569c9d76f1d <unknown>
#6 0x5569c9d92b3d <unknown>
#7 0x5569c9d76cc3 <unknown>
#8 0x5569c9d420e4 <unknown>
#9 0x5569c9d430ae <unknown>
#10 0x5569ca005ce1 <unknown>
#11 0x5569ca009b7e <unknown>
#12 0x5569c9ff34b5 <unknown>
#13 0x5569ca00a7d6 <unknown>
#14 0x5569c9fd6dbf <unknown>
#15 0x5569ca02d748 <unknown>
#16 0x5569ca02d917 <unknown>
#17 0x5569ca03e773 <unknown>
#18 0x7f96d0494ac3 <unknown>