2024-02-08 21:44:10 ERROR Elements not present after 0.5 seconds on page: https://capital.com/trading/platform/
2024-02-08 21:44:10 ERROR 
Traceback (most recent call last):
  File "/home/runner/work/TestCapitalComPySe/TestCapitalComPySe/pages/base_page.py", line 84, in inner_function
    return func(*args, **kwargs)
           ^^^^^^^^^^^^^^^^^^^^^
  File "/home/runner/work/TestCapitalComPySe/TestCapitalComPySe/pages/base_page.py", line 301, in element_is_visible
    return Wait(self.driver, timeout).until(
           ^^^^^^^^^^^^^^^^^^^^^^^^^^^^^^^^^
  File "/home/runner/.cache/pypoetry/virtualenvs/testcapitalcompyse-CcJ6hTD8-py3.12/lib/python3.12/site-packages/selenium/webdriver/support/wait.py", line 105, in until
    raise TimeoutException(message, screen, stacktrace)
selenium.common.exceptions.TimeoutException: Message: 
Stacktrace:
#0 0x564e64713d93 <unknown>
#1 0x564e643f7337 <unknown>
#2 0x564e64442d60 <unknown>
#3 0x564e64442e51 <unknown>
#4 0x564e64486bc4 <unknown>
#5 0x564e6446546d <unknown>
#6 0x564e6448412d <unknown>
#7 0x564e644651e3 <unknown>
#8 0x564e64435135 <unknown>
#9 0x564e6443613e <unknown>
#10 0x564e646d7e4b <unknown>
#11 0x564e646dbdfa <unknown>
#12 0x564e646c46d5 <unknown>
#13 0x564e646dca6f <unknown>
#14 0x564e646a869f <unknown>
#15 0x564e64701098 <unknown>
#16 0x564e64701262 <unknown>
#17 0x564e64712f34 <unknown>
#18 0x7f9cd2094ac3 <unknown>