2024-02-08 23:09:43 ERROR Elements not present after 0.5 seconds on page: https://capital.com/hull-moving-average
2024-02-08 23:09:43 ERROR 
Traceback (most recent call last):
  File "/home/runner/work/TestCapitalComPySe/TestCapitalComPySe/pages/base_page.py", line 84, in inner_function
    return func(*args, **kwargs)
           ^^^^^^^^^^^^^^^^^^^^^
  File "/home/runner/work/TestCapitalComPySe/TestCapitalComPySe/pages/base_page.py", line 301, in element_is_visible
    return Wait(self.driver, timeout).until(
           ^^^^^^^^^^^^^^^^^^^^^^^^^^^^^^^^^
  File "/home/runner/.cache/pypoetry/virtualenvs/testcapitalcompyse-CcJ6hTD8-py3.12/lib/python3.12/site-packages/selenium/webdriver/support/wait.py", line 105, in until
    raise TimeoutException(message, screen, stacktrace)
selenium.common.exceptions.TimeoutException: Message: 
Stacktrace:
#0 0x55ffa87fed93 <unknown>
#1 0x55ffa84e2337 <unknown>
#2 0x55ffa852dd60 <unknown>
#3 0x55ffa852de51 <unknown>
#4 0x55ffa8571bc4 <unknown>
#5 0x55ffa855046d <unknown>
#6 0x55ffa856f12d <unknown>
#7 0x55ffa85501e3 <unknown>
#8 0x55ffa8520135 <unknown>
#9 0x55ffa852113e <unknown>
#10 0x55ffa87c2e4b <unknown>
#11 0x55ffa87c6dfa <unknown>
#12 0x55ffa87af6d5 <unknown>
#13 0x55ffa87c7a6f <unknown>
#14 0x55ffa879369f <unknown>
#15 0x55ffa87ec098 <unknown>
#16 0x55ffa87ec262 <unknown>
#17 0x55ffa87fdf34 <unknown>
#18 0x7f8417094ac3 <unknown>

2024-02-08 23:09:46 ERROR Elements not present after 0.5 seconds on page: https://capital.com/hull-moving-average
2024-02-08 23:09:46 ERROR 
Traceback (most recent call last):
  File "/home/runner/work/TestCapitalComPySe/TestCapitalComPySe/pages/base_page.py", line 84, in inner_function
    return func(*args, **kwargs)
           ^^^^^^^^^^^^^^^^^^^^^
  File "/home/runner/work/TestCapitalComPySe/TestCapitalComPySe/pages/base_page.py", line 301, in element_is_visible
    return Wait(self.driver, timeout).until(
           ^^^^^^^^^^^^^^^^^^^^^^^^^^^^^^^^^
  File "/home/runner/.cache/pypoetry/virtualenvs/testcapitalcompyse-CcJ6hTD8-py3.12/lib/python3.12/site-packages/selenium/webdriver/support/wait.py", line 105, in until
    raise TimeoutException(message, screen, stacktrace)
selenium.common.exceptions.TimeoutException: Message: 
Stacktrace:
#0 0x55ffa87fed93 <unknown>
#1 0x55ffa84e2337 <unknown>
#2 0x55ffa852dd60 <unknown>
#3 0x55ffa852de51 <unknown>
#4 0x55ffa8571bc4 <unknown>
#5 0x55ffa855046d <unknown>
#6 0x55ffa856f12d <unknown>
#7 0x55ffa85501e3 <unknown>
#8 0x55ffa8520135 <unknown>
#9 0x55ffa852113e <unknown>
#10 0x55ffa87c2e4b <unknown>
#11 0x55ffa87c6dfa <unknown>
#12 0x55ffa87af6d5 <unknown>
#13 0x55ffa87c7a6f <unknown>
#14 0x55ffa879369f <unknown>
#15 0x55ffa87ec098 <unknown>
#16 0x55ffa87ec262 <unknown>
#17 0x55ffa87fdf34 <unknown>
#18 0x7f8417094ac3 <unknown>

2024-02-08 23:09:49 ERROR Elements not present after 0.5 seconds on page: https://capital.com/hull-moving-average
2024-02-08 23:09:49 ERROR 
Traceback (most recent call last):
  File "/home/runner/work/TestCapitalComPySe/TestCapitalComPySe/pages/base_page.py", line 84, in inner_function
    return func(*args, **kwargs)
           ^^^^^^^^^^^^^^^^^^^^^
  File "/home/runner/work/TestCapitalComPySe/TestCapitalComPySe/pages/base_page.py", line 301, in element_is_visible
    return Wait(self.driver, timeout).until(
           ^^^^^^^^^^^^^^^^^^^^^^^^^^^^^^^^^
  File "/home/runner/.cache/pypoetry/virtualenvs/testcapitalcompyse-CcJ6hTD8-py3.12/lib/python3.12/site-packages/selenium/webdriver/support/wait.py", line 105, in until
    raise TimeoutException(message, screen, stacktrace)
selenium.common.exceptions.TimeoutException: Message: 
Stacktrace:
#0 0x55ffa87fed93 <unknown>
#1 0x55ffa84e2337 <unknown>
#2 0x55ffa852dd60 <unknown>
#3 0x55ffa852de51 <unknown>
#4 0x55ffa8571bc4 <unknown>
#5 0x55ffa855046d <unknown>
#6 0x55ffa856f12d <unknown>
#7 0x55ffa85501e3 <unknown>
#8 0x55ffa8520135 <unknown>
#9 0x55ffa852113e <unknown>
#10 0x55ffa87c2e4b <unknown>
#11 0x55ffa87c6dfa <unknown>
#12 0x55ffa87af6d5 <unknown>
#13 0x55ffa87c7a6f <unknown>
#14 0x55ffa879369f <unknown>
#15 0x55ffa87ec098 <unknown>
#16 0x55ffa87ec262 <unknown>
#17 0x55ffa87fdf34 <unknown>
#18 0x7f8417094ac3 <unknown>