2024-05-09 14:13:05 ERROR Elements not present after 0.5 seconds on page: https://capital.com/el/advanced-micro-devices-inc-time-metoches
2024-05-09 14:13:05 ERROR 
Traceback (most recent call last):
  File "/home/runner/work/TestCapitalComPySe/TestCapitalComPySe/pages/base_page.py", line 86, in inner_function
    return func(*args, **kwargs)
           ^^^^^^^^^^^^^^^^^^^^^
  File "/home/runner/work/TestCapitalComPySe/TestCapitalComPySe/pages/base_page.py", line 305, in element_is_visible
    return Wait(self.driver, timeout).until(
           ^^^^^^^^^^^^^^^^^^^^^^^^^^^^^^^^^
  File "/home/runner/.cache/pypoetry/virtualenvs/testcapitalcompyse-CcJ6hTD8-py3.12/lib/python3.12/site-packages/selenium/webdriver/support/wait.py", line 105, in until
    raise TimeoutException(message, screen, stacktrace)
selenium.common.exceptions.TimeoutException: Message: 
Stacktrace:
#0 0x564d1c35bdf3 <unknown>
#1 0x564d1c04a4e7 <unknown>
#2 0x564d1c09535d <unknown>
#3 0x564d1c095411 <unknown>
#4 0x564d1c0d8774 <unknown>
#5 0x564d1c0b747d <unknown>
#6 0x564d1c0d5c29 <unknown>
#7 0x564d1c0b71f3 <unknown>
#8 0x564d1c08828a <unknown>
#9 0x564d1c088c5e <unknown>
#10 0x564d1c32011b <unknown>
#11 0x564d1c32406b <unknown>
#12 0x564d1c30c231 <unknown>
#13 0x564d1c324bd2 <unknown>
#14 0x564d1c2f10ef <unknown>
#15 0x564d1c34af48 <unknown>
#16 0x564d1c34b120 <unknown>
#17 0x564d1c35af44 <unknown>
#18 0x7f7a69094ac3 <unknown>