2024-05-09 14:38:11 ERROR Elements not present after 0.5 seconds on page: https://capital.com/el/kirioi-pagkosmioi-deiktes?t=most
2024-05-09 14:38:11 ERROR 
Traceback (most recent call last):
  File "/home/runner/work/TestCapitalComPySe/TestCapitalComPySe/pages/base_page.py", line 86, in inner_function
    return func(*args, **kwargs)
           ^^^^^^^^^^^^^^^^^^^^^
  File "/home/runner/work/TestCapitalComPySe/TestCapitalComPySe/pages/base_page.py", line 305, in element_is_visible
    return Wait(self.driver, timeout).until(
           ^^^^^^^^^^^^^^^^^^^^^^^^^^^^^^^^^
  File "/home/runner/.cache/pypoetry/virtualenvs/testcapitalcompyse-CcJ6hTD8-py3.12/lib/python3.12/site-packages/selenium/webdriver/support/wait.py", line 105, in until
    raise TimeoutException(message, screen, stacktrace)
selenium.common.exceptions.TimeoutException: Message: 
Stacktrace:
#0 0x564bdc90ddf3 <unknown>
#1 0x564bdc5fc4e7 <unknown>
#2 0x564bdc64735d <unknown>
#3 0x564bdc647411 <unknown>
#4 0x564bdc68a774 <unknown>
#5 0x564bdc66947d <unknown>
#6 0x564bdc687c29 <unknown>
#7 0x564bdc6691f3 <unknown>
#8 0x564bdc63a28a <unknown>
#9 0x564bdc63ac5e <unknown>
#10 0x564bdc8d211b <unknown>
#11 0x564bdc8d606b <unknown>
#12 0x564bdc8be231 <unknown>
#13 0x564bdc8d6bd2 <unknown>
#14 0x564bdc8a30ef <unknown>
#15 0x564bdc8fcf48 <unknown>
#16 0x564bdc8fd120 <unknown>
#17 0x564bdc90cf44 <unknown>
#18 0x7f53d0c94ac3 <unknown>

2024-05-09 14:38:15 ERROR Elements not present after 0.5 seconds on page: https://capital.com/el/kirioi-pagkosmioi-deiktes?t=most
2024-05-09 14:38:15 ERROR 
Traceback (most recent call last):
  File "/home/runner/work/TestCapitalComPySe/TestCapitalComPySe/pages/base_page.py", line 86, in inner_function
    return func(*args, **kwargs)
           ^^^^^^^^^^^^^^^^^^^^^
  File "/home/runner/work/TestCapitalComPySe/TestCapitalComPySe/pages/base_page.py", line 305, in element_is_visible
    return Wait(self.driver, timeout).until(
           ^^^^^^^^^^^^^^^^^^^^^^^^^^^^^^^^^
  File "/home/runner/.cache/pypoetry/virtualenvs/testcapitalcompyse-CcJ6hTD8-py3.12/lib/python3.12/site-packages/selenium/webdriver/support/wait.py", line 105, in until
    raise TimeoutException(message, screen, stacktrace)
selenium.common.exceptions.TimeoutException: Message: 
Stacktrace:
#0 0x564bdc90ddf3 <unknown>
#1 0x564bdc5fc4e7 <unknown>
#2 0x564bdc64735d <unknown>
#3 0x564bdc647411 <unknown>
#4 0x564bdc68a774 <unknown>
#5 0x564bdc66947d <unknown>
#6 0x564bdc687c29 <unknown>
#7 0x564bdc6691f3 <unknown>
#8 0x564bdc63a28a <unknown>
#9 0x564bdc63ac5e <unknown>
#10 0x564bdc8d211b <unknown>
#11 0x564bdc8d606b <unknown>
#12 0x564bdc8be231 <unknown>
#13 0x564bdc8d6bd2 <unknown>
#14 0x564bdc8a30ef <unknown>
#15 0x564bdc8fcf48 <unknown>
#16 0x564bdc8fd120 <unknown>
#17 0x564bdc90cf44 <unknown>
#18 0x7f53d0c94ac3 <unknown>

2024-05-09 14:38:18 ERROR Elements not present after 0.5 seconds on page: https://capital.com/el/kirioi-pagkosmioi-deiktes?t=most
2024-05-09 14:38:18 ERROR 
Traceback (most recent call last):
  File "/home/runner/work/TestCapitalComPySe/TestCapitalComPySe/pages/base_page.py", line 86, in inner_function
    return func(*args, **kwargs)
           ^^^^^^^^^^^^^^^^^^^^^
  File "/home/runner/work/TestCapitalComPySe/TestCapitalComPySe/pages/base_page.py", line 305, in element_is_visible
    return Wait(self.driver, timeout).until(
           ^^^^^^^^^^^^^^^^^^^^^^^^^^^^^^^^^
  File "/home/runner/.cache/pypoetry/virtualenvs/testcapitalcompyse-CcJ6hTD8-py3.12/lib/python3.12/site-packages/selenium/webdriver/support/wait.py", line 105, in until
    raise TimeoutException(message, screen, stacktrace)
selenium.common.exceptions.TimeoutException: Message: 
Stacktrace:
#0 0x564bdc90ddf3 <unknown>
#1 0x564bdc5fc4e7 <unknown>
#2 0x564bdc64735d <unknown>
#3 0x564bdc647411 <unknown>
#4 0x564bdc68a774 <unknown>
#5 0x564bdc66947d <unknown>
#6 0x564bdc687c29 <unknown>
#7 0x564bdc6691f3 <unknown>
#8 0x564bdc63a28a <unknown>
#9 0x564bdc63ac5e <unknown>
#10 0x564bdc8d211b <unknown>
#11 0x564bdc8d606b <unknown>
#12 0x564bdc8be231 <unknown>
#13 0x564bdc8d6bd2 <unknown>
#14 0x564bdc8a30ef <unknown>
#15 0x564bdc8fcf48 <unknown>
#16 0x564bdc8fd120 <unknown>
#17 0x564bdc90cf44 <unknown>
#18 0x7f53d0c94ac3 <unknown>

2024-05-09 14:38:22 ERROR Elements not present after 0.5 seconds on page: https://capital.com/el/kirioi-pagkosmioi-deiktes?t=most
2024-05-09 14:38:22 ERROR 
Traceback (most recent call last):
  File "/home/runner/work/TestCapitalComPySe/TestCapitalComPySe/pages/base_page.py", line 86, in inner_function
    return func(*args, **kwargs)
           ^^^^^^^^^^^^^^^^^^^^^
  File "/home/runner/work/TestCapitalComPySe/TestCapitalComPySe/pages/base_page.py", line 305, in element_is_visible
    return Wait(self.driver, timeout).until(
           ^^^^^^^^^^^^^^^^^^^^^^^^^^^^^^^^^
  File "/home/runner/.cache/pypoetry/virtualenvs/testcapitalcompyse-CcJ6hTD8-py3.12/lib/python3.12/site-packages/selenium/webdriver/support/wait.py", line 105, in until
    raise TimeoutException(message, screen, stacktrace)
selenium.common.exceptions.TimeoutException: Message: 
Stacktrace:
#0 0x564bdc90ddf3 <unknown>
#1 0x564bdc5fc4e7 <unknown>
#2 0x564bdc64735d <unknown>
#3 0x564bdc647411 <unknown>
#4 0x564bdc68a774 <unknown>
#5 0x564bdc66947d <unknown>
#6 0x564bdc687c29 <unknown>
#7 0x564bdc6691f3 <unknown>
#8 0x564bdc63a28a <unknown>
#9 0x564bdc63ac5e <unknown>
#10 0x564bdc8d211b <unknown>
#11 0x564bdc8d606b <unknown>
#12 0x564bdc8be231 <unknown>
#13 0x564bdc8d6bd2 <unknown>
#14 0x564bdc8a30ef <unknown>
#15 0x564bdc8fcf48 <unknown>
#16 0x564bdc8fd120 <unknown>
#17 0x564bdc90cf44 <unknown>
#18 0x7f53d0c94ac3 <unknown>