2024-05-11 12:30:41 ERROR Elements not present after 0.5 seconds on page: https://capital.com/learn-trading-app
2024-05-11 12:30:41 ERROR 
Traceback (most recent call last):
  File "/home/runner/work/TestCapitalComPySe/TestCapitalComPySe/pages/base_page.py", line 86, in inner_function
    return func(*args, **kwargs)
           ^^^^^^^^^^^^^^^^^^^^^
  File "/home/runner/work/TestCapitalComPySe/TestCapitalComPySe/pages/base_page.py", line 305, in element_is_visible
    return Wait(self.driver, timeout).until(
           ^^^^^^^^^^^^^^^^^^^^^^^^^^^^^^^^^
  File "/home/runner/.cache/pypoetry/virtualenvs/testcapitalcompyse-CcJ6hTD8-py3.12/lib/python3.12/site-packages/selenium/webdriver/support/wait.py", line 105, in until
    raise TimeoutException(message, screen, stacktrace)
selenium.common.exceptions.TimeoutException: Message: 
Stacktrace:
#0 0x55c2ca703e43 <unknown>
#1 0x55c2ca3f24e7 <unknown>
#2 0x55c2ca43d35d <unknown>
#3 0x55c2ca43d411 <unknown>
#4 0x55c2ca480774 <unknown>
#5 0x55c2ca45f47d <unknown>
#6 0x55c2ca47dc29 <unknown>
#7 0x55c2ca45f1f3 <unknown>
#8 0x55c2ca43028a <unknown>
#9 0x55c2ca430c5e <unknown>
#10 0x55c2ca6c816b <unknown>
#11 0x55c2ca6cc0bb <unknown>
#12 0x55c2ca6b4281 <unknown>
#13 0x55c2ca6ccc22 <unknown>
#14 0x55c2ca69913f <unknown>
#15 0x55c2ca6f2f98 <unknown>
#16 0x55c2ca6f3170 <unknown>
#17 0x55c2ca702f94 <unknown>
#18 0x7f7102094ac3 <unknown>