2024-03-10 10:12:01 ERROR Elements not present after 0.5 seconds on page: https://capital.com/ru/cac-40-cfd
2024-03-10 10:12:01 ERROR 
Traceback (most recent call last):
  File "/home/runner/work/TestCapitalComPySe/TestCapitalComPySe/pages/base_page.py", line 84, in inner_function
    return func(*args, **kwargs)
           ^^^^^^^^^^^^^^^^^^^^^
  File "/home/runner/work/TestCapitalComPySe/TestCapitalComPySe/pages/base_page.py", line 302, in element_is_visible
    return Wait(self.driver, timeout).until(
           ^^^^^^^^^^^^^^^^^^^^^^^^^^^^^^^^^
  File "/home/runner/.cache/pypoetry/virtualenvs/testcapitalcompyse-CcJ6hTD8-py3.12/lib/python3.12/site-packages/selenium/webdriver/support/wait.py", line 105, in until
    raise TimeoutException(message, screen, stacktrace)
selenium.common.exceptions.TimeoutException: Message: 
Stacktrace:
#0 0x55838b4d8ec3 <unknown>
#1 0x55838b1d0ce6 <unknown>
#2 0x55838b21be48 <unknown>
#3 0x55838b21bf01 <unknown>
#4 0x55838b25f3f4 <unknown>
#5 0x55838b23dedd <unknown>
#6 0x55838b25c899 <unknown>
#7 0x55838b23dc53 <unknown>
#8 0x55838b20edb3 <unknown>
#9 0x55838b20f77e <unknown>
#10 0x55838b49e7fb <unknown>
#11 0x55838b4a2815 <unknown>
#12 0x55838b48c111 <unknown>
#13 0x55838b4a33a2 <unknown>
#14 0x55838b4701ef <unknown>
#15 0x55838b4c74b8 <unknown>
#16 0x55838b4c76b3 <unknown>
#17 0x55838b4d8074 <unknown>
#18 0x7fc0de894ac3 <unknown>