2024-03-10 09:58:16 ERROR Elements not present after 0.5 seconds on page: https://capital.com/ru/torgovlya-crypto-cfd
2024-03-10 09:58:16 ERROR 
Traceback (most recent call last):
  File "/home/runner/work/TestCapitalComPySe/TestCapitalComPySe/pages/base_page.py", line 84, in inner_function
    return func(*args, **kwargs)
           ^^^^^^^^^^^^^^^^^^^^^
  File "/home/runner/work/TestCapitalComPySe/TestCapitalComPySe/pages/base_page.py", line 302, in element_is_visible
    return Wait(self.driver, timeout).until(
           ^^^^^^^^^^^^^^^^^^^^^^^^^^^^^^^^^
  File "/home/runner/.cache/pypoetry/virtualenvs/testcapitalcompyse-CcJ6hTD8-py3.12/lib/python3.12/site-packages/selenium/webdriver/support/wait.py", line 105, in until
    raise TimeoutException(message, screen, stacktrace)
selenium.common.exceptions.TimeoutException: Message: 
Stacktrace:
#0 0x55ab95d95ec3 <unknown>
#1 0x55ab95a8dce6 <unknown>
#2 0x55ab95ad8e48 <unknown>
#3 0x55ab95ad8f01 <unknown>
#4 0x55ab95b1c3f4 <unknown>
#5 0x55ab95afaedd <unknown>
#6 0x55ab95b19899 <unknown>
#7 0x55ab95afac53 <unknown>
#8 0x55ab95acbdb3 <unknown>
#9 0x55ab95acc77e <unknown>
#10 0x55ab95d5b7fb <unknown>
#11 0x55ab95d5f815 <unknown>
#12 0x55ab95d49111 <unknown>
#13 0x55ab95d603a2 <unknown>
#14 0x55ab95d2d1ef <unknown>
#15 0x55ab95d844b8 <unknown>
#16 0x55ab95d846b3 <unknown>
#17 0x55ab95d95074 <unknown>
#18 0x7fc72f294ac3 <unknown>