2024-04-06 07:11:31 ERROR Elements not present after 0.5 seconds on page: https://capital.com/de/eur-chf-kurs
2024-04-06 07:11:31 ERROR 
Traceback (most recent call last):
  File "/home/runner/work/TestCapitalComPySe/TestCapitalComPySe/pages/base_page.py", line 85, in inner_function
    return func(*args, **kwargs)
           ^^^^^^^^^^^^^^^^^^^^^
  File "/home/runner/work/TestCapitalComPySe/TestCapitalComPySe/pages/base_page.py", line 307, in element_is_visible
    return Wait(self.driver, timeout).until(
           ^^^^^^^^^^^^^^^^^^^^^^^^^^^^^^^^^
  File "/home/runner/.cache/pypoetry/virtualenvs/testcapitalcompyse-CcJ6hTD8-py3.12/lib/python3.12/site-packages/selenium/webdriver/support/wait.py", line 105, in until
    raise TimeoutException(message, screen, stacktrace)
selenium.common.exceptions.TimeoutException: Message: 
Stacktrace:
#0 0x5641c5390873 <unknown>
#1 0x5641c50868c6 <unknown>
#2 0x5641c50d1618 <unknown>
#3 0x5641c50d16d1 <unknown>
#4 0x5641c5114744 <unknown>
#5 0x5641c50f35cd <unknown>
#6 0x5641c5111c19 <unknown>
#7 0x5641c50f3343 <unknown>
#8 0x5641c50c4593 <unknown>
#9 0x5641c50c4f5e <unknown>
#10 0x5641c535485b <unknown>
#11 0x5641c53587b5 <unknown>
#12 0x5641c5342581 <unknown>
#13 0x5641c5359342 <unknown>
#14 0x5641c532788f <unknown>
#15 0x5641c537f738 <unknown>
#16 0x5641c537f90b <unknown>
#17 0x5641c538f9c4 <unknown>
#18 0x7f6b06294ac3 <unknown>