2024-03-05 21:00:55 ERROR Elements not present after 0.5 seconds on page: https://capital.com/es/trade-etfs
2024-03-05 21:00:55 ERROR 
Traceback (most recent call last):
  File "/home/runner/work/TestCapitalComPySe/TestCapitalComPySe/pages/base_page.py", line 84, in inner_function
    return func(*args, **kwargs)
           ^^^^^^^^^^^^^^^^^^^^^
  File "/home/runner/work/TestCapitalComPySe/TestCapitalComPySe/pages/base_page.py", line 302, in element_is_visible
    return Wait(self.driver, timeout).until(
           ^^^^^^^^^^^^^^^^^^^^^^^^^^^^^^^^^
  File "/home/runner/.cache/pypoetry/virtualenvs/testcapitalcompyse-CcJ6hTD8-py3.12/lib/python3.12/site-packages/selenium/webdriver/support/wait.py", line 105, in until
    raise TimeoutException(message, screen, stacktrace)
selenium.common.exceptions.TimeoutException: Message: 
Stacktrace:
#0 0x5600d6662e93 <unknown>
#1 0x5600d635ace6 <unknown>
#2 0x5600d63a5e48 <unknown>
#3 0x5600d63a5f01 <unknown>
#4 0x5600d63e93f4 <unknown>
#5 0x5600d63c7edd <unknown>
#6 0x5600d63e6899 <unknown>
#7 0x5600d63c7c53 <unknown>
#8 0x5600d6398db3 <unknown>
#9 0x5600d639977e <unknown>
#10 0x5600d66287cb <unknown>
#11 0x5600d662c7e5 <unknown>
#12 0x5600d66160e1 <unknown>
#13 0x5600d662d372 <unknown>
#14 0x5600d65fa1bf <unknown>
#15 0x5600d6651488 <unknown>
#16 0x5600d6651683 <unknown>
#17 0x5600d6662044 <unknown>
#18 0x7f4b4fa94ac3 <unknown>