2024-04-22 20:35:42 ERROR Elements not present after 0.5 seconds on page: https://capital.com/trading/platform/
2024-04-22 20:35:42 ERROR 
Traceback (most recent call last):
  File "/home/runner/work/TestCapitalComPySe/TestCapitalComPySe/pages/base_page.py", line 86, in inner_function
    return func(*args, **kwargs)
           ^^^^^^^^^^^^^^^^^^^^^
  File "/home/runner/work/TestCapitalComPySe/TestCapitalComPySe/pages/base_page.py", line 305, in element_is_visible
    return Wait(self.driver, timeout).until(
           ^^^^^^^^^^^^^^^^^^^^^^^^^^^^^^^^^
  File "/home/runner/.cache/pypoetry/virtualenvs/testcapitalcompyse-CcJ6hTD8-py3.12/lib/python3.12/site-packages/selenium/webdriver/support/wait.py", line 105, in until
    raise TimeoutException(message, screen, stacktrace)
selenium.common.exceptions.TimeoutException: Message: 
Stacktrace:
#0 0x557d285cc863 <unknown>
#1 0x557d282c28c6 <unknown>
#2 0x557d2830d618 <unknown>
#3 0x557d2830d6d1 <unknown>
#4 0x557d28350744 <unknown>
#5 0x557d2832f5cd <unknown>
#6 0x557d2834dc19 <unknown>
#7 0x557d2832f343 <unknown>
#8 0x557d28300593 <unknown>
#9 0x557d28300f5e <unknown>
#10 0x557d2859084b <unknown>
#11 0x557d285947a5 <unknown>
#12 0x557d2857e571 <unknown>
#13 0x557d28595332 <unknown>
#14 0x557d2856387f <unknown>
#15 0x557d285bb728 <unknown>
#16 0x557d285bb8fb <unknown>
#17 0x557d285cb9b4 <unknown>
#18 0x7f2834494ac3 <unknown>

2024-04-22 20:35:45 ERROR Elements not present after 0.5 seconds on page: https://capital.com/trading/platform/
2024-04-22 20:35:45 ERROR 
Traceback (most recent call last):
  File "/home/runner/work/TestCapitalComPySe/TestCapitalComPySe/pages/base_page.py", line 86, in inner_function
    return func(*args, **kwargs)
           ^^^^^^^^^^^^^^^^^^^^^
  File "/home/runner/work/TestCapitalComPySe/TestCapitalComPySe/pages/base_page.py", line 305, in element_is_visible
    return Wait(self.driver, timeout).until(
           ^^^^^^^^^^^^^^^^^^^^^^^^^^^^^^^^^
  File "/home/runner/.cache/pypoetry/virtualenvs/testcapitalcompyse-CcJ6hTD8-py3.12/lib/python3.12/site-packages/selenium/webdriver/support/wait.py", line 105, in until
    raise TimeoutException(message, screen, stacktrace)
selenium.common.exceptions.TimeoutException: Message: 
Stacktrace:
#0 0x557d285cc863 <unknown>
#1 0x557d282c28c6 <unknown>
#2 0x557d2830d618 <unknown>
#3 0x557d2830d6d1 <unknown>
#4 0x557d28350744 <unknown>
#5 0x557d2832f5cd <unknown>
#6 0x557d2834dc19 <unknown>
#7 0x557d2832f343 <unknown>
#8 0x557d28300593 <unknown>
#9 0x557d28300f5e <unknown>
#10 0x557d2859084b <unknown>
#11 0x557d285947a5 <unknown>
#12 0x557d2857e571 <unknown>
#13 0x557d28595332 <unknown>
#14 0x557d2856387f <unknown>
#15 0x557d285bb728 <unknown>
#16 0x557d285bb8fb <unknown>
#17 0x557d285cb9b4 <unknown>
#18 0x7f2834494ac3 <unknown>

2024-04-22 20:35:48 ERROR Elements not present after 0.5 seconds on page: https://capital.com/trading/platform/
2024-04-22 20:35:48 ERROR 
Traceback (most recent call last):
  File "/home/runner/work/TestCapitalComPySe/TestCapitalComPySe/pages/base_page.py", line 86, in inner_function
    return func(*args, **kwargs)
           ^^^^^^^^^^^^^^^^^^^^^
  File "/home/runner/work/TestCapitalComPySe/TestCapitalComPySe/pages/base_page.py", line 305, in element_is_visible
    return Wait(self.driver, timeout).until(
           ^^^^^^^^^^^^^^^^^^^^^^^^^^^^^^^^^
  File "/home/runner/.cache/pypoetry/virtualenvs/testcapitalcompyse-CcJ6hTD8-py3.12/lib/python3.12/site-packages/selenium/webdriver/support/wait.py", line 105, in until
    raise TimeoutException(message, screen, stacktrace)
selenium.common.exceptions.TimeoutException: Message: 
Stacktrace:
#0 0x557d285cc863 <unknown>
#1 0x557d282c28c6 <unknown>
#2 0x557d2830d618 <unknown>
#3 0x557d2830d6d1 <unknown>
#4 0x557d28350744 <unknown>
#5 0x557d2832f5cd <unknown>
#6 0x557d2834dc19 <unknown>
#7 0x557d2832f343 <unknown>
#8 0x557d28300593 <unknown>
#9 0x557d28300f5e <unknown>
#10 0x557d2859084b <unknown>
#11 0x557d285947a5 <unknown>
#12 0x557d2857e571 <unknown>
#13 0x557d28595332 <unknown>
#14 0x557d2856387f <unknown>
#15 0x557d285bb728 <unknown>
#16 0x557d285bb8fb <unknown>
#17 0x557d285cb9b4 <unknown>
#18 0x7f2834494ac3 <unknown>

2024-04-22 20:35:51 ERROR Elements not present after 0.5 seconds on page: https://capital.com/trading/platform/
2024-04-22 20:35:51 ERROR 
Traceback (most recent call last):
  File "/home/runner/work/TestCapitalComPySe/TestCapitalComPySe/pages/base_page.py", line 86, in inner_function
    return func(*args, **kwargs)
           ^^^^^^^^^^^^^^^^^^^^^
  File "/home/runner/work/TestCapitalComPySe/TestCapitalComPySe/pages/base_page.py", line 305, in element_is_visible
    return Wait(self.driver, timeout).until(
           ^^^^^^^^^^^^^^^^^^^^^^^^^^^^^^^^^
  File "/home/runner/.cache/pypoetry/virtualenvs/testcapitalcompyse-CcJ6hTD8-py3.12/lib/python3.12/site-packages/selenium/webdriver/support/wait.py", line 105, in until
    raise TimeoutException(message, screen, stacktrace)
selenium.common.exceptions.TimeoutException: Message: 
Stacktrace:
#0 0x557d285cc863 <unknown>
#1 0x557d282c28c6 <unknown>
#2 0x557d2830d618 <unknown>
#3 0x557d2830d6d1 <unknown>
#4 0x557d28350744 <unknown>
#5 0x557d2832f5cd <unknown>
#6 0x557d2834dc19 <unknown>
#7 0x557d2832f343 <unknown>
#8 0x557d28300593 <unknown>
#9 0x557d28300f5e <unknown>
#10 0x557d2859084b <unknown>
#11 0x557d285947a5 <unknown>
#12 0x557d2857e571 <unknown>
#13 0x557d28595332 <unknown>
#14 0x557d2856387f <unknown>
#15 0x557d285bb728 <unknown>
#16 0x557d285bb8fb <unknown>
#17 0x557d285cb9b4 <unknown>
#18 0x7f2834494ac3 <unknown>

2024-04-22 20:35:55 ERROR Elements not present after 0.5 seconds on page: https://capital.com/trading/platform/
2024-04-22 20:35:55 ERROR 
Traceback (most recent call last):
  File "/home/runner/work/TestCapitalComPySe/TestCapitalComPySe/pages/base_page.py", line 86, in inner_function
    return func(*args, **kwargs)
           ^^^^^^^^^^^^^^^^^^^^^
  File "/home/runner/work/TestCapitalComPySe/TestCapitalComPySe/pages/base_page.py", line 305, in element_is_visible
    return Wait(self.driver, timeout).until(
           ^^^^^^^^^^^^^^^^^^^^^^^^^^^^^^^^^
  File "/home/runner/.cache/pypoetry/virtualenvs/testcapitalcompyse-CcJ6hTD8-py3.12/lib/python3.12/site-packages/selenium/webdriver/support/wait.py", line 105, in until
    raise TimeoutException(message, screen, stacktrace)
selenium.common.exceptions.TimeoutException: Message: 
Stacktrace:
#0 0x557d285cc863 <unknown>
#1 0x557d282c28c6 <unknown>
#2 0x557d2830d618 <unknown>
#3 0x557d2830d6d1 <unknown>
#4 0x557d28350744 <unknown>
#5 0x557d2832f5cd <unknown>
#6 0x557d2834dc19 <unknown>
#7 0x557d2832f343 <unknown>
#8 0x557d28300593 <unknown>
#9 0x557d28300f5e <unknown>
#10 0x557d2859084b <unknown>
#11 0x557d285947a5 <unknown>
#12 0x557d2857e571 <unknown>
#13 0x557d28595332 <unknown>
#14 0x557d2856387f <unknown>
#15 0x557d285bb728 <unknown>
#16 0x557d285bb8fb <unknown>
#17 0x557d285cb9b4 <unknown>
#18 0x7f2834494ac3 <unknown>