2024-04-07 07:26:09 ERROR Elements not present after 0.5 seconds on page: https://capital.com/fr/trade-forex
2024-04-07 07:26:09 ERROR 
Traceback (most recent call last):
  File "/home/runner/work/TestCapitalComPySe/TestCapitalComPySe/pages/base_page.py", line 85, in inner_function
    return func(*args, **kwargs)
           ^^^^^^^^^^^^^^^^^^^^^
  File "/home/runner/work/TestCapitalComPySe/TestCapitalComPySe/pages/base_page.py", line 304, in element_is_visible
    return Wait(self.driver, timeout).until(
           ^^^^^^^^^^^^^^^^^^^^^^^^^^^^^^^^^
  File "/home/runner/.cache/pypoetry/virtualenvs/testcapitalcompyse-CcJ6hTD8-py3.12/lib/python3.12/site-packages/selenium/webdriver/support/wait.py", line 105, in until
    raise TimeoutException(message, screen, stacktrace)
selenium.common.exceptions.TimeoutException: Message: 
Stacktrace:
#0 0x564ed2dae873 <unknown>
#1 0x564ed2aa48c6 <unknown>
#2 0x564ed2aef618 <unknown>
#3 0x564ed2aef6d1 <unknown>
#4 0x564ed2b32744 <unknown>
#5 0x564ed2b115cd <unknown>
#6 0x564ed2b2fc19 <unknown>
#7 0x564ed2b11343 <unknown>
#8 0x564ed2ae2593 <unknown>
#9 0x564ed2ae2f5e <unknown>
#10 0x564ed2d7285b <unknown>
#11 0x564ed2d767b5 <unknown>
#12 0x564ed2d60581 <unknown>
#13 0x564ed2d77342 <unknown>
#14 0x564ed2d4588f <unknown>
#15 0x564ed2d9d738 <unknown>
#16 0x564ed2d9d90b <unknown>
#17 0x564ed2dad9c4 <unknown>
#18 0x7fb5da894ac3 <unknown>