2024-03-25 00:08:09 ERROR Elements not present after 0.5 seconds on page: https://capital.com/ro/tranzactionati-natural-gas
2024-03-25 00:08:09 ERROR 
Traceback (most recent call last):
  File "/home/runner/work/TestCapitalComPySe/TestCapitalComPySe/pages/base_page.py", line 85, in inner_function
    return func(*args, **kwargs)
           ^^^^^^^^^^^^^^^^^^^^^
  File "/home/runner/work/TestCapitalComPySe/TestCapitalComPySe/pages/base_page.py", line 306, in element_is_visible
    return Wait(self.driver, timeout).until(
           ^^^^^^^^^^^^^^^^^^^^^^^^^^^^^^^^^
  File "/home/runner/.cache/pypoetry/virtualenvs/testcapitalcompyse-CcJ6hTD8-py3.12/lib/python3.12/site-packages/selenium/webdriver/support/wait.py", line 105, in until
    raise TimeoutException(message, screen, stacktrace)
selenium.common.exceptions.TimeoutException: Message: 
Stacktrace:
#0 0x56279699bf33 <unknown>
#1 0x562796693ce6 <unknown>
#2 0x5627966dee48 <unknown>
#3 0x5627966def01 <unknown>
#4 0x5627967223f4 <unknown>
#5 0x562796700edd <unknown>
#6 0x56279671f899 <unknown>
#7 0x562796700c53 <unknown>
#8 0x5627966d1db3 <unknown>
#9 0x5627966d277e <unknown>
#10 0x56279696186b <unknown>
#11 0x562796965885 <unknown>
#12 0x56279694f181 <unknown>
#13 0x562796966412 <unknown>
#14 0x56279693325f <unknown>
#15 0x56279698a528 <unknown>
#16 0x56279698a723 <unknown>
#17 0x56279699b0e4 <unknown>
#18 0x7f486d694ac3 <unknown>