2024-04-05 18:04:49 ERROR Elements not present after 0.5 seconds on page: https://capital.com/hu/marathon-patent-group-inc-reszvenyar
2024-04-05 18:04:49 ERROR 
Traceback (most recent call last):
  File "/home/runner/work/TestCapitalComPySe/TestCapitalComPySe/pages/base_page.py", line 85, in inner_function
    return func(*args, **kwargs)
           ^^^^^^^^^^^^^^^^^^^^^
  File "/home/runner/work/TestCapitalComPySe/TestCapitalComPySe/pages/base_page.py", line 307, in element_is_visible
    return Wait(self.driver, timeout).until(
           ^^^^^^^^^^^^^^^^^^^^^^^^^^^^^^^^^
  File "/home/runner/.cache/pypoetry/virtualenvs/testcapitalcompyse-CcJ6hTD8-py3.12/lib/python3.12/site-packages/selenium/webdriver/support/wait.py", line 105, in until
    raise TimeoutException(message, screen, stacktrace)
selenium.common.exceptions.TimeoutException: Message: 
Stacktrace:
#0 0x55ce504da873 <unknown>
#1 0x55ce501d08c6 <unknown>
#2 0x55ce5021b618 <unknown>
#3 0x55ce5021b6d1 <unknown>
#4 0x55ce5025e744 <unknown>
#5 0x55ce5023d5cd <unknown>
#6 0x55ce5025bc19 <unknown>
#7 0x55ce5023d343 <unknown>
#8 0x55ce5020e593 <unknown>
#9 0x55ce5020ef5e <unknown>
#10 0x55ce5049e85b <unknown>
#11 0x55ce504a27b5 <unknown>
#12 0x55ce5048c581 <unknown>
#13 0x55ce504a3342 <unknown>
#14 0x55ce5047188f <unknown>
#15 0x55ce504c9738 <unknown>
#16 0x55ce504c990b <unknown>
#17 0x55ce504d99c4 <unknown>
#18 0x7f8d60094ac3 <unknown>