2024-01-08 04:21:44 ERROR Unable to initialize WebDriver
2024-01-08 04:21:44 ERROR 
Traceback (most recent call last):
  File "/home/runner/work/TestCapitalComPySe/TestCapitalComPySe/pages/base_page.py", line 82, in inner_function
    return func(*args, **kwargs)
           ^^^^^^^^^^^^^^^^^^^^^
  File "/home/runner/work/TestCapitalComPySe/TestCapitalComPySe/pages/base_page.py", line 416, in element_is_visible
    return Wait(self.browser, timeout).until(
           ^^^^^^^^^^^^^^^^^^^^^^^^^^^^^^^^^^
  File "/home/runner/.cache/pypoetry/virtualenvs/testcapitalcom-CcJ6hTD8-py3.11/lib/python3.11/site-packages/selenium/webdriver/support/wait.py", line 105, in until
    raise TimeoutException(message, screen, stacktrace)
selenium.common.exceptions.TimeoutException: Message: 
Stacktrace:
#0 0x563d637aaf83 <unknown>
#1 0x563d63463cf7 <unknown>
#2 0x563d634b399e <unknown>
#3 0x563d634b3aa1 <unknown>
#4 0x563d634fed64 <unknown>
#5 0x563d634dd0dd <unknown>
#6 0x563d634fc006 <unknown>
#7 0x563d634dce53 <unknown>
#8 0x563d634a4dd4 <unknown>
#9 0x563d634a61de <unknown>
#10 0x563d6376f531 <unknown>
#11 0x563d63773455 <unknown>
#12 0x563d6375bf55 <unknown>
#13 0x563d637740ef <unknown>
#14 0x563d6373f99f <unknown>
#15 0x563d63798008 <unknown>
#16 0x563d637981d7 <unknown>
#17 0x563d637aa124 <unknown>
#18 0x7f3670e94ac3 <unknown>

2024-01-08 04:21:48 ERROR Unable to initialize WebDriver
2024-01-08 04:21:48 ERROR 
Traceback (most recent call last):
  File "/home/runner/work/TestCapitalComPySe/TestCapitalComPySe/pages/base_page.py", line 82, in inner_function
    return func(*args, **kwargs)
           ^^^^^^^^^^^^^^^^^^^^^
  File "/home/runner/work/TestCapitalComPySe/TestCapitalComPySe/pages/base_page.py", line 416, in element_is_visible
    return Wait(self.browser, timeout).until(
           ^^^^^^^^^^^^^^^^^^^^^^^^^^^^^^^^^^
  File "/home/runner/.cache/pypoetry/virtualenvs/testcapitalcom-CcJ6hTD8-py3.11/lib/python3.11/site-packages/selenium/webdriver/support/wait.py", line 105, in until
    raise TimeoutException(message, screen, stacktrace)
selenium.common.exceptions.TimeoutException: Message: 
Stacktrace:
#0 0x563d637aaf83 <unknown>
#1 0x563d63463cf7 <unknown>
#2 0x563d634b399e <unknown>
#3 0x563d634b3aa1 <unknown>
#4 0x563d634fed64 <unknown>
#5 0x563d634dd0dd <unknown>
#6 0x563d634fc006 <unknown>
#7 0x563d634dce53 <unknown>
#8 0x563d634a4dd4 <unknown>
#9 0x563d634a61de <unknown>
#10 0x563d6376f531 <unknown>
#11 0x563d63773455 <unknown>
#12 0x563d6375bf55 <unknown>
#13 0x563d637740ef <unknown>
#14 0x563d6373f99f <unknown>
#15 0x563d63798008 <unknown>
#16 0x563d637981d7 <unknown>
#17 0x563d637aa124 <unknown>
#18 0x7f3670e94ac3 <unknown>