2024-01-08 05:04:37 ERROR Unable to initialize WebDriver
2024-01-08 05:04:37 ERROR 
Traceback (most recent call last):
  File "/home/runner/work/TestCapitalComPySe/TestCapitalComPySe/pages/base_page.py", line 82, in inner_function
    return func(*args, **kwargs)
           ^^^^^^^^^^^^^^^^^^^^^
  File "/home/runner/work/TestCapitalComPySe/TestCapitalComPySe/pages/base_page.py", line 416, in element_is_visible
    return Wait(self.browser, timeout).until(
           ^^^^^^^^^^^^^^^^^^^^^^^^^^^^^^^^^^
  File "/home/runner/.cache/pypoetry/virtualenvs/testcapitalcom-CcJ6hTD8-py3.11/lib/python3.11/site-packages/selenium/webdriver/support/wait.py", line 105, in until
    raise TimeoutException(message, screen, stacktrace)
selenium.common.exceptions.TimeoutException: Message: 
Stacktrace:
#0 0x558977d5ff83 <unknown>
#1 0x558977a18cf7 <unknown>
#2 0x558977a6899e <unknown>
#3 0x558977a68aa1 <unknown>
#4 0x558977ab3d64 <unknown>
#5 0x558977a920dd <unknown>
#6 0x558977ab1006 <unknown>
#7 0x558977a91e53 <unknown>
#8 0x558977a59dd4 <unknown>
#9 0x558977a5b1de <unknown>
#10 0x558977d24531 <unknown>
#11 0x558977d28455 <unknown>
#12 0x558977d10f55 <unknown>
#13 0x558977d290ef <unknown>
#14 0x558977cf499f <unknown>
#15 0x558977d4d008 <unknown>
#16 0x558977d4d1d7 <unknown>
#17 0x558977d5f124 <unknown>
#18 0x7fa717694ac3 <unknown>