2023-12-21 20:55:08 ERROR Unable to initialize WebDriver
2023-12-21 20:55:08 ERROR 
Traceback (most recent call last):
  File "/home/runner/work/TestCapitalComPySe/TestCapitalComPySe/pages/base_page.py", line 82, in inner_function
    return func(*args, **kwargs)
           ^^^^^^^^^^^^^^^^^^^^^
  File "/home/runner/work/TestCapitalComPySe/TestCapitalComPySe/pages/base_page.py", line 394, in element_is_visible
    return Wait(self.browser, timeout).until(
           ^^^^^^^^^^^^^^^^^^^^^^^^^^^^^^^^^^
  File "/home/runner/.cache/pypoetry/virtualenvs/testcapitalcom-CcJ6hTD8-py3.11/lib/python3.11/site-packages/selenium/webdriver/support/wait.py", line 105, in until
    raise TimeoutException(message, screen, stacktrace)
selenium.common.exceptions.TimeoutException: Message: 
Stacktrace:
#0 0x55b80a7d6f83 <unknown>
#1 0x55b80a48fcf7 <unknown>
#2 0x55b80a4df99e <unknown>
#3 0x55b80a4dfaa1 <unknown>
#4 0x55b80a52ad64 <unknown>
#5 0x55b80a5090dd <unknown>
#6 0x55b80a528006 <unknown>
#7 0x55b80a508e53 <unknown>
#8 0x55b80a4d0dd4 <unknown>
#9 0x55b80a4d21de <unknown>
#10 0x55b80a79b531 <unknown>
#11 0x55b80a79f455 <unknown>
#12 0x55b80a787f55 <unknown>
#13 0x55b80a7a00ef <unknown>
#14 0x55b80a76b99f <unknown>
#15 0x55b80a7c4008 <unknown>
#16 0x55b80a7c41d7 <unknown>
#17 0x55b80a7d6124 <unknown>
#18 0x7f2d79894ac3 <unknown>

2023-12-21 20:55:12 ERROR Unable to initialize WebDriver
2023-12-21 20:55:12 ERROR 
Traceback (most recent call last):
  File "/home/runner/work/TestCapitalComPySe/TestCapitalComPySe/pages/base_page.py", line 82, in inner_function
    return func(*args, **kwargs)
           ^^^^^^^^^^^^^^^^^^^^^
  File "/home/runner/work/TestCapitalComPySe/TestCapitalComPySe/pages/base_page.py", line 394, in element_is_visible
    return Wait(self.browser, timeout).until(
           ^^^^^^^^^^^^^^^^^^^^^^^^^^^^^^^^^^
  File "/home/runner/.cache/pypoetry/virtualenvs/testcapitalcom-CcJ6hTD8-py3.11/lib/python3.11/site-packages/selenium/webdriver/support/wait.py", line 105, in until
    raise TimeoutException(message, screen, stacktrace)
selenium.common.exceptions.TimeoutException: Message: 
Stacktrace:
#0 0x55b80a7d6f83 <unknown>
#1 0x55b80a48fcf7 <unknown>
#2 0x55b80a4df99e <unknown>
#3 0x55b80a4dfaa1 <unknown>
#4 0x55b80a52ad64 <unknown>
#5 0x55b80a5090dd <unknown>
#6 0x55b80a528006 <unknown>
#7 0x55b80a508e53 <unknown>
#8 0x55b80a4d0dd4 <unknown>
#9 0x55b80a4d21de <unknown>
#10 0x55b80a79b531 <unknown>
#11 0x55b80a79f455 <unknown>
#12 0x55b80a787f55 <unknown>
#13 0x55b80a7a00ef <unknown>
#14 0x55b80a76b99f <unknown>
#15 0x55b80a7c4008 <unknown>
#16 0x55b80a7c41d7 <unknown>
#17 0x55b80a7d6124 <unknown>
#18 0x7f2d79894ac3 <unknown>