2024-04-04 15:33:44 ERROR Elements not present after 0.5 seconds on page: https://capital.com/fr/coinbase-global-inc-class-a-common-stock-prix-d-une-action
2024-04-04 15:33:44 ERROR 
Traceback (most recent call last):
  File "/home/runner/work/TestCapitalComPySe/TestCapitalComPySe/pages/base_page.py", line 85, in inner_function
    return func(*args, **kwargs)
           ^^^^^^^^^^^^^^^^^^^^^
  File "/home/runner/work/TestCapitalComPySe/TestCapitalComPySe/pages/base_page.py", line 307, in element_is_visible
    return Wait(self.driver, timeout).until(
           ^^^^^^^^^^^^^^^^^^^^^^^^^^^^^^^^^
  File "/home/runner/.cache/pypoetry/virtualenvs/testcapitalcompyse-CcJ6hTD8-py3.12/lib/python3.12/site-packages/selenium/webdriver/support/wait.py", line 105, in until
    raise TimeoutException(message, screen, stacktrace)
selenium.common.exceptions.TimeoutException: Message: 
Stacktrace:
#0 0x55e85b9ae8a3 <unknown>
#1 0x55e85b6a48c6 <unknown>
#2 0x55e85b6ef618 <unknown>
#3 0x55e85b6ef6d1 <unknown>
#4 0x55e85b732744 <unknown>
#5 0x55e85b7115cd <unknown>
#6 0x55e85b72fc19 <unknown>
#7 0x55e85b711343 <unknown>
#8 0x55e85b6e2593 <unknown>
#9 0x55e85b6e2f5e <unknown>
#10 0x55e85b97288b <unknown>
#11 0x55e85b9767e5 <unknown>
#12 0x55e85b9605b1 <unknown>
#13 0x55e85b977372 <unknown>
#14 0x55e85b9458bf <unknown>
#15 0x55e85b99d768 <unknown>
#16 0x55e85b99d93b <unknown>
#17 0x55e85b9ad9f4 <unknown>
#18 0x7f9d17294ac3 <unknown>

2024-04-04 15:33:47 ERROR Elements not present after 0.5 seconds on page: https://capital.com/fr/coinbase-global-inc-class-a-common-stock-prix-d-une-action
2024-04-04 15:33:47 ERROR Can't click element by locator ('css selector', '#s_overlay button.s_cancel')
Traceback (most recent call last):
  File "/home/runner/work/TestCapitalComPySe/TestCapitalComPySe/pages/Elements/PageInstrumentNotificationButton.py", line 68, in element_click
    button_list[0].click()
  File "/home/runner/.cache/pypoetry/virtualenvs/testcapitalcompyse-CcJ6hTD8-py3.12/lib/python3.12/site-packages/selenium/webdriver/remote/webelement.py", line 94, in click
    self._execute(Command.CLICK_ELEMENT)
  File "/home/runner/.cache/pypoetry/virtualenvs/testcapitalcompyse-CcJ6hTD8-py3.12/lib/python3.12/site-packages/selenium/webdriver/remote/webelement.py", line 395, in _execute
    return self._parent.execute(command, params)
           ^^^^^^^^^^^^^^^^^^^^^^^^^^^^^^^^^^^^^
  File "/home/runner/.cache/pypoetry/virtualenvs/testcapitalcompyse-CcJ6hTD8-py3.12/lib/python3.12/site-packages/selenium/webdriver/remote/webdriver.py", line 347, in execute
    self.error_handler.check_response(response)
  File "/home/runner/.cache/pypoetry/virtualenvs/testcapitalcompyse-CcJ6hTD8-py3.12/lib/python3.12/site-packages/selenium/webdriver/remote/errorhandler.py", line 229, in check_response
    raise exception_class(message, screen, stacktrace)
selenium.common.exceptions.ElementClickInterceptedException: Message: element click intercepted: Element <a href="/fr/coinbase-global-inc-class-a-common-stock-prix-d-une-action#" data-link="uu" data-iid="3644116541985988" data-side="buy" data-platform="spotlight" class="btn btn--empty btn--round btn--sm js_signup_new js-analyticsVisible js-analyticsClick" data-type="market_alerts">...</a> is not clickable at point (387, 16). Other element would receive the click: <div class="riskWarn__text">...</div>
  (Session info: chrome=123.0.6312.105)
Stacktrace:
#0 0x55e85b9ae8a3 <unknown>
#1 0x55e85b6a48c6 <unknown>
#2 0x55e85b6f6233 <unknown>
#3 0x55e85b6f414e <unknown>
#4 0x55e85b6f1b27 <unknown>
#5 0x55e85b6f0ed3 <unknown>
#6 0x55e85b6e4507 <unknown>
#7 0x55e85b7115a2 <unknown>
#8 0x55e85b6e3e98 <unknown>
#9 0x55e85b71176e <unknown>
#10 0x55e85b72fc19 <unknown>
#11 0x55e85b711343 <unknown>
#12 0x55e85b6e2593 <unknown>
#13 0x55e85b6e2f5e <unknown>
#14 0x55e85b97288b <unknown>
#15 0x55e85b9767e5 <unknown>
#16 0x55e85b9605b1 <unknown>
#17 0x55e85b977372 <unknown>
#18 0x55e85b9458bf <unknown>
#19 0x55e85b99d768 <unknown>
#20 0x55e85b99d93b <unknown>
#21 0x55e85b9ad9f4 <unknown>
#22 0x7f9d17294ac3 <unknown>


During handling of the above exception, another exception occurred:

Traceback (most recent call last):
  File "/home/runner/work/TestCapitalComPySe/TestCapitalComPySe/pages/base_page.py", line 85, in inner_function
    return func(*args, **kwargs)
           ^^^^^^^^^^^^^^^^^^^^^
  File "/home/runner/work/TestCapitalComPySe/TestCapitalComPySe/pages/base_page.py", line 347, in element_is_clickable
    return Wait(self.driver, timeout).until(
           ^^^^^^^^^^^^^^^^^^^^^^^^^^^^^^^^^
  File "/home/runner/.cache/pypoetry/virtualenvs/testcapitalcompyse-CcJ6hTD8-py3.12/lib/python3.12/site-packages/selenium/webdriver/support/wait.py", line 105, in until
    raise TimeoutException(message, screen, stacktrace)
selenium.common.exceptions.TimeoutException: Message: Can't click element by locator ('css selector', '#s_overlay button.s_cancel')