{"uid":"3ea9af3be8e9119","name":"TC_00.00_005 | Start test of button [Explore Features] in 'Trade CFDs on Capital.com via TradingView' block. Bid:00.00_005-en.au.Auth","fullName":"tests.US_00_Main_page.US_00-00_Main_page.us_00-00_main_page_test.TestMainPage#test_005_create_and_verify_your_account_button_in_block_trade_cfds","historyId":"b8ce56dde39a314ef42fb90820693ec5","time":{"start":1712398922312,"stop":1712398924869,"duration":2557},"description":"\n        Check: Button [Explore Features] in 'Trade CFDs on Capital.com via TradingView' block\n        Language: ALL. License: Not FCA.\n        ","descriptionHtml":"<pre><code>    Check: Button [Explore Features] in 'Trade CFDs on Capital.com via TradingView' block\n    Language: ALL. License: Not FCA.\n</code></pre>\n","status":"failed","statusMessage":"AssertionError: 2024-04-06 10:22:04.864493   => Expected title 'Capital.com — Reviews and Account Opening Terms — TradingView' but got 'Capital.com — Reviews and Terms — TradingView' on page: https://www.tradingview.com/broker/Capitalcom/","statusTrace":"self = <us_00-00_main_page_test.TestMainPage object at 0x7fdb3d1e6ae0>\nworker_id = 'master'\nd = <selenium.webdriver.chrome.webdriver.WebDriver (session=\"bb8f869d862d6ddb8ad9eb425fb9eac9\")>\ncur_language = '', cur_country = 'au', cur_role = 'Auth'\ncur_login = 'test001.miketar+1@gmail.com', cur_password = 'Qwer1234-!@#$'\n\n    @allure.step(\"Start test of button [Explore Features] in 'Trade CFDs on Capital.com via TradingView' block\")\n    @pytest.mark.test_005\n    def test_005_create_and_verify_your_account_button_in_block_trade_cfds(\n            self, worker_id, d, cur_language, cur_country, cur_role, cur_login, cur_password):\n        \"\"\"\n        Check: Button [Explore Features] in 'Trade CFDs on Capital.com via TradingView' block\n        Language: ALL. License: Not FCA.\n        \"\"\"\n    \n        bid = build_dynamic_arg_v4(\n            d, worker_id, cur_language, cur_country, cur_role,\n            \"00\", \"Main Page\",\n            \".00_005\",\n            \"Start test of button [Explore Features] in 'Trade CFDs on Capital.com via TradingView' block\",\n            False, False\n        )\n    \n        Common().check_country_in_list_and_skip_if_not_present(\n            cur_country,\n            ['de', 'au', 'ae']\n        )\n    \n        page_conditions = Conditions(d, \"\")\n        main_page_link = page_conditions.preconditions(\n            d, CapitalComPageSrc.URL, \"\", cur_language, cur_country, cur_role, cur_login, cur_password)\n    \n        test_element = TradeCFDsBlock(d, main_page_link, bid)\n>       test_element.full_test(d, cur_language, cur_country, cur_role, main_page_link)\n\ntests/US_00_Main_page/US_00-00_Main_page/us_00-00_main_page_test.py:403: \n_ _ _ _ _ _ _ _ _ _ _ _ _ _ _ _ _ _ _ _ _ _ _ _ _ _ _ _ _ _ _ _ _ _ _ _ _ _ _ _ \npages/Elements/TradeCFDsBlock.py:34: in full_test\n    test_element.assert_site_tradingview(d)\npages/Elements/AssertClass.py:210: in assert_site_tradingview\n    self.page_tradingview.should_be_tradingview_page(d)\npages/TradingView/tradingview.py:21: in should_be_tradingview_page\n    self.should_be_page_title_v3(data[\"PAGE_TITLE\"])\npages/base_page.py:85: in inner_function\n    return func(*args, **kwargs)\npages/base_page.py:483: in should_be_page_title_v3\n    Common().assert_true_false(\n_ _ _ _ _ _ _ _ _ _ _ _ _ _ _ _ _ _ _ _ _ _ _ _ _ _ _ _ _ _ _ _ _ _ _ _ _ _ _ _ \n\ncondition = False\nmsg = \"2024-04-06 10:22:04.864493   => Expected title 'Capital.com — Reviews and Account Opening Terms — TradingView' but got 'Capital.com — Reviews and Terms — TradingView' on page: https://www.tradingview.com/broker/Capitalcom/\\n\"\n\n    @staticmethod\n    def assert_true_false(condition=False, msg=\"\"):\n    \tif condition:\n    \t\tCommon.flag_of_bug = False\n    \t\tassert True, msg\n    \telse:\n    \t\tCommon.flag_of_bug = True\n>   \t\tassert False, msg\nE     AssertionError: 2024-04-06 10:22:04.864493   => Expected title 'Capital.com — Reviews and Account Opening Terms — TradingView' but got 'Capital.com — Reviews and Terms — TradingView' on page: https://www.tradingview.com/broker/Capitalcom/\n\npages/common.py:191: AssertionError","flaky":false,"newFailed":false,"newBroken":false,"newPassed":false,"retriesCount":0,"retriesStatusChange":false,"beforeStages":[{"name":"d","time":{"start":1712398820314,"stop":1712398830804,"duration":10490},"status":"passed","steps":[],"attachments":[],"parameters":[],"shouldDisplayMessage":false,"stepsCount":0,"attachmentsCount":0,"hasContent":false,"attachmentStep":false},{"name":"worker_id","time":{"start":1712398830804,"stop":1712398830804,"duration":0},"status":"passed","steps":[],"attachments":[],"parameters":[],"shouldDisplayMessage":false,"stepsCount":0,"attachmentsCount":0,"hasContent":false,"attachmentStep":false},{"name":"cur_role","time":{"start":1712398830805,"stop":1712398830805,"duration":0},"status":"passed","steps":[],"attachments":[],"parameters":[],"shouldDisplayMessage":false,"stepsCount":0,"attachmentsCount":0,"hasContent":false,"attachmentStep":false},{"name":"cur_language","time":{"start":1712398830805,"stop":1712398830805,"duration":0},"status":"passed","steps":[],"attachments":[],"parameters":[],"shouldDisplayMessage":false,"stepsCount":0,"attachmentsCount":0,"hasContent":false,"attachmentStep":false},{"name":"cur_password","time":{"start":1712398830805,"stop":1712398830805,"duration":0},"status":"passed","steps":[],"attachments":[],"parameters":[],"shouldDisplayMessage":false,"stepsCount":0,"attachmentsCount":0,"hasContent":false,"attachmentStep":false},{"name":"cur_country","time":{"start":1712398830805,"stop":1712398830805,"duration":0},"status":"passed","steps":[],"attachments":[],"parameters":[],"shouldDisplayMessage":false,"stepsCount":0,"attachmentsCount":0,"hasContent":false,"attachmentStep":false},{"name":"cur_login","time":{"start":1712398830805,"stop":1712398830805,"duration":0},"status":"passed","steps":[],"attachments":[],"parameters":[],"shouldDisplayMessage":false,"stepsCount":0,"attachmentsCount":0,"hasContent":false,"attachmentStep":false}],"testStage":{"description":"\n        Check: Button [Explore Features] in 'Trade CFDs on Capital.com via TradingView' block\n        Language: ALL. License: Not FCA.\n        ","status":"failed","statusMessage":"AssertionError: 2024-04-06 10:22:04.864493   => Expected title 'Capital.com — Reviews and Account Opening Terms — TradingView' but got 'Capital.com — Reviews and Terms — TradingView' on page: https://www.tradingview.com/broker/Capitalcom/","statusTrace":"self = <us_00-00_main_page_test.TestMainPage object at 0x7fdb3d1e6ae0>\nworker_id = 'master'\nd = <selenium.webdriver.chrome.webdriver.WebDriver (session=\"bb8f869d862d6ddb8ad9eb425fb9eac9\")>\ncur_language = '', cur_country = 'au', cur_role = 'Auth'\ncur_login = 'test001.miketar+1@gmail.com', cur_password = 'Qwer1234-!@#$'\n\n    @allure.step(\"Start test of button [Explore Features] in 'Trade CFDs on Capital.com via TradingView' block\")\n    @pytest.mark.test_005\n    def test_005_create_and_verify_your_account_button_in_block_trade_cfds(\n            self, worker_id, d, cur_language, cur_country, cur_role, cur_login, cur_password):\n        \"\"\"\n        Check: Button [Explore Features] in 'Trade CFDs on Capital.com via TradingView' block\n        Language: ALL. License: Not FCA.\n        \"\"\"\n    \n        bid = build_dynamic_arg_v4(\n            d, worker_id, cur_language, cur_country, cur_role,\n            \"00\", \"Main Page\",\n            \".00_005\",\n            \"Start test of button [Explore Features] in 'Trade CFDs on Capital.com via TradingView' block\",\n            False, False\n        )\n    \n        Common().check_country_in_list_and_skip_if_not_present(\n            cur_country,\n            ['de', 'au', 'ae']\n        )\n    \n        page_conditions = Conditions(d, \"\")\n        main_page_link = page_conditions.preconditions(\n            d, CapitalComPageSrc.URL, \"\", cur_language, cur_country, cur_role, cur_login, cur_password)\n    \n        test_element = TradeCFDsBlock(d, main_page_link, bid)\n>       test_element.full_test(d, cur_language, cur_country, cur_role, main_page_link)\n\ntests/US_00_Main_page/US_00-00_Main_page/us_00-00_main_page_test.py:403: \n_ _ _ _ _ _ _ _ _ _ _ _ _ _ _ _ _ _ _ _ _ _ _ _ _ _ _ _ _ _ _ _ _ _ _ _ _ _ _ _ \npages/Elements/TradeCFDsBlock.py:34: in full_test\n    test_element.assert_site_tradingview(d)\npages/Elements/AssertClass.py:210: in assert_site_tradingview\n    self.page_tradingview.should_be_tradingview_page(d)\npages/TradingView/tradingview.py:21: in should_be_tradingview_page\n    self.should_be_page_title_v3(data[\"PAGE_TITLE\"])\npages/base_page.py:85: in inner_function\n    return func(*args, **kwargs)\npages/base_page.py:483: in should_be_page_title_v3\n    Common().assert_true_false(\n_ _ _ _ _ _ _ _ _ _ _ _ _ _ _ _ _ _ _ _ _ _ _ _ _ _ _ _ _ _ _ _ _ _ _ _ _ _ _ _ \n\ncondition = False\nmsg = \"2024-04-06 10:22:04.864493   => Expected title 'Capital.com — Reviews and Account Opening Terms — TradingView' but got 'Capital.com — Reviews and Terms — TradingView' on page: https://www.tradingview.com/broker/Capitalcom/\\n\"\n\n    @staticmethod\n    def assert_true_false(condition=False, msg=\"\"):\n    \tif condition:\n    \t\tCommon.flag_of_bug = False\n    \t\tassert True, msg\n    \telse:\n    \t\tCommon.flag_of_bug = True\n>   \t\tassert False, msg\nE     AssertionError: 2024-04-06 10:22:04.864493   => Expected title 'Capital.com — Reviews and Account Opening Terms — TradingView' but got 'Capital.com — Reviews and Terms — TradingView' on page: https://www.tradingview.com/broker/Capitalcom/\n\npages/common.py:191: AssertionError","steps":[{"name":"Start test of button [Explore Features] in 'Trade CFDs on Capital.com via TradingView' block","time":{"start":1712398922312,"stop":1712398924868,"duration":2556},"status":"failed","statusMessage":"AssertionError: 2024-04-06 10:22:04.864493   => Expected title 'Capital.com — Reviews and Account Opening Terms — TradingView' but got 'Capital.com — Reviews and Terms — TradingView' on page: https://www.tradingview.com/broker/Capitalcom/\n\n","statusTrace":"  File \"/home/runner/.cache/pypoetry/virtualenvs/testcapitalcompyse-CcJ6hTD8-py3.12/lib/python3.12/site-packages/allure_commons/_allure.py\", line 192, in impl\n    return func(*a, **kw)\n           ^^^^^^^^^^^^^^\n  File \"/home/runner/work/TestCapitalComPySe/TestCapitalComPySe/tests/US_00_Main_page/US_00-00_Main_page/us_00-00_main_page_test.py\", line 403, in test_005_create_and_verify_your_account_button_in_block_trade_cfds\n    test_element.full_test(d, cur_language, cur_country, cur_role, main_page_link)\n  File \"/home/runner/work/TestCapitalComPySe/TestCapitalComPySe/pages/Elements/TradeCFDsBlock.py\", line 34, in full_test\n    test_element.assert_site_tradingview(d)\n  File \"/home/runner/.cache/pypoetry/virtualenvs/testcapitalcompyse-CcJ6hTD8-py3.12/lib/python3.12/site-packages/allure_commons/_allure.py\", line 192, in impl\n    return func(*a, **kw)\n           ^^^^^^^^^^^^^^\n  File \"/home/runner/work/TestCapitalComPySe/TestCapitalComPySe/pages/Elements/AssertClass.py\", line 210, in assert_site_tradingview\n    self.page_tradingview.should_be_tradingview_page(d)\n  File \"/home/runner/.cache/pypoetry/virtualenvs/testcapitalcompyse-CcJ6hTD8-py3.12/lib/python3.12/site-packages/allure_commons/_allure.py\", line 192, in impl\n    return func(*a, **kw)\n           ^^^^^^^^^^^^^^\n  File \"/home/runner/work/TestCapitalComPySe/TestCapitalComPySe/pages/TradingView/tradingview.py\", line 21, in should_be_tradingview_page\n    self.should_be_page_title_v3(data[\"PAGE_TITLE\"])\n  File \"/home/runner/work/TestCapitalComPySe/TestCapitalComPySe/pages/base_page.py\", line 85, in inner_function\n    return func(*args, **kwargs)\n           ^^^^^^^^^^^^^^^^^^^^^\n  File \"/home/runner/.cache/pypoetry/virtualenvs/testcapitalcompyse-CcJ6hTD8-py3.12/lib/python3.12/site-packages/allure_commons/_allure.py\", line 192, in impl\n    return func(*a, **kw)\n           ^^^^^^^^^^^^^^\n  File \"/home/runner/work/TestCapitalComPySe/TestCapitalComPySe/pages/base_page.py\", line 483, in should_be_page_title_v3\n    Common().assert_true_false(\n  File \"/home/runner/work/TestCapitalComPySe/TestCapitalComPySe/pages/common.py\", line 191, in assert_true_false\n    assert False, msg\n","steps":[{"name":"Preconditions","time":{"start":1712398922314,"stop":1712398923533,"duration":1219},"status":"passed","steps":[{"name":"2024-04-06 10:20:20.200848   Start Checking Captcha","time":{"start":1712398922528,"stop":1712398923530,"duration":1002},"status":"passed","steps":[],"attachments":[],"parameters":[],"shouldDisplayMessage":false,"stepsCount":0,"attachmentsCount":0,"hasContent":false,"attachmentStep":false}],"attachments":[],"parameters":[{"name":"d","value":"<selenium.webdriver.chrome.webdriver.WebDriver (session=\"bb8f869d862d6ddb8ad9eb425fb9eac9\")>"},{"name":"host","value":"'https://capital.com/'"},{"name":"end_point","value":"''"},{"name":"cur_language","value":"''"},{"name":"cur_country","value":"'au'"},{"name":"cur_role","value":"'Auth'"},{"name":"cur_login","value":"'test001.miketar+1@gmail.com'"},{"name":"cur_password","value":"'Qwer1234-!@#$'"}],"shouldDisplayMessage":false,"stepsCount":1,"attachmentsCount":0,"hasContent":true,"attachmentStep":false},{"name":"Click button [Explore features] in 'Trade CFDs on Capital.com via TradingView' block","time":{"start":1712398923620,"stop":1712398923738,"duration":118},"status":"passed","steps":[],"attachments":[],"parameters":[{"name":"d","value":"<selenium.webdriver.chrome.webdriver.WebDriver (session=\"bb8f869d862d6ddb8ad9eb425fb9eac9\")>"}],"shouldDisplayMessage":false,"stepsCount":0,"attachmentsCount":0,"hasContent":true,"attachmentStep":false},{"name":"Checking the Site TradingView is opened","time":{"start":1712398924858,"stop":1712398924868,"duration":10},"status":"failed","statusMessage":"AssertionError: 2024-04-06 10:22:04.864493   => Expected title 'Capital.com — Reviews and Account Opening Terms — TradingView' but got 'Capital.com — Reviews and Terms — TradingView' on page: https://www.tradingview.com/broker/Capitalcom/\n\n","statusTrace":"  File \"/home/runner/.cache/pypoetry/virtualenvs/testcapitalcompyse-CcJ6hTD8-py3.12/lib/python3.12/site-packages/allure_commons/_allure.py\", line 192, in impl\n    return func(*a, **kw)\n           ^^^^^^^^^^^^^^\n  File \"/home/runner/work/TestCapitalComPySe/TestCapitalComPySe/pages/Elements/AssertClass.py\", line 210, in assert_site_tradingview\n    self.page_tradingview.should_be_tradingview_page(d)\n  File \"/home/runner/.cache/pypoetry/virtualenvs/testcapitalcompyse-CcJ6hTD8-py3.12/lib/python3.12/site-packages/allure_commons/_allure.py\", line 192, in impl\n    return func(*a, **kw)\n           ^^^^^^^^^^^^^^\n  File \"/home/runner/work/TestCapitalComPySe/TestCapitalComPySe/pages/TradingView/tradingview.py\", line 21, in should_be_tradingview_page\n    self.should_be_page_title_v3(data[\"PAGE_TITLE\"])\n  File \"/home/runner/work/TestCapitalComPySe/TestCapitalComPySe/pages/base_page.py\", line 85, in inner_function\n    return func(*args, **kwargs)\n           ^^^^^^^^^^^^^^^^^^^^^\n  File \"/home/runner/.cache/pypoetry/virtualenvs/testcapitalcompyse-CcJ6hTD8-py3.12/lib/python3.12/site-packages/allure_commons/_allure.py\", line 192, in impl\n    return func(*a, **kw)\n           ^^^^^^^^^^^^^^\n  File \"/home/runner/work/TestCapitalComPySe/TestCapitalComPySe/pages/base_page.py\", line 483, in should_be_page_title_v3\n    Common().assert_true_false(\n  File \"/home/runner/work/TestCapitalComPySe/TestCapitalComPySe/pages/common.py\", line 191, in assert_true_false\n    assert False, msg\n","steps":[{"name":"Checking that the TradingView site has opened","time":{"start":1712398924858,"stop":1712398924867,"duration":9},"status":"failed","statusMessage":"AssertionError: 2024-04-06 10:22:04.864493   => Expected title 'Capital.com — Reviews and Account Opening Terms — TradingView' but got 'Capital.com — Reviews and Terms — TradingView' on page: https://www.tradingview.com/broker/Capitalcom/\n\n","statusTrace":"  File \"/home/runner/.cache/pypoetry/virtualenvs/testcapitalcompyse-CcJ6hTD8-py3.12/lib/python3.12/site-packages/allure_commons/_allure.py\", line 192, in impl\n    return func(*a, **kw)\n           ^^^^^^^^^^^^^^\n  File \"/home/runner/work/TestCapitalComPySe/TestCapitalComPySe/pages/TradingView/tradingview.py\", line 21, in should_be_tradingview_page\n    self.should_be_page_title_v3(data[\"PAGE_TITLE\"])\n  File \"/home/runner/work/TestCapitalComPySe/TestCapitalComPySe/pages/base_page.py\", line 85, in inner_function\n    return func(*args, **kwargs)\n           ^^^^^^^^^^^^^^^^^^^^^\n  File \"/home/runner/.cache/pypoetry/virtualenvs/testcapitalcompyse-CcJ6hTD8-py3.12/lib/python3.12/site-packages/allure_commons/_allure.py\", line 192, in impl\n    return func(*a, **kw)\n           ^^^^^^^^^^^^^^\n  File \"/home/runner/work/TestCapitalComPySe/TestCapitalComPySe/pages/base_page.py\", line 483, in should_be_page_title_v3\n    Common().assert_true_false(\n  File \"/home/runner/work/TestCapitalComPySe/TestCapitalComPySe/pages/common.py\", line 191, in assert_true_false\n    assert False, msg\n","steps":[{"name":"2024-04-06 10:20:19.410114   Check that the page has the expected title - ver 3","time":{"start":1712398924862,"stop":1712398924867,"duration":5},"status":"failed","statusMessage":"AssertionError: 2024-04-06 10:22:04.864493   => Expected title 'Capital.com — Reviews and Account Opening Terms — TradingView' but got 'Capital.com — Reviews and Terms — TradingView' on page: https://www.tradingview.com/broker/Capitalcom/\n\n","statusTrace":"  File \"/home/runner/.cache/pypoetry/virtualenvs/testcapitalcompyse-CcJ6hTD8-py3.12/lib/python3.12/site-packages/allure_commons/_allure.py\", line 192, in impl\n    return func(*a, **kw)\n           ^^^^^^^^^^^^^^\n  File \"/home/runner/work/TestCapitalComPySe/TestCapitalComPySe/pages/base_page.py\", line 483, in should_be_page_title_v3\n    Common().assert_true_false(\n  File \"/home/runner/work/TestCapitalComPySe/TestCapitalComPySe/pages/common.py\", line 191, in assert_true_false\n    assert False, msg\n","steps":[],"attachments":[],"parameters":[{"name":"expected_title","value":"'Capital.com — Reviews and Account Opening Terms — TradingView'"}],"shouldDisplayMessage":true,"stepsCount":0,"attachmentsCount":0,"hasContent":true,"attachmentStep":false}],"attachments":[],"parameters":[{"name":"d","value":"<selenium.webdriver.chrome.webdriver.WebDriver (session=\"bb8f869d862d6ddb8ad9eb425fb9eac9\")>"}],"shouldDisplayMessage":false,"stepsCount":1,"attachmentsCount":0,"hasContent":true,"attachmentStep":false}],"attachments":[],"parameters":[{"name":"d","value":"<selenium.webdriver.chrome.webdriver.WebDriver (session=\"bb8f869d862d6ddb8ad9eb425fb9eac9\")>"}],"shouldDisplayMessage":false,"stepsCount":2,"attachmentsCount":0,"hasContent":true,"attachmentStep":false}],"attachments":[],"parameters":[{"name":"worker_id","value":"'master'"},{"name":"d","value":"<selenium.webdriver.chrome.webdriver.WebDriver (session=\"bb8f869d862d6ddb8ad9eb425fb9eac9\")>"},{"name":"cur_language","value":"''"},{"name":"cur_country","value":"'au'"},{"name":"cur_role","value":"'Auth'"},{"name":"cur_login","value":"'test001.miketar+1@gmail.com'"},{"name":"cur_password","value":"'Qwer1234-!@#$'"}],"shouldDisplayMessage":false,"stepsCount":6,"attachmentsCount":0,"hasContent":true,"attachmentStep":false}],"attachments":[{"uid":"28d1c75563059298","name":"Screenshot","source":"28d1c75563059298.png","type":"image/png","size":87133},{"uid":"e3b3a5b77f87ad9","name":"stdout","source":"e3b3a5b77f87ad9.txt","type":"text/plain","size":3113}],"parameters":[],"shouldDisplayMessage":true,"stepsCount":7,"attachmentsCount":2,"hasContent":true,"attachmentStep":false},"afterStages":[{"name":"d::0","time":{"start":1712399061293,"stop":1712399061435,"duration":142},"status":"passed","steps":[],"attachments":[],"parameters":[],"shouldDisplayMessage":false,"stepsCount":0,"attachmentsCount":0,"hasContent":false,"attachmentStep":false}],"labels":[{"name":"epic","value":"US_00 | Main Page"},{"name":"feature","value":"Language: en"},{"name":"story","value":"Country: au / Role: Auth"},{"name":"tag","value":"test_005"},{"name":"tag","value":"us_00_00"},{"name":"parentSuite","value":"tests.US_00_Main_page.US_00-00_Main_page"},{"name":"suite","value":"us_00-00_main_page_test"},{"name":"subSuite","value":"TestMainPage"},{"name":"host","value":"fv-az1149-29"},{"name":"thread","value":"3208-MainThread"},{"name":"framework","value":"pytest"},{"name":"language","value":"cpython3"},{"name":"package","value":"tests.US_00_Main_page.US_00-00_Main_page.us_00-00_main_page_test"},{"name":"resultFormat","value":"allure2"}],"parameters":[{"name":"cur_country","value":"'au'"},{"name":"cur_language","value":"''"},{"name":"cur_login","value":"'test001.miketar+1@gmail.com'"},{"name":"cur_password","value":"'Qwer1234-!@#$'"},{"name":"cur_role","value":"'Auth'"},{"name":"d","value":"'Chrome'"}],"links":[],"hidden":false,"retry":false,"extra":{"severity":"normal","retries":[],"categories":[{"name":"Product defects","matchedStatuses":[],"flaky":false}],"tags":["us_00_00","test_005"]},"source":"3ea9af3be8e9119.json","parameterValues":["'au'","''","'test001.miketar+1@gmail.com'","'Qwer1234-!@#$'","'Auth'","'Chrome'"]}