2024-05-03 08:44:50 ERROR Elements not present after 0.5 seconds on page: https://capital.com/it/trading-crypto
2024-05-03 08:44:50 ERROR 
Traceback (most recent call last):
  File "/home/runner/work/TestCapitalComPySe/TestCapitalComPySe/pages/base_page.py", line 86, in inner_function
    return func(*args, **kwargs)
           ^^^^^^^^^^^^^^^^^^^^^
  File "/home/runner/work/TestCapitalComPySe/TestCapitalComPySe/pages/base_page.py", line 305, in element_is_visible
    return Wait(self.driver, timeout).until(
           ^^^^^^^^^^^^^^^^^^^^^^^^^^^^^^^^^
  File "/home/runner/.cache/pypoetry/virtualenvs/testcapitalcompyse-CcJ6hTD8-py3.12/lib/python3.12/site-packages/selenium/webdriver/support/wait.py", line 105, in until
    raise TimeoutException(message, screen, stacktrace)
selenium.common.exceptions.TimeoutException: Message: 
Stacktrace:
#0 0x55f91b77bcb3 <unknown>
#1 0x55f91b46a4a7 <unknown>
#2 0x55f91b4b531d <unknown>
#3 0x55f91b4b53d1 <unknown>
#4 0x55f91b4f8734 <unknown>
#5 0x55f91b4d743d <unknown>
#6 0x55f91b4f5be9 <unknown>
#7 0x55f91b4d71b3 <unknown>
#8 0x55f91b4a824a <unknown>
#9 0x55f91b4a8c1e <unknown>
#10 0x55f91b73ffdb <unknown>
#11 0x55f91b743f2b <unknown>
#12 0x55f91b72c0f1 <unknown>
#13 0x55f91b744a92 <unknown>
#14 0x55f91b710faf <unknown>
#15 0x55f91b76ae08 <unknown>
#16 0x55f91b76afe0 <unknown>
#17 0x55f91b77ae04 <unknown>
#18 0x7fde10694ac3 <unknown>

2024-05-03 08:44:57 ERROR Elements not present after 0.5 seconds on page: https://capital.com/trading/signup
2024-05-03 08:44:57 ERROR 
Traceback (most recent call last):
  File "/home/runner/work/TestCapitalComPySe/TestCapitalComPySe/pages/base_page.py", line 86, in inner_function
    return func(*args, **kwargs)
           ^^^^^^^^^^^^^^^^^^^^^
  File "/home/runner/work/TestCapitalComPySe/TestCapitalComPySe/pages/base_page.py", line 305, in element_is_visible
    return Wait(self.driver, timeout).until(
           ^^^^^^^^^^^^^^^^^^^^^^^^^^^^^^^^^
  File "/home/runner/.cache/pypoetry/virtualenvs/testcapitalcompyse-CcJ6hTD8-py3.12/lib/python3.12/site-packages/selenium/webdriver/support/wait.py", line 105, in until
    raise TimeoutException(message, screen, stacktrace)
selenium.common.exceptions.TimeoutException: Message: 
Stacktrace:
#0 0x55f91b77bcb3 <unknown>
#1 0x55f91b46a4a7 <unknown>
#2 0x55f91b4b531d <unknown>
#3 0x55f91b4b53d1 <unknown>
#4 0x55f91b4f8734 <unknown>
#5 0x55f91b4d743d <unknown>
#6 0x55f91b4f5be9 <unknown>
#7 0x55f91b4d71b3 <unknown>
#8 0x55f91b4a824a <unknown>
#9 0x55f91b4a8c1e <unknown>
#10 0x55f91b73ffdb <unknown>
#11 0x55f91b743f2b <unknown>
#12 0x55f91b72c0f1 <unknown>
#13 0x55f91b744a92 <unknown>
#14 0x55f91b710faf <unknown>
#15 0x55f91b76ae08 <unknown>
#16 0x55f91b76afe0 <unknown>
#17 0x55f91b77ae04 <unknown>
#18 0x7fde10694ac3 <unknown>

2024-05-03 08:45:00 ERROR Elements not present after 0.5 seconds on page: https://capital.com/trading/signup
2024-05-03 08:45:00 ERROR 
Traceback (most recent call last):
  File "/home/runner/work/TestCapitalComPySe/TestCapitalComPySe/pages/base_page.py", line 86, in inner_function
    return func(*args, **kwargs)
           ^^^^^^^^^^^^^^^^^^^^^
  File "/home/runner/work/TestCapitalComPySe/TestCapitalComPySe/pages/base_page.py", line 305, in element_is_visible
    return Wait(self.driver, timeout).until(
           ^^^^^^^^^^^^^^^^^^^^^^^^^^^^^^^^^
  File "/home/runner/.cache/pypoetry/virtualenvs/testcapitalcompyse-CcJ6hTD8-py3.12/lib/python3.12/site-packages/selenium/webdriver/support/wait.py", line 105, in until
    raise TimeoutException(message, screen, stacktrace)
selenium.common.exceptions.TimeoutException: Message: 
Stacktrace:
#0 0x55f91b77bcb3 <unknown>
#1 0x55f91b46a4a7 <unknown>
#2 0x55f91b4b531d <unknown>
#3 0x55f91b4b53d1 <unknown>
#4 0x55f91b4f8734 <unknown>
#5 0x55f91b4d743d <unknown>
#6 0x55f91b4f5be9 <unknown>
#7 0x55f91b4d71b3 <unknown>
#8 0x55f91b4a824a <unknown>
#9 0x55f91b4a8c1e <unknown>
#10 0x55f91b73ffdb <unknown>
#11 0x55f91b743f2b <unknown>
#12 0x55f91b72c0f1 <unknown>
#13 0x55f91b744a92 <unknown>
#14 0x55f91b710faf <unknown>
#15 0x55f91b76ae08 <unknown>
#16 0x55f91b76afe0 <unknown>
#17 0x55f91b77ae04 <unknown>
#18 0x7fde10694ac3 <unknown>

2024-05-03 08:45:03 ERROR Elements not present after 0.5 seconds on page: https://capital.com/trading/signup
2024-05-03 08:45:03 ERROR 
Traceback (most recent call last):
  File "/home/runner/work/TestCapitalComPySe/TestCapitalComPySe/pages/base_page.py", line 86, in inner_function
    return func(*args, **kwargs)
           ^^^^^^^^^^^^^^^^^^^^^
  File "/home/runner/work/TestCapitalComPySe/TestCapitalComPySe/pages/base_page.py", line 305, in element_is_visible
    return Wait(self.driver, timeout).until(
           ^^^^^^^^^^^^^^^^^^^^^^^^^^^^^^^^^
  File "/home/runner/.cache/pypoetry/virtualenvs/testcapitalcompyse-CcJ6hTD8-py3.12/lib/python3.12/site-packages/selenium/webdriver/support/wait.py", line 105, in until
    raise TimeoutException(message, screen, stacktrace)
selenium.common.exceptions.TimeoutException: Message: 
Stacktrace:
#0 0x55f91b77bcb3 <unknown>
#1 0x55f91b46a4a7 <unknown>
#2 0x55f91b4b531d <unknown>
#3 0x55f91b4b53d1 <unknown>
#4 0x55f91b4f8734 <unknown>
#5 0x55f91b4d743d <unknown>
#6 0x55f91b4f5be9 <unknown>
#7 0x55f91b4d71b3 <unknown>
#8 0x55f91b4a824a <unknown>
#9 0x55f91b4a8c1e <unknown>
#10 0x55f91b73ffdb <unknown>
#11 0x55f91b743f2b <unknown>
#12 0x55f91b72c0f1 <unknown>
#13 0x55f91b744a92 <unknown>
#14 0x55f91b710faf <unknown>
#15 0x55f91b76ae08 <unknown>
#16 0x55f91b76afe0 <unknown>
#17 0x55f91b77ae04 <unknown>
#18 0x7fde10694ac3 <unknown>