{"uid":"9373e20684f45234","name":"TC_00.00_010 | Start test of button [Try now] in 'Why choose Capital.com?' block. Bid:00.00_010-cn.de.NoAuth","fullName":"tests.US_00_Main_page.US_00-00_Main_page.us_00-00_main_page_test.TestMainPage#test_010_why_choose_block_try_now_button","historyId":"0b166e46f1097f2ae2250af5d7647bbb","time":{"start":1716416708264,"stop":1716416727610,"duration":19346},"description":"\n        Check: Button [Try now] in 'Why choose Capital.com?' block\n        Language: ALL. License: Not FCA.\n        ","descriptionHtml":"<pre><code>    Check: Button [Try now] in 'Why choose Capital.com?' block\n    Language: ALL. License: Not FCA.\n</code></pre>\n","status":"failed","statusMessage":"AssertionError: Bug # 05. Opened a 'Sign up' form instead of a 'Login'","statusTrace":"self = <us_00-00_main_page_test.TestMainPage object at 0x000001D82A4D2AE0>\nworker_id = 'master'\nd = <selenium.webdriver.chrome.webdriver.WebDriver (session=\"efa7648b9b25c1bc6a2b25b36631f413\")>\ncur_language = 'cn', cur_country = 'de', cur_role = 'NoAuth'\ncur_login = 'test001.miketar+1@gmail.com', cur_password = 'Qwer1234-!@#$'\n\n    @allure.step(\"Start test of button [Try now] in 'Why choose Capital.com?' block\")\n    @pytest.mark.test_010\n    def test_010_why_choose_block_try_now_button(\n            self, worker_id, d, cur_language, cur_country, cur_role, cur_login, cur_password):\n        \"\"\"\n        Check: Button [Try now] in 'Why choose Capital.com?' block\n        Language: ALL. License: Not FCA.\n        \"\"\"\n    \n        bid = build_dynamic_arg_v4(\n            d, worker_id, cur_language, cur_country, cur_role,\n            \"00\", \"Main Page\",\n            \".00_010\", \"Start test of button [Try now] in 'Why choose Capital.com?' block\",\n            False, False\n        )\n    \n        Common().check_country_in_list_and_skip_if_not_present(cur_country, ['de', 'au', 'ae'])\n    \n        page_conditions = Conditions(d, \"\")\n        main_page_link = page_conditions.preconditions(\n            d, CapitalComPageSrc.URL, \"\", cur_language, cur_country, cur_role, cur_login, cur_password)\n    \n        test_element = WhyChooseBlockTryNowButton(d, main_page_link, bid)\n>       test_element.full_test_with_tpi(d, cur_language, cur_country, cur_role, main_page_link)\n\ntests\\US_00_Main_page\\US_00-00_Main_page\\us_00-00_main_page_test.py:531: \n_ _ _ _ _ _ _ _ _ _ _ _ _ _ _ _ _ _ _ _ _ _ _ _ _ _ _ _ _ _ _ _ _ _ _ _ _ _ _ _\npages\\Elements\\WhyChooseBlockTryNowButton.py:42: in full_test_with_tpi\n    test_element.assert_login(d, cur_language, cur_item_link)\npages\\Elements\\AssertClass.py:94: in assert_login\n    Common().assert_true_false(False,\n_ _ _ _ _ _ _ _ _ _ _ _ _ _ _ _ _ _ _ _ _ _ _ _ _ _ _ _ _ _ _ _ _ _ _ _ _ _ _ _\n\ncondition = False\nmsg = \"Bug # 05. Opened a 'Sign up' form instead of a 'Login'\"\n\n    @staticmethod\n    def assert_true_false(condition=False, msg=\"\"):\n    \tif condition:\n    \t\tCommon.flag_of_bug = False\n    \t\tassert True, msg\n    \telse:\n    \t\tCommon.flag_of_bug = True\n>   \t\tassert False, msg\nE     AssertionError: Bug # 05. Opened a 'Sign up' form instead of a 'Login'\n\npages\\common.py:213: AssertionError","flaky":false,"newFailed":false,"newBroken":false,"newPassed":false,"retriesCount":0,"retriesStatusChange":false,"beforeStages":[{"name":"d","time":{"start":1716416402276,"stop":1716416448135,"duration":45859},"status":"passed","steps":[],"attachments":[],"parameters":[],"shouldDisplayMessage":false,"stepsCount":0,"attachmentsCount":0,"hasContent":false,"attachmentStep":false},{"name":"worker_id","time":{"start":1716416448136,"stop":1716416448136,"duration":0},"status":"passed","steps":[],"attachments":[],"parameters":[],"shouldDisplayMessage":false,"stepsCount":0,"attachmentsCount":0,"hasContent":false,"attachmentStep":false},{"name":"cur_password","time":{"start":1716416448136,"stop":1716416448136,"duration":0},"status":"passed","steps":[],"attachments":[],"parameters":[],"shouldDisplayMessage":false,"stepsCount":0,"attachmentsCount":0,"hasContent":false,"attachmentStep":false},{"name":"cur_login","time":{"start":1716416448136,"stop":1716416448136,"duration":0},"status":"passed","steps":[],"attachments":[],"parameters":[],"shouldDisplayMessage":false,"stepsCount":0,"attachmentsCount":0,"hasContent":false,"attachmentStep":false},{"name":"cur_language","time":{"start":1716416448136,"stop":1716416448136,"duration":0},"status":"passed","steps":[],"attachments":[],"parameters":[],"shouldDisplayMessage":false,"stepsCount":0,"attachmentsCount":0,"hasContent":false,"attachmentStep":false},{"name":"cur_country","time":{"start":1716416448136,"stop":1716416448136,"duration":0},"status":"passed","steps":[],"attachments":[],"parameters":[],"shouldDisplayMessage":false,"stepsCount":0,"attachmentsCount":0,"hasContent":false,"attachmentStep":false},{"name":"cur_role","time":{"start":1716416644305,"stop":1716416644306,"duration":1},"status":"passed","steps":[],"attachments":[],"parameters":[],"shouldDisplayMessage":false,"stepsCount":0,"attachmentsCount":0,"hasContent":false,"attachmentStep":false}],"testStage":{"description":"\n        Check: Button [Try now] in 'Why choose Capital.com?' block\n        Language: ALL. License: Not FCA.\n        ","status":"failed","statusMessage":"AssertionError: Bug # 05. Opened a 'Sign up' form instead of a 'Login'","statusTrace":"self = <us_00-00_main_page_test.TestMainPage object at 0x000001D82A4D2AE0>\nworker_id = 'master'\nd = <selenium.webdriver.chrome.webdriver.WebDriver (session=\"efa7648b9b25c1bc6a2b25b36631f413\")>\ncur_language = 'cn', cur_country = 'de', cur_role = 'NoAuth'\ncur_login = 'test001.miketar+1@gmail.com', cur_password = 'Qwer1234-!@#$'\n\n    @allure.step(\"Start test of button [Try now] in 'Why choose Capital.com?' block\")\n    @pytest.mark.test_010\n    def test_010_why_choose_block_try_now_button(\n            self, worker_id, d, cur_language, cur_country, cur_role, cur_login, cur_password):\n        \"\"\"\n        Check: Button [Try now] in 'Why choose Capital.com?' block\n        Language: ALL. License: Not FCA.\n        \"\"\"\n    \n        bid = build_dynamic_arg_v4(\n            d, worker_id, cur_language, cur_country, cur_role,\n            \"00\", \"Main Page\",\n            \".00_010\", \"Start test of button [Try now] in 'Why choose Capital.com?' block\",\n            False, False\n        )\n    \n        Common().check_country_in_list_and_skip_if_not_present(cur_country, ['de', 'au', 'ae'])\n    \n        page_conditions = Conditions(d, \"\")\n        main_page_link = page_conditions.preconditions(\n            d, CapitalComPageSrc.URL, \"\", cur_language, cur_country, cur_role, cur_login, cur_password)\n    \n        test_element = WhyChooseBlockTryNowButton(d, main_page_link, bid)\n>       test_element.full_test_with_tpi(d, cur_language, cur_country, cur_role, main_page_link)\n\ntests\\US_00_Main_page\\US_00-00_Main_page\\us_00-00_main_page_test.py:531: \n_ _ _ _ _ _ _ _ _ _ _ _ _ _ _ _ _ _ _ _ _ _ _ _ _ _ _ _ _ _ _ _ _ _ _ _ _ _ _ _\npages\\Elements\\WhyChooseBlockTryNowButton.py:42: in full_test_with_tpi\n    test_element.assert_login(d, cur_language, cur_item_link)\npages\\Elements\\AssertClass.py:94: in assert_login\n    Common().assert_true_false(False,\n_ _ _ _ _ _ _ _ _ _ _ _ _ _ _ _ _ _ _ _ _ _ _ _ _ _ _ _ _ _ _ _ _ _ _ _ _ _ _ _\n\ncondition = False\nmsg = \"Bug # 05. Opened a 'Sign up' form instead of a 'Login'\"\n\n    @staticmethod\n    def assert_true_false(condition=False, msg=\"\"):\n    \tif condition:\n    \t\tCommon.flag_of_bug = False\n    \t\tassert True, msg\n    \telse:\n    \t\tCommon.flag_of_bug = True\n>   \t\tassert False, msg\nE     AssertionError: Bug # 05. Opened a 'Sign up' form instead of a 'Login'\n\npages\\common.py:213: AssertionError","steps":[{"name":"Start test of button [Try now] in 'Why choose Capital.com?' block","time":{"start":1716416708264,"stop":1716416727610,"duration":19346},"status":"failed","statusMessage":"AssertionError: Bug # 05. Opened a 'Sign up' form instead of a 'Login'\n","statusTrace":"  File \"C:\\Users\\runneradmin\\AppData\\Local\\pypoetry\\Cache\\virtualenvs\\testcapitalcompyse-ahTg7XpD-py3.12\\Lib\\site-packages\\allure_commons\\_allure.py\", line 192, in impl\n    return func(*a, **kw)\n           ^^^^^^^^^^^^^^\n  File \"D:\\a\\TestCapitalComPySe\\TestCapitalComPySe\\tests\\US_00_Main_page\\US_00-00_Main_page\\us_00-00_main_page_test.py\", line 531, in test_010_why_choose_block_try_now_button\n    test_element.full_test_with_tpi(d, cur_language, cur_country, cur_role, main_page_link)\n  File \"C:\\Users\\runneradmin\\AppData\\Local\\pypoetry\\Cache\\virtualenvs\\testcapitalcompyse-ahTg7XpD-py3.12\\Lib\\site-packages\\allure_commons\\_allure.py\", line 192, in impl\n    return func(*a, **kw)\n           ^^^^^^^^^^^^^^\n  File \"D:\\a\\TestCapitalComPySe\\TestCapitalComPySe\\pages\\Elements\\WhyChooseBlockTryNowButton.py\", line 42, in full_test_with_tpi\n    test_element.assert_login(d, cur_language, cur_item_link)\n  File \"C:\\Users\\runneradmin\\AppData\\Local\\pypoetry\\Cache\\virtualenvs\\testcapitalcompyse-ahTg7XpD-py3.12\\Lib\\site-packages\\allure_commons\\_allure.py\", line 192, in impl\n    return func(*a, **kw)\n           ^^^^^^^^^^^^^^\n  File \"D:\\a\\TestCapitalComPySe\\TestCapitalComPySe\\pages\\Elements\\AssertClass.py\", line 94, in assert_login\n    Common().assert_true_false(False,\n  File \"D:\\a\\TestCapitalComPySe\\TestCapitalComPySe\\pages\\common.py\", line 213, in assert_true_false\n    assert False, msg\n           ^^^^^\n","steps":[{"name":"Preconditions","time":{"start":1716416708264,"stop":1716416711533,"duration":3269},"status":"passed","steps":[{"name":"2024-05-22 22:20:02.166828   Start Checking Captcha","time":{"start":1716416710481,"stop":1716416711529,"duration":1048},"status":"passed","steps":[],"attachments":[],"parameters":[],"shouldDisplayMessage":false,"stepsCount":0,"attachmentsCount":0,"hasContent":false,"attachmentStep":false}],"attachments":[],"parameters":[{"name":"d","value":"<selenium.webdriver.chrome.webdriver.WebDriver (session=\"efa7648b9b25c1bc6a2b25b36631f413\")>"},{"name":"host","value":"'https://capital.com/'"},{"name":"end_point","value":"''"},{"name":"cur_language","value":"'cn'"},{"name":"cur_country","value":"'de'"},{"name":"cur_role","value":"'NoAuth'"},{"name":"cur_login","value":"'test001.miketar+1@gmail.com'"},{"name":"cur_password","value":"'Qwer1234-!@#$'"}],"shouldDisplayMessage":false,"stepsCount":1,"attachmentsCount":0,"hasContent":true,"attachmentStep":false},{"name":"2024-05-22 22:20:02.119953   Start Full test for [Try now] button in \"Why choose Capital.com?\" block","time":{"start":1716416711533,"stop":1716416727609,"duration":16076},"status":"failed","statusMessage":"AssertionError: Bug # 05. Opened a 'Sign up' form instead of a 'Login'\n","statusTrace":"  File \"C:\\Users\\runneradmin\\AppData\\Local\\pypoetry\\Cache\\virtualenvs\\testcapitalcompyse-ahTg7XpD-py3.12\\Lib\\site-packages\\allure_commons\\_allure.py\", line 192, in impl\n    return func(*a, **kw)\n           ^^^^^^^^^^^^^^\n  File \"D:\\a\\TestCapitalComPySe\\TestCapitalComPySe\\pages\\Elements\\WhyChooseBlockTryNowButton.py\", line 42, in full_test_with_tpi\n    test_element.assert_login(d, cur_language, cur_item_link)\n  File \"C:\\Users\\runneradmin\\AppData\\Local\\pypoetry\\Cache\\virtualenvs\\testcapitalcompyse-ahTg7XpD-py3.12\\Lib\\site-packages\\allure_commons\\_allure.py\", line 192, in impl\n    return func(*a, **kw)\n           ^^^^^^^^^^^^^^\n  File \"D:\\a\\TestCapitalComPySe\\TestCapitalComPySe\\pages\\Elements\\AssertClass.py\", line 94, in assert_login\n    Common().assert_true_false(False,\n  File \"D:\\a\\TestCapitalComPySe\\TestCapitalComPySe\\pages\\common.py\", line 213, in assert_true_false\n    assert False, msg\n           ^^^^^\n","steps":[{"name":"Click button [Try now] on \"Why choose Capital.com?\" block","time":{"start":1716416711637,"stop":1716416711704,"duration":67},"status":"passed","steps":[],"attachments":[],"parameters":[{"name":"d","value":"<selenium.webdriver.chrome.webdriver.WebDriver (session=\"efa7648b9b25c1bc6a2b25b36631f413\")>"}],"shouldDisplayMessage":false,"stepsCount":0,"attachmentsCount":0,"hasContent":true,"attachmentStep":false},{"name":"Checking that \"Login\" form or page opened","time":{"start":1716416711704,"stop":1716416727609,"duration":15905},"status":"failed","statusMessage":"AssertionError: Bug # 05. Opened a 'Sign up' form instead of a 'Login'\n","statusTrace":"  File \"C:\\Users\\runneradmin\\AppData\\Local\\pypoetry\\Cache\\virtualenvs\\testcapitalcompyse-ahTg7XpD-py3.12\\Lib\\site-packages\\allure_commons\\_allure.py\", line 192, in impl\n    return func(*a, **kw)\n           ^^^^^^^^^^^^^^\n  File \"D:\\a\\TestCapitalComPySe\\TestCapitalComPySe\\pages\\Elements\\AssertClass.py\", line 94, in assert_login\n    Common().assert_true_false(False,\n  File \"D:\\a\\TestCapitalComPySe\\TestCapitalComPySe\\pages\\common.py\", line 213, in assert_true_false\n    assert False, msg\n           ^^^^^\n","steps":[{"name":"Check that form [Login] is opened","time":{"start":1716416711704,"stop":1716416717851,"duration":6147},"status":"passed","steps":[],"attachments":[],"parameters":[],"shouldDisplayMessage":false,"stepsCount":0,"attachmentsCount":0,"hasContent":false,"attachmentStep":false},{"name":"Check that new form [Login] is opened","time":{"start":1716416717852,"stop":1716416720922,"duration":3070},"status":"passed","steps":[],"attachments":[],"parameters":[],"shouldDisplayMessage":false,"stepsCount":0,"attachmentsCount":0,"hasContent":false,"attachmentStep":false},{"name":"Check that page [Login] is opened","time":{"start":1716416720922,"stop":1716416720930,"duration":8},"status":"passed","steps":[],"attachments":[],"parameters":[],"shouldDisplayMessage":false,"stepsCount":0,"attachmentsCount":0,"hasContent":false,"attachmentStep":false},{"name":"Check that [Login] form on trading platform page opened","time":{"start":1716416720930,"stop":1716416723993,"duration":3063},"status":"passed","steps":[],"attachments":[],"parameters":[{"name":"cur_language","value":"'cn'"}],"shouldDisplayMessage":false,"stepsCount":0,"attachmentsCount":0,"hasContent":true,"attachmentStep":false},{"name":"Check that \"Sign up\" form opened","time":{"start":1716416723993,"stop":1716416724063,"duration":70},"status":"passed","steps":[],"attachments":[],"parameters":[{"name":"cur_language","value":"'cn'"}],"shouldDisplayMessage":false,"stepsCount":0,"attachmentsCount":0,"hasContent":true,"attachmentStep":false},{"name":"Fixing one row check results into Google Sheet Bugs Report","time":{"start":1716416724804,"stop":1716416725198,"duration":394},"status":"passed","steps":[],"attachments":[],"parameters":[{"name":"cell","value":"'B1'"},{"name":"values","value":"[['Busy']]"}],"shouldDisplayMessage":false,"stepsCount":0,"attachmentsCount":0,"hasContent":true,"attachmentStep":false},{"name":"Fixing one row check results into Google Sheet Bugs Report","time":{"start":1716416726512,"stop":1716416726883,"duration":371},"status":"passed","steps":[],"attachments":[],"parameters":[{"name":"cell","value":"'P1587'"},{"name":"values","value":"[[\"'05\"]]"}],"shouldDisplayMessage":false,"stepsCount":0,"attachmentsCount":0,"hasContent":true,"attachmentStep":false},{"name":"Fixing one row check results into Google Sheet Bugs Report","time":{"start":1716416726883,"stop":1716416727231,"duration":348},"status":"passed","steps":[],"attachments":[],"parameters":[{"name":"cell","value":"'U1587'"},{"name":"values","value":"[['22/05/2024 22:25:26']]"}],"shouldDisplayMessage":false,"stepsCount":0,"attachmentsCount":0,"hasContent":true,"attachmentStep":false},{"name":"Fixing one row check results into Google Sheet Bugs Report","time":{"start":1716416727231,"stop":1716416727608,"duration":377},"status":"passed","steps":[],"attachments":[],"parameters":[{"name":"cell","value":"'B1'"},{"name":"values","value":"[['Bugs Report']]"}],"shouldDisplayMessage":false,"stepsCount":0,"attachmentsCount":0,"hasContent":true,"attachmentStep":false}],"attachments":[],"parameters":[{"name":"d","value":"<selenium.webdriver.chrome.webdriver.WebDriver (session=\"efa7648b9b25c1bc6a2b25b36631f413\")>"},{"name":"cur_language","value":"'cn'"},{"name":"cur_link","value":"'https://capital.com/cn'"}],"shouldDisplayMessage":true,"stepsCount":9,"attachmentsCount":0,"hasContent":true,"attachmentStep":false}],"attachments":[],"parameters":[{"name":"d","value":"<selenium.webdriver.chrome.webdriver.WebDriver (session=\"efa7648b9b25c1bc6a2b25b36631f413\")>"},{"name":"cur_language","value":"'cn'"},{"name":"cur_country","value":"'de'"},{"name":"cur_role","value":"'NoAuth'"},{"name":"cur_item_link","value":"'https://capital.com/cn'"}],"shouldDisplayMessage":false,"stepsCount":11,"attachmentsCount":0,"hasContent":true,"attachmentStep":false}],"attachments":[],"parameters":[{"name":"worker_id","value":"'master'"},{"name":"d","value":"<selenium.webdriver.chrome.webdriver.WebDriver (session=\"efa7648b9b25c1bc6a2b25b36631f413\")>"},{"name":"cur_language","value":"'cn'"},{"name":"cur_country","value":"'de'"},{"name":"cur_role","value":"'NoAuth'"},{"name":"cur_login","value":"'test001.miketar+1@gmail.com'"},{"name":"cur_password","value":"'Qwer1234-!@#$'"}],"shouldDisplayMessage":false,"stepsCount":14,"attachmentsCount":0,"hasContent":true,"attachmentStep":false}],"attachments":[{"uid":"804ff0962d9c652","name":"Screenshot","source":"804ff0962d9c652.png","type":"image/png","size":91025},{"uid":"c471e3f8c0b954a1","name":"log","source":"c471e3f8c0b954a1.txt","type":"text/plain","size":4498},{"uid":"7473c7373ea31b47","name":"stdout","source":"7473c7373ea31b47.txt","type":"text/plain","size":5004}],"parameters":[],"shouldDisplayMessage":true,"stepsCount":15,"attachmentsCount":3,"hasContent":true,"attachmentStep":false},"afterStages":[{"name":"d::0","time":{"start":1716416805495,"stop":1716416807861,"duration":2366},"status":"passed","steps":[],"attachments":[],"parameters":[],"shouldDisplayMessage":false,"stepsCount":0,"attachmentsCount":0,"hasContent":false,"attachmentStep":false}],"labels":[{"name":"epic","value":"US_00 | Main Page"},{"name":"feature","value":"Language: cn"},{"name":"story","value":"Country: de / Role: NoAuth"},{"name":"tag","value":"test_010"},{"name":"tag","value":"us_00_00"},{"name":"parentSuite","value":"tests.US_00_Main_page.US_00-00_Main_page"},{"name":"suite","value":"us_00-00_main_page_test"},{"name":"subSuite","value":"TestMainPage"},{"name":"host","value":"fv-az1785-350"},{"name":"thread","value":"1704-MainThread"},{"name":"framework","value":"pytest"},{"name":"language","value":"cpython3"},{"name":"package","value":"tests.US_00_Main_page.US_00-00_Main_page.us_00-00_main_page_test"},{"name":"resultFormat","value":"allure2"}],"parameters":[{"name":"cur_country","value":"'de'"},{"name":"cur_language","value":"'cn'"},{"name":"cur_login","value":"'test001.miketar+1@gmail.com'"},{"name":"cur_password","value":"'Qwer1234-!@#$'"},{"name":"cur_role","value":"'NoAuth'"},{"name":"d","value":"'Chrome'"}],"links":[],"hidden":false,"retry":false,"extra":{"severity":"normal","retries":[],"categories":[{"name":"Product defects","matchedStatuses":[],"flaky":false}],"tags":["us_00_00","test_010"]},"source":"9373e20684f45234.json","parameterValues":["'de'","'cn'","'test001.miketar+1@gmail.com'","'Qwer1234-!@#$'","'NoAuth'","'Chrome'"]}