2024-01-05 06:28:07 ERROR Unable to initialize WebDriver
2024-01-05 06:28:07 ERROR 
Traceback (most recent call last):
  File "/home/runner/work/TestCapitalComPySe/TestCapitalComPySe/pages/base_page.py", line 82, in inner_function
    return func(*args, **kwargs)
           ^^^^^^^^^^^^^^^^^^^^^
  File "/home/runner/work/TestCapitalComPySe/TestCapitalComPySe/pages/base_page.py", line 414, in element_is_visible
    return Wait(self.browser, timeout).until(
           ^^^^^^^^^^^^^^^^^^^^^^^^^^^^^^^^^^
  File "/home/runner/.cache/pypoetry/virtualenvs/testcapitalcom-CcJ6hTD8-py3.11/lib/python3.11/site-packages/selenium/webdriver/support/wait.py", line 105, in until
    raise TimeoutException(message, screen, stacktrace)
selenium.common.exceptions.TimeoutException: Message: 
Stacktrace:
#0 0x55ba3e807f83 <unknown>
#1 0x55ba3e4c0cf7 <unknown>
#2 0x55ba3e51099e <unknown>
#3 0x55ba3e510aa1 <unknown>
#4 0x55ba3e55bd64 <unknown>
#5 0x55ba3e53a0dd <unknown>
#6 0x55ba3e559006 <unknown>
#7 0x55ba3e539e53 <unknown>
#8 0x55ba3e501dd4 <unknown>
#9 0x55ba3e5031de <unknown>
#10 0x55ba3e7cc531 <unknown>
#11 0x55ba3e7d0455 <unknown>
#12 0x55ba3e7b8f55 <unknown>
#13 0x55ba3e7d10ef <unknown>
#14 0x55ba3e79c99f <unknown>
#15 0x55ba3e7f5008 <unknown>
#16 0x55ba3e7f51d7 <unknown>
#17 0x55ba3e807124 <unknown>
#18 0x7fd22ce94ac3 <unknown>