2024-03-05 22:57:59 ERROR Elements not present after 0.5 seconds on page: https://capital.com/it/negozia-nasdaq-100
2024-03-05 22:57:59 ERROR 
Traceback (most recent call last):
  File "/home/runner/work/TestCapitalComPySe/TestCapitalComPySe/pages/base_page.py", line 84, in inner_function
    return func(*args, **kwargs)
           ^^^^^^^^^^^^^^^^^^^^^
  File "/home/runner/work/TestCapitalComPySe/TestCapitalComPySe/pages/base_page.py", line 302, in element_is_visible
    return Wait(self.driver, timeout).until(
           ^^^^^^^^^^^^^^^^^^^^^^^^^^^^^^^^^
  File "/home/runner/.cache/pypoetry/virtualenvs/testcapitalcompyse-CcJ6hTD8-py3.12/lib/python3.12/site-packages/selenium/webdriver/support/wait.py", line 105, in until
    raise TimeoutException(message, screen, stacktrace)
selenium.common.exceptions.TimeoutException: Message: 
Stacktrace:
#0 0x560a09e26e93 <unknown>
#1 0x560a09b1ece6 <unknown>
#2 0x560a09b69e48 <unknown>
#3 0x560a09b69f01 <unknown>
#4 0x560a09bad3f4 <unknown>
#5 0x560a09b8bedd <unknown>
#6 0x560a09baa899 <unknown>
#7 0x560a09b8bc53 <unknown>
#8 0x560a09b5cdb3 <unknown>
#9 0x560a09b5d77e <unknown>
#10 0x560a09dec7cb <unknown>
#11 0x560a09df07e5 <unknown>
#12 0x560a09dda0e1 <unknown>
#13 0x560a09df1372 <unknown>
#14 0x560a09dbe1bf <unknown>
#15 0x560a09e15488 <unknown>
#16 0x560a09e15683 <unknown>
#17 0x560a09e26044 <unknown>
#18 0x7fa995494ac3 <unknown>

2024-03-05 22:58:03 ERROR Elements not present after 0.5 seconds on page: https://capital.com/it/negozia-nasdaq-100
2024-03-05 22:58:03 ERROR 
Traceback (most recent call last):
  File "/home/runner/work/TestCapitalComPySe/TestCapitalComPySe/pages/base_page.py", line 84, in inner_function
    return func(*args, **kwargs)
           ^^^^^^^^^^^^^^^^^^^^^
  File "/home/runner/work/TestCapitalComPySe/TestCapitalComPySe/pages/base_page.py", line 302, in element_is_visible
    return Wait(self.driver, timeout).until(
           ^^^^^^^^^^^^^^^^^^^^^^^^^^^^^^^^^
  File "/home/runner/.cache/pypoetry/virtualenvs/testcapitalcompyse-CcJ6hTD8-py3.12/lib/python3.12/site-packages/selenium/webdriver/support/wait.py", line 105, in until
    raise TimeoutException(message, screen, stacktrace)
selenium.common.exceptions.TimeoutException: Message: 
Stacktrace:
#0 0x560a09e26e93 <unknown>
#1 0x560a09b1ece6 <unknown>
#2 0x560a09b69e48 <unknown>
#3 0x560a09b69f01 <unknown>
#4 0x560a09bad3f4 <unknown>
#5 0x560a09b8bedd <unknown>
#6 0x560a09baa899 <unknown>
#7 0x560a09b8bc53 <unknown>
#8 0x560a09b5cdb3 <unknown>
#9 0x560a09b5d77e <unknown>
#10 0x560a09dec7cb <unknown>
#11 0x560a09df07e5 <unknown>
#12 0x560a09dda0e1 <unknown>
#13 0x560a09df1372 <unknown>
#14 0x560a09dbe1bf <unknown>
#15 0x560a09e15488 <unknown>
#16 0x560a09e15683 <unknown>
#17 0x560a09e26044 <unknown>
#18 0x7fa995494ac3 <unknown>

2024-03-05 22:58:06 ERROR Elements not present after 0.5 seconds on page: https://capital.com/it/negozia-nasdaq-100
2024-03-05 22:58:06 ERROR 
Traceback (most recent call last):
  File "/home/runner/work/TestCapitalComPySe/TestCapitalComPySe/pages/base_page.py", line 84, in inner_function
    return func(*args, **kwargs)
           ^^^^^^^^^^^^^^^^^^^^^
  File "/home/runner/work/TestCapitalComPySe/TestCapitalComPySe/pages/base_page.py", line 302, in element_is_visible
    return Wait(self.driver, timeout).until(
           ^^^^^^^^^^^^^^^^^^^^^^^^^^^^^^^^^
  File "/home/runner/.cache/pypoetry/virtualenvs/testcapitalcompyse-CcJ6hTD8-py3.12/lib/python3.12/site-packages/selenium/webdriver/support/wait.py", line 105, in until
    raise TimeoutException(message, screen, stacktrace)
selenium.common.exceptions.TimeoutException: Message: 
Stacktrace:
#0 0x560a09e26e93 <unknown>
#1 0x560a09b1ece6 <unknown>
#2 0x560a09b69e48 <unknown>
#3 0x560a09b69f01 <unknown>
#4 0x560a09bad3f4 <unknown>
#5 0x560a09b8bedd <unknown>
#6 0x560a09baa899 <unknown>
#7 0x560a09b8bc53 <unknown>
#8 0x560a09b5cdb3 <unknown>
#9 0x560a09b5d77e <unknown>
#10 0x560a09dec7cb <unknown>
#11 0x560a09df07e5 <unknown>
#12 0x560a09dda0e1 <unknown>
#13 0x560a09df1372 <unknown>
#14 0x560a09dbe1bf <unknown>
#15 0x560a09e15488 <unknown>
#16 0x560a09e15683 <unknown>
#17 0x560a09e26044 <unknown>
#18 0x7fa995494ac3 <unknown>