2024-03-05 22:33:56 ERROR Elements not present after 0.5 seconds on page: https://capital.com/it/trading-crypto
2024-03-05 22:33:56 ERROR 
Traceback (most recent call last):
  File "/home/runner/work/TestCapitalComPySe/TestCapitalComPySe/pages/base_page.py", line 84, in inner_function
    return func(*args, **kwargs)
           ^^^^^^^^^^^^^^^^^^^^^
  File "/home/runner/work/TestCapitalComPySe/TestCapitalComPySe/pages/base_page.py", line 302, in element_is_visible
    return Wait(self.driver, timeout).until(
           ^^^^^^^^^^^^^^^^^^^^^^^^^^^^^^^^^
  File "/home/runner/.cache/pypoetry/virtualenvs/testcapitalcompyse-CcJ6hTD8-py3.12/lib/python3.12/site-packages/selenium/webdriver/support/wait.py", line 105, in until
    raise TimeoutException(message, screen, stacktrace)
selenium.common.exceptions.TimeoutException: Message: 
Stacktrace:
#0 0x558658c24e93 <unknown>
#1 0x55865891cce6 <unknown>
#2 0x558658967e48 <unknown>
#3 0x558658967f01 <unknown>
#4 0x5586589ab3f4 <unknown>
#5 0x558658989edd <unknown>
#6 0x5586589a8899 <unknown>
#7 0x558658989c53 <unknown>
#8 0x55865895adb3 <unknown>
#9 0x55865895b77e <unknown>
#10 0x558658bea7cb <unknown>
#11 0x558658bee7e5 <unknown>
#12 0x558658bd80e1 <unknown>
#13 0x558658bef372 <unknown>
#14 0x558658bbc1bf <unknown>
#15 0x558658c13488 <unknown>
#16 0x558658c13683 <unknown>
#17 0x558658c24044 <unknown>
#18 0x7fa4ee694ac3 <unknown>

2024-03-05 22:33:59 ERROR Elements not present after 0.5 seconds on page: https://capital.com/it/trading-crypto
2024-03-05 22:33:59 ERROR 
Traceback (most recent call last):
  File "/home/runner/work/TestCapitalComPySe/TestCapitalComPySe/pages/base_page.py", line 84, in inner_function
    return func(*args, **kwargs)
           ^^^^^^^^^^^^^^^^^^^^^
  File "/home/runner/work/TestCapitalComPySe/TestCapitalComPySe/pages/base_page.py", line 302, in element_is_visible
    return Wait(self.driver, timeout).until(
           ^^^^^^^^^^^^^^^^^^^^^^^^^^^^^^^^^
  File "/home/runner/.cache/pypoetry/virtualenvs/testcapitalcompyse-CcJ6hTD8-py3.12/lib/python3.12/site-packages/selenium/webdriver/support/wait.py", line 105, in until
    raise TimeoutException(message, screen, stacktrace)
selenium.common.exceptions.TimeoutException: Message: 
Stacktrace:
#0 0x558658c24e93 <unknown>
#1 0x55865891cce6 <unknown>
#2 0x558658967e48 <unknown>
#3 0x558658967f01 <unknown>
#4 0x5586589ab3f4 <unknown>
#5 0x558658989edd <unknown>
#6 0x5586589a8899 <unknown>
#7 0x558658989c53 <unknown>
#8 0x55865895adb3 <unknown>
#9 0x55865895b77e <unknown>
#10 0x558658bea7cb <unknown>
#11 0x558658bee7e5 <unknown>
#12 0x558658bd80e1 <unknown>
#13 0x558658bef372 <unknown>
#14 0x558658bbc1bf <unknown>
#15 0x558658c13488 <unknown>
#16 0x558658c13683 <unknown>
#17 0x558658c24044 <unknown>
#18 0x7fa4ee694ac3 <unknown>

2024-03-05 22:34:03 ERROR Elements not present after 0.5 seconds on page: https://capital.com/it/trading-crypto
2024-03-05 22:34:03 ERROR 
Traceback (most recent call last):
  File "/home/runner/work/TestCapitalComPySe/TestCapitalComPySe/pages/base_page.py", line 84, in inner_function
    return func(*args, **kwargs)
           ^^^^^^^^^^^^^^^^^^^^^
  File "/home/runner/work/TestCapitalComPySe/TestCapitalComPySe/pages/base_page.py", line 302, in element_is_visible
    return Wait(self.driver, timeout).until(
           ^^^^^^^^^^^^^^^^^^^^^^^^^^^^^^^^^
  File "/home/runner/.cache/pypoetry/virtualenvs/testcapitalcompyse-CcJ6hTD8-py3.12/lib/python3.12/site-packages/selenium/webdriver/support/wait.py", line 105, in until
    raise TimeoutException(message, screen, stacktrace)
selenium.common.exceptions.TimeoutException: Message: 
Stacktrace:
#0 0x558658c24e93 <unknown>
#1 0x55865891cce6 <unknown>
#2 0x558658967e48 <unknown>
#3 0x558658967f01 <unknown>
#4 0x5586589ab3f4 <unknown>
#5 0x558658989edd <unknown>
#6 0x5586589a8899 <unknown>
#7 0x558658989c53 <unknown>
#8 0x55865895adb3 <unknown>
#9 0x55865895b77e <unknown>
#10 0x558658bea7cb <unknown>
#11 0x558658bee7e5 <unknown>
#12 0x558658bd80e1 <unknown>
#13 0x558658bef372 <unknown>
#14 0x558658bbc1bf <unknown>
#15 0x558658c13488 <unknown>
#16 0x558658c13683 <unknown>
#17 0x558658c24044 <unknown>
#18 0x7fa4ee694ac3 <unknown>