2024-02-28 21:40:29 ERROR Elements not present after 0.5 seconds on page: https://capital.com/ro/trade-litecoin
2024-02-28 21:40:29 ERROR 
Traceback (most recent call last):
  File "/home/runner/work/TestCapitalComPySe/TestCapitalComPySe/pages/base_page.py", line 84, in inner_function
    return func(*args, **kwargs)
           ^^^^^^^^^^^^^^^^^^^^^
  File "/home/runner/work/TestCapitalComPySe/TestCapitalComPySe/pages/base_page.py", line 301, in element_is_visible
    return Wait(self.driver, timeout).until(
           ^^^^^^^^^^^^^^^^^^^^^^^^^^^^^^^^^
  File "/home/runner/.cache/pypoetry/virtualenvs/testcapitalcompyse-CcJ6hTD8-py3.12/lib/python3.12/site-packages/selenium/webdriver/support/wait.py", line 105, in until
    raise TimeoutException(message, screen, stacktrace)
selenium.common.exceptions.TimeoutException: Message: 
Stacktrace:
#0 0x557aec1e1e93 <unknown>
#1 0x557aebed9ce6 <unknown>
#2 0x557aebf24e48 <unknown>
#3 0x557aebf24f01 <unknown>
#4 0x557aebf683f4 <unknown>
#5 0x557aebf46edd <unknown>
#6 0x557aebf65899 <unknown>
#7 0x557aebf46c53 <unknown>
#8 0x557aebf17db3 <unknown>
#9 0x557aebf1877e <unknown>
#10 0x557aec1a77cb <unknown>
#11 0x557aec1ab7e5 <unknown>
#12 0x557aec1950e1 <unknown>
#13 0x557aec1ac372 <unknown>
#14 0x557aec1791bf <unknown>
#15 0x557aec1d0488 <unknown>
#16 0x557aec1d0683 <unknown>
#17 0x557aec1e1044 <unknown>
#18 0x7f68f8494ac3 <unknown>