2023-12-12 21:22:31 ERROR Unable to initialize WebDriver
2023-12-12 21:22:31 ERROR 
Traceback (most recent call last):
  File "/home/runner/work/TestCapitalComPySe/TestCapitalComPySe/pages/base_page.py", line 82, in inner_function
    return func(*args, **kwargs)
           ^^^^^^^^^^^^^^^^^^^^^
  File "/home/runner/work/TestCapitalComPySe/TestCapitalComPySe/pages/base_page.py", line 394, in element_is_visible
    return Wait(self.browser, timeout).until(
           ^^^^^^^^^^^^^^^^^^^^^^^^^^^^^^^^^^
  File "/home/runner/.cache/pypoetry/virtualenvs/testcapitalcom-CcJ6hTD8-py3.11/lib/python3.11/site-packages/selenium/webdriver/support/wait.py", line 105, in until
    raise TimeoutException(message, screen, stacktrace)
selenium.common.exceptions.TimeoutException: Message: 
Stacktrace:
#0 0x5620c302b5e3 <unknown>
#1 0x5620c2cee0b7 <unknown>
#2 0x5620c2d3bf53 <unknown>
#3 0x5620c2d3c051 <unknown>
#4 0x5620c2d819c4 <unknown>
#5 0x5620c2d62f1d <unknown>
#6 0x5620c2d7eb3d <unknown>
#7 0x5620c2d62cc3 <unknown>
#8 0x5620c2d2e0e4 <unknown>
#9 0x5620c2d2f0ae <unknown>
#10 0x5620c2ff1ce1 <unknown>
#11 0x5620c2ff5b7e <unknown>
#12 0x5620c2fdf4b5 <unknown>
#13 0x5620c2ff67d6 <unknown>
#14 0x5620c2fc2dbf <unknown>
#15 0x5620c3019748 <unknown>
#16 0x5620c3019917 <unknown>
#17 0x5620c302a773 <unknown>
#18 0x7f3843c94ac3 <unknown>

2023-12-12 21:22:36 ERROR Unable to initialize WebDriver
2023-12-12 21:22:36 ERROR 
Traceback (most recent call last):
  File "/home/runner/work/TestCapitalComPySe/TestCapitalComPySe/pages/base_page.py", line 82, in inner_function
    return func(*args, **kwargs)
           ^^^^^^^^^^^^^^^^^^^^^
  File "/home/runner/work/TestCapitalComPySe/TestCapitalComPySe/pages/base_page.py", line 394, in element_is_visible
    return Wait(self.browser, timeout).until(
           ^^^^^^^^^^^^^^^^^^^^^^^^^^^^^^^^^^
  File "/home/runner/.cache/pypoetry/virtualenvs/testcapitalcom-CcJ6hTD8-py3.11/lib/python3.11/site-packages/selenium/webdriver/support/wait.py", line 105, in until
    raise TimeoutException(message, screen, stacktrace)
selenium.common.exceptions.TimeoutException: Message: 
Stacktrace:
#0 0x5620c302b5e3 <unknown>
#1 0x5620c2cee0b7 <unknown>
#2 0x5620c2d3bf53 <unknown>
#3 0x5620c2d3c051 <unknown>
#4 0x5620c2d819c4 <unknown>
#5 0x5620c2d62f1d <unknown>
#6 0x5620c2d7eb3d <unknown>
#7 0x5620c2d62cc3 <unknown>
#8 0x5620c2d2e0e4 <unknown>
#9 0x5620c2d2f0ae <unknown>
#10 0x5620c2ff1ce1 <unknown>
#11 0x5620c2ff5b7e <unknown>
#12 0x5620c2fdf4b5 <unknown>
#13 0x5620c2ff67d6 <unknown>
#14 0x5620c2fc2dbf <unknown>
#15 0x5620c3019748 <unknown>
#16 0x5620c3019917 <unknown>
#17 0x5620c302a773 <unknown>
#18 0x7f3843c94ac3 <unknown>