2024-02-29 00:56:51 ERROR Elements not present after 0.5 seconds on page: https://capital.com/de/was-ist-cfd-handel
2024-02-29 00:56:51 ERROR 
Traceback (most recent call last):
  File "/home/runner/work/TestCapitalComPySe/TestCapitalComPySe/pages/base_page.py", line 84, in inner_function
    return func(*args, **kwargs)
           ^^^^^^^^^^^^^^^^^^^^^
  File "/home/runner/work/TestCapitalComPySe/TestCapitalComPySe/pages/base_page.py", line 302, in element_is_visible
    return Wait(self.driver, timeout).until(
           ^^^^^^^^^^^^^^^^^^^^^^^^^^^^^^^^^
  File "/home/runner/.cache/pypoetry/virtualenvs/testcapitalcompyse-CcJ6hTD8-py3.12/lib/python3.12/site-packages/selenium/webdriver/support/wait.py", line 105, in until
    raise TimeoutException(message, screen, stacktrace)
selenium.common.exceptions.TimeoutException: Message: 
Stacktrace:
#0 0x55f63391ae93 <unknown>
#1 0x55f633612ce6 <unknown>
#2 0x55f63365de48 <unknown>
#3 0x55f63365df01 <unknown>
#4 0x55f6336a13f4 <unknown>
#5 0x55f63367fedd <unknown>
#6 0x55f63369e899 <unknown>
#7 0x55f63367fc53 <unknown>
#8 0x55f633650db3 <unknown>
#9 0x55f63365177e <unknown>
#10 0x55f6338e07cb <unknown>
#11 0x55f6338e47e5 <unknown>
#12 0x55f6338ce0e1 <unknown>
#13 0x55f6338e5372 <unknown>
#14 0x55f6338b21bf <unknown>
#15 0x55f633909488 <unknown>
#16 0x55f633909683 <unknown>
#17 0x55f63391a044 <unknown>
#18 0x7fa8f5494ac3 <unknown>