2024-04-23 09:58:42 ERROR Elements not present after 0.5 seconds on page: https://capital.com/de/waehrungshandel
2024-04-23 09:58:42 ERROR 
Traceback (most recent call last):
  File "/home/runner/work/TestCapitalComPySe/TestCapitalComPySe/pages/base_page.py", line 86, in inner_function
    return func(*args, **kwargs)
           ^^^^^^^^^^^^^^^^^^^^^
  File "/home/runner/work/TestCapitalComPySe/TestCapitalComPySe/pages/base_page.py", line 305, in element_is_visible
    return Wait(self.driver, timeout).until(
           ^^^^^^^^^^^^^^^^^^^^^^^^^^^^^^^^^
  File "/home/runner/.cache/pypoetry/virtualenvs/testcapitalcompyse-CcJ6hTD8-py3.12/lib/python3.12/site-packages/selenium/webdriver/support/wait.py", line 105, in until
    raise TimeoutException(message, screen, stacktrace)
selenium.common.exceptions.TimeoutException: Message: 
Stacktrace:
#0 0x55cc6f1a2863 <unknown>
#1 0x55cc6ee988c6 <unknown>
#2 0x55cc6eee3618 <unknown>
#3 0x55cc6eee36d1 <unknown>
#4 0x55cc6ef26744 <unknown>
#5 0x55cc6ef055cd <unknown>
#6 0x55cc6ef23c19 <unknown>
#7 0x55cc6ef05343 <unknown>
#8 0x55cc6eed6593 <unknown>
#9 0x55cc6eed6f5e <unknown>
#10 0x55cc6f16684b <unknown>
#11 0x55cc6f16a7a5 <unknown>
#12 0x55cc6f154571 <unknown>
#13 0x55cc6f16b332 <unknown>
#14 0x55cc6f13987f <unknown>
#15 0x55cc6f191728 <unknown>
#16 0x55cc6f1918fb <unknown>
#17 0x55cc6f1a19b4 <unknown>
#18 0x7fa7d3a94ac3 <unknown>