2023-12-12 22:41:05 ERROR Unable to initialize WebDriver
2023-12-12 22:41:05 ERROR 
Traceback (most recent call last):
  File "/home/runner/work/TestCapitalComPySe/TestCapitalComPySe/pages/base_page.py", line 82, in inner_function
    return func(*args, **kwargs)
           ^^^^^^^^^^^^^^^^^^^^^
  File "/home/runner/work/TestCapitalComPySe/TestCapitalComPySe/pages/base_page.py", line 394, in element_is_visible
    return Wait(self.browser, timeout).until(
           ^^^^^^^^^^^^^^^^^^^^^^^^^^^^^^^^^^
  File "/home/runner/.cache/pypoetry/virtualenvs/testcapitalcom-CcJ6hTD8-py3.11/lib/python3.11/site-packages/selenium/webdriver/support/wait.py", line 105, in until
    raise TimeoutException(message, screen, stacktrace)
selenium.common.exceptions.TimeoutException: Message: 
Stacktrace:
#0 0x55f7b22855e3 <unknown>
#1 0x55f7b1f480b7 <unknown>
#2 0x55f7b1f95f53 <unknown>
#3 0x55f7b1f96051 <unknown>
#4 0x55f7b1fdb9c4 <unknown>
#5 0x55f7b1fbcf1d <unknown>
#6 0x55f7b1fd8b3d <unknown>
#7 0x55f7b1fbccc3 <unknown>
#8 0x55f7b1f880e4 <unknown>
#9 0x55f7b1f890ae <unknown>
#10 0x55f7b224bce1 <unknown>
#11 0x55f7b224fb7e <unknown>
#12 0x55f7b22394b5 <unknown>
#13 0x55f7b22507d6 <unknown>
#14 0x55f7b221cdbf <unknown>
#15 0x55f7b2273748 <unknown>
#16 0x55f7b2273917 <unknown>
#17 0x55f7b2284773 <unknown>
#18 0x7f6a99494ac3 <unknown>

2023-12-12 22:41:07 ERROR Unable to initialize WebDriver
2023-12-12 22:41:07 ERROR 
Traceback (most recent call last):
  File "/home/runner/work/TestCapitalComPySe/TestCapitalComPySe/pages/base_page.py", line 82, in inner_function
    return func(*args, **kwargs)
           ^^^^^^^^^^^^^^^^^^^^^
  File "/home/runner/work/TestCapitalComPySe/TestCapitalComPySe/pages/base_page.py", line 609, in wait_for_target_url
    return Wait(self.browser, timeout).until(
           ^^^^^^^^^^^^^^^^^^^^^^^^^^^^^^^^^^
  File "/home/runner/.cache/pypoetry/virtualenvs/testcapitalcom-CcJ6hTD8-py3.11/lib/python3.11/site-packages/selenium/webdriver/support/wait.py", line 105, in until
    raise TimeoutException(message, screen, stacktrace)
selenium.common.exceptions.TimeoutException: Message: 

2023-12-12 22:41:21 ERROR Unable to initialize WebDriver
2023-12-12 22:41:21 ERROR 
Traceback (most recent call last):
  File "/home/runner/work/TestCapitalComPySe/TestCapitalComPySe/pages/base_page.py", line 82, in inner_function
    return func(*args, **kwargs)
           ^^^^^^^^^^^^^^^^^^^^^
  File "/home/runner/work/TestCapitalComPySe/TestCapitalComPySe/pages/base_page.py", line 394, in element_is_visible
    return Wait(self.browser, timeout).until(
           ^^^^^^^^^^^^^^^^^^^^^^^^^^^^^^^^^^
  File "/home/runner/.cache/pypoetry/virtualenvs/testcapitalcom-CcJ6hTD8-py3.11/lib/python3.11/site-packages/selenium/webdriver/support/wait.py", line 105, in until
    raise TimeoutException(message, screen, stacktrace)
selenium.common.exceptions.TimeoutException: Message: 
Stacktrace:
#0 0x55f7b22855e3 <unknown>
#1 0x55f7b1f480b7 <unknown>
#2 0x55f7b1f95f53 <unknown>
#3 0x55f7b1f96051 <unknown>
#4 0x55f7b1fdb9c4 <unknown>
#5 0x55f7b1fbcf1d <unknown>
#6 0x55f7b1fd8b3d <unknown>
#7 0x55f7b1fbccc3 <unknown>
#8 0x55f7b1f880e4 <unknown>
#9 0x55f7b1f890ae <unknown>
#10 0x55f7b224bce1 <unknown>
#11 0x55f7b224fb7e <unknown>
#12 0x55f7b22394b5 <unknown>
#13 0x55f7b22507d6 <unknown>
#14 0x55f7b221cdbf <unknown>
#15 0x55f7b2273748 <unknown>
#16 0x55f7b2273917 <unknown>
#17 0x55f7b2284773 <unknown>
#18 0x7f6a99494ac3 <unknown>