{"uid":"20d52707cddcfdf","name":"TC_11.02.03.01_09 | Testing button in block [Horizontal banner]. Bid:11.02.03.01_09-de.au.Auth","fullName":"tests.US_11_Education.US_11-02-03_Commodities_trading.us_11-02-03-01_Commodities_trading_test.TestCommoditiesTrading#test_09_block_hor_banner_button","historyId":"0732a7170106090f83c73827ef6632a4","time":{"start":1716584741207,"stop":1716584753145,"duration":11938},"description":"\n        Check the [Button] on the Horizontal banner at the bottom of the page.\n        For \"Authorized user\" role:\n        The trading platform page is opened depend on the banner [type-id]:\n                Live mode if the banner in the Live mode banners list\n                Demo mode if the banner in the Demo mode banners list\n        ","descriptionHtml":"<pre><code>    Check the [Button] on the Horizontal banner at the bottom of the page.\n    For &quot;Authorized user&quot; role:\n    The trading platform page is opened depend on the banner [type-id]:\n            Live mode if the banner in the Live mode banners list\n            Demo mode if the banner in the Demo mode banners list\n</code></pre>\n","status":"broken","statusMessage":"selenium.common.exceptions.WebDriverException: Message: no such execution context\n  (Session info: chrome=124.0.6367.208)\nStacktrace:\n\tGetHandleVerifier [0x00BFC113+48259]\n\t(No symbol) [0x00B8CA41]\n\t(No symbol) [0x00A808A3]\n\t(No symbol) [0x00A6C89F]\n\t(No symbol) [0x00A6B4DD]\n\t(No symbol) [0x00A6B9DD]\n\t(No symbol) [0x00A780C6]\n\t(No symbol) [0x00A8B181]\n\t(No symbol) [0x00A8F536]\n\t(No symbol) [0x00A6C048]\n\t(No symbol) [0x00A8AE1A]\n\t(No symbol) [0x00AF9E95]\n\t(No symbol) [0x00AE0B36]\n\t(No symbol) [0x00AB570D]\n\t(No symbol) [0x00AB62CD]\n\tGetHandleVerifier [0x00EB65A3+2908435]\n\tGetHandleVerifier [0x00EF3BBB+3159851]\n\tGetHandleVerifier [0x00C950CB+674875]\n\tGetHandleVerifier [0x00C9B28C+699900]\n\t(No symbol) [0x00B96244]\n\t(No symbol) [0x00B92298]\n\t(No symbol) [0x00B9242C]\n\t(No symbol) [0x00B84BB0]\n\tBaseThreadInitThunk [0x756267F9+25]\n\tRtlGetFullPathName_UEx [0x77527F4D+173]\n\tRtlGetFullPathName_UEx [0x77527F1B+123]","statusTrace":"self = <us_11-02-03-01_Commodities_trading_test.TestCommoditiesTrading object at 0x00000264417CB860>\nworker_id = 'master'\nd = <selenium.webdriver.chrome.webdriver.WebDriver (session=\"3fd95049a0b3773c524ffc1495fc29ea\")>\ncur_language = 'de', cur_country = 'au', cur_role = 'Auth'\ncur_login = 'test001.miketar+1@gmail.com', cur_password = 'Qwer1234-!@#$'\ncur_item_link = 'https://capital.com/de/trade-platinum'\n\n    @allure.step(\"Start test of button in block [Horizontal banner]\")\n    @pytest.mark.test_09\n    def test_09_block_hor_banner_button(\n            self, worker_id, d, cur_language, cur_country, cur_role, cur_login, cur_password, cur_item_link):\n        \"\"\"\n        Check the [Button] on the Horizontal banner at the bottom of the page.\n        For \"Authorized user\" role:\n        The trading platform page is opened depend on the banner [type-id]:\n                Live mode if the banner in the Live mode banners list\n                Demo mode if the banner in the Demo mode banners list\n        \"\"\"\n        bid = build_dynamic_arg_v4(\n            d, worker_id, cur_language, cur_country, cur_role,\n            \"11.02.03\", \"Education > Menu item [Commodities trading]\",\n            \".01_09\", \"Testing button in block [Horizontal banner]\")\n    \n        Common().skip_if_eng_lang_and_fca_license(cur_language, cur_country)\n        check_language(cur_language)\n        if cur_language in [\"\"]:\n            Common().skip_test_for_language(cur_language)\n    \n        page_conditions = Conditions(d, \"\")\n        page_conditions.preconditions(\n            d, CapitalComPageSrc.URL, \"\", cur_language, cur_country, cur_role, cur_login, cur_password)\n    \n        # банеры должны открываться в Demo mode for US_00\n        banner00_hor_tpd = []\n        # банеры должны открываться в Live mode for US_00\n        banner00_hor_tp = []\n        # банеры должны открываться в Demo mode for US_01\n        banner01_hor_tpd = ['199', '294']\n        # банеры должны открываться в Live mode for US_01\n        banner01_hor_tp = ['169', '223', '254', '379', '392', '430', '429']\n    \n        test_element = ButtonOnHorizontalBanner(d, cur_item_link, bid)\n>       test_element.full_test_with_tpi(d, cur_language, cur_country, cur_role, cur_item_link,\n                                        banner00_hor_tpd, banner00_hor_tp, banner01_hor_tpd, banner01_hor_tp)\n\ntests\\US_11_Education\\US_11-02-03_Commodities_trading\\us_11-02-03-01_Commodities_trading_test.py:284: \n_ _ _ _ _ _ _ _ _ _ _ _ _ _ _ _ _ _ _ _ _ _ _ _ _ _ _ _ _ _ _ _ _ _ _ _ _ _ _ _\npages\\Elements\\HorizontalBannerButton.py:31: in full_test_with_tpi\n    data_id = self.element_click()\npages\\Elements\\HorizontalBannerButton.py:104: in element_click\n    web_element.click()\nC:\\Users\\runneradmin\\AppData\\Local\\pypoetry\\Cache\\virtualenvs\\testcapitalcompyse-ahTg7XpD-py3.12\\Lib\\site-packages\\selenium\\webdriver\\remote\\webelement.py:94: in click\n    self._execute(Command.CLICK_ELEMENT)\nC:\\Users\\runneradmin\\AppData\\Local\\pypoetry\\Cache\\virtualenvs\\testcapitalcompyse-ahTg7XpD-py3.12\\Lib\\site-packages\\selenium\\webdriver\\remote\\webelement.py:395: in _execute\n    return self._parent.execute(command, params)\nC:\\Users\\runneradmin\\AppData\\Local\\pypoetry\\Cache\\virtualenvs\\testcapitalcompyse-ahTg7XpD-py3.12\\Lib\\site-packages\\selenium\\webdriver\\remote\\webdriver.py:347: in execute\n    self.error_handler.check_response(response)\n_ _ _ _ _ _ _ _ _ _ _ _ _ _ _ _ _ _ _ _ _ _ _ _ _ _ _ _ _ _ _ _ _ _ _ _ _ _ _ _\n\nself = <selenium.webdriver.remote.errorhandler.ErrorHandler object at 0x00000264417AE480>\nresponse = {'status': 400, 'value': '{\"value\":{\"error\":\"no such execution context\",\"message\":\"no such execution context\\\\n  (Sess...Thunk [0x756267F9+25]\\\\n\\\\tRtlGetFullPathName_UEx [0x77527F4D+173]\\\\n\\\\tRtlGetFullPathName_UEx [0x77527F1B+123]\\\\n\"}}'}\n\n    def check_response(self, response: Dict[str, Any]) -> None:\n        \"\"\"Checks that a JSON response from the WebDriver does not have an\n        error.\n    \n        :Args:\n         - response - The JSON response from the WebDriver server as a dictionary\n           object.\n    \n        :Raises: If the response contains an error message.\n        \"\"\"\n        status = response.get(\"status\", None)\n        if not status or status == ErrorCode.SUCCESS:\n            return\n        value = None\n        message = response.get(\"message\", \"\")\n        screen: str = response.get(\"screen\", \"\")\n        stacktrace = None\n        if isinstance(status, int):\n            value_json = response.get(\"value\", None)\n            if value_json and isinstance(value_json, str):\n                import json\n    \n                try:\n                    value = json.loads(value_json)\n                    if len(value) == 1:\n                        value = value[\"value\"]\n                    status = value.get(\"error\", None)\n                    if not status:\n                        status = value.get(\"status\", ErrorCode.UNKNOWN_ERROR)\n                        message = value.get(\"value\") or value.get(\"message\")\n                        if not isinstance(message, str):\n                            value = message\n                            message = message.get(\"message\")\n                    else:\n                        message = value.get(\"message\", None)\n                except ValueError:\n                    pass\n    \n        exception_class: Type[WebDriverException]\n        e = ErrorCode()\n        error_codes = [item for item in dir(e) if not item.startswith(\"__\")]\n        for error_code in error_codes:\n            error_info = getattr(ErrorCode, error_code)\n            if isinstance(error_info, list) and status in error_info:\n                exception_class = getattr(ExceptionMapping, error_code, WebDriverException)\n                break\n        else:\n            exception_class = WebDriverException\n    \n        if not value:\n            value = response[\"value\"]\n        if isinstance(value, str):\n            raise exception_class(value)\n        if message == \"\" and \"message\" in value:\n            message = value[\"message\"]\n    \n        screen = None  # type: ignore[assignment]\n        if \"screen\" in value:\n            screen = value[\"screen\"]\n    \n        stacktrace = None\n        st_value = value.get(\"stackTrace\") or value.get(\"stacktrace\")\n        if st_value:\n            if isinstance(st_value, str):\n                stacktrace = st_value.split(\"\\n\")\n            else:\n                stacktrace = []\n                try:\n                    for frame in st_value:\n                        line = frame.get(\"lineNumber\", \"\")\n                        file = frame.get(\"fileName\", \"<anonymous>\")\n                        if line:\n                            file = f\"{file}:{line}\"\n                        meth = frame.get(\"methodName\", \"<anonymous>\")\n                        if \"className\" in frame:\n                            meth = f\"{frame['className']}.{meth}\"\n                        msg = \"    at %s (%s)\"\n                        msg = msg % (meth, file)\n                        stacktrace.append(msg)\n                except TypeError:\n                    pass\n        if exception_class == UnexpectedAlertPresentException:\n            alert_text = None\n            if \"data\" in value:\n                alert_text = value[\"data\"].get(\"text\")\n            elif \"alert\" in value:\n                alert_text = value[\"alert\"].get(\"text\")\n            raise exception_class(message, screen, stacktrace, alert_text)  # type: ignore[call-arg]  # mypy is not smart enough here\n>       raise exception_class(message, screen, stacktrace)\nE       selenium.common.exceptions.WebDriverException: Message: no such execution context\nE         (Session info: chrome=124.0.6367.208)\nE       Stacktrace:\nE       \tGetHandleVerifier [0x00BFC113+48259]\nE       \t(No symbol) [0x00B8CA41]\nE       \t(No symbol) [0x00A808A3]\nE       \t(No symbol) [0x00A6C89F]\nE       \t(No symbol) [0x00A6B4DD]\nE       \t(No symbol) [0x00A6B9DD]\nE       \t(No symbol) [0x00A780C6]\nE       \t(No symbol) [0x00A8B181]\nE       \t(No symbol) [0x00A8F536]\nE       \t(No symbol) [0x00A6C048]\nE       \t(No symbol) [0x00A8AE1A]\nE       \t(No symbol) [0x00AF9E95]\nE       \t(No symbol) [0x00AE0B36]\nE       \t(No symbol) [0x00AB570D]\nE       \t(No symbol) [0x00AB62CD]\nE       \tGetHandleVerifier [0x00EB65A3+2908435]\nE       \tGetHandleVerifier [0x00EF3BBB+3159851]\nE       \tGetHandleVerifier [0x00C950CB+674875]\nE       \tGetHandleVerifier [0x00C9B28C+699900]\nE       \t(No symbol) [0x00B96244]\nE       \t(No symbol) [0x00B92298]\nE       \t(No symbol) [0x00B9242C]\nE       \t(No symbol) [0x00B84BB0]\nE       \tBaseThreadInitThunk [0x756267F9+25]\nE       \tRtlGetFullPathName_UEx [0x77527F4D+173]\nE       \tRtlGetFullPathName_UEx [0x77527F1B+123]\n\nC:\\Users\\runneradmin\\AppData\\Local\\pypoetry\\Cache\\virtualenvs\\testcapitalcompyse-ahTg7XpD-py3.12\\Lib\\site-packages\\selenium\\webdriver\\remote\\errorhandler.py:229: WebDriverException","flaky":false,"newFailed":false,"newBroken":false,"newPassed":false,"retriesCount":0,"retriesStatusChange":false,"beforeStages":[{"name":"d","time":{"start":1716584542090,"stop":1716584544079,"duration":1989},"status":"passed","steps":[],"attachments":[],"parameters":[],"shouldDisplayMessage":false,"stepsCount":0,"attachmentsCount":0,"hasContent":false,"attachmentStep":false},{"name":"cur_language","time":{"start":1716584544079,"stop":1716584544079,"duration":0},"status":"passed","steps":[],"attachments":[],"parameters":[],"shouldDisplayMessage":false,"stepsCount":0,"attachmentsCount":0,"hasContent":false,"attachmentStep":false},{"name":"worker_id","time":{"start":1716584544079,"stop":1716584544079,"duration":0},"status":"passed","steps":[],"attachments":[],"parameters":[],"shouldDisplayMessage":false,"stepsCount":0,"attachmentsCount":0,"hasContent":false,"attachmentStep":false},{"name":"cur_country","time":{"start":1716584544079,"stop":1716584544079,"duration":0},"status":"passed","steps":[],"attachments":[],"parameters":[],"shouldDisplayMessage":false,"stepsCount":0,"attachmentsCount":0,"hasContent":false,"attachmentStep":false},{"name":"cur_login","time":{"start":1716584544079,"stop":1716584544079,"duration":0},"status":"passed","steps":[],"attachments":[],"parameters":[],"shouldDisplayMessage":false,"stepsCount":0,"attachmentsCount":0,"hasContent":false,"attachmentStep":false},{"name":"cur_password","time":{"start":1716584544079,"stop":1716584544079,"duration":0},"status":"passed","steps":[],"attachments":[],"parameters":[],"shouldDisplayMessage":false,"stepsCount":0,"attachmentsCount":0,"hasContent":false,"attachmentStep":false},{"name":"cur_role","time":{"start":1716584648545,"stop":1716584648546,"duration":1},"status":"passed","steps":[],"attachments":[],"parameters":[],"shouldDisplayMessage":false,"stepsCount":0,"attachmentsCount":0,"hasContent":false,"attachmentStep":false}],"testStage":{"description":"\n        Check the [Button] on the Horizontal banner at the bottom of the page.\n        For \"Authorized user\" role:\n        The trading platform page is opened depend on the banner [type-id]:\n                Live mode if the banner in the Live mode banners list\n                Demo mode if the banner in the Demo mode banners list\n        ","status":"broken","statusMessage":"selenium.common.exceptions.WebDriverException: Message: no such execution context\n  (Session info: chrome=124.0.6367.208)\nStacktrace:\n\tGetHandleVerifier [0x00BFC113+48259]\n\t(No symbol) [0x00B8CA41]\n\t(No symbol) [0x00A808A3]\n\t(No symbol) [0x00A6C89F]\n\t(No symbol) [0x00A6B4DD]\n\t(No symbol) [0x00A6B9DD]\n\t(No symbol) [0x00A780C6]\n\t(No symbol) [0x00A8B181]\n\t(No symbol) [0x00A8F536]\n\t(No symbol) [0x00A6C048]\n\t(No symbol) [0x00A8AE1A]\n\t(No symbol) [0x00AF9E95]\n\t(No symbol) [0x00AE0B36]\n\t(No symbol) [0x00AB570D]\n\t(No symbol) [0x00AB62CD]\n\tGetHandleVerifier [0x00EB65A3+2908435]\n\tGetHandleVerifier [0x00EF3BBB+3159851]\n\tGetHandleVerifier [0x00C950CB+674875]\n\tGetHandleVerifier [0x00C9B28C+699900]\n\t(No symbol) [0x00B96244]\n\t(No symbol) [0x00B92298]\n\t(No symbol) [0x00B9242C]\n\t(No symbol) [0x00B84BB0]\n\tBaseThreadInitThunk [0x756267F9+25]\n\tRtlGetFullPathName_UEx [0x77527F4D+173]\n\tRtlGetFullPathName_UEx [0x77527F1B+123]","statusTrace":"self = <us_11-02-03-01_Commodities_trading_test.TestCommoditiesTrading object at 0x00000264417CB860>\nworker_id = 'master'\nd = <selenium.webdriver.chrome.webdriver.WebDriver (session=\"3fd95049a0b3773c524ffc1495fc29ea\")>\ncur_language = 'de', cur_country = 'au', cur_role = 'Auth'\ncur_login = 'test001.miketar+1@gmail.com', cur_password = 'Qwer1234-!@#$'\ncur_item_link = 'https://capital.com/de/trade-platinum'\n\n    @allure.step(\"Start test of button in block [Horizontal banner]\")\n    @pytest.mark.test_09\n    def test_09_block_hor_banner_button(\n            self, worker_id, d, cur_language, cur_country, cur_role, cur_login, cur_password, cur_item_link):\n        \"\"\"\n        Check the [Button] on the Horizontal banner at the bottom of the page.\n        For \"Authorized user\" role:\n        The trading platform page is opened depend on the banner [type-id]:\n                Live mode if the banner in the Live mode banners list\n                Demo mode if the banner in the Demo mode banners list\n        \"\"\"\n        bid = build_dynamic_arg_v4(\n            d, worker_id, cur_language, cur_country, cur_role,\n            \"11.02.03\", \"Education > Menu item [Commodities trading]\",\n            \".01_09\", \"Testing button in block [Horizontal banner]\")\n    \n        Common().skip_if_eng_lang_and_fca_license(cur_language, cur_country)\n        check_language(cur_language)\n        if cur_language in [\"\"]:\n            Common().skip_test_for_language(cur_language)\n    \n        page_conditions = Conditions(d, \"\")\n        page_conditions.preconditions(\n            d, CapitalComPageSrc.URL, \"\", cur_language, cur_country, cur_role, cur_login, cur_password)\n    \n        # банеры должны открываться в Demo mode for US_00\n        banner00_hor_tpd = []\n        # банеры должны открываться в Live mode for US_00\n        banner00_hor_tp = []\n        # банеры должны открываться в Demo mode for US_01\n        banner01_hor_tpd = ['199', '294']\n        # банеры должны открываться в Live mode for US_01\n        banner01_hor_tp = ['169', '223', '254', '379', '392', '430', '429']\n    \n        test_element = ButtonOnHorizontalBanner(d, cur_item_link, bid)\n>       test_element.full_test_with_tpi(d, cur_language, cur_country, cur_role, cur_item_link,\n                                        banner00_hor_tpd, banner00_hor_tp, banner01_hor_tpd, banner01_hor_tp)\n\ntests\\US_11_Education\\US_11-02-03_Commodities_trading\\us_11-02-03-01_Commodities_trading_test.py:284: \n_ _ _ _ _ _ _ _ _ _ _ _ _ _ _ _ _ _ _ _ _ _ _ _ _ _ _ _ _ _ _ _ _ _ _ _ _ _ _ _\npages\\Elements\\HorizontalBannerButton.py:31: in full_test_with_tpi\n    data_id = self.element_click()\npages\\Elements\\HorizontalBannerButton.py:104: in element_click\n    web_element.click()\nC:\\Users\\runneradmin\\AppData\\Local\\pypoetry\\Cache\\virtualenvs\\testcapitalcompyse-ahTg7XpD-py3.12\\Lib\\site-packages\\selenium\\webdriver\\remote\\webelement.py:94: in click\n    self._execute(Command.CLICK_ELEMENT)\nC:\\Users\\runneradmin\\AppData\\Local\\pypoetry\\Cache\\virtualenvs\\testcapitalcompyse-ahTg7XpD-py3.12\\Lib\\site-packages\\selenium\\webdriver\\remote\\webelement.py:395: in _execute\n    return self._parent.execute(command, params)\nC:\\Users\\runneradmin\\AppData\\Local\\pypoetry\\Cache\\virtualenvs\\testcapitalcompyse-ahTg7XpD-py3.12\\Lib\\site-packages\\selenium\\webdriver\\remote\\webdriver.py:347: in execute\n    self.error_handler.check_response(response)\n_ _ _ _ _ _ _ _ _ _ _ _ _ _ _ _ _ _ _ _ _ _ _ _ _ _ _ _ _ _ _ _ _ _ _ _ _ _ _ _\n\nself = <selenium.webdriver.remote.errorhandler.ErrorHandler object at 0x00000264417AE480>\nresponse = {'status': 400, 'value': '{\"value\":{\"error\":\"no such execution context\",\"message\":\"no such execution context\\\\n  (Sess...Thunk [0x756267F9+25]\\\\n\\\\tRtlGetFullPathName_UEx [0x77527F4D+173]\\\\n\\\\tRtlGetFullPathName_UEx [0x77527F1B+123]\\\\n\"}}'}\n\n    def check_response(self, response: Dict[str, Any]) -> None:\n        \"\"\"Checks that a JSON response from the WebDriver does not have an\n        error.\n    \n        :Args:\n         - response - The JSON response from the WebDriver server as a dictionary\n           object.\n    \n        :Raises: If the response contains an error message.\n        \"\"\"\n        status = response.get(\"status\", None)\n        if not status or status == ErrorCode.SUCCESS:\n            return\n        value = None\n        message = response.get(\"message\", \"\")\n        screen: str = response.get(\"screen\", \"\")\n        stacktrace = None\n        if isinstance(status, int):\n            value_json = response.get(\"value\", None)\n            if value_json and isinstance(value_json, str):\n                import json\n    \n                try:\n                    value = json.loads(value_json)\n                    if len(value) == 1:\n                        value = value[\"value\"]\n                    status = value.get(\"error\", None)\n                    if not status:\n                        status = value.get(\"status\", ErrorCode.UNKNOWN_ERROR)\n                        message = value.get(\"value\") or value.get(\"message\")\n                        if not isinstance(message, str):\n                            value = message\n                            message = message.get(\"message\")\n                    else:\n                        message = value.get(\"message\", None)\n                except ValueError:\n                    pass\n    \n        exception_class: Type[WebDriverException]\n        e = ErrorCode()\n        error_codes = [item for item in dir(e) if not item.startswith(\"__\")]\n        for error_code in error_codes:\n            error_info = getattr(ErrorCode, error_code)\n            if isinstance(error_info, list) and status in error_info:\n                exception_class = getattr(ExceptionMapping, error_code, WebDriverException)\n                break\n        else:\n            exception_class = WebDriverException\n    \n        if not value:\n            value = response[\"value\"]\n        if isinstance(value, str):\n            raise exception_class(value)\n        if message == \"\" and \"message\" in value:\n            message = value[\"message\"]\n    \n        screen = None  # type: ignore[assignment]\n        if \"screen\" in value:\n            screen = value[\"screen\"]\n    \n        stacktrace = None\n        st_value = value.get(\"stackTrace\") or value.get(\"stacktrace\")\n        if st_value:\n            if isinstance(st_value, str):\n                stacktrace = st_value.split(\"\\n\")\n            else:\n                stacktrace = []\n                try:\n                    for frame in st_value:\n                        line = frame.get(\"lineNumber\", \"\")\n                        file = frame.get(\"fileName\", \"<anonymous>\")\n                        if line:\n                            file = f\"{file}:{line}\"\n                        meth = frame.get(\"methodName\", \"<anonymous>\")\n                        if \"className\" in frame:\n                            meth = f\"{frame['className']}.{meth}\"\n                        msg = \"    at %s (%s)\"\n                        msg = msg % (meth, file)\n                        stacktrace.append(msg)\n                except TypeError:\n                    pass\n        if exception_class == UnexpectedAlertPresentException:\n            alert_text = None\n            if \"data\" in value:\n                alert_text = value[\"data\"].get(\"text\")\n            elif \"alert\" in value:\n                alert_text = value[\"alert\"].get(\"text\")\n            raise exception_class(message, screen, stacktrace, alert_text)  # type: ignore[call-arg]  # mypy is not smart enough here\n>       raise exception_class(message, screen, stacktrace)\nE       selenium.common.exceptions.WebDriverException: Message: no such execution context\nE         (Session info: chrome=124.0.6367.208)\nE       Stacktrace:\nE       \tGetHandleVerifier [0x00BFC113+48259]\nE       \t(No symbol) [0x00B8CA41]\nE       \t(No symbol) [0x00A808A3]\nE       \t(No symbol) [0x00A6C89F]\nE       \t(No symbol) [0x00A6B4DD]\nE       \t(No symbol) [0x00A6B9DD]\nE       \t(No symbol) [0x00A780C6]\nE       \t(No symbol) [0x00A8B181]\nE       \t(No symbol) [0x00A8F536]\nE       \t(No symbol) [0x00A6C048]\nE       \t(No symbol) [0x00A8AE1A]\nE       \t(No symbol) [0x00AF9E95]\nE       \t(No symbol) [0x00AE0B36]\nE       \t(No symbol) [0x00AB570D]\nE       \t(No symbol) [0x00AB62CD]\nE       \tGetHandleVerifier [0x00EB65A3+2908435]\nE       \tGetHandleVerifier [0x00EF3BBB+3159851]\nE       \tGetHandleVerifier [0x00C950CB+674875]\nE       \tGetHandleVerifier [0x00C9B28C+699900]\nE       \t(No symbol) [0x00B96244]\nE       \t(No symbol) [0x00B92298]\nE       \t(No symbol) [0x00B9242C]\nE       \t(No symbol) [0x00B84BB0]\nE       \tBaseThreadInitThunk [0x756267F9+25]\nE       \tRtlGetFullPathName_UEx [0x77527F4D+173]\nE       \tRtlGetFullPathName_UEx [0x77527F1B+123]\n\nC:\\Users\\runneradmin\\AppData\\Local\\pypoetry\\Cache\\virtualenvs\\testcapitalcompyse-ahTg7XpD-py3.12\\Lib\\site-packages\\selenium\\webdriver\\remote\\errorhandler.py:229: WebDriverException","steps":[{"name":"Start test of button in block [Horizontal banner]","time":{"start":1716584741207,"stop":1716584753145,"duration":11938},"status":"broken","statusMessage":"selenium.common.exceptions.WebDriverException: Message: no such execution context\n  (Session info: chrome=124.0.6367.208)\nStacktrace:\n\tGetHandleVerifier [0x00BFC113+48259]\n\t(No symbol) [0x00B8CA41]\n\t(No symbol) [0x00A808A3]\n\t(No symbol) [0x00A6C89F]\n\t(No symbol) [0x00A6B4DD]\n\t(No symbol) [0x00A6B9DD]\n\t(No symbol) [0x00A780C6]\n\t(No symbol) [0x00A8B181]\n\t(No symbol) [0x00A8F536]\n\t(No symbol) [0x00A6C048]\n\t(No symbol) [0x00A8AE1A]\n\t(No symbol) [0x00AF9E95]\n\t(No symbol) [0x00AE0B36]\n\t(No symbol) [0x00AB570D]\n\t(No symbol) [0x00AB62CD]\n\tGetHandleVerifier [0x00EB65A3+2908435]\n\tGetHandleVerifier [0x00EF3BBB+3159851]\n\tGetHandleVerifier [0x00C950CB+674875]\n\tGetHandleVerifier [0x00C9B28C+699900]\n\t(No symbol) [0x00B96244]\n\t(No symbol) [0x00B92298]\n\t(No symbol) [0x00B9242C]\n\t(No symbol) [0x00B84BB0]\n\tBaseThreadInitThunk [0x756267F9+25]\n\tRtlGetFullPathName_UEx [0x77527F4D+173]\n\tRtlGetFullPathName_UEx [0x77527F1B+123]\n\n","statusTrace":"  File \"C:\\Users\\runneradmin\\AppData\\Local\\pypoetry\\Cache\\virtualenvs\\testcapitalcompyse-ahTg7XpD-py3.12\\Lib\\site-packages\\allure_commons\\_allure.py\", line 192, in impl\n    return func(*a, **kw)\n           ^^^^^^^^^^^^^^\n  File \"D:\\a\\TestCapitalComPySe\\TestCapitalComPySe\\tests\\US_11_Education\\US_11-02-03_Commodities_trading\\us_11-02-03-01_Commodities_trading_test.py\", line 284, in test_09_block_hor_banner_button\n    test_element.full_test_with_tpi(d, cur_language, cur_country, cur_role, cur_item_link,\n  File \"D:\\a\\TestCapitalComPySe\\TestCapitalComPySe\\pages\\Elements\\HorizontalBannerButton.py\", line 31, in full_test_with_tpi\n    data_id = self.element_click()\n              ^^^^^^^^^^^^^^^^^^^^\n  File \"C:\\Users\\runneradmin\\AppData\\Local\\pypoetry\\Cache\\virtualenvs\\testcapitalcompyse-ahTg7XpD-py3.12\\Lib\\site-packages\\allure_commons\\_allure.py\", line 192, in impl\n    return func(*a, **kw)\n           ^^^^^^^^^^^^^^\n  File \"D:\\a\\TestCapitalComPySe\\TestCapitalComPySe\\pages\\Elements\\HorizontalBannerButton.py\", line 104, in element_click\n    web_element.click()\n  File \"C:\\Users\\runneradmin\\AppData\\Local\\pypoetry\\Cache\\virtualenvs\\testcapitalcompyse-ahTg7XpD-py3.12\\Lib\\site-packages\\selenium\\webdriver\\remote\\webelement.py\", line 94, in click\n    self._execute(Command.CLICK_ELEMENT)\n  File \"C:\\Users\\runneradmin\\AppData\\Local\\pypoetry\\Cache\\virtualenvs\\testcapitalcompyse-ahTg7XpD-py3.12\\Lib\\site-packages\\selenium\\webdriver\\remote\\webelement.py\", line 395, in _execute\n    return self._parent.execute(command, params)\n           ^^^^^^^^^^^^^^^^^^^^^^^^^^^^^^^^^^^^^\n  File \"C:\\Users\\runneradmin\\AppData\\Local\\pypoetry\\Cache\\virtualenvs\\testcapitalcompyse-ahTg7XpD-py3.12\\Lib\\site-packages\\selenium\\webdriver\\remote\\webdriver.py\", line 347, in execute\n    self.error_handler.check_response(response)\n  File \"C:\\Users\\runneradmin\\AppData\\Local\\pypoetry\\Cache\\virtualenvs\\testcapitalcompyse-ahTg7XpD-py3.12\\Lib\\site-packages\\selenium\\webdriver\\remote\\errorhandler.py\", line 229, in check_response\n    raise exception_class(message, screen, stacktrace)\n","steps":[{"name":"Preconditions","time":{"start":1716584741209,"stop":1716584744200,"duration":2991},"status":"passed","steps":[{"name":"2024-05-24 21:02:22.058660   Start Checking Captcha","time":{"start":1716584743146,"stop":1716584744200,"duration":1054},"status":"passed","steps":[],"attachments":[],"parameters":[],"shouldDisplayMessage":false,"stepsCount":0,"attachmentsCount":0,"hasContent":false,"attachmentStep":false}],"attachments":[],"parameters":[{"name":"d","value":"<selenium.webdriver.chrome.webdriver.WebDriver (session=\"3fd95049a0b3773c524ffc1495fc29ea\")>"},{"name":"host","value":"'https://capital.com/'"},{"name":"end_point","value":"''"},{"name":"cur_language","value":"'de'"},{"name":"cur_country","value":"'au'"},{"name":"cur_role","value":"'Auth'"},{"name":"cur_login","value":"'test001.miketar+1@gmail.com'"},{"name":"cur_password","value":"'Qwer1234-!@#$'"}],"shouldDisplayMessage":false,"stepsCount":1,"attachmentsCount":0,"hasContent":true,"attachmentStep":false},{"name":"2024-05-24 21:02:22.043037   Check that form [Sign up] opened","time":{"start":1716584746206,"stop":1716584747751,"duration":1545},"status":"passed","steps":[],"attachments":[],"parameters":[{"name":"timeout","value":"1"}],"shouldDisplayMessage":false,"stepsCount":0,"attachmentsCount":0,"hasContent":true,"attachmentStep":false},{"name":"Click button [BUTTON_ON_HOR_BANNER]","time":{"start":1716584747751,"stop":1716584753143,"duration":5392},"status":"broken","statusMessage":"selenium.common.exceptions.WebDriverException: Message: no such execution context\n  (Session info: chrome=124.0.6367.208)\nStacktrace:\n\tGetHandleVerifier [0x00BFC113+48259]\n\t(No symbol) [0x00B8CA41]\n\t(No symbol) [0x00A808A3]\n\t(No symbol) [0x00A6C89F]\n\t(No symbol) [0x00A6B4DD]\n\t(No symbol) [0x00A6B9DD]\n\t(No symbol) [0x00A780C6]\n\t(No symbol) [0x00A8B181]\n\t(No symbol) [0x00A8F536]\n\t(No symbol) [0x00A6C048]\n\t(No symbol) [0x00A8AE1A]\n\t(No symbol) [0x00AF9E95]\n\t(No symbol) [0x00AE0B36]\n\t(No symbol) [0x00AB570D]\n\t(No symbol) [0x00AB62CD]\n\tGetHandleVerifier [0x00EB65A3+2908435]\n\tGetHandleVerifier [0x00EF3BBB+3159851]\n\tGetHandleVerifier [0x00C950CB+674875]\n\tGetHandleVerifier [0x00C9B28C+699900]\n\t(No symbol) [0x00B96244]\n\t(No symbol) [0x00B92298]\n\t(No symbol) [0x00B9242C]\n\t(No symbol) [0x00B84BB0]\n\tBaseThreadInitThunk [0x756267F9+25]\n\tRtlGetFullPathName_UEx [0x77527F4D+173]\n\tRtlGetFullPathName_UEx [0x77527F1B+123]\n\n","statusTrace":"  File \"C:\\Users\\runneradmin\\AppData\\Local\\pypoetry\\Cache\\virtualenvs\\testcapitalcompyse-ahTg7XpD-py3.12\\Lib\\site-packages\\allure_commons\\_allure.py\", line 192, in impl\n    return func(*a, **kw)\n           ^^^^^^^^^^^^^^\n  File \"D:\\a\\TestCapitalComPySe\\TestCapitalComPySe\\pages\\Elements\\HorizontalBannerButton.py\", line 104, in element_click\n    web_element.click()\n  File \"C:\\Users\\runneradmin\\AppData\\Local\\pypoetry\\Cache\\virtualenvs\\testcapitalcompyse-ahTg7XpD-py3.12\\Lib\\site-packages\\selenium\\webdriver\\remote\\webelement.py\", line 94, in click\n    self._execute(Command.CLICK_ELEMENT)\n  File \"C:\\Users\\runneradmin\\AppData\\Local\\pypoetry\\Cache\\virtualenvs\\testcapitalcompyse-ahTg7XpD-py3.12\\Lib\\site-packages\\selenium\\webdriver\\remote\\webelement.py\", line 395, in _execute\n    return self._parent.execute(command, params)\n           ^^^^^^^^^^^^^^^^^^^^^^^^^^^^^^^^^^^^^\n  File \"C:\\Users\\runneradmin\\AppData\\Local\\pypoetry\\Cache\\virtualenvs\\testcapitalcompyse-ahTg7XpD-py3.12\\Lib\\site-packages\\selenium\\webdriver\\remote\\webdriver.py\", line 347, in execute\n    self.error_handler.check_response(response)\n  File \"C:\\Users\\runneradmin\\AppData\\Local\\pypoetry\\Cache\\virtualenvs\\testcapitalcompyse-ahTg7XpD-py3.12\\Lib\\site-packages\\selenium\\webdriver\\remote\\errorhandler.py\", line 229, in check_response\n    raise exception_class(message, screen, stacktrace)\n","steps":[],"attachments":[],"parameters":[],"shouldDisplayMessage":true,"stepsCount":0,"attachmentsCount":0,"hasContent":true,"attachmentStep":false}],"attachments":[],"parameters":[{"name":"worker_id","value":"'master'"},{"name":"d","value":"<selenium.webdriver.chrome.webdriver.WebDriver (session=\"3fd95049a0b3773c524ffc1495fc29ea\")>"},{"name":"cur_language","value":"'de'"},{"name":"cur_country","value":"'au'"},{"name":"cur_role","value":"'Auth'"},{"name":"cur_login","value":"'test001.miketar+1@gmail.com'"},{"name":"cur_password","value":"'Qwer1234-!@#$'"},{"name":"cur_item_link","value":"'https://capital.com/de/trade-platinum'"}],"shouldDisplayMessage":false,"stepsCount":4,"attachmentsCount":0,"hasContent":true,"attachmentStep":false}],"attachments":[{"uid":"31236918ced1e1fb","name":"Screenshot","source":"31236918ced1e1fb.png","type":"image/png","size":16335},{"uid":"cef2e27f306e3822","name":"log","source":"cef2e27f306e3822.txt","type":"text/plain","size":1513},{"uid":"a5ed7ee1a4bde51e","name":"stdout","source":"a5ed7ee1a4bde51e.txt","type":"text/plain","size":2983}],"parameters":[],"shouldDisplayMessage":true,"stepsCount":5,"attachmentsCount":3,"hasContent":true,"attachmentStep":false},"afterStages":[{"name":"d::0","time":{"start":1716585009393,"stop":1716585011690,"duration":2297},"status":"passed","steps":[],"attachments":[],"parameters":[],"shouldDisplayMessage":false,"stepsCount":0,"attachmentsCount":0,"hasContent":false,"attachmentStep":false}],"labels":[{"name":"epic","value":"US_11.02.03 | Education > Menu item [Commodities trading]"},{"name":"feature","value":"Language: de"},{"name":"story","value":"Country: au / Role: Auth"},{"name":"tag","value":"test_09"},{"name":"tag","value":"us_11_02_03"},{"name":"parentSuite","value":"tests.US_11_Education.US_11-02-03_Commodities_trading"},{"name":"suite","value":"us_11-02-03-01_Commodities_trading_test"},{"name":"subSuite","value":"TestCommoditiesTrading"},{"name":"host","value":"fv-az663-354"},{"name":"thread","value":"236-MainThread"},{"name":"framework","value":"pytest"},{"name":"language","value":"cpython3"},{"name":"package","value":"tests.US_11_Education.US_11-02-03_Commodities_trading.us_11-02-03-01_Commodities_trading_test"},{"name":"resultFormat","value":"allure2"}],"parameters":[{"name":"cur_country","value":"'au'"},{"name":"cur_item_link","value":"'https://capital.com/de/trade-platinum'"},{"name":"cur_language","value":"'de'"},{"name":"cur_login","value":"'test001.miketar+1@gmail.com'"},{"name":"cur_password","value":"'Qwer1234-!@#$'"},{"name":"cur_role","value":"'Auth'"},{"name":"d","value":"'Chrome'"}],"links":[],"hidden":false,"retry":false,"extra":{"severity":"normal","retries":[],"categories":[{"name":"Test defects","matchedStatuses":[],"flaky":false}],"tags":["test_09","us_11_02_03"]},"source":"20d52707cddcfdf.json","parameterValues":["'au'","'https://capital.com/de/trade-platinum'","'de'","'test001.miketar+1@gmail.com'","'Qwer1234-!@#$'","'Auth'","'Chrome'"]}