2024-04-08 11:24:29 ERROR Elements not present after 0.5 seconds on page: https://capital.com/zh/gasoil-spot-shang-pin
2024-04-08 11:24:29 ERROR 
Traceback (most recent call last):
  File "/home/runner/work/TestCapitalComPySe/TestCapitalComPySe/pages/base_page.py", line 85, in inner_function
    return func(*args, **kwargs)
           ^^^^^^^^^^^^^^^^^^^^^
  File "/home/runner/work/TestCapitalComPySe/TestCapitalComPySe/pages/base_page.py", line 304, in element_is_visible
    return Wait(self.driver, timeout).until(
           ^^^^^^^^^^^^^^^^^^^^^^^^^^^^^^^^^
  File "/home/runner/.cache/pypoetry/virtualenvs/testcapitalcompyse-CcJ6hTD8-py3.12/lib/python3.12/site-packages/selenium/webdriver/support/wait.py", line 105, in until
    raise TimeoutException(message, screen, stacktrace)
selenium.common.exceptions.TimeoutException: Message: 
Stacktrace:
#0 0x561590326873 <unknown>
#1 0x56159001c8c6 <unknown>
#2 0x561590067618 <unknown>
#3 0x5615900676d1 <unknown>
#4 0x5615900aa744 <unknown>
#5 0x5615900895cd <unknown>
#6 0x5615900a7c19 <unknown>
#7 0x561590089343 <unknown>
#8 0x56159005a593 <unknown>
#9 0x56159005af5e <unknown>
#10 0x5615902ea85b <unknown>
#11 0x5615902ee7b5 <unknown>
#12 0x5615902d8581 <unknown>
#13 0x5615902ef342 <unknown>
#14 0x5615902bd88f <unknown>
#15 0x561590315738 <unknown>
#16 0x56159031590b <unknown>
#17 0x5615903259c4 <unknown>
#18 0x7f7344694ac3 <unknown>