{"uid":"1cc0532564298cc3","name":"TC_55!420 (Lang: en) | Bid:55!420-en.ae.NoAuth","fullName":"tests.US_55_ReTestsManual.tassobaccato.US_55-tassobaccato_ReTestsManual_test.TestManualDetectedBugs#test_420","historyId":"b4a76fd7ec9921cd233315f239afbff5","time":{"start":1742689739204,"stop":1742689745204,"duration":6000},"description":"\n        Check: Main page > Menu items of the menu section [Pricing] in the \"Footer\"\n        Language: EN\n        License: SCA, ASIC\n        Author: Kasila\n        ","descriptionHtml":"<pre><code>    Check: Main page &gt; Menu items of the menu section [Pricing] in the &quot;Footer&quot;\n    Language: EN\n    License: SCA, ASIC\n    Author: Kasila\n</code></pre>\n","status":"failed","statusMessage":"Failed: Bug! 'Login' button is not clicked","statusTrace":"self = <pages.conditions_v2.NewConditions object at 0x7fb82ba24c50>\nd = <selenium.webdriver.chrome.webdriver.WebDriver (session=\"1362c1394e911cadf3cb1f400f066c62\")>\nlink = 'https://capital.com/en-gb', login = 'test001.miketar+1@gmail.com'\npassword = 'Qwer1234-!@#$', cur_role = 'NoAuth'\n\n    @allure.step(f\"{datetime.now()}   Start Authorization\")\n    # @profile(precision=3)\n    def to_do_authorisation_new(self, d, link, login, password, cur_role):\n        \"\"\"Authorization\"\"\"\n        print(f\"\\n\" f\"{datetime.now()}   Start Authorization\")\n    \n        # Setup wait for later\n        menu = MainMenu(d, link)\n        assert login != \"\", \"Авторизация невозможна. Не указан e-mail\"\n        assert password != \"\", \"Авторизация невозможна. Не указан пароль\"\n    \n        # нажать в хедере на кнопку \"Log in\"\n        try:\n>           menu.element_is_clickable(menu.MENU_LOGIN).click()\n\npages/conditions_v2.py:237: \n_ _ _ _ _ _ _ _ _ _ _ _ _ _ _ _ _ _ _ _ _ _ _ _ _ _ _ _ _ _ _ _ _ _ _ _ _ _ _ _ \n../../../.cache/pypoetry/virtualenvs/testcapitalcompyse-CcJ6hTD8-py3.12/lib/python3.12/site-packages/selenium/webdriver/remote/webelement.py:94: in click\n    self._execute(Command.CLICK_ELEMENT)\n../../../.cache/pypoetry/virtualenvs/testcapitalcompyse-CcJ6hTD8-py3.12/lib/python3.12/site-packages/selenium/webdriver/remote/webelement.py:395: in _execute\n    return self._parent.execute(command, params)\n../../../.cache/pypoetry/virtualenvs/testcapitalcompyse-CcJ6hTD8-py3.12/lib/python3.12/site-packages/selenium/webdriver/remote/webdriver.py:380: in execute\n    self.error_handler.check_response(response)\n_ _ _ _ _ _ _ _ _ _ _ _ _ _ _ _ _ _ _ _ _ _ _ _ _ _ _ _ _ _ _ _ _ _ _ _ _ _ _ _ \n\nself = <selenium.webdriver.remote.errorhandler.ErrorHandler object at 0x7fb82afd3230>\nresponse = {'status': 400, 'value': '{\"value\":{\"error\":\"element click intercepted\",\"message\":\"element click intercepted: Element ...\\\\n#21 0x558ddc67be76 \\\\u003Cunknown>\\\\n#22 0x7fcff3a9caa4 \\\\u003Cunknown>\\\\n#23 0x7fcff3b29c3c \\\\u003Cunknown>\\\\n\"}}'}\n\n    def check_response(self, response: Dict[str, Any]) -> None:\n        \"\"\"Checks that a JSON response from the WebDriver does not have an\n        error.\n    \n        :Args:\n         - response - The JSON response from the WebDriver server as a dictionary\n           object.\n    \n        :Raises: If the response contains an error message.\n        \"\"\"\n        status = response.get(\"status\", None)\n        if not status or status == ErrorCode.SUCCESS:\n            return\n        value = None\n        message = response.get(\"message\", \"\")\n        screen: str = response.get(\"screen\", \"\")\n        stacktrace = None\n        if isinstance(status, int):\n            value_json = response.get(\"value\", None)\n            if value_json and isinstance(value_json, str):\n                import json\n    \n                try:\n                    value = json.loads(value_json)\n                    if len(value) == 1:\n                        value = value[\"value\"]\n                    status = value.get(\"error\", None)\n                    if not status:\n                        status = value.get(\"status\", ErrorCode.UNKNOWN_ERROR)\n                        message = value.get(\"value\") or value.get(\"message\")\n                        if not isinstance(message, str):\n                            value = message\n                            message = message.get(\"message\")\n                    else:\n                        message = value.get(\"message\", None)\n                except ValueError:\n                    pass\n    \n        exception_class: Type[WebDriverException]\n        e = ErrorCode()\n        error_codes = [item for item in dir(e) if not item.startswith(\"__\")]\n        for error_code in error_codes:\n            error_info = getattr(ErrorCode, error_code)\n            if isinstance(error_info, list) and status in error_info:\n                exception_class = getattr(ExceptionMapping, error_code, WebDriverException)\n                break\n        else:\n            exception_class = WebDriverException\n    \n        if not value:\n            value = response[\"value\"]\n        if isinstance(value, str):\n            raise exception_class(value)\n        if message == \"\" and \"message\" in value:\n            message = value[\"message\"]\n    \n        screen = None  # type: ignore[assignment]\n        if \"screen\" in value:\n            screen = value[\"screen\"]\n    \n        stacktrace = None\n        st_value = value.get(\"stackTrace\") or value.get(\"stacktrace\")\n        if st_value:\n            if isinstance(st_value, str):\n                stacktrace = st_value.split(\"\\n\")\n            else:\n                stacktrace = []\n                try:\n                    for frame in st_value:\n                        line = frame.get(\"lineNumber\", \"\")\n                        file = frame.get(\"fileName\", \"<anonymous>\")\n                        if line:\n                            file = f\"{file}:{line}\"\n                        meth = frame.get(\"methodName\", \"<anonymous>\")\n                        if \"className\" in frame:\n                            meth = f\"{frame['className']}.{meth}\"\n                        msg = \"    at %s (%s)\"\n                        msg = msg % (meth, file)\n                        stacktrace.append(msg)\n                except TypeError:\n                    pass\n        if exception_class == UnexpectedAlertPresentException:\n            alert_text = None\n            if \"data\" in value:\n                alert_text = value[\"data\"].get(\"text\")\n            elif \"alert\" in value:\n                alert_text = value[\"alert\"].get(\"text\")\n            raise exception_class(message, screen, stacktrace, alert_text)  # type: ignore[call-arg]  # mypy is not smart enough here\n>       raise exception_class(message, screen, stacktrace)\nE       selenium.common.exceptions.ElementClickInterceptedException: Message: element click intercepted: Element <button class=\"accountBtns_btn__vOcCs accountBtns_btnEmpty__TCWRE helpers_showLg__UPEqH js-analyticsClick js-analyticsVisible\" data-type=\"btn_header_login\" data-testid=\"login_btn\">...</button> is not clickable at point (1385, 121). Other element would receive the click: <div class=\"modal_overlay__f_YlZ modal_mobileBottomAttached__cTOIu\">...</div>\nE         (Session info: chrome=134.0.6998.88)\nE       Stacktrace:\nE       #0 0x558ddc67cffa <unknown>\nE       #1 0x558ddc13b970 <unknown>\nE       #2 0x558ddc1941ec <unknown>\nE       #3 0x558ddc192055 <unknown>\nE       #4 0x558ddc18f6f2 <unknown>\nE       #5 0x558ddc18e8ca <unknown>\nE       #6 0x558ddc1814cd <unknown>\nE       #7 0x558ddc1b3292 <unknown>\nE       #8 0x558ddc180e4a <unknown>\nE       #9 0x558ddc1b345e <unknown>\nE       #10 0x558ddc1d970c <unknown>\nE       #11 0x558ddc1b3063 <unknown>\nE       #12 0x558ddc17f328 <unknown>\nE       #13 0x558ddc180491 <unknown>\nE       #14 0x558ddc64442b <unknown>\nE       #15 0x558ddc6482ec <unknown>\nE       #16 0x558ddc62ba22 <unknown>\nE       #17 0x558ddc648e64 <unknown>\nE       #18 0x558ddc60fbef <unknown>\nE       #19 0x558ddc66b558 <unknown>\nE       #20 0x558ddc66b736 <unknown>\nE       #21 0x558ddc67be76 <unknown>\nE       #22 0x7fcff3a9caa4 <unknown>\nE       #23 0x7fcff3b29c3c <unknown>\n\n../../../.cache/pypoetry/virtualenvs/testcapitalcompyse-CcJ6hTD8-py3.12/lib/python3.12/site-packages/selenium/webdriver/remote/errorhandler.py:229: ElementClickInterceptedException\n\nDuring handling of the above exception, another exception occurred:\n\nself = <US_55-tassobaccato_ReTestsManual_test.TestManualDetectedBugs object at 0x7fb82bd58140>\nworker_id = 'master'\nd = <selenium.webdriver.chrome.webdriver.WebDriver (session=\"1362c1394e911cadf3cb1f400f066c62\")>\ncur_language = '', cur_country = 'ae', cur_role = 'NoAuth'\ncur_login = 'test001.miketar+1@gmail.com', cur_password = 'Qwer1234-!@#$'\n\n    @allure.step('Start retest manual AT_55!420 Menu item [Payments and withdrawals] in the footer')\n    @pytest.mark.parametrize('cur_language', [''])\n    @pytest.mark.parametrize('cur_country', ['ae', 'au'])\n    @pytest.mark.parametrize('cur_role', [\"NoReg\", \"Auth\", \"NoAuth\"])\n    @pytest.mark.bug_420\n    def test_420(self, worker_id, d, cur_language, cur_country, cur_role, cur_login, cur_password):\n        \"\"\"\n        Check: Main page > Menu items of the menu section [Pricing] in the \"Footer\"\n        Language: EN\n        License: SCA, ASIC\n        Author: Kasila\n        \"\"\"\n    \n        bid = build_dynamic_arg_for_us_55(\n            d, worker_id, cur_language, cur_country, cur_role,\n            \"55\", \"ReTests of Manual Detected Bugs\",\n            \"420\", 'Menu item [Payments and withdrawals] is missed in the footer when selected EN language'\n        )\n    \n>       link = apply_preconditions_to_link(d, cur_language, cur_country, cur_role, cur_login, cur_password)\n\ntests/US_55_ReTestsManual/tassobaccato/US_55-tassobaccato_ReTestsManual_test.py:632: \n_ _ _ _ _ _ _ _ _ _ _ _ _ _ _ _ _ _ _ _ _ _ _ _ _ _ _ _ _ _ _ _ _ _ _ _ _ _ _ _ \npages/conditions_v2.py:78: in apply_preconditions_to_link\n    return cond.preconditions(d, CapitalComPageSrc.URL_NEW, '', cur_language, cur_country, cur_role,\npages/conditions_v2.py:154: in preconditions\n    self.to_do_authorisation_new(d, host, cur_login, cur_password, cur_role)\n_ _ _ _ _ _ _ _ _ _ _ _ _ _ _ _ _ _ _ _ _ _ _ _ _ _ _ _ _ _ _ _ _ _ _ _ _ _ _ _ \n\nself = <pages.conditions_v2.NewConditions object at 0x7fb82ba24c50>\nd = <selenium.webdriver.chrome.webdriver.WebDriver (session=\"1362c1394e911cadf3cb1f400f066c62\")>\nlink = 'https://capital.com/en-gb', login = 'test001.miketar+1@gmail.com'\npassword = 'Qwer1234-!@#$', cur_role = 'NoAuth'\n\n    @allure.step(f\"{datetime.now()}   Start Authorization\")\n    # @profile(precision=3)\n    def to_do_authorisation_new(self, d, link, login, password, cur_role):\n        \"\"\"Authorization\"\"\"\n        print(f\"\\n\" f\"{datetime.now()}   Start Authorization\")\n    \n        # Setup wait for later\n        menu = MainMenu(d, link)\n        assert login != \"\", \"Авторизация невозможна. Не указан e-mail\"\n        assert password != \"\", \"Авторизация невозможна. Не указан пароль\"\n    \n        # нажать в хедере на кнопку \"Log in\"\n        try:\n            menu.element_is_clickable(menu.MENU_LOGIN).click()\n        except:\n>           pytest.fail(\"Bug! 'Login' button is not clicked\")\nE           Failed: Bug! 'Login' button is not clicked\n\npages/conditions_v2.py:239: Failed","flaky":false,"newFailed":false,"newBroken":false,"newPassed":false,"retriesCount":0,"retriesStatusChange":false,"beforeStages":[{"name":"d","time":{"start":1742688685552,"stop":1742688686821,"duration":1269},"status":"passed","steps":[],"attachments":[],"parameters":[],"shouldDisplayMessage":false,"stepsCount":0,"attachmentsCount":0,"hasContent":false,"attachmentStep":false},{"name":"cur_password","time":{"start":1742688686821,"stop":1742688686821,"duration":0},"status":"passed","steps":[],"attachments":[],"parameters":[],"shouldDisplayMessage":false,"stepsCount":0,"attachmentsCount":0,"hasContent":false,"attachmentStep":false},{"name":"worker_id","time":{"start":1742688686821,"stop":1742688686821,"duration":0},"status":"passed","steps":[],"attachments":[],"parameters":[],"shouldDisplayMessage":false,"stepsCount":0,"attachmentsCount":0,"hasContent":false,"attachmentStep":false},{"name":"cur_login","time":{"start":1742688686821,"stop":1742688686821,"duration":0},"status":"passed","steps":[],"attachments":[],"parameters":[],"shouldDisplayMessage":false,"stepsCount":0,"attachmentsCount":0,"hasContent":false,"attachmentStep":false}],"testStage":{"description":"\n        Check: Main page > Menu items of the menu section [Pricing] in the \"Footer\"\n        Language: EN\n        License: SCA, ASIC\n        Author: Kasila\n        ","status":"failed","statusMessage":"Failed: Bug! 'Login' button is not clicked","statusTrace":"self = <pages.conditions_v2.NewConditions object at 0x7fb82ba24c50>\nd = <selenium.webdriver.chrome.webdriver.WebDriver (session=\"1362c1394e911cadf3cb1f400f066c62\")>\nlink = 'https://capital.com/en-gb', login = 'test001.miketar+1@gmail.com'\npassword = 'Qwer1234-!@#$', cur_role = 'NoAuth'\n\n    @allure.step(f\"{datetime.now()}   Start Authorization\")\n    # @profile(precision=3)\n    def to_do_authorisation_new(self, d, link, login, password, cur_role):\n        \"\"\"Authorization\"\"\"\n        print(f\"\\n\" f\"{datetime.now()}   Start Authorization\")\n    \n        # Setup wait for later\n        menu = MainMenu(d, link)\n        assert login != \"\", \"Авторизация невозможна. Не указан e-mail\"\n        assert password != \"\", \"Авторизация невозможна. Не указан пароль\"\n    \n        # нажать в хедере на кнопку \"Log in\"\n        try:\n>           menu.element_is_clickable(menu.MENU_LOGIN).click()\n\npages/conditions_v2.py:237: \n_ _ _ _ _ _ _ _ _ _ _ _ _ _ _ _ _ _ _ _ _ _ _ _ _ _ _ _ _ _ _ _ _ _ _ _ _ _ _ _ \n../../../.cache/pypoetry/virtualenvs/testcapitalcompyse-CcJ6hTD8-py3.12/lib/python3.12/site-packages/selenium/webdriver/remote/webelement.py:94: in click\n    self._execute(Command.CLICK_ELEMENT)\n../../../.cache/pypoetry/virtualenvs/testcapitalcompyse-CcJ6hTD8-py3.12/lib/python3.12/site-packages/selenium/webdriver/remote/webelement.py:395: in _execute\n    return self._parent.execute(command, params)\n../../../.cache/pypoetry/virtualenvs/testcapitalcompyse-CcJ6hTD8-py3.12/lib/python3.12/site-packages/selenium/webdriver/remote/webdriver.py:380: in execute\n    self.error_handler.check_response(response)\n_ _ _ _ _ _ _ _ _ _ _ _ _ _ _ _ _ _ _ _ _ _ _ _ _ _ _ _ _ _ _ _ _ _ _ _ _ _ _ _ \n\nself = <selenium.webdriver.remote.errorhandler.ErrorHandler object at 0x7fb82afd3230>\nresponse = {'status': 400, 'value': '{\"value\":{\"error\":\"element click intercepted\",\"message\":\"element click intercepted: Element ...\\\\n#21 0x558ddc67be76 \\\\u003Cunknown>\\\\n#22 0x7fcff3a9caa4 \\\\u003Cunknown>\\\\n#23 0x7fcff3b29c3c \\\\u003Cunknown>\\\\n\"}}'}\n\n    def check_response(self, response: Dict[str, Any]) -> None:\n        \"\"\"Checks that a JSON response from the WebDriver does not have an\n        error.\n    \n        :Args:\n         - response - The JSON response from the WebDriver server as a dictionary\n           object.\n    \n        :Raises: If the response contains an error message.\n        \"\"\"\n        status = response.get(\"status\", None)\n        if not status or status == ErrorCode.SUCCESS:\n            return\n        value = None\n        message = response.get(\"message\", \"\")\n        screen: str = response.get(\"screen\", \"\")\n        stacktrace = None\n        if isinstance(status, int):\n            value_json = response.get(\"value\", None)\n            if value_json and isinstance(value_json, str):\n                import json\n    \n                try:\n                    value = json.loads(value_json)\n                    if len(value) == 1:\n                        value = value[\"value\"]\n                    status = value.get(\"error\", None)\n                    if not status:\n                        status = value.get(\"status\", ErrorCode.UNKNOWN_ERROR)\n                        message = value.get(\"value\") or value.get(\"message\")\n                        if not isinstance(message, str):\n                            value = message\n                            message = message.get(\"message\")\n                    else:\n                        message = value.get(\"message\", None)\n                except ValueError:\n                    pass\n    \n        exception_class: Type[WebDriverException]\n        e = ErrorCode()\n        error_codes = [item for item in dir(e) if not item.startswith(\"__\")]\n        for error_code in error_codes:\n            error_info = getattr(ErrorCode, error_code)\n            if isinstance(error_info, list) and status in error_info:\n                exception_class = getattr(ExceptionMapping, error_code, WebDriverException)\n                break\n        else:\n            exception_class = WebDriverException\n    \n        if not value:\n            value = response[\"value\"]\n        if isinstance(value, str):\n            raise exception_class(value)\n        if message == \"\" and \"message\" in value:\n            message = value[\"message\"]\n    \n        screen = None  # type: ignore[assignment]\n        if \"screen\" in value:\n            screen = value[\"screen\"]\n    \n        stacktrace = None\n        st_value = value.get(\"stackTrace\") or value.get(\"stacktrace\")\n        if st_value:\n            if isinstance(st_value, str):\n                stacktrace = st_value.split(\"\\n\")\n            else:\n                stacktrace = []\n                try:\n                    for frame in st_value:\n                        line = frame.get(\"lineNumber\", \"\")\n                        file = frame.get(\"fileName\", \"<anonymous>\")\n                        if line:\n                            file = f\"{file}:{line}\"\n                        meth = frame.get(\"methodName\", \"<anonymous>\")\n                        if \"className\" in frame:\n                            meth = f\"{frame['className']}.{meth}\"\n                        msg = \"    at %s (%s)\"\n                        msg = msg % (meth, file)\n                        stacktrace.append(msg)\n                except TypeError:\n                    pass\n        if exception_class == UnexpectedAlertPresentException:\n            alert_text = None\n            if \"data\" in value:\n                alert_text = value[\"data\"].get(\"text\")\n            elif \"alert\" in value:\n                alert_text = value[\"alert\"].get(\"text\")\n            raise exception_class(message, screen, stacktrace, alert_text)  # type: ignore[call-arg]  # mypy is not smart enough here\n>       raise exception_class(message, screen, stacktrace)\nE       selenium.common.exceptions.ElementClickInterceptedException: Message: element click intercepted: Element <button class=\"accountBtns_btn__vOcCs accountBtns_btnEmpty__TCWRE helpers_showLg__UPEqH js-analyticsClick js-analyticsVisible\" data-type=\"btn_header_login\" data-testid=\"login_btn\">...</button> is not clickable at point (1385, 121). Other element would receive the click: <div class=\"modal_overlay__f_YlZ modal_mobileBottomAttached__cTOIu\">...</div>\nE         (Session info: chrome=134.0.6998.88)\nE       Stacktrace:\nE       #0 0x558ddc67cffa <unknown>\nE       #1 0x558ddc13b970 <unknown>\nE       #2 0x558ddc1941ec <unknown>\nE       #3 0x558ddc192055 <unknown>\nE       #4 0x558ddc18f6f2 <unknown>\nE       #5 0x558ddc18e8ca <unknown>\nE       #6 0x558ddc1814cd <unknown>\nE       #7 0x558ddc1b3292 <unknown>\nE       #8 0x558ddc180e4a <unknown>\nE       #9 0x558ddc1b345e <unknown>\nE       #10 0x558ddc1d970c <unknown>\nE       #11 0x558ddc1b3063 <unknown>\nE       #12 0x558ddc17f328 <unknown>\nE       #13 0x558ddc180491 <unknown>\nE       #14 0x558ddc64442b <unknown>\nE       #15 0x558ddc6482ec <unknown>\nE       #16 0x558ddc62ba22 <unknown>\nE       #17 0x558ddc648e64 <unknown>\nE       #18 0x558ddc60fbef <unknown>\nE       #19 0x558ddc66b558 <unknown>\nE       #20 0x558ddc66b736 <unknown>\nE       #21 0x558ddc67be76 <unknown>\nE       #22 0x7fcff3a9caa4 <unknown>\nE       #23 0x7fcff3b29c3c <unknown>\n\n../../../.cache/pypoetry/virtualenvs/testcapitalcompyse-CcJ6hTD8-py3.12/lib/python3.12/site-packages/selenium/webdriver/remote/errorhandler.py:229: ElementClickInterceptedException\n\nDuring handling of the above exception, another exception occurred:\n\nself = <US_55-tassobaccato_ReTestsManual_test.TestManualDetectedBugs object at 0x7fb82bd58140>\nworker_id = 'master'\nd = <selenium.webdriver.chrome.webdriver.WebDriver (session=\"1362c1394e911cadf3cb1f400f066c62\")>\ncur_language = '', cur_country = 'ae', cur_role = 'NoAuth'\ncur_login = 'test001.miketar+1@gmail.com', cur_password = 'Qwer1234-!@#$'\n\n    @allure.step('Start retest manual AT_55!420 Menu item [Payments and withdrawals] in the footer')\n    @pytest.mark.parametrize('cur_language', [''])\n    @pytest.mark.parametrize('cur_country', ['ae', 'au'])\n    @pytest.mark.parametrize('cur_role', [\"NoReg\", \"Auth\", \"NoAuth\"])\n    @pytest.mark.bug_420\n    def test_420(self, worker_id, d, cur_language, cur_country, cur_role, cur_login, cur_password):\n        \"\"\"\n        Check: Main page > Menu items of the menu section [Pricing] in the \"Footer\"\n        Language: EN\n        License: SCA, ASIC\n        Author: Kasila\n        \"\"\"\n    \n        bid = build_dynamic_arg_for_us_55(\n            d, worker_id, cur_language, cur_country, cur_role,\n            \"55\", \"ReTests of Manual Detected Bugs\",\n            \"420\", 'Menu item [Payments and withdrawals] is missed in the footer when selected EN language'\n        )\n    \n>       link = apply_preconditions_to_link(d, cur_language, cur_country, cur_role, cur_login, cur_password)\n\ntests/US_55_ReTestsManual/tassobaccato/US_55-tassobaccato_ReTestsManual_test.py:632: \n_ _ _ _ _ _ _ _ _ _ _ _ _ _ _ _ _ _ _ _ _ _ _ _ _ _ _ _ _ _ _ _ _ _ _ _ _ _ _ _ \npages/conditions_v2.py:78: in apply_preconditions_to_link\n    return cond.preconditions(d, CapitalComPageSrc.URL_NEW, '', cur_language, cur_country, cur_role,\npages/conditions_v2.py:154: in preconditions\n    self.to_do_authorisation_new(d, host, cur_login, cur_password, cur_role)\n_ _ _ _ _ _ _ _ _ _ _ _ _ _ _ _ _ _ _ _ _ _ _ _ _ _ _ _ _ _ _ _ _ _ _ _ _ _ _ _ \n\nself = <pages.conditions_v2.NewConditions object at 0x7fb82ba24c50>\nd = <selenium.webdriver.chrome.webdriver.WebDriver (session=\"1362c1394e911cadf3cb1f400f066c62\")>\nlink = 'https://capital.com/en-gb', login = 'test001.miketar+1@gmail.com'\npassword = 'Qwer1234-!@#$', cur_role = 'NoAuth'\n\n    @allure.step(f\"{datetime.now()}   Start Authorization\")\n    # @profile(precision=3)\n    def to_do_authorisation_new(self, d, link, login, password, cur_role):\n        \"\"\"Authorization\"\"\"\n        print(f\"\\n\" f\"{datetime.now()}   Start Authorization\")\n    \n        # Setup wait for later\n        menu = MainMenu(d, link)\n        assert login != \"\", \"Авторизация невозможна. Не указан e-mail\"\n        assert password != \"\", \"Авторизация невозможна. Не указан пароль\"\n    \n        # нажать в хедере на кнопку \"Log in\"\n        try:\n            menu.element_is_clickable(menu.MENU_LOGIN).click()\n        except:\n>           pytest.fail(\"Bug! 'Login' button is not clicked\")\nE           Failed: Bug! 'Login' button is not clicked\n\npages/conditions_v2.py:239: Failed","steps":[{"name":"Start retest manual AT_55!420 Menu item [Payments and withdrawals] in the footer","time":{"start":1742689739204,"stop":1742689745203,"duration":5999},"status":"failed","statusMessage":"Failed: Bug! 'Login' button is not clicked\n","statusTrace":"  File \"/home/runner/.cache/pypoetry/virtualenvs/testcapitalcompyse-CcJ6hTD8-py3.12/lib/python3.12/site-packages/allure_commons/_allure.py\", line 192, in impl\n    return func(*a, **kw)\n           ^^^^^^^^^^^^^^\n  File \"/home/runner/work/TestCapitalComPySe/TestCapitalComPySe/tests/US_55_ReTestsManual/tassobaccato/US_55-tassobaccato_ReTestsManual_test.py\", line 632, in test_420\n    link = apply_preconditions_to_link(d, cur_language, cur_country, cur_role, cur_login, cur_password)\n           ^^^^^^^^^^^^^^^^^^^^^^^^^^^^^^^^^^^^^^^^^^^^^^^^^^^^^^^^^^^^^^^^^^^^^^^^^^^^^^^^^^^^^^^^^^^^\n  File \"/home/runner/work/TestCapitalComPySe/TestCapitalComPySe/pages/conditions_v2.py\", line 78, in apply_preconditions_to_link\n    return cond.preconditions(d, CapitalComPageSrc.URL_NEW, '', cur_language, cur_country, cur_role,\n           ^^^^^^^^^^^^^^^^^^^^^^^^^^^^^^^^^^^^^^^^^^^^^^^^^^^^^^^^^^^^^^^^^^^^^^^^^^^^^^^^^^^^^^^^^\n  File \"/home/runner/.cache/pypoetry/virtualenvs/testcapitalcompyse-CcJ6hTD8-py3.12/lib/python3.12/site-packages/allure_commons/_allure.py\", line 192, in impl\n    return func(*a, **kw)\n           ^^^^^^^^^^^^^^\n  File \"/home/runner/work/TestCapitalComPySe/TestCapitalComPySe/pages/conditions_v2.py\", line 154, in preconditions\n    self.to_do_authorisation_new(d, host, cur_login, cur_password, cur_role)\n  File \"/home/runner/.cache/pypoetry/virtualenvs/testcapitalcompyse-CcJ6hTD8-py3.12/lib/python3.12/site-packages/allure_commons/_allure.py\", line 192, in impl\n    return func(*a, **kw)\n           ^^^^^^^^^^^^^^\n  File \"/home/runner/work/TestCapitalComPySe/TestCapitalComPySe/pages/conditions_v2.py\", line 239, in to_do_authorisation_new\n    pytest.fail(\"Bug! 'Login' button is not clicked\")\n  File \"/home/runner/.cache/pypoetry/virtualenvs/testcapitalcompyse-CcJ6hTD8-py3.12/lib/python3.12/site-packages/_pytest/outcomes.py\", line 178, in fail\n    raise Failed(msg=reason, pytrace=pytrace)\n","steps":[{"name":"Build dynamic argument for TCs of US_55","time":{"start":1742689739204,"stop":1742689739206,"duration":2},"status":"passed","steps":[],"attachments":[],"parameters":[{"name":"d","value":"<selenium.webdriver.chrome.webdriver.WebDriver (session=\"1362c1394e911cadf3cb1f400f066c62\")>"},{"name":"worker_id","value":"'master'"},{"name":"cur_language","value":"''"},{"name":"cur_country","value":"'ae'"},{"name":"cur_role","value":"'NoAuth'"},{"name":"us","value":"'55'"},{"name":"desc_us","value":"'ReTests of Manual Detected Bugs'"},{"name":"num_tc","value":"'420'"},{"name":"desc_tc","value":"'Menu item [Payments and withdrawals] is missed in the footer when selected EN language'"},{"name":"manual","value":"False"},{"name":"new_layout","value":"False"}],"shouldDisplayMessage":false,"stepsCount":0,"attachmentsCount":0,"hasContent":true,"attachmentStep":false},{"name":"   Set New preconditions","time":{"start":1742689739206,"stop":1742689745202,"duration":5996},"status":"failed","statusMessage":"Failed: Bug! 'Login' button is not clicked\n","statusTrace":"  File \"/home/runner/.cache/pypoetry/virtualenvs/testcapitalcompyse-CcJ6hTD8-py3.12/lib/python3.12/site-packages/allure_commons/_allure.py\", line 192, in impl\n    return func(*a, **kw)\n           ^^^^^^^^^^^^^^\n  File \"/home/runner/work/TestCapitalComPySe/TestCapitalComPySe/pages/conditions_v2.py\", line 154, in preconditions\n    self.to_do_authorisation_new(d, host, cur_login, cur_password, cur_role)\n  File \"/home/runner/.cache/pypoetry/virtualenvs/testcapitalcompyse-CcJ6hTD8-py3.12/lib/python3.12/site-packages/allure_commons/_allure.py\", line 192, in impl\n    return func(*a, **kw)\n           ^^^^^^^^^^^^^^\n  File \"/home/runner/work/TestCapitalComPySe/TestCapitalComPySe/pages/conditions_v2.py\", line 239, in to_do_authorisation_new\n    pytest.fail(\"Bug! 'Login' button is not clicked\")\n  File \"/home/runner/.cache/pypoetry/virtualenvs/testcapitalcompyse-CcJ6hTD8-py3.12/lib/python3.12/site-packages/_pytest/outcomes.py\", line 178, in fail\n    raise Failed(msg=reason, pytrace=pytrace)\n","steps":[{"name":"2025-03-23 00:11:25.514098   Start Authorization","time":{"start":1742689744133,"stop":1742689745202,"duration":1069},"status":"failed","statusMessage":"Failed: Bug! 'Login' button is not clicked\n","statusTrace":"  File \"/home/runner/.cache/pypoetry/virtualenvs/testcapitalcompyse-CcJ6hTD8-py3.12/lib/python3.12/site-packages/allure_commons/_allure.py\", line 192, in impl\n    return func(*a, **kw)\n           ^^^^^^^^^^^^^^\n  File \"/home/runner/work/TestCapitalComPySe/TestCapitalComPySe/pages/conditions_v2.py\", line 239, in to_do_authorisation_new\n    pytest.fail(\"Bug! 'Login' button is not clicked\")\n  File \"/home/runner/.cache/pypoetry/virtualenvs/testcapitalcompyse-CcJ6hTD8-py3.12/lib/python3.12/site-packages/_pytest/outcomes.py\", line 178, in fail\n    raise Failed(msg=reason, pytrace=pytrace)\n","steps":[],"attachments":[],"parameters":[{"name":"d","value":"<selenium.webdriver.chrome.webdriver.WebDriver (session=\"1362c1394e911cadf3cb1f400f066c62\")>"},{"name":"link","value":"'https://capital.com/en-gb'"},{"name":"login","value":"'test001.miketar+1@gmail.com'"},{"name":"password","value":"'Qwer1234-!@#$'"},{"name":"cur_role","value":"'NoAuth'"}],"shouldDisplayMessage":true,"stepsCount":0,"attachmentsCount":0,"hasContent":true,"attachmentStep":false}],"attachments":[],"parameters":[{"name":"d","value":"<selenium.webdriver.chrome.webdriver.WebDriver (session=\"1362c1394e911cadf3cb1f400f066c62\")>"},{"name":"host","value":"'https://capital.com/en-gb'"},{"name":"end_point","value":"''"},{"name":"cur_language","value":"''"},{"name":"cur_country","value":"'ae'"},{"name":"cur_role","value":"'NoAuth'"},{"name":"cur_login","value":"'test001.miketar+1@gmail.com'"},{"name":"cur_password","value":"'Qwer1234-!@#$'"}],"shouldDisplayMessage":false,"stepsCount":1,"attachmentsCount":0,"hasContent":true,"attachmentStep":false}],"attachments":[],"parameters":[{"name":"worker_id","value":"'master'"},{"name":"d","value":"<selenium.webdriver.chrome.webdriver.WebDriver (session=\"1362c1394e911cadf3cb1f400f066c62\")>"},{"name":"cur_language","value":"''"},{"name":"cur_country","value":"'ae'"},{"name":"cur_role","value":"'NoAuth'"},{"name":"cur_login","value":"'test001.miketar+1@gmail.com'"},{"name":"cur_password","value":"'Qwer1234-!@#$'"}],"shouldDisplayMessage":false,"stepsCount":3,"attachmentsCount":0,"hasContent":true,"attachmentStep":false}],"attachments":[{"uid":"4073fd1b52590d00","name":"Screenshot","source":"4073fd1b52590d00.png","type":"image/png","size":611094},{"uid":"cf3176c8d0c8d9e0","name":"stdout","source":"cf3176c8d0c8d9e0.txt","type":"text/plain","size":1962}],"parameters":[],"shouldDisplayMessage":true,"stepsCount":4,"attachmentsCount":2,"hasContent":true,"attachmentStep":false},"afterStages":[{"name":"d::0","time":{"start":1742690345382,"stop":1742690345691,"duration":309},"status":"passed","steps":[],"attachments":[],"parameters":[],"shouldDisplayMessage":false,"stepsCount":0,"attachmentsCount":0,"hasContent":false,"attachmentStep":false}],"labels":[{"name":"epic","value":"TC_55!420 | Menu item [Payments and withdrawals] is missed in the footer when selected EN language"},{"name":"feature","value":"Role: NoAuth"},{"name":"story","value":"Country: ae"},{"name":"tag","value":"bug_420"},{"name":"tag","value":"us_55"},{"name":"parentSuite","value":"tests.US_55_ReTestsManual.tassobaccato"},{"name":"suite","value":"US_55-tassobaccato_ReTestsManual_test"},{"name":"subSuite","value":"TestManualDetectedBugs"},{"name":"host","value":"fv-az1335-371"},{"name":"thread","value":"34348-MainThread"},{"name":"framework","value":"pytest"},{"name":"language","value":"cpython3"},{"name":"package","value":"tests.US_55_ReTestsManual.tassobaccato.US_55-tassobaccato_ReTestsManual_test"},{"name":"resultFormat","value":"allure2"}],"parameters":[{"name":"cur_country","value":"'ae'"},{"name":"cur_language","value":"''"},{"name":"cur_login","value":"'test001.miketar+1@gmail.com'"},{"name":"cur_password","value":"'Qwer1234-!@#$'"},{"name":"cur_role","value":"'NoAuth'"},{"name":"d","value":"'Chrome'"}],"links":[],"hidden":false,"retry":false,"extra":{"severity":"normal","retries":[],"categories":[{"name":"Product defects","matchedStatuses":[],"flaky":false}],"history":{"statistic":{"failed":15,"broken":0,"skipped":0,"passed":0,"unknown":0,"total":15},"items":[{"uid":"ab877781444a2ea0","reportUrl":"https://AlexTomAQA.github.io/TestCapitalComPySe/355//#testresult/ab877781444a2ea0","status":"failed","statusDetails":"Failed: Bug! 'Login' button is not clicked","time":{"start":1742603376075,"stop":1742603382150,"duration":6075}},{"uid":"fa7043a25104f0ee","reportUrl":"https://AlexTomAQA.github.io/TestCapitalComPySe/354//#testresult/fa7043a25104f0ee","status":"failed","statusDetails":"Failed: Bug! 'Login' button is not clicked","time":{"start":1742515953687,"stop":1742515959753,"duration":6066}},{"uid":"52b0881f3cfb378e","reportUrl":"https://AlexTomAQA.github.io/TestCapitalComPySe/353//#testresult/52b0881f3cfb378e","status":"failed","statusDetails":"Failed: Bug! 'Login' button is not clicked","time":{"start":1742429594430,"stop":1742429600348,"duration":5918}},{"uid":"3b094a696196e9fd","reportUrl":"https://AlexTomAQA.github.io/TestCapitalComPySe/352//#testresult/3b094a696196e9fd","status":"failed","statusDetails":"Failed: Bug! 'Login' button is not clicked","time":{"start":1742342706114,"stop":1742342712205,"duration":6091}},{"uid":"356377388b4e356f","reportUrl":"https://AlexTomAQA.github.io/TestCapitalComPySe/351//#testresult/356377388b4e356f","status":"failed","statusDetails":"Failed: Bug! 'Login' button is not clicked","time":{"start":1742257858863,"stop":1742257864713,"duration":5850}},{"uid":"4b9228c6052327c3","reportUrl":"https://AlexTomAQA.github.io/TestCapitalComPySe/350//#testresult/4b9228c6052327c3","status":"failed","statusDetails":"Failed: Bug! 'Login' button is not clicked","time":{"start":1742171242580,"stop":1742171248416,"duration":5836}},{"uid":"4c745f4ecfb8777a","reportUrl":"https://AlexTomAQA.github.io/TestCapitalComPySe/349//#testresult/4c745f4ecfb8777a","status":"failed","statusDetails":"Failed: Bug! 'Login' button is not clicked","time":{"start":1742085164806,"stop":1742085170739,"duration":5933}},{"uid":"1a4330ac2d634627","reportUrl":"https://AlexTomAQA.github.io/TestCapitalComPySe/348//#testresult/1a4330ac2d634627","status":"failed","statusDetails":"Failed: Bug! 'Login' button is not clicked","time":{"start":1741997696725,"stop":1741997702544,"duration":5819}},{"uid":"458b1b94184a271c","reportUrl":"https://AlexTomAQA.github.io/TestCapitalComPySe/347//#testresult/458b1b94184a271c","status":"failed","statusDetails":"Failed: # Bug 55!420\nExpected result: Menu item [Payments and withdrawals] is in the footer\nActual result: Menu item [Payments and withdrawals] is missed in the footer","time":{"start":1741916221372,"stop":1741916240271,"duration":18899}},{"uid":"eb86d4d4dd410c20","reportUrl":"https://AlexTomAQA.github.io/TestCapitalComPySe/346//#testresult/eb86d4d4dd410c20","status":"failed","statusDetails":"Failed: # Bug 55!420\nExpected result: Menu item [Payments and withdrawals] is in the footer\nActual result: Menu item [Payments and withdrawals] is missed in the footer","time":{"start":1741829120817,"stop":1741829139720,"duration":18903}},{"uid":"6e53c78a43a313ea","reportUrl":"https://AlexTomAQA.github.io/TestCapitalComPySe/345//#testresult/6e53c78a43a313ea","status":"failed","statusDetails":"Failed: # Bug 55!420\nExpected result: Menu item [Payments and withdrawals] is in the footer\nActual result: Menu item [Payments and withdrawals] is missed in the footer","time":{"start":1741749289001,"stop":1741749308970,"duration":19969}},{"uid":"6e9a85b94e387ad9","reportUrl":"https://AlexTomAQA.github.io/TestCapitalComPySe/344//#testresult/6e9a85b94e387ad9","status":"failed","statusDetails":"Failed: # Bug 55!420\nExpected result: Menu item [Payments and withdrawals] is in the footer\nActual result: Menu item [Payments and withdrawals] is missed in the footer","time":{"start":1741663195330,"stop":1741663215568,"duration":20238}},{"uid":"c35426bef3a7e7cc","reportUrl":"https://AlexTomAQA.github.io/TestCapitalComPySe/343//#testresult/c35426bef3a7e7cc","status":"failed","statusDetails":"Failed: # Bug 55!420\nExpected result: Menu item [Payments and withdrawals] is in the footer\nActual result: Menu item [Payments and withdrawals] is missed in the footer","time":{"start":1741570024247,"stop":1741570043691,"duration":19444}},{"uid":"4dc624978b422c2e","reportUrl":"https://AlexTomAQA.github.io/TestCapitalComPySe/342//#testresult/4dc624978b422c2e","status":"failed","statusDetails":"Failed: # Bug 55!420\nExpected result: Menu item [Payments and withdrawals] is in the footer\nActual result: Menu item [Payments and withdrawals] is missed in the footer","time":{"start":1741483097027,"stop":1741483115757,"duration":18730}}]},"tags":["bug_420","us_55"]},"source":"1cc0532564298cc3.json","parameterValues":["'ae'","''","'test001.miketar+1@gmail.com'","'Qwer1234-!@#$'","'NoAuth'","'Chrome'"]}