2025-01-19 22:54:52 ERROR Elements not present after 0.5 seconds on page: https://capital.com/market-analysis
2025-01-19 22:54:52 ERROR Can't click element by locator ('xpath', "//a [@class='main-article-item__thumb'][8]")
Traceback (most recent call last):
  File "/home/runner/work/TestCapitalComPySe/TestCapitalComPySe/pages/base_page.py", line 86, in inner_function
    return func(*args, **kwargs)
           ^^^^^^^^^^^^^^^^^^^^^
  File "/home/runner/work/TestCapitalComPySe/TestCapitalComPySe/pages/base_page.py", line 387, in element_is_clickable
    return Wait(self.driver, timeout).until(
           ^^^^^^^^^^^^^^^^^^^^^^^^^^^^^^^^^
  File "/home/runner/.cache/pypoetry/virtualenvs/testcapitalcompyse-CcJ6hTD8-py3.12/lib/python3.12/site-packages/selenium/webdriver/support/wait.py", line 105, in until
    raise TimeoutException(message, screen, stacktrace)
selenium.common.exceptions.TimeoutException: Message: Can't click element by locator ('xpath', "//a [@class='main-article-item__thumb'][8]")
Stacktrace:
#0 0x55bac96771fa <unknown>
#1 0x55bac9187810 <unknown>
#2 0x55bac91d6506 <unknown>
#3 0x55bac91d67a1 <unknown>
#4 0x55bac921bc24 <unknown>
#5 0x55bac91fa5ad <unknown>
#6 0x55bac9219007 <unknown>
#7 0x55bac91fa323 <unknown>
#8 0x55bac91c8de0 <unknown>
#9 0x55bac91c9dbe <unknown>
#10 0x55bac964312b <unknown>
#11 0x55bac96470c7 <unknown>
#12 0x55bac96306cc <unknown>
#13 0x55bac9647c47 <unknown>
#14 0x55bac961567f <unknown>
#15 0x55bac9666288 <unknown>
#16 0x55bac9666450 <unknown>
#17 0x55bac9676076 <unknown>
#18 0x7f511069ca94 <unknown>
#19 0x7f5110729c3c <unknown>

2025-01-19 22:55:11 ERROR Elements not present after 0.5 seconds on page: https://capital.com/market-analysis
2025-01-19 22:55:11 ERROR Can't click element by locator ('xpath', "//a [@class='main-article-item__thumb'][11]")
Traceback (most recent call last):
  File "/home/runner/work/TestCapitalComPySe/TestCapitalComPySe/pages/base_page.py", line 86, in inner_function
    return func(*args, **kwargs)
           ^^^^^^^^^^^^^^^^^^^^^
  File "/home/runner/work/TestCapitalComPySe/TestCapitalComPySe/pages/base_page.py", line 387, in element_is_clickable
    return Wait(self.driver, timeout).until(
           ^^^^^^^^^^^^^^^^^^^^^^^^^^^^^^^^^
  File "/home/runner/.cache/pypoetry/virtualenvs/testcapitalcompyse-CcJ6hTD8-py3.12/lib/python3.12/site-packages/selenium/webdriver/support/wait.py", line 105, in until
    raise TimeoutException(message, screen, stacktrace)
selenium.common.exceptions.TimeoutException: Message: Can't click element by locator ('xpath', "//a [@class='main-article-item__thumb'][11]")
Stacktrace:
#0 0x55bac96771fa <unknown>
#1 0x55bac9187810 <unknown>
#2 0x55bac91d6506 <unknown>
#3 0x55bac91d67a1 <unknown>
#4 0x55bac921bc24 <unknown>
#5 0x55bac91fa5ad <unknown>
#6 0x55bac9219007 <unknown>
#7 0x55bac91fa323 <unknown>
#8 0x55bac91c8de0 <unknown>
#9 0x55bac91c9dbe <unknown>
#10 0x55bac964312b <unknown>
#11 0x55bac96470c7 <unknown>
#12 0x55bac96306cc <unknown>
#13 0x55bac9647c47 <unknown>
#14 0x55bac961567f <unknown>
#15 0x55bac9666288 <unknown>
#16 0x55bac9666450 <unknown>
#17 0x55bac9676076 <unknown>
#18 0x7f511069ca94 <unknown>
#19 0x7f5110729c3c <unknown>

2025-01-19 22:55:37 ERROR Elements not present after 0.5 seconds on page: https://capital.com/market-analysis
2025-01-19 22:55:37 ERROR Can't click element by locator ('xpath', "//a [@class='main-article-item__thumb'][10]")
Traceback (most recent call last):
  File "/home/runner/work/TestCapitalComPySe/TestCapitalComPySe/pages/base_page.py", line 86, in inner_function
    return func(*args, **kwargs)
           ^^^^^^^^^^^^^^^^^^^^^
  File "/home/runner/work/TestCapitalComPySe/TestCapitalComPySe/pages/base_page.py", line 387, in element_is_clickable
    return Wait(self.driver, timeout).until(
           ^^^^^^^^^^^^^^^^^^^^^^^^^^^^^^^^^
  File "/home/runner/.cache/pypoetry/virtualenvs/testcapitalcompyse-CcJ6hTD8-py3.12/lib/python3.12/site-packages/selenium/webdriver/support/wait.py", line 105, in until
    raise TimeoutException(message, screen, stacktrace)
selenium.common.exceptions.TimeoutException: Message: Can't click element by locator ('xpath', "//a [@class='main-article-item__thumb'][10]")
Stacktrace:
#0 0x55bac96771fa <unknown>
#1 0x55bac9187810 <unknown>
#2 0x55bac91d6506 <unknown>
#3 0x55bac91d67a1 <unknown>
#4 0x55bac921bc24 <unknown>
#5 0x55bac91fa5ad <unknown>
#6 0x55bac9219007 <unknown>
#7 0x55bac91fa323 <unknown>
#8 0x55bac91c8de0 <unknown>
#9 0x55bac91c9dbe <unknown>
#10 0x55bac964312b <unknown>
#11 0x55bac96470c7 <unknown>
#12 0x55bac96306cc <unknown>
#13 0x55bac9647c47 <unknown>
#14 0x55bac961567f <unknown>
#15 0x55bac9666288 <unknown>
#16 0x55bac9666450 <unknown>
#17 0x55bac9676076 <unknown>
#18 0x7f511069ca94 <unknown>
#19 0x7f5110729c3c <unknown>

2025-01-19 22:55:51 ERROR Elements not present after 0.5 seconds on page: https://capital.com/market-analysis
2025-01-19 22:55:51 ERROR Can't click element by locator ('xpath', "//a [@class='main-article-item__thumb'][14]")
Traceback (most recent call last):
  File "/home/runner/work/TestCapitalComPySe/TestCapitalComPySe/pages/base_page.py", line 86, in inner_function
    return func(*args, **kwargs)
           ^^^^^^^^^^^^^^^^^^^^^
  File "/home/runner/work/TestCapitalComPySe/TestCapitalComPySe/pages/base_page.py", line 387, in element_is_clickable
    return Wait(self.driver, timeout).until(
           ^^^^^^^^^^^^^^^^^^^^^^^^^^^^^^^^^
  File "/home/runner/.cache/pypoetry/virtualenvs/testcapitalcompyse-CcJ6hTD8-py3.12/lib/python3.12/site-packages/selenium/webdriver/support/wait.py", line 105, in until
    raise TimeoutException(message, screen, stacktrace)
selenium.common.exceptions.TimeoutException: Message: Can't click element by locator ('xpath', "//a [@class='main-article-item__thumb'][14]")
Stacktrace:
#0 0x55bac96771fa <unknown>
#1 0x55bac9187810 <unknown>
#2 0x55bac91d6506 <unknown>
#3 0x55bac91d67a1 <unknown>
#4 0x55bac921bc24 <unknown>
#5 0x55bac91fa5ad <unknown>
#6 0x55bac9219007 <unknown>
#7 0x55bac91fa323 <unknown>
#8 0x55bac91c8de0 <unknown>
#9 0x55bac91c9dbe <unknown>
#10 0x55bac964312b <unknown>
#11 0x55bac96470c7 <unknown>
#12 0x55bac96306cc <unknown>
#13 0x55bac9647c47 <unknown>
#14 0x55bac961567f <unknown>
#15 0x55bac9666288 <unknown>
#16 0x55bac9666450 <unknown>
#17 0x55bac9676076 <unknown>
#18 0x7f511069ca94 <unknown>
#19 0x7f5110729c3c <unknown>

2025-01-19 22:56:09 ERROR Elements not present after 0.5 seconds on page: https://capital.com/market-analysis
2025-01-19 22:56:09 ERROR Can't click element by locator ('xpath', "//a [@class='main-article-item__thumb'][0]")
Traceback (most recent call last):
  File "/home/runner/work/TestCapitalComPySe/TestCapitalComPySe/pages/base_page.py", line 86, in inner_function
    return func(*args, **kwargs)
           ^^^^^^^^^^^^^^^^^^^^^
  File "/home/runner/work/TestCapitalComPySe/TestCapitalComPySe/pages/base_page.py", line 387, in element_is_clickable
    return Wait(self.driver, timeout).until(
           ^^^^^^^^^^^^^^^^^^^^^^^^^^^^^^^^^
  File "/home/runner/.cache/pypoetry/virtualenvs/testcapitalcompyse-CcJ6hTD8-py3.12/lib/python3.12/site-packages/selenium/webdriver/support/wait.py", line 105, in until
    raise TimeoutException(message, screen, stacktrace)
selenium.common.exceptions.TimeoutException: Message: Can't click element by locator ('xpath', "//a [@class='main-article-item__thumb'][0]")
Stacktrace:
#0 0x55bac96771fa <unknown>
#1 0x55bac9187810 <unknown>
#2 0x55bac91d6506 <unknown>
#3 0x55bac91d67a1 <unknown>
#4 0x55bac921bc24 <unknown>
#5 0x55bac91fa5ad <unknown>
#6 0x55bac9219007 <unknown>
#7 0x55bac91fa323 <unknown>
#8 0x55bac91c8de0 <unknown>
#9 0x55bac91c9dbe <unknown>
#10 0x55bac964312b <unknown>
#11 0x55bac96470c7 <unknown>
#12 0x55bac96306cc <unknown>
#13 0x55bac9647c47 <unknown>
#14 0x55bac961567f <unknown>
#15 0x55bac9666288 <unknown>
#16 0x55bac9666450 <unknown>
#17 0x55bac9676076 <unknown>
#18 0x7f511069ca94 <unknown>
#19 0x7f5110729c3c <unknown>

2025-01-19 22:56:27 ERROR Elements not present after 0.5 seconds on page: https://capital.com/market-analysis
2025-01-19 22:56:27 ERROR Can't click element by locator ('xpath', "//a [@class='main-article-item__thumb'][9]")
Traceback (most recent call last):
  File "/home/runner/work/TestCapitalComPySe/TestCapitalComPySe/pages/base_page.py", line 86, in inner_function
    return func(*args, **kwargs)
           ^^^^^^^^^^^^^^^^^^^^^
  File "/home/runner/work/TestCapitalComPySe/TestCapitalComPySe/pages/base_page.py", line 387, in element_is_clickable
    return Wait(self.driver, timeout).until(
           ^^^^^^^^^^^^^^^^^^^^^^^^^^^^^^^^^
  File "/home/runner/.cache/pypoetry/virtualenvs/testcapitalcompyse-CcJ6hTD8-py3.12/lib/python3.12/site-packages/selenium/webdriver/support/wait.py", line 105, in until
    raise TimeoutException(message, screen, stacktrace)
selenium.common.exceptions.TimeoutException: Message: Can't click element by locator ('xpath', "//a [@class='main-article-item__thumb'][9]")
Stacktrace:
#0 0x55bac96771fa <unknown>
#1 0x55bac9187810 <unknown>
#2 0x55bac91d6506 <unknown>
#3 0x55bac91d67a1 <unknown>
#4 0x55bac921bc24 <unknown>
#5 0x55bac91fa5ad <unknown>
#6 0x55bac9219007 <unknown>
#7 0x55bac91fa323 <unknown>
#8 0x55bac91c8de0 <unknown>
#9 0x55bac91c9dbe <unknown>
#10 0x55bac964312b <unknown>
#11 0x55bac96470c7 <unknown>
#12 0x55bac96306cc <unknown>
#13 0x55bac9647c47 <unknown>
#14 0x55bac961567f <unknown>
#15 0x55bac9666288 <unknown>
#16 0x55bac9666450 <unknown>
#17 0x55bac9676076 <unknown>
#18 0x7f511069ca94 <unknown>
#19 0x7f5110729c3c <unknown>

2025-01-19 22:56:46 ERROR Elements not present after 0.5 seconds on page: https://capital.com/market-analysis
2025-01-19 22:56:46 ERROR Can't click element by locator ('xpath', "//a [@class='main-article-item__thumb'][5]")
Traceback (most recent call last):
  File "/home/runner/work/TestCapitalComPySe/TestCapitalComPySe/pages/base_page.py", line 86, in inner_function
    return func(*args, **kwargs)
           ^^^^^^^^^^^^^^^^^^^^^
  File "/home/runner/work/TestCapitalComPySe/TestCapitalComPySe/pages/base_page.py", line 387, in element_is_clickable
    return Wait(self.driver, timeout).until(
           ^^^^^^^^^^^^^^^^^^^^^^^^^^^^^^^^^
  File "/home/runner/.cache/pypoetry/virtualenvs/testcapitalcompyse-CcJ6hTD8-py3.12/lib/python3.12/site-packages/selenium/webdriver/support/wait.py", line 105, in until
    raise TimeoutException(message, screen, stacktrace)
selenium.common.exceptions.TimeoutException: Message: Can't click element by locator ('xpath', "//a [@class='main-article-item__thumb'][5]")
Stacktrace:
#0 0x55bac96771fa <unknown>
#1 0x55bac9187810 <unknown>
#2 0x55bac91d6506 <unknown>
#3 0x55bac91d67a1 <unknown>
#4 0x55bac921bc24 <unknown>
#5 0x55bac91fa5ad <unknown>
#6 0x55bac9219007 <unknown>
#7 0x55bac91fa323 <unknown>
#8 0x55bac91c8de0 <unknown>
#9 0x55bac91c9dbe <unknown>
#10 0x55bac964312b <unknown>
#11 0x55bac96470c7 <unknown>
#12 0x55bac96306cc <unknown>
#13 0x55bac9647c47 <unknown>
#14 0x55bac961567f <unknown>
#15 0x55bac9666288 <unknown>
#16 0x55bac9666450 <unknown>
#17 0x55bac9676076 <unknown>
#18 0x7f511069ca94 <unknown>
#19 0x7f5110729c3c <unknown>

2025-01-19 22:57:05 ERROR Elements not present after 0.5 seconds on page: https://capital.com/market-analysis
2025-01-19 22:57:05 ERROR Can't click element by locator ('xpath', "//a [@class='main-article-item__thumb'][2]")
Traceback (most recent call last):
  File "/home/runner/work/TestCapitalComPySe/TestCapitalComPySe/pages/base_page.py", line 86, in inner_function
    return func(*args, **kwargs)
           ^^^^^^^^^^^^^^^^^^^^^
  File "/home/runner/work/TestCapitalComPySe/TestCapitalComPySe/pages/base_page.py", line 387, in element_is_clickable
    return Wait(self.driver, timeout).until(
           ^^^^^^^^^^^^^^^^^^^^^^^^^^^^^^^^^
  File "/home/runner/.cache/pypoetry/virtualenvs/testcapitalcompyse-CcJ6hTD8-py3.12/lib/python3.12/site-packages/selenium/webdriver/support/wait.py", line 105, in until
    raise TimeoutException(message, screen, stacktrace)
selenium.common.exceptions.TimeoutException: Message: Can't click element by locator ('xpath', "//a [@class='main-article-item__thumb'][2]")
Stacktrace:
#0 0x55bac96771fa <unknown>
#1 0x55bac9187810 <unknown>
#2 0x55bac91d6506 <unknown>
#3 0x55bac91d67a1 <unknown>
#4 0x55bac921bc24 <unknown>
#5 0x55bac91fa5ad <unknown>
#6 0x55bac9219007 <unknown>
#7 0x55bac91fa323 <unknown>
#8 0x55bac91c8de0 <unknown>
#9 0x55bac91c9dbe <unknown>
#10 0x55bac964312b <unknown>
#11 0x55bac96470c7 <unknown>
#12 0x55bac96306cc <unknown>
#13 0x55bac9647c47 <unknown>
#14 0x55bac961567f <unknown>
#15 0x55bac9666288 <unknown>
#16 0x55bac9666450 <unknown>
#17 0x55bac9676076 <unknown>
#18 0x7f511069ca94 <unknown>
#19 0x7f5110729c3c <unknown>

2025-01-19 22:57:07 ERROR Elements not present after 0.5 seconds on page: https://capital.com/rba-meeting-preview-no-change-to-policy-expected-markets-look-for-fresh-guidance
2025-01-19 22:57:07 ERROR 
Traceback (most recent call last):
  File "/home/runner/work/TestCapitalComPySe/TestCapitalComPySe/pages/base_page.py", line 86, in inner_function
    return func(*args, **kwargs)
           ^^^^^^^^^^^^^^^^^^^^^
  File "/home/runner/work/TestCapitalComPySe/TestCapitalComPySe/pages/base_page.py", line 306, in element_is_visible
    return Wait(self.driver, timeout).until(
           ^^^^^^^^^^^^^^^^^^^^^^^^^^^^^^^^^
  File "/home/runner/.cache/pypoetry/virtualenvs/testcapitalcompyse-CcJ6hTD8-py3.12/lib/python3.12/site-packages/selenium/webdriver/support/wait.py", line 105, in until
    raise TimeoutException(message, screen, stacktrace)
selenium.common.exceptions.TimeoutException: Message: