2024-02-16 01:08:06 ERROR Elements not present after 0.5 seconds on page: https://capital.com/
2024-02-16 01:08:06 ERROR Can't see element by locator ('css selector', "iframe[title='reCAPTCHA']")
Traceback (most recent call last):
  File "/home/runner/work/TestCapitalComPySe/TestCapitalComPySe/pages/base_page.py", line 84, in inner_function
    return func(*args, **kwargs)
           ^^^^^^^^^^^^^^^^^^^^^
  File "/home/runner/work/TestCapitalComPySe/TestCapitalComPySe/pages/base_page.py", line 517, in is_captcha
    if self.elements_are_visible(Captcha.CAPTCHA_IFRAME):
       ^^^^^^^^^^^^^^^^^^^^^^^^^^^^^^^^^^^^^^^^^^^^^^^^^
  File "/home/runner/work/TestCapitalComPySe/TestCapitalComPySe/pages/base_page.py", line 637, in elements_are_visible
    return Wait(self.driver, timeout).until(EC.visibility_of_any_elements_located(locator),
           ^^^^^^^^^^^^^^^^^^^^^^^^^^^^^^^^^^^^^^^^^^^^^^^^^^^^^^^^^^^^^^^^^^^^^^^^^^^^^^^^
  File "/home/runner/.cache/pypoetry/virtualenvs/testcapitalcompyse-CcJ6hTD8-py3.12/lib/python3.12/site-packages/selenium/webdriver/support/wait.py", line 105, in until
    raise TimeoutException(message, screen, stacktrace)
selenium.common.exceptions.TimeoutException: Message: Can't see element by locator ('css selector', "iframe[title='reCAPTCHA']")

2024-02-16 01:08:19 ERROR Elements not present after 0.5 seconds on page: https://capital.com/fr/investmate
2024-02-16 01:08:19 ERROR 
Traceback (most recent call last):
  File "/home/runner/work/TestCapitalComPySe/TestCapitalComPySe/pages/base_page.py", line 84, in inner_function
    return func(*args, **kwargs)
           ^^^^^^^^^^^^^^^^^^^^^
  File "/home/runner/work/TestCapitalComPySe/TestCapitalComPySe/pages/base_page.py", line 301, in element_is_visible
    return Wait(self.driver, timeout).until(
           ^^^^^^^^^^^^^^^^^^^^^^^^^^^^^^^^^
  File "/home/runner/.cache/pypoetry/virtualenvs/testcapitalcompyse-CcJ6hTD8-py3.12/lib/python3.12/site-packages/selenium/webdriver/support/wait.py", line 105, in until
    raise TimeoutException(message, screen, stacktrace)
selenium.common.exceptions.TimeoutException: Message: 
Stacktrace:
#0 0x55ee86af0d93 <unknown>
#1 0x55ee867d4337 <unknown>
#2 0x55ee8681fd60 <unknown>
#3 0x55ee8681fe51 <unknown>
#4 0x55ee86863bc4 <unknown>
#5 0x55ee8684246d <unknown>
#6 0x55ee8686112d <unknown>
#7 0x55ee868421e3 <unknown>
#8 0x55ee86812135 <unknown>
#9 0x55ee8681313e <unknown>
#10 0x55ee86ab4e4b <unknown>
#11 0x55ee86ab8dfa <unknown>
#12 0x55ee86aa16d5 <unknown>
#13 0x55ee86ab9a6f <unknown>
#14 0x55ee86a8569f <unknown>
#15 0x55ee86ade098 <unknown>
#16 0x55ee86ade262 <unknown>
#17 0x55ee86aeff34 <unknown>
#18 0x7fb4b6494ac3 <unknown>

2024-02-16 01:08:20 ERROR Elements not present after 0.5 seconds on page: https://capital.com/fr/investmate
2024-02-16 01:08:20 ERROR 
Traceback (most recent call last):
  File "/home/runner/work/TestCapitalComPySe/TestCapitalComPySe/pages/base_page.py", line 84, in inner_function
    return func(*args, **kwargs)
           ^^^^^^^^^^^^^^^^^^^^^
  File "/home/runner/work/TestCapitalComPySe/TestCapitalComPySe/pages/base_page.py", line 301, in element_is_visible
    return Wait(self.driver, timeout).until(
           ^^^^^^^^^^^^^^^^^^^^^^^^^^^^^^^^^
  File "/home/runner/.cache/pypoetry/virtualenvs/testcapitalcompyse-CcJ6hTD8-py3.12/lib/python3.12/site-packages/selenium/webdriver/support/wait.py", line 105, in until
    raise TimeoutException(message, screen, stacktrace)
selenium.common.exceptions.TimeoutException: Message: 
Stacktrace:
#0 0x55ee86af0d93 <unknown>
#1 0x55ee867d4337 <unknown>
#2 0x55ee8681fd60 <unknown>
#3 0x55ee8681fe51 <unknown>
#4 0x55ee86863bc4 <unknown>
#5 0x55ee8684246d <unknown>
#6 0x55ee8686112d <unknown>
#7 0x55ee868421e3 <unknown>
#8 0x55ee86812135 <unknown>
#9 0x55ee8681313e <unknown>
#10 0x55ee86ab4e4b <unknown>
#11 0x55ee86ab8dfa <unknown>
#12 0x55ee86aa16d5 <unknown>
#13 0x55ee86ab9a6f <unknown>
#14 0x55ee86a8569f <unknown>
#15 0x55ee86ade098 <unknown>
#16 0x55ee86ade262 <unknown>
#17 0x55ee86aeff34 <unknown>
#18 0x7fb4b6494ac3 <unknown>