2024-02-16 01:57:54 ERROR Elements not present after 0.5 seconds on page: https://capital.com/fr/trade-stocks
2024-02-16 01:57:54 ERROR 
Traceback (most recent call last):
  File "/home/runner/work/TestCapitalComPySe/TestCapitalComPySe/pages/base_page.py", line 84, in inner_function
    return func(*args, **kwargs)
           ^^^^^^^^^^^^^^^^^^^^^
  File "/home/runner/work/TestCapitalComPySe/TestCapitalComPySe/pages/base_page.py", line 301, in element_is_visible
    return Wait(self.driver, timeout).until(
           ^^^^^^^^^^^^^^^^^^^^^^^^^^^^^^^^^
  File "/home/runner/.cache/pypoetry/virtualenvs/testcapitalcompyse-CcJ6hTD8-py3.12/lib/python3.12/site-packages/selenium/webdriver/support/wait.py", line 105, in until
    raise TimeoutException(message, screen, stacktrace)
selenium.common.exceptions.TimeoutException: Message: 
Stacktrace:
#0 0x562808664d93 <unknown>
#1 0x562808348337 <unknown>
#2 0x562808393d60 <unknown>
#3 0x562808393e51 <unknown>
#4 0x5628083d7bc4 <unknown>
#5 0x5628083b646d <unknown>
#6 0x5628083d512d <unknown>
#7 0x5628083b61e3 <unknown>
#8 0x562808386135 <unknown>
#9 0x56280838713e <unknown>
#10 0x562808628e4b <unknown>
#11 0x56280862cdfa <unknown>
#12 0x5628086156d5 <unknown>
#13 0x56280862da6f <unknown>
#14 0x5628085f969f <unknown>
#15 0x562808652098 <unknown>
#16 0x562808652262 <unknown>
#17 0x562808663f34 <unknown>
#18 0x7f37aee94ac3 <unknown>

2024-02-16 01:57:58 ERROR Elements not present after 0.5 seconds on page: https://capital.com/fr/trade-stocks
2024-02-16 01:57:58 ERROR 
Traceback (most recent call last):
  File "/home/runner/work/TestCapitalComPySe/TestCapitalComPySe/pages/base_page.py", line 84, in inner_function
    return func(*args, **kwargs)
           ^^^^^^^^^^^^^^^^^^^^^
  File "/home/runner/work/TestCapitalComPySe/TestCapitalComPySe/pages/base_page.py", line 301, in element_is_visible
    return Wait(self.driver, timeout).until(
           ^^^^^^^^^^^^^^^^^^^^^^^^^^^^^^^^^
  File "/home/runner/.cache/pypoetry/virtualenvs/testcapitalcompyse-CcJ6hTD8-py3.12/lib/python3.12/site-packages/selenium/webdriver/support/wait.py", line 105, in until
    raise TimeoutException(message, screen, stacktrace)
selenium.common.exceptions.TimeoutException: Message: 
Stacktrace:
#0 0x562808664d93 <unknown>
#1 0x562808348337 <unknown>
#2 0x562808393d60 <unknown>
#3 0x562808393e51 <unknown>
#4 0x5628083d7bc4 <unknown>
#5 0x5628083b646d <unknown>
#6 0x5628083d512d <unknown>
#7 0x5628083b61e3 <unknown>
#8 0x562808386135 <unknown>
#9 0x56280838713e <unknown>
#10 0x562808628e4b <unknown>
#11 0x56280862cdfa <unknown>
#12 0x5628086156d5 <unknown>
#13 0x56280862da6f <unknown>
#14 0x5628085f969f <unknown>
#15 0x562808652098 <unknown>
#16 0x562808652262 <unknown>
#17 0x562808663f34 <unknown>
#18 0x7f37aee94ac3 <unknown>