2024-05-16 08:56:26 ERROR Elements not present after 0.5 seconds on page: https://capital.com/trading/platform/
2024-05-16 08:56:26 ERROR 
Traceback (most recent call last):
  File "/home/runner/work/TestCapitalComPySe/TestCapitalComPySe/pages/base_page.py", line 86, in inner_function
    return func(*args, **kwargs)
           ^^^^^^^^^^^^^^^^^^^^^
  File "/home/runner/work/TestCapitalComPySe/TestCapitalComPySe/pages/base_page.py", line 305, in element_is_visible
    return Wait(self.driver, timeout).until(
           ^^^^^^^^^^^^^^^^^^^^^^^^^^^^^^^^^
  File "/home/runner/.cache/pypoetry/virtualenvs/testcapitalcompyse-CcJ6hTD8-py3.12/lib/python3.12/site-packages/selenium/webdriver/support/wait.py", line 105, in until
    raise TimeoutException(message, screen, stacktrace)
selenium.common.exceptions.TimeoutException: Message: 
Stacktrace:
#0 0x56208fa04dc3 <unknown>
#1 0x56208f6f34e7 <unknown>
#2 0x56208f73e35d <unknown>
#3 0x56208f73e411 <unknown>
#4 0x56208f781774 <unknown>
#5 0x56208f76047d <unknown>
#6 0x56208f77ec29 <unknown>
#7 0x56208f7601f3 <unknown>
#8 0x56208f73128a <unknown>
#9 0x56208f731c5e <unknown>
#10 0x56208f9c90eb <unknown>
#11 0x56208f9cd03b <unknown>
#12 0x56208f9b5201 <unknown>
#13 0x56208f9cdba2 <unknown>
#14 0x56208f99a0bf <unknown>
#15 0x56208f9f3f18 <unknown>
#16 0x56208f9f40f0 <unknown>
#17 0x56208fa03f14 <unknown>
#18 0x7f8b00294ac3 <unknown>

2024-05-16 08:56:29 ERROR Elements not present after 0.5 seconds on page: https://capital.com/trading/platform/
2024-05-16 08:56:29 ERROR 
Traceback (most recent call last):
  File "/home/runner/work/TestCapitalComPySe/TestCapitalComPySe/pages/base_page.py", line 86, in inner_function
    return func(*args, **kwargs)
           ^^^^^^^^^^^^^^^^^^^^^
  File "/home/runner/work/TestCapitalComPySe/TestCapitalComPySe/pages/base_page.py", line 305, in element_is_visible
    return Wait(self.driver, timeout).until(
           ^^^^^^^^^^^^^^^^^^^^^^^^^^^^^^^^^
  File "/home/runner/.cache/pypoetry/virtualenvs/testcapitalcompyse-CcJ6hTD8-py3.12/lib/python3.12/site-packages/selenium/webdriver/support/wait.py", line 105, in until
    raise TimeoutException(message, screen, stacktrace)
selenium.common.exceptions.TimeoutException: Message: 
Stacktrace:
#0 0x56208fa04dc3 <unknown>
#1 0x56208f6f34e7 <unknown>
#2 0x56208f73e35d <unknown>
#3 0x56208f73e411 <unknown>
#4 0x56208f781774 <unknown>
#5 0x56208f76047d <unknown>
#6 0x56208f77ec29 <unknown>
#7 0x56208f7601f3 <unknown>
#8 0x56208f73128a <unknown>
#9 0x56208f731c5e <unknown>
#10 0x56208f9c90eb <unknown>
#11 0x56208f9cd03b <unknown>
#12 0x56208f9b5201 <unknown>
#13 0x56208f9cdba2 <unknown>
#14 0x56208f99a0bf <unknown>
#15 0x56208f9f3f18 <unknown>
#16 0x56208f9f40f0 <unknown>
#17 0x56208fa03f14 <unknown>
#18 0x7f8b00294ac3 <unknown>