{"uid":"1362973f6d54e0e4","name":"TC_55!322b (Lang: ar) | Bid:55!322b-ar.ae.NoReg","fullName":"tests.US_55_ReTestsManual.tassobaccato.US_55-tassobaccato_ReTestsManual_test.TestManualDetectedBugs#test_322b","historyId":"9dd05101aca5e7985a618c5cb8d260dc","time":{"start":1727313941829,"stop":1727313958035,"duration":16206},"description":"\n        Check: Clicking [numeric values] in the Buy column in Menu tittle Markets does not open the\n                Sign-Up /Login form or page of the corresponding trading instrument on the trading platform using\n                English or Arabic language.\n        Language: EN, AR\n        License: SCA\n        Author: Kasila\n        ","descriptionHtml":"<pre><code>    Check: Clicking [numeric values] in the Buy column in Menu tittle Markets does not open the\n            Sign-Up /Login form or page of the corresponding trading instrument on the trading platform using\n            English or Arabic language.\n    Language: EN, AR\n    License: SCA\n    Author: Kasila\n</code></pre>\n","status":"failed","statusMessage":"Failed: Bug # 55!322 \nExpected result: Sign Up form is opened\nActual result: Sign Up form is not opened","statusTrace":"self = <pages.BugsManual.bug_322.AssertTPI object at 0x7faf119ee780>\nd = <selenium.webdriver.chrome.webdriver.WebDriver (session=\"fe0216ddc07d1fb0ebdf3773304c1752\")>\n\n    def assert_signup(self, d):\n        print(f\"\\n{datetime.now()}   3. Assert\")\n    \n        try:\n>           signup_form = self.driver.find_element(By.XPATH, '//strong/span[contains(text(), \"Sign up\")]')\n\npages/BugsManual/bug_322.py:107: \n_ _ _ _ _ _ _ _ _ _ _ _ _ _ _ _ _ _ _ _ _ _ _ _ _ _ _ _ _ _ _ _ _ _ _ _ _ _ _ _ \n../../../.cache/pypoetry/virtualenvs/testcapitalcompyse-CcJ6hTD8-py3.12/lib/python3.12/site-packages/selenium/webdriver/remote/webdriver.py:748: in find_element\n    return self.execute(Command.FIND_ELEMENT, {\"using\": by, \"value\": value})[\"value\"]\n../../../.cache/pypoetry/virtualenvs/testcapitalcompyse-CcJ6hTD8-py3.12/lib/python3.12/site-packages/selenium/webdriver/remote/webdriver.py:354: in execute\n    self.error_handler.check_response(response)\n_ _ _ _ _ _ _ _ _ _ _ _ _ _ _ _ _ _ _ _ _ _ _ _ _ _ _ _ _ _ _ _ _ _ _ _ _ _ _ _ \n\nself = <selenium.webdriver.remote.errorhandler.ErrorHandler object at 0x7faf12331a60>\nresponse = {'status': 404, 'value': '{\"value\":{\"error\":\"no such element\",\"message\":\"no such element: Unable to locate element: {\\...\\\\n#16 0x5565c8f8a1d3 \\\\u003Cunknown>\\\\n#17 0x5565c8f99f5c \\\\u003Cunknown>\\\\n#18 0x7f2d38694ac3 \\\\u003Cunknown>\\\\n\"}}'}\n\n    def check_response(self, response: Dict[str, Any]) -> None:\n        \"\"\"Checks that a JSON response from the WebDriver does not have an\n        error.\n    \n        :Args:\n         - response - The JSON response from the WebDriver server as a dictionary\n           object.\n    \n        :Raises: If the response contains an error message.\n        \"\"\"\n        status = response.get(\"status\", None)\n        if not status or status == ErrorCode.SUCCESS:\n            return\n        value = None\n        message = response.get(\"message\", \"\")\n        screen: str = response.get(\"screen\", \"\")\n        stacktrace = None\n        if isinstance(status, int):\n            value_json = response.get(\"value\", None)\n            if value_json and isinstance(value_json, str):\n                import json\n    \n                try:\n                    value = json.loads(value_json)\n                    if len(value) == 1:\n                        value = value[\"value\"]\n                    status = value.get(\"error\", None)\n                    if not status:\n                        status = value.get(\"status\", ErrorCode.UNKNOWN_ERROR)\n                        message = value.get(\"value\") or value.get(\"message\")\n                        if not isinstance(message, str):\n                            value = message\n                            message = message.get(\"message\")\n                    else:\n                        message = value.get(\"message\", None)\n                except ValueError:\n                    pass\n    \n        exception_class: Type[WebDriverException]\n        e = ErrorCode()\n        error_codes = [item for item in dir(e) if not item.startswith(\"__\")]\n        for error_code in error_codes:\n            error_info = getattr(ErrorCode, error_code)\n            if isinstance(error_info, list) and status in error_info:\n                exception_class = getattr(ExceptionMapping, error_code, WebDriverException)\n                break\n        else:\n            exception_class = WebDriverException\n    \n        if not value:\n            value = response[\"value\"]\n        if isinstance(value, str):\n            raise exception_class(value)\n        if message == \"\" and \"message\" in value:\n            message = value[\"message\"]\n    \n        screen = None  # type: ignore[assignment]\n        if \"screen\" in value:\n            screen = value[\"screen\"]\n    \n        stacktrace = None\n        st_value = value.get(\"stackTrace\") or value.get(\"stacktrace\")\n        if st_value:\n            if isinstance(st_value, str):\n                stacktrace = st_value.split(\"\\n\")\n            else:\n                stacktrace = []\n                try:\n                    for frame in st_value:\n                        line = frame.get(\"lineNumber\", \"\")\n                        file = frame.get(\"fileName\", \"<anonymous>\")\n                        if line:\n                            file = f\"{file}:{line}\"\n                        meth = frame.get(\"methodName\", \"<anonymous>\")\n                        if \"className\" in frame:\n                            meth = f\"{frame['className']}.{meth}\"\n                        msg = \"    at %s (%s)\"\n                        msg = msg % (meth, file)\n                        stacktrace.append(msg)\n                except TypeError:\n                    pass\n        if exception_class == UnexpectedAlertPresentException:\n            alert_text = None\n            if \"data\" in value:\n                alert_text = value[\"data\"].get(\"text\")\n            elif \"alert\" in value:\n                alert_text = value[\"alert\"].get(\"text\")\n            raise exception_class(message, screen, stacktrace, alert_text)  # type: ignore[call-arg]  # mypy is not smart enough here\n>       raise exception_class(message, screen, stacktrace)\nE       selenium.common.exceptions.NoSuchElementException: Message: no such element: Unable to locate element: {\"method\":\"xpath\",\"selector\":\"//strong/span[contains(text(), \"Sign up\")]\"}\nE         (Session info: chrome=129.0.6668.58); For documentation on this error, please visit: https://www.selenium.dev/documentation/webdriver/troubleshooting/errors#no-such-element-exception\nE       Stacktrace:\nE       #0 0x5565c8f9b10a <unknown>\nE       #1 0x5565c8c815e0 <unknown>\nE       #2 0x5565c8cd0be8 <unknown>\nE       #3 0x5565c8cd0e81 <unknown>\nE       #4 0x5565c8d178c4 <unknown>\nE       #5 0x5565c8cf5b4d <unknown>\nE       #6 0x5565c8d14d7d <unknown>\nE       #7 0x5565c8cf58c3 <unknown>\nE       #8 0x5565c8cc36b3 <unknown>\nE       #9 0x5565c8cc468e <unknown>\nE       #10 0x5565c8f65b0b <unknown>\nE       #11 0x5565c8f69a91 <unknown>\nE       #12 0x5565c8f52305 <unknown>\nE       #13 0x5565c8f6a612 <unknown>\nE       #14 0x5565c8f3746f <unknown>\nE       #15 0x5565c8f8a008 <unknown>\nE       #16 0x5565c8f8a1d3 <unknown>\nE       #17 0x5565c8f99f5c <unknown>\nE       #18 0x7f2d38694ac3 <unknown>\n\n../../../.cache/pypoetry/virtualenvs/testcapitalcompyse-CcJ6hTD8-py3.12/lib/python3.12/site-packages/selenium/webdriver/remote/errorhandler.py:229: NoSuchElementException\n\nDuring handling of the above exception, another exception occurred:\n\nself = <US_55-tassobaccato_ReTestsManual_test.TestManualDetectedBugs object at 0x7faf1230fd40>\nworker_id = 'master'\nd = <selenium.webdriver.chrome.webdriver.WebDriver (session=\"fe0216ddc07d1fb0ebdf3773304c1752\")>\ncur_language = 'ar', cur_country = 'ae', cur_role = 'NoReg'\ncur_login = 'test001.miketar+1@gmail.com', cur_password = 'Qwer1234-!@#$'\ntitle_instrument = ''\n\n    @allure.step(\n        'Start retest manual AT_55!322b that the Sign Up/Login/page of the corresponding trading instrument on '\n        'the trading platform is opened after clicking [numeric values] in the Buy column.')\n    @pytest.mark.parametrize('cur_language', ['', 'ar'])\n    @pytest.mark.parametrize('cur_country', ['ae'])\n    @pytest.mark.parametrize('cur_role', [\"NoReg\", \"Auth\", \"NoAuth\"])\n    @pytest.mark.parametrize('title_instrument', [''])\n    @pytest.mark.bug_322b\n    def test_322b(self, worker_id, d, cur_language, cur_country, cur_role, cur_login, cur_password, title_instrument):\n        \"\"\"\n        Check: Clicking [numeric values] in the Buy column in Menu tittle Markets does not open the\n                Sign-Up /Login form or page of the corresponding trading instrument on the trading platform using\n                English or Arabic language.\n        Language: EN, AR\n        License: SCA\n        Author: Kasila\n        \"\"\"\n    \n        bid = build_dynamic_arg_for_us_55(\n            d, worker_id, cur_language, cur_country, cur_role,\n            \"55\", \"ReTests of Manual Detected Bugs\",\n            \"322b\", 'The Sign Up/Login/page of the corresponding trading instrument on the trading platform'\n                   ' is not opened after clicking [numeric values] in the Buy column'\n        )\n    \n        page_conditions = NewConditions(d, \"\")\n    \n        match cur_language:\n            case '':\n                link = page_conditions.preconditions(\n                    d, CapitalComPageSrc.URL_NEW_EN_AE, \"\", cur_language, cur_country, cur_role, cur_login,\n                    cur_password)\n                menu = MenuNewMarkets(d, link)\n                cur_item_link = menu.from_markets_menu_open_markets(d, cur_language, cur_country, link)\n                test_element = TradingInstrumentsMarkets(d, cur_item_link, bid)\n                test_element.trading_instruments(d, cur_item_link)\n                test_element.click_button_buy(d)\n                test_element = AssertTPI(d, cur_item_link, title_instrument)\n                match cur_role:\n                    case 'NoReg':\n                        test_element.assert_signup(d)\n                    case 'NoAuth':\n                        test_element.assert_login(d)\n                    case 'Auth':\n                        test_element.assert_tpi(d, title_instrument)\n            case 'ar':\n                link = page_conditions.preconditions(\n                    d, CapitalComPageSrc.URL_NEW_AR_AE, \"\", cur_language, cur_country, cur_role, cur_login,\n                    cur_password)\n                menu = MenuNewMarkets(d, link)\n                cur_item_link = menu.from_markets_menu_open_markets(d, cur_language, cur_country, link)\n                test_element = TradingInstrumentsMarkets(d, cur_item_link, bid)\n                test_element.trading_instruments(d, cur_item_link)\n                test_element.click_button_buy(d)\n                test_element = AssertTPI(d, cur_item_link, title_instrument)\n                match cur_role:\n                    case 'NoReg':\n>                       test_element.assert_signup(d)\n\ntests/US_55_ReTestsManual/tassobaccato/US_55-tassobaccato_ReTestsManual_test.py:352: \n_ _ _ _ _ _ _ _ _ _ _ _ _ _ _ _ _ _ _ _ _ _ _ _ _ _ _ _ _ _ _ _ _ _ _ _ _ _ _ _ \npages/BugsManual/bug_322.py:113: in assert_signup\n    Common.pytest_fail(\"Bug # 55!322 \"\n_ _ _ _ _ _ _ _ _ _ _ _ _ _ _ _ _ _ _ _ _ _ _ _ _ _ _ _ _ _ _ _ _ _ _ _ _ _ _ _ \n\nmsg = 'Bug # 55!322 \\nExpected result: Sign Up form is opened\\nActual result: Sign Up form is not opened'\n\n    @staticmethod\n    def pytest_fail(msg):\n    \tCommon.flag_of_bug = True\n>   \tpytest.fail(msg)\nE    Failed: Bug # 55!322 \nE    Expected result: Sign Up form is opened\nE    Actual result: Sign Up form is not opened\n\npages/common.py:235: Failed","flaky":false,"newFailed":false,"newBroken":false,"newPassed":false,"retriesCount":0,"retriesStatusChange":false,"beforeStages":[{"name":"d","time":{"start":1727312952979,"stop":1727312953667,"duration":688},"status":"passed","steps":[],"attachments":[],"parameters":[],"shouldDisplayMessage":false,"stepsCount":0,"attachmentsCount":0,"hasContent":false,"attachmentStep":false},{"name":"worker_id","time":{"start":1727312953667,"stop":1727312953667,"duration":0},"status":"passed","steps":[],"attachments":[],"parameters":[],"shouldDisplayMessage":false,"stepsCount":0,"attachmentsCount":0,"hasContent":false,"attachmentStep":false},{"name":"cur_password","time":{"start":1727312953667,"stop":1727312953667,"duration":0},"status":"passed","steps":[],"attachments":[],"parameters":[],"shouldDisplayMessage":false,"stepsCount":0,"attachmentsCount":0,"hasContent":false,"attachmentStep":false},{"name":"cur_login","time":{"start":1727312953667,"stop":1727312953667,"duration":0},"status":"passed","steps":[],"attachments":[],"parameters":[],"shouldDisplayMessage":false,"stepsCount":0,"attachmentsCount":0,"hasContent":false,"attachmentStep":false}],"testStage":{"description":"\n        Check: Clicking [numeric values] in the Buy column in Menu tittle Markets does not open the\n                Sign-Up /Login form or page of the corresponding trading instrument on the trading platform using\n                English or Arabic language.\n        Language: EN, AR\n        License: SCA\n        Author: Kasila\n        ","status":"failed","statusMessage":"Failed: Bug # 55!322 \nExpected result: Sign Up form is opened\nActual result: Sign Up form is not opened","statusTrace":"self = <pages.BugsManual.bug_322.AssertTPI object at 0x7faf119ee780>\nd = <selenium.webdriver.chrome.webdriver.WebDriver (session=\"fe0216ddc07d1fb0ebdf3773304c1752\")>\n\n    def assert_signup(self, d):\n        print(f\"\\n{datetime.now()}   3. Assert\")\n    \n        try:\n>           signup_form = self.driver.find_element(By.XPATH, '//strong/span[contains(text(), \"Sign up\")]')\n\npages/BugsManual/bug_322.py:107: \n_ _ _ _ _ _ _ _ _ _ _ _ _ _ _ _ _ _ _ _ _ _ _ _ _ _ _ _ _ _ _ _ _ _ _ _ _ _ _ _ \n../../../.cache/pypoetry/virtualenvs/testcapitalcompyse-CcJ6hTD8-py3.12/lib/python3.12/site-packages/selenium/webdriver/remote/webdriver.py:748: in find_element\n    return self.execute(Command.FIND_ELEMENT, {\"using\": by, \"value\": value})[\"value\"]\n../../../.cache/pypoetry/virtualenvs/testcapitalcompyse-CcJ6hTD8-py3.12/lib/python3.12/site-packages/selenium/webdriver/remote/webdriver.py:354: in execute\n    self.error_handler.check_response(response)\n_ _ _ _ _ _ _ _ _ _ _ _ _ _ _ _ _ _ _ _ _ _ _ _ _ _ _ _ _ _ _ _ _ _ _ _ _ _ _ _ \n\nself = <selenium.webdriver.remote.errorhandler.ErrorHandler object at 0x7faf12331a60>\nresponse = {'status': 404, 'value': '{\"value\":{\"error\":\"no such element\",\"message\":\"no such element: Unable to locate element: {\\...\\\\n#16 0x5565c8f8a1d3 \\\\u003Cunknown>\\\\n#17 0x5565c8f99f5c \\\\u003Cunknown>\\\\n#18 0x7f2d38694ac3 \\\\u003Cunknown>\\\\n\"}}'}\n\n    def check_response(self, response: Dict[str, Any]) -> None:\n        \"\"\"Checks that a JSON response from the WebDriver does not have an\n        error.\n    \n        :Args:\n         - response - The JSON response from the WebDriver server as a dictionary\n           object.\n    \n        :Raises: If the response contains an error message.\n        \"\"\"\n        status = response.get(\"status\", None)\n        if not status or status == ErrorCode.SUCCESS:\n            return\n        value = None\n        message = response.get(\"message\", \"\")\n        screen: str = response.get(\"screen\", \"\")\n        stacktrace = None\n        if isinstance(status, int):\n            value_json = response.get(\"value\", None)\n            if value_json and isinstance(value_json, str):\n                import json\n    \n                try:\n                    value = json.loads(value_json)\n                    if len(value) == 1:\n                        value = value[\"value\"]\n                    status = value.get(\"error\", None)\n                    if not status:\n                        status = value.get(\"status\", ErrorCode.UNKNOWN_ERROR)\n                        message = value.get(\"value\") or value.get(\"message\")\n                        if not isinstance(message, str):\n                            value = message\n                            message = message.get(\"message\")\n                    else:\n                        message = value.get(\"message\", None)\n                except ValueError:\n                    pass\n    \n        exception_class: Type[WebDriverException]\n        e = ErrorCode()\n        error_codes = [item for item in dir(e) if not item.startswith(\"__\")]\n        for error_code in error_codes:\n            error_info = getattr(ErrorCode, error_code)\n            if isinstance(error_info, list) and status in error_info:\n                exception_class = getattr(ExceptionMapping, error_code, WebDriverException)\n                break\n        else:\n            exception_class = WebDriverException\n    \n        if not value:\n            value = response[\"value\"]\n        if isinstance(value, str):\n            raise exception_class(value)\n        if message == \"\" and \"message\" in value:\n            message = value[\"message\"]\n    \n        screen = None  # type: ignore[assignment]\n        if \"screen\" in value:\n            screen = value[\"screen\"]\n    \n        stacktrace = None\n        st_value = value.get(\"stackTrace\") or value.get(\"stacktrace\")\n        if st_value:\n            if isinstance(st_value, str):\n                stacktrace = st_value.split(\"\\n\")\n            else:\n                stacktrace = []\n                try:\n                    for frame in st_value:\n                        line = frame.get(\"lineNumber\", \"\")\n                        file = frame.get(\"fileName\", \"<anonymous>\")\n                        if line:\n                            file = f\"{file}:{line}\"\n                        meth = frame.get(\"methodName\", \"<anonymous>\")\n                        if \"className\" in frame:\n                            meth = f\"{frame['className']}.{meth}\"\n                        msg = \"    at %s (%s)\"\n                        msg = msg % (meth, file)\n                        stacktrace.append(msg)\n                except TypeError:\n                    pass\n        if exception_class == UnexpectedAlertPresentException:\n            alert_text = None\n            if \"data\" in value:\n                alert_text = value[\"data\"].get(\"text\")\n            elif \"alert\" in value:\n                alert_text = value[\"alert\"].get(\"text\")\n            raise exception_class(message, screen, stacktrace, alert_text)  # type: ignore[call-arg]  # mypy is not smart enough here\n>       raise exception_class(message, screen, stacktrace)\nE       selenium.common.exceptions.NoSuchElementException: Message: no such element: Unable to locate element: {\"method\":\"xpath\",\"selector\":\"//strong/span[contains(text(), \"Sign up\")]\"}\nE         (Session info: chrome=129.0.6668.58); For documentation on this error, please visit: https://www.selenium.dev/documentation/webdriver/troubleshooting/errors#no-such-element-exception\nE       Stacktrace:\nE       #0 0x5565c8f9b10a <unknown>\nE       #1 0x5565c8c815e0 <unknown>\nE       #2 0x5565c8cd0be8 <unknown>\nE       #3 0x5565c8cd0e81 <unknown>\nE       #4 0x5565c8d178c4 <unknown>\nE       #5 0x5565c8cf5b4d <unknown>\nE       #6 0x5565c8d14d7d <unknown>\nE       #7 0x5565c8cf58c3 <unknown>\nE       #8 0x5565c8cc36b3 <unknown>\nE       #9 0x5565c8cc468e <unknown>\nE       #10 0x5565c8f65b0b <unknown>\nE       #11 0x5565c8f69a91 <unknown>\nE       #12 0x5565c8f52305 <unknown>\nE       #13 0x5565c8f6a612 <unknown>\nE       #14 0x5565c8f3746f <unknown>\nE       #15 0x5565c8f8a008 <unknown>\nE       #16 0x5565c8f8a1d3 <unknown>\nE       #17 0x5565c8f99f5c <unknown>\nE       #18 0x7f2d38694ac3 <unknown>\n\n../../../.cache/pypoetry/virtualenvs/testcapitalcompyse-CcJ6hTD8-py3.12/lib/python3.12/site-packages/selenium/webdriver/remote/errorhandler.py:229: NoSuchElementException\n\nDuring handling of the above exception, another exception occurred:\n\nself = <US_55-tassobaccato_ReTestsManual_test.TestManualDetectedBugs object at 0x7faf1230fd40>\nworker_id = 'master'\nd = <selenium.webdriver.chrome.webdriver.WebDriver (session=\"fe0216ddc07d1fb0ebdf3773304c1752\")>\ncur_language = 'ar', cur_country = 'ae', cur_role = 'NoReg'\ncur_login = 'test001.miketar+1@gmail.com', cur_password = 'Qwer1234-!@#$'\ntitle_instrument = ''\n\n    @allure.step(\n        'Start retest manual AT_55!322b that the Sign Up/Login/page of the corresponding trading instrument on '\n        'the trading platform is opened after clicking [numeric values] in the Buy column.')\n    @pytest.mark.parametrize('cur_language', ['', 'ar'])\n    @pytest.mark.parametrize('cur_country', ['ae'])\n    @pytest.mark.parametrize('cur_role', [\"NoReg\", \"Auth\", \"NoAuth\"])\n    @pytest.mark.parametrize('title_instrument', [''])\n    @pytest.mark.bug_322b\n    def test_322b(self, worker_id, d, cur_language, cur_country, cur_role, cur_login, cur_password, title_instrument):\n        \"\"\"\n        Check: Clicking [numeric values] in the Buy column in Menu tittle Markets does not open the\n                Sign-Up /Login form or page of the corresponding trading instrument on the trading platform using\n                English or Arabic language.\n        Language: EN, AR\n        License: SCA\n        Author: Kasila\n        \"\"\"\n    \n        bid = build_dynamic_arg_for_us_55(\n            d, worker_id, cur_language, cur_country, cur_role,\n            \"55\", \"ReTests of Manual Detected Bugs\",\n            \"322b\", 'The Sign Up/Login/page of the corresponding trading instrument on the trading platform'\n                   ' is not opened after clicking [numeric values] in the Buy column'\n        )\n    \n        page_conditions = NewConditions(d, \"\")\n    \n        match cur_language:\n            case '':\n                link = page_conditions.preconditions(\n                    d, CapitalComPageSrc.URL_NEW_EN_AE, \"\", cur_language, cur_country, cur_role, cur_login,\n                    cur_password)\n                menu = MenuNewMarkets(d, link)\n                cur_item_link = menu.from_markets_menu_open_markets(d, cur_language, cur_country, link)\n                test_element = TradingInstrumentsMarkets(d, cur_item_link, bid)\n                test_element.trading_instruments(d, cur_item_link)\n                test_element.click_button_buy(d)\n                test_element = AssertTPI(d, cur_item_link, title_instrument)\n                match cur_role:\n                    case 'NoReg':\n                        test_element.assert_signup(d)\n                    case 'NoAuth':\n                        test_element.assert_login(d)\n                    case 'Auth':\n                        test_element.assert_tpi(d, title_instrument)\n            case 'ar':\n                link = page_conditions.preconditions(\n                    d, CapitalComPageSrc.URL_NEW_AR_AE, \"\", cur_language, cur_country, cur_role, cur_login,\n                    cur_password)\n                menu = MenuNewMarkets(d, link)\n                cur_item_link = menu.from_markets_menu_open_markets(d, cur_language, cur_country, link)\n                test_element = TradingInstrumentsMarkets(d, cur_item_link, bid)\n                test_element.trading_instruments(d, cur_item_link)\n                test_element.click_button_buy(d)\n                test_element = AssertTPI(d, cur_item_link, title_instrument)\n                match cur_role:\n                    case 'NoReg':\n>                       test_element.assert_signup(d)\n\ntests/US_55_ReTestsManual/tassobaccato/US_55-tassobaccato_ReTestsManual_test.py:352: \n_ _ _ _ _ _ _ _ _ _ _ _ _ _ _ _ _ _ _ _ _ _ _ _ _ _ _ _ _ _ _ _ _ _ _ _ _ _ _ _ \npages/BugsManual/bug_322.py:113: in assert_signup\n    Common.pytest_fail(\"Bug # 55!322 \"\n_ _ _ _ _ _ _ _ _ _ _ _ _ _ _ _ _ _ _ _ _ _ _ _ _ _ _ _ _ _ _ _ _ _ _ _ _ _ _ _ \n\nmsg = 'Bug # 55!322 \\nExpected result: Sign Up form is opened\\nActual result: Sign Up form is not opened'\n\n    @staticmethod\n    def pytest_fail(msg):\n    \tCommon.flag_of_bug = True\n>   \tpytest.fail(msg)\nE    Failed: Bug # 55!322 \nE    Expected result: Sign Up form is opened\nE    Actual result: Sign Up form is not opened\n\npages/common.py:235: Failed","steps":[{"name":"Start retest manual AT_55!322b that the Sign Up/Login/page of the corresponding trading instrument on the trading platform is opened after clicking [numeric values] in the Buy column.","time":{"start":1727313941830,"stop":1727313958034,"duration":16204},"status":"failed","statusMessage":"Failed: Bug # 55!322 \nExpected result: Sign Up form is opened\nActual result: Sign Up form is not opened\n","statusTrace":"  File \"/home/runner/.cache/pypoetry/virtualenvs/testcapitalcompyse-CcJ6hTD8-py3.12/lib/python3.12/site-packages/allure_commons/_allure.py\", line 192, in impl\n    return func(*a, **kw)\n           ^^^^^^^^^^^^^^\n  File \"/home/runner/work/TestCapitalComPySe/TestCapitalComPySe/tests/US_55_ReTestsManual/tassobaccato/US_55-tassobaccato_ReTestsManual_test.py\", line 352, in test_322b\n    test_element.assert_signup(d)\n  File \"/home/runner/work/TestCapitalComPySe/TestCapitalComPySe/pages/BugsManual/bug_322.py\", line 113, in assert_signup\n    Common.pytest_fail(\"Bug # 55!322 \"\n  File \"/home/runner/work/TestCapitalComPySe/TestCapitalComPySe/pages/common.py\", line 235, in pytest_fail\n    pytest.fail(msg)\n  File \"/home/runner/.cache/pypoetry/virtualenvs/testcapitalcompyse-CcJ6hTD8-py3.12/lib/python3.12/site-packages/_pytest/outcomes.py\", line 178, in fail\n    raise Failed(msg=reason, pytrace=pytrace)\n","steps":[{"name":"Build dynamic argument for TCs of US_55","time":{"start":1727313941830,"stop":1727313941832,"duration":2},"status":"passed","steps":[],"attachments":[],"parameters":[{"name":"d","value":"<selenium.webdriver.chrome.webdriver.WebDriver (session=\"fe0216ddc07d1fb0ebdf3773304c1752\")>"},{"name":"worker_id","value":"'master'"},{"name":"cur_language","value":"'ar'"},{"name":"cur_country","value":"'ae'"},{"name":"cur_role","value":"'NoReg'"},{"name":"us","value":"'55'"},{"name":"desc_us","value":"'ReTests of Manual Detected Bugs'"},{"name":"num_tc","value":"'322b'"},{"name":"desc_tc","value":"'The Sign Up/Login/page of the corresponding trading instrument on the trading platform is not opened after clicking [numeric values] in the Buy column'"},{"name":"manual","value":"False"},{"name":"new_layout","value":"False"}],"shouldDisplayMessage":false,"stepsCount":0,"attachmentsCount":0,"hasContent":true,"attachmentStep":false},{"name":"   Set New preconditions","time":{"start":1727313941832,"stop":1727313944800,"duration":2968},"status":"passed","steps":[{"name":"2024-09-26 01:09:12.963438   Set language and country","time":{"start":1727313943345,"stop":1727313944795,"duration":1450},"status":"passed","steps":[],"attachments":[],"parameters":[{"name":"d","value":"<selenium.webdriver.chrome.webdriver.WebDriver (session=\"fe0216ddc07d1fb0ebdf3773304c1752\")>"},{"name":"cur_language","value":"'ar'"},{"name":"cur_country","value":"'ae'"}],"shouldDisplayMessage":false,"stepsCount":0,"attachmentsCount":0,"hasContent":true,"attachmentStep":false}],"attachments":[],"parameters":[{"name":"d","value":"<selenium.webdriver.chrome.webdriver.WebDriver (session=\"fe0216ddc07d1fb0ebdf3773304c1752\")>"},{"name":"host","value":"'https://capital.com/ar-ae'"},{"name":"end_point","value":"''"},{"name":"cur_language","value":"'ar'"},{"name":"cur_country","value":"'ae'"},{"name":"cur_role","value":"'NoReg'"},{"name":"cur_login","value":"'test001.miketar+1@gmail.com'"},{"name":"cur_password","value":"'Qwer1234-!@#$'"}],"shouldDisplayMessage":false,"stepsCount":1,"attachmentsCount":0,"hasContent":true,"attachmentStep":false},{"name":"Select \"Trading\" menu, \"Trading\" submenu","time":{"start":1727313944800,"stop":1727313952912,"duration":8112},"status":"passed","steps":[],"attachments":[],"parameters":[{"name":"d","value":"<selenium.webdriver.chrome.webdriver.WebDriver (session=\"fe0216ddc07d1fb0ebdf3773304c1752\")>"},{"name":"cur_language","value":"'ar'"},{"name":"cur_country","value":"'ae'"},{"name":"link","value":"'https://capital.com/ar-ae'"}],"shouldDisplayMessage":false,"stepsCount":0,"attachmentsCount":0,"hasContent":true,"attachmentStep":false},{"name":"2024-09-26 01:09:12.814550   1. Start test that the Clicking [numeric values] in the Sell column in Menu tittle Markets opens the Sign-Up /Login form or page of the corresponding trading instrument on the trading platform.","time":{"start":1727313952912,"stop":1727313952932,"duration":20},"status":"passed","steps":[],"attachments":[],"parameters":[{"name":"d","value":"<selenium.webdriver.chrome.webdriver.WebDriver (session=\"fe0216ddc07d1fb0ebdf3773304c1752\")>"},{"name":"cur_item_link","value":"'https://capital.com/ar-ae/markets'"}],"shouldDisplayMessage":false,"stepsCount":0,"attachmentsCount":0,"hasContent":true,"attachmentStep":false}],"attachments":[],"parameters":[{"name":"worker_id","value":"'master'"},{"name":"d","value":"<selenium.webdriver.chrome.webdriver.WebDriver (session=\"fe0216ddc07d1fb0ebdf3773304c1752\")>"},{"name":"cur_language","value":"'ar'"},{"name":"cur_country","value":"'ae'"},{"name":"cur_role","value":"'NoReg'"},{"name":"cur_login","value":"'test001.miketar+1@gmail.com'"},{"name":"cur_password","value":"'Qwer1234-!@#$'"},{"name":"title_instrument","value":"''"}],"shouldDisplayMessage":true,"stepsCount":5,"attachmentsCount":0,"hasContent":true,"attachmentStep":false}],"attachments":[{"uid":"d4020e2245f5eb6","name":"Screenshot","source":"d4020e2245f5eb6.png","type":"image/png","size":130654},{"uid":"8c782b1ceab38c56","name":"stdout","source":"8c782b1ceab38c56.txt","type":"text/plain","size":4035}],"parameters":[],"shouldDisplayMessage":true,"stepsCount":6,"attachmentsCount":2,"hasContent":true,"attachmentStep":false},"afterStages":[{"name":"d::0","time":{"start":1727314185768,"stop":1727314186009,"duration":241},"status":"passed","steps":[],"attachments":[],"parameters":[],"shouldDisplayMessage":false,"stepsCount":0,"attachmentsCount":0,"hasContent":false,"attachmentStep":false}],"labels":[{"name":"epic","value":"TC_55!322b | The Sign Up/Login/page of the corresponding trading instrument on the trading platform is not opened after clicking [numeric values] in the Buy column"},{"name":"feature","value":"Role: NoReg"},{"name":"story","value":"Country: ae"},{"name":"tag","value":"bug_322b"},{"name":"tag","value":"us_55"},{"name":"parentSuite","value":"tests.US_55_ReTestsManual.tassobaccato"},{"name":"suite","value":"US_55-tassobaccato_ReTestsManual_test"},{"name":"subSuite","value":"TestManualDetectedBugs"},{"name":"host","value":"fv-az1759-202"},{"name":"thread","value":"30087-MainThread"},{"name":"framework","value":"pytest"},{"name":"language","value":"cpython3"},{"name":"package","value":"tests.US_55_ReTestsManual.tassobaccato.US_55-tassobaccato_ReTestsManual_test"},{"name":"resultFormat","value":"allure2"}],"parameters":[{"name":"cur_country","value":"'ae'"},{"name":"cur_language","value":"'ar'"},{"name":"cur_login","value":"'test001.miketar+1@gmail.com'"},{"name":"cur_password","value":"'Qwer1234-!@#$'"},{"name":"cur_role","value":"'NoReg'"},{"name":"d","value":"'Chrome'"},{"name":"title_instrument","value":"''"}],"links":[],"hidden":false,"retry":false,"extra":{"severity":"normal","retries":[],"categories":[{"name":"Product defects","matchedStatuses":[],"flaky":false}],"history":{"statistic":{"failed":35,"broken":0,"skipped":0,"passed":0,"unknown":0,"total":35},"items":[{"uid":"cf85b5b7a4fa8e0c","reportUrl":"https://AlexTomAQA.github.io/TestCapitalComPySe/159//#testresult/cf85b5b7a4fa8e0c","status":"failed","statusDetails":"Failed: Bug # 55!322 \nExpected result: Sign Up form is opened\nActual result: Sign Up form is not opened","time":{"start":1727248286418,"stop":1727248302286,"duration":15868}},{"uid":"1965239ce4b18900","reportUrl":"https://AlexTomAQA.github.io/TestCapitalComPySe/158//#testresult/1965239ce4b18900","status":"failed","statusDetails":"Failed: Bug # 55!322 \nExpected result: Sign Up form is opened\nActual result: Sign Up form is not opened","time":{"start":1727224547451,"stop":1727224563673,"duration":16222}},{"uid":"1a9974b90ef8bbc","reportUrl":"https://AlexTomAQA.github.io/TestCapitalComPySe/157//#testresult/1a9974b90ef8bbc","status":"failed","statusDetails":"Failed: Bug # 55!322 \nExpected result: Sign Up form is opened\nActual result: Sign Up form is not opened","time":{"start":1727138263864,"stop":1727138280029,"duration":16165}},{"uid":"64817c671501a86e","reportUrl":"https://AlexTomAQA.github.io/TestCapitalComPySe/156//#testresult/64817c671501a86e","status":"failed","statusDetails":"Failed: Bug # 55!322 \nExpected result: Sign Up form is opened\nActual result: Sign Up form is not opened","time":{"start":1727051723599,"stop":1727051739796,"duration":16197}},{"uid":"7c28af0925fd0259","reportUrl":"https://AlexTomAQA.github.io/TestCapitalComPySe/155//#testresult/7c28af0925fd0259","status":"failed","statusDetails":"Failed: Bug # 55!322 \nExpected result: Sign Up form is opened\nActual result: Sign Up form is not opened","time":{"start":1726980750290,"stop":1726980767852,"duration":17562}},{"uid":"38545e3a09075f85","reportUrl":"https://AlexTomAQA.github.io/TestCapitalComPySe/154//#testresult/38545e3a09075f85","status":"failed","statusDetails":"Failed: Bug # 55!322 \nExpected result: Sign Up form is opened\nActual result: Sign Up form is not opened","time":{"start":1726964780161,"stop":1726964796866,"duration":16705}},{"uid":"cb1a5d5a608dac27","reportUrl":"https://AlexTomAQA.github.io/TestCapitalComPySe/153//#testresult/cb1a5d5a608dac27","status":"failed","statusDetails":"Failed: Bug # 55!322 \nExpected result: Sign Up form is opened\nActual result: Sign Up form is not opened","time":{"start":1726879026245,"stop":1726879042222,"duration":15977}},{"uid":"241c09db82d56869","reportUrl":"https://AlexTomAQA.github.io/TestCapitalComPySe/152//#testresult/241c09db82d56869","status":"failed","statusDetails":"Failed: Bug # 55!322 \nExpected result: Sign Up form is opened\nActual result: Sign Up form is not opened","time":{"start":1726792327666,"stop":1726792343828,"duration":16162}},{"uid":"1829cb8a1400c341","reportUrl":"https://AlexTomAQA.github.io/TestCapitalComPySe/151//#testresult/1829cb8a1400c341","status":"failed","statusDetails":"Failed: Bug # 55!322 f\nExpected result: Sign Up form is openedf\nActual result: Sign Up form is not opened","time":{"start":1726725427157,"stop":1726725443046,"duration":15889}},{"uid":"4f4ba07d2960c81c","reportUrl":"https://AlexTomAQA.github.io/TestCapitalComPySe/150//#testresult/4f4ba07d2960c81c","status":"failed","statusDetails":"Failed: Bug # 55!322 f\nExpected result: Sign Up form is openedf\nActual result: Sign Up form is not opened","time":{"start":1726706132040,"stop":1726706147842,"duration":15802}},{"uid":"7eb611d49ad2c3bd","reportUrl":"https://AlexTomAQA.github.io/TestCapitalComPySe/149//#testresult/7eb611d49ad2c3bd","status":"failed","statusDetails":"Failed: Bug # 55!322 f\nExpected result: Sign Up form is openedf\nActual result: Sign Up form is not opened","time":{"start":1726619727720,"stop":1726619743742,"duration":16022}},{"uid":"58b160b207287be3","reportUrl":"https://AlexTomAQA.github.io/TestCapitalComPySe/148//#testresult/58b160b207287be3","status":"failed","statusDetails":"Failed: Bug # 55!322 f\nExpected result: Sign Up form is openedf\nActual result: Sign Up form is not opened","time":{"start":1726575662517,"stop":1726575678190,"duration":15673}},{"uid":"f89379976ef28f94","reportUrl":"https://AlexTomAQA.github.io/TestCapitalComPySe/147//#testresult/f89379976ef28f94","status":"failed","statusDetails":"Failed: Bug # 55!322 f\nExpected result: Sign Up form is openedf\nActual result: Sign Up form is not opened","time":{"start":1726532923658,"stop":1726532939500,"duration":15842}},{"uid":"93c1faa9eddc3c9","reportUrl":"https://AlexTomAQA.github.io/TestCapitalComPySe/146//#testresult/93c1faa9eddc3c9","status":"failed","statusDetails":"Failed: Bug # 55!322 f\nExpected result: Sign Up form is openedf\nActual result: Sign Up form is not opened","time":{"start":1726446700633,"stop":1726446716721,"duration":16088}},{"uid":"ddeb0d474fa02c64","reportUrl":"https://AlexTomAQA.github.io/TestCapitalComPySe/145//#testresult/ddeb0d474fa02c64","status":"failed","statusDetails":"Failed: Bug # 55!322 f\nExpected result: Sign Up form is openedf\nActual result: Sign Up form is not opened","time":{"start":1726384580887,"stop":1726384596888,"duration":16001}},{"uid":"bec10048a24e34d8","reportUrl":"https://AlexTomAQA.github.io/TestCapitalComPySe/144//#testresult/bec10048a24e34d8","status":"failed","statusDetails":"Failed: Bug # 55!322 f\nExpected result: Sign Up form is openedf\nActual result: Sign Up form is not opened","time":{"start":1726359440342,"stop":1726359456300,"duration":15958}},{"uid":"49117967322b08e3","reportUrl":"https://AlexTomAQA.github.io/TestCapitalComPySe/143//#testresult/49117967322b08e3","status":"failed","statusDetails":"Failed: Bug # 55!322 f\nExpected result: Sign Up form is openedf\nActual result: Sign Up form is not opened","time":{"start":1726287406680,"stop":1726287422613,"duration":15933}},{"uid":"3a0f6d95d196d5ee","reportUrl":"https://AlexTomAQA.github.io/TestCapitalComPySe/142//#testresult/3a0f6d95d196d5ee","status":"failed","statusDetails":"Failed: Bug # 55!322 f\nExpected result: Sign Up form is openedf\nActual result: Sign Up form is not opened","time":{"start":1726273302705,"stop":1726273318856,"duration":16151}},{"uid":"55ca98f6f3d876eb","reportUrl":"https://AlexTomAQA.github.io/TestCapitalComPySe/141//#testresult/55ca98f6f3d876eb","status":"failed","statusDetails":"Failed: Bug # 55!322 f\nExpected result: Sign Up form is openedf\nActual result: Sign Up form is not opened","time":{"start":1726186959628,"stop":1726186975581,"duration":15953}},{"uid":"1e424cec6220acab","reportUrl":"https://AlexTomAQA.github.io/TestCapitalComPySe/127//#testresult/1e424cec6220acab","status":"failed","statusDetails":"Failed: Bug # 55!322 f\nExpected result: Sign Up form is openedf\nActual result: Sign Up form is not opened","time":{"start":1725408958687,"stop":1725408979694,"duration":21007}}]},"tags":["us_55","bug_322b"]},"source":"1362973f6d54e0e4.json","parameterValues":["'ae'","'ar'","'test001.miketar+1@gmail.com'","'Qwer1234-!@#$'","'NoReg'","'Chrome'","''"]}