2024-03-19 17:14:23 ERROR Elements not present after 0.5 seconds on page: https://capital.com/pl/aktualne-ceny-akcji
2024-03-19 17:14:23 ERROR 
Traceback (most recent call last):
  File "/home/runner/work/TestCapitalComPySe/TestCapitalComPySe/pages/base_page.py", line 85, in inner_function
    return func(*args, **kwargs)
           ^^^^^^^^^^^^^^^^^^^^^
  File "/home/runner/work/TestCapitalComPySe/TestCapitalComPySe/pages/base_page.py", line 303, in element_is_visible
    return Wait(self.driver, timeout).until(
           ^^^^^^^^^^^^^^^^^^^^^^^^^^^^^^^^^
  File "/home/runner/.cache/pypoetry/virtualenvs/testcapitalcompyse-CcJ6hTD8-py3.12/lib/python3.12/site-packages/selenium/webdriver/support/wait.py", line 105, in until
    raise TimeoutException(message, screen, stacktrace)
selenium.common.exceptions.TimeoutException: Message: 
Stacktrace:
#0 0x58c3057bbf33 <unknown>
#1 0x58c3054b3ce6 <unknown>
#2 0x58c3054fee48 <unknown>
#3 0x58c3054fef01 <unknown>
#4 0x58c3055423f4 <unknown>
#5 0x58c305520edd <unknown>
#6 0x58c30553f899 <unknown>
#7 0x58c305520c53 <unknown>
#8 0x58c3054f1db3 <unknown>
#9 0x58c3054f277e <unknown>
#10 0x58c30578186b <unknown>
#11 0x58c305785885 <unknown>
#12 0x58c30576f181 <unknown>
#13 0x58c305786412 <unknown>
#14 0x58c30575325f <unknown>
#15 0x58c3057aa528 <unknown>
#16 0x58c3057aa723 <unknown>
#17 0x58c3057bb0e4 <unknown>
#18 0x7010f5894ac3 <unknown>

2024-03-19 17:14:26 ERROR Elements not present after 0.5 seconds on page: https://capital.com/pl/aktualne-ceny-akcji
2024-03-19 17:14:26 ERROR 
Traceback (most recent call last):
  File "/home/runner/work/TestCapitalComPySe/TestCapitalComPySe/pages/base_page.py", line 85, in inner_function
    return func(*args, **kwargs)
           ^^^^^^^^^^^^^^^^^^^^^
  File "/home/runner/work/TestCapitalComPySe/TestCapitalComPySe/pages/base_page.py", line 303, in element_is_visible
    return Wait(self.driver, timeout).until(
           ^^^^^^^^^^^^^^^^^^^^^^^^^^^^^^^^^
  File "/home/runner/.cache/pypoetry/virtualenvs/testcapitalcompyse-CcJ6hTD8-py3.12/lib/python3.12/site-packages/selenium/webdriver/support/wait.py", line 105, in until
    raise TimeoutException(message, screen, stacktrace)
selenium.common.exceptions.TimeoutException: Message: 
Stacktrace:
#0 0x58c3057bbf33 <unknown>
#1 0x58c3054b3ce6 <unknown>
#2 0x58c3054fee48 <unknown>
#3 0x58c3054fef01 <unknown>
#4 0x58c3055423f4 <unknown>
#5 0x58c305520edd <unknown>
#6 0x58c30553f899 <unknown>
#7 0x58c305520c53 <unknown>
#8 0x58c3054f1db3 <unknown>
#9 0x58c3054f277e <unknown>
#10 0x58c30578186b <unknown>
#11 0x58c305785885 <unknown>
#12 0x58c30576f181 <unknown>
#13 0x58c305786412 <unknown>
#14 0x58c30575325f <unknown>
#15 0x58c3057aa528 <unknown>
#16 0x58c3057aa723 <unknown>
#17 0x58c3057bb0e4 <unknown>
#18 0x7010f5894ac3 <unknown>

2024-03-19 17:14:29 ERROR Elements not present after 0.5 seconds on page: https://capital.com/pl/aktualne-ceny-akcji
2024-03-19 17:14:29 ERROR 
Traceback (most recent call last):
  File "/home/runner/work/TestCapitalComPySe/TestCapitalComPySe/pages/base_page.py", line 85, in inner_function
    return func(*args, **kwargs)
           ^^^^^^^^^^^^^^^^^^^^^
  File "/home/runner/work/TestCapitalComPySe/TestCapitalComPySe/pages/base_page.py", line 303, in element_is_visible
    return Wait(self.driver, timeout).until(
           ^^^^^^^^^^^^^^^^^^^^^^^^^^^^^^^^^
  File "/home/runner/.cache/pypoetry/virtualenvs/testcapitalcompyse-CcJ6hTD8-py3.12/lib/python3.12/site-packages/selenium/webdriver/support/wait.py", line 105, in until
    raise TimeoutException(message, screen, stacktrace)
selenium.common.exceptions.TimeoutException: Message: 
Stacktrace:
#0 0x58c3057bbf33 <unknown>
#1 0x58c3054b3ce6 <unknown>
#2 0x58c3054fee48 <unknown>
#3 0x58c3054fef01 <unknown>
#4 0x58c3055423f4 <unknown>
#5 0x58c305520edd <unknown>
#6 0x58c30553f899 <unknown>
#7 0x58c305520c53 <unknown>
#8 0x58c3054f1db3 <unknown>
#9 0x58c3054f277e <unknown>
#10 0x58c30578186b <unknown>
#11 0x58c305785885 <unknown>
#12 0x58c30576f181 <unknown>
#13 0x58c305786412 <unknown>
#14 0x58c30575325f <unknown>
#15 0x58c3057aa528 <unknown>
#16 0x58c3057aa723 <unknown>
#17 0x58c3057bb0e4 <unknown>
#18 0x7010f5894ac3 <unknown>