2023-12-18 07:32:29 ERROR Unable to initialize WebDriver
2023-12-18 07:32:29 ERROR 
Traceback (most recent call last):
  File "/home/runner/work/TestCapitalComPySe/TestCapitalComPySe/pages/base_page.py", line 82, in inner_function
    return func(*args, **kwargs)
           ^^^^^^^^^^^^^^^^^^^^^
  File "/home/runner/work/TestCapitalComPySe/TestCapitalComPySe/pages/base_page.py", line 394, in element_is_visible
    return Wait(self.browser, timeout).until(
           ^^^^^^^^^^^^^^^^^^^^^^^^^^^^^^^^^^
  File "/home/runner/.cache/pypoetry/virtualenvs/testcapitalcom-CcJ6hTD8-py3.11/lib/python3.11/site-packages/selenium/webdriver/support/wait.py", line 105, in until
    raise TimeoutException(message, screen, stacktrace)
selenium.common.exceptions.TimeoutException: Message: 
Stacktrace:
#0 0x5604985c5d33 <unknown>
#1 0x560498282f87 <unknown>
#2 0x5604982d2c0e <unknown>
#3 0x5604982d2d11 <unknown>
#4 0x56049831e004 <unknown>
#5 0x5604982fc36d <unknown>
#6 0x56049831b297 <unknown>
#7 0x5604982fc0e3 <unknown>
#8 0x5604982c4044 <unknown>
#9 0x5604982c544e <unknown>
#10 0x56049858a861 <unknown>
#11 0x56049858e785 <unknown>
#12 0x560498578285 <unknown>
#13 0x56049858f41f <unknown>
#14 0x56049855c20f <unknown>
#15 0x5604985b3028 <unknown>
#16 0x5604985b31f7 <unknown>
#17 0x5604985c4ed4 <unknown>
#18 0x7fa8a2e94ac3 <unknown>

2023-12-18 07:32:34 ERROR Unable to initialize WebDriver
2023-12-18 07:32:34 ERROR 
Traceback (most recent call last):
  File "/home/runner/work/TestCapitalComPySe/TestCapitalComPySe/pages/base_page.py", line 82, in inner_function
    return func(*args, **kwargs)
           ^^^^^^^^^^^^^^^^^^^^^
  File "/home/runner/work/TestCapitalComPySe/TestCapitalComPySe/pages/base_page.py", line 394, in element_is_visible
    return Wait(self.browser, timeout).until(
           ^^^^^^^^^^^^^^^^^^^^^^^^^^^^^^^^^^
  File "/home/runner/.cache/pypoetry/virtualenvs/testcapitalcom-CcJ6hTD8-py3.11/lib/python3.11/site-packages/selenium/webdriver/support/wait.py", line 105, in until
    raise TimeoutException(message, screen, stacktrace)
selenium.common.exceptions.TimeoutException: Message: 
Stacktrace:
#0 0x5604985c5d33 <unknown>
#1 0x560498282f87 <unknown>
#2 0x5604982d2c0e <unknown>
#3 0x5604982d2d11 <unknown>
#4 0x56049831e004 <unknown>
#5 0x5604982fc36d <unknown>
#6 0x56049831b297 <unknown>
#7 0x5604982fc0e3 <unknown>
#8 0x5604982c4044 <unknown>
#9 0x5604982c544e <unknown>
#10 0x56049858a861 <unknown>
#11 0x56049858e785 <unknown>
#12 0x560498578285 <unknown>
#13 0x56049858f41f <unknown>
#14 0x56049855c20f <unknown>
#15 0x5604985b3028 <unknown>
#16 0x5604985b31f7 <unknown>
#17 0x5604985c4ed4 <unknown>
#18 0x7fa8a2e94ac3 <unknown>