2024-11-03 02:03:16 ERROR Elements not present after 0.5 seconds on page: https://capital.com/en-gb
2024-11-03 02:03:16 ERROR 
Traceback (most recent call last):
  File "/home/runner/work/TestCapitalComPySe/TestCapitalComPySe/pages/base_page.py", line 86, in inner_function
    return func(*args, **kwargs)
           ^^^^^^^^^^^^^^^^^^^^^
  File "/home/runner/work/TestCapitalComPySe/TestCapitalComPySe/pages/base_page.py", line 305, in element_is_visible
    return Wait(self.driver, timeout).until(
           ^^^^^^^^^^^^^^^^^^^^^^^^^^^^^^^^^
  File "/home/runner/.cache/pypoetry/virtualenvs/testcapitalcompyse-CcJ6hTD8-py3.12/lib/python3.12/site-packages/selenium/webdriver/support/wait.py", line 105, in until
    raise TimeoutException(message, screen, stacktrace)
selenium.common.exceptions.TimeoutException: Message: 
Stacktrace:
#0 0x5623fa59013a <unknown>
#1 0x5623fa0ab460 <unknown>
#2 0x5623fa0f7f96 <unknown>
#3 0x5623fa0f8221 <unknown>
#4 0x5623fa13d5d4 <unknown>
#5 0x5623fa11c03d <unknown>
#6 0x5623fa13aaf6 <unknown>
#7 0x5623fa11bdb3 <unknown>
#8 0x5623fa0eac10 <unknown>
#9 0x5623fa0ebbee <unknown>
#10 0x5623fa55c3cb <unknown>
#11 0x5623fa560368 <unknown>
#12 0x5623fa549eec <unknown>
#13 0x5623fa560ee7 <unknown>
#14 0x5623fa52f13f <unknown>
#15 0x5623fa57e858 <unknown>
#16 0x5623fa57ea20 <unknown>
#17 0x5623fa58efb6 <unknown>
#18 0x7f3dcdc94ac3 <unknown>