2024-01-29 21:23:11 ERROR Elements not present after 0.5 seconds on page: https://capital.com/de/wie-cfd-handel-funktioniert
2024-01-29 21:23:11 ERROR 
Traceback (most recent call last):
  File "/home/runner/work/TestCapitalComPySe/TestCapitalComPySe/pages/base_page.py", line 82, in inner_function
    return func(*args, **kwargs)
           ^^^^^^^^^^^^^^^^^^^^^
  File "/home/runner/work/TestCapitalComPySe/TestCapitalComPySe/pages/base_page.py", line 293, in element_is_visible
    return Wait(self.driver, timeout).until(
           ^^^^^^^^^^^^^^^^^^^^^^^^^^^^^^^^^
  File "/home/runner/.cache/pypoetry/virtualenvs/testcapitalcompyse-CcJ6hTD8-py3.11/lib/python3.11/site-packages/selenium/webdriver/support/wait.py", line 105, in until
    raise TimeoutException(message, screen, stacktrace)
selenium.common.exceptions.TimeoutException: Message: 
Stacktrace:
#0 0x55d0a3759f83 <unknown>
#1 0x55d0a3412cf7 <unknown>
#2 0x55d0a346299e <unknown>
#3 0x55d0a3462aa1 <unknown>
#4 0x55d0a34add64 <unknown>
#5 0x55d0a348c0dd <unknown>
#6 0x55d0a34ab006 <unknown>
#7 0x55d0a348be53 <unknown>
#8 0x55d0a3453dd4 <unknown>
#9 0x55d0a34551de <unknown>
#10 0x55d0a371e531 <unknown>
#11 0x55d0a3722455 <unknown>
#12 0x55d0a370af55 <unknown>
#13 0x55d0a37230ef <unknown>
#14 0x55d0a36ee99f <unknown>
#15 0x55d0a3747008 <unknown>
#16 0x55d0a37471d7 <unknown>
#17 0x55d0a3759124 <unknown>
#18 0x7f8755a94ac3 <unknown>

2024-01-29 21:23:14 ERROR Elements not present after 0.5 seconds on page: https://capital.com/de/wie-cfd-handel-funktioniert
2024-01-29 21:23:14 ERROR 
Traceback (most recent call last):
  File "/home/runner/work/TestCapitalComPySe/TestCapitalComPySe/pages/base_page.py", line 82, in inner_function
    return func(*args, **kwargs)
           ^^^^^^^^^^^^^^^^^^^^^
  File "/home/runner/work/TestCapitalComPySe/TestCapitalComPySe/pages/base_page.py", line 293, in element_is_visible
    return Wait(self.driver, timeout).until(
           ^^^^^^^^^^^^^^^^^^^^^^^^^^^^^^^^^
  File "/home/runner/.cache/pypoetry/virtualenvs/testcapitalcompyse-CcJ6hTD8-py3.11/lib/python3.11/site-packages/selenium/webdriver/support/wait.py", line 105, in until
    raise TimeoutException(message, screen, stacktrace)
selenium.common.exceptions.TimeoutException: Message: 
Stacktrace:
#0 0x55d0a3759f83 <unknown>
#1 0x55d0a3412cf7 <unknown>
#2 0x55d0a346299e <unknown>
#3 0x55d0a3462aa1 <unknown>
#4 0x55d0a34add64 <unknown>
#5 0x55d0a348c0dd <unknown>
#6 0x55d0a34ab006 <unknown>
#7 0x55d0a348be53 <unknown>
#8 0x55d0a3453dd4 <unknown>
#9 0x55d0a34551de <unknown>
#10 0x55d0a371e531 <unknown>
#11 0x55d0a3722455 <unknown>
#12 0x55d0a370af55 <unknown>
#13 0x55d0a37230ef <unknown>
#14 0x55d0a36ee99f <unknown>
#15 0x55d0a3747008 <unknown>
#16 0x55d0a37471d7 <unknown>
#17 0x55d0a3759124 <unknown>
#18 0x7f8755a94ac3 <unknown>