2023-12-27 07:57:32 ERROR Unable to initialize WebDriver
2023-12-27 07:57:32 ERROR 
Traceback (most recent call last):
  File "/home/runner/work/TestCapitalComPySe/TestCapitalComPySe/pages/base_page.py", line 82, in inner_function
    return func(*args, **kwargs)
           ^^^^^^^^^^^^^^^^^^^^^
  File "/home/runner/work/TestCapitalComPySe/TestCapitalComPySe/pages/base_page.py", line 394, in element_is_visible
    return Wait(self.browser, timeout).until(
           ^^^^^^^^^^^^^^^^^^^^^^^^^^^^^^^^^^
  File "/home/runner/.cache/pypoetry/virtualenvs/testcapitalcom-CcJ6hTD8-py3.11/lib/python3.11/site-packages/selenium/webdriver/support/wait.py", line 105, in until
    raise TimeoutException(message, screen, stacktrace)
selenium.common.exceptions.TimeoutException: Message: 
Stacktrace:
#0 0x55bebbaf3f83 <unknown>
#1 0x55bebb7accf7 <unknown>
#2 0x55bebb7fc99e <unknown>
#3 0x55bebb7fcaa1 <unknown>
#4 0x55bebb847d64 <unknown>
#5 0x55bebb8260dd <unknown>
#6 0x55bebb845006 <unknown>
#7 0x55bebb825e53 <unknown>
#8 0x55bebb7eddd4 <unknown>
#9 0x55bebb7ef1de <unknown>
#10 0x55bebbab8531 <unknown>
#11 0x55bebbabc455 <unknown>
#12 0x55bebbaa4f55 <unknown>
#13 0x55bebbabd0ef <unknown>
#14 0x55bebba8899f <unknown>
#15 0x55bebbae1008 <unknown>
#16 0x55bebbae11d7 <unknown>
#17 0x55bebbaf3124 <unknown>
#18 0x7fef41c94ac3 <unknown>

2023-12-27 07:57:34 ERROR Unable to initialize WebDriver
2023-12-27 07:57:34 ERROR 
Traceback (most recent call last):
  File "/home/runner/work/TestCapitalComPySe/TestCapitalComPySe/pages/base_page.py", line 82, in inner_function
    return func(*args, **kwargs)
           ^^^^^^^^^^^^^^^^^^^^^
  File "/home/runner/work/TestCapitalComPySe/TestCapitalComPySe/pages/base_page.py", line 609, in wait_for_target_url
    return Wait(self.browser, timeout).until(
           ^^^^^^^^^^^^^^^^^^^^^^^^^^^^^^^^^^
  File "/home/runner/.cache/pypoetry/virtualenvs/testcapitalcom-CcJ6hTD8-py3.11/lib/python3.11/site-packages/selenium/webdriver/support/wait.py", line 105, in until
    raise TimeoutException(message, screen, stacktrace)
selenium.common.exceptions.TimeoutException: Message: 

2023-12-27 07:57:48 ERROR Unable to initialize WebDriver
2023-12-27 07:57:48 ERROR 
Traceback (most recent call last):
  File "/home/runner/work/TestCapitalComPySe/TestCapitalComPySe/pages/base_page.py", line 82, in inner_function
    return func(*args, **kwargs)
           ^^^^^^^^^^^^^^^^^^^^^
  File "/home/runner/work/TestCapitalComPySe/TestCapitalComPySe/pages/base_page.py", line 394, in element_is_visible
    return Wait(self.browser, timeout).until(
           ^^^^^^^^^^^^^^^^^^^^^^^^^^^^^^^^^^
  File "/home/runner/.cache/pypoetry/virtualenvs/testcapitalcom-CcJ6hTD8-py3.11/lib/python3.11/site-packages/selenium/webdriver/support/wait.py", line 105, in until
    raise TimeoutException(message, screen, stacktrace)
selenium.common.exceptions.TimeoutException: Message: 
Stacktrace:
#0 0x55bebbaf3f83 <unknown>
#1 0x55bebb7accf7 <unknown>
#2 0x55bebb7fc99e <unknown>
#3 0x55bebb7fcaa1 <unknown>
#4 0x55bebb847d64 <unknown>
#5 0x55bebb8260dd <unknown>
#6 0x55bebb845006 <unknown>
#7 0x55bebb825e53 <unknown>
#8 0x55bebb7eddd4 <unknown>
#9 0x55bebb7ef1de <unknown>
#10 0x55bebbab8531 <unknown>
#11 0x55bebbabc455 <unknown>
#12 0x55bebbaa4f55 <unknown>
#13 0x55bebbabd0ef <unknown>
#14 0x55bebba8899f <unknown>
#15 0x55bebbae1008 <unknown>
#16 0x55bebbae11d7 <unknown>
#17 0x55bebbaf3124 <unknown>
#18 0x7fef41c94ac3 <unknown>