2024-05-16 18:33:34 ERROR Elements not present after 0.5 seconds on page: https://capital.com/ru/proizvodnyye-finansovyye-instrumenty
2024-05-16 18:33:34 ERROR 
Traceback (most recent call last):
  File "/home/runner/work/TestCapitalComPySe/TestCapitalComPySe/pages/base_page.py", line 86, in inner_function
    return func(*args, **kwargs)
           ^^^^^^^^^^^^^^^^^^^^^
  File "/home/runner/work/TestCapitalComPySe/TestCapitalComPySe/pages/base_page.py", line 305, in element_is_visible
    return Wait(self.driver, timeout).until(
           ^^^^^^^^^^^^^^^^^^^^^^^^^^^^^^^^^
  File "/home/runner/.cache/pypoetry/virtualenvs/testcapitalcompyse-CcJ6hTD8-py3.12/lib/python3.12/site-packages/selenium/webdriver/support/wait.py", line 105, in until
    raise TimeoutException(message, screen, stacktrace)
selenium.common.exceptions.TimeoutException: Message: 
Stacktrace:
#0 0x55a17e23ddc3 <unknown>
#1 0x55a17df2c4e7 <unknown>
#2 0x55a17df7735d <unknown>
#3 0x55a17df77411 <unknown>
#4 0x55a17dfba774 <unknown>
#5 0x55a17df9947d <unknown>
#6 0x55a17dfb7c29 <unknown>
#7 0x55a17df991f3 <unknown>
#8 0x55a17df6a28a <unknown>
#9 0x55a17df6ac5e <unknown>
#10 0x55a17e2020eb <unknown>
#11 0x55a17e20603b <unknown>
#12 0x55a17e1ee201 <unknown>
#13 0x55a17e206ba2 <unknown>
#14 0x55a17e1d30bf <unknown>
#15 0x55a17e22cf18 <unknown>
#16 0x55a17e22d0f0 <unknown>
#17 0x55a17e23cf14 <unknown>
#18 0x7f37c0694ac3 <unknown>

2024-05-16 18:33:37 ERROR Elements not present after 0.5 seconds on page: https://capital.com/ru/proizvodnyye-finansovyye-instrumenty
2024-05-16 18:33:37 ERROR 
Traceback (most recent call last):
  File "/home/runner/work/TestCapitalComPySe/TestCapitalComPySe/pages/base_page.py", line 86, in inner_function
    return func(*args, **kwargs)
           ^^^^^^^^^^^^^^^^^^^^^
  File "/home/runner/work/TestCapitalComPySe/TestCapitalComPySe/pages/base_page.py", line 305, in element_is_visible
    return Wait(self.driver, timeout).until(
           ^^^^^^^^^^^^^^^^^^^^^^^^^^^^^^^^^
  File "/home/runner/.cache/pypoetry/virtualenvs/testcapitalcompyse-CcJ6hTD8-py3.12/lib/python3.12/site-packages/selenium/webdriver/support/wait.py", line 105, in until
    raise TimeoutException(message, screen, stacktrace)
selenium.common.exceptions.TimeoutException: Message: 
Stacktrace:
#0 0x55a17e23ddc3 <unknown>
#1 0x55a17df2c4e7 <unknown>
#2 0x55a17df7735d <unknown>
#3 0x55a17df77411 <unknown>
#4 0x55a17dfba774 <unknown>
#5 0x55a17df9947d <unknown>
#6 0x55a17dfb7c29 <unknown>
#7 0x55a17df991f3 <unknown>
#8 0x55a17df6a28a <unknown>
#9 0x55a17df6ac5e <unknown>
#10 0x55a17e2020eb <unknown>
#11 0x55a17e20603b <unknown>
#12 0x55a17e1ee201 <unknown>
#13 0x55a17e206ba2 <unknown>
#14 0x55a17e1d30bf <unknown>
#15 0x55a17e22cf18 <unknown>
#16 0x55a17e22d0f0 <unknown>
#17 0x55a17e23cf14 <unknown>
#18 0x7f37c0694ac3 <unknown>

2024-05-16 18:33:40 ERROR Elements not present after 0.5 seconds on page: https://capital.com/ru/proizvodnyye-finansovyye-instrumenty
2024-05-16 18:33:40 ERROR 
Traceback (most recent call last):
  File "/home/runner/work/TestCapitalComPySe/TestCapitalComPySe/pages/base_page.py", line 86, in inner_function
    return func(*args, **kwargs)
           ^^^^^^^^^^^^^^^^^^^^^
  File "/home/runner/work/TestCapitalComPySe/TestCapitalComPySe/pages/base_page.py", line 305, in element_is_visible
    return Wait(self.driver, timeout).until(
           ^^^^^^^^^^^^^^^^^^^^^^^^^^^^^^^^^
  File "/home/runner/.cache/pypoetry/virtualenvs/testcapitalcompyse-CcJ6hTD8-py3.12/lib/python3.12/site-packages/selenium/webdriver/support/wait.py", line 105, in until
    raise TimeoutException(message, screen, stacktrace)
selenium.common.exceptions.TimeoutException: Message: 
Stacktrace:
#0 0x55a17e23ddc3 <unknown>
#1 0x55a17df2c4e7 <unknown>
#2 0x55a17df7735d <unknown>
#3 0x55a17df77411 <unknown>
#4 0x55a17dfba774 <unknown>
#5 0x55a17df9947d <unknown>
#6 0x55a17dfb7c29 <unknown>
#7 0x55a17df991f3 <unknown>
#8 0x55a17df6a28a <unknown>
#9 0x55a17df6ac5e <unknown>
#10 0x55a17e2020eb <unknown>
#11 0x55a17e20603b <unknown>
#12 0x55a17e1ee201 <unknown>
#13 0x55a17e206ba2 <unknown>
#14 0x55a17e1d30bf <unknown>
#15 0x55a17e22cf18 <unknown>
#16 0x55a17e22d0f0 <unknown>
#17 0x55a17e23cf14 <unknown>
#18 0x7f37c0694ac3 <unknown>