2024-05-08 04:49:56 ERROR Elements not present after 0.5 seconds on page: https://capital.com/fr/indices-principaux?t=risers
2024-05-08 04:49:56 ERROR 
Traceback (most recent call last):
  File "/home/runner/work/TestCapitalComPySe/TestCapitalComPySe/pages/base_page.py", line 86, in inner_function
    return func(*args, **kwargs)
           ^^^^^^^^^^^^^^^^^^^^^
  File "/home/runner/work/TestCapitalComPySe/TestCapitalComPySe/pages/base_page.py", line 305, in element_is_visible
    return Wait(self.driver, timeout).until(
           ^^^^^^^^^^^^^^^^^^^^^^^^^^^^^^^^^
  File "/home/runner/.cache/pypoetry/virtualenvs/testcapitalcompyse-CcJ6hTD8-py3.12/lib/python3.12/site-packages/selenium/webdriver/support/wait.py", line 105, in until
    raise TimeoutException(message, screen, stacktrace)
selenium.common.exceptions.TimeoutException: Message: 
Stacktrace:
#0 0x556255e65df3 <unknown>
#1 0x556255b544e7 <unknown>
#2 0x556255b9f35d <unknown>
#3 0x556255b9f411 <unknown>
#4 0x556255be2774 <unknown>
#5 0x556255bc147d <unknown>
#6 0x556255bdfc29 <unknown>
#7 0x556255bc11f3 <unknown>
#8 0x556255b9228a <unknown>
#9 0x556255b92c5e <unknown>
#10 0x556255e2a11b <unknown>
#11 0x556255e2e06b <unknown>
#12 0x556255e16231 <unknown>
#13 0x556255e2ebd2 <unknown>
#14 0x556255dfb0ef <unknown>
#15 0x556255e54f48 <unknown>
#16 0x556255e55120 <unknown>
#17 0x556255e64f44 <unknown>
#18 0x7f1f1e494ac3 <unknown>