2024-05-01 10:31:14 ERROR Elements not present after 0.5 seconds on page: https://capital.com/
2024-05-01 10:31:14 ERROR 
Traceback (most recent call last):
  File "/home/runner/work/TestCapitalComPySe/TestCapitalComPySe/pages/base_page.py", line 86, in inner_function
    return func(*args, **kwargs)
           ^^^^^^^^^^^^^^^^^^^^^
  File "/home/runner/work/TestCapitalComPySe/TestCapitalComPySe/pages/base_page.py", line 305, in element_is_visible
    return Wait(self.driver, timeout).until(
           ^^^^^^^^^^^^^^^^^^^^^^^^^^^^^^^^^
  File "/home/runner/.cache/pypoetry/virtualenvs/testcapitalcompyse-CcJ6hTD8-py3.12/lib/python3.12/site-packages/selenium/webdriver/support/wait.py", line 105, in until
    raise TimeoutException(message, screen, stacktrace)
selenium.common.exceptions.TimeoutException: Message: 
Stacktrace:
#0 0x55ea90b8dcb3 <unknown>
#1 0x55ea9087c4a7 <unknown>
#2 0x55ea908c731d <unknown>
#3 0x55ea908c73d1 <unknown>
#4 0x55ea9090a734 <unknown>
#5 0x55ea908e943d <unknown>
#6 0x55ea90907be9 <unknown>
#7 0x55ea908e91b3 <unknown>
#8 0x55ea908ba24a <unknown>
#9 0x55ea908bac1e <unknown>
#10 0x55ea90b51fdb <unknown>
#11 0x55ea90b55f2b <unknown>
#12 0x55ea90b3e0f1 <unknown>
#13 0x55ea90b56a92 <unknown>
#14 0x55ea90b22faf <unknown>
#15 0x55ea90b7ce08 <unknown>
#16 0x55ea90b7cfe0 <unknown>
#17 0x55ea90b8ce04 <unknown>
#18 0x7fbd7da94ac3 <unknown>