2024-04-25 21:18:32 ERROR Elements not present after 0.5 seconds on page: https://capital.com/pl/aktualne-ceny-akcji?t=volatile
2024-04-25 21:18:32 ERROR 
Traceback (most recent call last):
  File "/home/runner/work/TestCapitalComPySe/TestCapitalComPySe/pages/base_page.py", line 86, in inner_function
    return func(*args, **kwargs)
           ^^^^^^^^^^^^^^^^^^^^^
  File "/home/runner/work/TestCapitalComPySe/TestCapitalComPySe/pages/base_page.py", line 305, in element_is_visible
    return Wait(self.driver, timeout).until(
           ^^^^^^^^^^^^^^^^^^^^^^^^^^^^^^^^^
  File "/home/runner/.cache/pypoetry/virtualenvs/testcapitalcompyse-CcJ6hTD8-py3.12/lib/python3.12/site-packages/selenium/webdriver/support/wait.py", line 105, in until
    raise TimeoutException(message, screen, stacktrace)
selenium.common.exceptions.TimeoutException: Message: 
Stacktrace:
#0 0x561a4ffb6cb3 <unknown>
#1 0x561a4fca54a7 <unknown>
#2 0x561a4fcf031d <unknown>
#3 0x561a4fcf03d1 <unknown>
#4 0x561a4fd33734 <unknown>
#5 0x561a4fd1243d <unknown>
#6 0x561a4fd30be9 <unknown>
#7 0x561a4fd121b3 <unknown>
#8 0x561a4fce324a <unknown>
#9 0x561a4fce3c1e <unknown>
#10 0x561a4ff7afdb <unknown>
#11 0x561a4ff7ef2b <unknown>
#12 0x561a4ff670f1 <unknown>
#13 0x561a4ff7fa92 <unknown>
#14 0x561a4ff4bfaf <unknown>
#15 0x561a4ffa5e08 <unknown>
#16 0x561a4ffa5fe0 <unknown>
#17 0x561a4ffb5e04 <unknown>
#18 0x7fee8f894ac3 <unknown>

2024-04-25 21:18:39 ERROR Elements not present after 0.5 seconds on page: https://capital.com/pl/aktualne-ceny-akcji?t=volatile
2024-04-25 21:18:39 ERROR 
Traceback (most recent call last):
  File "/home/runner/work/TestCapitalComPySe/TestCapitalComPySe/pages/base_page.py", line 86, in inner_function
    return func(*args, **kwargs)
           ^^^^^^^^^^^^^^^^^^^^^
  File "/home/runner/work/TestCapitalComPySe/TestCapitalComPySe/pages/base_page.py", line 305, in element_is_visible
    return Wait(self.driver, timeout).until(
           ^^^^^^^^^^^^^^^^^^^^^^^^^^^^^^^^^
  File "/home/runner/.cache/pypoetry/virtualenvs/testcapitalcompyse-CcJ6hTD8-py3.12/lib/python3.12/site-packages/selenium/webdriver/support/wait.py", line 105, in until
    raise TimeoutException(message, screen, stacktrace)
selenium.common.exceptions.TimeoutException: Message: 
Stacktrace:
#0 0x561a4ffb6cb3 <unknown>
#1 0x561a4fca54a7 <unknown>
#2 0x561a4fcf031d <unknown>
#3 0x561a4fcf03d1 <unknown>
#4 0x561a4fd33734 <unknown>
#5 0x561a4fd1243d <unknown>
#6 0x561a4fd30be9 <unknown>
#7 0x561a4fd121b3 <unknown>
#8 0x561a4fce324a <unknown>
#9 0x561a4fce3c1e <unknown>
#10 0x561a4ff7afdb <unknown>
#11 0x561a4ff7ef2b <unknown>
#12 0x561a4ff670f1 <unknown>
#13 0x561a4ff7fa92 <unknown>
#14 0x561a4ff4bfaf <unknown>
#15 0x561a4ffa5e08 <unknown>
#16 0x561a4ffa5fe0 <unknown>
#17 0x561a4ffb5e04 <unknown>
#18 0x7fee8f894ac3 <unknown>

2024-04-25 21:18:42 ERROR Elements not present after 0.5 seconds on page: https://capital.com/pl/aktualne-ceny-akcji?t=volatile
2024-04-25 21:18:42 ERROR 
Traceback (most recent call last):
  File "/home/runner/work/TestCapitalComPySe/TestCapitalComPySe/pages/base_page.py", line 86, in inner_function
    return func(*args, **kwargs)
           ^^^^^^^^^^^^^^^^^^^^^
  File "/home/runner/work/TestCapitalComPySe/TestCapitalComPySe/pages/base_page.py", line 305, in element_is_visible
    return Wait(self.driver, timeout).until(
           ^^^^^^^^^^^^^^^^^^^^^^^^^^^^^^^^^
  File "/home/runner/.cache/pypoetry/virtualenvs/testcapitalcompyse-CcJ6hTD8-py3.12/lib/python3.12/site-packages/selenium/webdriver/support/wait.py", line 105, in until
    raise TimeoutException(message, screen, stacktrace)
selenium.common.exceptions.TimeoutException: Message: 
Stacktrace:
#0 0x561a4ffb6cb3 <unknown>
#1 0x561a4fca54a7 <unknown>
#2 0x561a4fcf031d <unknown>
#3 0x561a4fcf03d1 <unknown>
#4 0x561a4fd33734 <unknown>
#5 0x561a4fd1243d <unknown>
#6 0x561a4fd30be9 <unknown>
#7 0x561a4fd121b3 <unknown>
#8 0x561a4fce324a <unknown>
#9 0x561a4fce3c1e <unknown>
#10 0x561a4ff7afdb <unknown>
#11 0x561a4ff7ef2b <unknown>
#12 0x561a4ff670f1 <unknown>
#13 0x561a4ff7fa92 <unknown>
#14 0x561a4ff4bfaf <unknown>
#15 0x561a4ffa5e08 <unknown>
#16 0x561a4ffa5fe0 <unknown>
#17 0x561a4ffb5e04 <unknown>
#18 0x7fee8f894ac3 <unknown>

2024-04-25 21:18:45 ERROR Elements not present after 0.5 seconds on page: https://capital.com/pl/aktualne-ceny-akcji?t=volatile
2024-04-25 21:18:45 ERROR 
Traceback (most recent call last):
  File "/home/runner/work/TestCapitalComPySe/TestCapitalComPySe/pages/base_page.py", line 86, in inner_function
    return func(*args, **kwargs)
           ^^^^^^^^^^^^^^^^^^^^^
  File "/home/runner/work/TestCapitalComPySe/TestCapitalComPySe/pages/base_page.py", line 305, in element_is_visible
    return Wait(self.driver, timeout).until(
           ^^^^^^^^^^^^^^^^^^^^^^^^^^^^^^^^^
  File "/home/runner/.cache/pypoetry/virtualenvs/testcapitalcompyse-CcJ6hTD8-py3.12/lib/python3.12/site-packages/selenium/webdriver/support/wait.py", line 105, in until
    raise TimeoutException(message, screen, stacktrace)
selenium.common.exceptions.TimeoutException: Message: 
Stacktrace:
#0 0x561a4ffb6cb3 <unknown>
#1 0x561a4fca54a7 <unknown>
#2 0x561a4fcf031d <unknown>
#3 0x561a4fcf03d1 <unknown>
#4 0x561a4fd33734 <unknown>
#5 0x561a4fd1243d <unknown>
#6 0x561a4fd30be9 <unknown>
#7 0x561a4fd121b3 <unknown>
#8 0x561a4fce324a <unknown>
#9 0x561a4fce3c1e <unknown>
#10 0x561a4ff7afdb <unknown>
#11 0x561a4ff7ef2b <unknown>
#12 0x561a4ff670f1 <unknown>
#13 0x561a4ff7fa92 <unknown>
#14 0x561a4ff4bfaf <unknown>
#15 0x561a4ffa5e08 <unknown>
#16 0x561a4ffa5fe0 <unknown>
#17 0x561a4ffb5e04 <unknown>
#18 0x7fee8f894ac3 <unknown>

2024-04-25 21:18:48 ERROR Elements not present after 0.5 seconds on page: https://capital.com/pl/aktualne-ceny-akcji?t=volatile
2024-04-25 21:18:48 ERROR 
Traceback (most recent call last):
  File "/home/runner/work/TestCapitalComPySe/TestCapitalComPySe/pages/base_page.py", line 86, in inner_function
    return func(*args, **kwargs)
           ^^^^^^^^^^^^^^^^^^^^^
  File "/home/runner/work/TestCapitalComPySe/TestCapitalComPySe/pages/base_page.py", line 305, in element_is_visible
    return Wait(self.driver, timeout).until(
           ^^^^^^^^^^^^^^^^^^^^^^^^^^^^^^^^^
  File "/home/runner/.cache/pypoetry/virtualenvs/testcapitalcompyse-CcJ6hTD8-py3.12/lib/python3.12/site-packages/selenium/webdriver/support/wait.py", line 105, in until
    raise TimeoutException(message, screen, stacktrace)
selenium.common.exceptions.TimeoutException: Message: 
Stacktrace:
#0 0x561a4ffb6cb3 <unknown>
#1 0x561a4fca54a7 <unknown>
#2 0x561a4fcf031d <unknown>
#3 0x561a4fcf03d1 <unknown>
#4 0x561a4fd33734 <unknown>
#5 0x561a4fd1243d <unknown>
#6 0x561a4fd30be9 <unknown>
#7 0x561a4fd121b3 <unknown>
#8 0x561a4fce324a <unknown>
#9 0x561a4fce3c1e <unknown>
#10 0x561a4ff7afdb <unknown>
#11 0x561a4ff7ef2b <unknown>
#12 0x561a4ff670f1 <unknown>
#13 0x561a4ff7fa92 <unknown>
#14 0x561a4ff4bfaf <unknown>
#15 0x561a4ffa5e08 <unknown>
#16 0x561a4ffa5fe0 <unknown>
#17 0x561a4ffb5e04 <unknown>
#18 0x7fee8f894ac3 <unknown>

2024-04-25 21:18:51 ERROR Elements not present after 0.5 seconds on page: https://capital.com/pl/aktualne-ceny-akcji?t=volatile
2024-04-25 21:18:51 ERROR 
Traceback (most recent call last):
  File "/home/runner/work/TestCapitalComPySe/TestCapitalComPySe/pages/base_page.py", line 86, in inner_function
    return func(*args, **kwargs)
           ^^^^^^^^^^^^^^^^^^^^^
  File "/home/runner/work/TestCapitalComPySe/TestCapitalComPySe/pages/base_page.py", line 305, in element_is_visible
    return Wait(self.driver, timeout).until(
           ^^^^^^^^^^^^^^^^^^^^^^^^^^^^^^^^^
  File "/home/runner/.cache/pypoetry/virtualenvs/testcapitalcompyse-CcJ6hTD8-py3.12/lib/python3.12/site-packages/selenium/webdriver/support/wait.py", line 105, in until
    raise TimeoutException(message, screen, stacktrace)
selenium.common.exceptions.TimeoutException: Message: 
Stacktrace:
#0 0x561a4ffb6cb3 <unknown>
#1 0x561a4fca54a7 <unknown>
#2 0x561a4fcf031d <unknown>
#3 0x561a4fcf03d1 <unknown>
#4 0x561a4fd33734 <unknown>
#5 0x561a4fd1243d <unknown>
#6 0x561a4fd30be9 <unknown>
#7 0x561a4fd121b3 <unknown>
#8 0x561a4fce324a <unknown>
#9 0x561a4fce3c1e <unknown>
#10 0x561a4ff7afdb <unknown>
#11 0x561a4ff7ef2b <unknown>
#12 0x561a4ff670f1 <unknown>
#13 0x561a4ff7fa92 <unknown>
#14 0x561a4ff4bfaf <unknown>
#15 0x561a4ffa5e08 <unknown>
#16 0x561a4ffa5fe0 <unknown>
#17 0x561a4ffb5e04 <unknown>
#18 0x7fee8f894ac3 <unknown>

2024-04-25 21:18:55 ERROR Elements not present after 0.5 seconds on page: https://capital.com/pl/aktualne-ceny-akcji?t=volatile
2024-04-25 21:18:55 ERROR 
Traceback (most recent call last):
  File "/home/runner/work/TestCapitalComPySe/TestCapitalComPySe/pages/base_page.py", line 86, in inner_function
    return func(*args, **kwargs)
           ^^^^^^^^^^^^^^^^^^^^^
  File "/home/runner/work/TestCapitalComPySe/TestCapitalComPySe/pages/base_page.py", line 305, in element_is_visible
    return Wait(self.driver, timeout).until(
           ^^^^^^^^^^^^^^^^^^^^^^^^^^^^^^^^^
  File "/home/runner/.cache/pypoetry/virtualenvs/testcapitalcompyse-CcJ6hTD8-py3.12/lib/python3.12/site-packages/selenium/webdriver/support/wait.py", line 105, in until
    raise TimeoutException(message, screen, stacktrace)
selenium.common.exceptions.TimeoutException: Message: 
Stacktrace:
#0 0x561a4ffb6cb3 <unknown>
#1 0x561a4fca54a7 <unknown>
#2 0x561a4fcf031d <unknown>
#3 0x561a4fcf03d1 <unknown>
#4 0x561a4fd33734 <unknown>
#5 0x561a4fd1243d <unknown>
#6 0x561a4fd30be9 <unknown>
#7 0x561a4fd121b3 <unknown>
#8 0x561a4fce324a <unknown>
#9 0x561a4fce3c1e <unknown>
#10 0x561a4ff7afdb <unknown>
#11 0x561a4ff7ef2b <unknown>
#12 0x561a4ff670f1 <unknown>
#13 0x561a4ff7fa92 <unknown>
#14 0x561a4ff4bfaf <unknown>
#15 0x561a4ffa5e08 <unknown>
#16 0x561a4ffa5fe0 <unknown>
#17 0x561a4ffb5e04 <unknown>
#18 0x7fee8f894ac3 <unknown>