2024-01-22 08:00:00 ERROR Elements not present after 0.5 seconds on page: https://capital.com/es/what-is-cfd-trading
2024-01-22 08:00:00 ERROR 
Traceback (most recent call last):
  File "/home/runner/work/TestCapitalComPySe/TestCapitalComPySe/pages/base_page.py", line 82, in inner_function
    return func(*args, **kwargs)
           ^^^^^^^^^^^^^^^^^^^^^
  File "/home/runner/work/TestCapitalComPySe/TestCapitalComPySe/pages/base_page.py", line 293, in element_is_visible
    return Wait(self.browser, timeout).until(
           ^^^^^^^^^^^^^^^^^^^^^^^^^^^^^^^^^^
  File "/home/runner/.cache/pypoetry/virtualenvs/testcapitalcompyse-CcJ6hTD8-py3.11/lib/python3.11/site-packages/selenium/webdriver/support/wait.py", line 105, in until
    raise TimeoutException(message, screen, stacktrace)
selenium.common.exceptions.TimeoutException: Message: 
Stacktrace:
#0 0x55ef362c9f83 <unknown>
#1 0x55ef35f82cf7 <unknown>
#2 0x55ef35fd299e <unknown>
#3 0x55ef35fd2aa1 <unknown>
#4 0x55ef3601dd64 <unknown>
#5 0x55ef35ffc0dd <unknown>
#6 0x55ef3601b006 <unknown>
#7 0x55ef35ffbe53 <unknown>
#8 0x55ef35fc3dd4 <unknown>
#9 0x55ef35fc51de <unknown>
#10 0x55ef3628e531 <unknown>
#11 0x55ef36292455 <unknown>
#12 0x55ef3627af55 <unknown>
#13 0x55ef362930ef <unknown>
#14 0x55ef3625e99f <unknown>
#15 0x55ef362b7008 <unknown>
#16 0x55ef362b71d7 <unknown>
#17 0x55ef362c9124 <unknown>
#18 0x7fadf3c94ac3 <unknown>

2024-01-22 08:00:06 ERROR Elements not present after 0.5 seconds on page: https://capital.com/es/what-is-cfd-trading
2024-01-22 08:00:06 ERROR 
Traceback (most recent call last):
  File "/home/runner/work/TestCapitalComPySe/TestCapitalComPySe/pages/base_page.py", line 82, in inner_function
    return func(*args, **kwargs)
           ^^^^^^^^^^^^^^^^^^^^^
  File "/home/runner/work/TestCapitalComPySe/TestCapitalComPySe/pages/base_page.py", line 293, in element_is_visible
    return Wait(self.browser, timeout).until(
           ^^^^^^^^^^^^^^^^^^^^^^^^^^^^^^^^^^
  File "/home/runner/.cache/pypoetry/virtualenvs/testcapitalcompyse-CcJ6hTD8-py3.11/lib/python3.11/site-packages/selenium/webdriver/support/wait.py", line 105, in until
    raise TimeoutException(message, screen, stacktrace)
selenium.common.exceptions.TimeoutException: Message: 
Stacktrace:
#0 0x55ef362c9f83 <unknown>
#1 0x55ef35f82cf7 <unknown>
#2 0x55ef35fd299e <unknown>
#3 0x55ef35fd2aa1 <unknown>
#4 0x55ef3601dd64 <unknown>
#5 0x55ef35ffc0dd <unknown>
#6 0x55ef3601b006 <unknown>
#7 0x55ef35ffbe53 <unknown>
#8 0x55ef35fc3dd4 <unknown>
#9 0x55ef35fc51de <unknown>
#10 0x55ef3628e531 <unknown>
#11 0x55ef36292455 <unknown>
#12 0x55ef3627af55 <unknown>
#13 0x55ef362930ef <unknown>
#14 0x55ef3625e99f <unknown>
#15 0x55ef362b7008 <unknown>
#16 0x55ef362b71d7 <unknown>
#17 0x55ef362c9124 <unknown>
#18 0x7fadf3c94ac3 <unknown>