2024-01-22 10:18:27 ERROR Elements not present after 0.5 seconds on page: https://capital.com/es/guia-de-estrategias
2024-01-22 10:18:27 ERROR 
Traceback (most recent call last):
  File "/home/runner/work/TestCapitalComPySe/TestCapitalComPySe/pages/base_page.py", line 82, in inner_function
    return func(*args, **kwargs)
           ^^^^^^^^^^^^^^^^^^^^^
  File "/home/runner/work/TestCapitalComPySe/TestCapitalComPySe/pages/base_page.py", line 293, in element_is_visible
    return Wait(self.browser, timeout).until(
           ^^^^^^^^^^^^^^^^^^^^^^^^^^^^^^^^^^
  File "/home/runner/.cache/pypoetry/virtualenvs/testcapitalcompyse-CcJ6hTD8-py3.11/lib/python3.11/site-packages/selenium/webdriver/support/wait.py", line 105, in until
    raise TimeoutException(message, screen, stacktrace)
selenium.common.exceptions.TimeoutException: Message: 
Stacktrace:
#0 0x56194eb08f83 <unknown>
#1 0x56194e7c1cf7 <unknown>
#2 0x56194e81199e <unknown>
#3 0x56194e811aa1 <unknown>
#4 0x56194e85cd64 <unknown>
#5 0x56194e83b0dd <unknown>
#6 0x56194e85a006 <unknown>
#7 0x56194e83ae53 <unknown>
#8 0x56194e802dd4 <unknown>
#9 0x56194e8041de <unknown>
#10 0x56194eacd531 <unknown>
#11 0x56194ead1455 <unknown>
#12 0x56194eab9f55 <unknown>
#13 0x56194ead20ef <unknown>
#14 0x56194ea9d99f <unknown>
#15 0x56194eaf6008 <unknown>
#16 0x56194eaf61d7 <unknown>
#17 0x56194eb08124 <unknown>
#18 0x7f5903494ac3 <unknown>