2024-10-13 22:38:58 ERROR Elements not present after 0.5 seconds on page: https://capital.com/hu/mobile-apps#
2024-10-13 22:38:58 ERROR 
Traceback (most recent call last):
  File "/home/runner/work/TestCapitalComPySe/TestCapitalComPySe/pages/base_page.py", line 86, in inner_function
    return func(*args, **kwargs)
           ^^^^^^^^^^^^^^^^^^^^^
  File "/home/runner/work/TestCapitalComPySe/TestCapitalComPySe/pages/base_page.py", line 305, in element_is_visible
    return Wait(self.driver, timeout).until(
           ^^^^^^^^^^^^^^^^^^^^^^^^^^^^^^^^^
  File "/home/runner/.cache/pypoetry/virtualenvs/testcapitalcompyse-CcJ6hTD8-py3.12/lib/python3.12/site-packages/selenium/webdriver/support/wait.py", line 105, in until
    raise TimeoutException(message, screen, stacktrace)
selenium.common.exceptions.TimeoutException: Message: 
Stacktrace:
#0 0x555f154beb9a <unknown>
#1 0x555f151a4670 <unknown>
#2 0x555f151f3c48 <unknown>
#3 0x555f151f3ee1 <unknown>
#4 0x555f1523a924 <unknown>
#5 0x555f15218bad <unknown>
#6 0x555f15237dd6 <unknown>
#7 0x555f15218923 <unknown>
#8 0x555f151e66e7 <unknown>
#9 0x555f151e76de <unknown>
#10 0x555f1548866b <unknown>
#11 0x555f1548c611 <unknown>
#12 0x555f154744e5 <unknown>
#13 0x555f1548d192 <unknown>
#14 0x555f154596ef <unknown>
#15 0x555f154ad9d8 <unknown>
#16 0x555f154adba7 <unknown>
#17 0x555f154bd9ec <unknown>
#18 0x7f6eba694ac3 <unknown>

2024-10-13 22:39:03 ERROR Elements not present after 0.5 seconds on page: https://capital.com/hu/mobile-apps#
2024-10-13 22:39:03 ERROR 
Traceback (most recent call last):
  File "/home/runner/work/TestCapitalComPySe/TestCapitalComPySe/pages/base_page.py", line 86, in inner_function
    return func(*args, **kwargs)
           ^^^^^^^^^^^^^^^^^^^^^
  File "/home/runner/work/TestCapitalComPySe/TestCapitalComPySe/pages/base_page.py", line 305, in element_is_visible
    return Wait(self.driver, timeout).until(
           ^^^^^^^^^^^^^^^^^^^^^^^^^^^^^^^^^
  File "/home/runner/.cache/pypoetry/virtualenvs/testcapitalcompyse-CcJ6hTD8-py3.12/lib/python3.12/site-packages/selenium/webdriver/support/wait.py", line 105, in until
    raise TimeoutException(message, screen, stacktrace)
selenium.common.exceptions.TimeoutException: Message: 
Stacktrace:
#0 0x555f154beb9a <unknown>
#1 0x555f151a4670 <unknown>
#2 0x555f151f3c48 <unknown>
#3 0x555f151f3ee1 <unknown>
#4 0x555f1523a924 <unknown>
#5 0x555f15218bad <unknown>
#6 0x555f15237dd6 <unknown>
#7 0x555f15218923 <unknown>
#8 0x555f151e66e7 <unknown>
#9 0x555f151e76de <unknown>
#10 0x555f1548866b <unknown>
#11 0x555f1548c611 <unknown>
#12 0x555f154744e5 <unknown>
#13 0x555f1548d192 <unknown>
#14 0x555f154596ef <unknown>
#15 0x555f154ad9d8 <unknown>
#16 0x555f154adba7 <unknown>
#17 0x555f154bd9ec <unknown>
#18 0x7f6eba694ac3 <unknown>

2024-10-13 22:39:09 ERROR Elements not present after 0.5 seconds on page: https://capital.com/hu/mobile-apps#
2024-10-13 22:39:09 ERROR 
Traceback (most recent call last):
  File "/home/runner/work/TestCapitalComPySe/TestCapitalComPySe/pages/base_page.py", line 86, in inner_function
    return func(*args, **kwargs)
           ^^^^^^^^^^^^^^^^^^^^^
  File "/home/runner/work/TestCapitalComPySe/TestCapitalComPySe/pages/base_page.py", line 305, in element_is_visible
    return Wait(self.driver, timeout).until(
           ^^^^^^^^^^^^^^^^^^^^^^^^^^^^^^^^^
  File "/home/runner/.cache/pypoetry/virtualenvs/testcapitalcompyse-CcJ6hTD8-py3.12/lib/python3.12/site-packages/selenium/webdriver/support/wait.py", line 105, in until
    raise TimeoutException(message, screen, stacktrace)
selenium.common.exceptions.TimeoutException: Message: 
Stacktrace:
#0 0x555f154beb9a <unknown>
#1 0x555f151a4670 <unknown>
#2 0x555f151f3c48 <unknown>
#3 0x555f151f3ee1 <unknown>
#4 0x555f1523a924 <unknown>
#5 0x555f15218bad <unknown>
#6 0x555f15237dd6 <unknown>
#7 0x555f15218923 <unknown>
#8 0x555f151e66e7 <unknown>
#9 0x555f151e76de <unknown>
#10 0x555f1548866b <unknown>
#11 0x555f1548c611 <unknown>
#12 0x555f154744e5 <unknown>
#13 0x555f1548d192 <unknown>
#14 0x555f154596ef <unknown>
#15 0x555f154ad9d8 <unknown>
#16 0x555f154adba7 <unknown>
#17 0x555f154bd9ec <unknown>
#18 0x7f6eba694ac3 <unknown>

2024-10-13 22:39:15 ERROR Elements not present after 0.5 seconds on page: https://capital.com/hu/mobile-apps#
2024-10-13 22:39:15 ERROR 
Traceback (most recent call last):
  File "/home/runner/work/TestCapitalComPySe/TestCapitalComPySe/pages/base_page.py", line 86, in inner_function
    return func(*args, **kwargs)
           ^^^^^^^^^^^^^^^^^^^^^
  File "/home/runner/work/TestCapitalComPySe/TestCapitalComPySe/pages/base_page.py", line 305, in element_is_visible
    return Wait(self.driver, timeout).until(
           ^^^^^^^^^^^^^^^^^^^^^^^^^^^^^^^^^
  File "/home/runner/.cache/pypoetry/virtualenvs/testcapitalcompyse-CcJ6hTD8-py3.12/lib/python3.12/site-packages/selenium/webdriver/support/wait.py", line 105, in until
    raise TimeoutException(message, screen, stacktrace)
selenium.common.exceptions.TimeoutException: Message: 
Stacktrace:
#0 0x555f154beb9a <unknown>
#1 0x555f151a4670 <unknown>
#2 0x555f151f3c48 <unknown>
#3 0x555f151f3ee1 <unknown>
#4 0x555f1523a924 <unknown>
#5 0x555f15218bad <unknown>
#6 0x555f15237dd6 <unknown>
#7 0x555f15218923 <unknown>
#8 0x555f151e66e7 <unknown>
#9 0x555f151e76de <unknown>
#10 0x555f1548866b <unknown>
#11 0x555f1548c611 <unknown>
#12 0x555f154744e5 <unknown>
#13 0x555f1548d192 <unknown>
#14 0x555f154596ef <unknown>
#15 0x555f154ad9d8 <unknown>
#16 0x555f154adba7 <unknown>
#17 0x555f154bd9ec <unknown>
#18 0x7f6eba694ac3 <unknown>

2024-10-13 22:39:20 ERROR Elements not present after 0.5 seconds on page: https://capital.com/hu/mobile-apps#
2024-10-13 22:39:20 ERROR 
Traceback (most recent call last):
  File "/home/runner/work/TestCapitalComPySe/TestCapitalComPySe/pages/base_page.py", line 86, in inner_function
    return func(*args, **kwargs)
           ^^^^^^^^^^^^^^^^^^^^^
  File "/home/runner/work/TestCapitalComPySe/TestCapitalComPySe/pages/base_page.py", line 305, in element_is_visible
    return Wait(self.driver, timeout).until(
           ^^^^^^^^^^^^^^^^^^^^^^^^^^^^^^^^^
  File "/home/runner/.cache/pypoetry/virtualenvs/testcapitalcompyse-CcJ6hTD8-py3.12/lib/python3.12/site-packages/selenium/webdriver/support/wait.py", line 105, in until
    raise TimeoutException(message, screen, stacktrace)
selenium.common.exceptions.TimeoutException: Message: 
Stacktrace:
#0 0x555f154beb9a <unknown>
#1 0x555f151a4670 <unknown>
#2 0x555f151f3c48 <unknown>
#3 0x555f151f3ee1 <unknown>
#4 0x555f1523a924 <unknown>
#5 0x555f15218bad <unknown>
#6 0x555f15237dd6 <unknown>
#7 0x555f15218923 <unknown>
#8 0x555f151e66e7 <unknown>
#9 0x555f151e76de <unknown>
#10 0x555f1548866b <unknown>
#11 0x555f1548c611 <unknown>
#12 0x555f154744e5 <unknown>
#13 0x555f1548d192 <unknown>
#14 0x555f154596ef <unknown>
#15 0x555f154ad9d8 <unknown>
#16 0x555f154adba7 <unknown>
#17 0x555f154bd9ec <unknown>
#18 0x7f6eba694ac3 <unknown>

2024-10-13 22:39:27 ERROR Elements not present after 0.5 seconds on page: https://capital.com/hu/mobile-apps#
2024-10-13 22:39:27 ERROR 
Traceback (most recent call last):
  File "/home/runner/work/TestCapitalComPySe/TestCapitalComPySe/pages/base_page.py", line 86, in inner_function
    return func(*args, **kwargs)
           ^^^^^^^^^^^^^^^^^^^^^
  File "/home/runner/work/TestCapitalComPySe/TestCapitalComPySe/pages/base_page.py", line 305, in element_is_visible
    return Wait(self.driver, timeout).until(
           ^^^^^^^^^^^^^^^^^^^^^^^^^^^^^^^^^
  File "/home/runner/.cache/pypoetry/virtualenvs/testcapitalcompyse-CcJ6hTD8-py3.12/lib/python3.12/site-packages/selenium/webdriver/support/wait.py", line 105, in until
    raise TimeoutException(message, screen, stacktrace)
selenium.common.exceptions.TimeoutException: Message: 
Stacktrace:
#0 0x555f154beb9a <unknown>
#1 0x555f151a4670 <unknown>
#2 0x555f151f3c48 <unknown>
#3 0x555f151f3ee1 <unknown>
#4 0x555f1523a924 <unknown>
#5 0x555f15218bad <unknown>
#6 0x555f15237dd6 <unknown>
#7 0x555f15218923 <unknown>
#8 0x555f151e66e7 <unknown>
#9 0x555f151e76de <unknown>
#10 0x555f1548866b <unknown>
#11 0x555f1548c611 <unknown>
#12 0x555f154744e5 <unknown>
#13 0x555f1548d192 <unknown>
#14 0x555f154596ef <unknown>
#15 0x555f154ad9d8 <unknown>
#16 0x555f154adba7 <unknown>
#17 0x555f154bd9ec <unknown>
#18 0x7f6eba694ac3 <unknown>