2024-06-07 10:57:32 ERROR Could not find elements on page: https://play.google.com/store/apps/details?id=com.capital.trading
2024-06-07 10:57:32 ERROR no such element: Unable to locate element: {"method":"css selector","selector":"h1[itemprop='name'] span"}
  (Session info: chrome=125.0.6422.142); For documentation on this error, please visit: https://www.selenium.dev/documentation/webdriver/troubleshooting/errors#no-such-element-exception
Traceback (most recent call last):
  File "D:\a\TestCapitalComPySe\TestCapitalComPySe\pages\base_page.py", line 86, in inner_function
    return func(*args, **kwargs)
           ^^^^^^^^^^^^^^^^^^^^^
  File "D:\a\TestCapitalComPySe\TestCapitalComPySe\pages\base_page.py", line 500, in get_text
    return "".join(self.driver.find_element(method, locator).text.split("\n")[i:])
                   ^^^^^^^^^^^^^^^^^^^^^^^^^^^^^^^^^^^^^^^^^
  File "C:\Users\runneradmin\AppData\Local\pypoetry\Cache\virtualenvs\testcapitalcompyse-ahTg7XpD-py3.12\Lib\site-packages\selenium\webdriver\remote\webdriver.py", line 741, in find_element
    return self.execute(Command.FIND_ELEMENT, {"using": by, "value": value})["value"]
           ^^^^^^^^^^^^^^^^^^^^^^^^^^^^^^^^^^^^^^^^^^^^^^^^^^^^^^^^^^^^^^^^^
  File "C:\Users\runneradmin\AppData\Local\pypoetry\Cache\virtualenvs\testcapitalcompyse-ahTg7XpD-py3.12\Lib\site-packages\selenium\webdriver\remote\webdriver.py", line 347, in execute
    self.error_handler.check_response(response)
  File "C:\Users\runneradmin\AppData\Local\pypoetry\Cache\virtualenvs\testcapitalcompyse-ahTg7XpD-py3.12\Lib\site-packages\selenium\webdriver\remote\errorhandler.py", line 229, in check_response
    raise exception_class(message, screen, stacktrace)
selenium.common.exceptions.NoSuchElementException: Message: no such element: Unable to locate element: {"method":"css selector","selector":"h1[itemprop='name'] span"}
  (Session info: chrome=125.0.6422.142); For documentation on this error, please visit: https://www.selenium.dev/documentation/webdriver/troubleshooting/errors#no-such-element-exception
Stacktrace:
	GetHandleVerifier [0x0114B8E3+45827]
	(No symbol) [0x010DDCC4]
	(No symbol) [0x00FD150F]
	(No symbol) [0x010120BC]
	(No symbol) [0x0101216B]
	(No symbol) [0x0104E0F2]
	(No symbol) [0x01032E44]
	(No symbol) [0x0104C034]
	(No symbol) [0x01032B96]
	(No symbol) [0x01006998]
	(No symbol) [0x0100751D]
	GetHandleVerifier [0x01404513+2899763]
	GetHandleVerifier [0x0145793D+3240797]
	GetHandleVerifier [0x011D13B4+593364]
	GetHandleVerifier [0x011D82DC+621820]
	(No symbol) [0x010E70A4]
	(No symbol) [0x010E37A8]
	(No symbol) [0x010E3947]
	(No symbol) [0x010D59FE]
	BaseThreadInitThunk [0x760267F9+25]
	RtlGetFullPathName_UEx [0x77137F4D+173]
	RtlGetFullPathName_UEx [0x77137F1B+123]