2024-05-11 13:36:13 ERROR Elements not present after 0.5 seconds on page: https://capital.com/trade-microsoft
2024-05-11 13:36:13 ERROR 
Traceback (most recent call last):
  File "/home/runner/work/TestCapitalComPySe/TestCapitalComPySe/pages/base_page.py", line 86, in inner_function
    return func(*args, **kwargs)
           ^^^^^^^^^^^^^^^^^^^^^
  File "/home/runner/work/TestCapitalComPySe/TestCapitalComPySe/pages/base_page.py", line 305, in element_is_visible
    return Wait(self.driver, timeout).until(
           ^^^^^^^^^^^^^^^^^^^^^^^^^^^^^^^^^
  File "/home/runner/.cache/pypoetry/virtualenvs/testcapitalcompyse-CcJ6hTD8-py3.12/lib/python3.12/site-packages/selenium/webdriver/support/wait.py", line 105, in until
    raise TimeoutException(message, screen, stacktrace)
selenium.common.exceptions.TimeoutException: Message: 
Stacktrace:
#0 0x562a1cd92e43 <unknown>
#1 0x562a1ca814e7 <unknown>
#2 0x562a1cacc35d <unknown>
#3 0x562a1cacc411 <unknown>
#4 0x562a1cb0f774 <unknown>
#5 0x562a1caee47d <unknown>
#6 0x562a1cb0cc29 <unknown>
#7 0x562a1caee1f3 <unknown>
#8 0x562a1cabf28a <unknown>
#9 0x562a1cabfc5e <unknown>
#10 0x562a1cd5716b <unknown>
#11 0x562a1cd5b0bb <unknown>
#12 0x562a1cd43281 <unknown>
#13 0x562a1cd5bc22 <unknown>
#14 0x562a1cd2813f <unknown>
#15 0x562a1cd81f98 <unknown>
#16 0x562a1cd82170 <unknown>
#17 0x562a1cd91f94 <unknown>
#18 0x7fafbea94ac3 <unknown>

2024-05-11 13:36:16 ERROR Elements not present after 0.5 seconds on page: https://capital.com/trade-microsoft
2024-05-11 13:36:16 ERROR 
Traceback (most recent call last):
  File "/home/runner/work/TestCapitalComPySe/TestCapitalComPySe/pages/base_page.py", line 86, in inner_function
    return func(*args, **kwargs)
           ^^^^^^^^^^^^^^^^^^^^^
  File "/home/runner/work/TestCapitalComPySe/TestCapitalComPySe/pages/base_page.py", line 305, in element_is_visible
    return Wait(self.driver, timeout).until(
           ^^^^^^^^^^^^^^^^^^^^^^^^^^^^^^^^^
  File "/home/runner/.cache/pypoetry/virtualenvs/testcapitalcompyse-CcJ6hTD8-py3.12/lib/python3.12/site-packages/selenium/webdriver/support/wait.py", line 105, in until
    raise TimeoutException(message, screen, stacktrace)
selenium.common.exceptions.TimeoutException: Message: 
Stacktrace:
#0 0x562a1cd92e43 <unknown>
#1 0x562a1ca814e7 <unknown>
#2 0x562a1cacc35d <unknown>
#3 0x562a1cacc411 <unknown>
#4 0x562a1cb0f774 <unknown>
#5 0x562a1caee47d <unknown>
#6 0x562a1cb0cc29 <unknown>
#7 0x562a1caee1f3 <unknown>
#8 0x562a1cabf28a <unknown>
#9 0x562a1cabfc5e <unknown>
#10 0x562a1cd5716b <unknown>
#11 0x562a1cd5b0bb <unknown>
#12 0x562a1cd43281 <unknown>
#13 0x562a1cd5bc22 <unknown>
#14 0x562a1cd2813f <unknown>
#15 0x562a1cd81f98 <unknown>
#16 0x562a1cd82170 <unknown>
#17 0x562a1cd91f94 <unknown>
#18 0x7fafbea94ac3 <unknown>

2024-05-11 13:36:20 ERROR Elements not present after 0.5 seconds on page: https://capital.com/trade-microsoft
2024-05-11 13:36:20 ERROR 
Traceback (most recent call last):
  File "/home/runner/work/TestCapitalComPySe/TestCapitalComPySe/pages/base_page.py", line 86, in inner_function
    return func(*args, **kwargs)
           ^^^^^^^^^^^^^^^^^^^^^
  File "/home/runner/work/TestCapitalComPySe/TestCapitalComPySe/pages/base_page.py", line 305, in element_is_visible
    return Wait(self.driver, timeout).until(
           ^^^^^^^^^^^^^^^^^^^^^^^^^^^^^^^^^
  File "/home/runner/.cache/pypoetry/virtualenvs/testcapitalcompyse-CcJ6hTD8-py3.12/lib/python3.12/site-packages/selenium/webdriver/support/wait.py", line 105, in until
    raise TimeoutException(message, screen, stacktrace)
selenium.common.exceptions.TimeoutException: Message: 
Stacktrace:
#0 0x562a1cd92e43 <unknown>
#1 0x562a1ca814e7 <unknown>
#2 0x562a1cacc35d <unknown>
#3 0x562a1cacc411 <unknown>
#4 0x562a1cb0f774 <unknown>
#5 0x562a1caee47d <unknown>
#6 0x562a1cb0cc29 <unknown>
#7 0x562a1caee1f3 <unknown>
#8 0x562a1cabf28a <unknown>
#9 0x562a1cabfc5e <unknown>
#10 0x562a1cd5716b <unknown>
#11 0x562a1cd5b0bb <unknown>
#12 0x562a1cd43281 <unknown>
#13 0x562a1cd5bc22 <unknown>
#14 0x562a1cd2813f <unknown>
#15 0x562a1cd81f98 <unknown>
#16 0x562a1cd82170 <unknown>
#17 0x562a1cd91f94 <unknown>
#18 0x7fafbea94ac3 <unknown>