2024-02-09 22:01:29 ERROR Elements not present after 0.5 seconds on page: https://capital.com/it/negozia-hang-seng-50
2024-02-09 22:01:29 ERROR 
Traceback (most recent call last):
  File "/home/runner/work/TestCapitalComPySe/TestCapitalComPySe/pages/base_page.py", line 84, in inner_function
    return func(*args, **kwargs)
           ^^^^^^^^^^^^^^^^^^^^^
  File "/home/runner/work/TestCapitalComPySe/TestCapitalComPySe/pages/base_page.py", line 301, in element_is_visible
    return Wait(self.driver, timeout).until(
           ^^^^^^^^^^^^^^^^^^^^^^^^^^^^^^^^^
  File "/home/runner/.cache/pypoetry/virtualenvs/testcapitalcompyse-CcJ6hTD8-py3.12/lib/python3.12/site-packages/selenium/webdriver/support/wait.py", line 105, in until
    raise TimeoutException(message, screen, stacktrace)
selenium.common.exceptions.TimeoutException: Message: 
Stacktrace:
#0 0x55698bfb5d93 <unknown>
#1 0x55698bc99337 <unknown>
#2 0x55698bce4d60 <unknown>
#3 0x55698bce4e51 <unknown>
#4 0x55698bd28bc4 <unknown>
#5 0x55698bd0746d <unknown>
#6 0x55698bd2612d <unknown>
#7 0x55698bd071e3 <unknown>
#8 0x55698bcd7135 <unknown>
#9 0x55698bcd813e <unknown>
#10 0x55698bf79e4b <unknown>
#11 0x55698bf7ddfa <unknown>
#12 0x55698bf666d5 <unknown>
#13 0x55698bf7ea6f <unknown>
#14 0x55698bf4a69f <unknown>
#15 0x55698bfa3098 <unknown>
#16 0x55698bfa3262 <unknown>
#17 0x55698bfb4f34 <unknown>
#18 0x7ff494894ac3 <unknown>

2024-02-09 22:01:33 ERROR Elements not present after 0.5 seconds on page: https://capital.com/it/negozia-hang-seng-50
2024-02-09 22:01:33 ERROR 
Traceback (most recent call last):
  File "/home/runner/work/TestCapitalComPySe/TestCapitalComPySe/pages/base_page.py", line 84, in inner_function
    return func(*args, **kwargs)
           ^^^^^^^^^^^^^^^^^^^^^
  File "/home/runner/work/TestCapitalComPySe/TestCapitalComPySe/pages/base_page.py", line 301, in element_is_visible
    return Wait(self.driver, timeout).until(
           ^^^^^^^^^^^^^^^^^^^^^^^^^^^^^^^^^
  File "/home/runner/.cache/pypoetry/virtualenvs/testcapitalcompyse-CcJ6hTD8-py3.12/lib/python3.12/site-packages/selenium/webdriver/support/wait.py", line 105, in until
    raise TimeoutException(message, screen, stacktrace)
selenium.common.exceptions.TimeoutException: Message: 
Stacktrace:
#0 0x55698bfb5d93 <unknown>
#1 0x55698bc99337 <unknown>
#2 0x55698bce4d60 <unknown>
#3 0x55698bce4e51 <unknown>
#4 0x55698bd28bc4 <unknown>
#5 0x55698bd0746d <unknown>
#6 0x55698bd2612d <unknown>
#7 0x55698bd071e3 <unknown>
#8 0x55698bcd7135 <unknown>
#9 0x55698bcd813e <unknown>
#10 0x55698bf79e4b <unknown>
#11 0x55698bf7ddfa <unknown>
#12 0x55698bf666d5 <unknown>
#13 0x55698bf7ea6f <unknown>
#14 0x55698bf4a69f <unknown>
#15 0x55698bfa3098 <unknown>
#16 0x55698bfa3262 <unknown>
#17 0x55698bfb4f34 <unknown>
#18 0x7ff494894ac3 <unknown>