2024-01-04 07:44:45 ERROR Unable to initialize WebDriver
2024-01-04 07:44:45 ERROR 
Traceback (most recent call last):
  File "/home/runner/work/TestCapitalComPySe/TestCapitalComPySe/pages/base_page.py", line 82, in inner_function
    return func(*args, **kwargs)
           ^^^^^^^^^^^^^^^^^^^^^
  File "/home/runner/work/TestCapitalComPySe/TestCapitalComPySe/pages/base_page.py", line 414, in element_is_visible
    return Wait(self.browser, timeout).until(
           ^^^^^^^^^^^^^^^^^^^^^^^^^^^^^^^^^^
  File "/home/runner/.cache/pypoetry/virtualenvs/testcapitalcom-CcJ6hTD8-py3.11/lib/python3.11/site-packages/selenium/webdriver/support/wait.py", line 105, in until
    raise TimeoutException(message, screen, stacktrace)
selenium.common.exceptions.TimeoutException: Message: 
Stacktrace:
#0 0x559cb7f21f83 <unknown>
#1 0x559cb7bdacf7 <unknown>
#2 0x559cb7c2a99e <unknown>
#3 0x559cb7c2aaa1 <unknown>
#4 0x559cb7c75d64 <unknown>
#5 0x559cb7c540dd <unknown>
#6 0x559cb7c73006 <unknown>
#7 0x559cb7c53e53 <unknown>
#8 0x559cb7c1bdd4 <unknown>
#9 0x559cb7c1d1de <unknown>
#10 0x559cb7ee6531 <unknown>
#11 0x559cb7eea455 <unknown>
#12 0x559cb7ed2f55 <unknown>
#13 0x559cb7eeb0ef <unknown>
#14 0x559cb7eb699f <unknown>
#15 0x559cb7f0f008 <unknown>
#16 0x559cb7f0f1d7 <unknown>
#17 0x559cb7f21124 <unknown>
#18 0x7f8910694ac3 <unknown>

2024-01-04 07:44:49 ERROR Unable to initialize WebDriver
2024-01-04 07:44:49 ERROR 
Traceback (most recent call last):
  File "/home/runner/work/TestCapitalComPySe/TestCapitalComPySe/pages/base_page.py", line 82, in inner_function
    return func(*args, **kwargs)
           ^^^^^^^^^^^^^^^^^^^^^
  File "/home/runner/work/TestCapitalComPySe/TestCapitalComPySe/pages/base_page.py", line 414, in element_is_visible
    return Wait(self.browser, timeout).until(
           ^^^^^^^^^^^^^^^^^^^^^^^^^^^^^^^^^^
  File "/home/runner/.cache/pypoetry/virtualenvs/testcapitalcom-CcJ6hTD8-py3.11/lib/python3.11/site-packages/selenium/webdriver/support/wait.py", line 105, in until
    raise TimeoutException(message, screen, stacktrace)
selenium.common.exceptions.TimeoutException: Message: 
Stacktrace:
#0 0x559cb7f21f83 <unknown>
#1 0x559cb7bdacf7 <unknown>
#2 0x559cb7c2a99e <unknown>
#3 0x559cb7c2aaa1 <unknown>
#4 0x559cb7c75d64 <unknown>
#5 0x559cb7c540dd <unknown>
#6 0x559cb7c73006 <unknown>
#7 0x559cb7c53e53 <unknown>
#8 0x559cb7c1bdd4 <unknown>
#9 0x559cb7c1d1de <unknown>
#10 0x559cb7ee6531 <unknown>
#11 0x559cb7eea455 <unknown>
#12 0x559cb7ed2f55 <unknown>
#13 0x559cb7eeb0ef <unknown>
#14 0x559cb7eb699f <unknown>
#15 0x559cb7f0f008 <unknown>
#16 0x559cb7f0f1d7 <unknown>
#17 0x559cb7f21124 <unknown>
#18 0x7f8910694ac3 <unknown>