2024-02-08 22:27:04 ERROR Elements not present after 0.5 seconds on page: https://capital.com/herd-bias
2024-02-08 22:27:04 ERROR 
Traceback (most recent call last):
  File "/home/runner/work/TestCapitalComPySe/TestCapitalComPySe/pages/base_page.py", line 84, in inner_function
    return func(*args, **kwargs)
           ^^^^^^^^^^^^^^^^^^^^^
  File "/home/runner/work/TestCapitalComPySe/TestCapitalComPySe/pages/base_page.py", line 301, in element_is_visible
    return Wait(self.driver, timeout).until(
           ^^^^^^^^^^^^^^^^^^^^^^^^^^^^^^^^^
  File "/home/runner/.cache/pypoetry/virtualenvs/testcapitalcompyse-CcJ6hTD8-py3.12/lib/python3.12/site-packages/selenium/webdriver/support/wait.py", line 105, in until
    raise TimeoutException(message, screen, stacktrace)
selenium.common.exceptions.TimeoutException: Message: 
Stacktrace:
#0 0x5634957acd93 <unknown>
#1 0x563495490337 <unknown>
#2 0x5634954dbd60 <unknown>
#3 0x5634954dbe51 <unknown>
#4 0x56349551fbc4 <unknown>
#5 0x5634954fe46d <unknown>
#6 0x56349551d12d <unknown>
#7 0x5634954fe1e3 <unknown>
#8 0x5634954ce135 <unknown>
#9 0x5634954cf13e <unknown>
#10 0x563495770e4b <unknown>
#11 0x563495774dfa <unknown>
#12 0x56349575d6d5 <unknown>
#13 0x563495775a6f <unknown>
#14 0x56349574169f <unknown>
#15 0x56349579a098 <unknown>
#16 0x56349579a262 <unknown>
#17 0x5634957abf34 <unknown>
#18 0x7f4ab8294ac3 <unknown>

2024-02-08 22:27:07 ERROR Elements not present after 0.5 seconds on page: https://capital.com/herd-bias
2024-02-08 22:27:07 ERROR 
Traceback (most recent call last):
  File "/home/runner/work/TestCapitalComPySe/TestCapitalComPySe/pages/base_page.py", line 84, in inner_function
    return func(*args, **kwargs)
           ^^^^^^^^^^^^^^^^^^^^^
  File "/home/runner/work/TestCapitalComPySe/TestCapitalComPySe/pages/base_page.py", line 301, in element_is_visible
    return Wait(self.driver, timeout).until(
           ^^^^^^^^^^^^^^^^^^^^^^^^^^^^^^^^^
  File "/home/runner/.cache/pypoetry/virtualenvs/testcapitalcompyse-CcJ6hTD8-py3.12/lib/python3.12/site-packages/selenium/webdriver/support/wait.py", line 105, in until
    raise TimeoutException(message, screen, stacktrace)
selenium.common.exceptions.TimeoutException: Message: 
Stacktrace:
#0 0x5634957acd93 <unknown>
#1 0x563495490337 <unknown>
#2 0x5634954dbd60 <unknown>
#3 0x5634954dbe51 <unknown>
#4 0x56349551fbc4 <unknown>
#5 0x5634954fe46d <unknown>
#6 0x56349551d12d <unknown>
#7 0x5634954fe1e3 <unknown>
#8 0x5634954ce135 <unknown>
#9 0x5634954cf13e <unknown>
#10 0x563495770e4b <unknown>
#11 0x563495774dfa <unknown>
#12 0x56349575d6d5 <unknown>
#13 0x563495775a6f <unknown>
#14 0x56349574169f <unknown>
#15 0x56349579a098 <unknown>
#16 0x56349579a262 <unknown>
#17 0x5634957abf34 <unknown>
#18 0x7f4ab8294ac3 <unknown>

2024-02-08 22:27:10 ERROR Elements not present after 0.5 seconds on page: https://capital.com/herd-bias
2024-02-08 22:27:10 ERROR 
Traceback (most recent call last):
  File "/home/runner/work/TestCapitalComPySe/TestCapitalComPySe/pages/base_page.py", line 84, in inner_function
    return func(*args, **kwargs)
           ^^^^^^^^^^^^^^^^^^^^^
  File "/home/runner/work/TestCapitalComPySe/TestCapitalComPySe/pages/base_page.py", line 301, in element_is_visible
    return Wait(self.driver, timeout).until(
           ^^^^^^^^^^^^^^^^^^^^^^^^^^^^^^^^^
  File "/home/runner/.cache/pypoetry/virtualenvs/testcapitalcompyse-CcJ6hTD8-py3.12/lib/python3.12/site-packages/selenium/webdriver/support/wait.py", line 105, in until
    raise TimeoutException(message, screen, stacktrace)
selenium.common.exceptions.TimeoutException: Message: 
Stacktrace:
#0 0x5634957acd93 <unknown>
#1 0x563495490337 <unknown>
#2 0x5634954dbd60 <unknown>
#3 0x5634954dbe51 <unknown>
#4 0x56349551fbc4 <unknown>
#5 0x5634954fe46d <unknown>
#6 0x56349551d12d <unknown>
#7 0x5634954fe1e3 <unknown>
#8 0x5634954ce135 <unknown>
#9 0x5634954cf13e <unknown>
#10 0x563495770e4b <unknown>
#11 0x563495774dfa <unknown>
#12 0x56349575d6d5 <unknown>
#13 0x563495775a6f <unknown>
#14 0x56349574169f <unknown>
#15 0x56349579a098 <unknown>
#16 0x56349579a262 <unknown>
#17 0x5634957abf34 <unknown>
#18 0x7f4ab8294ac3 <unknown>