{"uid":"ac51995924b1d1a2","name":"TC_11.02.02.00_09 | Testing button in block [Horizontal banner]. Bid:11.02.02.00_09-ar.ae.Auth","fullName":"tests.US_11_Education.US_11-02-02_Shares_trading.US_11-02-02-00_Shares_trading_test.TestSharesTrading#test_09_block_hor_banner_button","historyId":"78b73bcf3712ce409e698cd47381407e","time":{"start":1717451013726,"stop":1717451031775,"duration":18049},"description":"\n        Check the [Button] on the Horizontal banner at the bottom of the page.\n        For \"Authorized user\" role:\n        The trading platform page is opened depend on the banner [type-id]:\n                Live mode if the banner in the Live mode banners list\n                Demo mode if the banner in the Demo mode banners list\n        ","descriptionHtml":"<pre><code>    Check the [Button] on the Horizontal banner at the bottom of the page.\n    For &quot;Authorized user&quot; role:\n    The trading platform page is opened depend on the banner [type-id]:\n            Live mode if the banner in the Live mode banners list\n            Demo mode if the banner in the Demo mode banners list\n</code></pre>\n","status":"broken","statusMessage":"selenium.common.exceptions.WebDriverException: Message: no such execution context\n  (Session info: chrome=124.0.6367.208)\nStacktrace:\n\tGetHandleVerifier [0x005BC113+48259]\n\t(No symbol) [0x0054CA41]\n\t(No symbol) [0x004408A3]\n\t(No symbol) [0x0042C89F]\n\t(No symbol) [0x0042B4DD]\n\t(No symbol) [0x0042B9DD]\n\t(No symbol) [0x004380C6]\n\t(No symbol) [0x0044B181]\n\t(No symbol) [0x0044F536]\n\t(No symbol) [0x0042C048]\n\t(No symbol) [0x0044AE1A]\n\t(No symbol) [0x004B9E95]\n\t(No symbol) [0x004A0B36]\n\t(No symbol) [0x0047570D]\n\t(No symbol) [0x004762CD]\n\tGetHandleVerifier [0x008765A3+2908435]\n\tGetHandleVerifier [0x008B3BBB+3159851]\n\tGetHandleVerifier [0x006550CB+674875]\n\tGetHandleVerifier [0x0065B28C+699900]\n\t(No symbol) [0x00556244]\n\t(No symbol) [0x00552298]\n\t(No symbol) [0x0055242C]\n\t(No symbol) [0x00544BB0]\n\tBaseThreadInitThunk [0x761B67F9+25]\n\tRtlGetFullPathName_UEx [0x77847F4D+173]\n\tRtlGetFullPathName_UEx [0x77847F1B+123]","statusTrace":"self = <US_11-02-02-00_Shares_trading_test.TestSharesTrading object at 0x0000014C05C65D90>\nworker_id = 'master'\nd = <selenium.webdriver.chrome.webdriver.WebDriver (session=\"8cdf15e756b77c105d89b6009e186f7f\")>\ncur_language = 'ar', cur_country = 'ae', cur_role = 'Auth'\ncur_login = 'test001.miketar+1@gmail.com', cur_password = 'Qwer1234-!@#$'\n\n    @allure.step(\"Start test of button in block [Horizontal banner]\")\n    # @pytest.mark.skip(reason=\"Skipped for debugging\")\n    @pytest.mark.test_09\n    def test_09_block_hor_banner_button(\n            self, worker_id, d, cur_language, cur_country, cur_role, cur_login, cur_password):\n        \"\"\"\n        Check the [Button] on the Horizontal banner at the bottom of the page.\n        For \"Authorized user\" role:\n        The trading platform page is opened depend on the banner [type-id]:\n                Live mode if the banner in the Live mode banners list\n                Demo mode if the banner in the Demo mode banners list\n        \"\"\"\n    \n        bid = build_dynamic_arg_v4(\n            d, worker_id, cur_language, cur_country, cur_role,\n            \"11.02.02\", \"Education > Menu item [Shares trading]\",\n            \".00_09\", \"Testing button in block [Horizontal banner]\")\n    \n        Common().check_country_in_list_and_skip_if_present(cur_country, [\"gb\"])\n        Common().skip_if_eng_lang_and_fca_license(cur_language, cur_country)\n        check_language(cur_language)\n        if cur_language in [\"\", \"cn\"]:\n            Common().skip_test_for_language(cur_language)\n    \n        page_conditions = Conditions(d, \"\")\n        main_page_link = page_conditions.preconditions(\n            d, CapitalComPageSrc.URL, \"\", cur_language, cur_country, cur_role, cur_login, cur_password)\n    \n        # банеры должны открываться в Demo mode for US_00\n        banner00_hor_tpd = ['103', '252', '167', '197', '220', '291']\n        # банеры должны открываться в Live mode for US_00\n        banner00_hor_tp = ['378', '390', '428', '427']\n        # банеры должны открываться в Demo mode for US_01\n        banner01_hor_tpd = []\n        # банеры должны открываться в Live mode for US_01\n        banner01_hor_tp = []\n    \n        page_menu = MenuSection(d, main_page_link)\n        cur_menu_link = page_menu.open_education_shares_trading_menu(d, cur_language, cur_country, main_page_link)\n    \n        test_element = ButtonOnHorizontalBanner(d, cur_menu_link, bid)\n>       test_element.full_test_with_tpi(d, cur_language, cur_country, cur_role, cur_menu_link,\n                                        banner00_hor_tpd, banner00_hor_tp, banner01_hor_tpd, banner01_hor_tp)\n\ntests\\US_11_Education\\US_11-02-02_Shares_trading\\US_11-02-02-00_Shares_trading_test.py:206: \n_ _ _ _ _ _ _ _ _ _ _ _ _ _ _ _ _ _ _ _ _ _ _ _ _ _ _ _ _ _ _ _ _ _ _ _ _ _ _ _\npages\\Elements\\HorizontalBannerButton.py:31: in full_test_with_tpi\n    data_id = self.element_click()\npages\\Elements\\HorizontalBannerButton.py:104: in element_click\n    web_element.click()\nC:\\Users\\runneradmin\\AppData\\Local\\pypoetry\\Cache\\virtualenvs\\testcapitalcompyse-ahTg7XpD-py3.12\\Lib\\site-packages\\selenium\\webdriver\\remote\\webelement.py:94: in click\n    self._execute(Command.CLICK_ELEMENT)\nC:\\Users\\runneradmin\\AppData\\Local\\pypoetry\\Cache\\virtualenvs\\testcapitalcompyse-ahTg7XpD-py3.12\\Lib\\site-packages\\selenium\\webdriver\\remote\\webelement.py:395: in _execute\n    return self._parent.execute(command, params)\nC:\\Users\\runneradmin\\AppData\\Local\\pypoetry\\Cache\\virtualenvs\\testcapitalcompyse-ahTg7XpD-py3.12\\Lib\\site-packages\\selenium\\webdriver\\remote\\webdriver.py:347: in execute\n    self.error_handler.check_response(response)\n_ _ _ _ _ _ _ _ _ _ _ _ _ _ _ _ _ _ _ _ _ _ _ _ _ _ _ _ _ _ _ _ _ _ _ _ _ _ _ _\n\nself = <selenium.webdriver.remote.errorhandler.ErrorHandler object at 0x0000014C05C67C80>\nresponse = {'status': 400, 'value': '{\"value\":{\"error\":\"no such execution context\",\"message\":\"no such execution context\\\\n  (Sess...Thunk [0x761B67F9+25]\\\\n\\\\tRtlGetFullPathName_UEx [0x77847F4D+173]\\\\n\\\\tRtlGetFullPathName_UEx [0x77847F1B+123]\\\\n\"}}'}\n\n    def check_response(self, response: Dict[str, Any]) -> None:\n        \"\"\"Checks that a JSON response from the WebDriver does not have an\n        error.\n    \n        :Args:\n         - response - The JSON response from the WebDriver server as a dictionary\n           object.\n    \n        :Raises: If the response contains an error message.\n        \"\"\"\n        status = response.get(\"status\", None)\n        if not status or status == ErrorCode.SUCCESS:\n            return\n        value = None\n        message = response.get(\"message\", \"\")\n        screen: str = response.get(\"screen\", \"\")\n        stacktrace = None\n        if isinstance(status, int):\n            value_json = response.get(\"value\", None)\n            if value_json and isinstance(value_json, str):\n                import json\n    \n                try:\n                    value = json.loads(value_json)\n                    if len(value) == 1:\n                        value = value[\"value\"]\n                    status = value.get(\"error\", None)\n                    if not status:\n                        status = value.get(\"status\", ErrorCode.UNKNOWN_ERROR)\n                        message = value.get(\"value\") or value.get(\"message\")\n                        if not isinstance(message, str):\n                            value = message\n                            message = message.get(\"message\")\n                    else:\n                        message = value.get(\"message\", None)\n                except ValueError:\n                    pass\n    \n        exception_class: Type[WebDriverException]\n        e = ErrorCode()\n        error_codes = [item for item in dir(e) if not item.startswith(\"__\")]\n        for error_code in error_codes:\n            error_info = getattr(ErrorCode, error_code)\n            if isinstance(error_info, list) and status in error_info:\n                exception_class = getattr(ExceptionMapping, error_code, WebDriverException)\n                break\n        else:\n            exception_class = WebDriverException\n    \n        if not value:\n            value = response[\"value\"]\n        if isinstance(value, str):\n            raise exception_class(value)\n        if message == \"\" and \"message\" in value:\n            message = value[\"message\"]\n    \n        screen = None  # type: ignore[assignment]\n        if \"screen\" in value:\n            screen = value[\"screen\"]\n    \n        stacktrace = None\n        st_value = value.get(\"stackTrace\") or value.get(\"stacktrace\")\n        if st_value:\n            if isinstance(st_value, str):\n                stacktrace = st_value.split(\"\\n\")\n            else:\n                stacktrace = []\n                try:\n                    for frame in st_value:\n                        line = frame.get(\"lineNumber\", \"\")\n                        file = frame.get(\"fileName\", \"<anonymous>\")\n                        if line:\n                            file = f\"{file}:{line}\"\n                        meth = frame.get(\"methodName\", \"<anonymous>\")\n                        if \"className\" in frame:\n                            meth = f\"{frame['className']}.{meth}\"\n                        msg = \"    at %s (%s)\"\n                        msg = msg % (meth, file)\n                        stacktrace.append(msg)\n                except TypeError:\n                    pass\n        if exception_class == UnexpectedAlertPresentException:\n            alert_text = None\n            if \"data\" in value:\n                alert_text = value[\"data\"].get(\"text\")\n            elif \"alert\" in value:\n                alert_text = value[\"alert\"].get(\"text\")\n            raise exception_class(message, screen, stacktrace, alert_text)  # type: ignore[call-arg]  # mypy is not smart enough here\n>       raise exception_class(message, screen, stacktrace)\nE       selenium.common.exceptions.WebDriverException: Message: no such execution context\nE         (Session info: chrome=124.0.6367.208)\nE       Stacktrace:\nE       \tGetHandleVerifier [0x005BC113+48259]\nE       \t(No symbol) [0x0054CA41]\nE       \t(No symbol) [0x004408A3]\nE       \t(No symbol) [0x0042C89F]\nE       \t(No symbol) [0x0042B4DD]\nE       \t(No symbol) [0x0042B9DD]\nE       \t(No symbol) [0x004380C6]\nE       \t(No symbol) [0x0044B181]\nE       \t(No symbol) [0x0044F536]\nE       \t(No symbol) [0x0042C048]\nE       \t(No symbol) [0x0044AE1A]\nE       \t(No symbol) [0x004B9E95]\nE       \t(No symbol) [0x004A0B36]\nE       \t(No symbol) [0x0047570D]\nE       \t(No symbol) [0x004762CD]\nE       \tGetHandleVerifier [0x008765A3+2908435]\nE       \tGetHandleVerifier [0x008B3BBB+3159851]\nE       \tGetHandleVerifier [0x006550CB+674875]\nE       \tGetHandleVerifier [0x0065B28C+699900]\nE       \t(No symbol) [0x00556244]\nE       \t(No symbol) [0x00552298]\nE       \t(No symbol) [0x0055242C]\nE       \t(No symbol) [0x00544BB0]\nE       \tBaseThreadInitThunk [0x761B67F9+25]\nE       \tRtlGetFullPathName_UEx [0x77847F4D+173]\nE       \tRtlGetFullPathName_UEx [0x77847F1B+123]\n\nC:\\Users\\runneradmin\\AppData\\Local\\pypoetry\\Cache\\virtualenvs\\testcapitalcompyse-ahTg7XpD-py3.12\\Lib\\site-packages\\selenium\\webdriver\\remote\\errorhandler.py:229: WebDriverException","flaky":false,"newFailed":false,"newBroken":false,"newPassed":false,"retriesCount":0,"retriesStatusChange":false,"beforeStages":[{"name":"d","time":{"start":1717450845881,"stop":1717450847532,"duration":1651},"status":"passed","steps":[],"attachments":[],"parameters":[],"shouldDisplayMessage":false,"stepsCount":0,"attachmentsCount":0,"hasContent":false,"attachmentStep":false},{"name":"cur_language","time":{"start":1717450847532,"stop":1717450847532,"duration":0},"status":"passed","steps":[],"attachments":[],"parameters":[],"shouldDisplayMessage":false,"stepsCount":0,"attachmentsCount":0,"hasContent":false,"attachmentStep":false},{"name":"cur_country","time":{"start":1717450847532,"stop":1717450847532,"duration":0},"status":"passed","steps":[],"attachments":[],"parameters":[],"shouldDisplayMessage":false,"stepsCount":0,"attachmentsCount":0,"hasContent":false,"attachmentStep":false},{"name":"cur_password","time":{"start":1717450847532,"stop":1717450847533,"duration":1},"status":"passed","steps":[],"attachments":[],"parameters":[],"shouldDisplayMessage":false,"stepsCount":0,"attachmentsCount":0,"hasContent":false,"attachmentStep":false},{"name":"worker_id","time":{"start":1717450847532,"stop":1717450847532,"duration":0},"status":"passed","steps":[],"attachments":[],"parameters":[],"shouldDisplayMessage":false,"stepsCount":0,"attachmentsCount":0,"hasContent":false,"attachmentStep":false},{"name":"cur_login","time":{"start":1717450847532,"stop":1717450847532,"duration":0},"status":"passed","steps":[],"attachments":[],"parameters":[],"shouldDisplayMessage":false,"stepsCount":0,"attachmentsCount":0,"hasContent":false,"attachmentStep":false},{"name":"cur_role","time":{"start":1717450933403,"stop":1717450933403,"duration":0},"status":"passed","steps":[],"attachments":[],"parameters":[],"shouldDisplayMessage":false,"stepsCount":0,"attachmentsCount":0,"hasContent":false,"attachmentStep":false}],"testStage":{"description":"\n        Check the [Button] on the Horizontal banner at the bottom of the page.\n        For \"Authorized user\" role:\n        The trading platform page is opened depend on the banner [type-id]:\n                Live mode if the banner in the Live mode banners list\n                Demo mode if the banner in the Demo mode banners list\n        ","status":"broken","statusMessage":"selenium.common.exceptions.WebDriverException: Message: no such execution context\n  (Session info: chrome=124.0.6367.208)\nStacktrace:\n\tGetHandleVerifier [0x005BC113+48259]\n\t(No symbol) [0x0054CA41]\n\t(No symbol) [0x004408A3]\n\t(No symbol) [0x0042C89F]\n\t(No symbol) [0x0042B4DD]\n\t(No symbol) [0x0042B9DD]\n\t(No symbol) [0x004380C6]\n\t(No symbol) [0x0044B181]\n\t(No symbol) [0x0044F536]\n\t(No symbol) [0x0042C048]\n\t(No symbol) [0x0044AE1A]\n\t(No symbol) [0x004B9E95]\n\t(No symbol) [0x004A0B36]\n\t(No symbol) [0x0047570D]\n\t(No symbol) [0x004762CD]\n\tGetHandleVerifier [0x008765A3+2908435]\n\tGetHandleVerifier [0x008B3BBB+3159851]\n\tGetHandleVerifier [0x006550CB+674875]\n\tGetHandleVerifier [0x0065B28C+699900]\n\t(No symbol) [0x00556244]\n\t(No symbol) [0x00552298]\n\t(No symbol) [0x0055242C]\n\t(No symbol) [0x00544BB0]\n\tBaseThreadInitThunk [0x761B67F9+25]\n\tRtlGetFullPathName_UEx [0x77847F4D+173]\n\tRtlGetFullPathName_UEx [0x77847F1B+123]","statusTrace":"self = <US_11-02-02-00_Shares_trading_test.TestSharesTrading object at 0x0000014C05C65D90>\nworker_id = 'master'\nd = <selenium.webdriver.chrome.webdriver.WebDriver (session=\"8cdf15e756b77c105d89b6009e186f7f\")>\ncur_language = 'ar', cur_country = 'ae', cur_role = 'Auth'\ncur_login = 'test001.miketar+1@gmail.com', cur_password = 'Qwer1234-!@#$'\n\n    @allure.step(\"Start test of button in block [Horizontal banner]\")\n    # @pytest.mark.skip(reason=\"Skipped for debugging\")\n    @pytest.mark.test_09\n    def test_09_block_hor_banner_button(\n            self, worker_id, d, cur_language, cur_country, cur_role, cur_login, cur_password):\n        \"\"\"\n        Check the [Button] on the Horizontal banner at the bottom of the page.\n        For \"Authorized user\" role:\n        The trading platform page is opened depend on the banner [type-id]:\n                Live mode if the banner in the Live mode banners list\n                Demo mode if the banner in the Demo mode banners list\n        \"\"\"\n    \n        bid = build_dynamic_arg_v4(\n            d, worker_id, cur_language, cur_country, cur_role,\n            \"11.02.02\", \"Education > Menu item [Shares trading]\",\n            \".00_09\", \"Testing button in block [Horizontal banner]\")\n    \n        Common().check_country_in_list_and_skip_if_present(cur_country, [\"gb\"])\n        Common().skip_if_eng_lang_and_fca_license(cur_language, cur_country)\n        check_language(cur_language)\n        if cur_language in [\"\", \"cn\"]:\n            Common().skip_test_for_language(cur_language)\n    \n        page_conditions = Conditions(d, \"\")\n        main_page_link = page_conditions.preconditions(\n            d, CapitalComPageSrc.URL, \"\", cur_language, cur_country, cur_role, cur_login, cur_password)\n    \n        # банеры должны открываться в Demo mode for US_00\n        banner00_hor_tpd = ['103', '252', '167', '197', '220', '291']\n        # банеры должны открываться в Live mode for US_00\n        banner00_hor_tp = ['378', '390', '428', '427']\n        # банеры должны открываться в Demo mode for US_01\n        banner01_hor_tpd = []\n        # банеры должны открываться в Live mode for US_01\n        banner01_hor_tp = []\n    \n        page_menu = MenuSection(d, main_page_link)\n        cur_menu_link = page_menu.open_education_shares_trading_menu(d, cur_language, cur_country, main_page_link)\n    \n        test_element = ButtonOnHorizontalBanner(d, cur_menu_link, bid)\n>       test_element.full_test_with_tpi(d, cur_language, cur_country, cur_role, cur_menu_link,\n                                        banner00_hor_tpd, banner00_hor_tp, banner01_hor_tpd, banner01_hor_tp)\n\ntests\\US_11_Education\\US_11-02-02_Shares_trading\\US_11-02-02-00_Shares_trading_test.py:206: \n_ _ _ _ _ _ _ _ _ _ _ _ _ _ _ _ _ _ _ _ _ _ _ _ _ _ _ _ _ _ _ _ _ _ _ _ _ _ _ _\npages\\Elements\\HorizontalBannerButton.py:31: in full_test_with_tpi\n    data_id = self.element_click()\npages\\Elements\\HorizontalBannerButton.py:104: in element_click\n    web_element.click()\nC:\\Users\\runneradmin\\AppData\\Local\\pypoetry\\Cache\\virtualenvs\\testcapitalcompyse-ahTg7XpD-py3.12\\Lib\\site-packages\\selenium\\webdriver\\remote\\webelement.py:94: in click\n    self._execute(Command.CLICK_ELEMENT)\nC:\\Users\\runneradmin\\AppData\\Local\\pypoetry\\Cache\\virtualenvs\\testcapitalcompyse-ahTg7XpD-py3.12\\Lib\\site-packages\\selenium\\webdriver\\remote\\webelement.py:395: in _execute\n    return self._parent.execute(command, params)\nC:\\Users\\runneradmin\\AppData\\Local\\pypoetry\\Cache\\virtualenvs\\testcapitalcompyse-ahTg7XpD-py3.12\\Lib\\site-packages\\selenium\\webdriver\\remote\\webdriver.py:347: in execute\n    self.error_handler.check_response(response)\n_ _ _ _ _ _ _ _ _ _ _ _ _ _ _ _ _ _ _ _ _ _ _ _ _ _ _ _ _ _ _ _ _ _ _ _ _ _ _ _\n\nself = <selenium.webdriver.remote.errorhandler.ErrorHandler object at 0x0000014C05C67C80>\nresponse = {'status': 400, 'value': '{\"value\":{\"error\":\"no such execution context\",\"message\":\"no such execution context\\\\n  (Sess...Thunk [0x761B67F9+25]\\\\n\\\\tRtlGetFullPathName_UEx [0x77847F4D+173]\\\\n\\\\tRtlGetFullPathName_UEx [0x77847F1B+123]\\\\n\"}}'}\n\n    def check_response(self, response: Dict[str, Any]) -> None:\n        \"\"\"Checks that a JSON response from the WebDriver does not have an\n        error.\n    \n        :Args:\n         - response - The JSON response from the WebDriver server as a dictionary\n           object.\n    \n        :Raises: If the response contains an error message.\n        \"\"\"\n        status = response.get(\"status\", None)\n        if not status or status == ErrorCode.SUCCESS:\n            return\n        value = None\n        message = response.get(\"message\", \"\")\n        screen: str = response.get(\"screen\", \"\")\n        stacktrace = None\n        if isinstance(status, int):\n            value_json = response.get(\"value\", None)\n            if value_json and isinstance(value_json, str):\n                import json\n    \n                try:\n                    value = json.loads(value_json)\n                    if len(value) == 1:\n                        value = value[\"value\"]\n                    status = value.get(\"error\", None)\n                    if not status:\n                        status = value.get(\"status\", ErrorCode.UNKNOWN_ERROR)\n                        message = value.get(\"value\") or value.get(\"message\")\n                        if not isinstance(message, str):\n                            value = message\n                            message = message.get(\"message\")\n                    else:\n                        message = value.get(\"message\", None)\n                except ValueError:\n                    pass\n    \n        exception_class: Type[WebDriverException]\n        e = ErrorCode()\n        error_codes = [item for item in dir(e) if not item.startswith(\"__\")]\n        for error_code in error_codes:\n            error_info = getattr(ErrorCode, error_code)\n            if isinstance(error_info, list) and status in error_info:\n                exception_class = getattr(ExceptionMapping, error_code, WebDriverException)\n                break\n        else:\n            exception_class = WebDriverException\n    \n        if not value:\n            value = response[\"value\"]\n        if isinstance(value, str):\n            raise exception_class(value)\n        if message == \"\" and \"message\" in value:\n            message = value[\"message\"]\n    \n        screen = None  # type: ignore[assignment]\n        if \"screen\" in value:\n            screen = value[\"screen\"]\n    \n        stacktrace = None\n        st_value = value.get(\"stackTrace\") or value.get(\"stacktrace\")\n        if st_value:\n            if isinstance(st_value, str):\n                stacktrace = st_value.split(\"\\n\")\n            else:\n                stacktrace = []\n                try:\n                    for frame in st_value:\n                        line = frame.get(\"lineNumber\", \"\")\n                        file = frame.get(\"fileName\", \"<anonymous>\")\n                        if line:\n                            file = f\"{file}:{line}\"\n                        meth = frame.get(\"methodName\", \"<anonymous>\")\n                        if \"className\" in frame:\n                            meth = f\"{frame['className']}.{meth}\"\n                        msg = \"    at %s (%s)\"\n                        msg = msg % (meth, file)\n                        stacktrace.append(msg)\n                except TypeError:\n                    pass\n        if exception_class == UnexpectedAlertPresentException:\n            alert_text = None\n            if \"data\" in value:\n                alert_text = value[\"data\"].get(\"text\")\n            elif \"alert\" in value:\n                alert_text = value[\"alert\"].get(\"text\")\n            raise exception_class(message, screen, stacktrace, alert_text)  # type: ignore[call-arg]  # mypy is not smart enough here\n>       raise exception_class(message, screen, stacktrace)\nE       selenium.common.exceptions.WebDriverException: Message: no such execution context\nE         (Session info: chrome=124.0.6367.208)\nE       Stacktrace:\nE       \tGetHandleVerifier [0x005BC113+48259]\nE       \t(No symbol) [0x0054CA41]\nE       \t(No symbol) [0x004408A3]\nE       \t(No symbol) [0x0042C89F]\nE       \t(No symbol) [0x0042B4DD]\nE       \t(No symbol) [0x0042B9DD]\nE       \t(No symbol) [0x004380C6]\nE       \t(No symbol) [0x0044B181]\nE       \t(No symbol) [0x0044F536]\nE       \t(No symbol) [0x0042C048]\nE       \t(No symbol) [0x0044AE1A]\nE       \t(No symbol) [0x004B9E95]\nE       \t(No symbol) [0x004A0B36]\nE       \t(No symbol) [0x0047570D]\nE       \t(No symbol) [0x004762CD]\nE       \tGetHandleVerifier [0x008765A3+2908435]\nE       \tGetHandleVerifier [0x008B3BBB+3159851]\nE       \tGetHandleVerifier [0x006550CB+674875]\nE       \tGetHandleVerifier [0x0065B28C+699900]\nE       \t(No symbol) [0x00556244]\nE       \t(No symbol) [0x00552298]\nE       \t(No symbol) [0x0055242C]\nE       \t(No symbol) [0x00544BB0]\nE       \tBaseThreadInitThunk [0x761B67F9+25]\nE       \tRtlGetFullPathName_UEx [0x77847F4D+173]\nE       \tRtlGetFullPathName_UEx [0x77847F1B+123]\n\nC:\\Users\\runneradmin\\AppData\\Local\\pypoetry\\Cache\\virtualenvs\\testcapitalcompyse-ahTg7XpD-py3.12\\Lib\\site-packages\\selenium\\webdriver\\remote\\errorhandler.py:229: WebDriverException","steps":[{"name":"Start test of button in block [Horizontal banner]","time":{"start":1717451013726,"stop":1717451031774,"duration":18048},"status":"broken","statusMessage":"selenium.common.exceptions.WebDriverException: Message: no such execution context\n  (Session info: chrome=124.0.6367.208)\nStacktrace:\n\tGetHandleVerifier [0x005BC113+48259]\n\t(No symbol) [0x0054CA41]\n\t(No symbol) [0x004408A3]\n\t(No symbol) [0x0042C89F]\n\t(No symbol) [0x0042B4DD]\n\t(No symbol) [0x0042B9DD]\n\t(No symbol) [0x004380C6]\n\t(No symbol) [0x0044B181]\n\t(No symbol) [0x0044F536]\n\t(No symbol) [0x0042C048]\n\t(No symbol) [0x0044AE1A]\n\t(No symbol) [0x004B9E95]\n\t(No symbol) [0x004A0B36]\n\t(No symbol) [0x0047570D]\n\t(No symbol) [0x004762CD]\n\tGetHandleVerifier [0x008765A3+2908435]\n\tGetHandleVerifier [0x008B3BBB+3159851]\n\tGetHandleVerifier [0x006550CB+674875]\n\tGetHandleVerifier [0x0065B28C+699900]\n\t(No symbol) [0x00556244]\n\t(No symbol) [0x00552298]\n\t(No symbol) [0x0055242C]\n\t(No symbol) [0x00544BB0]\n\tBaseThreadInitThunk [0x761B67F9+25]\n\tRtlGetFullPathName_UEx [0x77847F4D+173]\n\tRtlGetFullPathName_UEx [0x77847F1B+123]\n\n","statusTrace":"  File \"C:\\Users\\runneradmin\\AppData\\Local\\pypoetry\\Cache\\virtualenvs\\testcapitalcompyse-ahTg7XpD-py3.12\\Lib\\site-packages\\allure_commons\\_allure.py\", line 192, in impl\n    return func(*a, **kw)\n           ^^^^^^^^^^^^^^\n  File \"D:\\a\\TestCapitalComPySe\\TestCapitalComPySe\\tests\\US_11_Education\\US_11-02-02_Shares_trading\\US_11-02-02-00_Shares_trading_test.py\", line 206, in test_09_block_hor_banner_button\n    test_element.full_test_with_tpi(d, cur_language, cur_country, cur_role, cur_menu_link,\n  File \"D:\\a\\TestCapitalComPySe\\TestCapitalComPySe\\pages\\Elements\\HorizontalBannerButton.py\", line 31, in full_test_with_tpi\n    data_id = self.element_click()\n              ^^^^^^^^^^^^^^^^^^^^\n  File \"C:\\Users\\runneradmin\\AppData\\Local\\pypoetry\\Cache\\virtualenvs\\testcapitalcompyse-ahTg7XpD-py3.12\\Lib\\site-packages\\allure_commons\\_allure.py\", line 192, in impl\n    return func(*a, **kw)\n           ^^^^^^^^^^^^^^\n  File \"D:\\a\\TestCapitalComPySe\\TestCapitalComPySe\\pages\\Elements\\HorizontalBannerButton.py\", line 104, in element_click\n    web_element.click()\n  File \"C:\\Users\\runneradmin\\AppData\\Local\\pypoetry\\Cache\\virtualenvs\\testcapitalcompyse-ahTg7XpD-py3.12\\Lib\\site-packages\\selenium\\webdriver\\remote\\webelement.py\", line 94, in click\n    self._execute(Command.CLICK_ELEMENT)\n  File \"C:\\Users\\runneradmin\\AppData\\Local\\pypoetry\\Cache\\virtualenvs\\testcapitalcompyse-ahTg7XpD-py3.12\\Lib\\site-packages\\selenium\\webdriver\\remote\\webelement.py\", line 395, in _execute\n    return self._parent.execute(command, params)\n           ^^^^^^^^^^^^^^^^^^^^^^^^^^^^^^^^^^^^^\n  File \"C:\\Users\\runneradmin\\AppData\\Local\\pypoetry\\Cache\\virtualenvs\\testcapitalcompyse-ahTg7XpD-py3.12\\Lib\\site-packages\\selenium\\webdriver\\remote\\webdriver.py\", line 347, in execute\n    self.error_handler.check_response(response)\n  File \"C:\\Users\\runneradmin\\AppData\\Local\\pypoetry\\Cache\\virtualenvs\\testcapitalcompyse-ahTg7XpD-py3.12\\Lib\\site-packages\\selenium\\webdriver\\remote\\errorhandler.py\", line 229, in check_response\n    raise exception_class(message, screen, stacktrace)\n","steps":[{"name":"Preconditions","time":{"start":1717451013729,"stop":1717451019842,"duration":6113},"status":"passed","steps":[{"name":"2024-06-03 21:40:45.850192   Start Checking Captcha","time":{"start":1717451015706,"stop":1717451016737,"duration":1031},"status":"passed","steps":[],"attachments":[],"parameters":[],"shouldDisplayMessage":false,"stepsCount":0,"attachmentsCount":0,"hasContent":false,"attachmentStep":false},{"name":"2024-06-03 21:40:45.850192   Start Checking Captcha","time":{"start":1717451016737,"stop":1717451017771,"duration":1034},"status":"passed","steps":[],"attachments":[],"parameters":[],"shouldDisplayMessage":false,"stepsCount":0,"attachmentsCount":0,"hasContent":false,"attachmentStep":false},{"name":"2024-06-03 21:40:45.850192   Start Checking Captcha","time":{"start":1717451017771,"stop":1717451018804,"duration":1033},"status":"passed","steps":[],"attachments":[],"parameters":[],"shouldDisplayMessage":false,"stepsCount":0,"attachmentsCount":0,"hasContent":false,"attachmentStep":false},{"name":"2024-06-03 21:40:45.850192   Start Checking Captcha","time":{"start":1717451018804,"stop":1717451019838,"duration":1034},"status":"passed","steps":[],"attachments":[],"parameters":[],"shouldDisplayMessage":false,"stepsCount":0,"attachmentsCount":0,"hasContent":false,"attachmentStep":false}],"attachments":[],"parameters":[{"name":"d","value":"<selenium.webdriver.chrome.webdriver.WebDriver (session=\"8cdf15e756b77c105d89b6009e186f7f\")>"},{"name":"host","value":"'https://capital.com/'"},{"name":"end_point","value":"''"},{"name":"cur_language","value":"'ar'"},{"name":"cur_country","value":"'ae'"},{"name":"cur_role","value":"'Auth'"},{"name":"cur_login","value":"'test001.miketar+1@gmail.com'"},{"name":"cur_password","value":"'Qwer1234-!@#$'"}],"shouldDisplayMessage":false,"stepsCount":4,"attachmentsCount":0,"hasContent":true,"attachmentStep":false},{"name":"Select \"Education\" menu, \"Shares trading\" submenu","time":{"start":1717451019842,"stop":1717451023715,"duration":3873},"status":"passed","steps":[{"name":"Focus moved to 'Education' menu","time":{"start":1717451019853,"stop":1717451021642,"duration":1789},"status":"passed","steps":[],"attachments":[],"parameters":[{"name":"d","value":"<selenium.webdriver.chrome.webdriver.WebDriver (session=\"8cdf15e756b77c105d89b6009e186f7f\")>"},{"name":"test_language","value":"'ar'"},{"name":"test_country","value":"'ae'"}],"shouldDisplayMessage":false,"stepsCount":0,"attachmentsCount":0,"hasContent":true,"attachmentStep":false},{"name":"Focus move to 'Shares trading' submenu item and click","time":{"start":1717451021642,"stop":1717451023437,"duration":1795},"status":"passed","steps":[],"attachments":[],"parameters":[{"name":"d","value":"<selenium.webdriver.chrome.webdriver.WebDriver (session=\"8cdf15e756b77c105d89b6009e186f7f\")>"},{"name":"test_language","value":"'ar'"}],"shouldDisplayMessage":false,"stepsCount":0,"attachmentsCount":0,"hasContent":true,"attachmentStep":false}],"attachments":[],"parameters":[{"name":"d","value":"<selenium.webdriver.chrome.webdriver.WebDriver (session=\"8cdf15e756b77c105d89b6009e186f7f\")>"},{"name":"cur_language","value":"'ar'"},{"name":"cur_country","value":"'ae'"},{"name":"link","value":"'https://capital.com/ar'"}],"shouldDisplayMessage":false,"stepsCount":2,"attachmentsCount":0,"hasContent":true,"attachmentStep":false},{"name":"2024-06-03 21:40:45.850192   Check that form [Sign up] opened","time":{"start":1717451023815,"stop":1717451025327,"duration":1512},"status":"passed","steps":[],"attachments":[],"parameters":[{"name":"timeout","value":"1"}],"shouldDisplayMessage":false,"stepsCount":0,"attachmentsCount":0,"hasContent":true,"attachmentStep":false},{"name":"Click button [BUTTON_ON_HOR_BANNER]","time":{"start":1717451025327,"stop":1717451031772,"duration":6445},"status":"broken","statusMessage":"selenium.common.exceptions.WebDriverException: Message: no such execution context\n  (Session info: chrome=124.0.6367.208)\nStacktrace:\n\tGetHandleVerifier [0x005BC113+48259]\n\t(No symbol) [0x0054CA41]\n\t(No symbol) [0x004408A3]\n\t(No symbol) [0x0042C89F]\n\t(No symbol) [0x0042B4DD]\n\t(No symbol) [0x0042B9DD]\n\t(No symbol) [0x004380C6]\n\t(No symbol) [0x0044B181]\n\t(No symbol) [0x0044F536]\n\t(No symbol) [0x0042C048]\n\t(No symbol) [0x0044AE1A]\n\t(No symbol) [0x004B9E95]\n\t(No symbol) [0x004A0B36]\n\t(No symbol) [0x0047570D]\n\t(No symbol) [0x004762CD]\n\tGetHandleVerifier [0x008765A3+2908435]\n\tGetHandleVerifier [0x008B3BBB+3159851]\n\tGetHandleVerifier [0x006550CB+674875]\n\tGetHandleVerifier [0x0065B28C+699900]\n\t(No symbol) [0x00556244]\n\t(No symbol) [0x00552298]\n\t(No symbol) [0x0055242C]\n\t(No symbol) [0x00544BB0]\n\tBaseThreadInitThunk [0x761B67F9+25]\n\tRtlGetFullPathName_UEx [0x77847F4D+173]\n\tRtlGetFullPathName_UEx [0x77847F1B+123]\n\n","statusTrace":"  File \"C:\\Users\\runneradmin\\AppData\\Local\\pypoetry\\Cache\\virtualenvs\\testcapitalcompyse-ahTg7XpD-py3.12\\Lib\\site-packages\\allure_commons\\_allure.py\", line 192, in impl\n    return func(*a, **kw)\n           ^^^^^^^^^^^^^^\n  File \"D:\\a\\TestCapitalComPySe\\TestCapitalComPySe\\pages\\Elements\\HorizontalBannerButton.py\", line 104, in element_click\n    web_element.click()\n  File \"C:\\Users\\runneradmin\\AppData\\Local\\pypoetry\\Cache\\virtualenvs\\testcapitalcompyse-ahTg7XpD-py3.12\\Lib\\site-packages\\selenium\\webdriver\\remote\\webelement.py\", line 94, in click\n    self._execute(Command.CLICK_ELEMENT)\n  File \"C:\\Users\\runneradmin\\AppData\\Local\\pypoetry\\Cache\\virtualenvs\\testcapitalcompyse-ahTg7XpD-py3.12\\Lib\\site-packages\\selenium\\webdriver\\remote\\webelement.py\", line 395, in _execute\n    return self._parent.execute(command, params)\n           ^^^^^^^^^^^^^^^^^^^^^^^^^^^^^^^^^^^^^\n  File \"C:\\Users\\runneradmin\\AppData\\Local\\pypoetry\\Cache\\virtualenvs\\testcapitalcompyse-ahTg7XpD-py3.12\\Lib\\site-packages\\selenium\\webdriver\\remote\\webdriver.py\", line 347, in execute\n    self.error_handler.check_response(response)\n  File \"C:\\Users\\runneradmin\\AppData\\Local\\pypoetry\\Cache\\virtualenvs\\testcapitalcompyse-ahTg7XpD-py3.12\\Lib\\site-packages\\selenium\\webdriver\\remote\\errorhandler.py\", line 229, in check_response\n    raise exception_class(message, screen, stacktrace)\n","steps":[],"attachments":[],"parameters":[],"shouldDisplayMessage":true,"stepsCount":0,"attachmentsCount":0,"hasContent":true,"attachmentStep":false}],"attachments":[],"parameters":[{"name":"worker_id","value":"'master'"},{"name":"d","value":"<selenium.webdriver.chrome.webdriver.WebDriver (session=\"8cdf15e756b77c105d89b6009e186f7f\")>"},{"name":"cur_language","value":"'ar'"},{"name":"cur_country","value":"'ae'"},{"name":"cur_role","value":"'Auth'"},{"name":"cur_login","value":"'test001.miketar+1@gmail.com'"},{"name":"cur_password","value":"'Qwer1234-!@#$'"}],"shouldDisplayMessage":false,"stepsCount":10,"attachmentsCount":0,"hasContent":true,"attachmentStep":false}],"attachments":[{"uid":"15353be6cc34936a","name":"Screenshot","source":"15353be6cc34936a.png","type":"image/png","size":16435},{"uid":"a11614f02e1551b7","name":"log","source":"a11614f02e1551b7.txt","type":"text/plain","size":1511},{"uid":"c1ab4a39b4ed4e8d","name":"stdout","source":"c1ab4a39b4ed4e8d.txt","type":"text/plain","size":3461}],"parameters":[],"shouldDisplayMessage":true,"stepsCount":11,"attachmentsCount":3,"hasContent":true,"attachmentStep":false},"afterStages":[{"name":"d::0","time":{"start":1717451167353,"stop":1717451169659,"duration":2306},"status":"passed","steps":[],"attachments":[],"parameters":[],"shouldDisplayMessage":false,"stepsCount":0,"attachmentsCount":0,"hasContent":false,"attachmentStep":false}],"labels":[{"name":"epic","value":"US_11.02.02 | Education > Menu item [Shares trading]"},{"name":"feature","value":"Language: ar"},{"name":"story","value":"Country: ae / Role: Auth"},{"name":"tag","value":"test_09"},{"name":"tag","value":"us_11_02_02"},{"name":"parentSuite","value":"tests.US_11_Education.US_11-02-02_Shares_trading"},{"name":"suite","value":"US_11-02-02-00_Shares_trading_test"},{"name":"subSuite","value":"TestSharesTrading"},{"name":"host","value":"fv-az844-171"},{"name":"thread","value":"2716-MainThread"},{"name":"framework","value":"pytest"},{"name":"language","value":"cpython3"},{"name":"package","value":"tests.US_11_Education.US_11-02-02_Shares_trading.US_11-02-02-00_Shares_trading_test"},{"name":"resultFormat","value":"allure2"}],"parameters":[{"name":"cur_country","value":"'ae'"},{"name":"cur_language","value":"'ar'"},{"name":"cur_login","value":"'test001.miketar+1@gmail.com'"},{"name":"cur_password","value":"'Qwer1234-!@#$'"},{"name":"cur_role","value":"'Auth'"},{"name":"d","value":"'Chrome'"}],"links":[],"hidden":false,"retry":false,"extra":{"severity":"normal","retries":[],"categories":[{"name":"Test defects","matchedStatuses":[],"flaky":false}],"tags":["test_09","us_11_02_02"]},"source":"ac51995924b1d1a2.json","parameterValues":["'ae'","'ar'","'test001.miketar+1@gmail.com'","'Qwer1234-!@#$'","'Auth'","'Chrome'"]}