{"uid":"6aefde7757f9cbce","name":"TC_55!031 (Lang: en) | Bid:55!031-en.gb.Auth","fullName":"tests.US_55_ReTestsManual.artemdashkov.US_55-artemdashkov_ReTestsManual_test.TestManualDetected#test_031_learn_more_about_us_link_on_contents_block","historyId":"9537620260137cc451378926c4566892","time":{"start":1724510636784,"stop":1724510671039,"duration":34255},"description":"\n        Check:  [Learn more about us] anchor doesn't navigate to the \"Learn more about us\"\n                section on the \"Client funds\" page when clicking on it.\n        Language: En.\n        License: FCA\n        Author: Artem Dashkov\n        ","descriptionHtml":"<pre><code>    Check:  [Learn more about us] anchor doesn't navigate to the &quot;Learn more about us&quot;\n            section on the &quot;Client funds&quot; page when clicking on it.\n    Language: En.\n    License: FCA\n    Author: Artem Dashkov\n</code></pre>\n","status":"broken","statusMessage":"selenium.common.exceptions.TimeoutException: Message:","statusTrace":"self = <US_55-artemdashkov_ReTestsManual_test.TestManualDetected object at 0x7f9afa01b2c0>\nworker_id = 'master'\nd = <selenium.webdriver.chrome.webdriver.WebDriver (session=\"293348120e3ad1ee41697759d1190661\")>\ncur_language = '', cur_country = 'gb', cur_role = 'Auth'\ncur_login = 'test001.miketar+1@gmail.com', cur_password = 'Qwer1234-!@#$'\n\n    @allure.step(\"Start test of link [Learn more about us] on the block 'Contents'\")\n    @pytest.mark.parametrize('cur_language', [\"\"])\n    @pytest.mark.parametrize('cur_country', ['gb'])\n    @pytest.mark.parametrize('cur_role', [\"NoReg\", \"Auth\", \"NoAuth\"])\n    @pytest.mark.bug_031\n    def test_031_learn_more_about_us_link_on_contents_block(\n            self, worker_id, d, cur_language, cur_country, cur_role, cur_login, cur_password):\n        \"\"\"\n        Check:  [Learn more about us] anchor doesn't navigate to the \"Learn more about us\"\n                section on the \"Client funds\" page when clicking on it.\n        Language: En.\n        License: FCA\n        Author: Artem Dashkov\n        \"\"\"\n    \n        bid = build_dynamic_arg_for_us_55(\n            d, worker_id, cur_language, cur_country, cur_role,\n            \"55\", \"ReTests of Manual Detected Bugs\",\n            \"031\",\n            \"Testing link [Learn more about us] on the block 'Contents'\",\n            False, True\n        )\n    \n        page_conditions = NewConditions(d, \"\")\n>       link = page_conditions.preconditions(\n            d, CapitalComPageSrc.URL_NEW, \"\", cur_language, cur_country, cur_role, cur_login, cur_password)\n\ntests/US_55_ReTestsManual/artemdashkov/US_55-artemdashkov_ReTestsManual_test.py:248: \n_ _ _ _ _ _ _ _ _ _ _ _ _ _ _ _ _ _ _ _ _ _ _ _ _ _ _ _ _ _ _ _ _ _ _ _ _ _ _ _ \npages/conditions_new.py:107: in preconditions\n    self.to_do_authorisation_new(d, host, cur_login, cur_password, cur_role)\npages/conditions_new.py:221: in to_do_authorisation_new\n    wait.until(EC.title_is(\"Trading Platform | Capital.com\"))\n_ _ _ _ _ _ _ _ _ _ _ _ _ _ _ _ _ _ _ _ _ _ _ _ _ _ _ _ _ _ _ _ _ _ _ _ _ _ _ _ \n\nself = <selenium.webdriver.support.wait.WebDriverWait (session=\"293348120e3ad1ee41697759d1190661\")>\nmethod = <function title_is.<locals>._predicate at 0x7f9af8b34220>, message = ''\n\n    def until(self, method: Callable[[D], Union[Literal[False], T]], message: str = \"\") -> T:\n        \"\"\"Calls the method provided with the driver as an argument until the \\\n        return value does not evaluate to ``False``.\n    \n        :param method: callable(WebDriver)\n        :param message: optional message for :exc:`TimeoutException`\n        :returns: the result of the last call to `method`\n        :raises: :exc:`selenium.common.exceptions.TimeoutException` if timeout occurs\n        \"\"\"\n        screen = None\n        stacktrace = None\n    \n        end_time = time.monotonic() + self._timeout\n        while True:\n            try:\n                value = method(self._driver)\n                if value:\n                    return value\n            except self._ignored_exceptions as exc:\n                screen = getattr(exc, \"screen\", None)\n                stacktrace = getattr(exc, \"stacktrace\", None)\n            time.sleep(self._poll)\n            if time.monotonic() > end_time:\n                break\n>       raise TimeoutException(message, screen, stacktrace)\nE       selenium.common.exceptions.TimeoutException: Message:\n\n../../../.cache/pypoetry/virtualenvs/testcapitalcompyse-CcJ6hTD8-py3.12/lib/python3.12/site-packages/selenium/webdriver/support/wait.py:105: TimeoutException","flaky":false,"newFailed":false,"newBroken":true,"newPassed":false,"retriesCount":0,"retriesStatusChange":false,"beforeStages":[{"name":"d","time":{"start":1724509867133,"stop":1724509867475,"duration":342},"status":"passed","steps":[],"attachments":[],"parameters":[],"shouldDisplayMessage":false,"stepsCount":0,"attachmentsCount":0,"hasContent":false,"attachmentStep":false},{"name":"worker_id","time":{"start":1724509867476,"stop":1724509867476,"duration":0},"status":"passed","steps":[],"attachments":[],"parameters":[],"shouldDisplayMessage":false,"stepsCount":0,"attachmentsCount":0,"hasContent":false,"attachmentStep":false},{"name":"cur_login","time":{"start":1724509867476,"stop":1724509867476,"duration":0},"status":"passed","steps":[],"attachments":[],"parameters":[],"shouldDisplayMessage":false,"stepsCount":0,"attachmentsCount":0,"hasContent":false,"attachmentStep":false},{"name":"cur_password","time":{"start":1724509867476,"stop":1724509867476,"duration":0},"status":"passed","steps":[],"attachments":[],"parameters":[],"shouldDisplayMessage":false,"stepsCount":0,"attachmentsCount":0,"hasContent":false,"attachmentStep":false}],"testStage":{"description":"\n        Check:  [Learn more about us] anchor doesn't navigate to the \"Learn more about us\"\n                section on the \"Client funds\" page when clicking on it.\n        Language: En.\n        License: FCA\n        Author: Artem Dashkov\n        ","status":"broken","statusMessage":"selenium.common.exceptions.TimeoutException: Message:","statusTrace":"self = <US_55-artemdashkov_ReTestsManual_test.TestManualDetected object at 0x7f9afa01b2c0>\nworker_id = 'master'\nd = <selenium.webdriver.chrome.webdriver.WebDriver (session=\"293348120e3ad1ee41697759d1190661\")>\ncur_language = '', cur_country = 'gb', cur_role = 'Auth'\ncur_login = 'test001.miketar+1@gmail.com', cur_password = 'Qwer1234-!@#$'\n\n    @allure.step(\"Start test of link [Learn more about us] on the block 'Contents'\")\n    @pytest.mark.parametrize('cur_language', [\"\"])\n    @pytest.mark.parametrize('cur_country', ['gb'])\n    @pytest.mark.parametrize('cur_role', [\"NoReg\", \"Auth\", \"NoAuth\"])\n    @pytest.mark.bug_031\n    def test_031_learn_more_about_us_link_on_contents_block(\n            self, worker_id, d, cur_language, cur_country, cur_role, cur_login, cur_password):\n        \"\"\"\n        Check:  [Learn more about us] anchor doesn't navigate to the \"Learn more about us\"\n                section on the \"Client funds\" page when clicking on it.\n        Language: En.\n        License: FCA\n        Author: Artem Dashkov\n        \"\"\"\n    \n        bid = build_dynamic_arg_for_us_55(\n            d, worker_id, cur_language, cur_country, cur_role,\n            \"55\", \"ReTests of Manual Detected Bugs\",\n            \"031\",\n            \"Testing link [Learn more about us] on the block 'Contents'\",\n            False, True\n        )\n    \n        page_conditions = NewConditions(d, \"\")\n>       link = page_conditions.preconditions(\n            d, CapitalComPageSrc.URL_NEW, \"\", cur_language, cur_country, cur_role, cur_login, cur_password)\n\ntests/US_55_ReTestsManual/artemdashkov/US_55-artemdashkov_ReTestsManual_test.py:248: \n_ _ _ _ _ _ _ _ _ _ _ _ _ _ _ _ _ _ _ _ _ _ _ _ _ _ _ _ _ _ _ _ _ _ _ _ _ _ _ _ \npages/conditions_new.py:107: in preconditions\n    self.to_do_authorisation_new(d, host, cur_login, cur_password, cur_role)\npages/conditions_new.py:221: in to_do_authorisation_new\n    wait.until(EC.title_is(\"Trading Platform | Capital.com\"))\n_ _ _ _ _ _ _ _ _ _ _ _ _ _ _ _ _ _ _ _ _ _ _ _ _ _ _ _ _ _ _ _ _ _ _ _ _ _ _ _ \n\nself = <selenium.webdriver.support.wait.WebDriverWait (session=\"293348120e3ad1ee41697759d1190661\")>\nmethod = <function title_is.<locals>._predicate at 0x7f9af8b34220>, message = ''\n\n    def until(self, method: Callable[[D], Union[Literal[False], T]], message: str = \"\") -> T:\n        \"\"\"Calls the method provided with the driver as an argument until the \\\n        return value does not evaluate to ``False``.\n    \n        :param method: callable(WebDriver)\n        :param message: optional message for :exc:`TimeoutException`\n        :returns: the result of the last call to `method`\n        :raises: :exc:`selenium.common.exceptions.TimeoutException` if timeout occurs\n        \"\"\"\n        screen = None\n        stacktrace = None\n    \n        end_time = time.monotonic() + self._timeout\n        while True:\n            try:\n                value = method(self._driver)\n                if value:\n                    return value\n            except self._ignored_exceptions as exc:\n                screen = getattr(exc, \"screen\", None)\n                stacktrace = getattr(exc, \"stacktrace\", None)\n            time.sleep(self._poll)\n            if time.monotonic() > end_time:\n                break\n>       raise TimeoutException(message, screen, stacktrace)\nE       selenium.common.exceptions.TimeoutException: Message:\n\n../../../.cache/pypoetry/virtualenvs/testcapitalcompyse-CcJ6hTD8-py3.12/lib/python3.12/site-packages/selenium/webdriver/support/wait.py:105: TimeoutException","steps":[{"name":"Start test of link [Learn more about us] on the block 'Contents'","time":{"start":1724510636784,"stop":1724510671038,"duration":34254},"status":"broken","statusMessage":"selenium.common.exceptions.TimeoutException: Message: \n\n","statusTrace":"  File \"/home/runner/.cache/pypoetry/virtualenvs/testcapitalcompyse-CcJ6hTD8-py3.12/lib/python3.12/site-packages/allure_commons/_allure.py\", line 192, in impl\n    return func(*a, **kw)\n           ^^^^^^^^^^^^^^\n  File \"/home/runner/work/TestCapitalComPySe/TestCapitalComPySe/tests/US_55_ReTestsManual/artemdashkov/US_55-artemdashkov_ReTestsManual_test.py\", line 248, in test_031_learn_more_about_us_link_on_contents_block\n    link = page_conditions.preconditions(\n           ^^^^^^^^^^^^^^^^^^^^^^^^^^^^^^\n  File \"/home/runner/.cache/pypoetry/virtualenvs/testcapitalcompyse-CcJ6hTD8-py3.12/lib/python3.12/site-packages/allure_commons/_allure.py\", line 192, in impl\n    return func(*a, **kw)\n           ^^^^^^^^^^^^^^\n  File \"/home/runner/work/TestCapitalComPySe/TestCapitalComPySe/pages/conditions_new.py\", line 107, in preconditions\n    self.to_do_authorisation_new(d, host, cur_login, cur_password, cur_role)\n  File \"/home/runner/.cache/pypoetry/virtualenvs/testcapitalcompyse-CcJ6hTD8-py3.12/lib/python3.12/site-packages/allure_commons/_allure.py\", line 192, in impl\n    return func(*a, **kw)\n           ^^^^^^^^^^^^^^\n  File \"/home/runner/work/TestCapitalComPySe/TestCapitalComPySe/pages/conditions_new.py\", line 221, in to_do_authorisation_new\n    wait.until(EC.title_is(\"Trading Platform | Capital.com\"))\n  File \"/home/runner/.cache/pypoetry/virtualenvs/testcapitalcompyse-CcJ6hTD8-py3.12/lib/python3.12/site-packages/selenium/webdriver/support/wait.py\", line 105, in until\n    raise TimeoutException(message, screen, stacktrace)\n","steps":[{"name":"Build dynamic argument for TCs of US_55","time":{"start":1724510636784,"stop":1724510636786,"duration":2},"status":"passed","steps":[],"attachments":[],"parameters":[{"name":"d","value":"<selenium.webdriver.chrome.webdriver.WebDriver (session=\"293348120e3ad1ee41697759d1190661\")>"},{"name":"worker_id","value":"'master'"},{"name":"cur_language","value":"''"},{"name":"cur_country","value":"'gb'"},{"name":"cur_role","value":"'Auth'"},{"name":"us","value":"'55'"},{"name":"desc_us","value":"'ReTests of Manual Detected Bugs'"},{"name":"num_tc","value":"'031'"},{"name":"desc_tc","value":"'Testing link [Learn more about us] on the block 'Contents''"},{"name":"manual","value":"False"},{"name":"new_layout","value":"True"}],"shouldDisplayMessage":false,"stepsCount":0,"attachmentsCount":0,"hasContent":true,"attachmentStep":false},{"name":"   Set New preconditions","time":{"start":1724510636786,"stop":1724510671038,"duration":34252},"status":"broken","statusMessage":"selenium.common.exceptions.TimeoutException: Message: \n\n","statusTrace":"  File \"/home/runner/.cache/pypoetry/virtualenvs/testcapitalcompyse-CcJ6hTD8-py3.12/lib/python3.12/site-packages/allure_commons/_allure.py\", line 192, in impl\n    return func(*a, **kw)\n           ^^^^^^^^^^^^^^\n  File \"/home/runner/work/TestCapitalComPySe/TestCapitalComPySe/pages/conditions_new.py\", line 107, in preconditions\n    self.to_do_authorisation_new(d, host, cur_login, cur_password, cur_role)\n  File \"/home/runner/.cache/pypoetry/virtualenvs/testcapitalcompyse-CcJ6hTD8-py3.12/lib/python3.12/site-packages/allure_commons/_allure.py\", line 192, in impl\n    return func(*a, **kw)\n           ^^^^^^^^^^^^^^\n  File \"/home/runner/work/TestCapitalComPySe/TestCapitalComPySe/pages/conditions_new.py\", line 221, in to_do_authorisation_new\n    wait.until(EC.title_is(\"Trading Platform | Capital.com\"))\n  File \"/home/runner/.cache/pypoetry/virtualenvs/testcapitalcompyse-CcJ6hTD8-py3.12/lib/python3.12/site-packages/selenium/webdriver/support/wait.py\", line 105, in until\n    raise TimeoutException(message, screen, stacktrace)\n","steps":[{"name":"2024-08-24 14:31:07.110605   Start Authorisation","time":{"start":1724510640436,"stop":1724510671037,"duration":30601},"status":"broken","statusMessage":"selenium.common.exceptions.TimeoutException: Message: \n\n","statusTrace":"  File \"/home/runner/.cache/pypoetry/virtualenvs/testcapitalcompyse-CcJ6hTD8-py3.12/lib/python3.12/site-packages/allure_commons/_allure.py\", line 192, in impl\n    return func(*a, **kw)\n           ^^^^^^^^^^^^^^\n  File \"/home/runner/work/TestCapitalComPySe/TestCapitalComPySe/pages/conditions_new.py\", line 221, in to_do_authorisation_new\n    wait.until(EC.title_is(\"Trading Platform | Capital.com\"))\n  File \"/home/runner/.cache/pypoetry/virtualenvs/testcapitalcompyse-CcJ6hTD8-py3.12/lib/python3.12/site-packages/selenium/webdriver/support/wait.py\", line 105, in until\n    raise TimeoutException(message, screen, stacktrace)\n","steps":[],"attachments":[],"parameters":[{"name":"d","value":"<selenium.webdriver.chrome.webdriver.WebDriver (session=\"293348120e3ad1ee41697759d1190661\")>"},{"name":"link","value":"'https://capital.com/en-gb'"},{"name":"login","value":"'test001.miketar+1@gmail.com'"},{"name":"password","value":"'Qwer1234-!@#$'"},{"name":"cur_role","value":"'Auth'"}],"shouldDisplayMessage":true,"stepsCount":0,"attachmentsCount":0,"hasContent":true,"attachmentStep":false}],"attachments":[],"parameters":[{"name":"d","value":"<selenium.webdriver.chrome.webdriver.WebDriver (session=\"293348120e3ad1ee41697759d1190661\")>"},{"name":"host","value":"'https://capital.com/en-gb'"},{"name":"end_point","value":"''"},{"name":"cur_language","value":"''"},{"name":"cur_country","value":"'gb'"},{"name":"cur_role","value":"'Auth'"},{"name":"cur_login","value":"'test001.miketar+1@gmail.com'"},{"name":"cur_password","value":"'Qwer1234-!@#$'"}],"shouldDisplayMessage":false,"stepsCount":1,"attachmentsCount":0,"hasContent":true,"attachmentStep":false}],"attachments":[],"parameters":[{"name":"worker_id","value":"'master'"},{"name":"d","value":"<selenium.webdriver.chrome.webdriver.WebDriver (session=\"293348120e3ad1ee41697759d1190661\")>"},{"name":"cur_language","value":"''"},{"name":"cur_country","value":"'gb'"},{"name":"cur_role","value":"'Auth'"},{"name":"cur_login","value":"'test001.miketar+1@gmail.com'"},{"name":"cur_password","value":"'Qwer1234-!@#$'"}],"shouldDisplayMessage":false,"stepsCount":3,"attachmentsCount":0,"hasContent":true,"attachmentStep":false}],"attachments":[{"uid":"ff7e27ebf0d03bfc","name":"Screenshot","source":"ff7e27ebf0d03bfc.png","type":"image/png","size":626926},{"uid":"4795197ac4ae7a4e","name":"stdout","source":"4795197ac4ae7a4e.txt","type":"text/plain","size":2279}],"parameters":[],"shouldDisplayMessage":true,"stepsCount":4,"attachmentsCount":2,"hasContent":true,"attachmentStep":false},"afterStages":[{"name":"d::0","time":{"start":1724513163131,"stop":1724513163318,"duration":187},"status":"passed","steps":[],"attachments":[],"parameters":[],"shouldDisplayMessage":false,"stepsCount":0,"attachmentsCount":0,"hasContent":false,"attachmentStep":false}],"labels":[{"name":"epic","value":"TC_55!031 | Testing link [Learn more about us] on the block 'Contents'"},{"name":"feature","value":"Role: Auth"},{"name":"story","value":"Country: gb"},{"name":"tag","value":"bug_031"},{"name":"tag","value":"us_55"},{"name":"parentSuite","value":"tests.US_55_ReTestsManual.artemdashkov"},{"name":"suite","value":"US_55-artemdashkov_ReTestsManual_test"},{"name":"subSuite","value":"TestManualDetected"},{"name":"host","value":"fv-az837-604"},{"name":"thread","value":"4461-MainThread"},{"name":"framework","value":"pytest"},{"name":"language","value":"cpython3"},{"name":"package","value":"tests.US_55_ReTestsManual.artemdashkov.US_55-artemdashkov_ReTestsManual_test"},{"name":"resultFormat","value":"allure2"}],"parameters":[{"name":"cur_country","value":"'gb'"},{"name":"cur_language","value":"''"},{"name":"cur_login","value":"'test001.miketar+1@gmail.com'"},{"name":"cur_password","value":"'Qwer1234-!@#$'"},{"name":"cur_role","value":"'Auth'"},{"name":"d","value":"'Chrome'"}],"links":[],"hidden":false,"retry":false,"extra":{"severity":"normal","retries":[],"categories":[{"name":"Test defects","matchedStatuses":[],"flaky":false}],"history":{"statistic":{"failed":53,"broken":2,"skipped":0,"passed":0,"unknown":0,"total":55},"items":[{"uid":"ed5be8aab69833dc","reportUrl":"https://AlexTomAQA.github.io/TestCapitalComPySe/109//#testresult/ed5be8aab69833dc","status":"failed","statusDetails":"Failed: Bug # ? 'Why Capital.com?' menu not visible","time":{"start":1724453138038,"stop":1724453153030,"duration":14992}},{"uid":"4c56a72176f62cb7","reportUrl":"https://AlexTomAQA.github.io/TestCapitalComPySe/108//#testresult/4c56a72176f62cb7","status":"failed","statusDetails":"Failed: Bug # ? 'Why Capital.com?' menu not visible","time":{"start":1724424454944,"stop":1724424469834,"duration":14890}},{"uid":"af527b091cf7b19d","reportUrl":"https://AlexTomAQA.github.io/TestCapitalComPySe/107//#testresult/af527b091cf7b19d","status":"failed","statusDetails":"Failed: Bug # ? 'Why Capital.com?' menu not visible","time":{"start":1724385196903,"stop":1724385211473,"duration":14570}},{"uid":"863e05a54e1e986f","reportUrl":"https://AlexTomAQA.github.io/TestCapitalComPySe/106//#testresult/863e05a54e1e986f","status":"failed","statusDetails":"Failed: Bug # ? 'Why Capital.com?' menu not visible","time":{"start":1724366755163,"stop":1724366769241,"duration":14078}},{"uid":"1be882cc0ae83582","reportUrl":"https://AlexTomAQA.github.io/TestCapitalComPySe/105//#testresult/1be882cc0ae83582","status":"failed","statusDetails":"Failed: Bug # ? 'Why Capital.com?' menu not visible","time":{"start":1724337921591,"stop":1724337938326,"duration":16735}},{"uid":"5a75bb7ad021185f","reportUrl":"https://AlexTomAQA.github.io/TestCapitalComPySe/104//#testresult/5a75bb7ad021185f","status":"failed","statusDetails":"Failed: Bug # ? 'Why Capital.com?' menu not visible","time":{"start":1724280300932,"stop":1724280315624,"duration":14692}},{"uid":"cccde82bb23d1a7a","reportUrl":"https://AlexTomAQA.github.io/TestCapitalComPySe/103//#testresult/cccde82bb23d1a7a","status":"failed","statusDetails":"Failed: Bug # ? 'Why Capital.com?' menu not visible","time":{"start":1724251522974,"stop":1724251537228,"duration":14254}},{"uid":"e701d90fcc5801d8","reportUrl":"https://AlexTomAQA.github.io/TestCapitalComPySe/102//#testresult/e701d90fcc5801d8","status":"failed","statusDetails":"Failed: Bug # ? 'Why Capital.com?' menu not visible","time":{"start":1724193778764,"stop":1724193793129,"duration":14365}},{"uid":"7b505f4921d1c510","reportUrl":"https://AlexTomAQA.github.io/TestCapitalComPySe/101//#testresult/7b505f4921d1c510","status":"failed","statusDetails":"Failed: Bug # ? 'Why Capital.com?' menu not visible","time":{"start":1724165074898,"stop":1724165091500,"duration":16602}},{"uid":"bda841708067bcf0","reportUrl":"https://AlexTomAQA.github.io/TestCapitalComPySe/100//#testresult/bda841708067bcf0","status":"failed","statusDetails":"Failed: Bug # ? 'Why Capital.com?' menu not visible","time":{"start":1724107620309,"stop":1724107635209,"duration":14900}},{"uid":"211a5d04dbfa8edb","reportUrl":"https://AlexTomAQA.github.io/TestCapitalComPySe/99//#testresult/211a5d04dbfa8edb","status":"failed","statusDetails":"Failed: Bug # ? 'Why Capital.com?' menu not visible","time":{"start":1724078805735,"stop":1724078819900,"duration":14165}},{"uid":"4606678ff63fb31","reportUrl":"https://AlexTomAQA.github.io/TestCapitalComPySe/98//#testresult/4606678ff63fb31","status":"failed","statusDetails":"Failed: Bug # ? 'Why Capital.com?' menu not visible","time":{"start":1724032687919,"stop":1724032701652,"duration":13733}},{"uid":"1a6282dd3a5fb04a","reportUrl":"https://AlexTomAQA.github.io/TestCapitalComPySe/97//#testresult/1a6282dd3a5fb04a","status":"failed","statusDetails":"Failed: Bug # ? 'Why Capital.com?' menu not visible","time":{"start":1724023884503,"stop":1724023899093,"duration":14590}},{"uid":"48c0f38c600ab4","reportUrl":"https://AlexTomAQA.github.io/TestCapitalComPySe/96//#testresult/48c0f38c600ab4","status":"failed","statusDetails":"Failed: Bug # ? 'Why Capital.com?' menu not visible","time":{"start":1723992151906,"stop":1723992166696,"duration":14790}},{"uid":"87c7d45d0f932809","reportUrl":"https://AlexTomAQA.github.io/TestCapitalComPySe/95//#testresult/87c7d45d0f932809","status":"failed","statusDetails":"Failed: Bug # ? 'Why Capital.com?' menu not visible","time":{"start":1723934547763,"stop":1723934562028,"duration":14265}},{"uid":"c2b76c3b87da897a","reportUrl":"https://AlexTomAQA.github.io/TestCapitalComPySe/94//#testresult/c2b76c3b87da897a","status":"failed","statusDetails":"Failed: Bug # ? 'Why Capital.com?' menu not visible","time":{"start":1723905775928,"stop":1723905790236,"duration":14308}},{"uid":"52aa0b9173363a8e","reportUrl":"https://AlexTomAQA.github.io/TestCapitalComPySe/93//#testresult/52aa0b9173363a8e","status":"failed","statusDetails":"Failed: Bug # ? 'Why Capital.com?' menu not visible","time":{"start":1723848304268,"stop":1723848319312,"duration":15044}},{"uid":"28ae32ae4bdffe06","reportUrl":"https://AlexTomAQA.github.io/TestCapitalComPySe/92//#testresult/28ae32ae4bdffe06","status":"failed","statusDetails":"Failed: Bug # ? 'Why Capital.com?' menu not visible","time":{"start":1723819441071,"stop":1723819455017,"duration":13946}},{"uid":"caa7f3020df20c13","reportUrl":"https://AlexTomAQA.github.io/TestCapitalComPySe/91//#testresult/caa7f3020df20c13","status":"failed","statusDetails":"Failed: Bug # ? 'Why Capital.com?' menu not visible","time":{"start":1723761915129,"stop":1723761929080,"duration":13951}},{"uid":"288b9499ee2c14a5","reportUrl":"https://AlexTomAQA.github.io/TestCapitalComPySe/90//#testresult/288b9499ee2c14a5","status":"failed","statusDetails":"Failed: Bug # ? 'Why Capital.com?' menu not visible","time":{"start":1723732930196,"stop":1723732944231,"duration":14035}}]},"tags":["bug_031","us_55"]},"source":"6aefde7757f9cbce.json","parameterValues":["'gb'","''","'test001.miketar+1@gmail.com'","'Qwer1234-!@#$'","'Auth'","'Chrome'"]}