{"uid":"7194c5175cefd430","name":"TC_11.02.02.00_10 | Testing button in block [Vertical banner]. Bid:11.02.02.00_10-es.de.Auth","fullName":"tests.US_11_Education.US_11-02-02_Shares_trading.US_11-02-02-00_Shares_trading_test.TestSharesTrading#test_10_block_vert_banner_button","historyId":"4f2b511afb6bd8cf57ba896849f680cd","time":{"start":1718774016086,"stop":1718774033784,"duration":17698},"description":"\n                Check the [Button] on the Vertical side banner at the bottom of the page.\n                For \"Authorized user\" role:\n                The trading platform page is opened depend on the banner [type-id]:\n                        Live mode if the banner in the Live mode banners list\n                        Demo mode if the banner in the Demo mode banners list\n                ","descriptionHtml":"<pre><code>            Check the [Button] on the Vertical side banner at the bottom of the page.\n            For &quot;Authorized user&quot; role:\n            The trading platform page is opened depend on the banner [type-id]:\n                    Live mode if the banner in the Live mode banners list\n                    Demo mode if the banner in the Demo mode banners list\n</code></pre>\n","status":"broken","statusMessage":"selenium.common.exceptions.WebDriverException: Message: no such execution context\n  (Session info: chrome=125.0.6422.142)\nStacktrace:\n\tGetHandleVerifier [0x0077B8E3+45827]\n\t(No symbol) [0x0070DCC4]\n\t(No symbol) [0x0060138D]\n\t(No symbol) [0x005ECB66]\n\t(No symbol) [0x005EB5C3]\n\t(No symbol) [0x005EBD1D]\n\t(No symbol) [0x005F863F]\n\t(No symbol) [0x0060BF01]\n\t(No symbol) [0x006103A6]\n\t(No symbol) [0x005EC38C]\n\t(No symbol) [0x0060BB9E]\n\t(No symbol) [0x0067C320]\n\t(No symbol) [0x00662B96]\n\t(No symbol) [0x00636998]\n\t(No symbol) [0x0063751D]\n\tGetHandleVerifier [0x00A34513+2899763]\n\tGetHandleVerifier [0x00A8793D+3240797]\n\tGetHandleVerifier [0x008013B4+593364]\n\tGetHandleVerifier [0x008082DC+621820]\n\t(No symbol) [0x007170A4]\n\t(No symbol) [0x007137A8]\n\t(No symbol) [0x00713947]\n\t(No symbol) [0x007059FE]\n\tBaseThreadInitThunk [0x75DF67F9+25]\n\tRtlGetFullPathName_UEx [0x77E47F4D+173]\n\tRtlGetFullPathName_UEx [0x77E47F1B+123]","statusTrace":"self = <US_11-02-02-00_Shares_trading_test.TestSharesTrading object at 0x0000021702DA4BC0>\nworker_id = 'master'\nd = <selenium.webdriver.chrome.webdriver.WebDriver (session=\"980215c23aefddac51a8b6533013e776\")>\ncur_language = 'es', cur_country = 'de', cur_role = 'Auth'\ncur_login = 'test001.miketar+1@gmail.com', cur_password = 'Qwer1234-!@#$'\n\n    @allure.step(\"Start test of button in block [Vertical banner]\")\n    # @pytest.mark.skip(reason=\"Skipped for debugging\")\n    @pytest.mark.test_10\n    def test_10_block_vert_banner_button(\n            self, worker_id, d, cur_language, cur_country, cur_role, cur_login, cur_password):\n        \"\"\"\n                Check the [Button] on the Vertical side banner at the bottom of the page.\n                For \"Authorized user\" role:\n                The trading platform page is opened depend on the banner [type-id]:\n                        Live mode if the banner in the Live mode banners list\n                        Demo mode if the banner in the Demo mode banners list\n                \"\"\"\n    \n        bid = build_dynamic_arg_v4(\n            d, worker_id, cur_language, cur_country, cur_role,\n            \"11.02.02\", \"Education > Menu item [Shares trading]\",\n            \".00_10\", \"Testing button in block [Vertical banner]\")\n    \n        Common().check_country_in_list_and_skip_if_present(cur_country, [\"gb\"])\n        Common().skip_if_eng_lang_and_fca_license(cur_language, cur_country)\n        check_language(cur_language)\n        if cur_language in [\"\", \"ar\", \"it\", \"cn\"]:\n            Common().skip_test_for_language(cur_language)\n    \n        # test_element.arrange_0()\n        page_conditions = Conditions(d, \"\")\n        main_page_link = page_conditions.preconditions(\n            d, CapitalComPageSrc.URL, \"\", cur_language, cur_country, cur_role, cur_login, cur_password)\n    \n        # банеры должны открываться в Demo mode for US_00\n        banner00_ver_tpd = ['505', '221', '389']\n        # банеры должны открываться в Live mode for US_00\n        banner00_ver_tp = ['166', '196', '292', '377', '388', '425']\n        # банеры должны открываться в Demo mode for US_01\n        banner01_ver_tpd = []\n        # банеры должны открываться в Live mode for US_01\n        banner01_ver_tp = []\n    \n        page_menu = MenuSection(d, main_page_link)\n        cur_menu_link = page_menu.open_education_shares_trading_menu(d, cur_language, cur_country, main_page_link)\n    \n        test_element = ButtonOnVerticalBanner(d, cur_menu_link, bid)\n>       test_element.full_test_with_tpi(d, cur_language, cur_country, cur_role, cur_menu_link, banner00_ver_tpd,\n                                        banner00_ver_tp, banner01_ver_tpd, banner01_ver_tp)\n\ntests\\US_11_Education\\US_11-02-02_Shares_trading\\US_11-02-02-00_Shares_trading_test.py:251: \n_ _ _ _ _ _ _ _ _ _ _ _ _ _ _ _ _ _ _ _ _ _ _ _ _ _ _ _ _ _ _ _ _ _ _ _ _ _ _ _\npages\\Elements\\VerticalBannerButton.py:27: in full_test_with_tpi\n    data_id = self.element_click()\npages\\Elements\\VerticalBannerButton.py:100: in element_click\n    web_element.click()\nC:\\Users\\runneradmin\\AppData\\Local\\pypoetry\\Cache\\virtualenvs\\testcapitalcompyse-ahTg7XpD-py3.12\\Lib\\site-packages\\selenium\\webdriver\\remote\\webelement.py:94: in click\n    self._execute(Command.CLICK_ELEMENT)\nC:\\Users\\runneradmin\\AppData\\Local\\pypoetry\\Cache\\virtualenvs\\testcapitalcompyse-ahTg7XpD-py3.12\\Lib\\site-packages\\selenium\\webdriver\\remote\\webelement.py:395: in _execute\n    return self._parent.execute(command, params)\nC:\\Users\\runneradmin\\AppData\\Local\\pypoetry\\Cache\\virtualenvs\\testcapitalcompyse-ahTg7XpD-py3.12\\Lib\\site-packages\\selenium\\webdriver\\remote\\webdriver.py:347: in execute\n    self.error_handler.check_response(response)\n_ _ _ _ _ _ _ _ _ _ _ _ _ _ _ _ _ _ _ _ _ _ _ _ _ _ _ _ _ _ _ _ _ _ _ _ _ _ _ _\n\nself = <selenium.webdriver.remote.errorhandler.ErrorHandler object at 0x0000021702DA7890>\nresponse = {'status': 400, 'value': '{\"value\":{\"error\":\"no such execution context\",\"message\":\"no such execution context\\\\n  (Sess...Thunk [0x75DF67F9+25]\\\\n\\\\tRtlGetFullPathName_UEx [0x77E47F4D+173]\\\\n\\\\tRtlGetFullPathName_UEx [0x77E47F1B+123]\\\\n\"}}'}\n\n    def check_response(self, response: Dict[str, Any]) -> None:\n        \"\"\"Checks that a JSON response from the WebDriver does not have an\n        error.\n    \n        :Args:\n         - response - The JSON response from the WebDriver server as a dictionary\n           object.\n    \n        :Raises: If the response contains an error message.\n        \"\"\"\n        status = response.get(\"status\", None)\n        if not status or status == ErrorCode.SUCCESS:\n            return\n        value = None\n        message = response.get(\"message\", \"\")\n        screen: str = response.get(\"screen\", \"\")\n        stacktrace = None\n        if isinstance(status, int):\n            value_json = response.get(\"value\", None)\n            if value_json and isinstance(value_json, str):\n                import json\n    \n                try:\n                    value = json.loads(value_json)\n                    if len(value) == 1:\n                        value = value[\"value\"]\n                    status = value.get(\"error\", None)\n                    if not status:\n                        status = value.get(\"status\", ErrorCode.UNKNOWN_ERROR)\n                        message = value.get(\"value\") or value.get(\"message\")\n                        if not isinstance(message, str):\n                            value = message\n                            message = message.get(\"message\")\n                    else:\n                        message = value.get(\"message\", None)\n                except ValueError:\n                    pass\n    \n        exception_class: Type[WebDriverException]\n        e = ErrorCode()\n        error_codes = [item for item in dir(e) if not item.startswith(\"__\")]\n        for error_code in error_codes:\n            error_info = getattr(ErrorCode, error_code)\n            if isinstance(error_info, list) and status in error_info:\n                exception_class = getattr(ExceptionMapping, error_code, WebDriverException)\n                break\n        else:\n            exception_class = WebDriverException\n    \n        if not value:\n            value = response[\"value\"]\n        if isinstance(value, str):\n            raise exception_class(value)\n        if message == \"\" and \"message\" in value:\n            message = value[\"message\"]\n    \n        screen = None  # type: ignore[assignment]\n        if \"screen\" in value:\n            screen = value[\"screen\"]\n    \n        stacktrace = None\n        st_value = value.get(\"stackTrace\") or value.get(\"stacktrace\")\n        if st_value:\n            if isinstance(st_value, str):\n                stacktrace = st_value.split(\"\\n\")\n            else:\n                stacktrace = []\n                try:\n                    for frame in st_value:\n                        line = frame.get(\"lineNumber\", \"\")\n                        file = frame.get(\"fileName\", \"<anonymous>\")\n                        if line:\n                            file = f\"{file}:{line}\"\n                        meth = frame.get(\"methodName\", \"<anonymous>\")\n                        if \"className\" in frame:\n                            meth = f\"{frame['className']}.{meth}\"\n                        msg = \"    at %s (%s)\"\n                        msg = msg % (meth, file)\n                        stacktrace.append(msg)\n                except TypeError:\n                    pass\n        if exception_class == UnexpectedAlertPresentException:\n            alert_text = None\n            if \"data\" in value:\n                alert_text = value[\"data\"].get(\"text\")\n            elif \"alert\" in value:\n                alert_text = value[\"alert\"].get(\"text\")\n            raise exception_class(message, screen, stacktrace, alert_text)  # type: ignore[call-arg]  # mypy is not smart enough here\n>       raise exception_class(message, screen, stacktrace)\nE       selenium.common.exceptions.WebDriverException: Message: no such execution context\nE         (Session info: chrome=125.0.6422.142)\nE       Stacktrace:\nE       \tGetHandleVerifier [0x0077B8E3+45827]\nE       \t(No symbol) [0x0070DCC4]\nE       \t(No symbol) [0x0060138D]\nE       \t(No symbol) [0x005ECB66]\nE       \t(No symbol) [0x005EB5C3]\nE       \t(No symbol) [0x005EBD1D]\nE       \t(No symbol) [0x005F863F]\nE       \t(No symbol) [0x0060BF01]\nE       \t(No symbol) [0x006103A6]\nE       \t(No symbol) [0x005EC38C]\nE       \t(No symbol) [0x0060BB9E]\nE       \t(No symbol) [0x0067C320]\nE       \t(No symbol) [0x00662B96]\nE       \t(No symbol) [0x00636998]\nE       \t(No symbol) [0x0063751D]\nE       \tGetHandleVerifier [0x00A34513+2899763]\nE       \tGetHandleVerifier [0x00A8793D+3240797]\nE       \tGetHandleVerifier [0x008013B4+593364]\nE       \tGetHandleVerifier [0x008082DC+621820]\nE       \t(No symbol) [0x007170A4]\nE       \t(No symbol) [0x007137A8]\nE       \t(No symbol) [0x00713947]\nE       \t(No symbol) [0x007059FE]\nE       \tBaseThreadInitThunk [0x75DF67F9+25]\nE       \tRtlGetFullPathName_UEx [0x77E47F4D+173]\nE       \tRtlGetFullPathName_UEx [0x77E47F1B+123]\n\nC:\\Users\\runneradmin\\AppData\\Local\\pypoetry\\Cache\\virtualenvs\\testcapitalcompyse-ahTg7XpD-py3.12\\Lib\\site-packages\\selenium\\webdriver\\remote\\errorhandler.py:229: WebDriverException","flaky":false,"newFailed":false,"newBroken":false,"newPassed":false,"retriesCount":0,"retriesStatusChange":false,"beforeStages":[{"name":"d","time":{"start":1718773759523,"stop":1718773761155,"duration":1632},"status":"passed","steps":[],"attachments":[],"parameters":[],"shouldDisplayMessage":false,"stepsCount":0,"attachmentsCount":0,"hasContent":false,"attachmentStep":false},{"name":"worker_id","time":{"start":1718773761155,"stop":1718773761156,"duration":1},"status":"passed","steps":[],"attachments":[],"parameters":[],"shouldDisplayMessage":false,"stepsCount":0,"attachmentsCount":0,"hasContent":false,"attachmentStep":false},{"name":"cur_password","time":{"start":1718773761156,"stop":1718773761156,"duration":0},"status":"passed","steps":[],"attachments":[],"parameters":[],"shouldDisplayMessage":false,"stepsCount":0,"attachmentsCount":0,"hasContent":false,"attachmentStep":false},{"name":"cur_country","time":{"start":1718773761156,"stop":1718773761156,"duration":0},"status":"passed","steps":[],"attachments":[],"parameters":[],"shouldDisplayMessage":false,"stepsCount":0,"attachmentsCount":0,"hasContent":false,"attachmentStep":false},{"name":"cur_login","time":{"start":1718773761156,"stop":1718773761156,"duration":0},"status":"passed","steps":[],"attachments":[],"parameters":[],"shouldDisplayMessage":false,"stepsCount":0,"attachmentsCount":0,"hasContent":false,"attachmentStep":false},{"name":"cur_language","time":{"start":1718773761156,"stop":1718773761156,"duration":0},"status":"passed","steps":[],"attachments":[],"parameters":[],"shouldDisplayMessage":false,"stepsCount":0,"attachmentsCount":0,"hasContent":false,"attachmentStep":false},{"name":"cur_role","time":{"start":1718773883619,"stop":1718773883619,"duration":0},"status":"passed","steps":[],"attachments":[],"parameters":[],"shouldDisplayMessage":false,"stepsCount":0,"attachmentsCount":0,"hasContent":false,"attachmentStep":false}],"testStage":{"description":"\n                Check the [Button] on the Vertical side banner at the bottom of the page.\n                For \"Authorized user\" role:\n                The trading platform page is opened depend on the banner [type-id]:\n                        Live mode if the banner in the Live mode banners list\n                        Demo mode if the banner in the Demo mode banners list\n                ","status":"broken","statusMessage":"selenium.common.exceptions.WebDriverException: Message: no such execution context\n  (Session info: chrome=125.0.6422.142)\nStacktrace:\n\tGetHandleVerifier [0x0077B8E3+45827]\n\t(No symbol) [0x0070DCC4]\n\t(No symbol) [0x0060138D]\n\t(No symbol) [0x005ECB66]\n\t(No symbol) [0x005EB5C3]\n\t(No symbol) [0x005EBD1D]\n\t(No symbol) [0x005F863F]\n\t(No symbol) [0x0060BF01]\n\t(No symbol) [0x006103A6]\n\t(No symbol) [0x005EC38C]\n\t(No symbol) [0x0060BB9E]\n\t(No symbol) [0x0067C320]\n\t(No symbol) [0x00662B96]\n\t(No symbol) [0x00636998]\n\t(No symbol) [0x0063751D]\n\tGetHandleVerifier [0x00A34513+2899763]\n\tGetHandleVerifier [0x00A8793D+3240797]\n\tGetHandleVerifier [0x008013B4+593364]\n\tGetHandleVerifier [0x008082DC+621820]\n\t(No symbol) [0x007170A4]\n\t(No symbol) [0x007137A8]\n\t(No symbol) [0x00713947]\n\t(No symbol) [0x007059FE]\n\tBaseThreadInitThunk [0x75DF67F9+25]\n\tRtlGetFullPathName_UEx [0x77E47F4D+173]\n\tRtlGetFullPathName_UEx [0x77E47F1B+123]","statusTrace":"self = <US_11-02-02-00_Shares_trading_test.TestSharesTrading object at 0x0000021702DA4BC0>\nworker_id = 'master'\nd = <selenium.webdriver.chrome.webdriver.WebDriver (session=\"980215c23aefddac51a8b6533013e776\")>\ncur_language = 'es', cur_country = 'de', cur_role = 'Auth'\ncur_login = 'test001.miketar+1@gmail.com', cur_password = 'Qwer1234-!@#$'\n\n    @allure.step(\"Start test of button in block [Vertical banner]\")\n    # @pytest.mark.skip(reason=\"Skipped for debugging\")\n    @pytest.mark.test_10\n    def test_10_block_vert_banner_button(\n            self, worker_id, d, cur_language, cur_country, cur_role, cur_login, cur_password):\n        \"\"\"\n                Check the [Button] on the Vertical side banner at the bottom of the page.\n                For \"Authorized user\" role:\n                The trading platform page is opened depend on the banner [type-id]:\n                        Live mode if the banner in the Live mode banners list\n                        Demo mode if the banner in the Demo mode banners list\n                \"\"\"\n    \n        bid = build_dynamic_arg_v4(\n            d, worker_id, cur_language, cur_country, cur_role,\n            \"11.02.02\", \"Education > Menu item [Shares trading]\",\n            \".00_10\", \"Testing button in block [Vertical banner]\")\n    \n        Common().check_country_in_list_and_skip_if_present(cur_country, [\"gb\"])\n        Common().skip_if_eng_lang_and_fca_license(cur_language, cur_country)\n        check_language(cur_language)\n        if cur_language in [\"\", \"ar\", \"it\", \"cn\"]:\n            Common().skip_test_for_language(cur_language)\n    \n        # test_element.arrange_0()\n        page_conditions = Conditions(d, \"\")\n        main_page_link = page_conditions.preconditions(\n            d, CapitalComPageSrc.URL, \"\", cur_language, cur_country, cur_role, cur_login, cur_password)\n    \n        # банеры должны открываться в Demo mode for US_00\n        banner00_ver_tpd = ['505', '221', '389']\n        # банеры должны открываться в Live mode for US_00\n        banner00_ver_tp = ['166', '196', '292', '377', '388', '425']\n        # банеры должны открываться в Demo mode for US_01\n        banner01_ver_tpd = []\n        # банеры должны открываться в Live mode for US_01\n        banner01_ver_tp = []\n    \n        page_menu = MenuSection(d, main_page_link)\n        cur_menu_link = page_menu.open_education_shares_trading_menu(d, cur_language, cur_country, main_page_link)\n    \n        test_element = ButtonOnVerticalBanner(d, cur_menu_link, bid)\n>       test_element.full_test_with_tpi(d, cur_language, cur_country, cur_role, cur_menu_link, banner00_ver_tpd,\n                                        banner00_ver_tp, banner01_ver_tpd, banner01_ver_tp)\n\ntests\\US_11_Education\\US_11-02-02_Shares_trading\\US_11-02-02-00_Shares_trading_test.py:251: \n_ _ _ _ _ _ _ _ _ _ _ _ _ _ _ _ _ _ _ _ _ _ _ _ _ _ _ _ _ _ _ _ _ _ _ _ _ _ _ _\npages\\Elements\\VerticalBannerButton.py:27: in full_test_with_tpi\n    data_id = self.element_click()\npages\\Elements\\VerticalBannerButton.py:100: in element_click\n    web_element.click()\nC:\\Users\\runneradmin\\AppData\\Local\\pypoetry\\Cache\\virtualenvs\\testcapitalcompyse-ahTg7XpD-py3.12\\Lib\\site-packages\\selenium\\webdriver\\remote\\webelement.py:94: in click\n    self._execute(Command.CLICK_ELEMENT)\nC:\\Users\\runneradmin\\AppData\\Local\\pypoetry\\Cache\\virtualenvs\\testcapitalcompyse-ahTg7XpD-py3.12\\Lib\\site-packages\\selenium\\webdriver\\remote\\webelement.py:395: in _execute\n    return self._parent.execute(command, params)\nC:\\Users\\runneradmin\\AppData\\Local\\pypoetry\\Cache\\virtualenvs\\testcapitalcompyse-ahTg7XpD-py3.12\\Lib\\site-packages\\selenium\\webdriver\\remote\\webdriver.py:347: in execute\n    self.error_handler.check_response(response)\n_ _ _ _ _ _ _ _ _ _ _ _ _ _ _ _ _ _ _ _ _ _ _ _ _ _ _ _ _ _ _ _ _ _ _ _ _ _ _ _\n\nself = <selenium.webdriver.remote.errorhandler.ErrorHandler object at 0x0000021702DA7890>\nresponse = {'status': 400, 'value': '{\"value\":{\"error\":\"no such execution context\",\"message\":\"no such execution context\\\\n  (Sess...Thunk [0x75DF67F9+25]\\\\n\\\\tRtlGetFullPathName_UEx [0x77E47F4D+173]\\\\n\\\\tRtlGetFullPathName_UEx [0x77E47F1B+123]\\\\n\"}}'}\n\n    def check_response(self, response: Dict[str, Any]) -> None:\n        \"\"\"Checks that a JSON response from the WebDriver does not have an\n        error.\n    \n        :Args:\n         - response - The JSON response from the WebDriver server as a dictionary\n           object.\n    \n        :Raises: If the response contains an error message.\n        \"\"\"\n        status = response.get(\"status\", None)\n        if not status or status == ErrorCode.SUCCESS:\n            return\n        value = None\n        message = response.get(\"message\", \"\")\n        screen: str = response.get(\"screen\", \"\")\n        stacktrace = None\n        if isinstance(status, int):\n            value_json = response.get(\"value\", None)\n            if value_json and isinstance(value_json, str):\n                import json\n    \n                try:\n                    value = json.loads(value_json)\n                    if len(value) == 1:\n                        value = value[\"value\"]\n                    status = value.get(\"error\", None)\n                    if not status:\n                        status = value.get(\"status\", ErrorCode.UNKNOWN_ERROR)\n                        message = value.get(\"value\") or value.get(\"message\")\n                        if not isinstance(message, str):\n                            value = message\n                            message = message.get(\"message\")\n                    else:\n                        message = value.get(\"message\", None)\n                except ValueError:\n                    pass\n    \n        exception_class: Type[WebDriverException]\n        e = ErrorCode()\n        error_codes = [item for item in dir(e) if not item.startswith(\"__\")]\n        for error_code in error_codes:\n            error_info = getattr(ErrorCode, error_code)\n            if isinstance(error_info, list) and status in error_info:\n                exception_class = getattr(ExceptionMapping, error_code, WebDriverException)\n                break\n        else:\n            exception_class = WebDriverException\n    \n        if not value:\n            value = response[\"value\"]\n        if isinstance(value, str):\n            raise exception_class(value)\n        if message == \"\" and \"message\" in value:\n            message = value[\"message\"]\n    \n        screen = None  # type: ignore[assignment]\n        if \"screen\" in value:\n            screen = value[\"screen\"]\n    \n        stacktrace = None\n        st_value = value.get(\"stackTrace\") or value.get(\"stacktrace\")\n        if st_value:\n            if isinstance(st_value, str):\n                stacktrace = st_value.split(\"\\n\")\n            else:\n                stacktrace = []\n                try:\n                    for frame in st_value:\n                        line = frame.get(\"lineNumber\", \"\")\n                        file = frame.get(\"fileName\", \"<anonymous>\")\n                        if line:\n                            file = f\"{file}:{line}\"\n                        meth = frame.get(\"methodName\", \"<anonymous>\")\n                        if \"className\" in frame:\n                            meth = f\"{frame['className']}.{meth}\"\n                        msg = \"    at %s (%s)\"\n                        msg = msg % (meth, file)\n                        stacktrace.append(msg)\n                except TypeError:\n                    pass\n        if exception_class == UnexpectedAlertPresentException:\n            alert_text = None\n            if \"data\" in value:\n                alert_text = value[\"data\"].get(\"text\")\n            elif \"alert\" in value:\n                alert_text = value[\"alert\"].get(\"text\")\n            raise exception_class(message, screen, stacktrace, alert_text)  # type: ignore[call-arg]  # mypy is not smart enough here\n>       raise exception_class(message, screen, stacktrace)\nE       selenium.common.exceptions.WebDriverException: Message: no such execution context\nE         (Session info: chrome=125.0.6422.142)\nE       Stacktrace:\nE       \tGetHandleVerifier [0x0077B8E3+45827]\nE       \t(No symbol) [0x0070DCC4]\nE       \t(No symbol) [0x0060138D]\nE       \t(No symbol) [0x005ECB66]\nE       \t(No symbol) [0x005EB5C3]\nE       \t(No symbol) [0x005EBD1D]\nE       \t(No symbol) [0x005F863F]\nE       \t(No symbol) [0x0060BF01]\nE       \t(No symbol) [0x006103A6]\nE       \t(No symbol) [0x005EC38C]\nE       \t(No symbol) [0x0060BB9E]\nE       \t(No symbol) [0x0067C320]\nE       \t(No symbol) [0x00662B96]\nE       \t(No symbol) [0x00636998]\nE       \t(No symbol) [0x0063751D]\nE       \tGetHandleVerifier [0x00A34513+2899763]\nE       \tGetHandleVerifier [0x00A8793D+3240797]\nE       \tGetHandleVerifier [0x008013B4+593364]\nE       \tGetHandleVerifier [0x008082DC+621820]\nE       \t(No symbol) [0x007170A4]\nE       \t(No symbol) [0x007137A8]\nE       \t(No symbol) [0x00713947]\nE       \t(No symbol) [0x007059FE]\nE       \tBaseThreadInitThunk [0x75DF67F9+25]\nE       \tRtlGetFullPathName_UEx [0x77E47F4D+173]\nE       \tRtlGetFullPathName_UEx [0x77E47F1B+123]\n\nC:\\Users\\runneradmin\\AppData\\Local\\pypoetry\\Cache\\virtualenvs\\testcapitalcompyse-ahTg7XpD-py3.12\\Lib\\site-packages\\selenium\\webdriver\\remote\\errorhandler.py:229: WebDriverException","steps":[{"name":"Start test of button in block [Vertical banner]","time":{"start":1718774016086,"stop":1718774033783,"duration":17697},"status":"broken","statusMessage":"selenium.common.exceptions.WebDriverException: Message: no such execution context\n  (Session info: chrome=125.0.6422.142)\nStacktrace:\n\tGetHandleVerifier [0x0077B8E3+45827]\n\t(No symbol) [0x0070DCC4]\n\t(No symbol) [0x0060138D]\n\t(No symbol) [0x005ECB66]\n\t(No symbol) [0x005EB5C3]\n\t(No symbol) [0x005EBD1D]\n\t(No symbol) [0x005F863F]\n\t(No symbol) [0x0060BF01]\n\t(No symbol) [0x006103A6]\n\t(No symbol) [0x005EC38C]\n\t(No symbol) [0x0060BB9E]\n\t(No symbol) [0x0067C320]\n\t(No symbol) [0x00662B96]\n\t(No symbol) [0x00636998]\n\t(No symbol) [0x0063751D]\n\tGetHandleVerifier [0x00A34513+2899763]\n\tGetHandleVerifier [0x00A8793D+3240797]\n\tGetHandleVerifier [0x008013B4+593364]\n\tGetHandleVerifier [0x008082DC+621820]\n\t(No symbol) [0x007170A4]\n\t(No symbol) [0x007137A8]\n\t(No symbol) [0x00713947]\n\t(No symbol) [0x007059FE]\n\tBaseThreadInitThunk [0x75DF67F9+25]\n\tRtlGetFullPathName_UEx [0x77E47F4D+173]\n\tRtlGetFullPathName_UEx [0x77E47F1B+123]\n\n","statusTrace":"  File \"C:\\Users\\runneradmin\\AppData\\Local\\pypoetry\\Cache\\virtualenvs\\testcapitalcompyse-ahTg7XpD-py3.12\\Lib\\site-packages\\allure_commons\\_allure.py\", line 192, in impl\n    return func(*a, **kw)\n           ^^^^^^^^^^^^^^\n  File \"D:\\a\\TestCapitalComPySe\\TestCapitalComPySe\\tests\\US_11_Education\\US_11-02-02_Shares_trading\\US_11-02-02-00_Shares_trading_test.py\", line 251, in test_10_block_vert_banner_button\n    test_element.full_test_with_tpi(d, cur_language, cur_country, cur_role, cur_menu_link, banner00_ver_tpd,\n  File \"D:\\a\\TestCapitalComPySe\\TestCapitalComPySe\\pages\\Elements\\VerticalBannerButton.py\", line 27, in full_test_with_tpi\n    data_id = self.element_click()\n              ^^^^^^^^^^^^^^^^^^^^\n  File \"C:\\Users\\runneradmin\\AppData\\Local\\pypoetry\\Cache\\virtualenvs\\testcapitalcompyse-ahTg7XpD-py3.12\\Lib\\site-packages\\allure_commons\\_allure.py\", line 192, in impl\n    return func(*a, **kw)\n           ^^^^^^^^^^^^^^\n  File \"D:\\a\\TestCapitalComPySe\\TestCapitalComPySe\\pages\\Elements\\VerticalBannerButton.py\", line 100, in element_click\n    web_element.click()\n  File \"C:\\Users\\runneradmin\\AppData\\Local\\pypoetry\\Cache\\virtualenvs\\testcapitalcompyse-ahTg7XpD-py3.12\\Lib\\site-packages\\selenium\\webdriver\\remote\\webelement.py\", line 94, in click\n    self._execute(Command.CLICK_ELEMENT)\n  File \"C:\\Users\\runneradmin\\AppData\\Local\\pypoetry\\Cache\\virtualenvs\\testcapitalcompyse-ahTg7XpD-py3.12\\Lib\\site-packages\\selenium\\webdriver\\remote\\webelement.py\", line 395, in _execute\n    return self._parent.execute(command, params)\n           ^^^^^^^^^^^^^^^^^^^^^^^^^^^^^^^^^^^^^\n  File \"C:\\Users\\runneradmin\\AppData\\Local\\pypoetry\\Cache\\virtualenvs\\testcapitalcompyse-ahTg7XpD-py3.12\\Lib\\site-packages\\selenium\\webdriver\\remote\\webdriver.py\", line 347, in execute\n    self.error_handler.check_response(response)\n  File \"C:\\Users\\runneradmin\\AppData\\Local\\pypoetry\\Cache\\virtualenvs\\testcapitalcompyse-ahTg7XpD-py3.12\\Lib\\site-packages\\selenium\\webdriver\\remote\\errorhandler.py\", line 229, in check_response\n    raise exception_class(message, screen, stacktrace)\n","steps":[{"name":"Preconditions","time":{"start":1718774016086,"stop":1718774022546,"duration":6460},"status":"passed","steps":[{"name":"2024-06-19 05:09:19.507583   Start Checking Captcha","time":{"start":1718774018421,"stop":1718774019427,"duration":1006},"status":"passed","steps":[],"attachments":[],"parameters":[],"shouldDisplayMessage":false,"stepsCount":0,"attachmentsCount":0,"hasContent":false,"attachmentStep":false},{"name":"2024-06-19 05:09:19.507583   Start Checking Captcha","time":{"start":1718774019428,"stop":1718774020476,"duration":1048},"status":"passed","steps":[],"attachments":[],"parameters":[],"shouldDisplayMessage":false,"stepsCount":0,"attachmentsCount":0,"hasContent":false,"attachmentStep":false},{"name":"2024-06-19 05:09:19.507583   Start Checking Captcha","time":{"start":1718774020477,"stop":1718774021525,"duration":1048},"status":"passed","steps":[],"attachments":[],"parameters":[],"shouldDisplayMessage":false,"stepsCount":0,"attachmentsCount":0,"hasContent":false,"attachmentStep":false},{"name":"2024-06-19 05:09:19.507583   Start Checking Captcha","time":{"start":1718774021525,"stop":1718774022542,"duration":1017},"status":"passed","steps":[],"attachments":[],"parameters":[],"shouldDisplayMessage":false,"stepsCount":0,"attachmentsCount":0,"hasContent":false,"attachmentStep":false}],"attachments":[],"parameters":[{"name":"d","value":"<selenium.webdriver.chrome.webdriver.WebDriver (session=\"980215c23aefddac51a8b6533013e776\")>"},{"name":"host","value":"'https://capital.com/'"},{"name":"end_point","value":"''"},{"name":"cur_language","value":"'es'"},{"name":"cur_country","value":"'de'"},{"name":"cur_role","value":"'Auth'"},{"name":"cur_login","value":"'test001.miketar+1@gmail.com'"},{"name":"cur_password","value":"'Qwer1234-!@#$'"}],"shouldDisplayMessage":false,"stepsCount":4,"attachmentsCount":0,"hasContent":true,"attachmentStep":false},{"name":"Select \"Education\" menu, \"Shares trading\" submenu","time":{"start":1718774022546,"stop":1718774026595,"duration":4049},"status":"passed","steps":[{"name":"Focus moved to 'Education' menu","time":{"start":1718774022556,"stop":1718774024357,"duration":1801},"status":"passed","steps":[],"attachments":[],"parameters":[{"name":"d","value":"<selenium.webdriver.chrome.webdriver.WebDriver (session=\"980215c23aefddac51a8b6533013e776\")>"},{"name":"test_language","value":"'es'"},{"name":"test_country","value":"'de'"}],"shouldDisplayMessage":false,"stepsCount":0,"attachmentsCount":0,"hasContent":true,"attachmentStep":false},{"name":"Focus move to 'Shares trading' submenu item and click","time":{"start":1718774024357,"stop":1718774026314,"duration":1957},"status":"passed","steps":[],"attachments":[],"parameters":[{"name":"d","value":"<selenium.webdriver.chrome.webdriver.WebDriver (session=\"980215c23aefddac51a8b6533013e776\")>"},{"name":"test_language","value":"'es'"}],"shouldDisplayMessage":false,"stepsCount":0,"attachmentsCount":0,"hasContent":true,"attachmentStep":false}],"attachments":[],"parameters":[{"name":"d","value":"<selenium.webdriver.chrome.webdriver.WebDriver (session=\"980215c23aefddac51a8b6533013e776\")>"},{"name":"cur_language","value":"'es'"},{"name":"cur_country","value":"'de'"},{"name":"link","value":"'https://capital.com/es'"}],"shouldDisplayMessage":false,"stepsCount":2,"attachmentsCount":0,"hasContent":true,"attachmentStep":false},{"name":"2024-06-19 05:09:19.507583   Check that form [Sign up] opened","time":{"start":1718774026666,"stop":1718774028191,"duration":1525},"status":"passed","steps":[],"attachments":[],"parameters":[{"name":"timeout","value":"1"}],"shouldDisplayMessage":false,"stepsCount":0,"attachmentsCount":0,"hasContent":true,"attachmentStep":false},{"name":"Click button [BUTTON_ON_VER_BANNER]","time":{"start":1718774028191,"stop":1718774033781,"duration":5590},"status":"broken","statusMessage":"selenium.common.exceptions.WebDriverException: Message: no such execution context\n  (Session info: chrome=125.0.6422.142)\nStacktrace:\n\tGetHandleVerifier [0x0077B8E3+45827]\n\t(No symbol) [0x0070DCC4]\n\t(No symbol) [0x0060138D]\n\t(No symbol) [0x005ECB66]\n\t(No symbol) [0x005EB5C3]\n\t(No symbol) [0x005EBD1D]\n\t(No symbol) [0x005F863F]\n\t(No symbol) [0x0060BF01]\n\t(No symbol) [0x006103A6]\n\t(No symbol) [0x005EC38C]\n\t(No symbol) [0x0060BB9E]\n\t(No symbol) [0x0067C320]\n\t(No symbol) [0x00662B96]\n\t(No symbol) [0x00636998]\n\t(No symbol) [0x0063751D]\n\tGetHandleVerifier [0x00A34513+2899763]\n\tGetHandleVerifier [0x00A8793D+3240797]\n\tGetHandleVerifier [0x008013B4+593364]\n\tGetHandleVerifier [0x008082DC+621820]\n\t(No symbol) [0x007170A4]\n\t(No symbol) [0x007137A8]\n\t(No symbol) [0x00713947]\n\t(No symbol) [0x007059FE]\n\tBaseThreadInitThunk [0x75DF67F9+25]\n\tRtlGetFullPathName_UEx [0x77E47F4D+173]\n\tRtlGetFullPathName_UEx [0x77E47F1B+123]\n\n","statusTrace":"  File \"C:\\Users\\runneradmin\\AppData\\Local\\pypoetry\\Cache\\virtualenvs\\testcapitalcompyse-ahTg7XpD-py3.12\\Lib\\site-packages\\allure_commons\\_allure.py\", line 192, in impl\n    return func(*a, **kw)\n           ^^^^^^^^^^^^^^\n  File \"D:\\a\\TestCapitalComPySe\\TestCapitalComPySe\\pages\\Elements\\VerticalBannerButton.py\", line 100, in element_click\n    web_element.click()\n  File \"C:\\Users\\runneradmin\\AppData\\Local\\pypoetry\\Cache\\virtualenvs\\testcapitalcompyse-ahTg7XpD-py3.12\\Lib\\site-packages\\selenium\\webdriver\\remote\\webelement.py\", line 94, in click\n    self._execute(Command.CLICK_ELEMENT)\n  File \"C:\\Users\\runneradmin\\AppData\\Local\\pypoetry\\Cache\\virtualenvs\\testcapitalcompyse-ahTg7XpD-py3.12\\Lib\\site-packages\\selenium\\webdriver\\remote\\webelement.py\", line 395, in _execute\n    return self._parent.execute(command, params)\n           ^^^^^^^^^^^^^^^^^^^^^^^^^^^^^^^^^^^^^\n  File \"C:\\Users\\runneradmin\\AppData\\Local\\pypoetry\\Cache\\virtualenvs\\testcapitalcompyse-ahTg7XpD-py3.12\\Lib\\site-packages\\selenium\\webdriver\\remote\\webdriver.py\", line 347, in execute\n    self.error_handler.check_response(response)\n  File \"C:\\Users\\runneradmin\\AppData\\Local\\pypoetry\\Cache\\virtualenvs\\testcapitalcompyse-ahTg7XpD-py3.12\\Lib\\site-packages\\selenium\\webdriver\\remote\\errorhandler.py\", line 229, in check_response\n    raise exception_class(message, screen, stacktrace)\n","steps":[],"attachments":[],"parameters":[],"shouldDisplayMessage":true,"stepsCount":0,"attachmentsCount":0,"hasContent":true,"attachmentStep":false}],"attachments":[],"parameters":[{"name":"worker_id","value":"'master'"},{"name":"d","value":"<selenium.webdriver.chrome.webdriver.WebDriver (session=\"980215c23aefddac51a8b6533013e776\")>"},{"name":"cur_language","value":"'es'"},{"name":"cur_country","value":"'de'"},{"name":"cur_role","value":"'Auth'"},{"name":"cur_login","value":"'test001.miketar+1@gmail.com'"},{"name":"cur_password","value":"'Qwer1234-!@#$'"}],"shouldDisplayMessage":false,"stepsCount":10,"attachmentsCount":0,"hasContent":true,"attachmentStep":false}],"attachments":[{"uid":"1db21c9595db006f","name":"Screenshot","source":"1db21c9595db006f.png","type":"image/png","size":14565},{"uid":"25fede884400f09","name":"log","source":"25fede884400f09.txt","type":"text/plain","size":1511},{"uid":"5096db5b9c8c6230","name":"stdout","source":"5096db5b9c8c6230.txt","type":"text/plain","size":3459}],"parameters":[],"shouldDisplayMessage":true,"stepsCount":11,"attachmentsCount":3,"hasContent":true,"attachmentStep":false},"afterStages":[{"name":"d::0","time":{"start":1718774212855,"stop":1718774215227,"duration":2372},"status":"passed","steps":[],"attachments":[],"parameters":[],"shouldDisplayMessage":false,"stepsCount":0,"attachmentsCount":0,"hasContent":false,"attachmentStep":false}],"labels":[{"name":"epic","value":"US_11.02.02 | Education > Menu item [Shares trading]"},{"name":"feature","value":"Language: es"},{"name":"story","value":"Country: de / Role: Auth"},{"name":"tag","value":"test_10"},{"name":"tag","value":"us_11_02_02"},{"name":"parentSuite","value":"tests.US_11_Education.US_11-02-02_Shares_trading"},{"name":"suite","value":"US_11-02-02-00_Shares_trading_test"},{"name":"subSuite","value":"TestSharesTrading"},{"name":"host","value":"fv-az1760-67"},{"name":"thread","value":"2004-MainThread"},{"name":"framework","value":"pytest"},{"name":"language","value":"cpython3"},{"name":"package","value":"tests.US_11_Education.US_11-02-02_Shares_trading.US_11-02-02-00_Shares_trading_test"},{"name":"resultFormat","value":"allure2"}],"parameters":[{"name":"cur_country","value":"'de'"},{"name":"cur_language","value":"'es'"},{"name":"cur_login","value":"'test001.miketar+1@gmail.com'"},{"name":"cur_password","value":"'Qwer1234-!@#$'"},{"name":"cur_role","value":"'Auth'"},{"name":"d","value":"'Chrome'"}],"links":[],"hidden":false,"retry":false,"extra":{"severity":"normal","retries":[],"categories":[{"name":"Test defects","matchedStatuses":[],"flaky":false}],"tags":["test_10","us_11_02_02"]},"source":"7194c5175cefd430.json","parameterValues":["'de'","'es'","'test001.miketar+1@gmail.com'","'Qwer1234-!@#$'","'Auth'","'Chrome'"]}