2024-03-09 01:07:45 ERROR Elements not present after 0.5 seconds on page: https://capital.com/trade-forex
2024-03-09 01:07:45 ERROR 
Traceback (most recent call last):
  File "/home/runner/work/TestCapitalComPySe/TestCapitalComPySe/pages/base_page.py", line 84, in inner_function
    return func(*args, **kwargs)
           ^^^^^^^^^^^^^^^^^^^^^
  File "/home/runner/work/TestCapitalComPySe/TestCapitalComPySe/pages/base_page.py", line 302, in element_is_visible
    return Wait(self.driver, timeout).until(
           ^^^^^^^^^^^^^^^^^^^^^^^^^^^^^^^^^
  File "/home/runner/.cache/pypoetry/virtualenvs/testcapitalcompyse-CcJ6hTD8-py3.12/lib/python3.12/site-packages/selenium/webdriver/support/wait.py", line 105, in until
    raise TimeoutException(message, screen, stacktrace)
selenium.common.exceptions.TimeoutException: Message: 
Stacktrace:
#0 0x556b2ef27ec3 <unknown>
#1 0x556b2ec1fce6 <unknown>
#2 0x556b2ec6ae48 <unknown>
#3 0x556b2ec6af01 <unknown>
#4 0x556b2ecae3f4 <unknown>
#5 0x556b2ec8cedd <unknown>
#6 0x556b2ecab899 <unknown>
#7 0x556b2ec8cc53 <unknown>
#8 0x556b2ec5ddb3 <unknown>
#9 0x556b2ec5e77e <unknown>
#10 0x556b2eeed7fb <unknown>
#11 0x556b2eef1815 <unknown>
#12 0x556b2eedb111 <unknown>
#13 0x556b2eef23a2 <unknown>
#14 0x556b2eebf1ef <unknown>
#15 0x556b2ef164b8 <unknown>
#16 0x556b2ef166b3 <unknown>
#17 0x556b2ef27074 <unknown>
#18 0x7f360fc94ac3 <unknown>

2024-03-09 01:07:48 ERROR Elements not present after 0.5 seconds on page: https://capital.com/trade-forex
2024-03-09 01:07:48 ERROR 
Traceback (most recent call last):
  File "/home/runner/work/TestCapitalComPySe/TestCapitalComPySe/pages/base_page.py", line 84, in inner_function
    return func(*args, **kwargs)
           ^^^^^^^^^^^^^^^^^^^^^
  File "/home/runner/work/TestCapitalComPySe/TestCapitalComPySe/pages/base_page.py", line 302, in element_is_visible
    return Wait(self.driver, timeout).until(
           ^^^^^^^^^^^^^^^^^^^^^^^^^^^^^^^^^
  File "/home/runner/.cache/pypoetry/virtualenvs/testcapitalcompyse-CcJ6hTD8-py3.12/lib/python3.12/site-packages/selenium/webdriver/support/wait.py", line 105, in until
    raise TimeoutException(message, screen, stacktrace)
selenium.common.exceptions.TimeoutException: Message: 
Stacktrace:
#0 0x556b2ef27ec3 <unknown>
#1 0x556b2ec1fce6 <unknown>
#2 0x556b2ec6ae48 <unknown>
#3 0x556b2ec6af01 <unknown>
#4 0x556b2ecae3f4 <unknown>
#5 0x556b2ec8cedd <unknown>
#6 0x556b2ecab899 <unknown>
#7 0x556b2ec8cc53 <unknown>
#8 0x556b2ec5ddb3 <unknown>
#9 0x556b2ec5e77e <unknown>
#10 0x556b2eeed7fb <unknown>
#11 0x556b2eef1815 <unknown>
#12 0x556b2eedb111 <unknown>
#13 0x556b2eef23a2 <unknown>
#14 0x556b2eebf1ef <unknown>
#15 0x556b2ef164b8 <unknown>
#16 0x556b2ef166b3 <unknown>
#17 0x556b2ef27074 <unknown>
#18 0x7f360fc94ac3 <unknown>

2024-03-09 01:07:51 ERROR Elements not present after 0.5 seconds on page: https://capital.com/trade-forex
2024-03-09 01:07:51 ERROR 
Traceback (most recent call last):
  File "/home/runner/work/TestCapitalComPySe/TestCapitalComPySe/pages/base_page.py", line 84, in inner_function
    return func(*args, **kwargs)
           ^^^^^^^^^^^^^^^^^^^^^
  File "/home/runner/work/TestCapitalComPySe/TestCapitalComPySe/pages/base_page.py", line 302, in element_is_visible
    return Wait(self.driver, timeout).until(
           ^^^^^^^^^^^^^^^^^^^^^^^^^^^^^^^^^
  File "/home/runner/.cache/pypoetry/virtualenvs/testcapitalcompyse-CcJ6hTD8-py3.12/lib/python3.12/site-packages/selenium/webdriver/support/wait.py", line 105, in until
    raise TimeoutException(message, screen, stacktrace)
selenium.common.exceptions.TimeoutException: Message: 
Stacktrace:
#0 0x556b2ef27ec3 <unknown>
#1 0x556b2ec1fce6 <unknown>
#2 0x556b2ec6ae48 <unknown>
#3 0x556b2ec6af01 <unknown>
#4 0x556b2ecae3f4 <unknown>
#5 0x556b2ec8cedd <unknown>
#6 0x556b2ecab899 <unknown>
#7 0x556b2ec8cc53 <unknown>
#8 0x556b2ec5ddb3 <unknown>
#9 0x556b2ec5e77e <unknown>
#10 0x556b2eeed7fb <unknown>
#11 0x556b2eef1815 <unknown>
#12 0x556b2eedb111 <unknown>
#13 0x556b2eef23a2 <unknown>
#14 0x556b2eebf1ef <unknown>
#15 0x556b2ef164b8 <unknown>
#16 0x556b2ef166b3 <unknown>
#17 0x556b2ef27074 <unknown>
#18 0x7f360fc94ac3 <unknown>