2024-05-30 06:25:36 ERROR Elements not present after 0.5 seconds on page: https://capital.com/zh/trade-stocks
2024-05-30 06:25:36 ERROR 
Traceback (most recent call last):
  File "D:\a\TestCapitalComPySe\TestCapitalComPySe\pages\base_page.py", line 86, in inner_function
    return func(*args, **kwargs)
           ^^^^^^^^^^^^^^^^^^^^^
  File "D:\a\TestCapitalComPySe\TestCapitalComPySe\pages\base_page.py", line 305, in element_is_visible
    return Wait(self.driver, timeout).until(
           ^^^^^^^^^^^^^^^^^^^^^^^^^^^^^^^^^
  File "C:\Users\runneradmin\AppData\Local\pypoetry\Cache\virtualenvs\testcapitalcompyse-ahTg7XpD-py3.12\Lib\site-packages\selenium\webdriver\support\wait.py", line 105, in until
    raise TimeoutException(message, screen, stacktrace)
selenium.common.exceptions.TimeoutException: Message: 
Stacktrace:
	GetHandleVerifier [0x0028C113+48259]
	(No symbol) [0x0021CA41]
	(No symbol) [0x00110A17]
	(No symbol) [0x00150BED]
	(No symbol) [0x00150C9B]
	(No symbol) [0x0018BC12]
	(No symbol) [0x00170DE4]
	(No symbol) [0x00189B9C]
	(No symbol) [0x00170B36]
	(No symbol) [0x0014570D]
	(No symbol) [0x001462CD]
	GetHandleVerifier [0x005465A3+2908435]
	GetHandleVerifier [0x00583BBB+3159851]
	GetHandleVerifier [0x003250CB+674875]
	GetHandleVerifier [0x0032B28C+699900]
	(No symbol) [0x00226244]
	(No symbol) [0x00222298]
	(No symbol) [0x0022242C]
	(No symbol) [0x00214BB0]
	BaseThreadInitThunk [0x759267F9+25]
	RtlGetFullPathName_UEx [0x77707F4D+173]
	RtlGetFullPathName_UEx [0x77707F1B+123]
	(No symbol) [0x00000000]