2024-02-08 23:55:17 ERROR Elements not present after 0.5 seconds on page: https://capital.com/trade-etfs
2024-02-08 23:55:17 ERROR 
Traceback (most recent call last):
  File "/home/runner/work/TestCapitalComPySe/TestCapitalComPySe/pages/base_page.py", line 84, in inner_function
    return func(*args, **kwargs)
           ^^^^^^^^^^^^^^^^^^^^^
  File "/home/runner/work/TestCapitalComPySe/TestCapitalComPySe/pages/base_page.py", line 301, in element_is_visible
    return Wait(self.driver, timeout).until(
           ^^^^^^^^^^^^^^^^^^^^^^^^^^^^^^^^^
  File "/home/runner/.cache/pypoetry/virtualenvs/testcapitalcompyse-CcJ6hTD8-py3.12/lib/python3.12/site-packages/selenium/webdriver/support/wait.py", line 105, in until
    raise TimeoutException(message, screen, stacktrace)
selenium.common.exceptions.TimeoutException: Message: 
Stacktrace:
#0 0x55ba3a56bd93 <unknown>
#1 0x55ba3a24f337 <unknown>
#2 0x55ba3a29ad60 <unknown>
#3 0x55ba3a29ae51 <unknown>
#4 0x55ba3a2debc4 <unknown>
#5 0x55ba3a2bd46d <unknown>
#6 0x55ba3a2dc12d <unknown>
#7 0x55ba3a2bd1e3 <unknown>
#8 0x55ba3a28d135 <unknown>
#9 0x55ba3a28e13e <unknown>
#10 0x55ba3a52fe4b <unknown>
#11 0x55ba3a533dfa <unknown>
#12 0x55ba3a51c6d5 <unknown>
#13 0x55ba3a534a6f <unknown>
#14 0x55ba3a50069f <unknown>
#15 0x55ba3a559098 <unknown>
#16 0x55ba3a559262 <unknown>
#17 0x55ba3a56af34 <unknown>
#18 0x7f99faa94ac3 <unknown>