2023-12-22 09:09:18 ERROR Unable to initialize WebDriver
2023-12-22 09:09:18 ERROR 
Traceback (most recent call last):
  File "/home/runner/work/TestCapitalComPySe/TestCapitalComPySe/pages/base_page.py", line 82, in inner_function
    return func(*args, **kwargs)
           ^^^^^^^^^^^^^^^^^^^^^
  File "/home/runner/work/TestCapitalComPySe/TestCapitalComPySe/pages/base_page.py", line 394, in element_is_visible
    return Wait(self.browser, timeout).until(
           ^^^^^^^^^^^^^^^^^^^^^^^^^^^^^^^^^^
  File "/home/runner/.cache/pypoetry/virtualenvs/testcapitalcom-CcJ6hTD8-py3.11/lib/python3.11/site-packages/selenium/webdriver/support/wait.py", line 105, in until
    raise TimeoutException(message, screen, stacktrace)
selenium.common.exceptions.TimeoutException: Message: 
Stacktrace:
#0 0x55e775d81f83 <unknown>
#1 0x55e775a3acf7 <unknown>
#2 0x55e775a8a99e <unknown>
#3 0x55e775a8aaa1 <unknown>
#4 0x55e775ad5d64 <unknown>
#5 0x55e775ab40dd <unknown>
#6 0x55e775ad3006 <unknown>
#7 0x55e775ab3e53 <unknown>
#8 0x55e775a7bdd4 <unknown>
#9 0x55e775a7d1de <unknown>
#10 0x55e775d46531 <unknown>
#11 0x55e775d4a455 <unknown>
#12 0x55e775d32f55 <unknown>
#13 0x55e775d4b0ef <unknown>
#14 0x55e775d1699f <unknown>
#15 0x55e775d6f008 <unknown>
#16 0x55e775d6f1d7 <unknown>
#17 0x55e775d81124 <unknown>
#18 0x7f8447094ac3 <unknown>