2024-04-09 13:22:16 ERROR Elements not present after 0.5 seconds on page: https://capital.com/zh/trade-canopygrowth
2024-04-09 13:22:16 ERROR 
Traceback (most recent call last):
  File "/home/runner/work/TestCapitalComPySe/TestCapitalComPySe/pages/base_page.py", line 85, in inner_function
    return func(*args, **kwargs)
           ^^^^^^^^^^^^^^^^^^^^^
  File "/home/runner/work/TestCapitalComPySe/TestCapitalComPySe/pages/base_page.py", line 304, in element_is_visible
    return Wait(self.driver, timeout).until(
           ^^^^^^^^^^^^^^^^^^^^^^^^^^^^^^^^^
  File "/home/runner/.cache/pypoetry/virtualenvs/testcapitalcompyse-CcJ6hTD8-py3.12/lib/python3.12/site-packages/selenium/webdriver/support/wait.py", line 105, in until
    raise TimeoutException(message, screen, stacktrace)
selenium.common.exceptions.TimeoutException: Message: 
Stacktrace:
#0 0x55a1f1eea873 <unknown>
#1 0x55a1f1be08c6 <unknown>
#2 0x55a1f1c2b618 <unknown>
#3 0x55a1f1c2b6d1 <unknown>
#4 0x55a1f1c6e744 <unknown>
#5 0x55a1f1c4d5cd <unknown>
#6 0x55a1f1c6bc19 <unknown>
#7 0x55a1f1c4d343 <unknown>
#8 0x55a1f1c1e593 <unknown>
#9 0x55a1f1c1ef5e <unknown>
#10 0x55a1f1eae85b <unknown>
#11 0x55a1f1eb27b5 <unknown>
#12 0x55a1f1e9c581 <unknown>
#13 0x55a1f1eb3342 <unknown>
#14 0x55a1f1e8188f <unknown>
#15 0x55a1f1ed9738 <unknown>
#16 0x55a1f1ed990b <unknown>
#17 0x55a1f1ee99c4 <unknown>
#18 0x7f1173a94ac3 <unknown>