2024-09-18 22:51:24 ERROR Elements not present after 0.5 seconds on page: https://capital.com/market-analysis
2024-09-18 22:51:24 ERROR Can't click element by locator ('xpath', "//a [@class='main-article-item__thumb'][12]")
Traceback (most recent call last):
  File "/home/runner/work/TestCapitalComPySe/TestCapitalComPySe/pages/base_page.py", line 86, in inner_function
    return func(*args, **kwargs)
           ^^^^^^^^^^^^^^^^^^^^^
  File "/home/runner/work/TestCapitalComPySe/TestCapitalComPySe/pages/base_page.py", line 386, in element_is_clickable
    return Wait(self.driver, timeout).until(
           ^^^^^^^^^^^^^^^^^^^^^^^^^^^^^^^^^
  File "/home/runner/.cache/pypoetry/virtualenvs/testcapitalcompyse-CcJ6hTD8-py3.12/lib/python3.12/site-packages/selenium/webdriver/support/wait.py", line 105, in until
    raise TimeoutException(message, screen, stacktrace)
selenium.common.exceptions.TimeoutException: Message: Can't click element by locator ('xpath', "//a [@class='main-article-item__thumb'][12]")
Stacktrace:
#0 0x55c63de9a2da <unknown>
#1 0x55c63db68200 <unknown>
#2 0x55c63dbb7aa2 <unknown>
#3 0x55c63dbb7d41 <unknown>
#4 0x55c63dbfd964 <unknown>
#5 0x55c63dbdc8fd <unknown>
#6 0x55c63dbfadfd <unknown>
#7 0x55c63dbdc673 <unknown>
#8 0x55c63dbaa473 <unknown>
#9 0x55c63dbab47e <unknown>
#10 0x55c63de610db <unknown>
#11 0x55c63de65071 <unknown>
#12 0x55c63de4d9d5 <unknown>
#13 0x55c63de65bf2 <unknown>
#14 0x55c63de32b6f <unknown>
#15 0x55c63de89248 <unknown>
#16 0x55c63de89417 <unknown>
#17 0x55c63de990cc <unknown>
#18 0x7fd278894ac3 <unknown>

2024-09-18 22:51:42 ERROR Elements not present after 0.5 seconds on page: https://capital.com/market-analysis
2024-09-18 22:51:42 ERROR Can't click element by locator ('xpath', "//a [@class='main-article-item__thumb'][0]")
Traceback (most recent call last):
  File "/home/runner/work/TestCapitalComPySe/TestCapitalComPySe/pages/base_page.py", line 86, in inner_function
    return func(*args, **kwargs)
           ^^^^^^^^^^^^^^^^^^^^^
  File "/home/runner/work/TestCapitalComPySe/TestCapitalComPySe/pages/base_page.py", line 386, in element_is_clickable
    return Wait(self.driver, timeout).until(
           ^^^^^^^^^^^^^^^^^^^^^^^^^^^^^^^^^
  File "/home/runner/.cache/pypoetry/virtualenvs/testcapitalcompyse-CcJ6hTD8-py3.12/lib/python3.12/site-packages/selenium/webdriver/support/wait.py", line 105, in until
    raise TimeoutException(message, screen, stacktrace)
selenium.common.exceptions.TimeoutException: Message: Can't click element by locator ('xpath', "//a [@class='main-article-item__thumb'][0]")
Stacktrace:
#0 0x55c63de9a2da <unknown>
#1 0x55c63db68200 <unknown>
#2 0x55c63dbb7aa2 <unknown>
#3 0x55c63dbb7d41 <unknown>
#4 0x55c63dbfd964 <unknown>
#5 0x55c63dbdc8fd <unknown>
#6 0x55c63dbfadfd <unknown>
#7 0x55c63dbdc673 <unknown>
#8 0x55c63dbaa473 <unknown>
#9 0x55c63dbab47e <unknown>
#10 0x55c63de610db <unknown>
#11 0x55c63de65071 <unknown>
#12 0x55c63de4d9d5 <unknown>
#13 0x55c63de65bf2 <unknown>
#14 0x55c63de32b6f <unknown>
#15 0x55c63de89248 <unknown>
#16 0x55c63de89417 <unknown>
#17 0x55c63de990cc <unknown>
#18 0x7fd278894ac3 <unknown>

2024-09-18 22:52:01 ERROR Elements not present after 0.5 seconds on page: https://capital.com/market-analysis
2024-09-18 22:52:01 ERROR Can't click element by locator ('xpath', "//a [@class='main-article-item__thumb'][4]")
Traceback (most recent call last):
  File "/home/runner/work/TestCapitalComPySe/TestCapitalComPySe/pages/base_page.py", line 86, in inner_function
    return func(*args, **kwargs)
           ^^^^^^^^^^^^^^^^^^^^^
  File "/home/runner/work/TestCapitalComPySe/TestCapitalComPySe/pages/base_page.py", line 386, in element_is_clickable
    return Wait(self.driver, timeout).until(
           ^^^^^^^^^^^^^^^^^^^^^^^^^^^^^^^^^
  File "/home/runner/.cache/pypoetry/virtualenvs/testcapitalcompyse-CcJ6hTD8-py3.12/lib/python3.12/site-packages/selenium/webdriver/support/wait.py", line 105, in until
    raise TimeoutException(message, screen, stacktrace)
selenium.common.exceptions.TimeoutException: Message: Can't click element by locator ('xpath', "//a [@class='main-article-item__thumb'][4]")
Stacktrace:
#0 0x55c63de9a2da <unknown>
#1 0x55c63db68200 <unknown>
#2 0x55c63dbb7aa2 <unknown>
#3 0x55c63dbb7d41 <unknown>
#4 0x55c63dbfd964 <unknown>
#5 0x55c63dbdc8fd <unknown>
#6 0x55c63dbfadfd <unknown>
#7 0x55c63dbdc673 <unknown>
#8 0x55c63dbaa473 <unknown>
#9 0x55c63dbab47e <unknown>
#10 0x55c63de610db <unknown>
#11 0x55c63de65071 <unknown>
#12 0x55c63de4d9d5 <unknown>
#13 0x55c63de65bf2 <unknown>
#14 0x55c63de32b6f <unknown>
#15 0x55c63de89248 <unknown>
#16 0x55c63de89417 <unknown>
#17 0x55c63de990cc <unknown>
#18 0x7fd278894ac3 <unknown>

2024-09-18 22:52:19 ERROR Elements not present after 0.5 seconds on page: https://capital.com/market-analysis
2024-09-18 22:52:19 ERROR Can't click element by locator ('xpath', "//a [@class='main-article-item__thumb'][2]")
Traceback (most recent call last):
  File "/home/runner/work/TestCapitalComPySe/TestCapitalComPySe/pages/base_page.py", line 86, in inner_function
    return func(*args, **kwargs)
           ^^^^^^^^^^^^^^^^^^^^^
  File "/home/runner/work/TestCapitalComPySe/TestCapitalComPySe/pages/base_page.py", line 386, in element_is_clickable
    return Wait(self.driver, timeout).until(
           ^^^^^^^^^^^^^^^^^^^^^^^^^^^^^^^^^
  File "/home/runner/.cache/pypoetry/virtualenvs/testcapitalcompyse-CcJ6hTD8-py3.12/lib/python3.12/site-packages/selenium/webdriver/support/wait.py", line 105, in until
    raise TimeoutException(message, screen, stacktrace)
selenium.common.exceptions.TimeoutException: Message: Can't click element by locator ('xpath', "//a [@class='main-article-item__thumb'][2]")
Stacktrace:
#0 0x55c63de9a2da <unknown>
#1 0x55c63db68200 <unknown>
#2 0x55c63dbb7aa2 <unknown>
#3 0x55c63dbb7d41 <unknown>
#4 0x55c63dbfd964 <unknown>
#5 0x55c63dbdc8fd <unknown>
#6 0x55c63dbfadfd <unknown>
#7 0x55c63dbdc673 <unknown>
#8 0x55c63dbaa473 <unknown>
#9 0x55c63dbab47e <unknown>
#10 0x55c63de610db <unknown>
#11 0x55c63de65071 <unknown>
#12 0x55c63de4d9d5 <unknown>
#13 0x55c63de65bf2 <unknown>
#14 0x55c63de32b6f <unknown>
#15 0x55c63de89248 <unknown>
#16 0x55c63de89417 <unknown>
#17 0x55c63de990cc <unknown>
#18 0x7fd278894ac3 <unknown>

2024-09-18 22:52:34 ERROR Elements not present after 0.5 seconds on page: https://capital.com/market-analysis
2024-09-18 22:52:34 ERROR Can't click element by locator ('xpath', "//a [@class='main-article-item__thumb'][8]")
Traceback (most recent call last):
  File "/home/runner/work/TestCapitalComPySe/TestCapitalComPySe/pages/base_page.py", line 86, in inner_function
    return func(*args, **kwargs)
           ^^^^^^^^^^^^^^^^^^^^^
  File "/home/runner/work/TestCapitalComPySe/TestCapitalComPySe/pages/base_page.py", line 386, in element_is_clickable
    return Wait(self.driver, timeout).until(
           ^^^^^^^^^^^^^^^^^^^^^^^^^^^^^^^^^
  File "/home/runner/.cache/pypoetry/virtualenvs/testcapitalcompyse-CcJ6hTD8-py3.12/lib/python3.12/site-packages/selenium/webdriver/support/wait.py", line 105, in until
    raise TimeoutException(message, screen, stacktrace)
selenium.common.exceptions.TimeoutException: Message: Can't click element by locator ('xpath', "//a [@class='main-article-item__thumb'][8]")
Stacktrace:
#0 0x55c63de9a2da <unknown>
#1 0x55c63db68200 <unknown>
#2 0x55c63dbb7aa2 <unknown>
#3 0x55c63dbb7d41 <unknown>
#4 0x55c63dbfd964 <unknown>
#5 0x55c63dbdc8fd <unknown>
#6 0x55c63dbfadfd <unknown>
#7 0x55c63dbdc673 <unknown>
#8 0x55c63dbaa473 <unknown>
#9 0x55c63dbab47e <unknown>
#10 0x55c63de610db <unknown>
#11 0x55c63de65071 <unknown>
#12 0x55c63de4d9d5 <unknown>
#13 0x55c63de65bf2 <unknown>
#14 0x55c63de32b6f <unknown>
#15 0x55c63de89248 <unknown>
#16 0x55c63de89417 <unknown>
#17 0x55c63de990cc <unknown>
#18 0x7fd278894ac3 <unknown>

2024-09-18 22:52:54 ERROR Elements not present after 0.5 seconds on page: https://capital.com/market-analysis
2024-09-18 22:52:54 ERROR Can't click element by locator ('xpath', "//a [@class='main-article-item__thumb'][14]")
Traceback (most recent call last):
  File "/home/runner/work/TestCapitalComPySe/TestCapitalComPySe/pages/base_page.py", line 86, in inner_function
    return func(*args, **kwargs)
           ^^^^^^^^^^^^^^^^^^^^^
  File "/home/runner/work/TestCapitalComPySe/TestCapitalComPySe/pages/base_page.py", line 386, in element_is_clickable
    return Wait(self.driver, timeout).until(
           ^^^^^^^^^^^^^^^^^^^^^^^^^^^^^^^^^
  File "/home/runner/.cache/pypoetry/virtualenvs/testcapitalcompyse-CcJ6hTD8-py3.12/lib/python3.12/site-packages/selenium/webdriver/support/wait.py", line 105, in until
    raise TimeoutException(message, screen, stacktrace)
selenium.common.exceptions.TimeoutException: Message: Can't click element by locator ('xpath', "//a [@class='main-article-item__thumb'][14]")
Stacktrace:
#0 0x55c63de9a2da <unknown>
#1 0x55c63db68200 <unknown>
#2 0x55c63dbb7aa2 <unknown>
#3 0x55c63dbb7d41 <unknown>
#4 0x55c63dbfd964 <unknown>
#5 0x55c63dbdc8fd <unknown>
#6 0x55c63dbfadfd <unknown>
#7 0x55c63dbdc673 <unknown>
#8 0x55c63dbaa473 <unknown>
#9 0x55c63dbab47e <unknown>
#10 0x55c63de610db <unknown>
#11 0x55c63de65071 <unknown>
#12 0x55c63de4d9d5 <unknown>
#13 0x55c63de65bf2 <unknown>
#14 0x55c63de32b6f <unknown>
#15 0x55c63de89248 <unknown>
#16 0x55c63de89417 <unknown>
#17 0x55c63de990cc <unknown>
#18 0x7fd278894ac3 <unknown>

2024-09-18 22:53:11 ERROR Elements not present after 0.5 seconds on page: https://capital.com/market-analysis
2024-09-18 22:53:11 ERROR Can't click element by locator ('xpath', "//a [@class='main-article-item__thumb'][9]")
Traceback (most recent call last):
  File "/home/runner/work/TestCapitalComPySe/TestCapitalComPySe/pages/base_page.py", line 86, in inner_function
    return func(*args, **kwargs)
           ^^^^^^^^^^^^^^^^^^^^^
  File "/home/runner/work/TestCapitalComPySe/TestCapitalComPySe/pages/base_page.py", line 386, in element_is_clickable
    return Wait(self.driver, timeout).until(
           ^^^^^^^^^^^^^^^^^^^^^^^^^^^^^^^^^
  File "/home/runner/.cache/pypoetry/virtualenvs/testcapitalcompyse-CcJ6hTD8-py3.12/lib/python3.12/site-packages/selenium/webdriver/support/wait.py", line 105, in until
    raise TimeoutException(message, screen, stacktrace)
selenium.common.exceptions.TimeoutException: Message: Can't click element by locator ('xpath', "//a [@class='main-article-item__thumb'][9]")
Stacktrace:
#0 0x55c63de9a2da <unknown>
#1 0x55c63db68200 <unknown>
#2 0x55c63dbb7aa2 <unknown>
#3 0x55c63dbb7d41 <unknown>
#4 0x55c63dbfd964 <unknown>
#5 0x55c63dbdc8fd <unknown>
#6 0x55c63dbfadfd <unknown>
#7 0x55c63dbdc673 <unknown>
#8 0x55c63dbaa473 <unknown>
#9 0x55c63dbab47e <unknown>
#10 0x55c63de610db <unknown>
#11 0x55c63de65071 <unknown>
#12 0x55c63de4d9d5 <unknown>
#13 0x55c63de65bf2 <unknown>
#14 0x55c63de32b6f <unknown>
#15 0x55c63de89248 <unknown>
#16 0x55c63de89417 <unknown>
#17 0x55c63de990cc <unknown>
#18 0x7fd278894ac3 <unknown>

2024-09-18 22:53:15 ERROR Elements not present after 0.5 seconds on page: https://capital.com/nvidia-q1-earnings-preview-analysts-forecast-another-blockbuster-set-of-results
2024-09-18 22:53:15 ERROR 
Traceback (most recent call last):
  File "/home/runner/work/TestCapitalComPySe/TestCapitalComPySe/pages/base_page.py", line 86, in inner_function
    return func(*args, **kwargs)
           ^^^^^^^^^^^^^^^^^^^^^
  File "/home/runner/work/TestCapitalComPySe/TestCapitalComPySe/pages/base_page.py", line 305, in element_is_visible
    return Wait(self.driver, timeout).until(
           ^^^^^^^^^^^^^^^^^^^^^^^^^^^^^^^^^
  File "/home/runner/.cache/pypoetry/virtualenvs/testcapitalcompyse-CcJ6hTD8-py3.12/lib/python3.12/site-packages/selenium/webdriver/support/wait.py", line 105, in until
    raise TimeoutException(message, screen, stacktrace)
selenium.common.exceptions.TimeoutException: Message: