2024-01-11 21:30:21 ERROR Unable to initialize WebDriver
2024-01-11 21:30:21 ERROR 
Traceback (most recent call last):
  File "/home/runner/work/TestCapitalComPySe/TestCapitalComPySe/pages/base_page.py", line 82, in inner_function
    return func(*args, **kwargs)
           ^^^^^^^^^^^^^^^^^^^^^
  File "/home/runner/work/TestCapitalComPySe/TestCapitalComPySe/pages/base_page.py", line 416, in element_is_visible
    return Wait(self.browser, timeout).until(
           ^^^^^^^^^^^^^^^^^^^^^^^^^^^^^^^^^^
  File "/home/runner/.cache/pypoetry/virtualenvs/testcapitalcom-CcJ6hTD8-py3.11/lib/python3.11/site-packages/selenium/webdriver/support/wait.py", line 105, in until
    raise TimeoutException(message, screen, stacktrace)
selenium.common.exceptions.TimeoutException: Message: 
Stacktrace:
#0 0x55653718ff83 <unknown>
#1 0x556536e48cf7 <unknown>
#2 0x556536e9899e <unknown>
#3 0x556536e98aa1 <unknown>
#4 0x556536ee3d64 <unknown>
#5 0x556536ec20dd <unknown>
#6 0x556536ee1006 <unknown>
#7 0x556536ec1e53 <unknown>
#8 0x556536e89dd4 <unknown>
#9 0x556536e8b1de <unknown>
#10 0x556537154531 <unknown>
#11 0x556537158455 <unknown>
#12 0x556537140f55 <unknown>
#13 0x5565371590ef <unknown>
#14 0x55653712499f <unknown>
#15 0x55653717d008 <unknown>
#16 0x55653717d1d7 <unknown>
#17 0x55653718f124 <unknown>
#18 0x7f786c094ac3 <unknown>

2024-01-11 21:30:26 ERROR Unable to initialize WebDriver
2024-01-11 21:30:26 ERROR 
Traceback (most recent call last):
  File "/home/runner/work/TestCapitalComPySe/TestCapitalComPySe/pages/base_page.py", line 82, in inner_function
    return func(*args, **kwargs)
           ^^^^^^^^^^^^^^^^^^^^^
  File "/home/runner/work/TestCapitalComPySe/TestCapitalComPySe/pages/base_page.py", line 416, in element_is_visible
    return Wait(self.browser, timeout).until(
           ^^^^^^^^^^^^^^^^^^^^^^^^^^^^^^^^^^
  File "/home/runner/.cache/pypoetry/virtualenvs/testcapitalcom-CcJ6hTD8-py3.11/lib/python3.11/site-packages/selenium/webdriver/support/wait.py", line 105, in until
    raise TimeoutException(message, screen, stacktrace)
selenium.common.exceptions.TimeoutException: Message: 
Stacktrace:
#0 0x55653718ff83 <unknown>
#1 0x556536e48cf7 <unknown>
#2 0x556536e9899e <unknown>
#3 0x556536e98aa1 <unknown>
#4 0x556536ee3d64 <unknown>
#5 0x556536ec20dd <unknown>
#6 0x556536ee1006 <unknown>
#7 0x556536ec1e53 <unknown>
#8 0x556536e89dd4 <unknown>
#9 0x556536e8b1de <unknown>
#10 0x556537154531 <unknown>
#11 0x556537158455 <unknown>
#12 0x556537140f55 <unknown>
#13 0x5565371590ef <unknown>
#14 0x55653712499f <unknown>
#15 0x55653717d008 <unknown>
#16 0x55653717d1d7 <unknown>
#17 0x55653718f124 <unknown>
#18 0x7f786c094ac3 <unknown>