{"uid":"e63f90f53311039a","name":"TC_55!330 (Lang: en) | Bid:55!330-en.ae.Auth","fullName":"tests.US_55_ReTestsManual.saii-d3v.US_55-saii-d3v_ReTestsManual_test.TestManualDetectedBugs#test_330","historyId":"47049afb86030ebb11a3bac53634e47a","time":{"start":1736728223859,"stop":1736728237932,"duration":14073},"description":"\n         Check: “Support” chat window is not opened after click on the “Support” button\n         and this button disappears after the second clicking on it on any page\n         after changing the language of the site (e.g. from EN to AR) (SCA license).\n         Language: AR, EN.\n         License: SCA.\n         Author: Sergey Aiidzhanov\n         ","descriptionHtml":"<pre><code>     Check: “Support” chat window is not opened after click on the “Support” button\n     and this button disappears after the second clicking on it on any page\n     after changing the language of the site (e.g. from EN to AR) (SCA license).\n     Language: AR, EN.\n     License: SCA.\n     Author: Sergey Aiidzhanov\n</code></pre>\n","status":"broken","statusMessage":"selenium.common.exceptions.StaleElementReferenceException: Message: stale element reference: stale element not found in the current frame\n  (Session info: chrome=131.0.6778.204); For documentation on this error, please visit: https://www.selenium.dev/documentation/webdriver/troubleshooting/errors#stale-element-reference-exception\nStacktrace:\n#0 0x564cfba0e1fa <unknown>\n#1 0x564cfb51e810 <unknown>\n#2 0x564cfb5245a3 <unknown>\n#3 0x564cfb526a68 <unknown>\n#4 0x564cfb526af3 <unknown>\n#5 0x564cfb567cc2 <unknown>\n#6 0x564cfb591582 <unknown>\n#7 0x564cfb561b38 <unknown>\n#8 0x564cfb59174e <unknown>\n#9 0x564cfb5b0007 <unknown>\n#10 0x564cfb591323 <unknown>\n#11 0x564cfb55fde0 <unknown>\n#12 0x564cfb560dbe <unknown>\n#13 0x564cfb9da12b <unknown>\n#14 0x564cfb9de0c7 <unknown>\n#15 0x564cfb9c76cc <unknown>\n#16 0x564cfb9dec47 <unknown>\n#17 0x564cfb9ac67f <unknown>\n#18 0x564cfb9fd288 <unknown>\n#19 0x564cfb9fd450 <unknown>\n#20 0x564cfba0d076 <unknown>\n#21 0x7fdf0ae9ca94 <unknown>\n#22 0x7fdf0af29c3c <unknown>","statusTrace":"self = <US_55-saii-d3v_ReTestsManual_test.TestManualDetectedBugs object at 0x7fc2b8311370>\nworker_id = 'master'\nd = <selenium.webdriver.chrome.webdriver.WebDriver (session=\"2d7cdf97c1142357b34547e2267b7add\")>\ncur_language = '', cur_country = 'ae', cur_role = 'Auth'\ncur_login = 'test001.miketar+1@gmail.com', cur_password = 'Qwer1234-!@#$'\n\n    @allure.step(\n        'Start retest manual TC_55!330 | “Support” chat window is not opened after click on the “Support” button '\n        'and this button disappears after the second clicking on it on any page '\n        'after changing the language of the site (e.g. from EN to AR) (SCA license).')\n    @pytest.mark.parametrize('cur_language', ['ar', ''])\n    @pytest.mark.parametrize('cur_country', ['ae'])\n    @pytest.mark.parametrize('cur_role', ['Auth', 'NoAuth', 'NoReg'])\n    @pytest.mark.bug_330\n    def test_330(self, worker_id, d, cur_language, cur_country, cur_role,\n                 cur_login, cur_password):\n        \"\"\"\n         Check: “Support” chat window is not opened after click on the “Support” button\n         and this button disappears after the second clicking on it on any page\n         after changing the language of the site (e.g. from EN to AR) (SCA license).\n         Language: AR, EN.\n         License: SCA.\n         Author: Sergey Aiidzhanov\n         \"\"\"\n        bid = build_dynamic_arg_for_us_55(\n            d, worker_id, cur_language, cur_country, cur_role,\n            \"55\", \"ReTests of Manual Detected Bugs\",\n            \"330\",\n            '“Support” chat window is not opened after click on the “Support” button '\n            'and this button disappears after the second clicking on it on any page '\n            'after changing the language of the site (e.g. from EN to AR) (SCA license).',\n            False,\n            False\n        )\n        # Arrange\n        link = apply_preconditions_to_link(d, cur_language, cur_country, cur_role, cur_login, cur_password)\n    \n        test_el = Bug330(d, link, bid)\n        test_el.open_support_window()\n        test_el.should_be_support_window()\n        test_el.close_support_window()\n        test_el.change_language(cur_language)\n    \n        # Act\n        test_el.open_support_window()\n    \n        # Assert\n>       if not test_el.should_be_support_window():\n\ntests/US_55_ReTestsManual/saii-d3v/US_55-saii-d3v_ReTestsManual_test.py:781: \n_ _ _ _ _ _ _ _ _ _ _ _ _ _ _ _ _ _ _ _ _ _ _ _ _ _ _ _ _ _ _ _ _ _ _ _ _ _ _ _ \npages/BugsManual/bug_330.py:72: in should_be_support_window\n    if \"Capital.com\" not in self.driver.find_element(*CHAT_HEADER_LOC).text:\n../../../.cache/pypoetry/virtualenvs/testcapitalcompyse-CcJ6hTD8-py3.12/lib/python3.12/site-packages/selenium/webdriver/remote/webelement.py:90: in text\n    return self._execute(Command.GET_ELEMENT_TEXT)[\"value\"]\n../../../.cache/pypoetry/virtualenvs/testcapitalcompyse-CcJ6hTD8-py3.12/lib/python3.12/site-packages/selenium/webdriver/remote/webelement.py:395: in _execute\n    return self._parent.execute(command, params)\n../../../.cache/pypoetry/virtualenvs/testcapitalcompyse-CcJ6hTD8-py3.12/lib/python3.12/site-packages/selenium/webdriver/remote/webdriver.py:380: in execute\n    self.error_handler.check_response(response)\n_ _ _ _ _ _ _ _ _ _ _ _ _ _ _ _ _ _ _ _ _ _ _ _ _ _ _ _ _ _ _ _ _ _ _ _ _ _ _ _ \n\nself = <selenium.webdriver.remote.errorhandler.ErrorHandler object at 0x7fc2b83882f0>\nresponse = {'status': 404, 'value': '{\"value\":{\"error\":\"stale element reference\",\"message\":\"stale element reference: stale elemen...\\\\n#20 0x564cfba0d076 \\\\u003Cunknown>\\\\n#21 0x7fdf0ae9ca94 \\\\u003Cunknown>\\\\n#22 0x7fdf0af29c3c \\\\u003Cunknown>\\\\n\"}}'}\n\n    def check_response(self, response: Dict[str, Any]) -> None:\n        \"\"\"Checks that a JSON response from the WebDriver does not have an\n        error.\n    \n        :Args:\n         - response - The JSON response from the WebDriver server as a dictionary\n           object.\n    \n        :Raises: If the response contains an error message.\n        \"\"\"\n        status = response.get(\"status\", None)\n        if not status or status == ErrorCode.SUCCESS:\n            return\n        value = None\n        message = response.get(\"message\", \"\")\n        screen: str = response.get(\"screen\", \"\")\n        stacktrace = None\n        if isinstance(status, int):\n            value_json = response.get(\"value\", None)\n            if value_json and isinstance(value_json, str):\n                import json\n    \n                try:\n                    value = json.loads(value_json)\n                    if len(value) == 1:\n                        value = value[\"value\"]\n                    status = value.get(\"error\", None)\n                    if not status:\n                        status = value.get(\"status\", ErrorCode.UNKNOWN_ERROR)\n                        message = value.get(\"value\") or value.get(\"message\")\n                        if not isinstance(message, str):\n                            value = message\n                            message = message.get(\"message\")\n                    else:\n                        message = value.get(\"message\", None)\n                except ValueError:\n                    pass\n    \n        exception_class: Type[WebDriverException]\n        e = ErrorCode()\n        error_codes = [item for item in dir(e) if not item.startswith(\"__\")]\n        for error_code in error_codes:\n            error_info = getattr(ErrorCode, error_code)\n            if isinstance(error_info, list) and status in error_info:\n                exception_class = getattr(ExceptionMapping, error_code, WebDriverException)\n                break\n        else:\n            exception_class = WebDriverException\n    \n        if not value:\n            value = response[\"value\"]\n        if isinstance(value, str):\n            raise exception_class(value)\n        if message == \"\" and \"message\" in value:\n            message = value[\"message\"]\n    \n        screen = None  # type: ignore[assignment]\n        if \"screen\" in value:\n            screen = value[\"screen\"]\n    \n        stacktrace = None\n        st_value = value.get(\"stackTrace\") or value.get(\"stacktrace\")\n        if st_value:\n            if isinstance(st_value, str):\n                stacktrace = st_value.split(\"\\n\")\n            else:\n                stacktrace = []\n                try:\n                    for frame in st_value:\n                        line = frame.get(\"lineNumber\", \"\")\n                        file = frame.get(\"fileName\", \"<anonymous>\")\n                        if line:\n                            file = f\"{file}:{line}\"\n                        meth = frame.get(\"methodName\", \"<anonymous>\")\n                        if \"className\" in frame:\n                            meth = f\"{frame['className']}.{meth}\"\n                        msg = \"    at %s (%s)\"\n                        msg = msg % (meth, file)\n                        stacktrace.append(msg)\n                except TypeError:\n                    pass\n        if exception_class == UnexpectedAlertPresentException:\n            alert_text = None\n            if \"data\" in value:\n                alert_text = value[\"data\"].get(\"text\")\n            elif \"alert\" in value:\n                alert_text = value[\"alert\"].get(\"text\")\n            raise exception_class(message, screen, stacktrace, alert_text)  # type: ignore[call-arg]  # mypy is not smart enough here\n>       raise exception_class(message, screen, stacktrace)\nE       selenium.common.exceptions.StaleElementReferenceException: Message: stale element reference: stale element not found in the current frame\nE         (Session info: chrome=131.0.6778.204); For documentation on this error, please visit: https://www.selenium.dev/documentation/webdriver/troubleshooting/errors#stale-element-reference-exception\nE       Stacktrace:\nE       #0 0x564cfba0e1fa <unknown>\nE       #1 0x564cfb51e810 <unknown>\nE       #2 0x564cfb5245a3 <unknown>\nE       #3 0x564cfb526a68 <unknown>\nE       #4 0x564cfb526af3 <unknown>\nE       #5 0x564cfb567cc2 <unknown>\nE       #6 0x564cfb591582 <unknown>\nE       #7 0x564cfb561b38 <unknown>\nE       #8 0x564cfb59174e <unknown>\nE       #9 0x564cfb5b0007 <unknown>\nE       #10 0x564cfb591323 <unknown>\nE       #11 0x564cfb55fde0 <unknown>\nE       #12 0x564cfb560dbe <unknown>\nE       #13 0x564cfb9da12b <unknown>\nE       #14 0x564cfb9de0c7 <unknown>\nE       #15 0x564cfb9c76cc <unknown>\nE       #16 0x564cfb9dec47 <unknown>\nE       #17 0x564cfb9ac67f <unknown>\nE       #18 0x564cfb9fd288 <unknown>\nE       #19 0x564cfb9fd450 <unknown>\nE       #20 0x564cfba0d076 <unknown>\nE       #21 0x7fdf0ae9ca94 <unknown>\nE       #22 0x7fdf0af29c3c <unknown>\n\n../../../.cache/pypoetry/virtualenvs/testcapitalcompyse-CcJ6hTD8-py3.12/lib/python3.12/site-packages/selenium/webdriver/remote/errorhandler.py:229: StaleElementReferenceException","flaky":false,"newFailed":false,"newBroken":true,"newPassed":false,"retriesCount":0,"retriesStatusChange":false,"beforeStages":[{"name":"d","time":{"start":1736726165704,"stop":1736726166334,"duration":630},"status":"passed","steps":[],"attachments":[],"parameters":[],"shouldDisplayMessage":false,"stepsCount":0,"attachmentsCount":0,"hasContent":false,"attachmentStep":false},{"name":"worker_id","time":{"start":1736726166335,"stop":1736726166335,"duration":0},"status":"passed","steps":[],"attachments":[],"parameters":[],"shouldDisplayMessage":false,"stepsCount":0,"attachmentsCount":0,"hasContent":false,"attachmentStep":false},{"name":"cur_password","time":{"start":1736726166335,"stop":1736726166335,"duration":0},"status":"passed","steps":[],"attachments":[],"parameters":[],"shouldDisplayMessage":false,"stepsCount":0,"attachmentsCount":0,"hasContent":false,"attachmentStep":false},{"name":"cur_login","time":{"start":1736726166335,"stop":1736726166335,"duration":0},"status":"passed","steps":[],"attachments":[],"parameters":[],"shouldDisplayMessage":false,"stepsCount":0,"attachmentsCount":0,"hasContent":false,"attachmentStep":false}],"testStage":{"description":"\n         Check: “Support” chat window is not opened after click on the “Support” button\n         and this button disappears after the second clicking on it on any page\n         after changing the language of the site (e.g. from EN to AR) (SCA license).\n         Language: AR, EN.\n         License: SCA.\n         Author: Sergey Aiidzhanov\n         ","status":"broken","statusMessage":"selenium.common.exceptions.StaleElementReferenceException: Message: stale element reference: stale element not found in the current frame\n  (Session info: chrome=131.0.6778.204); For documentation on this error, please visit: https://www.selenium.dev/documentation/webdriver/troubleshooting/errors#stale-element-reference-exception\nStacktrace:\n#0 0x564cfba0e1fa <unknown>\n#1 0x564cfb51e810 <unknown>\n#2 0x564cfb5245a3 <unknown>\n#3 0x564cfb526a68 <unknown>\n#4 0x564cfb526af3 <unknown>\n#5 0x564cfb567cc2 <unknown>\n#6 0x564cfb591582 <unknown>\n#7 0x564cfb561b38 <unknown>\n#8 0x564cfb59174e <unknown>\n#9 0x564cfb5b0007 <unknown>\n#10 0x564cfb591323 <unknown>\n#11 0x564cfb55fde0 <unknown>\n#12 0x564cfb560dbe <unknown>\n#13 0x564cfb9da12b <unknown>\n#14 0x564cfb9de0c7 <unknown>\n#15 0x564cfb9c76cc <unknown>\n#16 0x564cfb9dec47 <unknown>\n#17 0x564cfb9ac67f <unknown>\n#18 0x564cfb9fd288 <unknown>\n#19 0x564cfb9fd450 <unknown>\n#20 0x564cfba0d076 <unknown>\n#21 0x7fdf0ae9ca94 <unknown>\n#22 0x7fdf0af29c3c <unknown>","statusTrace":"self = <US_55-saii-d3v_ReTestsManual_test.TestManualDetectedBugs object at 0x7fc2b8311370>\nworker_id = 'master'\nd = <selenium.webdriver.chrome.webdriver.WebDriver (session=\"2d7cdf97c1142357b34547e2267b7add\")>\ncur_language = '', cur_country = 'ae', cur_role = 'Auth'\ncur_login = 'test001.miketar+1@gmail.com', cur_password = 'Qwer1234-!@#$'\n\n    @allure.step(\n        'Start retest manual TC_55!330 | “Support” chat window is not opened after click on the “Support” button '\n        'and this button disappears after the second clicking on it on any page '\n        'after changing the language of the site (e.g. from EN to AR) (SCA license).')\n    @pytest.mark.parametrize('cur_language', ['ar', ''])\n    @pytest.mark.parametrize('cur_country', ['ae'])\n    @pytest.mark.parametrize('cur_role', ['Auth', 'NoAuth', 'NoReg'])\n    @pytest.mark.bug_330\n    def test_330(self, worker_id, d, cur_language, cur_country, cur_role,\n                 cur_login, cur_password):\n        \"\"\"\n         Check: “Support” chat window is not opened after click on the “Support” button\n         and this button disappears after the second clicking on it on any page\n         after changing the language of the site (e.g. from EN to AR) (SCA license).\n         Language: AR, EN.\n         License: SCA.\n         Author: Sergey Aiidzhanov\n         \"\"\"\n        bid = build_dynamic_arg_for_us_55(\n            d, worker_id, cur_language, cur_country, cur_role,\n            \"55\", \"ReTests of Manual Detected Bugs\",\n            \"330\",\n            '“Support” chat window is not opened after click on the “Support” button '\n            'and this button disappears after the second clicking on it on any page '\n            'after changing the language of the site (e.g. from EN to AR) (SCA license).',\n            False,\n            False\n        )\n        # Arrange\n        link = apply_preconditions_to_link(d, cur_language, cur_country, cur_role, cur_login, cur_password)\n    \n        test_el = Bug330(d, link, bid)\n        test_el.open_support_window()\n        test_el.should_be_support_window()\n        test_el.close_support_window()\n        test_el.change_language(cur_language)\n    \n        # Act\n        test_el.open_support_window()\n    \n        # Assert\n>       if not test_el.should_be_support_window():\n\ntests/US_55_ReTestsManual/saii-d3v/US_55-saii-d3v_ReTestsManual_test.py:781: \n_ _ _ _ _ _ _ _ _ _ _ _ _ _ _ _ _ _ _ _ _ _ _ _ _ _ _ _ _ _ _ _ _ _ _ _ _ _ _ _ \npages/BugsManual/bug_330.py:72: in should_be_support_window\n    if \"Capital.com\" not in self.driver.find_element(*CHAT_HEADER_LOC).text:\n../../../.cache/pypoetry/virtualenvs/testcapitalcompyse-CcJ6hTD8-py3.12/lib/python3.12/site-packages/selenium/webdriver/remote/webelement.py:90: in text\n    return self._execute(Command.GET_ELEMENT_TEXT)[\"value\"]\n../../../.cache/pypoetry/virtualenvs/testcapitalcompyse-CcJ6hTD8-py3.12/lib/python3.12/site-packages/selenium/webdriver/remote/webelement.py:395: in _execute\n    return self._parent.execute(command, params)\n../../../.cache/pypoetry/virtualenvs/testcapitalcompyse-CcJ6hTD8-py3.12/lib/python3.12/site-packages/selenium/webdriver/remote/webdriver.py:380: in execute\n    self.error_handler.check_response(response)\n_ _ _ _ _ _ _ _ _ _ _ _ _ _ _ _ _ _ _ _ _ _ _ _ _ _ _ _ _ _ _ _ _ _ _ _ _ _ _ _ \n\nself = <selenium.webdriver.remote.errorhandler.ErrorHandler object at 0x7fc2b83882f0>\nresponse = {'status': 404, 'value': '{\"value\":{\"error\":\"stale element reference\",\"message\":\"stale element reference: stale elemen...\\\\n#20 0x564cfba0d076 \\\\u003Cunknown>\\\\n#21 0x7fdf0ae9ca94 \\\\u003Cunknown>\\\\n#22 0x7fdf0af29c3c \\\\u003Cunknown>\\\\n\"}}'}\n\n    def check_response(self, response: Dict[str, Any]) -> None:\n        \"\"\"Checks that a JSON response from the WebDriver does not have an\n        error.\n    \n        :Args:\n         - response - The JSON response from the WebDriver server as a dictionary\n           object.\n    \n        :Raises: If the response contains an error message.\n        \"\"\"\n        status = response.get(\"status\", None)\n        if not status or status == ErrorCode.SUCCESS:\n            return\n        value = None\n        message = response.get(\"message\", \"\")\n        screen: str = response.get(\"screen\", \"\")\n        stacktrace = None\n        if isinstance(status, int):\n            value_json = response.get(\"value\", None)\n            if value_json and isinstance(value_json, str):\n                import json\n    \n                try:\n                    value = json.loads(value_json)\n                    if len(value) == 1:\n                        value = value[\"value\"]\n                    status = value.get(\"error\", None)\n                    if not status:\n                        status = value.get(\"status\", ErrorCode.UNKNOWN_ERROR)\n                        message = value.get(\"value\") or value.get(\"message\")\n                        if not isinstance(message, str):\n                            value = message\n                            message = message.get(\"message\")\n                    else:\n                        message = value.get(\"message\", None)\n                except ValueError:\n                    pass\n    \n        exception_class: Type[WebDriverException]\n        e = ErrorCode()\n        error_codes = [item for item in dir(e) if not item.startswith(\"__\")]\n        for error_code in error_codes:\n            error_info = getattr(ErrorCode, error_code)\n            if isinstance(error_info, list) and status in error_info:\n                exception_class = getattr(ExceptionMapping, error_code, WebDriverException)\n                break\n        else:\n            exception_class = WebDriverException\n    \n        if not value:\n            value = response[\"value\"]\n        if isinstance(value, str):\n            raise exception_class(value)\n        if message == \"\" and \"message\" in value:\n            message = value[\"message\"]\n    \n        screen = None  # type: ignore[assignment]\n        if \"screen\" in value:\n            screen = value[\"screen\"]\n    \n        stacktrace = None\n        st_value = value.get(\"stackTrace\") or value.get(\"stacktrace\")\n        if st_value:\n            if isinstance(st_value, str):\n                stacktrace = st_value.split(\"\\n\")\n            else:\n                stacktrace = []\n                try:\n                    for frame in st_value:\n                        line = frame.get(\"lineNumber\", \"\")\n                        file = frame.get(\"fileName\", \"<anonymous>\")\n                        if line:\n                            file = f\"{file}:{line}\"\n                        meth = frame.get(\"methodName\", \"<anonymous>\")\n                        if \"className\" in frame:\n                            meth = f\"{frame['className']}.{meth}\"\n                        msg = \"    at %s (%s)\"\n                        msg = msg % (meth, file)\n                        stacktrace.append(msg)\n                except TypeError:\n                    pass\n        if exception_class == UnexpectedAlertPresentException:\n            alert_text = None\n            if \"data\" in value:\n                alert_text = value[\"data\"].get(\"text\")\n            elif \"alert\" in value:\n                alert_text = value[\"alert\"].get(\"text\")\n            raise exception_class(message, screen, stacktrace, alert_text)  # type: ignore[call-arg]  # mypy is not smart enough here\n>       raise exception_class(message, screen, stacktrace)\nE       selenium.common.exceptions.StaleElementReferenceException: Message: stale element reference: stale element not found in the current frame\nE         (Session info: chrome=131.0.6778.204); For documentation on this error, please visit: https://www.selenium.dev/documentation/webdriver/troubleshooting/errors#stale-element-reference-exception\nE       Stacktrace:\nE       #0 0x564cfba0e1fa <unknown>\nE       #1 0x564cfb51e810 <unknown>\nE       #2 0x564cfb5245a3 <unknown>\nE       #3 0x564cfb526a68 <unknown>\nE       #4 0x564cfb526af3 <unknown>\nE       #5 0x564cfb567cc2 <unknown>\nE       #6 0x564cfb591582 <unknown>\nE       #7 0x564cfb561b38 <unknown>\nE       #8 0x564cfb59174e <unknown>\nE       #9 0x564cfb5b0007 <unknown>\nE       #10 0x564cfb591323 <unknown>\nE       #11 0x564cfb55fde0 <unknown>\nE       #12 0x564cfb560dbe <unknown>\nE       #13 0x564cfb9da12b <unknown>\nE       #14 0x564cfb9de0c7 <unknown>\nE       #15 0x564cfb9c76cc <unknown>\nE       #16 0x564cfb9dec47 <unknown>\nE       #17 0x564cfb9ac67f <unknown>\nE       #18 0x564cfb9fd288 <unknown>\nE       #19 0x564cfb9fd450 <unknown>\nE       #20 0x564cfba0d076 <unknown>\nE       #21 0x7fdf0ae9ca94 <unknown>\nE       #22 0x7fdf0af29c3c <unknown>\n\n../../../.cache/pypoetry/virtualenvs/testcapitalcompyse-CcJ6hTD8-py3.12/lib/python3.12/site-packages/selenium/webdriver/remote/errorhandler.py:229: StaleElementReferenceException","steps":[{"name":"Start retest manual TC_55!330 | “Support” chat window is not opened after click on the “Support” button and this button disappears after the second clicking on it on any page after changing the language of the site (e.g. from EN to AR) (SCA license).","time":{"start":1736728223859,"stop":1736728237931,"duration":14072},"status":"broken","statusMessage":"selenium.common.exceptions.StaleElementReferenceException: Message: stale element reference: stale element not found in the current frame\n  (Session info: chrome=131.0.6778.204); For documentation on this error, please visit: https://www.selenium.dev/documentation/webdriver/troubleshooting/errors#stale-element-reference-exception\nStacktrace:\n#0 0x564cfba0e1fa <unknown>\n#1 0x564cfb51e810 <unknown>\n#2 0x564cfb5245a3 <unknown>\n#3 0x564cfb526a68 <unknown>\n#4 0x564cfb526af3 <unknown>\n#5 0x564cfb567cc2 <unknown>\n#6 0x564cfb591582 <unknown>\n#7 0x564cfb561b38 <unknown>\n#8 0x564cfb59174e <unknown>\n#9 0x564cfb5b0007 <unknown>\n#10 0x564cfb591323 <unknown>\n#11 0x564cfb55fde0 <unknown>\n#12 0x564cfb560dbe <unknown>\n#13 0x564cfb9da12b <unknown>\n#14 0x564cfb9de0c7 <unknown>\n#15 0x564cfb9c76cc <unknown>\n#16 0x564cfb9dec47 <unknown>\n#17 0x564cfb9ac67f <unknown>\n#18 0x564cfb9fd288 <unknown>\n#19 0x564cfb9fd450 <unknown>\n#20 0x564cfba0d076 <unknown>\n#21 0x7fdf0ae9ca94 <unknown>\n#22 0x7fdf0af29c3c <unknown>\n\n","statusTrace":"  File \"/home/runner/.cache/pypoetry/virtualenvs/testcapitalcompyse-CcJ6hTD8-py3.12/lib/python3.12/site-packages/allure_commons/_allure.py\", line 192, in impl\n    return func(*a, **kw)\n           ^^^^^^^^^^^^^^\n  File \"/home/runner/work/TestCapitalComPySe/TestCapitalComPySe/tests/US_55_ReTestsManual/saii-d3v/US_55-saii-d3v_ReTestsManual_test.py\", line 781, in test_330\n    if not test_el.should_be_support_window():\n           ^^^^^^^^^^^^^^^^^^^^^^^^^^^^^^^^^^\n  File \"/home/runner/work/TestCapitalComPySe/TestCapitalComPySe/pages/BugsManual/bug_330.py\", line 72, in should_be_support_window\n    if \"Capital.com\" not in self.driver.find_element(*CHAT_HEADER_LOC).text:\n                            ^^^^^^^^^^^^^^^^^^^^^^^^^^^^^^^^^^^^^^^^^^^^^^^\n  File \"/home/runner/.cache/pypoetry/virtualenvs/testcapitalcompyse-CcJ6hTD8-py3.12/lib/python3.12/site-packages/selenium/webdriver/remote/webelement.py\", line 90, in text\n    return self._execute(Command.GET_ELEMENT_TEXT)[\"value\"]\n           ^^^^^^^^^^^^^^^^^^^^^^^^^^^^^^^^^^^^^^^\n  File \"/home/runner/.cache/pypoetry/virtualenvs/testcapitalcompyse-CcJ6hTD8-py3.12/lib/python3.12/site-packages/selenium/webdriver/remote/webelement.py\", line 395, in _execute\n    return self._parent.execute(command, params)\n           ^^^^^^^^^^^^^^^^^^^^^^^^^^^^^^^^^^^^^\n  File \"/home/runner/.cache/pypoetry/virtualenvs/testcapitalcompyse-CcJ6hTD8-py3.12/lib/python3.12/site-packages/selenium/webdriver/remote/webdriver.py\", line 380, in execute\n    self.error_handler.check_response(response)\n  File \"/home/runner/.cache/pypoetry/virtualenvs/testcapitalcompyse-CcJ6hTD8-py3.12/lib/python3.12/site-packages/selenium/webdriver/remote/errorhandler.py\", line 229, in check_response\n    raise exception_class(message, screen, stacktrace)\n","steps":[{"name":"Build dynamic argument for TCs of US_55","time":{"start":1736728223859,"stop":1736728223872,"duration":13},"status":"passed","steps":[],"attachments":[],"parameters":[{"name":"d","value":"<selenium.webdriver.chrome.webdriver.WebDriver (session=\"2d7cdf97c1142357b34547e2267b7add\")>"},{"name":"worker_id","value":"'master'"},{"name":"cur_language","value":"''"},{"name":"cur_country","value":"'ae'"},{"name":"cur_role","value":"'Auth'"},{"name":"us","value":"'55'"},{"name":"desc_us","value":"'ReTests of Manual Detected Bugs'"},{"name":"num_tc","value":"'330'"},{"name":"desc_tc","value":"'“Support” chat window is not opened after click on the “Support” button and this button disappears after the second clicking on it on any page after changing the language of the site (e.g. from EN to AR) (SCA license).'"},{"name":"manual","value":"False"},{"name":"new_layout","value":"False"}],"shouldDisplayMessage":false,"stepsCount":0,"attachmentsCount":0,"hasContent":true,"attachmentStep":false},{"name":"   Set New preconditions","time":{"start":1736728223873,"stop":1736728226745,"duration":2872},"status":"passed","steps":[{"name":"2025-01-12 23:56:05.640286   Set language and country","time":{"start":1736728223939,"stop":1736728226730,"duration":2791},"status":"passed","steps":[],"attachments":[],"parameters":[{"name":"d","value":"<selenium.webdriver.chrome.webdriver.WebDriver (session=\"2d7cdf97c1142357b34547e2267b7add\")>"},{"name":"cur_language","value":"'en'"},{"name":"cur_country","value":"'ae'"}],"shouldDisplayMessage":false,"stepsCount":0,"attachmentsCount":0,"hasContent":true,"attachmentStep":false}],"attachments":[],"parameters":[{"name":"d","value":"<selenium.webdriver.chrome.webdriver.WebDriver (session=\"2d7cdf97c1142357b34547e2267b7add\")>"},{"name":"host","value":"'https://capital.com/en-gb'"},{"name":"end_point","value":"''"},{"name":"cur_language","value":"''"},{"name":"cur_country","value":"'ae'"},{"name":"cur_role","value":"'Auth'"},{"name":"cur_login","value":"'test001.miketar+1@gmail.com'"},{"name":"cur_password","value":"'Qwer1234-!@#$'"}],"shouldDisplayMessage":false,"stepsCount":1,"attachmentsCount":0,"hasContent":true,"attachmentStep":false}],"attachments":[],"parameters":[{"name":"worker_id","value":"'master'"},{"name":"d","value":"<selenium.webdriver.chrome.webdriver.WebDriver (session=\"2d7cdf97c1142357b34547e2267b7add\")>"},{"name":"cur_language","value":"''"},{"name":"cur_country","value":"'ae'"},{"name":"cur_role","value":"'Auth'"},{"name":"cur_login","value":"'test001.miketar+1@gmail.com'"},{"name":"cur_password","value":"'Qwer1234-!@#$'"}],"shouldDisplayMessage":true,"stepsCount":3,"attachmentsCount":0,"hasContent":true,"attachmentStep":false}],"attachments":[{"uid":"6cd16c5fa41bedc2","name":"Screenshot","source":"6cd16c5fa41bedc2.png","type":"image/png","size":706936},{"uid":"25424479b47b2720","name":"stdout","source":"25424479b47b2720.txt","type":"text/plain","size":2495}],"parameters":[],"shouldDisplayMessage":true,"stepsCount":4,"attachmentsCount":2,"hasContent":true,"attachmentStep":false},"afterStages":[{"name":"d::0","time":{"start":1736730243319,"stop":1736730243806,"duration":487},"status":"passed","steps":[],"attachments":[],"parameters":[],"shouldDisplayMessage":false,"stepsCount":0,"attachmentsCount":0,"hasContent":false,"attachmentStep":false}],"labels":[{"name":"epic","value":"TC_55!330 | “Support” chat window is not opened after click on the “Support” button and this button disappears after the second clicking on it on any page after changing the language of the site (e.g. from EN to AR) (SCA license)."},{"name":"feature","value":"Role: Auth"},{"name":"story","value":"Country: ae"},{"name":"tag","value":"bug_330"},{"name":"tag","value":"us_55"},{"name":"parentSuite","value":"tests.US_55_ReTestsManual.saii-d3v"},{"name":"suite","value":"US_55-saii-d3v_ReTestsManual_test"},{"name":"subSuite","value":"TestManualDetectedBugs"},{"name":"host","value":"fv-az1440-974"},{"name":"thread","value":"18645-MainThread"},{"name":"framework","value":"pytest"},{"name":"language","value":"cpython3"},{"name":"package","value":"tests.US_55_ReTestsManual.saii-d3v.US_55-saii-d3v_ReTestsManual_test"},{"name":"resultFormat","value":"allure2"}],"parameters":[{"name":"cur_country","value":"'ae'"},{"name":"cur_language","value":"''"},{"name":"cur_login","value":"'test001.miketar+1@gmail.com'"},{"name":"cur_password","value":"'Qwer1234-!@#$'"},{"name":"cur_role","value":"'Auth'"},{"name":"d","value":"'Chrome'"}],"links":[],"hidden":false,"retry":false,"extra":{"severity":"normal","retries":[],"categories":[{"name":"Test defects","matchedStatuses":[],"flaky":false}],"history":{"statistic":{"failed":30,"broken":3,"skipped":0,"passed":46,"unknown":0,"total":79},"items":[{"uid":"801cff12a3cccf83","reportUrl":"https://AlexTomAQA.github.io/TestCapitalComPySe/286//#testresult/801cff12a3cccf83","status":"passed","time":{"start":1736640743614,"stop":1736640758629,"duration":15015}},{"uid":"e6aa99407f5e4889","reportUrl":"https://AlexTomAQA.github.io/TestCapitalComPySe/285//#testresult/e6aa99407f5e4889","status":"passed","time":{"start":1736554210843,"stop":1736554224636,"duration":13793}},{"uid":"96717ce0eef16c9","reportUrl":"https://AlexTomAQA.github.io/TestCapitalComPySe/284//#testresult/96717ce0eef16c9","status":"passed","time":{"start":1736467743444,"stop":1736467758693,"duration":15249}},{"uid":"1bbf6a7ab567db7b","reportUrl":"https://AlexTomAQA.github.io/TestCapitalComPySe/283//#testresult/1bbf6a7ab567db7b","status":"passed","time":{"start":1736381401722,"stop":1736381410892,"duration":9170}},{"uid":"e0f072ac1955d14d","reportUrl":"https://AlexTomAQA.github.io/TestCapitalComPySe/282//#testresult/e0f072ac1955d14d","status":"passed","time":{"start":1736296533128,"stop":1736296543253,"duration":10125}},{"uid":"95332ffa93288722","reportUrl":"https://AlexTomAQA.github.io/TestCapitalComPySe/281//#testresult/95332ffa93288722","status":"passed","time":{"start":1736208893063,"stop":1736208902254,"duration":9191}},{"uid":"2ddf29f9fdee5283","reportUrl":"https://AlexTomAQA.github.io/TestCapitalComPySe/280//#testresult/2ddf29f9fdee5283","status":"passed","time":{"start":1736122308568,"stop":1736122317920,"duration":9352}},{"uid":"664f3540703c114a","reportUrl":"https://AlexTomAQA.github.io/TestCapitalComPySe/279//#testresult/664f3540703c114a","status":"passed","time":{"start":1736036458467,"stop":1736036467283,"duration":8816}},{"uid":"3ebc021230540187","reportUrl":"https://AlexTomAQA.github.io/TestCapitalComPySe/278//#testresult/3ebc021230540187","status":"passed","time":{"start":1735949417857,"stop":1735949427180,"duration":9323}},{"uid":"fa57cf37c1ad049b","reportUrl":"https://AlexTomAQA.github.io/TestCapitalComPySe/277//#testresult/fa57cf37c1ad049b","status":"passed","time":{"start":1735863778961,"stop":1735863788210,"duration":9249}},{"uid":"e98e4dcc4d2bbbc8","reportUrl":"https://AlexTomAQA.github.io/TestCapitalComPySe/276//#testresult/e98e4dcc4d2bbbc8","status":"passed","time":{"start":1735776176041,"stop":1735776185792,"duration":9751}},{"uid":"f3895952b40e5355","reportUrl":"https://AlexTomAQA.github.io/TestCapitalComPySe/275//#testresult/f3895952b40e5355","status":"passed","time":{"start":1735691129927,"stop":1735691139237,"duration":9310}},{"uid":"8459215a29c013f","reportUrl":"https://AlexTomAQA.github.io/TestCapitalComPySe/274//#testresult/8459215a29c013f","status":"passed","time":{"start":1735604845904,"stop":1735604855217,"duration":9313}},{"uid":"8b7d86474529a2dd","reportUrl":"https://AlexTomAQA.github.io/TestCapitalComPySe/273//#testresult/8b7d86474529a2dd","status":"passed","time":{"start":1735516863348,"stop":1735516873773,"duration":10425}},{"uid":"10f6a1607398775b","reportUrl":"https://AlexTomAQA.github.io/TestCapitalComPySe/272//#testresult/10f6a1607398775b","status":"passed","time":{"start":1735431143074,"stop":1735431152415,"duration":9341}},{"uid":"dd69be7dcd1820de","reportUrl":"https://AlexTomAQA.github.io/TestCapitalComPySe/271//#testresult/dd69be7dcd1820de","status":"passed","time":{"start":1735344455938,"stop":1735344465770,"duration":9832}},{"uid":"e97f3ff5ba50b1d5","reportUrl":"https://AlexTomAQA.github.io/TestCapitalComPySe/270//#testresult/e97f3ff5ba50b1d5","status":"passed","time":{"start":1735259301000,"stop":1735259312616,"duration":11616}},{"uid":"62d5231617a448d","reportUrl":"https://AlexTomAQA.github.io/TestCapitalComPySe/269//#testresult/62d5231617a448d","status":"passed","time":{"start":1735171975596,"stop":1735171984460,"duration":8864}},{"uid":"ca1f4c6898c1940b","reportUrl":"https://AlexTomAQA.github.io/TestCapitalComPySe/268//#testresult/ca1f4c6898c1940b","status":"passed","time":{"start":1735085349030,"stop":1735085363716,"duration":14686}},{"uid":"875d5166f8170877","reportUrl":"https://AlexTomAQA.github.io/TestCapitalComPySe/267//#testresult/875d5166f8170877","status":"passed","time":{"start":1734999320835,"stop":1734999329879,"duration":9044}}]},"tags":["bug_330","us_55"]},"source":"e63f90f53311039a.json","parameterValues":["'ae'","''","'test001.miketar+1@gmail.com'","'Qwer1234-!@#$'","'Auth'","'Chrome'"]}