2023-12-25 21:12:56 ERROR Unable to initialize WebDriver
2023-12-25 21:12:56 ERROR 
Traceback (most recent call last):
  File "/home/runner/work/TestCapitalComPySe/TestCapitalComPySe/pages/base_page.py", line 82, in inner_function
    return func(*args, **kwargs)
           ^^^^^^^^^^^^^^^^^^^^^
  File "/home/runner/work/TestCapitalComPySe/TestCapitalComPySe/pages/base_page.py", line 394, in element_is_visible
    return Wait(self.browser, timeout).until(
           ^^^^^^^^^^^^^^^^^^^^^^^^^^^^^^^^^^
  File "/home/runner/.cache/pypoetry/virtualenvs/testcapitalcom-CcJ6hTD8-py3.11/lib/python3.11/site-packages/selenium/webdriver/support/wait.py", line 105, in until
    raise TimeoutException(message, screen, stacktrace)
selenium.common.exceptions.TimeoutException: Message: 
Stacktrace:
#0 0x55820b150f83 <unknown>
#1 0x55820ae09cf7 <unknown>
#2 0x55820ae5999e <unknown>
#3 0x55820ae59aa1 <unknown>
#4 0x55820aea4d64 <unknown>
#5 0x55820ae830dd <unknown>
#6 0x55820aea2006 <unknown>
#7 0x55820ae82e53 <unknown>
#8 0x55820ae4add4 <unknown>
#9 0x55820ae4c1de <unknown>
#10 0x55820b115531 <unknown>
#11 0x55820b119455 <unknown>
#12 0x55820b101f55 <unknown>
#13 0x55820b11a0ef <unknown>
#14 0x55820b0e599f <unknown>
#15 0x55820b13e008 <unknown>
#16 0x55820b13e1d7 <unknown>
#17 0x55820b150124 <unknown>
#18 0x7f8a11294ac3 <unknown>

2023-12-25 21:13:01 ERROR Unable to initialize WebDriver
2023-12-25 21:13:01 ERROR 
Traceback (most recent call last):
  File "/home/runner/work/TestCapitalComPySe/TestCapitalComPySe/pages/base_page.py", line 82, in inner_function
    return func(*args, **kwargs)
           ^^^^^^^^^^^^^^^^^^^^^
  File "/home/runner/work/TestCapitalComPySe/TestCapitalComPySe/pages/base_page.py", line 394, in element_is_visible
    return Wait(self.browser, timeout).until(
           ^^^^^^^^^^^^^^^^^^^^^^^^^^^^^^^^^^
  File "/home/runner/.cache/pypoetry/virtualenvs/testcapitalcom-CcJ6hTD8-py3.11/lib/python3.11/site-packages/selenium/webdriver/support/wait.py", line 105, in until
    raise TimeoutException(message, screen, stacktrace)
selenium.common.exceptions.TimeoutException: Message: 
Stacktrace:
#0 0x55820b150f83 <unknown>
#1 0x55820ae09cf7 <unknown>
#2 0x55820ae5999e <unknown>
#3 0x55820ae59aa1 <unknown>
#4 0x55820aea4d64 <unknown>
#5 0x55820ae830dd <unknown>
#6 0x55820aea2006 <unknown>
#7 0x55820ae82e53 <unknown>
#8 0x55820ae4add4 <unknown>
#9 0x55820ae4c1de <unknown>
#10 0x55820b115531 <unknown>
#11 0x55820b119455 <unknown>
#12 0x55820b101f55 <unknown>
#13 0x55820b11a0ef <unknown>
#14 0x55820b0e599f <unknown>
#15 0x55820b13e008 <unknown>
#16 0x55820b13e1d7 <unknown>
#17 0x55820b150124 <unknown>
#18 0x7f8a11294ac3 <unknown>