2024-03-27 05:02:26 ERROR Elements not present after 0.5 seconds on page: https://capital.com/zh/trade-qtum
2024-03-27 05:02:26 ERROR 
Traceback (most recent call last):
  File "/home/runner/work/TestCapitalComPySe/TestCapitalComPySe/pages/base_page.py", line 85, in inner_function
    return func(*args, **kwargs)
           ^^^^^^^^^^^^^^^^^^^^^
  File "/home/runner/work/TestCapitalComPySe/TestCapitalComPySe/pages/base_page.py", line 306, in element_is_visible
    return Wait(self.driver, timeout).until(
           ^^^^^^^^^^^^^^^^^^^^^^^^^^^^^^^^^
  File "/home/runner/.cache/pypoetry/virtualenvs/testcapitalcompyse-CcJ6hTD8-py3.12/lib/python3.12/site-packages/selenium/webdriver/support/wait.py", line 105, in until
    raise TimeoutException(message, screen, stacktrace)
selenium.common.exceptions.TimeoutException: Message: 
Stacktrace:
#0 0x55c96061df33 <unknown>
#1 0x55c960315ce6 <unknown>
#2 0x55c960360e48 <unknown>
#3 0x55c960360f01 <unknown>
#4 0x55c9603a43f4 <unknown>
#5 0x55c960382edd <unknown>
#6 0x55c9603a1899 <unknown>
#7 0x55c960382c53 <unknown>
#8 0x55c960353db3 <unknown>
#9 0x55c96035477e <unknown>
#10 0x55c9605e386b <unknown>
#11 0x55c9605e7885 <unknown>
#12 0x55c9605d1181 <unknown>
#13 0x55c9605e8412 <unknown>
#14 0x55c9605b525f <unknown>
#15 0x55c96060c528 <unknown>
#16 0x55c96060c723 <unknown>
#17 0x55c96061d0e4 <unknown>
#18 0x7f524be94ac3 <unknown>