2024-03-24 20:40:40 ERROR Elements not present after 0.5 seconds on page: https://capital.com/ro/trade-stocks
2024-03-24 20:40:40 ERROR 
Traceback (most recent call last):
  File "/home/runner/work/TestCapitalComPySe/TestCapitalComPySe/pages/base_page.py", line 85, in inner_function
    return func(*args, **kwargs)
           ^^^^^^^^^^^^^^^^^^^^^
  File "/home/runner/work/TestCapitalComPySe/TestCapitalComPySe/pages/base_page.py", line 306, in element_is_visible
    return Wait(self.driver, timeout).until(
           ^^^^^^^^^^^^^^^^^^^^^^^^^^^^^^^^^
  File "/home/runner/.cache/pypoetry/virtualenvs/testcapitalcompyse-CcJ6hTD8-py3.12/lib/python3.12/site-packages/selenium/webdriver/support/wait.py", line 105, in until
    raise TimeoutException(message, screen, stacktrace)
selenium.common.exceptions.TimeoutException: Message: 
Stacktrace:
#0 0x556014ebcf33 <unknown>
#1 0x556014bb4ce6 <unknown>
#2 0x556014bffe48 <unknown>
#3 0x556014bfff01 <unknown>
#4 0x556014c433f4 <unknown>
#5 0x556014c21edd <unknown>
#6 0x556014c40899 <unknown>
#7 0x556014c21c53 <unknown>
#8 0x556014bf2db3 <unknown>
#9 0x556014bf377e <unknown>
#10 0x556014e8286b <unknown>
#11 0x556014e86885 <unknown>
#12 0x556014e70181 <unknown>
#13 0x556014e87412 <unknown>
#14 0x556014e5425f <unknown>
#15 0x556014eab528 <unknown>
#16 0x556014eab723 <unknown>
#17 0x556014ebc0e4 <unknown>
#18 0x7fe658894ac3 <unknown>

2024-03-24 20:40:45 ERROR Elements not present after 0.5 seconds on page: https://capital.com/ro/trade-stocks
2024-03-24 20:40:45 ERROR 
Traceback (most recent call last):
  File "/home/runner/work/TestCapitalComPySe/TestCapitalComPySe/pages/base_page.py", line 85, in inner_function
    return func(*args, **kwargs)
           ^^^^^^^^^^^^^^^^^^^^^
  File "/home/runner/work/TestCapitalComPySe/TestCapitalComPySe/pages/base_page.py", line 306, in element_is_visible
    return Wait(self.driver, timeout).until(
           ^^^^^^^^^^^^^^^^^^^^^^^^^^^^^^^^^
  File "/home/runner/.cache/pypoetry/virtualenvs/testcapitalcompyse-CcJ6hTD8-py3.12/lib/python3.12/site-packages/selenium/webdriver/support/wait.py", line 105, in until
    raise TimeoutException(message, screen, stacktrace)
selenium.common.exceptions.TimeoutException: Message: 
Stacktrace:
#0 0x556014ebcf33 <unknown>
#1 0x556014bb4ce6 <unknown>
#2 0x556014bffe48 <unknown>
#3 0x556014bfff01 <unknown>
#4 0x556014c433f4 <unknown>
#5 0x556014c21edd <unknown>
#6 0x556014c40899 <unknown>
#7 0x556014c21c53 <unknown>
#8 0x556014bf2db3 <unknown>
#9 0x556014bf377e <unknown>
#10 0x556014e8286b <unknown>
#11 0x556014e86885 <unknown>
#12 0x556014e70181 <unknown>
#13 0x556014e87412 <unknown>
#14 0x556014e5425f <unknown>
#15 0x556014eab528 <unknown>
#16 0x556014eab723 <unknown>
#17 0x556014ebc0e4 <unknown>
#18 0x7fe658894ac3 <unknown>

2024-03-24 20:40:48 ERROR Elements not present after 0.5 seconds on page: https://capital.com/ro/trade-stocks
2024-03-24 20:40:48 ERROR 
Traceback (most recent call last):
  File "/home/runner/work/TestCapitalComPySe/TestCapitalComPySe/pages/base_page.py", line 85, in inner_function
    return func(*args, **kwargs)
           ^^^^^^^^^^^^^^^^^^^^^
  File "/home/runner/work/TestCapitalComPySe/TestCapitalComPySe/pages/base_page.py", line 306, in element_is_visible
    return Wait(self.driver, timeout).until(
           ^^^^^^^^^^^^^^^^^^^^^^^^^^^^^^^^^
  File "/home/runner/.cache/pypoetry/virtualenvs/testcapitalcompyse-CcJ6hTD8-py3.12/lib/python3.12/site-packages/selenium/webdriver/support/wait.py", line 105, in until
    raise TimeoutException(message, screen, stacktrace)
selenium.common.exceptions.TimeoutException: Message: 
Stacktrace:
#0 0x556014ebcf33 <unknown>
#1 0x556014bb4ce6 <unknown>
#2 0x556014bffe48 <unknown>
#3 0x556014bfff01 <unknown>
#4 0x556014c433f4 <unknown>
#5 0x556014c21edd <unknown>
#6 0x556014c40899 <unknown>
#7 0x556014c21c53 <unknown>
#8 0x556014bf2db3 <unknown>
#9 0x556014bf377e <unknown>
#10 0x556014e8286b <unknown>
#11 0x556014e86885 <unknown>
#12 0x556014e70181 <unknown>
#13 0x556014e87412 <unknown>
#14 0x556014e5425f <unknown>
#15 0x556014eab528 <unknown>
#16 0x556014eab723 <unknown>
#17 0x556014ebc0e4 <unknown>
#18 0x7fe658894ac3 <unknown>

2024-03-24 20:40:51 ERROR Elements not present after 0.5 seconds on page: https://capital.com/ro/trade-stocks
2024-03-24 20:40:51 ERROR 
Traceback (most recent call last):
  File "/home/runner/work/TestCapitalComPySe/TestCapitalComPySe/pages/base_page.py", line 85, in inner_function
    return func(*args, **kwargs)
           ^^^^^^^^^^^^^^^^^^^^^
  File "/home/runner/work/TestCapitalComPySe/TestCapitalComPySe/pages/base_page.py", line 306, in element_is_visible
    return Wait(self.driver, timeout).until(
           ^^^^^^^^^^^^^^^^^^^^^^^^^^^^^^^^^
  File "/home/runner/.cache/pypoetry/virtualenvs/testcapitalcompyse-CcJ6hTD8-py3.12/lib/python3.12/site-packages/selenium/webdriver/support/wait.py", line 105, in until
    raise TimeoutException(message, screen, stacktrace)
selenium.common.exceptions.TimeoutException: Message: 
Stacktrace:
#0 0x556014ebcf33 <unknown>
#1 0x556014bb4ce6 <unknown>
#2 0x556014bffe48 <unknown>
#3 0x556014bfff01 <unknown>
#4 0x556014c433f4 <unknown>
#5 0x556014c21edd <unknown>
#6 0x556014c40899 <unknown>
#7 0x556014c21c53 <unknown>
#8 0x556014bf2db3 <unknown>
#9 0x556014bf377e <unknown>
#10 0x556014e8286b <unknown>
#11 0x556014e86885 <unknown>
#12 0x556014e70181 <unknown>
#13 0x556014e87412 <unknown>
#14 0x556014e5425f <unknown>
#15 0x556014eab528 <unknown>
#16 0x556014eab723 <unknown>
#17 0x556014ebc0e4 <unknown>
#18 0x7fe658894ac3 <unknown>

2024-03-24 20:40:54 ERROR Elements not present after 0.5 seconds on page: https://capital.com/ro/trade-stocks
2024-03-24 20:40:54 ERROR 
Traceback (most recent call last):
  File "/home/runner/work/TestCapitalComPySe/TestCapitalComPySe/pages/base_page.py", line 85, in inner_function
    return func(*args, **kwargs)
           ^^^^^^^^^^^^^^^^^^^^^
  File "/home/runner/work/TestCapitalComPySe/TestCapitalComPySe/pages/base_page.py", line 306, in element_is_visible
    return Wait(self.driver, timeout).until(
           ^^^^^^^^^^^^^^^^^^^^^^^^^^^^^^^^^
  File "/home/runner/.cache/pypoetry/virtualenvs/testcapitalcompyse-CcJ6hTD8-py3.12/lib/python3.12/site-packages/selenium/webdriver/support/wait.py", line 105, in until
    raise TimeoutException(message, screen, stacktrace)
selenium.common.exceptions.TimeoutException: Message: 
Stacktrace:
#0 0x556014ebcf33 <unknown>
#1 0x556014bb4ce6 <unknown>
#2 0x556014bffe48 <unknown>
#3 0x556014bfff01 <unknown>
#4 0x556014c433f4 <unknown>
#5 0x556014c21edd <unknown>
#6 0x556014c40899 <unknown>
#7 0x556014c21c53 <unknown>
#8 0x556014bf2db3 <unknown>
#9 0x556014bf377e <unknown>
#10 0x556014e8286b <unknown>
#11 0x556014e86885 <unknown>
#12 0x556014e70181 <unknown>
#13 0x556014e87412 <unknown>
#14 0x556014e5425f <unknown>
#15 0x556014eab528 <unknown>
#16 0x556014eab723 <unknown>
#17 0x556014ebc0e4 <unknown>
#18 0x7fe658894ac3 <unknown>

2024-03-24 20:40:57 ERROR Elements not present after 0.5 seconds on page: https://capital.com/ro/trade-stocks
2024-03-24 20:40:57 ERROR 
Traceback (most recent call last):
  File "/home/runner/work/TestCapitalComPySe/TestCapitalComPySe/pages/base_page.py", line 85, in inner_function
    return func(*args, **kwargs)
           ^^^^^^^^^^^^^^^^^^^^^
  File "/home/runner/work/TestCapitalComPySe/TestCapitalComPySe/pages/base_page.py", line 306, in element_is_visible
    return Wait(self.driver, timeout).until(
           ^^^^^^^^^^^^^^^^^^^^^^^^^^^^^^^^^
  File "/home/runner/.cache/pypoetry/virtualenvs/testcapitalcompyse-CcJ6hTD8-py3.12/lib/python3.12/site-packages/selenium/webdriver/support/wait.py", line 105, in until
    raise TimeoutException(message, screen, stacktrace)
selenium.common.exceptions.TimeoutException: Message: 
Stacktrace:
#0 0x556014ebcf33 <unknown>
#1 0x556014bb4ce6 <unknown>
#2 0x556014bffe48 <unknown>
#3 0x556014bfff01 <unknown>
#4 0x556014c433f4 <unknown>
#5 0x556014c21edd <unknown>
#6 0x556014c40899 <unknown>
#7 0x556014c21c53 <unknown>
#8 0x556014bf2db3 <unknown>
#9 0x556014bf377e <unknown>
#10 0x556014e8286b <unknown>
#11 0x556014e86885 <unknown>
#12 0x556014e70181 <unknown>
#13 0x556014e87412 <unknown>
#14 0x556014e5425f <unknown>
#15 0x556014eab528 <unknown>
#16 0x556014eab723 <unknown>
#17 0x556014ebc0e4 <unknown>
#18 0x7fe658894ac3 <unknown>

2024-03-24 20:41:01 ERROR Elements not present after 0.5 seconds on page: https://capital.com/ro/trade-stocks
2024-03-24 20:41:01 ERROR 
Traceback (most recent call last):
  File "/home/runner/work/TestCapitalComPySe/TestCapitalComPySe/pages/base_page.py", line 85, in inner_function
    return func(*args, **kwargs)
           ^^^^^^^^^^^^^^^^^^^^^
  File "/home/runner/work/TestCapitalComPySe/TestCapitalComPySe/pages/base_page.py", line 306, in element_is_visible
    return Wait(self.driver, timeout).until(
           ^^^^^^^^^^^^^^^^^^^^^^^^^^^^^^^^^
  File "/home/runner/.cache/pypoetry/virtualenvs/testcapitalcompyse-CcJ6hTD8-py3.12/lib/python3.12/site-packages/selenium/webdriver/support/wait.py", line 105, in until
    raise TimeoutException(message, screen, stacktrace)
selenium.common.exceptions.TimeoutException: Message: 
Stacktrace:
#0 0x556014ebcf33 <unknown>
#1 0x556014bb4ce6 <unknown>
#2 0x556014bffe48 <unknown>
#3 0x556014bfff01 <unknown>
#4 0x556014c433f4 <unknown>
#5 0x556014c21edd <unknown>
#6 0x556014c40899 <unknown>
#7 0x556014c21c53 <unknown>
#8 0x556014bf2db3 <unknown>
#9 0x556014bf377e <unknown>
#10 0x556014e8286b <unknown>
#11 0x556014e86885 <unknown>
#12 0x556014e70181 <unknown>
#13 0x556014e87412 <unknown>
#14 0x556014e5425f <unknown>
#15 0x556014eab528 <unknown>
#16 0x556014eab723 <unknown>
#17 0x556014ebc0e4 <unknown>
#18 0x7fe658894ac3 <unknown>