{"uid":"a89aa0f9ac2f0fa7","name":"TC_55!420 (Lang: en) | Bid:55!420-en.au.NoAuth","fullName":"tests.US_55_ReTestsManual.tassobaccato.US_55-tassobaccato_ReTestsManual_test.TestManualDetectedBugs#test_420","historyId":"1f4b0d007c67da182dd92e8ae87ebc71","time":{"start":1733472815855,"stop":1733472825860,"duration":10005},"description":"\n        Check: Main page > Menu items of the menu section [Pricing] in the \"Footer\"\n        Language: EN\n        License: SCA, ASIC\n        Author: Kasila\n        ","descriptionHtml":"<pre><code>    Check: Main page &gt; Menu items of the menu section [Pricing] in the &quot;Footer&quot;\n    Language: EN\n    License: SCA, ASIC\n    Author: Kasila\n</code></pre>\n","status":"failed","statusMessage":"Failed: # Bug 55!420\nExpected result: Menu item [Payments and withdrawals] is in the footer\nActual result: Menu item [Payments and withdrawals] is missed in the footer","statusTrace":"self = <pages.BugsManual.bug_420.MenuItemPayments object at 0x7f03efcca960>\n\n    @allure.step(f\"{datetime.now()}   Assert\")\n    def assert_menu_items(self):\n        print(f\"{datetime.now()}   2.Assert\")\n        footer_pricing_menu = self.driver.find_element(By.CSS_SELECTOR, 'div:nth-child(4) > div.menu_secondLevel__I7YiZ')\n        self.driver.execute_script(\"arguments[0].style.border='3px solid red'\", footer_pricing_menu)\n        try:\n>           payments_item = self.driver.find_element(\n                By.CSS_SELECTOR,\n                'div.menu_thirdLevel__0Wd4s > div:nth-child(3) > a[href=\"/en-au/./about-us/payments-and-withdrawals\"]')\n\npages/BugsManual/bug_420.py:38: \n_ _ _ _ _ _ _ _ _ _ _ _ _ _ _ _ _ _ _ _ _ _ _ _ _ _ _ _ _ _ _ _ _ _ _ _ _ _ _ _ \n../../../.cache/pypoetry/virtualenvs/testcapitalcompyse-CcJ6hTD8-py3.12/lib/python3.12/site-packages/selenium/webdriver/remote/webdriver.py:766: in find_element\n    return self.execute(Command.FIND_ELEMENT, {\"using\": by, \"value\": value})[\"value\"]\n../../../.cache/pypoetry/virtualenvs/testcapitalcompyse-CcJ6hTD8-py3.12/lib/python3.12/site-packages/selenium/webdriver/remote/webdriver.py:380: in execute\n    self.error_handler.check_response(response)\n_ _ _ _ _ _ _ _ _ _ _ _ _ _ _ _ _ _ _ _ _ _ _ _ _ _ _ _ _ _ _ _ _ _ _ _ _ _ _ _ \n\nself = <selenium.webdriver.remote.errorhandler.ErrorHandler object at 0x7f03f0913b90>\nresponse = {'status': 404, 'value': '{\"value\":{\"error\":\"no such element\",\"message\":\"no such element: Unable to locate element: {\\...\\\\n#16 0x55dc6cc6b770 \\\\u003Cunknown>\\\\n#17 0x55dc6cc7b1c6 \\\\u003Cunknown>\\\\n#18 0x7f3504c94ac3 \\\\u003Cunknown>\\\\n\"}}'}\n\n    def check_response(self, response: Dict[str, Any]) -> None:\n        \"\"\"Checks that a JSON response from the WebDriver does not have an\n        error.\n    \n        :Args:\n         - response - The JSON response from the WebDriver server as a dictionary\n           object.\n    \n        :Raises: If the response contains an error message.\n        \"\"\"\n        status = response.get(\"status\", None)\n        if not status or status == ErrorCode.SUCCESS:\n            return\n        value = None\n        message = response.get(\"message\", \"\")\n        screen: str = response.get(\"screen\", \"\")\n        stacktrace = None\n        if isinstance(status, int):\n            value_json = response.get(\"value\", None)\n            if value_json and isinstance(value_json, str):\n                import json\n    \n                try:\n                    value = json.loads(value_json)\n                    if len(value) == 1:\n                        value = value[\"value\"]\n                    status = value.get(\"error\", None)\n                    if not status:\n                        status = value.get(\"status\", ErrorCode.UNKNOWN_ERROR)\n                        message = value.get(\"value\") or value.get(\"message\")\n                        if not isinstance(message, str):\n                            value = message\n                            message = message.get(\"message\")\n                    else:\n                        message = value.get(\"message\", None)\n                except ValueError:\n                    pass\n    \n        exception_class: Type[WebDriverException]\n        e = ErrorCode()\n        error_codes = [item for item in dir(e) if not item.startswith(\"__\")]\n        for error_code in error_codes:\n            error_info = getattr(ErrorCode, error_code)\n            if isinstance(error_info, list) and status in error_info:\n                exception_class = getattr(ExceptionMapping, error_code, WebDriverException)\n                break\n        else:\n            exception_class = WebDriverException\n    \n        if not value:\n            value = response[\"value\"]\n        if isinstance(value, str):\n            raise exception_class(value)\n        if message == \"\" and \"message\" in value:\n            message = value[\"message\"]\n    \n        screen = None  # type: ignore[assignment]\n        if \"screen\" in value:\n            screen = value[\"screen\"]\n    \n        stacktrace = None\n        st_value = value.get(\"stackTrace\") or value.get(\"stacktrace\")\n        if st_value:\n            if isinstance(st_value, str):\n                stacktrace = st_value.split(\"\\n\")\n            else:\n                stacktrace = []\n                try:\n                    for frame in st_value:\n                        line = frame.get(\"lineNumber\", \"\")\n                        file = frame.get(\"fileName\", \"<anonymous>\")\n                        if line:\n                            file = f\"{file}:{line}\"\n                        meth = frame.get(\"methodName\", \"<anonymous>\")\n                        if \"className\" in frame:\n                            meth = f\"{frame['className']}.{meth}\"\n                        msg = \"    at %s (%s)\"\n                        msg = msg % (meth, file)\n                        stacktrace.append(msg)\n                except TypeError:\n                    pass\n        if exception_class == UnexpectedAlertPresentException:\n            alert_text = None\n            if \"data\" in value:\n                alert_text = value[\"data\"].get(\"text\")\n            elif \"alert\" in value:\n                alert_text = value[\"alert\"].get(\"text\")\n            raise exception_class(message, screen, stacktrace, alert_text)  # type: ignore[call-arg]  # mypy is not smart enough here\n>       raise exception_class(message, screen, stacktrace)\nE       selenium.common.exceptions.NoSuchElementException: Message: no such element: Unable to locate element: {\"method\":\"css selector\",\"selector\":\"div.menu_thirdLevel__0Wd4s > div:nth-child(3) > a[href=\"/en-au/./about-us/payments-and-withdrawals\"]\"}\nE         (Session info: chrome=131.0.6778.85); For documentation on this error, please visit: https://www.selenium.dev/documentation/webdriver/troubleshooting/errors#no-such-element-exception\nE       Stacktrace:\nE       #0 0x55dc6cc7c34a <unknown>\nE       #1 0x55dc6c7926e0 <unknown>\nE       #2 0x55dc6c7e13e6 <unknown>\nE       #3 0x55dc6c7e1681 <unknown>\nE       #4 0x55dc6c826b04 <unknown>\nE       #5 0x55dc6c80548d <unknown>\nE       #6 0x55dc6c823ed7 <unknown>\nE       #7 0x55dc6c805203 <unknown>\nE       #8 0x55dc6c7d3cc0 <unknown>\nE       #9 0x55dc6c7d4c9e <unknown>\nE       #10 0x55dc6cc49d3b <unknown>\nE       #11 0x55dc6cc4dcc2 <unknown>\nE       #12 0x55dc6cc36b6c <unknown>\nE       #13 0x55dc6cc4e837 <unknown>\nE       #14 0x55dc6cc1c10f <unknown>\nE       #15 0x55dc6cc6b5a8 <unknown>\nE       #16 0x55dc6cc6b770 <unknown>\nE       #17 0x55dc6cc7b1c6 <unknown>\nE       #18 0x7f3504c94ac3 <unknown>\n\n../../../.cache/pypoetry/virtualenvs/testcapitalcompyse-CcJ6hTD8-py3.12/lib/python3.12/site-packages/selenium/webdriver/remote/errorhandler.py:229: NoSuchElementException\n\nDuring handling of the above exception, another exception occurred:\n\nself = <US_55-tassobaccato_ReTestsManual_test.TestManualDetectedBugs object at 0x7f03efe31af0>\nworker_id = 'master'\nd = <selenium.webdriver.chrome.webdriver.WebDriver (session=\"27826bbdbfa1c37f79ea6abc6865c5e8\")>\ncur_language = '', cur_country = 'au', cur_role = 'NoAuth'\ncur_login = 'test001.miketar+1@gmail.com', cur_password = 'Qwer1234-!@#$'\n\n    @allure.step('Start retest manual AT_55!420 Menu item [Payments and withdrawals] in the footer')\n    @pytest.mark.parametrize('cur_language', [''])\n    @pytest.mark.parametrize('cur_country', ['ae', 'au'])\n    @pytest.mark.parametrize('cur_role', [\"NoReg\", \"Auth\", \"NoAuth\"])\n    @pytest.mark.bug_420\n    def test_420(self, worker_id, d, cur_language, cur_country, cur_role, cur_login, cur_password):\n        \"\"\"\n        Check: Main page > Menu items of the menu section [Pricing] in the \"Footer\"\n        Language: EN\n        License: SCA, ASIC\n        Author: Kasila\n        \"\"\"\n    \n        bid = build_dynamic_arg_for_us_55(\n            d, worker_id, cur_language, cur_country, cur_role,\n            \"55\", \"ReTests of Manual Detected Bugs\",\n            \"420\", 'Menu item [Payments and withdrawals] is missed in the footer when selected EN language'\n        )\n    \n        link = apply_preconditions_to_link(d, cur_language, cur_country, cur_role, cur_login, cur_password)\n    \n        test_element = MenuItemPayments(d, bid)\n        test_element.arrange(link)\n>       test_element.assert_menu_items()\n\ntests/US_55_ReTestsManual/tassobaccato/US_55-tassobaccato_ReTestsManual_test.py:629: \n_ _ _ _ _ _ _ _ _ _ _ _ _ _ _ _ _ _ _ _ _ _ _ _ _ _ _ _ _ _ _ _ _ _ _ _ _ _ _ _ \npages/BugsManual/bug_420.py:46: in assert_menu_items\n    Common.pytest_fail(\"# Bug 55!420\"\n_ _ _ _ _ _ _ _ _ _ _ _ _ _ _ _ _ _ _ _ _ _ _ _ _ _ _ _ _ _ _ _ _ _ _ _ _ _ _ _ \n\nmsg = '# Bug 55!420\\nExpected result: Menu item [Payments and withdrawals] is in the footer\\nActual result: Menu item [Payments and withdrawals] is missed in the footer'\n\n    @staticmethod\n    def pytest_fail(msg):\n    \tCommon.flag_of_bug = True\n>   \tpytest.fail(msg)\nE    Failed: # Bug 55!420\nE    Expected result: Menu item [Payments and withdrawals] is in the footer\nE    Actual result: Menu item [Payments and withdrawals] is missed in the footer\n\npages/common.py:235: Failed","flaky":false,"newFailed":false,"newBroken":false,"newPassed":false,"retriesCount":0,"retriesStatusChange":false,"beforeStages":[{"name":"d","time":{"start":1733470929313,"stop":1733470929703,"duration":390},"status":"passed","steps":[],"attachments":[],"parameters":[],"shouldDisplayMessage":false,"stepsCount":0,"attachmentsCount":0,"hasContent":false,"attachmentStep":false},{"name":"cur_login","time":{"start":1733470929703,"stop":1733470929704,"duration":1},"status":"passed","steps":[],"attachments":[],"parameters":[],"shouldDisplayMessage":false,"stepsCount":0,"attachmentsCount":0,"hasContent":false,"attachmentStep":false},{"name":"worker_id","time":{"start":1733470929703,"stop":1733470929703,"duration":0},"status":"passed","steps":[],"attachments":[],"parameters":[],"shouldDisplayMessage":false,"stepsCount":0,"attachmentsCount":0,"hasContent":false,"attachmentStep":false},{"name":"cur_password","time":{"start":1733470929704,"stop":1733470929704,"duration":0},"status":"passed","steps":[],"attachments":[],"parameters":[],"shouldDisplayMessage":false,"stepsCount":0,"attachmentsCount":0,"hasContent":false,"attachmentStep":false}],"testStage":{"description":"\n        Check: Main page > Menu items of the menu section [Pricing] in the \"Footer\"\n        Language: EN\n        License: SCA, ASIC\n        Author: Kasila\n        ","status":"failed","statusMessage":"Failed: # Bug 55!420\nExpected result: Menu item [Payments and withdrawals] is in the footer\nActual result: Menu item [Payments and withdrawals] is missed in the footer","statusTrace":"self = <pages.BugsManual.bug_420.MenuItemPayments object at 0x7f03efcca960>\n\n    @allure.step(f\"{datetime.now()}   Assert\")\n    def assert_menu_items(self):\n        print(f\"{datetime.now()}   2.Assert\")\n        footer_pricing_menu = self.driver.find_element(By.CSS_SELECTOR, 'div:nth-child(4) > div.menu_secondLevel__I7YiZ')\n        self.driver.execute_script(\"arguments[0].style.border='3px solid red'\", footer_pricing_menu)\n        try:\n>           payments_item = self.driver.find_element(\n                By.CSS_SELECTOR,\n                'div.menu_thirdLevel__0Wd4s > div:nth-child(3) > a[href=\"/en-au/./about-us/payments-and-withdrawals\"]')\n\npages/BugsManual/bug_420.py:38: \n_ _ _ _ _ _ _ _ _ _ _ _ _ _ _ _ _ _ _ _ _ _ _ _ _ _ _ _ _ _ _ _ _ _ _ _ _ _ _ _ \n../../../.cache/pypoetry/virtualenvs/testcapitalcompyse-CcJ6hTD8-py3.12/lib/python3.12/site-packages/selenium/webdriver/remote/webdriver.py:766: in find_element\n    return self.execute(Command.FIND_ELEMENT, {\"using\": by, \"value\": value})[\"value\"]\n../../../.cache/pypoetry/virtualenvs/testcapitalcompyse-CcJ6hTD8-py3.12/lib/python3.12/site-packages/selenium/webdriver/remote/webdriver.py:380: in execute\n    self.error_handler.check_response(response)\n_ _ _ _ _ _ _ _ _ _ _ _ _ _ _ _ _ _ _ _ _ _ _ _ _ _ _ _ _ _ _ _ _ _ _ _ _ _ _ _ \n\nself = <selenium.webdriver.remote.errorhandler.ErrorHandler object at 0x7f03f0913b90>\nresponse = {'status': 404, 'value': '{\"value\":{\"error\":\"no such element\",\"message\":\"no such element: Unable to locate element: {\\...\\\\n#16 0x55dc6cc6b770 \\\\u003Cunknown>\\\\n#17 0x55dc6cc7b1c6 \\\\u003Cunknown>\\\\n#18 0x7f3504c94ac3 \\\\u003Cunknown>\\\\n\"}}'}\n\n    def check_response(self, response: Dict[str, Any]) -> None:\n        \"\"\"Checks that a JSON response from the WebDriver does not have an\n        error.\n    \n        :Args:\n         - response - The JSON response from the WebDriver server as a dictionary\n           object.\n    \n        :Raises: If the response contains an error message.\n        \"\"\"\n        status = response.get(\"status\", None)\n        if not status or status == ErrorCode.SUCCESS:\n            return\n        value = None\n        message = response.get(\"message\", \"\")\n        screen: str = response.get(\"screen\", \"\")\n        stacktrace = None\n        if isinstance(status, int):\n            value_json = response.get(\"value\", None)\n            if value_json and isinstance(value_json, str):\n                import json\n    \n                try:\n                    value = json.loads(value_json)\n                    if len(value) == 1:\n                        value = value[\"value\"]\n                    status = value.get(\"error\", None)\n                    if not status:\n                        status = value.get(\"status\", ErrorCode.UNKNOWN_ERROR)\n                        message = value.get(\"value\") or value.get(\"message\")\n                        if not isinstance(message, str):\n                            value = message\n                            message = message.get(\"message\")\n                    else:\n                        message = value.get(\"message\", None)\n                except ValueError:\n                    pass\n    \n        exception_class: Type[WebDriverException]\n        e = ErrorCode()\n        error_codes = [item for item in dir(e) if not item.startswith(\"__\")]\n        for error_code in error_codes:\n            error_info = getattr(ErrorCode, error_code)\n            if isinstance(error_info, list) and status in error_info:\n                exception_class = getattr(ExceptionMapping, error_code, WebDriverException)\n                break\n        else:\n            exception_class = WebDriverException\n    \n        if not value:\n            value = response[\"value\"]\n        if isinstance(value, str):\n            raise exception_class(value)\n        if message == \"\" and \"message\" in value:\n            message = value[\"message\"]\n    \n        screen = None  # type: ignore[assignment]\n        if \"screen\" in value:\n            screen = value[\"screen\"]\n    \n        stacktrace = None\n        st_value = value.get(\"stackTrace\") or value.get(\"stacktrace\")\n        if st_value:\n            if isinstance(st_value, str):\n                stacktrace = st_value.split(\"\\n\")\n            else:\n                stacktrace = []\n                try:\n                    for frame in st_value:\n                        line = frame.get(\"lineNumber\", \"\")\n                        file = frame.get(\"fileName\", \"<anonymous>\")\n                        if line:\n                            file = f\"{file}:{line}\"\n                        meth = frame.get(\"methodName\", \"<anonymous>\")\n                        if \"className\" in frame:\n                            meth = f\"{frame['className']}.{meth}\"\n                        msg = \"    at %s (%s)\"\n                        msg = msg % (meth, file)\n                        stacktrace.append(msg)\n                except TypeError:\n                    pass\n        if exception_class == UnexpectedAlertPresentException:\n            alert_text = None\n            if \"data\" in value:\n                alert_text = value[\"data\"].get(\"text\")\n            elif \"alert\" in value:\n                alert_text = value[\"alert\"].get(\"text\")\n            raise exception_class(message, screen, stacktrace, alert_text)  # type: ignore[call-arg]  # mypy is not smart enough here\n>       raise exception_class(message, screen, stacktrace)\nE       selenium.common.exceptions.NoSuchElementException: Message: no such element: Unable to locate element: {\"method\":\"css selector\",\"selector\":\"div.menu_thirdLevel__0Wd4s > div:nth-child(3) > a[href=\"/en-au/./about-us/payments-and-withdrawals\"]\"}\nE         (Session info: chrome=131.0.6778.85); For documentation on this error, please visit: https://www.selenium.dev/documentation/webdriver/troubleshooting/errors#no-such-element-exception\nE       Stacktrace:\nE       #0 0x55dc6cc7c34a <unknown>\nE       #1 0x55dc6c7926e0 <unknown>\nE       #2 0x55dc6c7e13e6 <unknown>\nE       #3 0x55dc6c7e1681 <unknown>\nE       #4 0x55dc6c826b04 <unknown>\nE       #5 0x55dc6c80548d <unknown>\nE       #6 0x55dc6c823ed7 <unknown>\nE       #7 0x55dc6c805203 <unknown>\nE       #8 0x55dc6c7d3cc0 <unknown>\nE       #9 0x55dc6c7d4c9e <unknown>\nE       #10 0x55dc6cc49d3b <unknown>\nE       #11 0x55dc6cc4dcc2 <unknown>\nE       #12 0x55dc6cc36b6c <unknown>\nE       #13 0x55dc6cc4e837 <unknown>\nE       #14 0x55dc6cc1c10f <unknown>\nE       #15 0x55dc6cc6b5a8 <unknown>\nE       #16 0x55dc6cc6b770 <unknown>\nE       #17 0x55dc6cc7b1c6 <unknown>\nE       #18 0x7f3504c94ac3 <unknown>\n\n../../../.cache/pypoetry/virtualenvs/testcapitalcompyse-CcJ6hTD8-py3.12/lib/python3.12/site-packages/selenium/webdriver/remote/errorhandler.py:229: NoSuchElementException\n\nDuring handling of the above exception, another exception occurred:\n\nself = <US_55-tassobaccato_ReTestsManual_test.TestManualDetectedBugs object at 0x7f03efe31af0>\nworker_id = 'master'\nd = <selenium.webdriver.chrome.webdriver.WebDriver (session=\"27826bbdbfa1c37f79ea6abc6865c5e8\")>\ncur_language = '', cur_country = 'au', cur_role = 'NoAuth'\ncur_login = 'test001.miketar+1@gmail.com', cur_password = 'Qwer1234-!@#$'\n\n    @allure.step('Start retest manual AT_55!420 Menu item [Payments and withdrawals] in the footer')\n    @pytest.mark.parametrize('cur_language', [''])\n    @pytest.mark.parametrize('cur_country', ['ae', 'au'])\n    @pytest.mark.parametrize('cur_role', [\"NoReg\", \"Auth\", \"NoAuth\"])\n    @pytest.mark.bug_420\n    def test_420(self, worker_id, d, cur_language, cur_country, cur_role, cur_login, cur_password):\n        \"\"\"\n        Check: Main page > Menu items of the menu section [Pricing] in the \"Footer\"\n        Language: EN\n        License: SCA, ASIC\n        Author: Kasila\n        \"\"\"\n    \n        bid = build_dynamic_arg_for_us_55(\n            d, worker_id, cur_language, cur_country, cur_role,\n            \"55\", \"ReTests of Manual Detected Bugs\",\n            \"420\", 'Menu item [Payments and withdrawals] is missed in the footer when selected EN language'\n        )\n    \n        link = apply_preconditions_to_link(d, cur_language, cur_country, cur_role, cur_login, cur_password)\n    \n        test_element = MenuItemPayments(d, bid)\n        test_element.arrange(link)\n>       test_element.assert_menu_items()\n\ntests/US_55_ReTestsManual/tassobaccato/US_55-tassobaccato_ReTestsManual_test.py:629: \n_ _ _ _ _ _ _ _ _ _ _ _ _ _ _ _ _ _ _ _ _ _ _ _ _ _ _ _ _ _ _ _ _ _ _ _ _ _ _ _ \npages/BugsManual/bug_420.py:46: in assert_menu_items\n    Common.pytest_fail(\"# Bug 55!420\"\n_ _ _ _ _ _ _ _ _ _ _ _ _ _ _ _ _ _ _ _ _ _ _ _ _ _ _ _ _ _ _ _ _ _ _ _ _ _ _ _ \n\nmsg = '# Bug 55!420\\nExpected result: Menu item [Payments and withdrawals] is in the footer\\nActual result: Menu item [Payments and withdrawals] is missed in the footer'\n\n    @staticmethod\n    def pytest_fail(msg):\n    \tCommon.flag_of_bug = True\n>   \tpytest.fail(msg)\nE    Failed: # Bug 55!420\nE    Expected result: Menu item [Payments and withdrawals] is in the footer\nE    Actual result: Menu item [Payments and withdrawals] is missed in the footer\n\npages/common.py:235: Failed","steps":[{"name":"Start retest manual AT_55!420 Menu item [Payments and withdrawals] in the footer","time":{"start":1733472815855,"stop":1733472825860,"duration":10005},"status":"failed","statusMessage":"Failed: # Bug 55!420\nExpected result: Menu item [Payments and withdrawals] is in the footer\nActual result: Menu item [Payments and withdrawals] is missed in the footer\n","statusTrace":"  File \"/home/runner/.cache/pypoetry/virtualenvs/testcapitalcompyse-CcJ6hTD8-py3.12/lib/python3.12/site-packages/allure_commons/_allure.py\", line 192, in impl\n    return func(*a, **kw)\n           ^^^^^^^^^^^^^^\n  File \"/home/runner/work/TestCapitalComPySe/TestCapitalComPySe/tests/US_55_ReTestsManual/tassobaccato/US_55-tassobaccato_ReTestsManual_test.py\", line 629, in test_420\n    test_element.assert_menu_items()\n  File \"/home/runner/.cache/pypoetry/virtualenvs/testcapitalcompyse-CcJ6hTD8-py3.12/lib/python3.12/site-packages/allure_commons/_allure.py\", line 192, in impl\n    return func(*a, **kw)\n           ^^^^^^^^^^^^^^\n  File \"/home/runner/work/TestCapitalComPySe/TestCapitalComPySe/pages/BugsManual/bug_420.py\", line 46, in assert_menu_items\n    Common.pytest_fail(\"# Bug 55!420\"\n  File \"/home/runner/work/TestCapitalComPySe/TestCapitalComPySe/pages/common.py\", line 235, in pytest_fail\n    pytest.fail(msg)\n  File \"/home/runner/.cache/pypoetry/virtualenvs/testcapitalcompyse-CcJ6hTD8-py3.12/lib/python3.12/site-packages/_pytest/outcomes.py\", line 178, in fail\n    raise Failed(msg=reason, pytrace=pytrace)\n","steps":[{"name":"Build dynamic argument for TCs of US_55","time":{"start":1733472815855,"stop":1733472815857,"duration":2},"status":"passed","steps":[],"attachments":[],"parameters":[{"name":"d","value":"<selenium.webdriver.chrome.webdriver.WebDriver (session=\"27826bbdbfa1c37f79ea6abc6865c5e8\")>"},{"name":"worker_id","value":"'master'"},{"name":"cur_language","value":"''"},{"name":"cur_country","value":"'au'"},{"name":"cur_role","value":"'NoAuth'"},{"name":"us","value":"'55'"},{"name":"desc_us","value":"'ReTests of Manual Detected Bugs'"},{"name":"num_tc","value":"'420'"},{"name":"desc_tc","value":"'Menu item [Payments and withdrawals] is missed in the footer when selected EN language'"},{"name":"manual","value":"False"},{"name":"new_layout","value":"False"}],"shouldDisplayMessage":false,"stepsCount":0,"attachmentsCount":0,"hasContent":true,"attachmentStep":false},{"name":"   Set New preconditions","time":{"start":1733472815857,"stop":1733472820791,"duration":4934},"status":"passed","steps":[{"name":"2024-12-06 07:42:09.277293   Set language and country","time":{"start":1733472818286,"stop":1733472820786,"duration":2500},"status":"passed","steps":[],"attachments":[],"parameters":[{"name":"d","value":"<selenium.webdriver.chrome.webdriver.WebDriver (session=\"27826bbdbfa1c37f79ea6abc6865c5e8\")>"},{"name":"cur_language","value":"'en'"},{"name":"cur_country","value":"'au'"}],"shouldDisplayMessage":false,"stepsCount":0,"attachmentsCount":0,"hasContent":true,"attachmentStep":false}],"attachments":[],"parameters":[{"name":"d","value":"<selenium.webdriver.chrome.webdriver.WebDriver (session=\"27826bbdbfa1c37f79ea6abc6865c5e8\")>"},{"name":"host","value":"'https://capital.com/en-gb'"},{"name":"end_point","value":"''"},{"name":"cur_language","value":"''"},{"name":"cur_country","value":"'au'"},{"name":"cur_role","value":"'NoAuth'"},{"name":"cur_login","value":"'test001.miketar+1@gmail.com'"},{"name":"cur_password","value":"'Qwer1234-!@#$'"}],"shouldDisplayMessage":false,"stepsCount":1,"attachmentsCount":0,"hasContent":true,"attachmentStep":false},{"name":"2024-12-06 07:42:09.107638   Start testing Menu item [Payments and withdrawals] in the footer","time":{"start":1733472820791,"stop":1733472820814,"duration":23},"status":"passed","steps":[],"attachments":[],"parameters":[{"name":"link","value":"'https://capital.com/en-au'"}],"shouldDisplayMessage":false,"stepsCount":0,"attachmentsCount":0,"hasContent":true,"attachmentStep":false},{"name":"2024-12-06 07:42:09.107663   Assert","time":{"start":1733472820814,"stop":1733472825859,"duration":5045},"status":"failed","statusMessage":"Failed: # Bug 55!420\nExpected result: Menu item [Payments and withdrawals] is in the footer\nActual result: Menu item [Payments and withdrawals] is missed in the footer\n","statusTrace":"  File \"/home/runner/.cache/pypoetry/virtualenvs/testcapitalcompyse-CcJ6hTD8-py3.12/lib/python3.12/site-packages/allure_commons/_allure.py\", line 192, in impl\n    return func(*a, **kw)\n           ^^^^^^^^^^^^^^\n  File \"/home/runner/work/TestCapitalComPySe/TestCapitalComPySe/pages/BugsManual/bug_420.py\", line 46, in assert_menu_items\n    Common.pytest_fail(\"# Bug 55!420\"\n  File \"/home/runner/work/TestCapitalComPySe/TestCapitalComPySe/pages/common.py\", line 235, in pytest_fail\n    pytest.fail(msg)\n  File \"/home/runner/.cache/pypoetry/virtualenvs/testcapitalcompyse-CcJ6hTD8-py3.12/lib/python3.12/site-packages/_pytest/outcomes.py\", line 178, in fail\n    raise Failed(msg=reason, pytrace=pytrace)\n","steps":[],"attachments":[],"parameters":[],"shouldDisplayMessage":true,"stepsCount":0,"attachmentsCount":0,"hasContent":true,"attachmentStep":false}],"attachments":[],"parameters":[{"name":"worker_id","value":"'master'"},{"name":"d","value":"<selenium.webdriver.chrome.webdriver.WebDriver (session=\"27826bbdbfa1c37f79ea6abc6865c5e8\")>"},{"name":"cur_language","value":"''"},{"name":"cur_country","value":"'au'"},{"name":"cur_role","value":"'NoAuth'"},{"name":"cur_login","value":"'test001.miketar+1@gmail.com'"},{"name":"cur_password","value":"'Qwer1234-!@#$'"}],"shouldDisplayMessage":false,"stepsCount":5,"attachmentsCount":0,"hasContent":true,"attachmentStep":false}],"attachments":[{"uid":"960161ff5a8d1612","name":"Screenshot","source":"960161ff5a8d1612.png","type":"image/png","size":171505},{"uid":"f569b68324b81d89","name":"stdout","source":"f569b68324b81d89.txt","type":"text/plain","size":2467}],"parameters":[],"shouldDisplayMessage":true,"stepsCount":6,"attachmentsCount":2,"hasContent":true,"attachmentStep":false},"afterStages":[{"name":"d::0","time":{"start":1733473422187,"stop":1733473422489,"duration":302},"status":"passed","steps":[],"attachments":[],"parameters":[],"shouldDisplayMessage":false,"stepsCount":0,"attachmentsCount":0,"hasContent":false,"attachmentStep":false}],"labels":[{"name":"epic","value":"TC_55!420 | Menu item [Payments and withdrawals] is missed in the footer when selected EN language"},{"name":"feature","value":"Role: NoAuth"},{"name":"story","value":"Country: au"},{"name":"tag","value":"bug_420"},{"name":"tag","value":"us_55"},{"name":"parentSuite","value":"tests.US_55_ReTestsManual.tassobaccato"},{"name":"suite","value":"US_55-tassobaccato_ReTestsManual_test"},{"name":"subSuite","value":"TestManualDetectedBugs"},{"name":"host","value":"fv-az1215-682"},{"name":"thread","value":"30704-MainThread"},{"name":"framework","value":"pytest"},{"name":"language","value":"cpython3"},{"name":"package","value":"tests.US_55_ReTestsManual.tassobaccato.US_55-tassobaccato_ReTestsManual_test"},{"name":"resultFormat","value":"allure2"}],"parameters":[{"name":"cur_country","value":"'au'"},{"name":"cur_language","value":"''"},{"name":"cur_login","value":"'test001.miketar+1@gmail.com'"},{"name":"cur_password","value":"'Qwer1234-!@#$'"},{"name":"cur_role","value":"'NoAuth'"},{"name":"d","value":"'Chrome'"}],"links":[],"hidden":false,"retry":false,"extra":{"severity":"normal","retries":[],"categories":[{"name":"Product defects","matchedStatuses":[],"flaky":false}],"history":{"statistic":{"failed":20,"broken":8,"skipped":0,"passed":0,"unknown":0,"total":28},"items":[{"uid":"77bb1aa79c5f89d9","reportUrl":"https://AlexTomAQA.github.io/TestCapitalComPySe/244//#testresult/77bb1aa79c5f89d9","status":"failed","statusDetails":"Failed: # Bug 55!420\nExpected result: Menu item [Payments and withdrawals] is in the footer\nActual result: Menu item [Payments and withdrawals] is missed in the footer","time":{"start":1733262976237,"stop":1733262986087,"duration":9850}},{"uid":"14ee3536fafa9d2","reportUrl":"https://AlexTomAQA.github.io/TestCapitalComPySe/243//#testresult/14ee3536fafa9d2","status":"broken","statusDetails":"selenium.common.exceptions.NoSuchElementException: Message: no such element: Unable to locate element: {\"method\":\"css selector\",\"selector\":\"terms-and-conditions-popup em.iconex-close-small.ng-star-inserted\"}\n  (Session info: chrome=131.0.6778.85); For documentation on this error, please visit: https://www.selenium.dev/documentation/webdriver/troubleshooting/errors#no-such-element-exception\nStacktrace:\n#0 0x5600bd29d31a <unknown>\n#1 0x5600bcdb36e0 <unknown>\n#2 0x5600bce023e6 <unknown>\n#3 0x5600bce02681 <unknown>\n#4 0x5600bce47b04 <unknown>\n#5 0x5600bce2648d <unknown>\n#6 0x5600bce44ed7 <unknown>\n#7 0x5600bce26203 <unknown>\n#8 0x5600bcdf4cc0 <unknown>\n#9 0x5600bcdf5c9e <unknown>\n#10 0x5600bd26ad0b <unknown>\n#11 0x5600bd26ec92 <unknown>\n#12 0x5600bd257b3c <unknown>\n#13 0x5600bd26f807 <unknown>\n#14 0x5600bd23d0df <unknown>\n#15 0x5600bd28c578 <unknown>\n#16 0x5600bd28c740 <unknown>\n#17 0x5600bd29c196 <unknown>\n#18 0x7fd4fb694ac3 <unknown>","time":{"start":1733187481897,"stop":1733187497781,"duration":15884}},{"uid":"30aec11d78aa16bb","reportUrl":"https://AlexTomAQA.github.io/TestCapitalComPySe/242//#testresult/30aec11d78aa16bb","status":"broken","statusDetails":"selenium.common.exceptions.NoSuchElementException: Message: no such element: Unable to locate element: {\"method\":\"css selector\",\"selector\":\"terms-and-conditions-popup em.iconex-close-small.ng-star-inserted\"}\n  (Session info: chrome=131.0.6778.85); For documentation on this error, please visit: https://www.selenium.dev/documentation/webdriver/troubleshooting/errors#no-such-element-exception\nStacktrace:\n#0 0x55bc0a36131a <unknown>\n#1 0x55bc09e776e0 <unknown>\n#2 0x55bc09ec63e6 <unknown>\n#3 0x55bc09ec6681 <unknown>\n#4 0x55bc09f0bb04 <unknown>\n#5 0x55bc09eea48d <unknown>\n#6 0x55bc09f08ed7 <unknown>\n#7 0x55bc09eea203 <unknown>\n#8 0x55bc09eb8cc0 <unknown>\n#9 0x55bc09eb9c9e <unknown>\n#10 0x55bc0a32ed0b <unknown>\n#11 0x55bc0a332c92 <unknown>\n#12 0x55bc0a31bb3c <unknown>\n#13 0x55bc0a333807 <unknown>\n#14 0x55bc0a3010df <unknown>\n#15 0x55bc0a350578 <unknown>\n#16 0x55bc0a350740 <unknown>\n#17 0x55bc0a360196 <unknown>\n#18 0x7f61b2494ac3 <unknown>","time":{"start":1733102339298,"stop":1733102354727,"duration":15429}},{"uid":"da5a2804cbdbb2c6","reportUrl":"https://AlexTomAQA.github.io/TestCapitalComPySe/241//#testresult/da5a2804cbdbb2c6","status":"broken","statusDetails":"selenium.common.exceptions.NoSuchElementException: Message: no such element: Unable to locate element: {\"method\":\"css selector\",\"selector\":\"terms-and-conditions-popup em.iconex-close-small.ng-star-inserted\"}\n  (Session info: chrome=131.0.6778.85); For documentation on this error, please visit: https://www.selenium.dev/documentation/webdriver/troubleshooting/errors#no-such-element-exception\nStacktrace:\n#0 0x558c2f56d31a <unknown>\n#1 0x558c2f0836e0 <unknown>\n#2 0x558c2f0d23e6 <unknown>\n#3 0x558c2f0d2681 <unknown>\n#4 0x558c2f117b04 <unknown>\n#5 0x558c2f0f648d <unknown>\n#6 0x558c2f114ed7 <unknown>\n#7 0x558c2f0f6203 <unknown>\n#8 0x558c2f0c4cc0 <unknown>\n#9 0x558c2f0c5c9e <unknown>\n#10 0x558c2f53ad0b <unknown>\n#11 0x558c2f53ec92 <unknown>\n#12 0x558c2f527b3c <unknown>\n#13 0x558c2f53f807 <unknown>\n#14 0x558c2f50d0df <unknown>\n#15 0x558c2f55c578 <unknown>\n#16 0x558c2f55c740 <unknown>\n#17 0x558c2f56c196 <unknown>\n#18 0x7fcde5694ac3 <unknown>","time":{"start":1733014806416,"stop":1733014821759,"duration":15343}},{"uid":"9a46c71c9e22d36c","reportUrl":"https://AlexTomAQA.github.io/TestCapitalComPySe/240//#testresult/9a46c71c9e22d36c","status":"broken","statusDetails":"selenium.common.exceptions.NoSuchElementException: Message: no such element: Unable to locate element: {\"method\":\"css selector\",\"selector\":\"terms-and-conditions-popup em.iconex-close-small.ng-star-inserted\"}\n  (Session info: chrome=131.0.6778.85); For documentation on this error, please visit: https://www.selenium.dev/documentation/webdriver/troubleshooting/errors#no-such-element-exception\nStacktrace:\n#0 0x564cf8f5631a <unknown>\n#1 0x564cf8a6c6e0 <unknown>\n#2 0x564cf8abb3e6 <unknown>\n#3 0x564cf8abb681 <unknown>\n#4 0x564cf8b00b04 <unknown>\n#5 0x564cf8adf48d <unknown>\n#6 0x564cf8afded7 <unknown>\n#7 0x564cf8adf203 <unknown>\n#8 0x564cf8aadcc0 <unknown>\n#9 0x564cf8aaec9e <unknown>\n#10 0x564cf8f23d0b <unknown>\n#11 0x564cf8f27c92 <unknown>\n#12 0x564cf8f10b3c <unknown>\n#13 0x564cf8f28807 <unknown>\n#14 0x564cf8ef60df <unknown>\n#15 0x564cf8f45578 <unknown>\n#16 0x564cf8f45740 <unknown>\n#17 0x564cf8f55196 <unknown>\n#18 0x7fb892894ac3 <unknown>","time":{"start":1732927918731,"stop":1732927933551,"duration":14820}},{"uid":"6bb67f4db9ba5eca","reportUrl":"https://AlexTomAQA.github.io/TestCapitalComPySe/239//#testresult/6bb67f4db9ba5eca","status":"broken","statusDetails":"selenium.common.exceptions.NoSuchElementException: Message: no such element: Unable to locate element: {\"method\":\"css selector\",\"selector\":\"terms-and-conditions-popup em.iconex-close-small.ng-star-inserted\"}\n  (Session info: chrome=131.0.6778.85); For documentation on this error, please visit: https://www.selenium.dev/documentation/webdriver/troubleshooting/errors#no-such-element-exception\nStacktrace:\n#0 0x55bcdb93131a <unknown>\n#1 0x55bcdb4476e0 <unknown>\n#2 0x55bcdb4963e6 <unknown>\n#3 0x55bcdb496681 <unknown>\n#4 0x55bcdb4dbb04 <unknown>\n#5 0x55bcdb4ba48d <unknown>\n#6 0x55bcdb4d8ed7 <unknown>\n#7 0x55bcdb4ba203 <unknown>\n#8 0x55bcdb488cc0 <unknown>\n#9 0x55bcdb489c9e <unknown>\n#10 0x55bcdb8fed0b <unknown>\n#11 0x55bcdb902c92 <unknown>\n#12 0x55bcdb8ebb3c <unknown>\n#13 0x55bcdb903807 <unknown>\n#14 0x55bcdb8d10df <unknown>\n#15 0x55bcdb920578 <unknown>\n#16 0x55bcdb920740 <unknown>\n#17 0x55bcdb930196 <unknown>\n#18 0x7fa520e94ac3 <unknown>","time":{"start":1732843071916,"stop":1732843087496,"duration":15580}},{"uid":"43951040585ea172","reportUrl":"https://AlexTomAQA.github.io/TestCapitalComPySe/238//#testresult/43951040585ea172","status":"broken","statusDetails":"selenium.common.exceptions.NoSuchElementException: Message: no such element: Unable to locate element: {\"method\":\"css selector\",\"selector\":\"terms-and-conditions-popup em.iconex-close-small.ng-star-inserted\"}\n  (Session info: chrome=131.0.6778.85); For documentation on this error, please visit: https://www.selenium.dev/documentation/webdriver/troubleshooting/errors#no-such-element-exception\nStacktrace:\n#0 0x55eb8ce0e31a <unknown>\n#1 0x55eb8c9246e0 <unknown>\n#2 0x55eb8c9733e6 <unknown>\n#3 0x55eb8c973681 <unknown>\n#4 0x55eb8c9b8b04 <unknown>\n#5 0x55eb8c99748d <unknown>\n#6 0x55eb8c9b5ed7 <unknown>\n#7 0x55eb8c997203 <unknown>\n#8 0x55eb8c965cc0 <unknown>\n#9 0x55eb8c966c9e <unknown>\n#10 0x55eb8cddbd0b <unknown>\n#11 0x55eb8cddfc92 <unknown>\n#12 0x55eb8cdc8b3c <unknown>\n#13 0x55eb8cde0807 <unknown>\n#14 0x55eb8cdae0df <unknown>\n#15 0x55eb8cdfd578 <unknown>\n#16 0x55eb8cdfd740 <unknown>\n#17 0x55eb8ce0d196 <unknown>\n#18 0x7fa6b5c94ac3 <unknown>","time":{"start":1732756724674,"stop":1732756739859,"duration":15185}},{"uid":"e1185ad150fdce8","reportUrl":"https://AlexTomAQA.github.io/TestCapitalComPySe/237//#testresult/e1185ad150fdce8","status":"failed","statusDetails":"Failed: # Bug 55!420\nExpected result: Menu item [Payments and withdrawals] is in the footer\nActual result: Menu item [Payments and withdrawals] is missed in the footer","time":{"start":1732669114903,"stop":1732669124700,"duration":9797}},{"uid":"99a1c91d529562fa","reportUrl":"https://AlexTomAQA.github.io/TestCapitalComPySe/236//#testresult/99a1c91d529562fa","status":"failed","statusDetails":"Failed: # Bug 55!420\nExpected result: Menu item [Payments and withdrawals] is in the footer\nActual result: Menu item [Payments and withdrawals] is missed in the footer","time":{"start":1732582792561,"stop":1732582802373,"duration":9812}},{"uid":"8c1d56420a8e9280","reportUrl":"https://AlexTomAQA.github.io/TestCapitalComPySe/235//#testresult/8c1d56420a8e9280","status":"failed","statusDetails":"Failed: # Bug 55!420\nExpected result: Menu item [Payments and withdrawals] is in the footer\nActual result: Menu item [Payments and withdrawals] is missed in the footer","time":{"start":1732496799442,"stop":1732496809482,"duration":10040}},{"uid":"4f0beccde4db2796","reportUrl":"https://AlexTomAQA.github.io/TestCapitalComPySe/234//#testresult/4f0beccde4db2796","status":"broken","statusDetails":"selenium.common.exceptions.ElementClickInterceptedException: Message: element click intercepted: Element <iconex _ngcontent-ng-c3701643753=\"\" name=\"iconex-arrow-down-mini\" class=\"icon-square\" _nghost-ng-c3863089522=\"\">...</iconex> is not clickable at point (1904, 24). Other element would receive the click: <div class=\"cdk-overlay-backdrop modal-overlay2 cdk-overlay-backdrop-showing\"></div>\n  (Session info: chrome=131.0.6778.69)\nStacktrace:\n#0 0x562667ccd31a <unknown>\n#1 0x5626677e36e0 <unknown>\n#2 0x5626678390f6 <unknown>\n#3 0x56266783705d <unknown>\n#4 0x562667834775 <unknown>\n#5 0x56266783392f <unknown>\n#6 0x5626678270d5 <unknown>\n#7 0x562667856462 <unknown>\n#8 0x562667826a18 <unknown>\n#9 0x56266785662e <unknown>\n#10 0x562667874ed7 <unknown>\n#11 0x562667856203 <unknown>\n#12 0x562667824cc0 <unknown>\n#13 0x562667825c9e <unknown>\n#14 0x562667c9ad0b <unknown>\n#15 0x562667c9ec92 <unknown>\n#16 0x562667c87b3c <unknown>\n#17 0x562667c9f807 <unknown>\n#18 0x562667c6d0df <unknown>\n#19 0x562667cbc578 <unknown>\n#20 0x562667cbc740 <unknown>\n#21 0x562667ccc196 <unknown>\n#22 0x7f3248e94ac3 <unknown>","time":{"start":1732408785966,"stop":1732408797232,"duration":11266}},{"uid":"35611b094b8db4b3","reportUrl":"https://AlexTomAQA.github.io/TestCapitalComPySe/233//#testresult/35611b094b8db4b3","status":"broken","statusDetails":"selenium.common.exceptions.ElementClickInterceptedException: Message: element click intercepted: Element <iconex _ngcontent-ng-c3701643753=\"\" name=\"iconex-arrow-down-mini\" class=\"icon-square\" _nghost-ng-c3863089522=\"\">...</iconex> is not clickable at point (1904, 24). Other element would receive the click: <div class=\"cdk-overlay-backdrop modal-overlay2 cdk-overlay-backdrop-showing\"></div>\n  (Session info: chrome=131.0.6778.69)\nStacktrace:\n#0 0x56193d61331a <unknown>\n#1 0x56193d1296e0 <unknown>\n#2 0x56193d17f0f6 <unknown>\n#3 0x56193d17d05d <unknown>\n#4 0x56193d17a775 <unknown>\n#5 0x56193d17992f <unknown>\n#6 0x56193d16d0d5 <unknown>\n#7 0x56193d19c462 <unknown>\n#8 0x56193d16ca18 <unknown>\n#9 0x56193d19c62e <unknown>\n#10 0x56193d1baed7 <unknown>\n#11 0x56193d19c203 <unknown>\n#12 0x56193d16acc0 <unknown>\n#13 0x56193d16bc9e <unknown>\n#14 0x56193d5e0d0b <unknown>\n#15 0x56193d5e4c92 <unknown>\n#16 0x56193d5cdb3c <unknown>\n#17 0x56193d5e5807 <unknown>\n#18 0x56193d5b30df <unknown>\n#19 0x56193d602578 <unknown>\n#20 0x56193d602740 <unknown>\n#21 0x56193d612196 <unknown>\n#22 0x7f9e7ce94ac3 <unknown>","time":{"start":1732327417022,"stop":1732327427843,"duration":10821}},{"uid":"99acade858870824","reportUrl":"https://AlexTomAQA.github.io/TestCapitalComPySe/232//#testresult/99acade858870824","status":"failed","statusDetails":"Failed: # Bug 55!420\nExpected result: Menu item [Payments and withdrawals] is in the footer\nActual result: Menu item [Payments and withdrawals] is missed in the footer","time":{"start":1732253944582,"stop":1732253954854,"duration":10272}},{"uid":"c1ef4aa2c6660d40","reportUrl":"https://AlexTomAQA.github.io/TestCapitalComPySe/231//#testresult/c1ef4aa2c6660d40","status":"failed","statusDetails":"Failed: # Bug 55!420\nExpected result: Menu item [Payments and withdrawals] is in the footer\nActual result: Menu item [Payments and withdrawals] is missed in the footer","time":{"start":1732237972264,"stop":1732237983251,"duration":10987}},{"uid":"f927a5115c63f2ea","reportUrl":"https://AlexTomAQA.github.io/TestCapitalComPySe/230//#testresult/f927a5115c63f2ea","status":"failed","statusDetails":"Failed: # Bug 55!420\nExpected result: Menu item [Payments and withdrawals] is in the footer\nActual result: Menu item [Payments and withdrawals] is missed in the footer","time":{"start":1732151573444,"stop":1732151583531,"duration":10087}},{"uid":"c17d9650ce5aa129","reportUrl":"https://AlexTomAQA.github.io/TestCapitalComPySe/229//#testresult/c17d9650ce5aa129","status":"failed","statusDetails":"Failed: # Bug 55!420\nExpected result: Menu item [Payments and withdrawals] is in the footer\nActual result: Menu item [Payments and withdrawals] is missed in the footer","time":{"start":1732064764985,"stop":1732064774708,"duration":9723}},{"uid":"351f2a8162050dfd","reportUrl":"https://AlexTomAQA.github.io/TestCapitalComPySe/224//#testresult/351f2a8162050dfd","status":"failed","statusDetails":"Failed: # Bug 55!420\nExpected result: Menu item [Payments and withdrawals] is in the footer\nActual result: Menu item [Payments and withdrawals] is missed in the footer","time":{"start":1731718873104,"stop":1731718883304,"duration":10200}},{"uid":"f4ff8bd913811a91","reportUrl":"https://AlexTomAQA.github.io/TestCapitalComPySe/223//#testresult/f4ff8bd913811a91","status":"failed","statusDetails":"Failed: # Bug 55!420\nExpected result: Menu item [Payments and withdrawals] is in the footer\nActual result: Menu item [Payments and withdrawals] is missed in the footer","time":{"start":1731653279676,"stop":1731653290155,"duration":10479}},{"uid":"4c2949a732f057","reportUrl":"https://AlexTomAQA.github.io/TestCapitalComPySe/222//#testresult/4c2949a732f057","status":"failed","statusDetails":"Failed: # Bug 55!420\nExpected result: Menu item [Payments and withdrawals] is in the footer\nActual result: Menu item [Payments and withdrawals] is missed in the footer","time":{"start":1731631576173,"stop":1731631586144,"duration":9971}},{"uid":"82a446ad86d273db","reportUrl":"https://AlexTomAQA.github.io/TestCapitalComPySe/221//#testresult/82a446ad86d273db","status":"failed","statusDetails":"Failed: # Bug 55!420\nExpected result: Menu item [Payments and withdrawals] is in the footer\nActual result: Menu item [Payments and withdrawals] is missed in the footer","time":{"start":1731545634910,"stop":1731545644950,"duration":10040}}]},"tags":["bug_420","us_55"]},"source":"a89aa0f9ac2f0fa7.json","parameterValues":["'au'","''","'test001.miketar+1@gmail.com'","'Qwer1234-!@#$'","'NoAuth'","'Chrome'"]}