2024-02-01 11:57:00 ERROR Elements not present after 0.5 seconds on page: https://capital.com/es/trade-etfs
2024-02-01 11:57:00 ERROR 
Traceback (most recent call last):
  File "/home/runner/work/TestCapitalComPySe/TestCapitalComPySe/pages/base_page.py", line 82, in inner_function
    return func(*args, **kwargs)
           ^^^^^^^^^^^^^^^^^^^^^
  File "/home/runner/work/TestCapitalComPySe/TestCapitalComPySe/pages/base_page.py", line 297, in element_is_visible
    return Wait(self.driver, timeout).until(
           ^^^^^^^^^^^^^^^^^^^^^^^^^^^^^^^^^
  File "/home/runner/.cache/pypoetry/virtualenvs/testcapitalcompyse-CcJ6hTD8-py3.11/lib/python3.11/site-packages/selenium/webdriver/support/wait.py", line 105, in until
    raise TimeoutException(message, screen, stacktrace)
selenium.common.exceptions.TimeoutException: Message: 
Stacktrace:
#0 0x557332ebfd93 <unknown>
#1 0x557332ba3337 <unknown>
#2 0x557332beed60 <unknown>
#3 0x557332beee51 <unknown>
#4 0x557332c32bc4 <unknown>
#5 0x557332c1146d <unknown>
#6 0x557332c3012d <unknown>
#7 0x557332c111e3 <unknown>
#8 0x557332be1135 <unknown>
#9 0x557332be213e <unknown>
#10 0x557332e83e4b <unknown>
#11 0x557332e87dfa <unknown>
#12 0x557332e706d5 <unknown>
#13 0x557332e88a6f <unknown>
#14 0x557332e5469f <unknown>
#15 0x557332ead098 <unknown>
#16 0x557332ead262 <unknown>
#17 0x557332ebef34 <unknown>
#18 0x7f530ea94ac3 <unknown>

2024-02-01 11:57:03 ERROR Elements not present after 0.5 seconds on page: https://capital.com/es/trade-etfs
2024-02-01 11:57:03 ERROR 
Traceback (most recent call last):
  File "/home/runner/work/TestCapitalComPySe/TestCapitalComPySe/pages/base_page.py", line 82, in inner_function
    return func(*args, **kwargs)
           ^^^^^^^^^^^^^^^^^^^^^
  File "/home/runner/work/TestCapitalComPySe/TestCapitalComPySe/pages/base_page.py", line 297, in element_is_visible
    return Wait(self.driver, timeout).until(
           ^^^^^^^^^^^^^^^^^^^^^^^^^^^^^^^^^
  File "/home/runner/.cache/pypoetry/virtualenvs/testcapitalcompyse-CcJ6hTD8-py3.11/lib/python3.11/site-packages/selenium/webdriver/support/wait.py", line 105, in until
    raise TimeoutException(message, screen, stacktrace)
selenium.common.exceptions.TimeoutException: Message: 
Stacktrace:
#0 0x557332ebfd93 <unknown>
#1 0x557332ba3337 <unknown>
#2 0x557332beed60 <unknown>
#3 0x557332beee51 <unknown>
#4 0x557332c32bc4 <unknown>
#5 0x557332c1146d <unknown>
#6 0x557332c3012d <unknown>
#7 0x557332c111e3 <unknown>
#8 0x557332be1135 <unknown>
#9 0x557332be213e <unknown>
#10 0x557332e83e4b <unknown>
#11 0x557332e87dfa <unknown>
#12 0x557332e706d5 <unknown>
#13 0x557332e88a6f <unknown>
#14 0x557332e5469f <unknown>
#15 0x557332ead098 <unknown>
#16 0x557332ead262 <unknown>
#17 0x557332ebef34 <unknown>
#18 0x7f530ea94ac3 <unknown>