2024-02-01 09:37:00 ERROR Elements not present after 0.5 seconds on page: https://capital.com/es/trade-stocks
2024-02-01 09:37:00 ERROR 
Traceback (most recent call last):
  File "/home/runner/work/TestCapitalComPySe/TestCapitalComPySe/pages/base_page.py", line 82, in inner_function
    return func(*args, **kwargs)
           ^^^^^^^^^^^^^^^^^^^^^
  File "/home/runner/work/TestCapitalComPySe/TestCapitalComPySe/pages/base_page.py", line 297, in element_is_visible
    return Wait(self.driver, timeout).until(
           ^^^^^^^^^^^^^^^^^^^^^^^^^^^^^^^^^
  File "/home/runner/.cache/pypoetry/virtualenvs/testcapitalcompyse-CcJ6hTD8-py3.11/lib/python3.11/site-packages/selenium/webdriver/support/wait.py", line 105, in until
    raise TimeoutException(message, screen, stacktrace)
selenium.common.exceptions.TimeoutException: Message: 
Stacktrace:
#0 0x56278a7e7d93 <unknown>
#1 0x56278a4cb337 <unknown>
#2 0x56278a516d60 <unknown>
#3 0x56278a516e51 <unknown>
#4 0x56278a55abc4 <unknown>
#5 0x56278a53946d <unknown>
#6 0x56278a55812d <unknown>
#7 0x56278a5391e3 <unknown>
#8 0x56278a509135 <unknown>
#9 0x56278a50a13e <unknown>
#10 0x56278a7abe4b <unknown>
#11 0x56278a7afdfa <unknown>
#12 0x56278a7986d5 <unknown>
#13 0x56278a7b0a6f <unknown>
#14 0x56278a77c69f <unknown>
#15 0x56278a7d5098 <unknown>
#16 0x56278a7d5262 <unknown>
#17 0x56278a7e6f34 <unknown>
#18 0x7fc2d7e94ac3 <unknown>

2024-02-01 09:37:03 ERROR Elements not present after 0.5 seconds on page: https://capital.com/es/trade-stocks
2024-02-01 09:37:03 ERROR 
Traceback (most recent call last):
  File "/home/runner/work/TestCapitalComPySe/TestCapitalComPySe/pages/base_page.py", line 82, in inner_function
    return func(*args, **kwargs)
           ^^^^^^^^^^^^^^^^^^^^^
  File "/home/runner/work/TestCapitalComPySe/TestCapitalComPySe/pages/base_page.py", line 297, in element_is_visible
    return Wait(self.driver, timeout).until(
           ^^^^^^^^^^^^^^^^^^^^^^^^^^^^^^^^^
  File "/home/runner/.cache/pypoetry/virtualenvs/testcapitalcompyse-CcJ6hTD8-py3.11/lib/python3.11/site-packages/selenium/webdriver/support/wait.py", line 105, in until
    raise TimeoutException(message, screen, stacktrace)
selenium.common.exceptions.TimeoutException: Message: 
Stacktrace:
#0 0x56278a7e7d93 <unknown>
#1 0x56278a4cb337 <unknown>
#2 0x56278a516d60 <unknown>
#3 0x56278a516e51 <unknown>
#4 0x56278a55abc4 <unknown>
#5 0x56278a53946d <unknown>
#6 0x56278a55812d <unknown>
#7 0x56278a5391e3 <unknown>
#8 0x56278a509135 <unknown>
#9 0x56278a50a13e <unknown>
#10 0x56278a7abe4b <unknown>
#11 0x56278a7afdfa <unknown>
#12 0x56278a7986d5 <unknown>
#13 0x56278a7b0a6f <unknown>
#14 0x56278a77c69f <unknown>
#15 0x56278a7d5098 <unknown>
#16 0x56278a7d5262 <unknown>
#17 0x56278a7e6f34 <unknown>
#18 0x7fc2d7e94ac3 <unknown>