2024-01-06 07:13:40 ERROR Unable to initialize WebDriver
2024-01-06 07:13:40 ERROR 
Traceback (most recent call last):
  File "/home/runner/work/TestCapitalComPySe/TestCapitalComPySe/pages/base_page.py", line 82, in inner_function
    return func(*args, **kwargs)
           ^^^^^^^^^^^^^^^^^^^^^
  File "/home/runner/work/TestCapitalComPySe/TestCapitalComPySe/pages/base_page.py", line 414, in element_is_visible
    return Wait(self.browser, timeout).until(
           ^^^^^^^^^^^^^^^^^^^^^^^^^^^^^^^^^^
  File "/home/runner/.cache/pypoetry/virtualenvs/testcapitalcom-CcJ6hTD8-py3.11/lib/python3.11/site-packages/selenium/webdriver/support/wait.py", line 105, in until
    raise TimeoutException(message, screen, stacktrace)
selenium.common.exceptions.TimeoutException: Message: 
Stacktrace:
#0 0x55ec812adf83 <unknown>
#1 0x55ec80f66cf7 <unknown>
#2 0x55ec80fb699e <unknown>
#3 0x55ec80fb6aa1 <unknown>
#4 0x55ec81001d64 <unknown>
#5 0x55ec80fe00dd <unknown>
#6 0x55ec80fff006 <unknown>
#7 0x55ec80fdfe53 <unknown>
#8 0x55ec80fa7dd4 <unknown>
#9 0x55ec80fa91de <unknown>
#10 0x55ec81272531 <unknown>
#11 0x55ec81276455 <unknown>
#12 0x55ec8125ef55 <unknown>
#13 0x55ec812770ef <unknown>
#14 0x55ec8124299f <unknown>
#15 0x55ec8129b008 <unknown>
#16 0x55ec8129b1d7 <unknown>
#17 0x55ec812ad124 <unknown>
#18 0x7fe6e1894ac3 <unknown>

2024-01-06 07:13:44 ERROR Unable to initialize WebDriver
2024-01-06 07:13:44 ERROR 
Traceback (most recent call last):
  File "/home/runner/work/TestCapitalComPySe/TestCapitalComPySe/pages/base_page.py", line 82, in inner_function
    return func(*args, **kwargs)
           ^^^^^^^^^^^^^^^^^^^^^
  File "/home/runner/work/TestCapitalComPySe/TestCapitalComPySe/pages/base_page.py", line 414, in element_is_visible
    return Wait(self.browser, timeout).until(
           ^^^^^^^^^^^^^^^^^^^^^^^^^^^^^^^^^^
  File "/home/runner/.cache/pypoetry/virtualenvs/testcapitalcom-CcJ6hTD8-py3.11/lib/python3.11/site-packages/selenium/webdriver/support/wait.py", line 105, in until
    raise TimeoutException(message, screen, stacktrace)
selenium.common.exceptions.TimeoutException: Message: 
Stacktrace:
#0 0x55ec812adf83 <unknown>
#1 0x55ec80f66cf7 <unknown>
#2 0x55ec80fb699e <unknown>
#3 0x55ec80fb6aa1 <unknown>
#4 0x55ec81001d64 <unknown>
#5 0x55ec80fe00dd <unknown>
#6 0x55ec80fff006 <unknown>
#7 0x55ec80fdfe53 <unknown>
#8 0x55ec80fa7dd4 <unknown>
#9 0x55ec80fa91de <unknown>
#10 0x55ec81272531 <unknown>
#11 0x55ec81276455 <unknown>
#12 0x55ec8125ef55 <unknown>
#13 0x55ec812770ef <unknown>
#14 0x55ec8124299f <unknown>
#15 0x55ec8129b008 <unknown>
#16 0x55ec8129b1d7 <unknown>
#17 0x55ec812ad124 <unknown>
#18 0x7fe6e1894ac3 <unknown>