{"uid":"10f57bb0c7aab963","name":"TC_00.00_013 | Start test of button [Try now] in 'Explore our platform' block. Bid:00.00_013-zh.de.NoAuth","fullName":"tests.US_00_Main_page.US_00-00_Main_page.us_00-00_main_page_test.TestMainPage#test_013_explore_our_platform_block_try_now_button","historyId":"80e2b95e7d465ddf90a973b774a8b7fe","time":{"start":1717036742690,"stop":1717036765305,"duration":22615},"description":"\n        Check: Button [Try now] in 'Explore our platform' block\n        Language: Not EN, NL. License: Not FCA.\n        ","descriptionHtml":"<pre><code>    Check: Button [Try now] in 'Explore our platform' block\n    Language: Not EN, NL. License: Not FCA.\n</code></pre>\n","status":"failed","statusMessage":"AssertionError: Bug # 05. Opened a 'Sign up' form instead of a 'Login'","statusTrace":"self = <us_00-00_main_page_test.TestMainPage object at 0x0000020BC035B6E0>\nworker_id = 'master'\nd = <selenium.webdriver.chrome.webdriver.WebDriver (session=\"4c27be0dd19dcc8446df348821369296\")>\ncur_language = 'zh', cur_country = 'de', cur_role = 'NoAuth'\ncur_login = 'test001.miketar+1@gmail.com', cur_password = 'Qwer1234-!@#$'\n\n    @allure.step(\"Start test of button [Try now] in 'Explore our platform' block\")\n    @pytest.mark.test_013\n    def test_013_explore_our_platform_block_try_now_button(\n            self, worker_id, d, cur_language, cur_country, cur_role, cur_login, cur_password):\n        \"\"\"\n        Check: Button [Try now] in 'Explore our platform' block\n        Language: Not EN, NL. License: Not FCA.\n        \"\"\"\n    \n        bid = build_dynamic_arg_v4(\n            d, worker_id, cur_language, cur_country, cur_role,\n            \"00\", \"Main Page\",\n            \".00_013\", \"Start test of button [Try now] in 'Explore our platform' block\",\n            False, False\n        )\n    \n        Common().check_language_in_list_and_skip_if_present(cur_language, ['', 'nl'])\n        Common().check_country_in_list_and_skip_if_not_present(cur_country, ['de', 'au', 'ae'])\n    \n        page_conditions = Conditions(d, \"\")\n        main_page_link = page_conditions.preconditions(\n            d, CapitalComPageSrc.URL, \"\", cur_language, cur_country, cur_role, cur_login, cur_password)\n    \n        test_element = ExploreOurPlatformBlockTryNowButton(d, main_page_link, bid)\n>       test_element.full_test_with_tpi(d, cur_language, cur_country, cur_role, main_page_link)\n\ntests\\US_00_Main_page\\US_00-00_Main_page\\us_00-00_main_page_test.py:609: \n_ _ _ _ _ _ _ _ _ _ _ _ _ _ _ _ _ _ _ _ _ _ _ _ _ _ _ _ _ _ _ _ _ _ _ _ _ _ _ _\npages\\Elements\\ExploreOurPlatformBlockTryNowButton.py:42: in full_test_with_tpi\n    test_element.assert_login(d, cur_language, cur_item_link)\npages\\Elements\\AssertClass.py:94: in assert_login\n    Common().assert_true_false(False,\n_ _ _ _ _ _ _ _ _ _ _ _ _ _ _ _ _ _ _ _ _ _ _ _ _ _ _ _ _ _ _ _ _ _ _ _ _ _ _ _\n\ncondition = False\nmsg = \"Bug # 05. Opened a 'Sign up' form instead of a 'Login'\"\n\n    @staticmethod\n    def assert_true_false(condition=False, msg=\"\"):\n    \tif condition:\n    \t\tCommon.flag_of_bug = False\n    \t\tassert True, msg\n    \telse:\n    \t\tCommon.flag_of_bug = True\n>   \t\tassert False, msg\nE     AssertionError: Bug # 05. Opened a 'Sign up' form instead of a 'Login'\n\npages\\common.py:213: AssertionError","flaky":false,"newFailed":false,"newBroken":false,"newPassed":false,"retriesCount":0,"retriesStatusChange":false,"beforeStages":[{"name":"d","time":{"start":1717036243042,"stop":1717036325926,"duration":82884},"status":"passed","steps":[],"attachments":[],"parameters":[],"shouldDisplayMessage":false,"stepsCount":0,"attachmentsCount":0,"hasContent":false,"attachmentStep":false},{"name":"cur_language","time":{"start":1717036325927,"stop":1717036325927,"duration":0},"status":"passed","steps":[],"attachments":[],"parameters":[],"shouldDisplayMessage":false,"stepsCount":0,"attachmentsCount":0,"hasContent":false,"attachmentStep":false},{"name":"worker_id","time":{"start":1717036325927,"stop":1717036325927,"duration":0},"status":"passed","steps":[],"attachments":[],"parameters":[],"shouldDisplayMessage":false,"stepsCount":0,"attachmentsCount":0,"hasContent":false,"attachmentStep":false},{"name":"cur_login","time":{"start":1717036325927,"stop":1717036325927,"duration":0},"status":"passed","steps":[],"attachments":[],"parameters":[],"shouldDisplayMessage":false,"stepsCount":0,"attachmentsCount":0,"hasContent":false,"attachmentStep":false},{"name":"cur_password","time":{"start":1717036325927,"stop":1717036325927,"duration":0},"status":"passed","steps":[],"attachments":[],"parameters":[],"shouldDisplayMessage":false,"stepsCount":0,"attachmentsCount":0,"hasContent":false,"attachmentStep":false},{"name":"cur_country","time":{"start":1717036325927,"stop":1717036325927,"duration":0},"status":"passed","steps":[],"attachments":[],"parameters":[],"shouldDisplayMessage":false,"stepsCount":0,"attachmentsCount":0,"hasContent":false,"attachmentStep":false},{"name":"cur_role","time":{"start":1717036596947,"stop":1717036596947,"duration":0},"status":"passed","steps":[],"attachments":[],"parameters":[],"shouldDisplayMessage":false,"stepsCount":0,"attachmentsCount":0,"hasContent":false,"attachmentStep":false}],"testStage":{"description":"\n        Check: Button [Try now] in 'Explore our platform' block\n        Language: Not EN, NL. License: Not FCA.\n        ","status":"failed","statusMessage":"AssertionError: Bug # 05. Opened a 'Sign up' form instead of a 'Login'","statusTrace":"self = <us_00-00_main_page_test.TestMainPage object at 0x0000020BC035B6E0>\nworker_id = 'master'\nd = <selenium.webdriver.chrome.webdriver.WebDriver (session=\"4c27be0dd19dcc8446df348821369296\")>\ncur_language = 'zh', cur_country = 'de', cur_role = 'NoAuth'\ncur_login = 'test001.miketar+1@gmail.com', cur_password = 'Qwer1234-!@#$'\n\n    @allure.step(\"Start test of button [Try now] in 'Explore our platform' block\")\n    @pytest.mark.test_013\n    def test_013_explore_our_platform_block_try_now_button(\n            self, worker_id, d, cur_language, cur_country, cur_role, cur_login, cur_password):\n        \"\"\"\n        Check: Button [Try now] in 'Explore our platform' block\n        Language: Not EN, NL. License: Not FCA.\n        \"\"\"\n    \n        bid = build_dynamic_arg_v4(\n            d, worker_id, cur_language, cur_country, cur_role,\n            \"00\", \"Main Page\",\n            \".00_013\", \"Start test of button [Try now] in 'Explore our platform' block\",\n            False, False\n        )\n    \n        Common().check_language_in_list_and_skip_if_present(cur_language, ['', 'nl'])\n        Common().check_country_in_list_and_skip_if_not_present(cur_country, ['de', 'au', 'ae'])\n    \n        page_conditions = Conditions(d, \"\")\n        main_page_link = page_conditions.preconditions(\n            d, CapitalComPageSrc.URL, \"\", cur_language, cur_country, cur_role, cur_login, cur_password)\n    \n        test_element = ExploreOurPlatformBlockTryNowButton(d, main_page_link, bid)\n>       test_element.full_test_with_tpi(d, cur_language, cur_country, cur_role, main_page_link)\n\ntests\\US_00_Main_page\\US_00-00_Main_page\\us_00-00_main_page_test.py:609: \n_ _ _ _ _ _ _ _ _ _ _ _ _ _ _ _ _ _ _ _ _ _ _ _ _ _ _ _ _ _ _ _ _ _ _ _ _ _ _ _\npages\\Elements\\ExploreOurPlatformBlockTryNowButton.py:42: in full_test_with_tpi\n    test_element.assert_login(d, cur_language, cur_item_link)\npages\\Elements\\AssertClass.py:94: in assert_login\n    Common().assert_true_false(False,\n_ _ _ _ _ _ _ _ _ _ _ _ _ _ _ _ _ _ _ _ _ _ _ _ _ _ _ _ _ _ _ _ _ _ _ _ _ _ _ _\n\ncondition = False\nmsg = \"Bug # 05. Opened a 'Sign up' form instead of a 'Login'\"\n\n    @staticmethod\n    def assert_true_false(condition=False, msg=\"\"):\n    \tif condition:\n    \t\tCommon.flag_of_bug = False\n    \t\tassert True, msg\n    \telse:\n    \t\tCommon.flag_of_bug = True\n>   \t\tassert False, msg\nE     AssertionError: Bug # 05. Opened a 'Sign up' form instead of a 'Login'\n\npages\\common.py:213: AssertionError","steps":[{"name":"Start test of button [Try now] in 'Explore our platform' block","time":{"start":1717036742690,"stop":1717036765304,"duration":22614},"status":"failed","statusMessage":"AssertionError: Bug # 05. Opened a 'Sign up' form instead of a 'Login'\n","statusTrace":"  File \"C:\\Users\\runneradmin\\AppData\\Local\\pypoetry\\Cache\\virtualenvs\\testcapitalcompyse-ahTg7XpD-py3.12\\Lib\\site-packages\\allure_commons\\_allure.py\", line 192, in impl\n    return func(*a, **kw)\n           ^^^^^^^^^^^^^^\n  File \"D:\\a\\TestCapitalComPySe\\TestCapitalComPySe\\tests\\US_00_Main_page\\US_00-00_Main_page\\us_00-00_main_page_test.py\", line 609, in test_013_explore_our_platform_block_try_now_button\n    test_element.full_test_with_tpi(d, cur_language, cur_country, cur_role, main_page_link)\n  File \"C:\\Users\\runneradmin\\AppData\\Local\\pypoetry\\Cache\\virtualenvs\\testcapitalcompyse-ahTg7XpD-py3.12\\Lib\\site-packages\\allure_commons\\_allure.py\", line 192, in impl\n    return func(*a, **kw)\n           ^^^^^^^^^^^^^^\n  File \"D:\\a\\TestCapitalComPySe\\TestCapitalComPySe\\pages\\Elements\\ExploreOurPlatformBlockTryNowButton.py\", line 42, in full_test_with_tpi\n    test_element.assert_login(d, cur_language, cur_item_link)\n  File \"C:\\Users\\runneradmin\\AppData\\Local\\pypoetry\\Cache\\virtualenvs\\testcapitalcompyse-ahTg7XpD-py3.12\\Lib\\site-packages\\allure_commons\\_allure.py\", line 192, in impl\n    return func(*a, **kw)\n           ^^^^^^^^^^^^^^\n  File \"D:\\a\\TestCapitalComPySe\\TestCapitalComPySe\\pages\\Elements\\AssertClass.py\", line 94, in assert_login\n    Common().assert_true_false(False,\n  File \"D:\\a\\TestCapitalComPySe\\TestCapitalComPySe\\pages\\common.py\", line 213, in assert_true_false\n    assert False, msg\n           ^^^^^\n","steps":[{"name":"Preconditions","time":{"start":1717036742693,"stop":1717036743723,"duration":1030},"status":"passed","steps":[{"name":"2024-05-30 02:30:42.916908   Start Checking Captcha","time":{"start":1717036742711,"stop":1717036743719,"duration":1008},"status":"passed","steps":[],"attachments":[],"parameters":[],"shouldDisplayMessage":false,"stepsCount":0,"attachmentsCount":0,"hasContent":false,"attachmentStep":false}],"attachments":[],"parameters":[{"name":"d","value":"<selenium.webdriver.chrome.webdriver.WebDriver (session=\"4c27be0dd19dcc8446df348821369296\")>"},{"name":"host","value":"'https://capital.com/'"},{"name":"end_point","value":"''"},{"name":"cur_language","value":"'zh'"},{"name":"cur_country","value":"'de'"},{"name":"cur_role","value":"'NoAuth'"},{"name":"cur_login","value":"'test001.miketar+1@gmail.com'"},{"name":"cur_password","value":"'Qwer1234-!@#$'"}],"shouldDisplayMessage":false,"stepsCount":1,"attachmentsCount":0,"hasContent":true,"attachmentStep":false},{"name":"2024-05-30 02:30:42.823131   Start Full test for [Try now] button in \"Explore our platform\" block","time":{"start":1717036743723,"stop":1717036765303,"duration":21580},"status":"failed","statusMessage":"AssertionError: Bug # 05. Opened a 'Sign up' form instead of a 'Login'\n","statusTrace":"  File \"C:\\Users\\runneradmin\\AppData\\Local\\pypoetry\\Cache\\virtualenvs\\testcapitalcompyse-ahTg7XpD-py3.12\\Lib\\site-packages\\allure_commons\\_allure.py\", line 192, in impl\n    return func(*a, **kw)\n           ^^^^^^^^^^^^^^\n  File \"D:\\a\\TestCapitalComPySe\\TestCapitalComPySe\\pages\\Elements\\ExploreOurPlatformBlockTryNowButton.py\", line 42, in full_test_with_tpi\n    test_element.assert_login(d, cur_language, cur_item_link)\n  File \"C:\\Users\\runneradmin\\AppData\\Local\\pypoetry\\Cache\\virtualenvs\\testcapitalcompyse-ahTg7XpD-py3.12\\Lib\\site-packages\\allure_commons\\_allure.py\", line 192, in impl\n    return func(*a, **kw)\n           ^^^^^^^^^^^^^^\n  File \"D:\\a\\TestCapitalComPySe\\TestCapitalComPySe\\pages\\Elements\\AssertClass.py\", line 94, in assert_login\n    Common().assert_true_false(False,\n  File \"D:\\a\\TestCapitalComPySe\\TestCapitalComPySe\\pages\\common.py\", line 213, in assert_true_false\n    assert False, msg\n           ^^^^^\n","steps":[{"name":"Click button [Try now] on \"Explore our platform\" block","time":{"start":1717036743816,"stop":1717036744932,"duration":1116},"status":"passed","steps":[],"attachments":[],"parameters":[{"name":"d","value":"<selenium.webdriver.chrome.webdriver.WebDriver (session=\"4c27be0dd19dcc8446df348821369296\")>"}],"shouldDisplayMessage":false,"stepsCount":0,"attachmentsCount":0,"hasContent":true,"attachmentStep":false},{"name":"Checking that \"Login\" form or page opened","time":{"start":1717036744932,"stop":1717036765303,"duration":20371},"status":"failed","statusMessage":"AssertionError: Bug # 05. Opened a 'Sign up' form instead of a 'Login'\n","statusTrace":"  File \"C:\\Users\\runneradmin\\AppData\\Local\\pypoetry\\Cache\\virtualenvs\\testcapitalcompyse-ahTg7XpD-py3.12\\Lib\\site-packages\\allure_commons\\_allure.py\", line 192, in impl\n    return func(*a, **kw)\n           ^^^^^^^^^^^^^^\n  File \"D:\\a\\TestCapitalComPySe\\TestCapitalComPySe\\pages\\Elements\\AssertClass.py\", line 94, in assert_login\n    Common().assert_true_false(False,\n  File \"D:\\a\\TestCapitalComPySe\\TestCapitalComPySe\\pages\\common.py\", line 213, in assert_true_false\n    assert False, msg\n           ^^^^^\n","steps":[{"name":"Check that form [Login] is opened","time":{"start":1717036744933,"stop":1717036751120,"duration":6187},"status":"passed","steps":[],"attachments":[],"parameters":[],"shouldDisplayMessage":false,"stepsCount":0,"attachmentsCount":0,"hasContent":false,"attachmentStep":false},{"name":"Check that new form [Login] is opened","time":{"start":1717036751120,"stop":1717036754139,"duration":3019},"status":"passed","steps":[],"attachments":[],"parameters":[],"shouldDisplayMessage":false,"stepsCount":0,"attachmentsCount":0,"hasContent":false,"attachmentStep":false},{"name":"Check that page [Login] is opened","time":{"start":1717036754140,"stop":1717036754143,"duration":3},"status":"passed","steps":[],"attachments":[],"parameters":[],"shouldDisplayMessage":false,"stepsCount":0,"attachmentsCount":0,"hasContent":false,"attachmentStep":false},{"name":"Check that [Login] form on trading platform page opened","time":{"start":1717036754143,"stop":1717036757207,"duration":3064},"status":"passed","steps":[],"attachments":[],"parameters":[{"name":"cur_language","value":"'zh'"}],"shouldDisplayMessage":false,"stepsCount":0,"attachmentsCount":0,"hasContent":true,"attachmentStep":false},{"name":"Check that \"Sign up\" form opened","time":{"start":1717036757208,"stop":1717036757272,"duration":64},"status":"passed","steps":[],"attachments":[],"parameters":[{"name":"cur_language","value":"'zh'"}],"shouldDisplayMessage":false,"stepsCount":0,"attachmentsCount":0,"hasContent":true,"attachmentStep":false},{"name":"Fixing one row check results into Google Sheet Bugs Report","time":{"start":1717036758113,"stop":1717036758846,"duration":733},"status":"passed","steps":[],"attachments":[],"parameters":[{"name":"cell","value":"'B1'"},{"name":"values","value":"[['Busy']]"}],"shouldDisplayMessage":false,"stepsCount":0,"attachmentsCount":0,"hasContent":true,"attachmentStep":false},{"name":"Fixing one row check results into Google Sheet Bugs Report","time":{"start":1717036763806,"stop":1717036764159,"duration":353},"status":"passed","steps":[],"attachments":[],"parameters":[{"name":"cell","value":"'P1131'"},{"name":"values","value":"[[\"'05\"]]"}],"shouldDisplayMessage":false,"stepsCount":0,"attachmentsCount":0,"hasContent":true,"attachmentStep":false},{"name":"Fixing one row check results into Google Sheet Bugs Report","time":{"start":1717036764159,"stop":1717036764688,"duration":529},"status":"passed","steps":[],"attachments":[],"parameters":[{"name":"cell","value":"'U1131'"},{"name":"values","value":"[['30/05/2024 02:39:23']]"}],"shouldDisplayMessage":false,"stepsCount":0,"attachmentsCount":0,"hasContent":true,"attachmentStep":false},{"name":"Fixing one row check results into Google Sheet Bugs Report","time":{"start":1717036764688,"stop":1717036765301,"duration":613},"status":"passed","steps":[],"attachments":[],"parameters":[{"name":"cell","value":"'B1'"},{"name":"values","value":"[['Bugs Report']]"}],"shouldDisplayMessage":false,"stepsCount":0,"attachmentsCount":0,"hasContent":true,"attachmentStep":false}],"attachments":[],"parameters":[{"name":"d","value":"<selenium.webdriver.chrome.webdriver.WebDriver (session=\"4c27be0dd19dcc8446df348821369296\")>"},{"name":"cur_language","value":"'zh'"},{"name":"cur_link","value":"'https://capital.com/zh'"}],"shouldDisplayMessage":true,"stepsCount":9,"attachmentsCount":0,"hasContent":true,"attachmentStep":false}],"attachments":[],"parameters":[{"name":"d","value":"<selenium.webdriver.chrome.webdriver.WebDriver (session=\"4c27be0dd19dcc8446df348821369296\")>"},{"name":"cur_language","value":"'zh'"},{"name":"cur_country","value":"'de'"},{"name":"cur_role","value":"'NoAuth'"},{"name":"cur_item_link","value":"'https://capital.com/zh'"}],"shouldDisplayMessage":false,"stepsCount":11,"attachmentsCount":0,"hasContent":true,"attachmentStep":false}],"attachments":[],"parameters":[{"name":"worker_id","value":"'master'"},{"name":"d","value":"<selenium.webdriver.chrome.webdriver.WebDriver (session=\"4c27be0dd19dcc8446df348821369296\")>"},{"name":"cur_language","value":"'zh'"},{"name":"cur_country","value":"'de'"},{"name":"cur_role","value":"'NoAuth'"},{"name":"cur_login","value":"'test001.miketar+1@gmail.com'"},{"name":"cur_password","value":"'Qwer1234-!@#$'"}],"shouldDisplayMessage":false,"stepsCount":14,"attachmentsCount":0,"hasContent":true,"attachmentStep":false}],"attachments":[{"uid":"632f2fa39ca70130","name":"Screenshot","source":"632f2fa39ca70130.png","type":"image/png","size":120278},{"uid":"b23536097defcb1e","name":"log","source":"b23536097defcb1e.txt","type":"text/plain","size":4498},{"uid":"607f8bd10ae1d854","name":"stdout","source":"607f8bd10ae1d854.txt","type":"text/plain","size":4639}],"parameters":[],"shouldDisplayMessage":true,"stepsCount":15,"attachmentsCount":3,"hasContent":true,"attachmentStep":false},"afterStages":[{"name":"d::0","time":{"start":1717036799278,"stop":1717036801660,"duration":2382},"status":"passed","steps":[],"attachments":[],"parameters":[],"shouldDisplayMessage":false,"stepsCount":0,"attachmentsCount":0,"hasContent":false,"attachmentStep":false}],"labels":[{"name":"epic","value":"US_00 | Main Page"},{"name":"feature","value":"Language: zh"},{"name":"story","value":"Country: de / Role: NoAuth"},{"name":"tag","value":"test_013"},{"name":"tag","value":"us_00_00"},{"name":"parentSuite","value":"tests.US_00_Main_page.US_00-00_Main_page"},{"name":"suite","value":"us_00-00_main_page_test"},{"name":"subSuite","value":"TestMainPage"},{"name":"host","value":"fv-az1347-989"},{"name":"thread","value":"1972-MainThread"},{"name":"framework","value":"pytest"},{"name":"language","value":"cpython3"},{"name":"package","value":"tests.US_00_Main_page.US_00-00_Main_page.us_00-00_main_page_test"},{"name":"resultFormat","value":"allure2"}],"parameters":[{"name":"cur_country","value":"'de'"},{"name":"cur_language","value":"'zh'"},{"name":"cur_login","value":"'test001.miketar+1@gmail.com'"},{"name":"cur_password","value":"'Qwer1234-!@#$'"},{"name":"cur_role","value":"'NoAuth'"},{"name":"d","value":"'Chrome'"}],"links":[],"hidden":false,"retry":false,"extra":{"severity":"normal","retries":[],"categories":[{"name":"Product defects","matchedStatuses":[],"flaky":false}],"tags":["us_00_00","test_013"]},"source":"10f57bb0c7aab963.json","parameterValues":["'de'","'zh'","'test001.miketar+1@gmail.com'","'Qwer1234-!@#$'","'NoAuth'","'Chrome'"]}