{"uid":"e45b120b4a7783ee","name":"TC_11.03.02.00_05 | Testing button [Practise for free] in Content block. Bid:11.03.02.00_05-en.de.NoReg","fullName":"tests.US_11_Education.US_11-03-02_Day_trading.us_11-03-02_day_trading_test.TestDayTrading#test_05_practise_for_free_in_content_block_button","historyId":"4f2717c1aff3517328978a30f0ac268d","time":{"start":1709929381070,"stop":1709929391128,"duration":10058},"description":"\n        Check: Button [Practise for free] in content block\n        Language: All. License: All.\n        ","descriptionHtml":"<pre><code>    Check: Button [Practise for free] in content block\n    Language: All. License: All.\n</code></pre>\n","status":"broken","statusMessage":"selenium.common.exceptions.MoveTargetOutOfBoundsException: Message: Move target (342, 1930) is out of bounds of viewport dimensions (1280, 635)\nStacktrace:\nRemoteError@chrome://remote/content/shared/RemoteError.sys.mjs:8:8\nWebDriverError@chrome://remote/content/shared/webdriver/Errors.sys.mjs:191:5\nMoveTargetOutOfBoundsError@chrome://remote/content/shared/webdriver/Errors.sys.mjs:477:5\nassertInViewPort@chrome://remote/content/shared/webdriver/Actions.sys.mjs:2371:11\ndispatch@chrome://remote/content/shared/webdriver/Actions.sys.mjs:1152:21\ndispatch/pendingEvents<@chrome://remote/content/shared/webdriver/Actions.sys.mjs:2040:14\ndispatch@chrome://remote/content/shared/webdriver/Actions.sys.mjs:2039:39\ndispatch/chainEvents<@chrome://remote/content/shared/webdriver/Actions.sys.mjs:1950:27\ndispatch@chrome://remote/content/shared/webdriver/Actions.sys.mjs:1952:7\nperformActions@chrome://remote/content/marionette/actors/MarionetteCommandsChild.sys.mjs:503:23\nreceiveMessage@chrome://remote/content/marionette/actors/MarionetteCommandsChild.sys.mjs:143:31","statusTrace":"self = <us_11-03-02_day_trading_test.TestDayTrading object at 0x7f5718357e00>\nworker_id = 'master'\nd = <selenium.webdriver.firefox.webdriver.WebDriver (session=\"440724cb-4596-4969-8d8d-52f49f8db8ba\")>\ncur_language = '', cur_country = 'de', cur_role = 'NoReg'\ncur_login = 'test001.miketar+1@gmail.com', cur_password = 'Qwer1234-!@#$'\n\n    @allure.step(\"Start test of button [Practise for free] in content block\")\n    @pytest.mark.test_05\n    def test_05_practise_for_free_in_content_block_button(\n            self, worker_id, d, cur_language, cur_country, cur_role, cur_login, cur_password):\n        \"\"\"\n        Check: Button [Practise for free] in content block\n        Language: All. License: All.\n        \"\"\"\n        bid = build_dynamic_arg_v4(\n            d, worker_id, cur_language, cur_country, cur_role,\n            \"11.03.02\", \"Education > Menu item [Day Trading]\",\n            \".00_05\", \"Testing button [Practise for free] in Content block\")\n    \n        Common().check_country_in_list_and_skip_if_present(cur_country, [\"gb\"])\n        Common().skip_if_eng_lang_and_fca_license(cur_language, cur_country)\n        Common().skip_if_eng_lang_and_fca_license(cur_language, cur_country)\n        if cur_country == 'gb':\n            pytest.skip(\"This test is not supported on UK location\")\n    \n>       menu_link = self.us_link.get_us_link(d, cur_language, cur_country, cur_role, cur_login, cur_password)\n\ntests/US_11_Education/US_11-03-02_Day_trading/us_11-03-02_day_trading_test.py:154: \n_ _ _ _ _ _ _ _ _ _ _ _ _ _ _ _ _ _ _ _ _ _ _ _ _ _ _ _ _ _ _ _ _ _ _ _ _ _ _ _ \ntests/US_11_Education/US_11-03-02_Day_trading/us_11-03-02_day_trading_test.py:29: in get_us_link\n    main_link = page_conditions.preconditions(\npages/conditions.py:112: in preconditions\n    page_menu.set_country(cur_country)\npages/Menu/menu.py:962: in set_country\n    .perform()\n../../../.cache/pypoetry/virtualenvs/testcapitalcompyse-CcJ6hTD8-py3.12/lib/python3.12/site-packages/selenium/webdriver/common/action_chains.py:94: in perform\n    self.w3c_actions.perform()\n../../../.cache/pypoetry/virtualenvs/testcapitalcompyse-CcJ6hTD8-py3.12/lib/python3.12/site-packages/selenium/webdriver/common/actions/action_builder.py:96: in perform\n    self.driver.execute(Command.W3C_ACTIONS, enc)\n../../../.cache/pypoetry/virtualenvs/testcapitalcompyse-CcJ6hTD8-py3.12/lib/python3.12/site-packages/selenium/webdriver/remote/webdriver.py:347: in execute\n    self.error_handler.check_response(response)\n_ _ _ _ _ _ _ _ _ _ _ _ _ _ _ _ _ _ _ _ _ _ _ _ _ _ _ _ _ _ _ _ _ _ _ _ _ _ _ _ \n\nself = <selenium.webdriver.remote.errorhandler.ErrorHandler object at 0x7f5718367b30>\nresponse = {'status': 500, 'value': '{\"value\":{\"error\":\"move target out of bounds\",\"message\":\"Move target (342, 1930) is out of b...ys.mjs:503:23\\\\nreceiveMessage@chrome://remote/content/marionette/actors/MarionetteCommandsChild.sys.mjs:143:31\\\\n\"}}'}\n\n    def check_response(self, response: Dict[str, Any]) -> None:\n        \"\"\"Checks that a JSON response from the WebDriver does not have an\n        error.\n    \n        :Args:\n         - response - The JSON response from the WebDriver server as a dictionary\n           object.\n    \n        :Raises: If the response contains an error message.\n        \"\"\"\n        status = response.get(\"status\", None)\n        if not status or status == ErrorCode.SUCCESS:\n            return\n        value = None\n        message = response.get(\"message\", \"\")\n        screen: str = response.get(\"screen\", \"\")\n        stacktrace = None\n        if isinstance(status, int):\n            value_json = response.get(\"value\", None)\n            if value_json and isinstance(value_json, str):\n                import json\n    \n                try:\n                    value = json.loads(value_json)\n                    if len(value) == 1:\n                        value = value[\"value\"]\n                    status = value.get(\"error\", None)\n                    if not status:\n                        status = value.get(\"status\", ErrorCode.UNKNOWN_ERROR)\n                        message = value.get(\"value\") or value.get(\"message\")\n                        if not isinstance(message, str):\n                            value = message\n                            message = message.get(\"message\")\n                    else:\n                        message = value.get(\"message\", None)\n                except ValueError:\n                    pass\n    \n        exception_class: Type[WebDriverException]\n        e = ErrorCode()\n        error_codes = [item for item in dir(e) if not item.startswith(\"__\")]\n        for error_code in error_codes:\n            error_info = getattr(ErrorCode, error_code)\n            if isinstance(error_info, list) and status in error_info:\n                exception_class = getattr(ExceptionMapping, error_code, WebDriverException)\n                break\n        else:\n            exception_class = WebDriverException\n    \n        if not value:\n            value = response[\"value\"]\n        if isinstance(value, str):\n            raise exception_class(value)\n        if message == \"\" and \"message\" in value:\n            message = value[\"message\"]\n    \n        screen = None  # type: ignore[assignment]\n        if \"screen\" in value:\n            screen = value[\"screen\"]\n    \n        stacktrace = None\n        st_value = value.get(\"stackTrace\") or value.get(\"stacktrace\")\n        if st_value:\n            if isinstance(st_value, str):\n                stacktrace = st_value.split(\"\\n\")\n            else:\n                stacktrace = []\n                try:\n                    for frame in st_value:\n                        line = frame.get(\"lineNumber\", \"\")\n                        file = frame.get(\"fileName\", \"<anonymous>\")\n                        if line:\n                            file = f\"{file}:{line}\"\n                        meth = frame.get(\"methodName\", \"<anonymous>\")\n                        if \"className\" in frame:\n                            meth = f\"{frame['className']}.{meth}\"\n                        msg = \"    at %s (%s)\"\n                        msg = msg % (meth, file)\n                        stacktrace.append(msg)\n                except TypeError:\n                    pass\n        if exception_class == UnexpectedAlertPresentException:\n            alert_text = None\n            if \"data\" in value:\n                alert_text = value[\"data\"].get(\"text\")\n            elif \"alert\" in value:\n                alert_text = value[\"alert\"].get(\"text\")\n            raise exception_class(message, screen, stacktrace, alert_text)  # type: ignore[call-arg]  # mypy is not smart enough here\n>       raise exception_class(message, screen, stacktrace)\nE       selenium.common.exceptions.MoveTargetOutOfBoundsException: Message: Move target (342, 1930) is out of bounds of viewport dimensions (1280, 635)\nE       Stacktrace:\nE       RemoteError@chrome://remote/content/shared/RemoteError.sys.mjs:8:8\nE       WebDriverError@chrome://remote/content/shared/webdriver/Errors.sys.mjs:191:5\nE       MoveTargetOutOfBoundsError@chrome://remote/content/shared/webdriver/Errors.sys.mjs:477:5\nE       assertInViewPort@chrome://remote/content/shared/webdriver/Actions.sys.mjs:2371:11\nE       dispatch@chrome://remote/content/shared/webdriver/Actions.sys.mjs:1152:21\nE       dispatch/pendingEvents<@chrome://remote/content/shared/webdriver/Actions.sys.mjs:2040:14\nE       dispatch@chrome://remote/content/shared/webdriver/Actions.sys.mjs:2039:39\nE       dispatch/chainEvents<@chrome://remote/content/shared/webdriver/Actions.sys.mjs:1950:27\nE       dispatch@chrome://remote/content/shared/webdriver/Actions.sys.mjs:1952:7\nE       performActions@chrome://remote/content/marionette/actors/MarionetteCommandsChild.sys.mjs:503:23\nE       receiveMessage@chrome://remote/content/marionette/actors/MarionetteCommandsChild.sys.mjs:143:31\n\n../../../.cache/pypoetry/virtualenvs/testcapitalcompyse-CcJ6hTD8-py3.12/lib/python3.12/site-packages/selenium/webdriver/remote/errorhandler.py:229: MoveTargetOutOfBoundsException","flaky":false,"newFailed":false,"newBroken":false,"newPassed":false,"retriesCount":0,"retriesStatusChange":false,"beforeStages":[{"name":"d","time":{"start":1709929151808,"stop":1709929153471,"duration":1663},"status":"passed","steps":[],"attachments":[],"parameters":[],"shouldDisplayMessage":false,"stepsCount":0,"attachmentsCount":0,"hasContent":false,"attachmentStep":false},{"name":"worker_id","time":{"start":1709929153471,"stop":1709929153471,"duration":0},"status":"passed","steps":[],"attachments":[],"parameters":[],"shouldDisplayMessage":false,"stepsCount":0,"attachmentsCount":0,"hasContent":false,"attachmentStep":false},{"name":"cur_password","time":{"start":1709929153471,"stop":1709929153471,"duration":0},"status":"passed","steps":[],"attachments":[],"parameters":[],"shouldDisplayMessage":false,"stepsCount":0,"attachmentsCount":0,"hasContent":false,"attachmentStep":false},{"name":"cur_language","time":{"start":1709929153471,"stop":1709929153471,"duration":0},"status":"passed","steps":[],"attachments":[],"parameters":[],"shouldDisplayMessage":false,"stepsCount":0,"attachmentsCount":0,"hasContent":false,"attachmentStep":false},{"name":"cur_login","time":{"start":1709929153471,"stop":1709929153471,"duration":0},"status":"passed","steps":[],"attachments":[],"parameters":[],"shouldDisplayMessage":false,"stepsCount":0,"attachmentsCount":0,"hasContent":false,"attachmentStep":false},{"name":"cur_country","time":{"start":1709929153471,"stop":1709929153471,"duration":0},"status":"passed","steps":[],"attachments":[],"parameters":[],"shouldDisplayMessage":false,"stepsCount":0,"attachmentsCount":0,"hasContent":false,"attachmentStep":false},{"name":"cur_role","time":{"start":1709929339347,"stop":1709929339347,"duration":0},"status":"passed","steps":[],"attachments":[],"parameters":[],"shouldDisplayMessage":false,"stepsCount":0,"attachmentsCount":0,"hasContent":false,"attachmentStep":false}],"testStage":{"description":"\n        Check: Button [Practise for free] in content block\n        Language: All. License: All.\n        ","status":"broken","statusMessage":"selenium.common.exceptions.MoveTargetOutOfBoundsException: Message: Move target (342, 1930) is out of bounds of viewport dimensions (1280, 635)\nStacktrace:\nRemoteError@chrome://remote/content/shared/RemoteError.sys.mjs:8:8\nWebDriverError@chrome://remote/content/shared/webdriver/Errors.sys.mjs:191:5\nMoveTargetOutOfBoundsError@chrome://remote/content/shared/webdriver/Errors.sys.mjs:477:5\nassertInViewPort@chrome://remote/content/shared/webdriver/Actions.sys.mjs:2371:11\ndispatch@chrome://remote/content/shared/webdriver/Actions.sys.mjs:1152:21\ndispatch/pendingEvents<@chrome://remote/content/shared/webdriver/Actions.sys.mjs:2040:14\ndispatch@chrome://remote/content/shared/webdriver/Actions.sys.mjs:2039:39\ndispatch/chainEvents<@chrome://remote/content/shared/webdriver/Actions.sys.mjs:1950:27\ndispatch@chrome://remote/content/shared/webdriver/Actions.sys.mjs:1952:7\nperformActions@chrome://remote/content/marionette/actors/MarionetteCommandsChild.sys.mjs:503:23\nreceiveMessage@chrome://remote/content/marionette/actors/MarionetteCommandsChild.sys.mjs:143:31","statusTrace":"self = <us_11-03-02_day_trading_test.TestDayTrading object at 0x7f5718357e00>\nworker_id = 'master'\nd = <selenium.webdriver.firefox.webdriver.WebDriver (session=\"440724cb-4596-4969-8d8d-52f49f8db8ba\")>\ncur_language = '', cur_country = 'de', cur_role = 'NoReg'\ncur_login = 'test001.miketar+1@gmail.com', cur_password = 'Qwer1234-!@#$'\n\n    @allure.step(\"Start test of button [Practise for free] in content block\")\n    @pytest.mark.test_05\n    def test_05_practise_for_free_in_content_block_button(\n            self, worker_id, d, cur_language, cur_country, cur_role, cur_login, cur_password):\n        \"\"\"\n        Check: Button [Practise for free] in content block\n        Language: All. License: All.\n        \"\"\"\n        bid = build_dynamic_arg_v4(\n            d, worker_id, cur_language, cur_country, cur_role,\n            \"11.03.02\", \"Education > Menu item [Day Trading]\",\n            \".00_05\", \"Testing button [Practise for free] in Content block\")\n    \n        Common().check_country_in_list_and_skip_if_present(cur_country, [\"gb\"])\n        Common().skip_if_eng_lang_and_fca_license(cur_language, cur_country)\n        Common().skip_if_eng_lang_and_fca_license(cur_language, cur_country)\n        if cur_country == 'gb':\n            pytest.skip(\"This test is not supported on UK location\")\n    \n>       menu_link = self.us_link.get_us_link(d, cur_language, cur_country, cur_role, cur_login, cur_password)\n\ntests/US_11_Education/US_11-03-02_Day_trading/us_11-03-02_day_trading_test.py:154: \n_ _ _ _ _ _ _ _ _ _ _ _ _ _ _ _ _ _ _ _ _ _ _ _ _ _ _ _ _ _ _ _ _ _ _ _ _ _ _ _ \ntests/US_11_Education/US_11-03-02_Day_trading/us_11-03-02_day_trading_test.py:29: in get_us_link\n    main_link = page_conditions.preconditions(\npages/conditions.py:112: in preconditions\n    page_menu.set_country(cur_country)\npages/Menu/menu.py:962: in set_country\n    .perform()\n../../../.cache/pypoetry/virtualenvs/testcapitalcompyse-CcJ6hTD8-py3.12/lib/python3.12/site-packages/selenium/webdriver/common/action_chains.py:94: in perform\n    self.w3c_actions.perform()\n../../../.cache/pypoetry/virtualenvs/testcapitalcompyse-CcJ6hTD8-py3.12/lib/python3.12/site-packages/selenium/webdriver/common/actions/action_builder.py:96: in perform\n    self.driver.execute(Command.W3C_ACTIONS, enc)\n../../../.cache/pypoetry/virtualenvs/testcapitalcompyse-CcJ6hTD8-py3.12/lib/python3.12/site-packages/selenium/webdriver/remote/webdriver.py:347: in execute\n    self.error_handler.check_response(response)\n_ _ _ _ _ _ _ _ _ _ _ _ _ _ _ _ _ _ _ _ _ _ _ _ _ _ _ _ _ _ _ _ _ _ _ _ _ _ _ _ \n\nself = <selenium.webdriver.remote.errorhandler.ErrorHandler object at 0x7f5718367b30>\nresponse = {'status': 500, 'value': '{\"value\":{\"error\":\"move target out of bounds\",\"message\":\"Move target (342, 1930) is out of b...ys.mjs:503:23\\\\nreceiveMessage@chrome://remote/content/marionette/actors/MarionetteCommandsChild.sys.mjs:143:31\\\\n\"}}'}\n\n    def check_response(self, response: Dict[str, Any]) -> None:\n        \"\"\"Checks that a JSON response from the WebDriver does not have an\n        error.\n    \n        :Args:\n         - response - The JSON response from the WebDriver server as a dictionary\n           object.\n    \n        :Raises: If the response contains an error message.\n        \"\"\"\n        status = response.get(\"status\", None)\n        if not status or status == ErrorCode.SUCCESS:\n            return\n        value = None\n        message = response.get(\"message\", \"\")\n        screen: str = response.get(\"screen\", \"\")\n        stacktrace = None\n        if isinstance(status, int):\n            value_json = response.get(\"value\", None)\n            if value_json and isinstance(value_json, str):\n                import json\n    \n                try:\n                    value = json.loads(value_json)\n                    if len(value) == 1:\n                        value = value[\"value\"]\n                    status = value.get(\"error\", None)\n                    if not status:\n                        status = value.get(\"status\", ErrorCode.UNKNOWN_ERROR)\n                        message = value.get(\"value\") or value.get(\"message\")\n                        if not isinstance(message, str):\n                            value = message\n                            message = message.get(\"message\")\n                    else:\n                        message = value.get(\"message\", None)\n                except ValueError:\n                    pass\n    \n        exception_class: Type[WebDriverException]\n        e = ErrorCode()\n        error_codes = [item for item in dir(e) if not item.startswith(\"__\")]\n        for error_code in error_codes:\n            error_info = getattr(ErrorCode, error_code)\n            if isinstance(error_info, list) and status in error_info:\n                exception_class = getattr(ExceptionMapping, error_code, WebDriverException)\n                break\n        else:\n            exception_class = WebDriverException\n    \n        if not value:\n            value = response[\"value\"]\n        if isinstance(value, str):\n            raise exception_class(value)\n        if message == \"\" and \"message\" in value:\n            message = value[\"message\"]\n    \n        screen = None  # type: ignore[assignment]\n        if \"screen\" in value:\n            screen = value[\"screen\"]\n    \n        stacktrace = None\n        st_value = value.get(\"stackTrace\") or value.get(\"stacktrace\")\n        if st_value:\n            if isinstance(st_value, str):\n                stacktrace = st_value.split(\"\\n\")\n            else:\n                stacktrace = []\n                try:\n                    for frame in st_value:\n                        line = frame.get(\"lineNumber\", \"\")\n                        file = frame.get(\"fileName\", \"<anonymous>\")\n                        if line:\n                            file = f\"{file}:{line}\"\n                        meth = frame.get(\"methodName\", \"<anonymous>\")\n                        if \"className\" in frame:\n                            meth = f\"{frame['className']}.{meth}\"\n                        msg = \"    at %s (%s)\"\n                        msg = msg % (meth, file)\n                        stacktrace.append(msg)\n                except TypeError:\n                    pass\n        if exception_class == UnexpectedAlertPresentException:\n            alert_text = None\n            if \"data\" in value:\n                alert_text = value[\"data\"].get(\"text\")\n            elif \"alert\" in value:\n                alert_text = value[\"alert\"].get(\"text\")\n            raise exception_class(message, screen, stacktrace, alert_text)  # type: ignore[call-arg]  # mypy is not smart enough here\n>       raise exception_class(message, screen, stacktrace)\nE       selenium.common.exceptions.MoveTargetOutOfBoundsException: Message: Move target (342, 1930) is out of bounds of viewport dimensions (1280, 635)\nE       Stacktrace:\nE       RemoteError@chrome://remote/content/shared/RemoteError.sys.mjs:8:8\nE       WebDriverError@chrome://remote/content/shared/webdriver/Errors.sys.mjs:191:5\nE       MoveTargetOutOfBoundsError@chrome://remote/content/shared/webdriver/Errors.sys.mjs:477:5\nE       assertInViewPort@chrome://remote/content/shared/webdriver/Actions.sys.mjs:2371:11\nE       dispatch@chrome://remote/content/shared/webdriver/Actions.sys.mjs:1152:21\nE       dispatch/pendingEvents<@chrome://remote/content/shared/webdriver/Actions.sys.mjs:2040:14\nE       dispatch@chrome://remote/content/shared/webdriver/Actions.sys.mjs:2039:39\nE       dispatch/chainEvents<@chrome://remote/content/shared/webdriver/Actions.sys.mjs:1950:27\nE       dispatch@chrome://remote/content/shared/webdriver/Actions.sys.mjs:1952:7\nE       performActions@chrome://remote/content/marionette/actors/MarionetteCommandsChild.sys.mjs:503:23\nE       receiveMessage@chrome://remote/content/marionette/actors/MarionetteCommandsChild.sys.mjs:143:31\n\n../../../.cache/pypoetry/virtualenvs/testcapitalcompyse-CcJ6hTD8-py3.12/lib/python3.12/site-packages/selenium/webdriver/remote/errorhandler.py:229: MoveTargetOutOfBoundsException","steps":[{"name":"Start test of button [Practise for free] in content block","time":{"start":1709929381070,"stop":1709929391127,"duration":10057},"status":"broken","statusMessage":"selenium.common.exceptions.MoveTargetOutOfBoundsException: Message: Move target (342, 1930) is out of bounds of viewport dimensions (1280, 635)\nStacktrace:\nRemoteError@chrome://remote/content/shared/RemoteError.sys.mjs:8:8\nWebDriverError@chrome://remote/content/shared/webdriver/Errors.sys.mjs:191:5\nMoveTargetOutOfBoundsError@chrome://remote/content/shared/webdriver/Errors.sys.mjs:477:5\nassertInViewPort@chrome://remote/content/shared/webdriver/Actions.sys.mjs:2371:11\ndispatch@chrome://remote/content/shared/webdriver/Actions.sys.mjs:1152:21\ndispatch/pendingEvents<@chrome://remote/content/shared/webdriver/Actions.sys.mjs:2040:14\ndispatch@chrome://remote/content/shared/webdriver/Actions.sys.mjs:2039:39\ndispatch/chainEvents<@chrome://remote/content/shared/webdriver/Actions.sys.mjs:1950:27\ndispatch@chrome://remote/content/shared/webdriver/Actions.sys.mjs:1952:7\nperformActions@chrome://remote/content/marionette/actors/MarionetteCommandsChild.sys.mjs:503:23\nreceiveMessage@chrome://remote/content/marionette/actors/MarionetteCommandsChild.sys.mjs:143:31\n\n","statusTrace":"  File \"/home/runner/.cache/pypoetry/virtualenvs/testcapitalcompyse-CcJ6hTD8-py3.12/lib/python3.12/site-packages/allure_commons/_allure.py\", line 192, in impl\n    return func(*a, **kw)\n           ^^^^^^^^^^^^^^\n  File \"/home/runner/work/TestCapitalComPySe/TestCapitalComPySe/tests/US_11_Education/US_11-03-02_Day_trading/us_11-03-02_day_trading_test.py\", line 154, in test_05_practise_for_free_in_content_block_button\n    menu_link = self.us_link.get_us_link(d, cur_language, cur_country, cur_role, cur_login, cur_password)\n                ^^^^^^^^^^^^^^^^^^^^^^^^^^^^^^^^^^^^^^^^^^^^^^^^^^^^^^^^^^^^^^^^^^^^^^^^^^^^^^^^^^^^^^^^^\n  File \"/home/runner/work/TestCapitalComPySe/TestCapitalComPySe/tests/US_11_Education/US_11-03-02_Day_trading/us_11-03-02_day_trading_test.py\", line 29, in get_us_link\n    main_link = page_conditions.preconditions(\n                ^^^^^^^^^^^^^^^^^^^^^^^^^^^^^^\n  File \"/home/runner/.cache/pypoetry/virtualenvs/testcapitalcompyse-CcJ6hTD8-py3.12/lib/python3.12/site-packages/allure_commons/_allure.py\", line 192, in impl\n    return func(*a, **kw)\n           ^^^^^^^^^^^^^^\n  File \"/home/runner/work/TestCapitalComPySe/TestCapitalComPySe/pages/conditions.py\", line 112, in preconditions\n    page_menu.set_country(cur_country)\n  File \"/home/runner/.cache/pypoetry/virtualenvs/testcapitalcompyse-CcJ6hTD8-py3.12/lib/python3.12/site-packages/allure_commons/_allure.py\", line 192, in impl\n    return func(*a, **kw)\n           ^^^^^^^^^^^^^^\n  File \"/home/runner/work/TestCapitalComPySe/TestCapitalComPySe/pages/Menu/menu.py\", line 962, in set_country\n    .perform()\n     ^^^^^^^^^\n  File \"/home/runner/.cache/pypoetry/virtualenvs/testcapitalcompyse-CcJ6hTD8-py3.12/lib/python3.12/site-packages/selenium/webdriver/common/action_chains.py\", line 94, in perform\n    self.w3c_actions.perform()\n  File \"/home/runner/.cache/pypoetry/virtualenvs/testcapitalcompyse-CcJ6hTD8-py3.12/lib/python3.12/site-packages/selenium/webdriver/common/actions/action_builder.py\", line 96, in perform\n    self.driver.execute(Command.W3C_ACTIONS, enc)\n  File \"/home/runner/.cache/pypoetry/virtualenvs/testcapitalcompyse-CcJ6hTD8-py3.12/lib/python3.12/site-packages/selenium/webdriver/remote/webdriver.py\", line 347, in execute\n    self.error_handler.check_response(response)\n  File \"/home/runner/.cache/pypoetry/virtualenvs/testcapitalcompyse-CcJ6hTD8-py3.12/lib/python3.12/site-packages/selenium/webdriver/remote/errorhandler.py\", line 229, in check_response\n    raise exception_class(message, screen, stacktrace)\n","steps":[{"name":"2024-03-08 20:19:11.785380   Start Building dynamic arguments for allure report generation","time":{"start":1709929381071,"stop":1709929381072,"duration":1},"status":"passed","steps":[],"attachments":[],"parameters":[{"name":"d","value":"<selenium.webdriver.firefox.webdriver.WebDriver (session=\"440724cb-4596-4969-8d8d-52f49f8db8ba\")>"},{"name":"worker_id","value":"'master'"},{"name":"cur_language","value":"''"},{"name":"cur_country","value":"'de'"},{"name":"cur_role","value":"'NoReg'"},{"name":"us","value":"'11.03.02'"},{"name":"desc_us","value":"'Education > Menu item [Day Trading]'"},{"name":"num_tc","value":"'.00_05'"},{"name":"desc_tc","value":"'Testing button [Practise for free] in Content block'"},{"name":"manual","value":"False"},{"name":"new_layout","value":"False"}],"shouldDisplayMessage":false,"stepsCount":0,"attachmentsCount":0,"hasContent":true,"attachmentStep":false},{"name":"2024-03-08 20:19:11.785087   Set preconditions","time":{"start":1709929381072,"stop":1709929391126,"duration":10054},"status":"broken","statusMessage":"selenium.common.exceptions.MoveTargetOutOfBoundsException: Message: Move target (342, 1930) is out of bounds of viewport dimensions (1280, 635)\nStacktrace:\nRemoteError@chrome://remote/content/shared/RemoteError.sys.mjs:8:8\nWebDriverError@chrome://remote/content/shared/webdriver/Errors.sys.mjs:191:5\nMoveTargetOutOfBoundsError@chrome://remote/content/shared/webdriver/Errors.sys.mjs:477:5\nassertInViewPort@chrome://remote/content/shared/webdriver/Actions.sys.mjs:2371:11\ndispatch@chrome://remote/content/shared/webdriver/Actions.sys.mjs:1152:21\ndispatch/pendingEvents<@chrome://remote/content/shared/webdriver/Actions.sys.mjs:2040:14\ndispatch@chrome://remote/content/shared/webdriver/Actions.sys.mjs:2039:39\ndispatch/chainEvents<@chrome://remote/content/shared/webdriver/Actions.sys.mjs:1950:27\ndispatch@chrome://remote/content/shared/webdriver/Actions.sys.mjs:1952:7\nperformActions@chrome://remote/content/marionette/actors/MarionetteCommandsChild.sys.mjs:503:23\nreceiveMessage@chrome://remote/content/marionette/actors/MarionetteCommandsChild.sys.mjs:143:31\n\n","statusTrace":"  File \"/home/runner/.cache/pypoetry/virtualenvs/testcapitalcompyse-CcJ6hTD8-py3.12/lib/python3.12/site-packages/allure_commons/_allure.py\", line 192, in impl\n    return func(*a, **kw)\n           ^^^^^^^^^^^^^^\n  File \"/home/runner/work/TestCapitalComPySe/TestCapitalComPySe/pages/conditions.py\", line 112, in preconditions\n    page_menu.set_country(cur_country)\n  File \"/home/runner/.cache/pypoetry/virtualenvs/testcapitalcompyse-CcJ6hTD8-py3.12/lib/python3.12/site-packages/allure_commons/_allure.py\", line 192, in impl\n    return func(*a, **kw)\n           ^^^^^^^^^^^^^^\n  File \"/home/runner/work/TestCapitalComPySe/TestCapitalComPySe/pages/Menu/menu.py\", line 962, in set_country\n    .perform()\n     ^^^^^^^^^\n  File \"/home/runner/.cache/pypoetry/virtualenvs/testcapitalcompyse-CcJ6hTD8-py3.12/lib/python3.12/site-packages/selenium/webdriver/common/action_chains.py\", line 94, in perform\n    self.w3c_actions.perform()\n  File \"/home/runner/.cache/pypoetry/virtualenvs/testcapitalcompyse-CcJ6hTD8-py3.12/lib/python3.12/site-packages/selenium/webdriver/common/actions/action_builder.py\", line 96, in perform\n    self.driver.execute(Command.W3C_ACTIONS, enc)\n  File \"/home/runner/.cache/pypoetry/virtualenvs/testcapitalcompyse-CcJ6hTD8-py3.12/lib/python3.12/site-packages/selenium/webdriver/remote/webdriver.py\", line 347, in execute\n    self.error_handler.check_response(response)\n  File \"/home/runner/.cache/pypoetry/virtualenvs/testcapitalcompyse-CcJ6hTD8-py3.12/lib/python3.12/site-packages/selenium/webdriver/remote/errorhandler.py\", line 229, in check_response\n    raise exception_class(message, screen, stacktrace)\n","steps":[{"name":"2024-03-08 20:19:11.783999   Start Checking Captcha","time":{"start":1709929381077,"stop":1709929386085,"duration":5008},"status":"passed","steps":[],"attachments":[],"parameters":[],"shouldDisplayMessage":false,"stepsCount":0,"attachmentsCount":0,"hasContent":false,"attachmentStep":false},{"name":"2024-03-08 20:19:11.631075   Start Accepting all cookies","time":{"start":1709929387443,"stop":1709929388972,"duration":1529},"status":"passed","steps":[],"attachments":[],"parameters":[{"name":"args","value":"(<pages.conditions.Conditions object at 0x7f5717f77fb0>,)"}],"shouldDisplayMessage":false,"stepsCount":0,"attachmentsCount":0,"hasContent":true,"attachmentStep":false},{"name":"2024-03-08 20:19:11.782581.   Click 'Language and Country' menu section.","time":{"start":1709929388973,"stop":1709929390291,"duration":1318},"status":"passed","steps":[],"attachments":[],"parameters":[{"name":"test_language","value":"''"}],"shouldDisplayMessage":false,"stepsCount":0,"attachmentsCount":0,"hasContent":true,"attachmentStep":false},{"name":"2024-03-08 20:19:11.782773   Start Set country","time":{"start":1709929390292,"stop":1709929391126,"duration":834},"status":"broken","statusMessage":"selenium.common.exceptions.MoveTargetOutOfBoundsException: Message: Move target (342, 1930) is out of bounds of viewport dimensions (1280, 635)\nStacktrace:\nRemoteError@chrome://remote/content/shared/RemoteError.sys.mjs:8:8\nWebDriverError@chrome://remote/content/shared/webdriver/Errors.sys.mjs:191:5\nMoveTargetOutOfBoundsError@chrome://remote/content/shared/webdriver/Errors.sys.mjs:477:5\nassertInViewPort@chrome://remote/content/shared/webdriver/Actions.sys.mjs:2371:11\ndispatch@chrome://remote/content/shared/webdriver/Actions.sys.mjs:1152:21\ndispatch/pendingEvents<@chrome://remote/content/shared/webdriver/Actions.sys.mjs:2040:14\ndispatch@chrome://remote/content/shared/webdriver/Actions.sys.mjs:2039:39\ndispatch/chainEvents<@chrome://remote/content/shared/webdriver/Actions.sys.mjs:1950:27\ndispatch@chrome://remote/content/shared/webdriver/Actions.sys.mjs:1952:7\nperformActions@chrome://remote/content/marionette/actors/MarionetteCommandsChild.sys.mjs:503:23\nreceiveMessage@chrome://remote/content/marionette/actors/MarionetteCommandsChild.sys.mjs:143:31\n\n","statusTrace":"  File \"/home/runner/.cache/pypoetry/virtualenvs/testcapitalcompyse-CcJ6hTD8-py3.12/lib/python3.12/site-packages/allure_commons/_allure.py\", line 192, in impl\n    return func(*a, **kw)\n           ^^^^^^^^^^^^^^\n  File \"/home/runner/work/TestCapitalComPySe/TestCapitalComPySe/pages/Menu/menu.py\", line 962, in set_country\n    .perform()\n     ^^^^^^^^^\n  File \"/home/runner/.cache/pypoetry/virtualenvs/testcapitalcompyse-CcJ6hTD8-py3.12/lib/python3.12/site-packages/selenium/webdriver/common/action_chains.py\", line 94, in perform\n    self.w3c_actions.perform()\n  File \"/home/runner/.cache/pypoetry/virtualenvs/testcapitalcompyse-CcJ6hTD8-py3.12/lib/python3.12/site-packages/selenium/webdriver/common/actions/action_builder.py\", line 96, in perform\n    self.driver.execute(Command.W3C_ACTIONS, enc)\n  File \"/home/runner/.cache/pypoetry/virtualenvs/testcapitalcompyse-CcJ6hTD8-py3.12/lib/python3.12/site-packages/selenium/webdriver/remote/webdriver.py\", line 347, in execute\n    self.error_handler.check_response(response)\n  File \"/home/runner/.cache/pypoetry/virtualenvs/testcapitalcompyse-CcJ6hTD8-py3.12/lib/python3.12/site-packages/selenium/webdriver/remote/errorhandler.py\", line 229, in check_response\n    raise exception_class(message, screen, stacktrace)\n","steps":[],"attachments":[],"parameters":[{"name":"cur_country","value":"'de'"}],"shouldDisplayMessage":true,"stepsCount":0,"attachmentsCount":0,"hasContent":true,"attachmentStep":false}],"attachments":[],"parameters":[{"name":"d","value":"<selenium.webdriver.firefox.webdriver.WebDriver (session=\"440724cb-4596-4969-8d8d-52f49f8db8ba\")>"},{"name":"host","value":"'https://capital.com'"},{"name":"end_point","value":"''"},{"name":"cur_language","value":"''"},{"name":"cur_country","value":"'de'"},{"name":"cur_role","value":"'NoReg'"},{"name":"cur_login","value":"'test001.miketar+1@gmail.com'"},{"name":"cur_password","value":"'Qwer1234-!@#$'"}],"shouldDisplayMessage":false,"stepsCount":4,"attachmentsCount":0,"hasContent":true,"attachmentStep":false}],"attachments":[],"parameters":[{"name":"worker_id","value":"'master'"},{"name":"d","value":"<selenium.webdriver.firefox.webdriver.WebDriver (session=\"440724cb-4596-4969-8d8d-52f49f8db8ba\")>"},{"name":"cur_language","value":"''"},{"name":"cur_country","value":"'de'"},{"name":"cur_role","value":"'NoReg'"},{"name":"cur_login","value":"'test001.miketar+1@gmail.com'"},{"name":"cur_password","value":"'Qwer1234-!@#$'"}],"shouldDisplayMessage":false,"stepsCount":6,"attachmentsCount":0,"hasContent":true,"attachmentStep":false}],"attachments":[{"uid":"279c44e17a072fd","name":"Screenshot","source":"279c44e17a072fd.png","type":"image/png","size":178736},{"uid":"da3f16063dc7ae86","name":"stdout","source":"da3f16063dc7ae86.txt","type":"text/plain","size":1966}],"parameters":[],"shouldDisplayMessage":true,"stepsCount":7,"attachmentsCount":2,"hasContent":true,"attachmentStep":false},"afterStages":[{"name":"d::0","time":{"start":1709929431980,"stop":1709929432312,"duration":332},"status":"passed","steps":[],"attachments":[],"parameters":[],"shouldDisplayMessage":false,"stepsCount":0,"attachmentsCount":0,"hasContent":false,"attachmentStep":false}],"labels":[{"name":"epic","value":"US_11.03.02 | Education > Menu item [Day Trading]"},{"name":"feature","value":"Language: en"},{"name":"story","value":"Country: de / Role: NoReg"},{"name":"tag","value":"test_05"},{"name":"tag","value":"us_11_03_02"},{"name":"parentSuite","value":"tests.US_11_Education.US_11-03-02_Day_trading"},{"name":"suite","value":"us_11-03-02_day_trading_test"},{"name":"subSuite","value":"TestDayTrading"},{"name":"host","value":"fv-az573-324"},{"name":"thread","value":"23229-MainThread"},{"name":"framework","value":"pytest"},{"name":"language","value":"cpython3"},{"name":"package","value":"tests.US_11_Education.US_11-03-02_Day_trading.us_11-03-02_day_trading_test"},{"name":"resultFormat","value":"allure2"}],"parameters":[{"name":"cur_country","value":"'de'"},{"name":"cur_language","value":"''"},{"name":"cur_login","value":"'test001.miketar+1@gmail.com'"},{"name":"cur_password","value":"'Qwer1234-!@#$'"},{"name":"cur_role","value":"'NoReg'"},{"name":"d","value":"'Firefox'"}],"links":[],"hidden":false,"retry":false,"extra":{"severity":"normal","retries":[],"categories":[{"name":"Test defects","matchedStatuses":[],"flaky":false}],"tags":["test_05","us_11_03_02"]},"source":"e45b120b4a7783ee.json","parameterValues":["'de'","''","'test001.miketar+1@gmail.com'","'Qwer1234-!@#$'","'NoReg'","'Firefox'"]}