2023-12-11 22:42:56 ERROR Unable to initialize WebDriver
2023-12-11 22:42:56 ERROR 
Traceback (most recent call last):
  File "/home/runner/work/TestCapitalComPySe/TestCapitalComPySe/pages/base_page.py", line 82, in inner_function
    return func(*args, **kwargs)
           ^^^^^^^^^^^^^^^^^^^^^
  File "/home/runner/work/TestCapitalComPySe/TestCapitalComPySe/pages/base_page.py", line 394, in element_is_visible
    return Wait(self.browser, timeout).until(
           ^^^^^^^^^^^^^^^^^^^^^^^^^^^^^^^^^^
  File "/home/runner/.cache/pypoetry/virtualenvs/testcapitalcom-CcJ6hTD8-py3.11/lib/python3.11/site-packages/selenium/webdriver/support/wait.py", line 105, in until
    raise TimeoutException(message, screen, stacktrace)
selenium.common.exceptions.TimeoutException: Message: 
Stacktrace:
#0 0x55a7b29cd5e3 <unknown>
#1 0x55a7b26900b7 <unknown>
#2 0x55a7b26ddf53 <unknown>
#3 0x55a7b26de051 <unknown>
#4 0x55a7b27239c4 <unknown>
#5 0x55a7b2704f1d <unknown>
#6 0x55a7b2720b3d <unknown>
#7 0x55a7b2704cc3 <unknown>
#8 0x55a7b26d00e4 <unknown>
#9 0x55a7b26d10ae <unknown>
#10 0x55a7b2993ce1 <unknown>
#11 0x55a7b2997b7e <unknown>
#12 0x55a7b29814b5 <unknown>
#13 0x55a7b29987d6 <unknown>
#14 0x55a7b2964dbf <unknown>
#15 0x55a7b29bb748 <unknown>
#16 0x55a7b29bb917 <unknown>
#17 0x55a7b29cc773 <unknown>
#18 0x7f1908694ac3 <unknown>

2023-12-11 22:43:05 ERROR Unable to initialize WebDriver
2023-12-11 22:43:05 ERROR 
Traceback (most recent call last):
  File "/home/runner/work/TestCapitalComPySe/TestCapitalComPySe/pages/base_page.py", line 82, in inner_function
    return func(*args, **kwargs)
           ^^^^^^^^^^^^^^^^^^^^^
  File "/home/runner/work/TestCapitalComPySe/TestCapitalComPySe/pages/base_page.py", line 394, in element_is_visible
    return Wait(self.browser, timeout).until(
           ^^^^^^^^^^^^^^^^^^^^^^^^^^^^^^^^^^
  File "/home/runner/.cache/pypoetry/virtualenvs/testcapitalcom-CcJ6hTD8-py3.11/lib/python3.11/site-packages/selenium/webdriver/support/wait.py", line 105, in until
    raise TimeoutException(message, screen, stacktrace)
selenium.common.exceptions.TimeoutException: Message: 
Stacktrace:
#0 0x55a7b29cd5e3 <unknown>
#1 0x55a7b26900b7 <unknown>
#2 0x55a7b26ddf53 <unknown>
#3 0x55a7b26de051 <unknown>
#4 0x55a7b27239c4 <unknown>
#5 0x55a7b2704f1d <unknown>
#6 0x55a7b2720b3d <unknown>
#7 0x55a7b2704cc3 <unknown>
#8 0x55a7b26d00e4 <unknown>
#9 0x55a7b26d10ae <unknown>
#10 0x55a7b2993ce1 <unknown>
#11 0x55a7b2997b7e <unknown>
#12 0x55a7b29814b5 <unknown>
#13 0x55a7b29987d6 <unknown>
#14 0x55a7b2964dbf <unknown>
#15 0x55a7b29bb748 <unknown>
#16 0x55a7b29bb917 <unknown>
#17 0x55a7b29cc773 <unknown>
#18 0x7f1908694ac3 <unknown>