2024-10-06 23:38:35 ERROR Elements not present after 0.5 seconds on page: https://capital.com/ro/tipuri-de-cont
2024-10-06 23:38:35 ERROR 
Traceback (most recent call last):
  File "/home/runner/work/TestCapitalComPySe/TestCapitalComPySe/pages/base_page.py", line 86, in inner_function
    return func(*args, **kwargs)
           ^^^^^^^^^^^^^^^^^^^^^
  File "/home/runner/work/TestCapitalComPySe/TestCapitalComPySe/pages/base_page.py", line 305, in element_is_visible
    return Wait(self.driver, timeout).until(
           ^^^^^^^^^^^^^^^^^^^^^^^^^^^^^^^^^
  File "/home/runner/.cache/pypoetry/virtualenvs/testcapitalcompyse-CcJ6hTD8-py3.12/lib/python3.12/site-packages/selenium/webdriver/support/wait.py", line 105, in until
    raise TimeoutException(message, screen, stacktrace)
selenium.common.exceptions.TimeoutException: Message: 
Stacktrace:
#0 0x557c00e0e02a <unknown>
#1 0x557c00af45e0 <unknown>
#2 0x557c00b43be8 <unknown>
#3 0x557c00b43e81 <unknown>
#4 0x557c00b8a8c4 <unknown>
#5 0x557c00b68b4d <unknown>
#6 0x557c00b87d7d <unknown>
#7 0x557c00b688c3 <unknown>
#8 0x557c00b366b3 <unknown>
#9 0x557c00b3768e <unknown>
#10 0x557c00dd8a2b <unknown>
#11 0x557c00ddc9b1 <unknown>
#12 0x557c00dc5225 <unknown>
#13 0x557c00ddd532 <unknown>
#14 0x557c00daa38f <unknown>
#15 0x557c00dfcf28 <unknown>
#16 0x557c00dfd0f3 <unknown>
#17 0x557c00e0ce7c <unknown>
#18 0x7fb4b0c94ac3 <unknown>